2023-05-29 22:18:37,974 [INFO] Train data : Baseline_noscale\DUD-E\KPCB\ECFP6_512bits\KPCB_raw_train.tsv
2023-05-29 22:18:37,974 [INFO] Valid data : Baseline_noscale\DUD-E\KPCB\ECFP6_512bits\KPCB_raw_valid.tsv
2023-05-29 22:18:37,974 [INFO] Output path : Baseline_noscale\DUD-E\KPCB\ECFP6_512bits\KPCB_model\RF
2023-05-29 22:18:37,974 [INFO] Model type : RF
2023-05-29 22:18:37,974 [INFO] Use cores : 12
2023-05-29 22:18:37,997 [INFO] Start Learning model
2023-05-29 22:18:37,997 [INFO] Train : 168 | Valid : 42
2023-05-29 22:18:37,997 [INFO] Set parameters : {'max_depth': [6, 8, 10, 12], 'max_features': ['sqrt', 'log2'], 'min_samples_leaf': [2, 4, 8, 10], 'min_samples_split': [2, 4, 8, 10], 'n_estimators': [200, 600, 1000]}
2023-05-29 22:21:45,054 [INFO] GridSearchCV results :
     mean_valid_accuracy  mean_valid_precision  mean_valid_auc
0               0.970588                   1.0        0.964286
1               0.976471                   1.0        0.971429
262             0.970588                   1.0        0.963095
261             0.970588                   1.0        0.963095
260             0.970588                   1.0        0.963095
..                   ...                   ...             ...
125             0.970588                   1.0        0.963095
124             0.970588                   1.0        0.963095
123             0.964706                   1.0        0.955952
122             0.970588                   1.0        0.963095
383             0.958824                   1.0        0.948810

[384 rows x 3 columns]
2023-05-29 22:21:45,055 [INFO] Best model :
RandomForestClassifier(class_weight='balanced', max_depth=6, min_samples_leaf=2,
                       n_estimators=200, random_state=42)
2023-05-29 22:21:45,067 [INFO] Save train_prediction_log data...
2023-05-29 22:21:45,070 [INFO] {'Data': 'train', 'ACC': '0.99 (167 / 168)', 'TP': 66, 'FP': 0, 'FN': 1, 'TN': 101, 'Precision': '1.0 (66 / 66 + 0)', 'Recall': '0.99 (66 / 66 + 1)', 'F1': '0.99 (2 * (0.99 * 1.0) / 0.99 + 1.0)', 'Specificity': '1.0 (101 / 101 + 0)', 'AUC': 0.99, 'r2': 0.98}
2023-05-29 22:21:45,080 [INFO] Save valid_prediction_log data...
2023-05-29 22:21:45,082 [INFO] {'Data': 'valid', 'ACC': '1.0 (42 / 42)', 'TP': 17, 'FP': 0, 'FN': 0, 'TN': 25, 'Precision': '1.0 (17 / 17 + 0)', 'Recall': '1.0 (17 / 17 + 0)', 'F1': '1.0 (2 * (1.0 * 1.0) / 1.0 + 1.0)', 'Specificity': '1.0 (25 / 25 + 0)', 'AUC': 1.0, 'r2': 1.0}
2023-05-29 22:21:45,102 [INFO] Save test_prediction_log data...
2023-05-29 22:21:45,104 [INFO] {'Data': 'test', 'ACC': '0.76 (32 / 42)', 'TP': 8, 'FP': 1, 'FN': 9, 'TN': 24, 'Precision': '0.89 (8 / 8 + 1)', 'Recall': '0.47 (8 / 8 + 9)', 'F1': '0.62 (2 * (0.47 * 0.89) / 0.47 + 0.89)', 'Specificity': '0.96 (24 / 24 + 1)', 'AUC': 0.72, 'r2': 0.01}
2023-05-29 22:21:45,134 [INFO] Save training_log data...
2023-05-29 22:21:45,137 [INFO] Save score_log data...
2023-05-29 22:21:45,138 [INFO] Time : 187.16360116004944
