2023-05-28 16:54:53,164 [INFO] Train data : Vary_params_FGFR1\DUD-E\FGFR1\nG1_20\ECFP6_256bits\Robust\FGFR1_train_vector.tsv
2023-05-28 16:54:53,165 [INFO] Valid data : Vary_params_FGFR1\DUD-E\FGFR1\nG1_20\ECFP6_256bits\Robust\FGFR1_valid_vector.tsv
2023-05-28 16:54:53,165 [INFO] Output path : Vary_params_FGFR1\DUD-E\FGFR1\nG1_20\ECFP6_256bits\Robust\FGFR1_model\XGB
2023-05-28 16:54:53,165 [INFO] Model type : XGB
2023-05-28 16:54:53,165 [INFO] Use cores : 10
2023-05-28 16:54:53,184 [INFO] Start Learning model
2023-05-28 16:54:53,184 [INFO] Train : 203 | Valid : 43
2023-05-28 16:54:53,186 [INFO] Set parameters : {'max_depth': [4, 6, 8], 'learning_rate': [0.01, 0.2], 'n_estimators': [200, 600, 1000], 'gamma': [0, 1000], 'min_child_weight': [1, 3], 'subsample': [0.5, 1], 'colsample_bytree': [0.5, 1], 'objective': ['binary:logitraw'], 'eval_metric': ['auc', 'error']}
2023-05-28 17:09:25,803 [INFO] GridSearchCV results :
     mean_valid_accuracy  mean_valid_precision  mean_valid_auc
34              0.907857              0.980909        0.905455
154             0.907857              0.980909        0.905455
22              0.907857              0.980909        0.905455
178             0.907857              0.980909        0.905455
10              0.907857              0.980909        0.905455
..                   ...                   ...             ...
381             0.512143              0.000000        0.500000
380             0.512143              0.000000        0.500000
379             0.512143              0.000000        0.500000
378             0.512143              0.000000        0.500000
575             0.512143              0.000000        0.500000

[576 rows x 3 columns]
2023-05-28 17:09:25,837 [INFO] Best model :
XGBClassifier(base_score=None, booster=None, callbacks=None,
              colsample_bylevel=None, colsample_bynode=None,
              colsample_bytree=0.5, early_stopping_rounds=None,
              enable_categorical=False, eval_metric='auc', feature_types=None,
              gamma=0, gpu_id=None, grow_policy=None, importance_type=None,
              interaction_constraints=None, learning_rate=0.01, max_bin=None,
              max_cat_threshold=None, max_cat_to_onehot=None,
              max_delta_step=None, max_depth=4, max_leaves=None,
              min_child_weight=3, missing=nan, monotone_constraints=None,
              n_estimators=1000, n_jobs=0, num_parallel_tree=None,
              objective='binary:logitraw', predictor=None, ...)
2023-05-28 17:09:25,852 [INFO] Save train_prediction_log data...
2023-05-28 17:09:25,857 [INFO] {'Data': 'train', 'ACC': '0.97 (197 / 203)', 'TP': 93, 'FP': 0, 'FN': 6, 'TN': 104, 'Precision': '1.0 (93 / 93 + 0)', 'Recall': '0.94 (93 / 93 + 6)', 'F1': '0.97 (2 * (0.94 * 1.0) / 0.94 + 1.0)', 'Specificity': '1.0 (104 / 104 + 0)', 'AUC': 0.97, 'r2': 0.88}
2023-05-28 17:09:25,869 [INFO] Save valid_prediction_log data...
2023-05-28 17:09:25,873 [INFO] {'Data': 'valid', 'ACC': '1.0 (43 / 43)', 'TP': 17, 'FP': 0, 'FN': 0, 'TN': 26, 'Precision': '1.0 (17 / 17 + 0)', 'Recall': '1.0 (17 / 17 + 0)', 'F1': '1.0 (2 * (1.0 * 1.0) / 1.0 + 1.0)', 'Specificity': '1.0 (26 / 26 + 0)', 'AUC': 1.0, 'r2': 1.0}
2023-05-28 17:09:25,898 [INFO] Save test_prediction_log data...
2023-05-28 17:09:25,902 [INFO] {'Data': 'test', 'ACC': '0.67 (29 / 43)', 'TP': 7, 'FP': 4, 'FN': 10, 'TN': 22, 'Precision': '0.64 (7 / 7 + 4)', 'Recall': '0.41 (7 / 7 + 10)', 'F1': '0.5 (2 * (0.41 * 0.64) / 0.41 + 0.64)', 'Specificity': '0.85 (22 / 22 + 4)', 'AUC': 0.63, 'r2': -0.36}
2023-05-28 17:09:25,919 [INFO] Save training_log data...
2023-05-28 17:09:25,925 [INFO] Save score_log data...
2023-05-28 17:09:25,926 [INFO] Time : 872.7617671489716
