2023-05-29 12:54:58,023 [INFO] Train data : Vary_params_CDK2_EGFR_LCK\DUD-E\LCK\nG1_80\ECFP4_256bits\MinMax\LCK_train_vector.tsv
2023-05-29 12:54:58,024 [INFO] Valid data : Vary_params_CDK2_EGFR_LCK\DUD-E\LCK\nG1_80\ECFP4_256bits\MinMax\LCK_valid_vector.tsv
2023-05-29 12:54:58,024 [INFO] Output path : Vary_params_CDK2_EGFR_LCK\DUD-E\LCK\nG1_80\ECFP4_256bits\MinMax\LCK_model\SVM
2023-05-29 12:54:58,024 [INFO] Model type : SVM
2023-05-29 12:54:58,024 [INFO] Use cores : 19
2023-05-29 12:54:58,042 [INFO] Start Learning model
2023-05-29 12:54:58,042 [INFO] Train : 706 | Valid : 185
2023-05-29 12:54:58,042 [INFO] Set parameters : {'kernel': ['linear', 'rbf'], 'C': [0.01, 0.1, 1, 10, 100, 1000], 'gamma': [0.01, 0.1, 1, 100, 1000]}
2023-05-29 12:55:01,898 [INFO] GridSearchCV results :
    mean_valid_accuracy  mean_valid_precision  mean_valid_auc
11             0.868270              1.000000        0.824074
43             0.909457              1.000000        0.879060
23             0.892475              1.000000        0.856481
53             0.909457              1.000000        0.879060
33             0.909457              1.000000        0.879060
21             0.967465              0.981339        0.960633
0              0.963199              0.976912        0.955580
2              0.963199              0.976912        0.955580
4              0.963199              0.976912        0.955580
6              0.963199              0.976912        0.955580
8              0.963199              0.976912        0.955580
31             0.961791              0.958588        0.957615
41             0.958954              0.954742        0.954627
51             0.958954              0.954742        0.954627
12             0.961771              0.948026        0.959808
18             0.961771              0.948026        0.959808
16             0.961771              0.948026        0.959808
10             0.961771              0.948026        0.959808
14             0.961771              0.948026        0.959808
50             0.943340              0.918707        0.941294
48             0.943340              0.918707        0.941294
46             0.943340              0.918707        0.941294
54             0.943340              0.918707        0.941294
52             0.943340              0.918707        0.941294
56             0.943340              0.918707        0.941294
58             0.943340              0.918707        0.941294
42             0.943340              0.918707        0.941294
40             0.943340              0.918707        0.941294
38             0.943340              0.918707        0.941294
36             0.943340              0.918707        0.941294
34             0.943340              0.918707        0.941294
44             0.943340              0.918707        0.941294
30             0.943340              0.918707        0.941294
32             0.943340              0.918707        0.941294
28             0.943340              0.918707        0.941294
22             0.943340              0.918707        0.941294
24             0.943340              0.918707        0.941294
26             0.943340              0.918707        0.941294
20             0.943340              0.918707        0.941294
39             0.626076              0.000000        0.500000
17             0.626076              0.000000        0.500000
3              0.626076              0.000000        0.500000
57             0.626076              0.000000        0.500000
5              0.626076              0.000000        0.500000
55             0.626076              0.000000        0.500000
7              0.626076              0.000000        0.500000
9              0.626076              0.000000        0.500000
13             0.626076              0.000000        0.500000
15             0.626076              0.000000        0.500000
49             0.626076              0.000000        0.500000
27             0.626076              0.000000        0.500000
19             0.626076              0.000000        0.500000
47             0.626076              0.000000        0.500000
1              0.626076              0.000000        0.500000
45             0.626076              0.000000        0.500000
35             0.626076              0.000000        0.500000
29             0.626076              0.000000        0.500000
25             0.626076              0.000000        0.500000
37             0.626076              0.000000        0.500000
59             0.626076              0.000000        0.500000
2023-05-29 12:55:01,899 [INFO] Best model :
SVC(C=0.1, gamma=0.01, random_state=42)
2023-05-29 12:55:01,942 [INFO] Save train_prediction_log data...
2023-05-29 12:55:01,946 [INFO] {'Data': 'train', 'ACC': '0.91 (642 / 706)', 'TP': 200, 'FP': 0, 'FN': 64, 'TN': 442, 'Precision': '1.0 (200 / 200 + 0)', 'Recall': '0.76 (200 / 200 + 64)', 'F1': '0.86 (2 * (0.76 * 1.0) / 0.76 + 1.0)', 'Specificity': '1.0 (442 / 442 + 0)', 'AUC': 0.88, 'r2': 0.61}
2023-05-29 12:55:01,958 [INFO] Save valid_prediction_log data...
2023-05-29 12:55:01,960 [INFO] {'Data': 'valid', 'ACC': '0.94 (174 / 185)', 'TP': 63, 'FP': 0, 'FN': 11, 'TN': 111, 'Precision': '1.0 (63 / 63 + 0)', 'Recall': '0.85 (63 / 63 + 11)', 'F1': '0.92 (2 * (0.85 * 1.0) / 0.85 + 1.0)', 'Specificity': '1.0 (111 / 111 + 0)', 'AUC': 0.93, 'r2': 0.75}
2023-05-29 12:55:01,979 [INFO] Save test_prediction_log data...
2023-05-29 12:55:01,982 [INFO] {'Data': 'test', 'ACC': '0.7 (129 / 185)', 'TP': 23, 'FP': 5, 'FN': 51, 'TN': 106, 'Precision': '0.82 (23 / 23 + 5)', 'Recall': '0.31 (23 / 23 + 51)', 'F1': '0.45 (2 * (0.31 * 0.82) / 0.31 + 0.82)', 'Specificity': '0.95 (106 / 106 + 5)', 'AUC': 0.63, 'r2': -0.26}
2023-05-29 12:55:01,984 [INFO] Save training_log data...
2023-05-29 12:55:01,987 [INFO] Save score_log data...
2023-05-29 12:55:01,988 [INFO] Time : 3.9645135402679443
