2023-05-27 01:26:35,283 [INFO] Train data : Vary_params\DUD-E\MET\nG1_50\ECFP6_256bits\Robust\MET_train_vector.tsv
2023-05-27 01:26:35,283 [INFO] Valid data : Vary_params\DUD-E\MET\nG1_50\ECFP6_256bits\Robust\MET_valid_vector.tsv
2023-05-27 01:26:35,283 [INFO] Output path : Vary_params\DUD-E\MET\nG1_50\ECFP6_256bits\Robust\MET_model\MLP
2023-05-27 01:26:35,283 [INFO] Model type : MLP
2023-05-27 01:26:35,283 [INFO] Use cores : 10
2023-05-27 01:26:35,297 [INFO] Start Learning model
2023-05-27 01:26:35,297 [INFO] Train : 196 | Valid : 49
2023-05-27 01:26:35,297 [INFO] Set parameters : {'hidden_layer_sizes': [(50,), (100,), (50, 50), (100, 100)], 'learning_rate': ['constant', 'invscaling', 'adaptive'], 'activation': ['relu', 'identity', 'logistic', 'tanh'], 'solver': ['adam', 'sgd', 'lbfgs'], 'alpha': [0.1, 0.01, 0.001], 'max_iter': [500, 1000], 'early_stopping': [True]}
2023-05-27 01:28:54,606 [INFO] GridSearchCV results :
     mean_valid_accuracy  mean_valid_precision  mean_valid_auc
603             0.792105                  0.93        0.745536
594             0.792105                  0.93        0.745536
522             0.792105                  0.93        0.745536
528             0.792105                  0.93        0.745536
531             0.792105                  0.93        0.745536
..                   ...                   ...             ...
552             0.607368                  0.10        0.507143
612             0.607368                  0.10        0.507143
615             0.607368                  0.10        0.507143
618             0.607368                  0.10        0.507143
471             0.607368                  0.10        0.507143

[864 rows x 3 columns]
2023-05-27 01:28:54,607 [INFO] Best model :
MLPClassifier(activation='logistic', alpha=0.1, early_stopping=True,
              max_iter=500, random_state=42)
2023-05-27 01:28:54,612 [INFO] Save train_prediction_log data...
2023-05-27 01:28:54,615 [INFO] {'Data': 'train', 'ACC': '0.97 (190 / 196)', 'TP': 72, 'FP': 0, 'FN': 6, 'TN': 118, 'Precision': '1.0 (72 / 72 + 0)', 'Recall': '0.92 (72 / 72 + 6)', 'F1': '0.96 (2 * (0.92 * 1.0) / 0.92 + 1.0)', 'Specificity': '1.0 (118 / 118 + 0)', 'AUC': 0.96, 'r2': 0.87}
2023-05-27 01:28:54,619 [INFO] Save valid_prediction_log data...
2023-05-27 01:28:54,621 [INFO] {'Data': 'valid', 'ACC': '0.96 (47 / 49)', 'TP': 18, 'FP': 0, 'FN': 2, 'TN': 29, 'Precision': '1.0 (18 / 18 + 0)', 'Recall': '0.9 (18 / 18 + 2)', 'F1': '0.95 (2 * (0.9 * 1.0) / 0.9 + 1.0)', 'Specificity': '1.0 (29 / 29 + 0)', 'AUC': 0.95, 'r2': 0.83}
2023-05-27 01:28:54,632 [INFO] Save test_prediction_log data...
2023-05-27 01:28:54,636 [INFO] {'Data': 'test', 'ACC': '0.63 (31 / 49)', 'TP': 3, 'FP': 1, 'FN': 17, 'TN': 28, 'Precision': '0.75 (3 / 3 + 1)', 'Recall': '0.15 (3 / 3 + 17)', 'F1': '0.25 (2 * (0.15 * 0.75) / 0.15 + 0.75)', 'Specificity': '0.97 (28 / 28 + 1)', 'AUC': 0.56, 'r2': -0.52}
2023-05-27 01:28:54,639 [INFO] Save training_log data...
2023-05-27 01:28:54,644 [INFO] Save score_log data...
2023-05-27 01:28:54,645 [INFO] Time : 139.36131882667542
