2023-05-27 13:36:52,392 [INFO] Train data : Vary_params_CDK2_EGFR_LCK\DUD-E\CDK2\nG1_20\ECFP4_512bits\Robust\CDK2_train_vector.tsv
2023-05-27 13:36:52,392 [INFO] Valid data : Vary_params_CDK2_EGFR_LCK\DUD-E\CDK2\nG1_20\ECFP4_512bits\Robust\CDK2_valid_vector.tsv
2023-05-27 13:36:52,392 [INFO] Output path : Vary_params_CDK2_EGFR_LCK\DUD-E\CDK2\nG1_20\ECFP4_512bits\Robust\CDK2_model\SVM
2023-05-27 13:36:52,392 [INFO] Model type : SVM
2023-05-27 13:36:52,392 [INFO] Use cores : 19
2023-05-27 13:36:52,427 [INFO] Start Learning model
2023-05-27 13:36:52,428 [INFO] Train : 878 | Valid : 212
2023-05-27 13:36:52,428 [INFO] Set parameters : {'kernel': ['linear', 'rbf'], 'C': [0.01, 0.1, 1, 10, 100, 1000], 'gamma': [0.01, 0.1, 1, 100, 1000]}
2023-05-27 13:37:04,914 [INFO] GridSearchCV results :
    mean_valid_accuracy  mean_valid_precision  mean_valid_auc
0              0.891784               0.85548        0.892613
20             0.891784               0.85548        0.892613
24             0.891784               0.85548        0.892613
26             0.891784               0.85548        0.892613
28             0.891784               0.85548        0.892613
32             0.891784               0.85548        0.892613
34             0.891784               0.85548        0.892613
36             0.891784               0.85548        0.892613
38             0.891784               0.85548        0.892613
40             0.891784               0.85548        0.892613
42             0.891784               0.85548        0.892613
44             0.891784               0.85548        0.892613
46             0.891784               0.85548        0.892613
48             0.891784               0.85548        0.892613
50             0.891784               0.85548        0.892613
52             0.891784               0.85548        0.892613
54             0.891784               0.85548        0.892613
56             0.891784               0.85548        0.892613
58             0.891784               0.85548        0.892613
22             0.891784               0.85548        0.892613
30             0.891784               0.85548        0.892613
10             0.891784               0.85548        0.892613
2              0.891784               0.85548        0.892613
18             0.891784               0.85548        0.892613
8              0.891784               0.85548        0.892613
16             0.891784               0.85548        0.892613
4              0.891784               0.85548        0.892613
12             0.891784               0.85548        0.892613
6              0.891784               0.85548        0.892613
14             0.891784               0.85548        0.892613
49             0.579728               0.00000        0.500000
9              0.579728               0.00000        0.500000
45             0.579728               0.00000        0.500000
47             0.579728               0.00000        0.500000
7              0.579728               0.00000        0.500000
21             0.579728               0.00000        0.500000
43             0.579728               0.00000        0.500000
5              0.579728               0.00000        0.500000
53             0.579728               0.00000        0.500000
55             0.579728               0.00000        0.500000
3              0.579728               0.00000        0.500000
57             0.579728               0.00000        0.500000
51             0.579728               0.00000        0.500000
11             0.579728               0.00000        0.500000
41             0.579728               0.00000        0.500000
19             0.579728               0.00000        0.500000
39             0.579728               0.00000        0.500000
37             0.579728               0.00000        0.500000
13             0.579728               0.00000        0.500000
35             0.579728               0.00000        0.500000
33             0.579728               0.00000        0.500000
15             0.579728               0.00000        0.500000
31             0.579728               0.00000        0.500000
1              0.579728               0.00000        0.500000
29             0.579728               0.00000        0.500000
27             0.579728               0.00000        0.500000
17             0.579728               0.00000        0.500000
25             0.579728               0.00000        0.500000
23             0.579728               0.00000        0.500000
59             0.579728               0.00000        0.500000
2023-05-27 13:37:04,915 [INFO] Best model :
SVC(C=0.01, gamma=0.01, kernel='linear', random_state=42)
2023-05-27 13:37:04,933 [INFO] Save train_prediction_log data...
2023-05-27 13:37:04,936 [INFO] {'Data': 'train', 'ACC': '1.0 (878 / 878)', 'TP': 369, 'FP': 0, 'FN': 0, 'TN': 509, 'Precision': '1.0 (369 / 369 + 0)', 'Recall': '1.0 (369 / 369 + 0)', 'F1': '1.0 (2 * (1.0 * 1.0) / 1.0 + 1.0)', 'Specificity': '1.0 (509 / 509 + 0)', 'AUC': 1.0, 'r2': 1.0}
2023-05-27 13:37:04,943 [INFO] Save valid_prediction_log data...
2023-05-27 13:37:04,945 [INFO] {'Data': 'valid', 'ACC': '0.93 (197 / 212)', 'TP': 84, 'FP': 14, 'FN': 1, 'TN': 113, 'Precision': '0.86 (84 / 84 + 14)', 'Recall': '0.99 (84 / 84 + 1)', 'F1': '0.92 (2 * (0.99 * 0.86) / 0.99 + 0.86)', 'Specificity': '0.89 (113 / 113 + 14)', 'AUC': 0.94, 'r2': 0.71}
2023-05-27 13:37:04,963 [INFO] Save test_prediction_log data...
2023-05-27 13:37:04,965 [INFO] {'Data': 'test', 'ACC': '0.56 (119 / 212)', 'TP': 67, 'FP': 75, 'FN': 18, 'TN': 52, 'Precision': '0.47 (67 / 67 + 75)', 'Recall': '0.79 (67 / 67 + 18)', 'F1': '0.59 (2 * (0.79 * 0.47) / 0.79 + 0.47)', 'Specificity': '0.41 (52 / 52 + 75)', 'AUC': 0.6, 'r2': -0.83}
2023-05-27 13:37:04,968 [INFO] Save training_log data...
2023-05-27 13:37:04,969 [INFO] Save score_log data...
2023-05-27 13:37:04,970 [INFO] Time : 12.578407049179077
