2023-05-27 16:27:51,354 [INFO] Train data : Vary_params_A\DUD-E\JAK2\nG1_80\ECFP4_256bits\Standard\JAK2_train_vector.tsv
2023-05-27 16:27:51,354 [INFO] Valid data : Vary_params_A\DUD-E\JAK2\nG1_80\ECFP4_256bits\Standard\JAK2_valid_vector.tsv
2023-05-27 16:27:51,354 [INFO] Output path : Vary_params_A\DUD-E\JAK2\nG1_80\ECFP4_256bits\Standard\JAK2_model\RF
2023-05-27 16:27:51,354 [INFO] Model type : RF
2023-05-27 16:27:51,354 [INFO] Use cores : 3
2023-05-27 16:27:51,391 [INFO] Start Learning model
2023-05-27 16:27:51,391 [INFO] Train : 82 | Valid : 28
2023-05-27 16:27:51,391 [INFO] Set parameters : {'max_depth': [6, 8, 10, 12], 'max_features': ['sqrt', 'log2'], 'min_samples_leaf': [2, 4, 8, 10], 'min_samples_split': [2, 4, 8, 10], 'n_estimators': [200, 600, 1000]}
2023-05-27 16:44:20,320 [INFO] GridSearchCV results :
     mean_valid_accuracy  mean_valid_precision  mean_valid_auc
0               0.952778                   1.0           0.900
251             0.952778                   1.0           0.900
260             0.952778                   1.0           0.900
259             0.952778                   1.0           0.900
258             0.952778                   1.0           0.900
..                   ...                   ...             ...
246             0.941667                   0.9           0.875
150             0.941667                   0.9           0.875
153             0.941667                   0.9           0.875
249             0.941667                   0.9           0.875
51              0.941667                   0.9           0.875

[384 rows x 3 columns]
2023-05-27 16:44:20,322 [INFO] Best model :
RandomForestClassifier(class_weight='balanced', max_depth=6, min_samples_leaf=2,
                       n_estimators=200, random_state=42)
2023-05-27 16:44:20,343 [INFO] Save train_prediction_log data...
2023-05-27 16:44:20,347 [INFO] {'Data': 'train', 'ACC': '1.0 (82 / 82)', 'TP': 15, 'FP': 0, 'FN': 0, 'TN': 67, 'Precision': '1.0 (15 / 15 + 0)', 'Recall': '1.0 (15 / 15 + 0)', 'F1': '1.0 (2 * (1.0 * 1.0) / 1.0 + 1.0)', 'Specificity': '1.0 (67 / 67 + 0)', 'AUC': 1.0, 'r2': 1.0}
2023-05-27 16:44:20,368 [INFO] Save valid_prediction_log data...
2023-05-27 16:44:20,371 [INFO] {'Data': 'valid', 'ACC': '0.82 (23 / 28)', 'TP': 6, 'FP': 0, 'FN': 5, 'TN': 17, 'Precision': '1.0 (6 / 6 + 0)', 'Recall': '0.55 (6 / 6 + 5)', 'F1': '0.71 (2 * (0.55 * 1.0) / 0.55 + 1.0)', 'Specificity': '1.0 (17 / 17 + 0)', 'AUC': 0.77, 'r2': 0.25}
2023-05-27 16:44:20,408 [INFO] Save test_prediction_log data...
2023-05-27 16:44:20,411 [INFO] {'Data': 'test', 'ACC': '0.61 (17 / 28)', 'TP': 0, 'FP': 0, 'FN': 11, 'TN': 17, 'Precision': '0 (0 / 0 + 0)', 'Recall': '0 (0 / 0 + 11)', 'F1': '0 (2 * (0 * 0) / 0 + 0)', 'Specificity': '1.0 (17 / 17 + 0)', 'AUC': 0.5, 'r2': -0.65}
2023-05-27 16:44:20,474 [INFO] Save training_log data...
2023-05-27 16:44:20,478 [INFO] Save score_log data...
2023-05-27 16:44:20,480 [INFO] Time : 989.1267700195312
