2023-05-28 04:11:53,357 [INFO] Train data : Vary_params\DUD-E\CSF1R\nG1_20\ECFP6_512bits\MinMax\CSF1R_train_vector.tsv
2023-05-28 04:11:53,357 [INFO] Valid data : Vary_params\DUD-E\CSF1R\nG1_20\ECFP6_512bits\MinMax\CSF1R_valid_vector.tsv
2023-05-28 04:11:53,357 [INFO] Output path : Vary_params\DUD-E\CSF1R\nG1_20\ECFP6_512bits\MinMax\CSF1R_model\SVM
2023-05-28 04:11:53,357 [INFO] Model type : SVM
2023-05-28 04:11:53,357 [INFO] Use cores : 11
2023-05-28 04:11:53,384 [INFO] Start Learning model
2023-05-28 04:11:53,385 [INFO] Train : 216 | Valid : 47
2023-05-28 04:11:53,385 [INFO] Set parameters : {'kernel': ['linear', 'rbf'], 'C': [0.01, 0.1, 1, 10, 100, 1000], 'gamma': [0.01, 0.1, 1, 100, 1000]}
2023-05-28 04:11:57,294 [INFO] GridSearchCV results :
    mean_valid_accuracy  mean_valid_precision  mean_valid_auc
21             0.954113              0.975524        0.954091
0              0.930952              0.965524        0.930909
2              0.930952              0.965524        0.930909
4              0.930952              0.965524        0.930909
6              0.930952              0.965524        0.930909
8              0.930952              0.965524        0.930909
31             0.944589              0.958858        0.945000
51             0.944589              0.958858        0.945000
41             0.944589              0.958858        0.945000
42             0.935281              0.942191        0.935455
32             0.935281              0.942191        0.935455
34             0.935281              0.942191        0.935455
36             0.935281              0.942191        0.935455
38             0.935281              0.942191        0.935455
40             0.935281              0.942191        0.935455
48             0.935281              0.942191        0.935455
44             0.935281              0.942191        0.935455
46             0.935281              0.942191        0.935455
26             0.935281              0.942191        0.935455
50             0.935281              0.942191        0.935455
52             0.935281              0.942191        0.935455
54             0.935281              0.942191        0.935455
56             0.935281              0.942191        0.935455
58             0.935281              0.942191        0.935455
28             0.935281              0.942191        0.935455
30             0.935281              0.942191        0.935455
12             0.935281              0.942191        0.935455
18             0.935281              0.942191        0.935455
24             0.935281              0.942191        0.935455
14             0.935281              0.942191        0.935455
10             0.935281              0.942191        0.935455
16             0.935281              0.942191        0.935455
22             0.935281              0.942191        0.935455
20             0.935281              0.942191        0.935455
53             0.676623              0.900000        0.664545
43             0.676623              0.900000        0.664545
33             0.676623              0.900000        0.664545
23             0.625758              0.800000        0.612273
47             0.518615              0.000000        0.500000
7              0.518615              0.000000        0.500000
5              0.518615              0.000000        0.500000
9              0.518615              0.000000        0.500000
57             0.518615              0.000000        0.500000
11             0.518615              0.000000        0.500000
3              0.518615              0.000000        0.500000
49             0.518615              0.000000        0.500000
55             0.518615              0.000000        0.500000
25             0.518615              0.000000        0.500000
13             0.518615              0.000000        0.500000
45             0.518615              0.000000        0.500000
27             0.518615              0.000000        0.500000
15             0.518615              0.000000        0.500000
17             0.518615              0.000000        0.500000
39             0.518615              0.000000        0.500000
37             0.518615              0.000000        0.500000
19             0.518615              0.000000        0.500000
35             0.518615              0.000000        0.500000
1              0.518615              0.000000        0.500000
29             0.518615              0.000000        0.500000
59             0.518615              0.000000        0.500000
2023-05-28 04:11:57,296 [INFO] Best model :
SVC(C=1, gamma=0.01, random_state=42)
2023-05-28 04:11:57,317 [INFO] Save train_prediction_log data...
2023-05-28 04:11:57,322 [INFO] {'Data': 'train', 'ACC': '1.0 (215 / 216)', 'TP': 103, 'FP': 0, 'FN': 1, 'TN': 112, 'Precision': '1.0 (103 / 103 + 0)', 'Recall': '0.99 (103 / 103 + 1)', 'F1': '0.99 (2 * (0.99 * 1.0) / 0.99 + 1.0)', 'Specificity': '1.0 (112 / 112 + 0)', 'AUC': 1.0, 'r2': 0.98}
2023-05-28 04:11:57,329 [INFO] Save valid_prediction_log data...
2023-05-28 04:11:57,332 [INFO] {'Data': 'valid', 'ACC': '0.98 (46 / 47)', 'TP': 19, 'FP': 1, 'FN': 0, 'TN': 27, 'Precision': '0.95 (19 / 19 + 1)', 'Recall': '1.0 (19 / 19 + 0)', 'F1': '0.97 (2 * (1.0 * 0.95) / 1.0 + 0.95)', 'Specificity': '0.96 (27 / 27 + 1)', 'AUC': 0.98, 'r2': 0.91}
2023-05-28 04:11:57,349 [INFO] Save test_prediction_log data...
2023-05-28 04:11:57,353 [INFO] {'Data': 'test', 'ACC': '0.72 (34 / 47)', 'TP': 15, 'FP': 9, 'FN': 4, 'TN': 19, 'Precision': '0.62 (15 / 15 + 9)', 'Recall': '0.79 (15 / 15 + 4)', 'F1': '0.69 (2 * (0.79 * 0.62) / 0.79 + 0.62)', 'Specificity': '0.68 (19 / 19 + 9)', 'AUC': 0.73, 'r2': -0.15}
2023-05-28 04:11:57,356 [INFO] Save training_log data...
2023-05-28 04:11:57,358 [INFO] Save score_log data...
2023-05-28 04:11:57,359 [INFO] Time : 4.001374006271362
