2023-05-28 19:19:05,822 [INFO] Train data : Vary_params_A\DUD-E\MK10\nG1_50\ECFP6_512bits\Robust\MK10_train_vector.tsv
2023-05-28 19:19:05,822 [INFO] Valid data : Vary_params_A\DUD-E\MK10\nG1_50\ECFP6_512bits\Robust\MK10_valid_vector.tsv
2023-05-28 19:19:05,822 [INFO] Output path : Vary_params_A\DUD-E\MK10\nG1_50\ECFP6_512bits\Robust\MK10_model\SVM
2023-05-28 19:19:05,822 [INFO] Model type : SVM
2023-05-28 19:19:05,822 [INFO] Use cores : 3
2023-05-28 19:19:05,857 [INFO] Start Learning model
2023-05-28 19:19:05,857 [INFO] Train : 104 | Valid : 26
2023-05-28 19:19:05,857 [INFO] Set parameters : {'kernel': ['linear', 'rbf'], 'C': [0.01, 0.1, 1, 10, 100, 1000], 'gamma': [0.01, 0.1, 1, 100, 1000]}
2023-05-28 19:19:11,293 [INFO] GridSearchCV results :
    mean_valid_accuracy  mean_valid_precision  mean_valid_auc
0              0.941818                 0.935          0.9425
20             0.941818                 0.935          0.9425
24             0.941818                 0.935          0.9425
26             0.941818                 0.935          0.9425
28             0.941818                 0.935          0.9425
32             0.941818                 0.935          0.9425
34             0.941818                 0.935          0.9425
36             0.941818                 0.935          0.9425
38             0.941818                 0.935          0.9425
40             0.941818                 0.935          0.9425
42             0.941818                 0.935          0.9425
44             0.941818                 0.935          0.9425
46             0.941818                 0.935          0.9425
48             0.941818                 0.935          0.9425
50             0.941818                 0.935          0.9425
52             0.941818                 0.935          0.9425
54             0.941818                 0.935          0.9425
56             0.941818                 0.935          0.9425
58             0.941818                 0.935          0.9425
22             0.941818                 0.935          0.9425
30             0.941818                 0.935          0.9425
10             0.941818                 0.935          0.9425
2              0.941818                 0.935          0.9425
18             0.941818                 0.935          0.9425
8              0.941818                 0.935          0.9425
16             0.941818                 0.935          0.9425
4              0.941818                 0.935          0.9425
12             0.941818                 0.935          0.9425
6              0.941818                 0.935          0.9425
14             0.941818                 0.935          0.9425
49             0.596364                 0.000          0.5000
9              0.596364                 0.000          0.5000
45             0.596364                 0.000          0.5000
47             0.596364                 0.000          0.5000
7              0.596364                 0.000          0.5000
21             0.596364                 0.000          0.5000
43             0.596364                 0.000          0.5000
5              0.596364                 0.000          0.5000
53             0.596364                 0.000          0.5000
55             0.596364                 0.000          0.5000
3              0.596364                 0.000          0.5000
57             0.596364                 0.000          0.5000
51             0.596364                 0.000          0.5000
11             0.596364                 0.000          0.5000
41             0.596364                 0.000          0.5000
19             0.596364                 0.000          0.5000
39             0.596364                 0.000          0.5000
37             0.596364                 0.000          0.5000
13             0.596364                 0.000          0.5000
35             0.596364                 0.000          0.5000
33             0.596364                 0.000          0.5000
15             0.596364                 0.000          0.5000
31             0.596364                 0.000          0.5000
1              0.596364                 0.000          0.5000
29             0.596364                 0.000          0.5000
27             0.596364                 0.000          0.5000
17             0.596364                 0.000          0.5000
25             0.596364                 0.000          0.5000
23             0.596364                 0.000          0.5000
59             0.596364                 0.000          0.5000
2023-05-28 19:19:11,296 [INFO] Best model :
SVC(C=0.01, gamma=0.01, kernel='linear', random_state=42)
2023-05-28 19:19:11,306 [INFO] Save train_prediction_log data...
2023-05-28 19:19:11,313 [INFO] {'Data': 'train', 'ACC': '1.0 (104 / 104)', 'TP': 42, 'FP': 0, 'FN': 0, 'TN': 62, 'Precision': '1.0 (42 / 42 + 0)', 'Recall': '1.0 (42 / 42 + 0)', 'F1': '1.0 (2 * (1.0 * 1.0) / 1.0 + 1.0)', 'Specificity': '1.0 (62 / 62 + 0)', 'AUC': 1.0, 'r2': 1.0}
2023-05-28 19:19:11,322 [INFO] Save valid_prediction_log data...
2023-05-28 19:19:11,326 [INFO] {'Data': 'valid', 'ACC': '0.96 (25 / 26)', 'TP': 10, 'FP': 1, 'FN': 0, 'TN': 15, 'Precision': '0.91 (10 / 10 + 1)', 'Recall': '1.0 (10 / 10 + 0)', 'F1': '0.95 (2 * (1.0 * 0.91) / 1.0 + 0.91)', 'Specificity': '0.94 (15 / 15 + 1)', 'AUC': 0.97, 'r2': 0.84}
2023-05-28 19:19:11,351 [INFO] Save test_prediction_log data...
2023-05-28 19:19:11,355 [INFO] {'Data': 'test', 'ACC': '0.73 (19 / 26)', 'TP': 3, 'FP': 0, 'FN': 7, 'TN': 16, 'Precision': '1.0 (3 / 3 + 0)', 'Recall': '0.3 (3 / 3 + 7)', 'F1': '0.46 (2 * (0.3 * 1.0) / 0.3 + 1.0)', 'Specificity': '1.0 (16 / 16 + 0)', 'AUC': 0.65, 'r2': -0.14}
2023-05-28 19:19:11,360 [INFO] Save training_log data...
2023-05-28 19:19:11,363 [INFO] Save score_log data...
2023-05-28 19:19:11,365 [INFO] Time : 5.542183876037598
