2023-05-31 03:15:11,713 [INFO] Train data : Vary_params_BRAF_MK14\DUD-E\MK14\nG1_80\ECFP6_512bits\Standard\MK14_train_vector.tsv
2023-05-31 03:15:11,713 [INFO] Valid data : Vary_params_BRAF_MK14\DUD-E\MK14\nG1_80\ECFP6_512bits\Standard\MK14_valid_vector.tsv
2023-05-31 03:15:11,713 [INFO] Output path : Vary_params_BRAF_MK14\DUD-E\MK14\nG1_80\ECFP6_512bits\Standard\MK14_model\SVM
2023-05-31 03:15:11,713 [INFO] Model type : SVM
2023-05-31 03:15:11,713 [INFO] Use cores : 10
2023-05-31 03:15:11,811 [INFO] Start Learning model
2023-05-31 03:15:11,812 [INFO] Train : 871 | Valid : 225
2023-05-31 03:15:11,812 [INFO] Set parameters : {'kernel': ['linear', 'rbf'], 'C': [0.01, 0.1, 1, 10, 100, 1000], 'gamma': [0.01, 0.1, 1, 100, 1000]}
2023-05-31 03:15:30,429 [INFO] GridSearchCV results :
    mean_valid_accuracy  mean_valid_precision  mean_valid_auc
0              0.960972              0.939069        0.960875
20             0.960972              0.939069        0.960875
24             0.960972              0.939069        0.960875
26             0.960972              0.939069        0.960875
28             0.960972              0.939069        0.960875
32             0.960972              0.939069        0.960875
34             0.960972              0.939069        0.960875
36             0.960972              0.939069        0.960875
38             0.960972              0.939069        0.960875
40             0.960972              0.939069        0.960875
42             0.960972              0.939069        0.960875
44             0.960972              0.939069        0.960875
46             0.960972              0.939069        0.960875
48             0.960972              0.939069        0.960875
50             0.960972              0.939069        0.960875
52             0.960972              0.939069        0.960875
54             0.960972              0.939069        0.960875
56             0.960972              0.939069        0.960875
58             0.960972              0.939069        0.960875
22             0.960972              0.939069        0.960875
30             0.960972              0.939069        0.960875
2              0.960972              0.939069        0.960875
18             0.960972              0.939069        0.960875
10             0.960972              0.939069        0.960875
8              0.960972              0.939069        0.960875
16             0.960972              0.939069        0.960875
4              0.960972              0.939069        0.960875
12             0.960972              0.939069        0.960875
14             0.960972              0.939069        0.960875
6              0.960972              0.939069        0.960875
41             0.630290              0.600000        0.512121
31             0.630290              0.600000        0.512121
51             0.630290              0.600000        0.512121
21             0.622257              0.100000        0.501515
7              0.621121              0.000000        0.500000
47             0.621121              0.000000        0.500000
5              0.621121              0.000000        0.500000
49             0.621121              0.000000        0.500000
9              0.621121              0.000000        0.500000
53             0.621121              0.000000        0.500000
55             0.621121              0.000000        0.500000
3              0.621121              0.000000        0.500000
57             0.621121              0.000000        0.500000
45             0.621121              0.000000        0.500000
11             0.621121              0.000000        0.500000
43             0.621121              0.000000        0.500000
19             0.621121              0.000000        0.500000
39             0.621121              0.000000        0.500000
37             0.621121              0.000000        0.500000
13             0.621121              0.000000        0.500000
35             0.621121              0.000000        0.500000
33             0.621121              0.000000        0.500000
15             0.621121              0.000000        0.500000
1              0.621121              0.000000        0.500000
29             0.621121              0.000000        0.500000
27             0.621121              0.000000        0.500000
17             0.621121              0.000000        0.500000
25             0.621121              0.000000        0.500000
23             0.621121              0.000000        0.500000
59             0.621121              0.000000        0.500000
2023-05-31 03:15:30,430 [INFO] Best model :
SVC(C=0.01, gamma=0.01, kernel='linear', random_state=42)
2023-05-31 03:15:30,453 [INFO] Save train_prediction_log data...
2023-05-31 03:15:30,457 [INFO] {'Data': 'train', 'ACC': '1.0 (871 / 871)', 'TP': 330, 'FP': 0, 'FN': 0, 'TN': 541, 'Precision': '1.0 (330 / 330 + 0)', 'Recall': '1.0 (330 / 330 + 0)', 'F1': '1.0 (2 * (1.0 * 1.0) / 1.0 + 1.0)', 'Specificity': '1.0 (541 / 541 + 0)', 'AUC': 1.0, 'r2': 1.0}
2023-05-31 03:15:30,466 [INFO] Save valid_prediction_log data...
2023-05-31 03:15:30,474 [INFO] {'Data': 'valid', 'ACC': '0.97 (219 / 225)', 'TP': 89, 'FP': 5, 'FN': 1, 'TN': 130, 'Precision': '0.95 (89 / 89 + 5)', 'Recall': '0.99 (89 / 89 + 1)', 'F1': '0.97 (2 * (0.99 * 0.95) / 0.99 + 0.95)', 'Specificity': '0.96 (130 / 130 + 5)', 'AUC': 0.98, 'r2': 0.89}
2023-05-31 03:15:30,505 [INFO] Save test_prediction_log data...
2023-05-31 03:15:30,508 [INFO] {'Data': 'test', 'ACC': '0.65 (147 / 225)', 'TP': 65, 'FP': 53, 'FN': 25, 'TN': 82, 'Precision': '0.55 (65 / 65 + 53)', 'Recall': '0.72 (65 / 65 + 25)', 'F1': '0.62 (2 * (0.72 * 0.55) / 0.72 + 0.55)', 'Specificity': '0.61 (82 / 82 + 53)', 'AUC': 0.66, 'r2': -0.44}
2023-05-31 03:15:30,510 [INFO] Save training_log data...
2023-05-31 03:15:30,512 [INFO] Save score_log data...
2023-05-31 03:15:30,513 [INFO] Time : 18.80030870437622
