2023-05-28 04:45:57,302 [INFO] Train data : Vary_params_IGF1R_KIT\DUD-E\IGF1R\nG1_20\ECFP6_512bits\Robust\IGF1R_train_vector.tsv
2023-05-28 04:45:57,302 [INFO] Valid data : Vary_params_IGF1R_KIT\DUD-E\IGF1R\nG1_20\ECFP6_512bits\Robust\IGF1R_valid_vector.tsv
2023-05-28 04:45:57,302 [INFO] Output path : Vary_params_IGF1R_KIT\DUD-E\IGF1R\nG1_20\ECFP6_512bits\Robust\IGF1R_model\MLP
2023-05-28 04:45:57,302 [INFO] Model type : MLP
2023-05-28 04:45:57,302 [INFO] Use cores : 10
2023-05-28 04:45:57,324 [INFO] Start Learning model
2023-05-28 04:45:57,324 [INFO] Train : 226 | Valid : 49
2023-05-28 04:45:57,325 [INFO] Set parameters : {'hidden_layer_sizes': [(50,), (100,), (50, 50), (100, 100)], 'learning_rate': ['constant', 'invscaling', 'adaptive'], 'activation': ['relu', 'identity', 'logistic', 'tanh'], 'solver': ['adam', 'sgd', 'lbfgs'], 'alpha': [0.1, 0.01, 0.001], 'max_iter': [500, 1000], 'early_stopping': [True]}
2023-05-28 04:49:04,284 [INFO] GridSearchCV results :
     mean_valid_accuracy  mean_valid_precision  mean_valid_auc
573             0.938735              0.991667        0.936364
561             0.938735              0.991667        0.936364
645             0.938735              0.991667        0.936364
642             0.938735              0.991667        0.936364
639             0.938735              0.991667        0.936364
..                   ...                   ...             ...
571             0.522134              0.000000        0.500000
618             0.522134              0.000000        0.500000
619             0.522134              0.000000        0.500000
568             0.522134              0.000000        0.500000
553             0.522134              0.000000        0.500000

[864 rows x 3 columns]
2023-05-28 04:49:04,285 [INFO] Best model :
MLPClassifier(activation='logistic', alpha=0.1, early_stopping=True,
              hidden_layer_sizes=(100, 100), max_iter=500, random_state=42)
2023-05-28 04:49:04,293 [INFO] Save train_prediction_log data...
2023-05-28 04:49:04,295 [INFO] {'Data': 'train', 'ACC': '0.96 (218 / 226)', 'TP': 100, 'FP': 0, 'FN': 8, 'TN': 118, 'Precision': '1.0 (100 / 100 + 0)', 'Recall': '0.93 (100 / 100 + 8)', 'F1': '0.96 (2 * (0.93 * 1.0) / 0.93 + 1.0)', 'Specificity': '1.0 (118 / 118 + 0)', 'AUC': 0.96, 'r2': 0.86}
2023-05-28 04:49:04,300 [INFO] Save valid_prediction_log data...
2023-05-28 04:49:04,302 [INFO] {'Data': 'valid', 'ACC': '1.0 (49 / 49)', 'TP': 20, 'FP': 0, 'FN': 0, 'TN': 29, 'Precision': '1.0 (20 / 20 + 0)', 'Recall': '1.0 (20 / 20 + 0)', 'F1': '1.0 (2 * (1.0 * 1.0) / 1.0 + 1.0)', 'Specificity': '1.0 (29 / 29 + 0)', 'AUC': 1.0, 'r2': 1.0}
2023-05-28 04:49:04,317 [INFO] Save test_prediction_log data...
2023-05-28 04:49:04,319 [INFO] {'Data': 'test', 'ACC': '0.65 (32 / 49)', 'TP': 4, 'FP': 1, 'FN': 16, 'TN': 28, 'Precision': '0.8 (4 / 4 + 1)', 'Recall': '0.2 (4 / 4 + 16)', 'F1': '0.32 (2 * (0.2 * 0.8) / 0.2 + 0.8)', 'Specificity': '0.97 (28 / 28 + 1)', 'AUC': 0.58, 'r2': -0.44}
2023-05-28 04:49:04,322 [INFO] Save training_log data...
2023-05-28 04:49:04,326 [INFO] Save score_log data...
2023-05-28 04:49:04,327 [INFO] Time : 187.02534079551697
