2023-05-26 17:49:33,709 [INFO] Train data : Vary_params\DUD-E\AKT1\nG1_20\ECFP6_512bits\Standard\AKT1_train_vector.tsv
2023-05-26 17:49:33,709 [INFO] Valid data : Vary_params\DUD-E\AKT1\nG1_20\ECFP6_512bits\Standard\AKT1_valid_vector.tsv
2023-05-26 17:49:33,709 [INFO] Output path : Vary_params\DUD-E\AKT1\nG1_20\ECFP6_512bits\Standard\AKT1_model\XGB
2023-05-26 17:49:33,709 [INFO] Model type : XGB
2023-05-26 17:49:33,709 [INFO] Use cores : 11
2023-05-26 17:49:33,775 [INFO] Start Learning model
2023-05-26 17:49:33,775 [INFO] Train : 511 | Valid : 120
2023-05-26 17:49:33,778 [INFO] Set parameters : {'max_depth': [4, 6, 8], 'learning_rate': [0.01, 0.2], 'n_estimators': [200, 600, 1000], 'gamma': [0, 1000], 'min_child_weight': [1, 3], 'subsample': [0.5, 1], 'colsample_bytree': [0.5, 1], 'objective': ['binary:logitraw'], 'eval_metric': ['auc', 'error']}
2023-05-26 18:26:57,186 [INFO] GridSearchCV results :
     mean_valid_accuracy  mean_valid_precision  mean_valid_auc
170             0.966968              0.995652        0.962703
158             0.966968              0.995652        0.962703
26              0.966968              0.995652        0.962703
169             0.970852              0.995652        0.967149
172             0.970852              0.995652        0.967149
..                   ...                   ...             ...
107             0.565573              0.000000        0.500000
108             0.565573              0.000000        0.500000
109             0.565573              0.000000        0.500000
110             0.565573              0.000000        0.500000
575             0.565573              0.000000        0.500000

[576 rows x 3 columns]
2023-05-26 18:26:57,188 [INFO] Best model :
XGBClassifier(base_score=None, booster=None, callbacks=None,
              colsample_bylevel=None, colsample_bynode=None,
              colsample_bytree=0.5, early_stopping_rounds=None,
              enable_categorical=False, eval_metric='auc', feature_types=None,
              gamma=0, gpu_id=None, grow_policy=None, importance_type=None,
              interaction_constraints=None, learning_rate=0.01, max_bin=None,
              max_cat_threshold=None, max_cat_to_onehot=None,
              max_delta_step=None, max_depth=6, max_leaves=None,
              min_child_weight=1, missing=nan, monotone_constraints=None,
              n_estimators=200, n_jobs=0, num_parallel_tree=None,
              objective='binary:logitraw', predictor=None, ...)
2023-05-26 18:26:57,210 [INFO] Save train_prediction_log data...
2023-05-26 18:26:57,215 [INFO] {'Data': 'train', 'ACC': '1.0 (510 / 511)', 'TP': 221, 'FP': 0, 'FN': 1, 'TN': 289, 'Precision': '1.0 (221 / 221 + 0)', 'Recall': '1.0 (221 / 221 + 1)', 'F1': '1.0 (2 * (1.0 * 1.0) / 1.0 + 1.0)', 'Specificity': '1.0 (289 / 289 + 0)', 'AUC': 1.0, 'r2': 0.99}
2023-05-26 18:26:57,234 [INFO] Save valid_prediction_log data...
2023-05-26 18:26:57,237 [INFO] {'Data': 'valid', 'ACC': '0.99 (119 / 120)', 'TP': 48, 'FP': 1, 'FN': 0, 'TN': 71, 'Precision': '0.98 (48 / 48 + 1)', 'Recall': '1.0 (48 / 48 + 0)', 'F1': '0.99 (2 * (1.0 * 0.98) / 1.0 + 0.98)', 'Specificity': '0.99 (71 / 71 + 1)', 'AUC': 0.99, 'r2': 0.97}
2023-05-26 18:26:57,285 [INFO] Save test_prediction_log data...
2023-05-26 18:26:57,290 [INFO] {'Data': 'test', 'ACC': '0.74 (89 / 120)', 'TP': 27, 'FP': 10, 'FN': 21, 'TN': 62, 'Precision': '0.73 (27 / 27 + 10)', 'Recall': '0.56 (27 / 27 + 21)', 'F1': '0.63 (2 * (0.56 * 0.73) / 0.56 + 0.73)', 'Specificity': '0.86 (62 / 62 + 10)', 'AUC': 0.71, 'r2': -0.08}
2023-05-26 18:26:57,296 [INFO] Save training_log data...
2023-05-26 18:26:57,301 [INFO] Save score_log data...
2023-05-26 18:26:57,303 [INFO] Time : 2243.5939376354218
