2023-05-28 09:18:35,494 [INFO] Train data : Vary_params\DUD-E\CSF1R\nG1_80\ECFP4_256bits\Standard\CSF1R_train_vector.tsv
2023-05-28 09:18:35,494 [INFO] Valid data : Vary_params\DUD-E\CSF1R\nG1_80\ECFP4_256bits\Standard\CSF1R_valid_vector.tsv
2023-05-28 09:18:35,495 [INFO] Output path : Vary_params\DUD-E\CSF1R\nG1_80\ECFP4_256bits\Standard\CSF1R_model\SVM
2023-05-28 09:18:35,495 [INFO] Model type : SVM
2023-05-28 09:18:35,495 [INFO] Use cores : 11
2023-05-28 09:18:35,516 [INFO] Start Learning model
2023-05-28 09:18:35,516 [INFO] Train : 156 | Valid : 47
2023-05-28 09:18:35,516 [INFO] Set parameters : {'kernel': ['linear', 'rbf'], 'C': [0.01, 0.1, 1, 10, 100, 1000], 'gamma': [0.01, 0.1, 1, 100, 1000]}
2023-05-28 09:18:38,852 [INFO] GridSearchCV results :
    mean_valid_accuracy  mean_valid_precision  mean_valid_auc
41             0.866250              1.000000        0.770000
31             0.866250              1.000000        0.770000
51             0.866250              1.000000        0.770000
0              0.968750              0.963333        0.961288
26             0.968750              0.963333        0.961288
28             0.968750              0.963333        0.961288
32             0.968750              0.963333        0.961288
34             0.968750              0.963333        0.961288
36             0.968750              0.963333        0.961288
38             0.968750              0.963333        0.961288
40             0.968750              0.963333        0.961288
42             0.968750              0.963333        0.961288
22             0.968750              0.963333        0.961288
44             0.968750              0.963333        0.961288
46             0.968750              0.963333        0.961288
48             0.968750              0.963333        0.961288
50             0.968750              0.963333        0.961288
52             0.968750              0.963333        0.961288
54             0.968750              0.963333        0.961288
56             0.968750              0.963333        0.961288
58             0.968750              0.963333        0.961288
24             0.968750              0.963333        0.961288
30             0.968750              0.963333        0.961288
12             0.968750              0.963333        0.961288
2              0.968750              0.963333        0.961288
20             0.968750              0.963333        0.961288
4              0.968750              0.963333        0.961288
18             0.968750              0.963333        0.961288
8              0.968750              0.963333        0.961288
10             0.968750              0.963333        0.961288
16             0.968750              0.963333        0.961288
6              0.968750              0.963333        0.961288
14             0.968750              0.963333        0.961288
21             0.808333              0.900000        0.665000
49             0.718333              0.000000        0.500000
9              0.718333              0.000000        0.500000
47             0.718333              0.000000        0.500000
5              0.718333              0.000000        0.500000
7              0.718333              0.000000        0.500000
53             0.718333              0.000000        0.500000
55             0.718333              0.000000        0.500000
3              0.718333              0.000000        0.500000
57             0.718333              0.000000        0.500000
45             0.718333              0.000000        0.500000
23             0.718333              0.000000        0.500000
43             0.718333              0.000000        0.500000
11             0.718333              0.000000        0.500000
13             0.718333              0.000000        0.500000
39             0.718333              0.000000        0.500000
37             0.718333              0.000000        0.500000
15             0.718333              0.000000        0.500000
35             0.718333              0.000000        0.500000
33             0.718333              0.000000        0.500000
17             0.718333              0.000000        0.500000
1              0.718333              0.000000        0.500000
29             0.718333              0.000000        0.500000
19             0.718333              0.000000        0.500000
27             0.718333              0.000000        0.500000
25             0.718333              0.000000        0.500000
59             0.718333              0.000000        0.500000
2023-05-28 09:18:38,861 [INFO] Best model :
SVC(C=10, gamma=0.01, random_state=42)
2023-05-28 09:18:38,880 [INFO] Save train_prediction_log data...
2023-05-28 09:18:38,885 [INFO] {'Data': 'train', 'ACC': '1.0 (156 / 156)', 'TP': 44, 'FP': 0, 'FN': 0, 'TN': 112, 'Precision': '1.0 (44 / 44 + 0)', 'Recall': '1.0 (44 / 44 + 0)', 'F1': '1.0 (2 * (1.0 * 1.0) / 1.0 + 1.0)', 'Specificity': '1.0 (112 / 112 + 0)', 'AUC': 1.0, 'r2': 1.0}
2023-05-28 09:18:38,891 [INFO] Save valid_prediction_log data...
2023-05-28 09:18:38,894 [INFO] {'Data': 'valid', 'ACC': '0.96 (45 / 47)', 'TP': 17, 'FP': 0, 'FN': 2, 'TN': 28, 'Precision': '1.0 (17 / 17 + 0)', 'Recall': '0.89 (17 / 17 + 2)', 'F1': '0.94 (2 * (0.89 * 1.0) / 0.89 + 1.0)', 'Specificity': '1.0 (28 / 28 + 0)', 'AUC': 0.95, 'r2': 0.82}
2023-05-28 09:18:38,915 [INFO] Save test_prediction_log data...
2023-05-28 09:18:38,919 [INFO] {'Data': 'test', 'ACC': '0.66 (31 / 47)', 'TP': 3, 'FP': 0, 'FN': 16, 'TN': 28, 'Precision': '1.0 (3 / 3 + 0)', 'Recall': '0.16 (3 / 3 + 16)', 'F1': '0.28 (2 * (0.16 * 1.0) / 0.16 + 1.0)', 'Specificity': '1.0 (28 / 28 + 0)', 'AUC': 0.58, 'r2': -0.41}
2023-05-28 09:18:38,922 [INFO] Save training_log data...
2023-05-28 09:18:38,923 [INFO] Save score_log data...
2023-05-28 09:18:38,924 [INFO] Time : 3.4308249950408936
