2023-05-28 13:13:05,707 [INFO] Train data : Vary_params_A\DUD-E\MK10\nG1_50\ECFP4_256bits\MinMax\MK10_train_vector.tsv
2023-05-28 13:13:05,707 [INFO] Valid data : Vary_params_A\DUD-E\MK10\nG1_50\ECFP4_256bits\MinMax\MK10_valid_vector.tsv
2023-05-28 13:13:05,707 [INFO] Output path : Vary_params_A\DUD-E\MK10\nG1_50\ECFP4_256bits\MinMax\MK10_model\XGB
2023-05-28 13:13:05,707 [INFO] Model type : XGB
2023-05-28 13:13:05,707 [INFO] Use cores : 3
2023-05-28 13:13:05,726 [INFO] Start Learning model
2023-05-28 13:13:05,726 [INFO] Train : 104 | Valid : 26
2023-05-28 13:13:05,727 [INFO] Set parameters : {'max_depth': [4, 6, 8], 'learning_rate': [0.01, 0.2], 'n_estimators': [200, 600, 1000], 'gamma': [0, 1000], 'min_child_weight': [1, 3], 'subsample': [0.5, 1], 'colsample_bytree': [0.5, 1], 'objective': ['binary:logitraw'], 'eval_metric': ['auc', 'error']}
2023-05-28 13:30:43,035 [INFO] GridSearchCV results :
     mean_valid_accuracy  mean_valid_precision  mean_valid_auc
145             0.913636                 0.935          0.9100
13              0.903636                 0.935          0.8975
1               0.913636                 0.935          0.9100
27              0.921818                 0.935          0.9175
25              0.903636                 0.935          0.8975
..                   ...                   ...             ...
263             0.596364                 0.000          0.5000
262             0.596364                 0.000          0.5000
261             0.596364                 0.000          0.5000
260             0.596364                 0.000          0.5000
575             0.596364                 0.000          0.5000

[576 rows x 3 columns]
2023-05-28 13:30:43,037 [INFO] Best model :
XGBClassifier(base_score=None, booster=None, callbacks=None,
              colsample_bylevel=None, colsample_bynode=None,
              colsample_bytree=0.5, early_stopping_rounds=None,
              enable_categorical=False, eval_metric='auc', feature_types=None,
              gamma=0, gpu_id=None, grow_policy=None, importance_type=None,
              interaction_constraints=None, learning_rate=0.01, max_bin=None,
              max_cat_threshold=None, max_cat_to_onehot=None,
              max_delta_step=None, max_depth=4, max_leaves=None,
              min_child_weight=1, missing=nan, monotone_constraints=None,
              n_estimators=200, n_jobs=0, num_parallel_tree=None,
              objective='binary:logitraw', predictor=None, ...)
2023-05-28 13:30:43,049 [INFO] Save train_prediction_log data...
2023-05-28 13:30:43,054 [INFO] {'Data': 'train', 'ACC': '1.0 (104 / 104)', 'TP': 42, 'FP': 0, 'FN': 0, 'TN': 62, 'Precision': '1.0 (42 / 42 + 0)', 'Recall': '1.0 (42 / 42 + 0)', 'F1': '1.0 (2 * (1.0 * 1.0) / 1.0 + 1.0)', 'Specificity': '1.0 (62 / 62 + 0)', 'AUC': 1.0, 'r2': 1.0}
2023-05-28 13:30:43,064 [INFO] Save valid_prediction_log data...
2023-05-28 13:30:43,067 [INFO] {'Data': 'valid', 'ACC': '0.92 (24 / 26)', 'TP': 10, 'FP': 2, 'FN': 0, 'TN': 14, 'Precision': '0.83 (10 / 10 + 2)', 'Recall': '1.0 (10 / 10 + 0)', 'F1': '0.91 (2 * (1.0 * 0.83) / 1.0 + 0.83)', 'Specificity': '0.88 (14 / 14 + 2)', 'AUC': 0.94, 'r2': 0.68}
2023-05-28 13:30:43,084 [INFO] Save test_prediction_log data...
2023-05-28 13:30:43,087 [INFO] {'Data': 'test', 'ACC': '0.65 (17 / 26)', 'TP': 4, 'FP': 3, 'FN': 6, 'TN': 13, 'Precision': '0.57 (4 / 4 + 3)', 'Recall': '0.4 (4 / 4 + 6)', 'F1': '0.47 (2 * (0.4 * 0.57) / 0.4 + 0.57)', 'Specificity': '0.81 (13 / 13 + 3)', 'AUC': 0.61, 'r2': -0.46}
2023-05-28 13:30:43,092 [INFO] Save training_log data...
2023-05-28 13:30:43,097 [INFO] Save score_log data...
2023-05-28 13:30:43,098 [INFO] Time : 1057.3908705711365
