2023-05-29 16:04:44,587 [INFO] Train data : Vary_params_VGFR2\DUD-E\VGFR2\nG1_80\ECFP6_512bits\Standard\VGFR2_train_vector.tsv
2023-05-29 16:04:44,587 [INFO] Valid data : Vary_params_VGFR2\DUD-E\VGFR2\nG1_80\ECFP6_512bits\Standard\VGFR2_valid_vector.tsv
2023-05-29 16:04:44,587 [INFO] Output path : Vary_params_VGFR2\DUD-E\VGFR2\nG1_80\ECFP6_512bits\Standard\VGFR2_model\SVM
2023-05-29 16:04:44,587 [INFO] Model type : SVM
2023-05-29 16:04:44,587 [INFO] Use cores : 18
2023-05-29 16:04:44,695 [INFO] Start Learning model
2023-05-29 16:04:44,695 [INFO] Train : 687 | Valid : 180
2023-05-29 16:04:44,695 [INFO] Set parameters : {'kernel': ['linear', 'rbf'], 'C': [0.01, 0.1, 1, 10, 100, 1000], 'gamma': [0.01, 0.1, 1, 100, 1000]}
2023-05-29 16:05:00,727 [INFO] GridSearchCV results :
    mean_valid_accuracy  mean_valid_precision  mean_valid_auc
0              0.973743              0.958992        0.973517
20             0.973743              0.958992        0.973517
24             0.973743              0.958992        0.973517
26             0.973743              0.958992        0.973517
28             0.973743              0.958992        0.973517
32             0.973743              0.958992        0.973517
34             0.973743              0.958992        0.973517
36             0.973743              0.958992        0.973517
38             0.973743              0.958992        0.973517
40             0.973743              0.958992        0.973517
42             0.973743              0.958992        0.973517
44             0.973743              0.958992        0.973517
46             0.973743              0.958992        0.973517
48             0.973743              0.958992        0.973517
50             0.973743              0.958992        0.973517
52             0.973743              0.958992        0.973517
54             0.973743              0.958992        0.973517
56             0.973743              0.958992        0.973517
58             0.973743              0.958992        0.973517
22             0.973743              0.958992        0.973517
30             0.973743              0.958992        0.973517
2              0.973743              0.958992        0.973517
18             0.973743              0.958992        0.973517
10             0.973743              0.958992        0.973517
8              0.973743              0.958992        0.973517
16             0.973743              0.958992        0.973517
4              0.973743              0.958992        0.973517
12             0.973743              0.958992        0.973517
14             0.973743              0.958992        0.973517
6              0.973743              0.958992        0.973517
41             0.662404              0.800000        0.548923
31             0.662404              0.800000        0.548923
51             0.662404              0.800000        0.548923
21             0.636147              0.600000        0.513692
7              0.625938              0.000000        0.500000
47             0.625938              0.000000        0.500000
5              0.625938              0.000000        0.500000
49             0.625938              0.000000        0.500000
9              0.625938              0.000000        0.500000
53             0.625938              0.000000        0.500000
55             0.625938              0.000000        0.500000
3              0.625938              0.000000        0.500000
57             0.625938              0.000000        0.500000
45             0.625938              0.000000        0.500000
11             0.625938              0.000000        0.500000
43             0.625938              0.000000        0.500000
19             0.625938              0.000000        0.500000
39             0.625938              0.000000        0.500000
37             0.625938              0.000000        0.500000
13             0.625938              0.000000        0.500000
35             0.625938              0.000000        0.500000
33             0.625938              0.000000        0.500000
15             0.625938              0.000000        0.500000
1              0.625938              0.000000        0.500000
29             0.625938              0.000000        0.500000
27             0.625938              0.000000        0.500000
17             0.625938              0.000000        0.500000
25             0.625938              0.000000        0.500000
23             0.625938              0.000000        0.500000
59             0.625938              0.000000        0.500000
2023-05-29 16:05:00,729 [INFO] Best model :
SVC(C=0.01, gamma=0.01, kernel='linear', random_state=42)
2023-05-29 16:05:00,755 [INFO] Save train_prediction_log data...
2023-05-29 16:05:00,759 [INFO] {'Data': 'train', 'ACC': '1.0 (687 / 687)', 'TP': 257, 'FP': 0, 'FN': 0, 'TN': 430, 'Precision': '1.0 (257 / 257 + 0)', 'Recall': '1.0 (257 / 257 + 0)', 'F1': '1.0 (2 * (1.0 * 1.0) / 1.0 + 1.0)', 'Specificity': '1.0 (430 / 430 + 0)', 'AUC': 1.0, 'r2': 1.0}
2023-05-29 16:05:00,770 [INFO] Save valid_prediction_log data...
2023-05-29 16:05:00,773 [INFO] {'Data': 'valid', 'ACC': '0.97 (174 / 180)', 'TP': 72, 'FP': 6, 'FN': 0, 'TN': 102, 'Precision': '0.92 (72 / 72 + 6)', 'Recall': '1.0 (72 / 72 + 0)', 'F1': '0.96 (2 * (1.0 * 0.92) / 1.0 + 0.92)', 'Specificity': '0.94 (102 / 102 + 6)', 'AUC': 0.97, 'r2': 0.86}
2023-05-29 16:05:00,819 [INFO] Save test_prediction_log data...
2023-05-29 16:05:00,822 [INFO] {'Data': 'test', 'ACC': '0.54 (98 / 180)', 'TP': 34, 'FP': 44, 'FN': 38, 'TN': 64, 'Precision': '0.44 (34 / 34 + 44)', 'Recall': '0.47 (34 / 34 + 38)', 'F1': '0.45 (2 * (0.47 * 0.44) / 0.47 + 0.44)', 'Specificity': '0.59 (64 / 64 + 44)', 'AUC': 0.53, 'r2': -0.9}
2023-05-29 16:05:00,823 [INFO] Save training_log data...
2023-05-29 16:05:00,825 [INFO] Save score_log data...
2023-05-29 16:05:00,825 [INFO] Time : 16.238118171691895
