2023-05-29 02:36:39,923 [INFO] Train data : Vary_params_A\DUD-E\MK10\nG1_80\ECFP6_256bits\Robust\MK10_train_vector.tsv
2023-05-29 02:36:39,924 [INFO] Valid data : Vary_params_A\DUD-E\MK10\nG1_80\ECFP6_256bits\Robust\MK10_valid_vector.tsv
2023-05-29 02:36:39,924 [INFO] Output path : Vary_params_A\DUD-E\MK10\nG1_80\ECFP6_256bits\Robust\MK10_model\SVM
2023-05-29 02:36:39,924 [INFO] Model type : SVM
2023-05-29 02:36:39,924 [INFO] Use cores : 3
2023-05-29 02:36:39,942 [INFO] Start Learning model
2023-05-29 02:36:39,942 [INFO] Train : 74 | Valid : 26
2023-05-29 02:36:39,942 [INFO] Set parameters : {'kernel': ['linear', 'rbf'], 'C': [0.01, 0.1, 1, 10, 100, 1000], 'gamma': [0.01, 0.1, 1, 100, 1000]}
2023-05-29 02:36:44,319 [INFO] GridSearchCV results :
    mean_valid_accuracy  mean_valid_precision  mean_valid_auc
0              0.925000                   0.6             0.8
20             0.925000                   0.6             0.8
24             0.925000                   0.6             0.8
26             0.925000                   0.6             0.8
28             0.925000                   0.6             0.8
32             0.925000                   0.6             0.8
34             0.925000                   0.6             0.8
36             0.925000                   0.6             0.8
38             0.925000                   0.6             0.8
40             0.925000                   0.6             0.8
42             0.925000                   0.6             0.8
44             0.925000                   0.6             0.8
46             0.925000                   0.6             0.8
48             0.925000                   0.6             0.8
50             0.925000                   0.6             0.8
52             0.925000                   0.6             0.8
54             0.925000                   0.6             0.8
56             0.925000                   0.6             0.8
58             0.925000                   0.6             0.8
22             0.925000                   0.6             0.8
30             0.925000                   0.6             0.8
10             0.925000                   0.6             0.8
2              0.925000                   0.6             0.8
18             0.925000                   0.6             0.8
8              0.925000                   0.6             0.8
16             0.925000                   0.6             0.8
4              0.925000                   0.6             0.8
12             0.925000                   0.6             0.8
6              0.925000                   0.6             0.8
14             0.925000                   0.6             0.8
49             0.839286                   0.0             0.5
9              0.839286                   0.0             0.5
45             0.839286                   0.0             0.5
47             0.839286                   0.0             0.5
7              0.839286                   0.0             0.5
21             0.839286                   0.0             0.5
43             0.839286                   0.0             0.5
5              0.839286                   0.0             0.5
53             0.839286                   0.0             0.5
55             0.839286                   0.0             0.5
3              0.839286                   0.0             0.5
57             0.839286                   0.0             0.5
51             0.839286                   0.0             0.5
11             0.839286                   0.0             0.5
41             0.839286                   0.0             0.5
19             0.839286                   0.0             0.5
39             0.839286                   0.0             0.5
37             0.839286                   0.0             0.5
13             0.839286                   0.0             0.5
35             0.839286                   0.0             0.5
33             0.839286                   0.0             0.5
15             0.839286                   0.0             0.5
31             0.839286                   0.0             0.5
1              0.839286                   0.0             0.5
29             0.839286                   0.0             0.5
27             0.839286                   0.0             0.5
17             0.839286                   0.0             0.5
25             0.839286                   0.0             0.5
23             0.839286                   0.0             0.5
59             0.839286                   0.0             0.5
2023-05-29 02:36:44,322 [INFO] Best model :
SVC(C=0.01, gamma=0.01, kernel='linear', random_state=42)
2023-05-29 02:36:44,328 [INFO] Save train_prediction_log data...
2023-05-29 02:36:44,333 [INFO] {'Data': 'train', 'ACC': '1.0 (74 / 74)', 'TP': 12, 'FP': 0, 'FN': 0, 'TN': 62, 'Precision': '1.0 (12 / 12 + 0)', 'Recall': '1.0 (12 / 12 + 0)', 'F1': '1.0 (2 * (1.0 * 1.0) / 1.0 + 1.0)', 'Specificity': '1.0 (62 / 62 + 0)', 'AUC': 1.0, 'r2': 1.0}
2023-05-29 02:36:44,339 [INFO] Save valid_prediction_log data...
2023-05-29 02:36:44,342 [INFO] {'Data': 'valid', 'ACC': '0.96 (25 / 26)', 'TP': 9, 'FP': 0, 'FN': 1, 'TN': 16, 'Precision': '1.0 (9 / 9 + 0)', 'Recall': '0.9 (9 / 9 + 1)', 'F1': '0.95 (2 * (0.9 * 1.0) / 0.9 + 1.0)', 'Specificity': '1.0 (16 / 16 + 0)', 'AUC': 0.95, 'r2': 0.84}
2023-05-29 02:36:44,357 [INFO] Save test_prediction_log data...
2023-05-29 02:36:44,361 [INFO] {'Data': 'test', 'ACC': '0.69 (18 / 26)', 'TP': 3, 'FP': 1, 'FN': 7, 'TN': 15, 'Precision': '0.75 (3 / 3 + 1)', 'Recall': '0.3 (3 / 3 + 7)', 'F1': '0.43 (2 * (0.3 * 0.75) / 0.3 + 0.75)', 'Specificity': '0.94 (15 / 15 + 1)', 'AUC': 0.62, 'r2': -0.3}
2023-05-29 02:36:44,365 [INFO] Save training_log data...
2023-05-29 02:36:44,369 [INFO] Save score_log data...
2023-05-29 02:36:44,370 [INFO] Time : 4.447356224060059
