2023-05-27 11:28:26,943 [INFO] Train data : Vary_params\DUD-E\MP2K1\nG1_50\ECFP6_256bits\Standard\MP2K1_train_vector.tsv
2023-05-27 11:28:26,943 [INFO] Valid data : Vary_params\DUD-E\MP2K1\nG1_50\ECFP6_256bits\Standard\MP2K1_valid_vector.tsv
2023-05-27 11:28:26,943 [INFO] Output path : Vary_params\DUD-E\MP2K1\nG1_50\ECFP6_256bits\Standard\MP2K1_model\MLP
2023-05-27 11:28:26,943 [INFO] Model type : MLP
2023-05-27 11:28:26,943 [INFO] Use cores : 10
2023-05-27 11:28:26,960 [INFO] Start Learning model
2023-05-27 11:28:26,960 [INFO] Train : 142 | Valid : 35
2023-05-27 11:28:26,960 [INFO] Set parameters : {'hidden_layer_sizes': [(50,), (100,), (50, 50), (100, 100)], 'learning_rate': ['constant', 'invscaling', 'adaptive'], 'activation': ['relu', 'identity', 'logistic', 'tanh'], 'solver': ['adam', 'sgd', 'lbfgs'], 'alpha': [0.1, 0.01, 0.001], 'max_iter': [500, 1000], 'early_stopping': [True]}
2023-05-27 11:29:38,581 [INFO] GridSearchCV results :
     mean_valid_accuracy  mean_valid_precision  mean_valid_auc
182             0.980000                   1.0           0.975
503             0.980000                   1.0           0.975
254             0.972857                   1.0           0.965
119             0.980000                   1.0           0.975
594             0.901905                   1.0           0.875
..                   ...                   ...             ...
645             0.598571                   0.0           0.500
532             0.598571                   0.0           0.500
642             0.598571                   0.0           0.500
639             0.598571                   0.0           0.500
615             0.598571                   0.0           0.500

[864 rows x 3 columns]
2023-05-27 11:29:38,582 [INFO] Best model :
MLPClassifier(alpha=0.1, early_stopping=True, hidden_layer_sizes=(50,),
              max_iter=500, random_state=42, solver='lbfgs')
2023-05-27 11:29:38,587 [INFO] Save train_prediction_log data...
2023-05-27 11:29:38,590 [INFO] {'Data': 'train', 'ACC': '1.0 (142 / 142)', 'TP': 57, 'FP': 0, 'FN': 0, 'TN': 85, 'Precision': '1.0 (57 / 57 + 0)', 'Recall': '1.0 (57 / 57 + 0)', 'F1': '1.0 (2 * (1.0 * 1.0) / 1.0 + 1.0)', 'Specificity': '1.0 (85 / 85 + 0)', 'AUC': 1.0, 'r2': 1.0}
2023-05-27 11:29:38,593 [INFO] Save valid_prediction_log data...
2023-05-27 11:29:38,596 [INFO] {'Data': 'valid', 'ACC': '1.0 (35 / 35)', 'TP': 14, 'FP': 0, 'FN': 0, 'TN': 21, 'Precision': '1.0 (14 / 14 + 0)', 'Recall': '1.0 (14 / 14 + 0)', 'F1': '1.0 (2 * (1.0 * 1.0) / 1.0 + 1.0)', 'Specificity': '1.0 (21 / 21 + 0)', 'AUC': 1.0, 'r2': 1.0}
2023-05-27 11:29:38,605 [INFO] Save test_prediction_log data...
2023-05-27 11:29:38,609 [INFO] {'Data': 'test', 'ACC': '0.66 (23 / 35)', 'TP': 2, 'FP': 0, 'FN': 12, 'TN': 21, 'Precision': '1.0 (2 / 2 + 0)', 'Recall': '0.14 (2 / 2 + 12)', 'F1': '0.25 (2 * (0.14 * 1.0) / 0.14 + 1.0)', 'Specificity': '1.0 (21 / 21 + 0)', 'AUC': 0.57, 'r2': -0.43}
2023-05-27 11:29:38,611 [INFO] Save training_log data...
2023-05-27 11:29:38,615 [INFO] Save score_log data...
2023-05-27 11:29:38,616 [INFO] Time : 71.67320513725281
