2023-05-29 04:49:32,981 [INFO] Train data : Vary_params_CDK2_EGFR_LCK\DUD-E\LCK\nG1_20\ECFP6_512bits\Robust\LCK_train_vector.tsv
2023-05-29 04:49:32,981 [INFO] Valid data : Vary_params_CDK2_EGFR_LCK\DUD-E\LCK\nG1_20\ECFP6_512bits\Robust\LCK_valid_vector.tsv
2023-05-29 04:49:32,981 [INFO] Output path : Vary_params_CDK2_EGFR_LCK\DUD-E\LCK\nG1_20\ECFP6_512bits\Robust\LCK_model\XGB
2023-05-29 04:49:32,981 [INFO] Model type : XGB
2023-05-29 04:49:32,981 [INFO] Use cores : 19
2023-05-29 04:49:33,014 [INFO] Start Learning model
2023-05-29 04:49:33,014 [INFO] Train : 766 | Valid : 185
2023-05-29 04:49:33,016 [INFO] Set parameters : {'max_depth': [4, 6, 8], 'learning_rate': [0.01, 0.2], 'n_estimators': [200, 600, 1000], 'gamma': [0, 1000], 'min_child_weight': [1, 3], 'subsample': [0.5, 1], 'colsample_bytree': [0.5, 1], 'objective': ['binary:logitraw'], 'eval_metric': ['auc', 'error']}
2023-05-29 05:15:34,099 [INFO] GridSearchCV results :
     mean_valid_accuracy  mean_valid_precision  mean_valid_auc
170             0.960971              0.989767        0.955423
26              0.960971              0.989767        0.955423
175             0.942584              0.989396        0.933595
31              0.942584              0.989396        0.933595
156             0.947830              0.988978        0.939845
..                   ...                   ...             ...
97              0.577033              0.000000        0.500000
98              0.577033              0.000000        0.500000
287             0.577033              0.000000        0.500000
286             0.577033              0.000000        0.500000
575             0.577033              0.000000        0.500000

[576 rows x 3 columns]
2023-05-29 05:15:34,101 [INFO] Best model :
XGBClassifier(base_score=None, booster=None, callbacks=None,
              colsample_bylevel=None, colsample_bynode=None,
              colsample_bytree=0.5, early_stopping_rounds=None,
              enable_categorical=False, eval_metric='auc', feature_types=None,
              gamma=0, gpu_id=None, grow_policy=None, importance_type=None,
              interaction_constraints=None, learning_rate=0.01, max_bin=None,
              max_cat_threshold=None, max_cat_to_onehot=None,
              max_delta_step=None, max_depth=8, max_leaves=None,
              min_child_weight=1, missing=nan, monotone_constraints=None,
              n_estimators=600, n_jobs=0, num_parallel_tree=None,
              objective='binary:logitraw', predictor=None, ...)
2023-05-29 05:15:34,119 [INFO] Save train_prediction_log data...
2023-05-29 05:15:34,123 [INFO] {'Data': 'train', 'ACC': '0.99 (761 / 766)', 'TP': 319, 'FP': 0, 'FN': 5, 'TN': 442, 'Precision': '1.0 (319 / 319 + 0)', 'Recall': '0.98 (319 / 319 + 5)', 'F1': '0.99 (2 * (0.98 * 1.0) / 0.98 + 1.0)', 'Specificity': '1.0 (442 / 442 + 0)', 'AUC': 0.99, 'r2': 0.97}
2023-05-29 05:15:34,137 [INFO] Save valid_prediction_log data...
2023-05-29 05:15:34,139 [INFO] {'Data': 'valid', 'ACC': '0.99 (184 / 185)', 'TP': 74, 'FP': 1, 'FN': 0, 'TN': 110, 'Precision': '0.99 (74 / 74 + 1)', 'Recall': '1.0 (74 / 74 + 0)', 'F1': '0.99 (2 * (1.0 * 0.99) / 1.0 + 0.99)', 'Specificity': '0.99 (110 / 110 + 1)', 'AUC': 1.0, 'r2': 0.98}
2023-05-29 05:15:34,169 [INFO] Save test_prediction_log data...
2023-05-29 05:15:34,171 [INFO] {'Data': 'test', 'ACC': '0.7 (130 / 185)', 'TP': 45, 'FP': 26, 'FN': 29, 'TN': 85, 'Precision': '0.63 (45 / 45 + 26)', 'Recall': '0.61 (45 / 45 + 29)', 'F1': '0.62 (2 * (0.61 * 0.63) / 0.61 + 0.63)', 'Specificity': '0.77 (85 / 85 + 26)', 'AUC': 0.69, 'r2': -0.24}
2023-05-29 05:15:34,184 [INFO] Save training_log data...
2023-05-29 05:15:34,189 [INFO] Save score_log data...
2023-05-29 05:15:34,190 [INFO] Time : 1561.2085456848145
