2023-05-28 18:24:22,951 [INFO] Train data : Vary_params_A\DUD-E\MK10\nG1_50\ECFP6_256bits\MinMax\MK10_train_vector.tsv
2023-05-28 18:24:22,951 [INFO] Valid data : Vary_params_A\DUD-E\MK10\nG1_50\ECFP6_256bits\MinMax\MK10_valid_vector.tsv
2023-05-28 18:24:22,951 [INFO] Output path : Vary_params_A\DUD-E\MK10\nG1_50\ECFP6_256bits\MinMax\MK10_model\MLP
2023-05-28 18:24:22,952 [INFO] Model type : MLP
2023-05-28 18:24:22,952 [INFO] Use cores : 3
2023-05-28 18:24:22,971 [INFO] Start Learning model
2023-05-28 18:24:22,971 [INFO] Train : 104 | Valid : 26
2023-05-28 18:24:22,971 [INFO] Set parameters : {'hidden_layer_sizes': [(50,), (100,), (50, 50), (100, 100)], 'learning_rate': ['constant', 'invscaling', 'adaptive'], 'activation': ['relu', 'identity', 'logistic', 'tanh'], 'solver': ['adam', 'sgd', 'lbfgs'], 'alpha': [0.1, 0.01, 0.001], 'max_iter': [500, 1000], 'early_stopping': [True]}
2023-05-28 18:29:24,567 [INFO] GridSearchCV results :
     mean_valid_accuracy  mean_valid_precision  mean_valid_auc
260             0.923636              0.937143        0.924167
704             0.932727              0.937143        0.934167
698             0.914545              0.937143        0.911667
695             0.914545              0.937143        0.911667
488             0.932727              0.937143        0.934167
..                   ...                   ...             ...
498             0.596364              0.000000        0.500000
495             0.596364              0.000000        0.500000
492             0.596364              0.000000        0.500000
489             0.596364              0.000000        0.500000
639             0.596364              0.000000        0.500000

[864 rows x 3 columns]
2023-05-28 18:29:24,569 [INFO] Best model :
MLPClassifier(alpha=0.1, early_stopping=True, hidden_layer_sizes=(50,),
              max_iter=500, random_state=42, solver='lbfgs')
2023-05-28 18:29:24,575 [INFO] Save train_prediction_log data...
2023-05-28 18:29:24,579 [INFO] {'Data': 'train', 'ACC': '1.0 (104 / 104)', 'TP': 42, 'FP': 0, 'FN': 0, 'TN': 62, 'Precision': '1.0 (42 / 42 + 0)', 'Recall': '1.0 (42 / 42 + 0)', 'F1': '1.0 (2 * (1.0 * 1.0) / 1.0 + 1.0)', 'Specificity': '1.0 (62 / 62 + 0)', 'AUC': 1.0, 'r2': 1.0}
2023-05-28 18:29:24,584 [INFO] Save valid_prediction_log data...
2023-05-28 18:29:24,588 [INFO] {'Data': 'valid', 'ACC': '1.0 (26 / 26)', 'TP': 10, 'FP': 0, 'FN': 0, 'TN': 16, 'Precision': '1.0 (10 / 10 + 0)', 'Recall': '1.0 (10 / 10 + 0)', 'F1': '1.0 (2 * (1.0 * 1.0) / 1.0 + 1.0)', 'Specificity': '1.0 (16 / 16 + 0)', 'AUC': 1.0, 'r2': 1.0}
2023-05-28 18:29:24,601 [INFO] Save test_prediction_log data...
2023-05-28 18:29:24,604 [INFO] {'Data': 'test', 'ACC': '0.62 (16 / 26)', 'TP': 3, 'FP': 3, 'FN': 7, 'TN': 13, 'Precision': '0.5 (3 / 3 + 3)', 'Recall': '0.3 (3 / 3 + 7)', 'F1': '0.37 (2 * (0.3 * 0.5) / 0.3 + 0.5)', 'Specificity': '0.81 (13 / 13 + 3)', 'AUC': 0.56, 'r2': -0.62}
2023-05-28 18:29:24,606 [INFO] Save training_log data...
2023-05-28 18:29:24,613 [INFO] Save score_log data...
2023-05-28 18:29:24,615 [INFO] Time : 301.66444730758667
