2023-05-30 01:02:24,781 [INFO] Train data : Baseline_noscale\DUD-E\MAPK2\ECFP6_256bits\MAPK2_raw_train.tsv
2023-05-30 01:02:24,781 [INFO] Valid data : Baseline_noscale\DUD-E\MAPK2\ECFP6_256bits\MAPK2_raw_valid.tsv
2023-05-30 01:02:24,781 [INFO] Output path : Baseline_noscale\DUD-E\MAPK2\ECFP6_256bits\MAPK2_model\MLP
2023-05-30 01:02:24,781 [INFO] Model type : MLP
2023-05-30 01:02:24,781 [INFO] Use cores : 12
2023-05-30 01:02:24,790 [INFO] Start Learning model
2023-05-30 01:02:24,790 [INFO] Train : 102 | Valid : 25
2023-05-30 01:02:24,791 [INFO] Set parameters : {'hidden_layer_sizes': [(50,), (100,), (50, 50), (100, 100)], 'learning_rate': ['constant', 'invscaling', 'adaptive'], 'activation': ['relu', 'identity', 'logistic', 'tanh'], 'solver': ['adam', 'sgd', 'lbfgs'], 'alpha': [0.1, 0.01, 0.001], 'max_iter': [500, 1000], 'early_stopping': [True]}
2023-05-30 01:03:17,353 [INFO] GridSearchCV results :
     mean_valid_accuracy  mean_valid_precision  mean_valid_auc
522             0.824545                   1.0           0.785
528             0.824545                   1.0           0.785
603             0.824545                   1.0           0.785
456             0.824545                   1.0           0.785
600             0.824545                   1.0           0.785
..                   ...                   ...             ...
595             0.598182                   0.0           0.500
598             0.598182                   0.0           0.500
601             0.598182                   0.0           0.500
604             0.598182                   0.0           0.500
469             0.598182                   0.0           0.500

[864 rows x 3 columns]
2023-05-30 01:03:17,354 [INFO] Best model :
MLPClassifier(activation='logistic', alpha=0.1, early_stopping=True,
              max_iter=500, random_state=42)
2023-05-30 01:03:17,358 [INFO] Save train_prediction_log data...
2023-05-30 01:03:17,361 [INFO] {'Data': 'train', 'ACC': '0.88 (90 / 102)', 'TP': 29, 'FP': 0, 'FN': 12, 'TN': 61, 'Precision': '1.0 (29 / 29 + 0)', 'Recall': '0.71 (29 / 29 + 12)', 'F1': '0.83 (2 * (0.71 * 1.0) / 0.71 + 1.0)', 'Specificity': '1.0 (61 / 61 + 0)', 'AUC': 0.85, 'r2': 0.51}
2023-05-30 01:03:17,364 [INFO] Save valid_prediction_log data...
2023-05-30 01:03:17,365 [INFO] {'Data': 'valid', 'ACC': '0.96 (24 / 25)', 'TP': 9, 'FP': 0, 'FN': 1, 'TN': 15, 'Precision': '1.0 (9 / 9 + 0)', 'Recall': '0.9 (9 / 9 + 1)', 'F1': '0.95 (2 * (0.9 * 1.0) / 0.9 + 1.0)', 'Specificity': '1.0 (15 / 15 + 0)', 'AUC': 0.95, 'r2': 0.83}
2023-05-30 01:03:17,372 [INFO] Save test_prediction_log data...
2023-05-30 01:03:17,373 [INFO] {'Data': 'test', 'ACC': '0.68 (17 / 25)', 'TP': 2, 'FP': 0, 'FN': 8, 'TN': 15, 'Precision': '1.0 (2 / 2 + 0)', 'Recall': '0.2 (2 / 2 + 8)', 'F1': '0.33 (2 * (0.2 * 1.0) / 0.2 + 1.0)', 'Specificity': '1.0 (15 / 15 + 0)', 'AUC': 0.6, 'r2': -0.33}
2023-05-30 01:03:17,376 [INFO] Save training_log data...
2023-05-30 01:03:17,380 [INFO] Save score_log data...
2023-05-30 01:03:17,380 [INFO] Time : 52.59919333457947
