2023-05-28 06:19:07,482 [INFO] Train data : Vary_params_IGF1R_KIT\DUD-E\IGF1R\nG1_50\ECFP4_512bits\Robust\IGF1R_train_vector.tsv
2023-05-28 06:19:07,482 [INFO] Valid data : Vary_params_IGF1R_KIT\DUD-E\IGF1R\nG1_50\ECFP4_512bits\Robust\IGF1R_valid_vector.tsv
2023-05-28 06:19:07,482 [INFO] Output path : Vary_params_IGF1R_KIT\DUD-E\IGF1R\nG1_50\ECFP4_512bits\Robust\IGF1R_model\RF
2023-05-28 06:19:07,482 [INFO] Model type : RF
2023-05-28 06:19:07,482 [INFO] Use cores : 10
2023-05-28 06:19:07,503 [INFO] Start Learning model
2023-05-28 06:19:07,503 [INFO] Train : 196 | Valid : 49
2023-05-28 06:19:07,504 [INFO] Set parameters : {'max_depth': [6, 8, 10, 12], 'max_features': ['sqrt', 'log2'], 'min_samples_leaf': [2, 4, 8, 10], 'min_samples_split': [2, 4, 8, 10], 'n_estimators': [200, 600, 1000]}
2023-05-28 06:24:05,752 [INFO] GridSearchCV results :
     mean_valid_accuracy  mean_valid_precision  mean_valid_auc
0                  0.995                   1.0         0.99375
1                  0.995                   1.0         0.99375
262                0.990                   1.0         0.98750
261                0.990                   1.0         0.98750
260                0.990                   1.0         0.98750
..                   ...                   ...             ...
125                0.995                   1.0         0.99375
124                0.990                   1.0         0.98750
123                0.990                   1.0         0.98750
122                0.995                   1.0         0.99375
383                0.995                   1.0         0.99375

[384 rows x 3 columns]
2023-05-28 06:24:05,753 [INFO] Best model :
RandomForestClassifier(class_weight='balanced', max_depth=6, min_samples_leaf=2,
                       n_estimators=200, random_state=42)
2023-05-28 06:24:05,767 [INFO] Save train_prediction_log data...
2023-05-28 06:24:05,769 [INFO] {'Data': 'train', 'ACC': '1.0 (196 / 196)', 'TP': 78, 'FP': 0, 'FN': 0, 'TN': 118, 'Precision': '1.0 (78 / 78 + 0)', 'Recall': '1.0 (78 / 78 + 0)', 'F1': '1.0 (2 * (1.0 * 1.0) / 1.0 + 1.0)', 'Specificity': '1.0 (118 / 118 + 0)', 'AUC': 1.0, 'r2': 1.0}
2023-05-28 06:24:05,781 [INFO] Save valid_prediction_log data...
2023-05-28 06:24:05,783 [INFO] {'Data': 'valid', 'ACC': '1.0 (49 / 49)', 'TP': 20, 'FP': 0, 'FN': 0, 'TN': 29, 'Precision': '1.0 (20 / 20 + 0)', 'Recall': '1.0 (20 / 20 + 0)', 'F1': '1.0 (2 * (1.0 * 1.0) / 1.0 + 1.0)', 'Specificity': '1.0 (29 / 29 + 0)', 'AUC': 1.0, 'r2': 1.0}
2023-05-28 06:24:05,802 [INFO] Save test_prediction_log data...
2023-05-28 06:24:05,804 [INFO] {'Data': 'test', 'ACC': '0.67 (33 / 49)', 'TP': 5, 'FP': 1, 'FN': 15, 'TN': 28, 'Precision': '0.83 (5 / 5 + 1)', 'Recall': '0.25 (5 / 5 + 15)', 'F1': '0.38 (2 * (0.25 * 0.83) / 0.25 + 0.83)', 'Specificity': '0.97 (28 / 28 + 1)', 'AUC': 0.61, 'r2': -0.35}
2023-05-28 06:24:05,835 [INFO] Save training_log data...
2023-05-28 06:24:05,837 [INFO] Save score_log data...
2023-05-28 06:24:05,838 [INFO] Time : 298.3568012714386
