2023-05-30 01:08:59,392 [INFO] Train data : Vary_params_BRAF_MK14\DUD-E\MK14\nG1_20\ECFP6_512bits\Robust\MK14_train_vector.tsv
2023-05-30 01:08:59,392 [INFO] Valid data : Vary_params_BRAF_MK14\DUD-E\MK14\nG1_20\ECFP6_512bits\Robust\MK14_valid_vector.tsv
2023-05-30 01:08:59,392 [INFO] Output path : Vary_params_BRAF_MK14\DUD-E\MK14\nG1_20\ECFP6_512bits\Robust\MK14_model\MLP
2023-05-30 01:08:59,392 [INFO] Model type : MLP
2023-05-30 01:08:59,392 [INFO] Use cores : 10
2023-05-30 01:08:59,439 [INFO] Start Learning model
2023-05-30 01:08:59,440 [INFO] Train : 931 | Valid : 225
2023-05-30 01:08:59,440 [INFO] Set parameters : {'hidden_layer_sizes': [(50,), (100,), (50, 50), (100, 100)], 'learning_rate': ['constant', 'invscaling', 'adaptive'], 'activation': ['relu', 'identity', 'logistic', 'tanh'], 'solver': ['adam', 'sgd', 'lbfgs'], 'alpha': [0.1, 0.01, 0.001], 'max_iter': [500, 1000], 'early_stopping': [True]}
2023-05-30 01:22:49,500 [INFO] GridSearchCV results :
     mean_valid_accuracy  mean_valid_precision  mean_valid_auc
468             0.937772              0.970798        0.929236
471             0.937772              0.970798        0.929236
474             0.937772              0.970798        0.929236
477             0.937772              0.970798        0.929236
480             0.937772              0.970798        0.929236
..                   ...                   ...             ...
553             0.581091              0.000000        0.500000
556             0.581091              0.000000        0.500000
559             0.581091              0.000000        0.500000
562             0.581091              0.000000        0.500000
613             0.581091              0.000000        0.500000

[864 rows x 3 columns]
2023-05-30 01:22:49,501 [INFO] Best model :
MLPClassifier(activation='logistic', alpha=0.1, early_stopping=True,
              hidden_layer_sizes=(50, 50), max_iter=500, random_state=42)
2023-05-30 01:22:49,513 [INFO] Save train_prediction_log data...
2023-05-30 01:22:49,517 [INFO] {'Data': 'train', 'ACC': '0.99 (919 / 931)', 'TP': 378, 'FP': 0, 'FN': 12, 'TN': 541, 'Precision': '1.0 (378 / 378 + 0)', 'Recall': '0.97 (378 / 378 + 12)', 'F1': '0.98 (2 * (0.97 * 1.0) / 0.97 + 1.0)', 'Specificity': '1.0 (541 / 541 + 0)', 'AUC': 0.98, 'r2': 0.95}
2023-05-30 01:22:49,523 [INFO] Save valid_prediction_log data...
2023-05-30 01:22:49,908 [INFO] {'Data': 'valid', 'ACC': '0.97 (218 / 225)', 'TP': 86, 'FP': 3, 'FN': 4, 'TN': 132, 'Precision': '0.97 (86 / 86 + 3)', 'Recall': '0.96 (86 / 86 + 4)', 'F1': '0.96 (2 * (0.96 * 0.97) / 0.96 + 0.97)', 'Specificity': '0.98 (132 / 132 + 3)', 'AUC': 0.97, 'r2': 0.87}
2023-05-30 01:22:49,931 [INFO] Save test_prediction_log data...
2023-05-30 01:22:49,934 [INFO] {'Data': 'test', 'ACC': '0.64 (143 / 225)', 'TP': 58, 'FP': 50, 'FN': 32, 'TN': 85, 'Precision': '0.54 (58 / 58 + 50)', 'Recall': '0.64 (58 / 58 + 32)', 'F1': '0.59 (2 * (0.64 * 0.54) / 0.64 + 0.54)', 'Specificity': '0.63 (85 / 85 + 50)', 'AUC': 0.64, 'r2': -0.52}
2023-05-30 01:22:49,938 [INFO] Save training_log data...
2023-05-30 01:22:49,951 [INFO] Save score_log data...
2023-05-30 01:22:49,952 [INFO] Time : 830.5600082874298
