2023-05-30 23:10:52,416 [INFO] Train data : Vary_params_BRAF_MK14\DUD-E\MK14\nG1_80\ECFP6_256bits\Robust\MK14_train_vector.tsv
2023-05-30 23:10:52,416 [INFO] Valid data : Vary_params_BRAF_MK14\DUD-E\MK14\nG1_80\ECFP6_256bits\Robust\MK14_valid_vector.tsv
2023-05-30 23:10:52,416 [INFO] Output path : Vary_params_BRAF_MK14\DUD-E\MK14\nG1_80\ECFP6_256bits\Robust\MK14_model\MLP
2023-05-30 23:10:52,416 [INFO] Model type : MLP
2023-05-30 23:10:52,416 [INFO] Use cores : 10
2023-05-30 23:10:52,439 [INFO] Start Learning model
2023-05-30 23:10:52,439 [INFO] Train : 871 | Valid : 225
2023-05-30 23:10:52,439 [INFO] Set parameters : {'hidden_layer_sizes': [(50,), (100,), (50, 50), (100, 100)], 'learning_rate': ['constant', 'invscaling', 'adaptive'], 'activation': ['relu', 'identity', 'logistic', 'tanh'], 'solver': ['adam', 'sgd', 'lbfgs'], 'alpha': [0.1, 0.01, 0.001], 'max_iter': [500, 1000], 'early_stopping': [True]}
2023-05-30 23:27:50,294 [INFO] GridSearchCV results :
     mean_valid_accuracy  mean_valid_precision  mean_valid_auc
558             0.838166              0.881226        0.806431
570             0.838166              0.881226        0.806431
567             0.838166              0.881226        0.806431
564             0.838166              0.881226        0.806431
561             0.838166              0.881226        0.806431
..                   ...                   ...             ...
559             0.619971              0.045455        0.502020
562             0.619971              0.045455        0.502020
490             0.619971              0.045455        0.502020
487             0.619971              0.045455        0.502020
502             0.619971              0.045455        0.502020

[864 rows x 3 columns]
2023-05-30 23:27:50,295 [INFO] Best model :
MLPClassifier(activation='logistic', alpha=0.01, early_stopping=True,
              hidden_layer_sizes=(100, 100), max_iter=500, random_state=42)
2023-05-30 23:27:50,309 [INFO] Save train_prediction_log data...
2023-05-30 23:27:50,313 [INFO] {'Data': 'train', 'ACC': '0.99 (860 / 871)', 'TP': 323, 'FP': 4, 'FN': 7, 'TN': 537, 'Precision': '0.99 (323 / 323 + 4)', 'Recall': '0.98 (323 / 323 + 7)', 'F1': '0.98 (2 * (0.98 * 0.99) / 0.98 + 0.99)', 'Specificity': '0.99 (537 / 537 + 4)', 'AUC': 0.99, 'r2': 0.95}
2023-05-30 23:27:50,319 [INFO] Save valid_prediction_log data...
2023-05-30 23:27:50,321 [INFO] {'Data': 'valid', 'ACC': '0.87 (195 / 225)', 'TP': 76, 'FP': 16, 'FN': 14, 'TN': 119, 'Precision': '0.83 (76 / 76 + 16)', 'Recall': '0.84 (76 / 76 + 14)', 'F1': '0.83 (2 * (0.84 * 0.83) / 0.84 + 0.83)', 'Specificity': '0.88 (119 / 119 + 16)', 'AUC': 0.86, 'r2': 0.44}
2023-05-30 23:27:50,347 [INFO] Save test_prediction_log data...
2023-05-30 23:27:50,724 [INFO] {'Data': 'test', 'ACC': '0.6 (136 / 225)', 'TP': 41, 'FP': 40, 'FN': 49, 'TN': 95, 'Precision': '0.51 (41 / 41 + 40)', 'Recall': '0.46 (41 / 41 + 49)', 'F1': '0.48 (2 * (0.46 * 0.51) / 0.46 + 0.51)', 'Specificity': '0.7 (95 / 95 + 40)', 'AUC': 0.58, 'r2': -0.65}
2023-05-30 23:27:50,854 [INFO] Save training_log data...
2023-05-30 23:27:50,903 [INFO] Save score_log data...
2023-05-30 23:27:50,904 [INFO] Time : 1018.4882619380951
