2023-05-27 10:04:51,133 [INFO] Train data : Vary_params\DUD-E\MP2K1\nG1_50\ECFP4_256bits\MinMax\MP2K1_train_vector.tsv
2023-05-27 10:04:51,133 [INFO] Valid data : Vary_params\DUD-E\MP2K1\nG1_50\ECFP4_256bits\MinMax\MP2K1_valid_vector.tsv
2023-05-27 10:04:51,133 [INFO] Output path : Vary_params\DUD-E\MP2K1\nG1_50\ECFP4_256bits\MinMax\MP2K1_model\XGB
2023-05-27 10:04:51,133 [INFO] Model type : XGB
2023-05-27 10:04:51,133 [INFO] Use cores : 10
2023-05-27 10:04:51,145 [INFO] Start Learning model
2023-05-27 10:04:51,145 [INFO] Train : 142 | Valid : 35
2023-05-27 10:04:51,146 [INFO] Set parameters : {'max_depth': [4, 6, 8], 'learning_rate': [0.01, 0.2], 'n_estimators': [200, 600, 1000], 'gamma': [0, 1000], 'min_child_weight': [1, 3], 'subsample': [0.5, 1], 'colsample_bytree': [0.5, 1], 'objective': ['binary:logitraw'], 'eval_metric': ['auc', 'error']}
2023-05-27 10:10:39,063 [INFO] GridSearchCV results :
     mean_valid_accuracy  mean_valid_precision  mean_valid_auc
0               0.980000                   1.0        0.975000
176             0.951905                   1.0        0.941667
290             0.980000                   1.0        0.975000
292             0.980000                   1.0        0.975000
293             0.958571                   1.0        0.946667
..                   ...                   ...             ...
264             0.598571                   0.0        0.500000
263             0.598571                   0.0        0.500000
262             0.598571                   0.0        0.500000
261             0.598571                   0.0        0.500000
575             0.598571                   0.0        0.500000

[576 rows x 3 columns]
2023-05-27 10:10:39,065 [INFO] Best model :
XGBClassifier(base_score=None, booster=None, callbacks=None,
              colsample_bylevel=None, colsample_bynode=None,
              colsample_bytree=0.5, early_stopping_rounds=None,
              enable_categorical=False, eval_metric='auc', feature_types=None,
              gamma=0, gpu_id=None, grow_policy=None, importance_type=None,
              interaction_constraints=None, learning_rate=0.01, max_bin=None,
              max_cat_threshold=None, max_cat_to_onehot=None,
              max_delta_step=None, max_depth=4, max_leaves=None,
              min_child_weight=1, missing=nan, monotone_constraints=None,
              n_estimators=200, n_jobs=0, num_parallel_tree=None,
              objective='binary:logitraw', predictor=None, ...)
2023-05-27 10:10:39,074 [INFO] Save train_prediction_log data...
2023-05-27 10:10:39,078 [INFO] {'Data': 'train', 'ACC': '0.98 (139 / 142)', 'TP': 54, 'FP': 0, 'FN': 3, 'TN': 85, 'Precision': '1.0 (54 / 54 + 0)', 'Recall': '0.95 (54 / 54 + 3)', 'F1': '0.97 (2 * (0.95 * 1.0) / 0.95 + 1.0)', 'Specificity': '1.0 (85 / 85 + 0)', 'AUC': 0.97, 'r2': 0.91}
2023-05-27 10:10:39,087 [INFO] Save valid_prediction_log data...
2023-05-27 10:10:39,090 [INFO] {'Data': 'valid', 'ACC': '1.0 (35 / 35)', 'TP': 14, 'FP': 0, 'FN': 0, 'TN': 21, 'Precision': '1.0 (14 / 14 + 0)', 'Recall': '1.0 (14 / 14 + 0)', 'F1': '1.0 (2 * (1.0 * 1.0) / 1.0 + 1.0)', 'Specificity': '1.0 (21 / 21 + 0)', 'AUC': 1.0, 'r2': 1.0}
2023-05-27 10:10:39,104 [INFO] Save test_prediction_log data...
2023-05-27 10:10:39,107 [INFO] {'Data': 'test', 'ACC': '0.6 (21 / 35)', 'TP': 2, 'FP': 2, 'FN': 12, 'TN': 19, 'Precision': '0.5 (2 / 2 + 2)', 'Recall': '0.14 (2 / 2 + 12)', 'F1': '0.22 (2 * (0.14 * 0.5) / 0.14 + 0.5)', 'Specificity': '0.9 (19 / 19 + 2)', 'AUC': 0.52, 'r2': -0.67}
2023-05-27 10:10:39,111 [INFO] Save training_log data...
2023-05-27 10:10:39,116 [INFO] Save score_log data...
2023-05-27 10:10:39,117 [INFO] Time : 347.98453402519226
