2023-05-29 10:14:47,166 [INFO] Train data : Vary_params_CDK2_EGFR_LCK\DUD-E\LCK\nG1_50\ECFP6_256bits\MinMax\LCK_train_vector.tsv
2023-05-29 10:14:47,166 [INFO] Valid data : Vary_params_CDK2_EGFR_LCK\DUD-E\LCK\nG1_50\ECFP6_256bits\MinMax\LCK_valid_vector.tsv
2023-05-29 10:14:47,166 [INFO] Output path : Vary_params_CDK2_EGFR_LCK\DUD-E\LCK\nG1_50\ECFP6_256bits\MinMax\LCK_model\SVM
2023-05-29 10:14:47,166 [INFO] Model type : SVM
2023-05-29 10:14:47,166 [INFO] Use cores : 19
2023-05-29 10:14:47,185 [INFO] Start Learning model
2023-05-29 10:14:47,185 [INFO] Train : 736 | Valid : 185
2023-05-29 10:14:47,186 [INFO] Set parameters : {'kernel': ['linear', 'rbf'], 'C': [0.01, 0.1, 1, 10, 100, 1000], 'gamma': [0.01, 0.1, 1, 100, 1000]}
2023-05-29 10:14:51,226 [INFO] GridSearchCV results :
    mean_valid_accuracy  mean_valid_precision  mean_valid_auc
43             0.766346              1.000000        0.707644
23             0.720178              1.000000        0.649885
53             0.766346              1.000000        0.707644
11             0.835487              1.000000        0.793966
33             0.766346              1.000000        0.707644
21             0.960607              0.973278        0.955417
0              0.955220              0.958865        0.951005
2              0.955220              0.958865        0.951005
4              0.955220              0.958865        0.951005
6              0.955220              0.958865        0.951005
8              0.955220              0.958865        0.951005
51             0.956553              0.957469        0.953234
41             0.956553              0.957469        0.953234
31             0.956553              0.957469        0.953234
14             0.929322              0.915755        0.927221
18             0.929322              0.915755        0.927221
10             0.929322              0.915755        0.927221
16             0.929322              0.915755        0.927221
12             0.929322              0.915755        0.927221
50             0.923899              0.906679        0.921558
48             0.923899              0.906679        0.921558
46             0.923899              0.906679        0.921558
44             0.923899              0.906679        0.921558
52             0.923899              0.906679        0.921558
56             0.923899              0.906679        0.921558
42             0.923899              0.906679        0.921558
58             0.923899              0.906679        0.921558
40             0.923899              0.906679        0.921558
38             0.923899              0.906679        0.921558
36             0.923899              0.906679        0.921558
34             0.923899              0.906679        0.921558
54             0.923899              0.906679        0.921558
30             0.923899              0.906679        0.921558
32             0.923899              0.906679        0.921558
28             0.923899              0.906679        0.921558
22             0.923899              0.906679        0.921558
24             0.923899              0.906679        0.921558
26             0.923899              0.906679        0.921558
20             0.923899              0.906679        0.921558
39             0.600555              0.000000        0.500000
17             0.600555              0.000000        0.500000
3              0.600555              0.000000        0.500000
57             0.600555              0.000000        0.500000
5              0.600555              0.000000        0.500000
55             0.600555              0.000000        0.500000
7              0.600555              0.000000        0.500000
9              0.600555              0.000000        0.500000
13             0.600555              0.000000        0.500000
15             0.600555              0.000000        0.500000
49             0.600555              0.000000        0.500000
27             0.600555              0.000000        0.500000
19             0.600555              0.000000        0.500000
47             0.600555              0.000000        0.500000
1              0.600555              0.000000        0.500000
45             0.600555              0.000000        0.500000
35             0.600555              0.000000        0.500000
29             0.600555              0.000000        0.500000
25             0.600555              0.000000        0.500000
37             0.600555              0.000000        0.500000
59             0.600555              0.000000        0.500000
2023-05-29 10:14:51,227 [INFO] Best model :
SVC(C=0.1, gamma=0.01, random_state=42)
2023-05-29 10:14:51,271 [INFO] Save train_prediction_log data...
2023-05-29 10:14:51,275 [INFO] {'Data': 'train', 'ACC': '0.9 (665 / 736)', 'TP': 223, 'FP': 0, 'FN': 71, 'TN': 442, 'Precision': '1.0 (223 / 223 + 0)', 'Recall': '0.76 (223 / 223 + 71)', 'F1': '0.86 (2 * (0.76 * 1.0) / 0.76 + 1.0)', 'Specificity': '1.0 (442 / 442 + 0)', 'AUC': 0.88, 'r2': 0.6}
2023-05-29 10:14:51,288 [INFO] Save valid_prediction_log data...
2023-05-29 10:14:51,290 [INFO] {'Data': 'valid', 'ACC': '0.94 (173 / 185)', 'TP': 62, 'FP': 0, 'FN': 12, 'TN': 111, 'Precision': '1.0 (62 / 62 + 0)', 'Recall': '0.84 (62 / 62 + 12)', 'F1': '0.91 (2 * (0.84 * 1.0) / 0.84 + 1.0)', 'Specificity': '1.0 (111 / 111 + 0)', 'AUC': 0.92, 'r2': 0.73}
2023-05-29 10:14:51,310 [INFO] Save test_prediction_log data...
2023-05-29 10:14:51,312 [INFO] {'Data': 'test', 'ACC': '0.71 (131 / 185)', 'TP': 26, 'FP': 6, 'FN': 48, 'TN': 105, 'Precision': '0.81 (26 / 26 + 6)', 'Recall': '0.35 (26 / 26 + 48)', 'F1': '0.49 (2 * (0.35 * 0.81) / 0.35 + 0.81)', 'Specificity': '0.95 (105 / 105 + 6)', 'AUC': 0.65, 'r2': -0.22}
2023-05-29 10:14:51,315 [INFO] Save training_log data...
2023-05-29 10:14:51,317 [INFO] Save score_log data...
2023-05-29 10:14:51,318 [INFO] Time : 4.152860164642334
