2023-05-27 14:02:00,460 [INFO] Train data : Vary_params\DUD-E\AKT2\nG1_20\ECFP6_256bits\Robust\AKT2_train_vector.tsv
2023-05-27 14:02:00,460 [INFO] Valid data : Vary_params\DUD-E\AKT2\nG1_20\ECFP6_256bits\Robust\AKT2_valid_vector.tsv
2023-05-27 14:02:00,460 [INFO] Output path : Vary_params\DUD-E\AKT2\nG1_20\ECFP6_256bits\Robust\AKT2_model\RF
2023-05-27 14:02:00,460 [INFO] Model type : RF
2023-05-27 14:02:00,461 [INFO] Use cores : 11
2023-05-27 14:02:00,493 [INFO] Start Learning model
2023-05-27 14:02:00,493 [INFO] Train : 155 | Valid : 31
2023-05-27 14:02:00,493 [INFO] Set parameters : {'max_depth': [6, 8, 10, 12], 'max_features': ['sqrt', 'log2'], 'min_samples_leaf': [2, 4, 8, 10], 'min_samples_split': [2, 4, 8, 10], 'n_estimators': [200, 600, 1000]}
2023-05-27 14:07:35,377 [INFO] GridSearchCV results :
     mean_valid_accuracy  mean_valid_precision  mean_valid_auc
144             0.968750              1.000000        0.968750
147             0.968750              1.000000        0.968750
101             0.968333              0.988889        0.967857
261             0.955833              0.988889        0.955357
258             0.962083              0.988889        0.961607
..                   ...                   ...             ...
228             0.922917              0.941667        0.921429
231             0.922917              0.941667        0.921429
234             0.922917              0.941667        0.921429
237             0.922917              0.941667        0.921429
42              0.922917              0.941667        0.921429

[384 rows x 3 columns]
2023-05-27 14:07:35,378 [INFO] Best model :
RandomForestClassifier(class_weight='balanced', max_depth=8,
                       max_features='log2', min_samples_leaf=2,
                       n_estimators=200, random_state=42)
2023-05-27 14:07:35,398 [INFO] Save train_prediction_log data...
2023-05-27 14:07:35,402 [INFO] {'Data': 'train', 'ACC': '1.0 (155 / 155)', 'TP': 80, 'FP': 0, 'FN': 0, 'TN': 75, 'Precision': '1.0 (80 / 80 + 0)', 'Recall': '1.0 (80 / 80 + 0)', 'F1': '1.0 (2 * (1.0 * 1.0) / 1.0 + 1.0)', 'Specificity': '1.0 (75 / 75 + 0)', 'AUC': 1.0, 'r2': 1.0}
2023-05-27 14:07:35,418 [INFO] Save valid_prediction_log data...
2023-05-27 14:07:35,420 [INFO] {'Data': 'valid', 'ACC': '1.0 (31 / 31)', 'TP': 12, 'FP': 0, 'FN': 0, 'TN': 19, 'Precision': '1.0 (12 / 12 + 0)', 'Recall': '1.0 (12 / 12 + 0)', 'F1': '1.0 (2 * (1.0 * 1.0) / 1.0 + 1.0)', 'Specificity': '1.0 (19 / 19 + 0)', 'AUC': 1.0, 'r2': 1.0}
2023-05-27 14:07:35,464 [INFO] Save test_prediction_log data...
2023-05-27 14:07:35,475 [INFO] {'Data': 'test', 'ACC': '0.77 (24 / 31)', 'TP': 9, 'FP': 4, 'FN': 3, 'TN': 15, 'Precision': '0.69 (9 / 9 + 4)', 'Recall': '0.75 (9 / 9 + 3)', 'F1': '0.72 (2 * (0.75 * 0.69) / 0.75 + 0.69)', 'Specificity': '0.79 (15 / 15 + 4)', 'AUC': 0.77, 'r2': 0.05}
2023-05-27 14:07:35,518 [INFO] Save training_log data...
2023-05-27 14:07:35,521 [INFO] Save score_log data...
2023-05-27 14:07:35,522 [INFO] Time : 335.0620791912079
