2023-05-28 12:09:20,040 [INFO] Train data : Vary_params\DUD-E\CSF1R\nG1_80\ECFP6_512bits\Robust\CSF1R_train_vector.tsv
2023-05-28 12:09:20,040 [INFO] Valid data : Vary_params\DUD-E\CSF1R\nG1_80\ECFP6_512bits\Robust\CSF1R_valid_vector.tsv
2023-05-28 12:09:20,040 [INFO] Output path : Vary_params\DUD-E\CSF1R\nG1_80\ECFP6_512bits\Robust\CSF1R_model\MLP
2023-05-28 12:09:20,040 [INFO] Model type : MLP
2023-05-28 12:09:20,040 [INFO] Use cores : 11
2023-05-28 12:09:20,066 [INFO] Start Learning model
2023-05-28 12:09:20,066 [INFO] Train : 156 | Valid : 47
2023-05-28 12:09:20,067 [INFO] Set parameters : {'hidden_layer_sizes': [(50,), (100,), (50, 50), (100, 100)], 'learning_rate': ['constant', 'invscaling', 'adaptive'], 'activation': ['relu', 'identity', 'logistic', 'tanh'], 'solver': ['adam', 'sgd', 'lbfgs'], 'alpha': [0.1, 0.01, 0.001], 'max_iter': [500, 1000], 'early_stopping': [True]}
2023-05-28 12:17:27,806 [INFO] GridSearchCV results :
     mean_valid_accuracy  mean_valid_precision  mean_valid_auc
179             0.911667                  0.95        0.863409
107             0.911667                  0.95        0.863409
104             0.911667                  0.95        0.863409
101             0.911667                  0.95        0.863409
98              0.911667                  0.95        0.863409
..                   ...                   ...             ...
616             0.718333                  0.00        0.500000
615             0.718333                  0.00        0.500000
613             0.718333                  0.00        0.500000
612             0.718333                  0.00        0.500000
559             0.718333                  0.00        0.500000

[864 rows x 3 columns]
2023-05-28 12:17:27,807 [INFO] Best model :
MLPClassifier(alpha=0.01, early_stopping=True, max_iter=500, random_state=42,
              solver='lbfgs')
2023-05-28 12:17:27,816 [INFO] Save train_prediction_log data...
2023-05-28 12:17:27,821 [INFO] {'Data': 'train', 'ACC': '1.0 (156 / 156)', 'TP': 44, 'FP': 0, 'FN': 0, 'TN': 112, 'Precision': '1.0 (44 / 44 + 0)', 'Recall': '1.0 (44 / 44 + 0)', 'F1': '1.0 (2 * (1.0 * 1.0) / 1.0 + 1.0)', 'Specificity': '1.0 (112 / 112 + 0)', 'AUC': 1.0, 'r2': 1.0}
2023-05-28 12:17:27,828 [INFO] Save valid_prediction_log data...
2023-05-28 12:17:27,831 [INFO] {'Data': 'valid', 'ACC': '0.89 (42 / 47)', 'TP': 15, 'FP': 1, 'FN': 4, 'TN': 27, 'Precision': '0.94 (15 / 15 + 1)', 'Recall': '0.79 (15 / 15 + 4)', 'F1': '0.86 (2 * (0.79 * 0.94) / 0.79 + 0.94)', 'Specificity': '0.96 (27 / 27 + 1)', 'AUC': 0.88, 'r2': 0.56}
2023-05-28 12:17:27,847 [INFO] Save test_prediction_log data...
2023-05-28 12:17:27,851 [INFO] {'Data': 'test', 'ACC': '0.64 (30 / 47)', 'TP': 6, 'FP': 4, 'FN': 13, 'TN': 24, 'Precision': '0.6 (6 / 6 + 4)', 'Recall': '0.32 (6 / 6 + 13)', 'F1': '0.42 (2 * (0.32 * 0.6) / 0.32 + 0.6)', 'Specificity': '0.86 (24 / 24 + 4)', 'AUC': 0.59, 'r2': -0.5}
2023-05-28 12:17:27,854 [INFO] Save training_log data...
2023-05-28 12:17:27,861 [INFO] Save score_log data...
2023-05-28 12:17:27,862 [INFO] Time : 487.8223166465759
