2023-05-30 08:40:44,053 [INFO] Train data : Baseline_noscale\DUD-E\VGFR2\ECFP4_512bits\VGFR2_raw_train.tsv
2023-05-30 08:40:44,053 [INFO] Valid data : Baseline_noscale\DUD-E\VGFR2\ECFP4_512bits\VGFR2_raw_valid.tsv
2023-05-30 08:40:44,053 [INFO] Output path : Baseline_noscale\DUD-E\VGFR2\ECFP4_512bits\VGFR2_model\SVM
2023-05-30 08:40:44,053 [INFO] Model type : SVM
2023-05-30 08:40:44,053 [INFO] Use cores : 12
2023-05-30 08:40:44,077 [INFO] Start Learning model
2023-05-30 08:40:44,077 [INFO] Train : 717 | Valid : 180
2023-05-30 08:40:44,077 [INFO] Set parameters : {'kernel': ['linear', 'rbf'], 'C': [0.01, 0.1, 1, 10, 100, 1000], 'gamma': [0.01, 0.1, 1, 100, 1000]}
2023-05-30 08:40:50,110 [INFO] GridSearchCV results :
    mean_valid_accuracy  mean_valid_precision  mean_valid_auc
53             0.810407              1.000000        0.763300
23             0.785309              1.000000        0.731958
11             0.845149              1.000000        0.806466
43             0.810407              1.000000        0.763300
33             0.810407              1.000000        0.763300
21             0.984703              0.993218        0.982157
41             0.986072              0.986882        0.985004
51             0.986072              0.986882        0.985004
31             0.986072              0.986882        0.985004
4              0.977739              0.983204        0.975221
6              0.977739              0.983204        0.975221
8              0.977739              0.983204        0.975221
2              0.977739              0.983204        0.975221
0              0.977739              0.983204        0.975221
34             0.973533              0.963918        0.973416
36             0.973533              0.963918        0.973416
38             0.973533              0.963918        0.973416
40             0.973533              0.963918        0.973416
48             0.973533              0.963918        0.973416
42             0.973533              0.963918        0.973416
44             0.973533              0.963918        0.973416
46             0.973533              0.963918        0.973416
50             0.973533              0.963918        0.973416
52             0.973533              0.963918        0.973416
54             0.973533              0.963918        0.973416
56             0.973533              0.963918        0.973416
58             0.973533              0.963918        0.973416
32             0.973533              0.963918        0.973416
30             0.973533              0.963918        0.973416
22             0.973533              0.963918        0.973416
28             0.973533              0.963918        0.973416
26             0.973533              0.963918        0.973416
24             0.973533              0.963918        0.973416
20             0.973533              0.963918        0.973416
14             0.972144              0.963831        0.971692
12             0.972144              0.963831        0.971692
10             0.972144              0.963831        0.971692
18             0.972144              0.963831        0.971692
16             0.972144              0.963831        0.971692
7              0.599746              0.000000        0.500000
55             0.599746              0.000000        0.500000
9              0.599746              0.000000        0.500000
5              0.599746              0.000000        0.500000
57             0.599746              0.000000        0.500000
3              0.599746              0.000000        0.500000
13             0.599746              0.000000        0.500000
49             0.599746              0.000000        0.500000
29             0.599746              0.000000        0.500000
47             0.599746              0.000000        0.500000
15             0.599746              0.000000        0.500000
45             0.599746              0.000000        0.500000
1              0.599746              0.000000        0.500000
17             0.599746              0.000000        0.500000
19             0.599746              0.000000        0.500000
39             0.599746              0.000000        0.500000
37             0.599746              0.000000        0.500000
35             0.599746              0.000000        0.500000
25             0.599746              0.000000        0.500000
27             0.599746              0.000000        0.500000
59             0.599746              0.000000        0.500000
2023-05-30 08:40:50,112 [INFO] Best model :
SVC(C=0.1, gamma=0.01, random_state=42)
2023-05-30 08:40:50,180 [INFO] Save train_prediction_log data...
2023-05-30 08:40:50,185 [INFO] {'Data': 'train', 'ACC': '0.9 (647 / 717)', 'TP': 217, 'FP': 0, 'FN': 70, 'TN': 430, 'Precision': '1.0 (217 / 217 + 0)', 'Recall': '0.76 (217 / 217 + 70)', 'F1': '0.86 (2 * (0.76 * 1.0) / 0.76 + 1.0)', 'Specificity': '1.0 (430 / 430 + 0)', 'AUC': 0.88, 'r2': 0.59}
2023-05-30 08:40:50,205 [INFO] Save valid_prediction_log data...
2023-05-30 08:40:50,207 [INFO] {'Data': 'valid', 'ACC': '0.94 (170 / 180)', 'TP': 62, 'FP': 0, 'FN': 10, 'TN': 108, 'Precision': '1.0 (62 / 62 + 0)', 'Recall': '0.86 (62 / 62 + 10)', 'F1': '0.92 (2 * (0.86 * 1.0) / 0.86 + 1.0)', 'Specificity': '1.0 (108 / 108 + 0)', 'AUC': 0.93, 'r2': 0.77}
2023-05-30 08:40:50,234 [INFO] Save test_prediction_log data...
2023-05-30 08:40:50,237 [INFO] {'Data': 'test', 'ACC': '0.57 (103 / 180)', 'TP': 8, 'FP': 13, 'FN': 64, 'TN': 95, 'Precision': '0.38 (8 / 8 + 13)', 'Recall': '0.11 (8 / 8 + 64)', 'F1': '0.17 (2 * (0.11 * 0.38) / 0.11 + 0.38)', 'Specificity': '0.88 (95 / 95 + 13)', 'AUC': 0.5, 'r2': -0.78}
2023-05-30 08:40:50,239 [INFO] Save training_log data...
2023-05-30 08:40:50,240 [INFO] Save score_log data...
2023-05-30 08:40:50,241 [INFO] Time : 6.188019037246704
