2023-05-26 15:42:35,701 [INFO] Train data : Vary_params\DUD-E\AKT1\nG1_20\ECFP6_256bits\Standard\AKT1_train_vector.tsv
2023-05-26 15:42:35,701 [INFO] Valid data : Vary_params\DUD-E\AKT1\nG1_20\ECFP6_256bits\Standard\AKT1_valid_vector.tsv
2023-05-26 15:42:35,701 [INFO] Output path : Vary_params\DUD-E\AKT1\nG1_20\ECFP6_256bits\Standard\AKT1_model\RF
2023-05-26 15:42:35,701 [INFO] Model type : RF
2023-05-26 15:42:35,702 [INFO] Use cores : 11
2023-05-26 15:42:35,761 [INFO] Start Learning model
2023-05-26 15:42:35,762 [INFO] Train : 511 | Valid : 120
2023-05-26 15:42:35,762 [INFO] Set parameters : {'max_depth': [6, 8, 10, 12], 'max_features': ['sqrt', 'log2'], 'min_samples_leaf': [2, 4, 8, 10], 'min_samples_split': [2, 4, 8, 10], 'n_estimators': [200, 600, 1000]}
2023-05-26 15:49:28,297 [INFO] GridSearchCV results :
     mean_valid_accuracy  mean_valid_precision  mean_valid_auc
357             0.947474              1.000000        0.939723
145             0.961161              0.995652        0.956082
338             0.961161              0.995652        0.956082
195             0.967044              0.995652        0.962900
101             0.963122              0.995652        0.958355
..                   ...                   ...             ...
234             0.935747              0.985890        0.927930
327             0.935747              0.985890        0.927930
330             0.935747              0.985890        0.927930
228             0.935747              0.985890        0.927930
333             0.935747              0.985890        0.927930

[384 rows x 3 columns]
2023-05-26 15:49:28,298 [INFO] Best model :
RandomForestClassifier(class_weight='balanced', max_depth=12,
                       max_features='log2', min_samples_leaf=4,
                       min_samples_split=10, n_estimators=200, random_state=42)
2023-05-26 15:49:28,322 [INFO] Save train_prediction_log data...
2023-05-26 15:49:28,326 [INFO] {'Data': 'train', 'ACC': '0.99 (505 / 511)', 'TP': 216, 'FP': 0, 'FN': 6, 'TN': 289, 'Precision': '1.0 (216 / 216 + 0)', 'Recall': '0.97 (216 / 216 + 6)', 'F1': '0.98 (2 * (0.97 * 1.0) / 0.97 + 1.0)', 'Specificity': '1.0 (289 / 289 + 0)', 'AUC': 0.99, 'r2': 0.95}
2023-05-26 15:49:28,345 [INFO] Save valid_prediction_log data...
2023-05-26 15:49:28,347 [INFO] {'Data': 'valid', 'ACC': '0.99 (119 / 120)', 'TP': 48, 'FP': 1, 'FN': 0, 'TN': 71, 'Precision': '0.98 (48 / 48 + 1)', 'Recall': '1.0 (48 / 48 + 0)', 'F1': '0.99 (2 * (1.0 * 0.98) / 1.0 + 0.98)', 'Specificity': '0.99 (71 / 71 + 1)', 'AUC': 0.99, 'r2': 0.97}
2023-05-26 15:49:28,378 [INFO] Save test_prediction_log data...
2023-05-26 15:49:28,382 [INFO] {'Data': 'test', 'ACC': '0.73 (88 / 120)', 'TP': 19, 'FP': 3, 'FN': 29, 'TN': 69, 'Precision': '0.86 (19 / 19 + 3)', 'Recall': '0.4 (19 / 19 + 29)', 'F1': '0.55 (2 * (0.4 * 0.86) / 0.4 + 0.86)', 'Specificity': '0.96 (69 / 69 + 3)', 'AUC': 0.68, 'r2': -0.11}
2023-05-26 15:49:28,428 [INFO] Save training_log data...
2023-05-26 15:49:28,430 [INFO] Save score_log data...
2023-05-26 15:49:28,432 [INFO] Time : 412.7302746772766
