2023-05-28 12:26:29,505 [INFO] Train data : Vary_params_ABL_BRAF_FGFR1\DUD-E\ABL1\nG1_20\ECFP4_256bits\Standard\ABL1_train_vector.tsv
2023-05-28 12:26:29,505 [INFO] Valid data : Vary_params_ABL_BRAF_FGFR1\DUD-E\ABL1\nG1_20\ECFP4_256bits\Standard\ABL1_valid_vector.tsv
2023-05-28 12:26:29,505 [INFO] Output path : Vary_params_ABL_BRAF_FGFR1\DUD-E\ABL1\nG1_20\ECFP4_256bits\Standard\ABL1_model\MLP
2023-05-28 12:26:29,505 [INFO] Model type : MLP
2023-05-28 12:26:29,505 [INFO] Use cores : 18
2023-05-28 12:26:29,526 [INFO] Start Learning model
2023-05-28 12:26:29,526 [INFO] Train : 294 | Valid : 66
2023-05-28 12:26:29,526 [INFO] Set parameters : {'hidden_layer_sizes': [(50,), (100,), (50, 50), (100, 100)], 'learning_rate': ['constant', 'invscaling', 'adaptive'], 'activation': ['relu', 'identity', 'logistic', 'tanh'], 'solver': ['adam', 'sgd', 'lbfgs'], 'alpha': [0.1, 0.01, 0.001], 'max_iter': [500, 1000], 'early_stopping': [True]}
2023-05-28 12:27:55,655 [INFO] GridSearchCV results :
     mean_valid_accuracy  mean_valid_precision  mean_valid_auc
486             0.868851              0.978571        0.860263
495             0.868851              0.978571        0.860263
489             0.868851              0.978571        0.860263
501             0.868851              0.978571        0.860263
498             0.868851              0.978571        0.860263
..                   ...                   ...             ...
598             0.537471              0.000000        0.500000
451             0.537471              0.000000        0.500000
454             0.537471              0.000000        0.500000
595             0.537471              0.000000        0.500000
523             0.537471              0.000000        0.500000

[864 rows x 3 columns]
2023-05-28 12:27:55,655 [INFO] Best model :
MLPClassifier(activation='logistic', alpha=0.1, early_stopping=True,
              hidden_layer_sizes=(100, 100), max_iter=500, random_state=42)
2023-05-28 12:27:55,665 [INFO] Save train_prediction_log data...
2023-05-28 12:27:55,665 [INFO] {'Data': 'train', 'ACC': '0.89 (261 / 294)', 'TP': 103, 'FP': 0, 'FN': 33, 'TN': 158, 'Precision': '1.0 (103 / 103 + 0)', 'Recall': '0.76 (103 / 103 + 33)', 'F1': '0.86 (2 * (0.76 * 1.0) / 0.76 + 1.0)', 'Specificity': '1.0 (158 / 158 + 0)', 'AUC': 0.88, 'r2': 0.55}
2023-05-28 12:27:55,675 [INFO] Save valid_prediction_log data...
2023-05-28 12:27:55,675 [INFO] {'Data': 'valid', 'ACC': '1.0 (66 / 66)', 'TP': 26, 'FP': 0, 'FN': 0, 'TN': 40, 'Precision': '1.0 (26 / 26 + 0)', 'Recall': '1.0 (26 / 26 + 0)', 'F1': '1.0 (2 * (1.0 * 1.0) / 1.0 + 1.0)', 'Specificity': '1.0 (40 / 40 + 0)', 'AUC': 1.0, 'r2': 1.0}
2023-05-28 12:27:55,685 [INFO] Save test_prediction_log data...
2023-05-28 12:27:55,685 [INFO] {'Data': 'test', 'ACC': '0.67 (44 / 66)', 'TP': 8, 'FP': 4, 'FN': 18, 'TN': 36, 'Precision': '0.67 (8 / 8 + 4)', 'Recall': '0.31 (8 / 8 + 18)', 'F1': '0.42 (2 * (0.31 * 0.67) / 0.31 + 0.67)', 'Specificity': '0.9 (36 / 36 + 4)', 'AUC': 0.6, 'r2': -0.4}
2023-05-28 12:27:55,695 [INFO] Save training_log data...
2023-05-28 12:27:55,695 [INFO] Save score_log data...
2023-05-28 12:27:55,695 [INFO] Time : 86.18996047973633
