2023-05-28 21:49:01,963 [INFO] Train data : Vary_params_SH\DUD-E\TGFR1\nG1_50\ECFP6_512bits\Standard\TGFR1_train_vector.tsv
2023-05-28 21:49:01,963 [INFO] Valid data : Vary_params_SH\DUD-E\TGFR1\nG1_50\ECFP6_512bits\Standard\TGFR1_valid_vector.tsv
2023-05-28 21:49:01,964 [INFO] Output path : Vary_params_SH\DUD-E\TGFR1\nG1_50\ECFP6_512bits\Standard\TGFR1_model\MLP
2023-05-28 21:49:01,964 [INFO] Model type : MLP
2023-05-28 21:49:01,964 [INFO] Use cores : 3
2023-05-28 21:49:02,017 [INFO] Start Learning model
2023-05-28 21:49:02,017 [INFO] Train : 164 | Valid : 41
2023-05-28 21:49:02,017 [INFO] Set parameters : {'hidden_layer_sizes': [(50,), (100,), (50, 50), (100, 100)], 'learning_rate': ['constant', 'invscaling', 'adaptive'], 'activation': ['relu', 'identity', 'logistic', 'tanh'], 'solver': ['adam', 'sgd', 'lbfgs'], 'alpha': [0.1, 0.01, 0.001], 'max_iter': [500, 1000], 'early_stopping': [True]}
2023-05-28 21:57:09,883 [INFO] GridSearchCV results :
     mean_valid_accuracy  mean_valid_precision  mean_valid_auc
161             1.000000                   1.0        1.000000
614             0.994118                   1.0        0.992857
489             0.940441                   1.0        0.926190
609             0.957721                   1.0        0.947619
608             1.000000                   1.0        1.000000
..                   ...                   ...             ...
628             0.597794                   0.0        0.500000
574             0.597794                   0.0        0.500000
61              0.597794                   0.0        0.500000
64              0.597794                   0.0        0.500000
493             0.597794                   0.0        0.500000

[864 rows x 3 columns]
2023-05-28 21:57:09,885 [INFO] Best model :
MLPClassifier(alpha=0.1, early_stopping=True, hidden_layer_sizes=(50,),
              max_iter=500, random_state=42, solver='lbfgs')
2023-05-28 21:57:09,893 [INFO] Save train_prediction_log data...
2023-05-28 21:57:09,898 [INFO] {'Data': 'train', 'ACC': '1.0 (164 / 164)', 'TP': 66, 'FP': 0, 'FN': 0, 'TN': 98, 'Precision': '1.0 (66 / 66 + 0)', 'Recall': '1.0 (66 / 66 + 0)', 'F1': '1.0 (2 * (1.0 * 1.0) / 1.0 + 1.0)', 'Specificity': '1.0 (98 / 98 + 0)', 'AUC': 1.0, 'r2': 1.0}
2023-05-28 21:57:09,905 [INFO] Save valid_prediction_log data...
2023-05-28 21:57:09,908 [INFO] {'Data': 'valid', 'ACC': '1.0 (41 / 41)', 'TP': 16, 'FP': 0, 'FN': 0, 'TN': 25, 'Precision': '1.0 (16 / 16 + 0)', 'Recall': '1.0 (16 / 16 + 0)', 'F1': '1.0 (2 * (1.0 * 1.0) / 1.0 + 1.0)', 'Specificity': '1.0 (25 / 25 + 0)', 'AUC': 1.0, 'r2': 1.0}
2023-05-28 21:57:09,935 [INFO] Save test_prediction_log data...
2023-05-28 21:57:09,938 [INFO] {'Data': 'test', 'ACC': '0.61 (25 / 41)', 'TP': 6, 'FP': 6, 'FN': 10, 'TN': 19, 'Precision': '0.5 (6 / 6 + 6)', 'Recall': '0.38 (6 / 6 + 10)', 'F1': '0.43 (2 * (0.38 * 0.5) / 0.38 + 0.5)', 'Specificity': '0.76 (19 / 19 + 6)', 'AUC': 0.57, 'r2': -0.64}
2023-05-28 21:57:09,941 [INFO] Save training_log data...
2023-05-28 21:57:10,137 [INFO] Save score_log data...
2023-05-28 21:57:10,138 [INFO] Time : 488.17515206336975
