2023-05-29 07:29:54,417 [INFO] Train data : Vary_params\DUD-E\KPCB\nG1_50\ECFP6_512bits\Standard\KPCB_train_vector.tsv
2023-05-29 07:29:54,417 [INFO] Valid data : Vary_params\DUD-E\KPCB\nG1_50\ECFP6_512bits\Standard\KPCB_valid_vector.tsv
2023-05-29 07:29:54,417 [INFO] Output path : Vary_params\DUD-E\KPCB\nG1_50\ECFP6_512bits\Standard\KPCB_model\MLP
2023-05-29 07:29:54,417 [INFO] Model type : MLP
2023-05-29 07:29:54,417 [INFO] Use cores : 11
2023-05-29 07:29:54,453 [INFO] Start Learning model
2023-05-29 07:29:54,454 [INFO] Train : 168 | Valid : 42
2023-05-29 07:29:54,454 [INFO] Set parameters : {'hidden_layer_sizes': [(50,), (100,), (50, 50), (100, 100)], 'learning_rate': ['constant', 'invscaling', 'adaptive'], 'activation': ['relu', 'identity', 'logistic', 'tanh'], 'solver': ['adam', 'sgd', 'lbfgs'], 'alpha': [0.1, 0.01, 0.001], 'max_iter': [500, 1000], 'early_stopping': [True]}
2023-05-29 07:33:42,125 [INFO] GridSearchCV results :
     mean_valid_accuracy  mean_valid_precision  mean_valid_auc
188             0.988235                   1.0        0.985714
650             0.988235                   1.0        0.985714
134             0.988235                   1.0        0.985714
275             0.952941                   1.0        0.941667
659             0.988235                   1.0        0.985714
..                   ...                   ...             ...
631             0.601471                   0.0        0.500000
478             0.601471                   0.0        0.500000
634             0.601471                   0.0        0.500000
477             0.601471                   0.0        0.500000
621             0.601471                   0.0        0.500000

[864 rows x 3 columns]
2023-05-29 07:33:42,127 [INFO] Best model :
MLPClassifier(alpha=0.1, early_stopping=True, hidden_layer_sizes=(50, 50),
              max_iter=500, random_state=42, solver='lbfgs')
2023-05-29 07:33:42,134 [INFO] Save train_prediction_log data...
2023-05-29 07:33:42,139 [INFO] {'Data': 'train', 'ACC': '1.0 (168 / 168)', 'TP': 67, 'FP': 0, 'FN': 0, 'TN': 101, 'Precision': '1.0 (67 / 67 + 0)', 'Recall': '1.0 (67 / 67 + 0)', 'F1': '1.0 (2 * (1.0 * 1.0) / 1.0 + 1.0)', 'Specificity': '1.0 (101 / 101 + 0)', 'AUC': 1.0, 'r2': 1.0}
2023-05-29 07:33:42,144 [INFO] Save valid_prediction_log data...
2023-05-29 07:33:42,146 [INFO] {'Data': 'valid', 'ACC': '1.0 (42 / 42)', 'TP': 17, 'FP': 0, 'FN': 0, 'TN': 25, 'Precision': '1.0 (17 / 17 + 0)', 'Recall': '1.0 (17 / 17 + 0)', 'F1': '1.0 (2 * (1.0 * 1.0) / 1.0 + 1.0)', 'Specificity': '1.0 (25 / 25 + 0)', 'AUC': 1.0, 'r2': 1.0}
2023-05-29 07:33:42,170 [INFO] Save test_prediction_log data...
2023-05-29 07:33:42,181 [INFO] {'Data': 'test', 'ACC': '0.76 (32 / 42)', 'TP': 8, 'FP': 1, 'FN': 9, 'TN': 24, 'Precision': '0.89 (8 / 8 + 1)', 'Recall': '0.47 (8 / 8 + 9)', 'F1': '0.62 (2 * (0.47 * 0.89) / 0.47 + 0.89)', 'Specificity': '0.96 (24 / 24 + 1)', 'AUC': 0.72, 'r2': 0.01}
2023-05-29 07:33:42,184 [INFO] Save training_log data...
2023-05-29 07:33:42,191 [INFO] Save score_log data...
2023-05-29 07:33:42,192 [INFO] Time : 227.7750015258789
