2023-05-28 06:04:29,287 [INFO] Train data : Vary_params\DUD-E\WEE1\nG1_50\ECFP4_256bits\Standard\WEE1_train_vector.tsv
2023-05-28 06:04:29,287 [INFO] Valid data : Vary_params\DUD-E\WEE1\nG1_50\ECFP4_256bits\Standard\WEE1_valid_vector.tsv
2023-05-28 06:04:29,287 [INFO] Output path : Vary_params\DUD-E\WEE1\nG1_50\ECFP4_256bits\Standard\WEE1_model\MLP
2023-05-28 06:04:29,287 [INFO] Model type : MLP
2023-05-28 06:04:29,287 [INFO] Use cores : 10
2023-05-28 06:04:29,311 [INFO] Start Learning model
2023-05-28 06:04:29,312 [INFO] Train : 101 | Valid : 25
2023-05-28 06:04:29,312 [INFO] Set parameters : {'hidden_layer_sizes': [(50,), (100,), (50, 50), (100, 100)], 'learning_rate': ['constant', 'invscaling', 'adaptive'], 'activation': ['relu', 'identity', 'logistic', 'tanh'], 'solver': ['adam', 'sgd', 'lbfgs'], 'alpha': [0.1, 0.01, 0.001], 'max_iter': [500, 1000], 'early_stopping': [True]}
2023-05-28 06:06:05,938 [INFO] GridSearchCV results :
     mean_valid_accuracy  mean_valid_precision  mean_valid_auc
863             1.000000                   1.0        1.000000
635             1.000000                   1.0        1.000000
638             1.000000                   1.0        1.000000
311             1.000000                   1.0        1.000000
641             1.000000                   1.0        1.000000
..                   ...                   ...             ...
636             0.603636                   0.0        0.500000
633             0.603636                   0.0        0.500000
544             0.583636                   0.0        0.483333
630             0.603636                   0.0        0.500000
481             0.583636                   0.0        0.483333

[864 rows x 3 columns]
2023-05-28 06:06:05,940 [INFO] Best model :
MLPClassifier(alpha=0.1, early_stopping=True, hidden_layer_sizes=(50,),
              max_iter=500, random_state=42, solver='lbfgs')
2023-05-28 06:06:05,952 [INFO] Save train_prediction_log data...
2023-05-28 06:06:05,956 [INFO] {'Data': 'train', 'ACC': '1.0 (101 / 101)', 'TP': 40, 'FP': 0, 'FN': 0, 'TN': 61, 'Precision': '1.0 (40 / 40 + 0)', 'Recall': '1.0 (40 / 40 + 0)', 'F1': '1.0 (2 * (1.0 * 1.0) / 1.0 + 1.0)', 'Specificity': '1.0 (61 / 61 + 0)', 'AUC': 1.0, 'r2': 1.0}
2023-05-28 06:06:05,970 [INFO] Save valid_prediction_log data...
2023-05-28 06:06:05,973 [INFO] {'Data': 'valid', 'ACC': '1.0 (25 / 25)', 'TP': 10, 'FP': 0, 'FN': 0, 'TN': 15, 'Precision': '1.0 (10 / 10 + 0)', 'Recall': '1.0 (10 / 10 + 0)', 'F1': '1.0 (2 * (1.0 * 1.0) / 1.0 + 1.0)', 'Specificity': '1.0 (15 / 15 + 0)', 'AUC': 1.0, 'r2': 1.0}
2023-05-28 06:06:05,993 [INFO] Save test_prediction_log data...
2023-05-28 06:06:05,997 [INFO] {'Data': 'test', 'ACC': '0.76 (19 / 25)', 'TP': 5, 'FP': 1, 'FN': 5, 'TN': 14, 'Precision': '0.83 (5 / 5 + 1)', 'Recall': '0.5 (5 / 5 + 5)', 'F1': '0.62 (2 * (0.5 * 0.83) / 0.5 + 0.83)', 'Specificity': '0.93 (14 / 14 + 1)', 'AUC': 0.72, 'r2': 0.0}
2023-05-28 06:06:06,001 [INFO] Save training_log data...
2023-05-28 06:06:06,008 [INFO] Save score_log data...
2023-05-28 06:06:06,010 [INFO] Time : 96.72387361526489
