2023-05-27 15:42:06,566 [INFO] Train data : Vary_params\DUD-E\PLK1\nG1_20\ECFP4_256bits\Standard\PLK1_train_vector.tsv
2023-05-27 15:42:06,566 [INFO] Valid data : Vary_params\DUD-E\PLK1\nG1_20\ECFP4_256bits\Standard\PLK1_valid_vector.tsv
2023-05-27 15:42:06,566 [INFO] Output path : Vary_params\DUD-E\PLK1\nG1_20\ECFP4_256bits\Standard\PLK1_model\SVM
2023-05-27 15:42:06,566 [INFO] Model type : SVM
2023-05-27 15:42:06,566 [INFO] Use cores : 10
2023-05-27 15:42:06,583 [INFO] Start Learning model
2023-05-27 15:42:06,583 [INFO] Train : 144 | Valid : 28
2023-05-27 15:42:06,583 [INFO] Set parameters : {'kernel': ['linear', 'rbf'], 'C': [0.01, 0.1, 1, 10, 100, 1000], 'gamma': [0.01, 0.1, 1, 100, 1000]}
2023-05-27 15:42:09,094 [INFO] GridSearchCV results :
    mean_valid_accuracy  mean_valid_precision  mean_valid_auc
21             0.879524              1.000000        0.887500
41             0.892857              1.000000        0.900000
31             0.892857              1.000000        0.900000
51             0.892857              1.000000        0.900000
26             0.951429              0.954167        0.951488
28             0.951429              0.954167        0.951488
32             0.951429              0.954167        0.951488
34             0.951429              0.954167        0.951488
36             0.951429              0.954167        0.951488
38             0.951429              0.954167        0.951488
40             0.951429              0.954167        0.951488
0              0.951429              0.954167        0.951488
24             0.951429              0.954167        0.951488
44             0.951429              0.954167        0.951488
46             0.951429              0.954167        0.951488
48             0.951429              0.954167        0.951488
50             0.951429              0.954167        0.951488
52             0.951429              0.954167        0.951488
54             0.951429              0.954167        0.951488
56             0.951429              0.954167        0.951488
58             0.951429              0.954167        0.951488
42             0.951429              0.954167        0.951488
30             0.951429              0.954167        0.951488
12             0.951429              0.954167        0.951488
2              0.951429              0.954167        0.951488
20             0.951429              0.954167        0.951488
22             0.951429              0.954167        0.951488
4              0.951429              0.954167        0.951488
18             0.951429              0.954167        0.951488
8              0.951429              0.954167        0.951488
10             0.951429              0.954167        0.951488
16             0.951429              0.954167        0.951488
6              0.951429              0.954167        0.951488
14             0.951429              0.954167        0.951488
49             0.527619              0.527619        0.500000
9              0.527619              0.527619        0.500000
47             0.527619              0.527619        0.500000
5              0.527619              0.527619        0.500000
7              0.527619              0.527619        0.500000
53             0.527619              0.527619        0.500000
55             0.527619              0.527619        0.500000
3              0.527619              0.527619        0.500000
57             0.527619              0.527619        0.500000
45             0.527619              0.527619        0.500000
23             0.527619              0.527619        0.500000
43             0.527619              0.527619        0.500000
11             0.527619              0.527619        0.500000
13             0.527619              0.527619        0.500000
39             0.527619              0.527619        0.500000
37             0.527619              0.527619        0.500000
15             0.527619              0.527619        0.500000
35             0.527619              0.527619        0.500000
33             0.527619              0.527619        0.500000
17             0.527619              0.527619        0.500000
1              0.527619              0.527619        0.500000
29             0.527619              0.527619        0.500000
19             0.527619              0.527619        0.500000
27             0.527619              0.527619        0.500000
25             0.527619              0.527619        0.500000
59             0.527619              0.527619        0.500000
2023-05-27 15:42:09,097 [INFO] Best model :
SVC(C=1, gamma=0.01, random_state=42)
2023-05-27 15:42:09,103 [INFO] Save train_prediction_log data...
2023-05-27 15:42:09,106 [INFO] {'Data': 'train', 'ACC': '1.0 (144 / 144)', 'TP': 76, 'FP': 0, 'FN': 0, 'TN': 68, 'Precision': '1.0 (76 / 76 + 0)', 'Recall': '1.0 (76 / 76 + 0)', 'F1': '1.0 (2 * (1.0 * 1.0) / 1.0 + 1.0)', 'Specificity': '1.0 (68 / 68 + 0)', 'AUC': 1.0, 'r2': 1.0}
2023-05-27 15:42:09,109 [INFO] Save valid_prediction_log data...
2023-05-27 15:42:09,112 [INFO] {'Data': 'valid', 'ACC': '1.0 (28 / 28)', 'TP': 11, 'FP': 0, 'FN': 0, 'TN': 17, 'Precision': '1.0 (11 / 11 + 0)', 'Recall': '1.0 (11 / 11 + 0)', 'F1': '1.0 (2 * (1.0 * 1.0) / 1.0 + 1.0)', 'Specificity': '1.0 (17 / 17 + 0)', 'AUC': 1.0, 'r2': 1.0}
2023-05-27 15:42:09,121 [INFO] Save test_prediction_log data...
2023-05-27 15:42:09,123 [INFO] {'Data': 'test', 'ACC': '0.68 (19 / 28)', 'TP': 2, 'FP': 0, 'FN': 9, 'TN': 17, 'Precision': '1.0 (2 / 2 + 0)', 'Recall': '0.18 (2 / 2 + 9)', 'F1': '0.31 (2 * (0.18 * 1.0) / 0.18 + 1.0)', 'Specificity': '1.0 (17 / 17 + 0)', 'AUC': 0.59, 'r2': -0.35}
2023-05-27 15:42:09,125 [INFO] Save training_log data...
2023-05-27 15:42:09,126 [INFO] Save score_log data...
2023-05-27 15:42:09,127 [INFO] Time : 2.5610005855560303
