2023-05-27 15:49:18,960 [INFO] Train data : Vary_params_CDK2_EGFR_LCK\DUD-E\CDK2\nG1_20\ECFP6_256bits\Standard\CDK2_train_vector.tsv
2023-05-27 15:49:18,960 [INFO] Valid data : Vary_params_CDK2_EGFR_LCK\DUD-E\CDK2\nG1_20\ECFP6_256bits\Standard\CDK2_valid_vector.tsv
2023-05-27 15:49:18,960 [INFO] Output path : Vary_params_CDK2_EGFR_LCK\DUD-E\CDK2\nG1_20\ECFP6_256bits\Standard\CDK2_model\SVM
2023-05-27 15:49:18,960 [INFO] Model type : SVM
2023-05-27 15:49:18,960 [INFO] Use cores : 19
2023-05-27 15:49:19,000 [INFO] Start Learning model
2023-05-27 15:49:19,001 [INFO] Train : 878 | Valid : 212
2023-05-27 15:49:19,001 [INFO] Set parameters : {'kernel': ['linear', 'rbf'], 'C': [0.01, 0.1, 1, 10, 100, 1000], 'gamma': [0.01, 0.1, 1, 100, 1000]}
2023-05-27 15:49:24,147 [INFO] GridSearchCV results :
    mean_valid_accuracy  mean_valid_precision  mean_valid_auc
21             0.872505              1.000000        0.848461
31             0.891889              0.994737        0.871918
51             0.891889              0.994737        0.871918
41             0.891889              0.994737        0.871918
0              0.876920              0.862646        0.873171
2              0.876920              0.862646        0.873171
4              0.876920              0.862646        0.873171
6              0.876920              0.862646        0.873171
8              0.876920              0.862646        0.873171
42             0.841654              0.807829        0.840143
32             0.841654              0.807829        0.840143
34             0.841654              0.807829        0.840143
36             0.841654              0.807829        0.840143
38             0.841654              0.807829        0.840143
40             0.841654              0.807829        0.840143
48             0.841654              0.807829        0.840143
44             0.841654              0.807829        0.840143
46             0.841654              0.807829        0.840143
26             0.841654              0.807829        0.840143
50             0.841654              0.807829        0.840143
52             0.841654              0.807829        0.840143
54             0.841654              0.807829        0.840143
56             0.841654              0.807829        0.840143
58             0.841654              0.807829        0.840143
28             0.841654              0.807829        0.840143
30             0.841654              0.807829        0.840143
24             0.841654              0.807829        0.840143
22             0.841654              0.807829        0.840143
20             0.841654              0.807829        0.840143
18             0.840543              0.798633        0.840238
14             0.840543              0.798633        0.840238
12             0.840543              0.798633        0.840238
16             0.840543              0.798633        0.840238
10             0.840543              0.798633        0.840238
25             0.579728              0.000000        0.500000
49             0.579728              0.000000        0.500000
11             0.579728              0.000000        0.500000
53             0.579728              0.000000        0.500000
9              0.579728              0.000000        0.500000
13             0.579728              0.000000        0.500000
7              0.579728              0.000000        0.500000
55             0.579728              0.000000        0.500000
5              0.579728              0.000000        0.500000
57             0.579728              0.000000        0.500000
3              0.579728              0.000000        0.500000
47             0.579728              0.000000        0.500000
43             0.579728              0.000000        0.500000
45             0.579728              0.000000        0.500000
27             0.579728              0.000000        0.500000
15             0.579728              0.000000        0.500000
17             0.579728              0.000000        0.500000
39             0.579728              0.000000        0.500000
37             0.579728              0.000000        0.500000
19             0.579728              0.000000        0.500000
35             0.579728              0.000000        0.500000
33             0.579728              0.000000        0.500000
23             0.579728              0.000000        0.500000
1              0.579728              0.000000        0.500000
29             0.579728              0.000000        0.500000
59             0.579728              0.000000        0.500000
2023-05-27 15:49:24,148 [INFO] Best model :
SVC(C=1, gamma=0.01, random_state=42)
2023-05-27 15:49:24,218 [INFO] Save train_prediction_log data...
2023-05-27 15:49:24,221 [INFO] {'Data': 'train', 'ACC': '1.0 (878 / 878)', 'TP': 369, 'FP': 0, 'FN': 0, 'TN': 509, 'Precision': '1.0 (369 / 369 + 0)', 'Recall': '1.0 (369 / 369 + 0)', 'F1': '1.0 (2 * (1.0 * 1.0) / 1.0 + 1.0)', 'Specificity': '1.0 (509 / 509 + 0)', 'AUC': 1.0, 'r2': 1.0}
2023-05-27 15:49:24,240 [INFO] Save valid_prediction_log data...
2023-05-27 15:49:24,242 [INFO] {'Data': 'valid', 'ACC': '1.0 (211 / 212)', 'TP': 84, 'FP': 0, 'FN': 1, 'TN': 127, 'Precision': '1.0 (84 / 84 + 0)', 'Recall': '0.99 (84 / 84 + 1)', 'F1': '0.99 (2 * (0.99 * 1.0) / 0.99 + 1.0)', 'Specificity': '1.0 (127 / 127 + 0)', 'AUC': 0.99, 'r2': 0.98}
2023-05-27 15:49:24,272 [INFO] Save test_prediction_log data...
2023-05-27 15:49:24,274 [INFO] {'Data': 'test', 'ACC': '0.71 (151 / 212)', 'TP': 32, 'FP': 8, 'FN': 53, 'TN': 119, 'Precision': '0.8 (32 / 32 + 8)', 'Recall': '0.38 (32 / 32 + 53)', 'F1': '0.52 (2 * (0.38 * 0.8) / 0.38 + 0.8)', 'Specificity': '0.94 (119 / 119 + 8)', 'AUC': 0.66, 'r2': -0.2}
2023-05-27 15:49:24,276 [INFO] Save training_log data...
2023-05-27 15:49:24,278 [INFO] Save score_log data...
2023-05-27 15:49:24,279 [INFO] Time : 5.319364070892334
