2023-05-28 10:24:25,796 [INFO] Train data : Vary_params\DUD-E\CSF1R\nG1_80\ECFP4_512bits\Standard\CSF1R_train_vector.tsv
2023-05-28 10:24:25,797 [INFO] Valid data : Vary_params\DUD-E\CSF1R\nG1_80\ECFP4_512bits\Standard\CSF1R_valid_vector.tsv
2023-05-28 10:24:25,797 [INFO] Output path : Vary_params\DUD-E\CSF1R\nG1_80\ECFP4_512bits\Standard\CSF1R_model\MLP
2023-05-28 10:24:25,797 [INFO] Model type : MLP
2023-05-28 10:24:25,797 [INFO] Use cores : 11
2023-05-28 10:24:25,832 [INFO] Start Learning model
2023-05-28 10:24:25,832 [INFO] Train : 156 | Valid : 47
2023-05-28 10:24:25,832 [INFO] Set parameters : {'hidden_layer_sizes': [(50,), (100,), (50, 50), (100, 100)], 'learning_rate': ['constant', 'invscaling', 'adaptive'], 'activation': ['relu', 'identity', 'logistic', 'tanh'], 'solver': ['adam', 'sgd', 'lbfgs'], 'alpha': [0.1, 0.01, 0.001], 'max_iter': [500, 1000], 'early_stopping': [True]}
2023-05-28 10:28:11,339 [INFO] GridSearchCV results :
     mean_valid_accuracy  mean_valid_precision  mean_valid_auc
143             0.981250                   1.0        0.970000
137             0.981250                   1.0        0.970000
287             0.917917                   1.0        0.860000
164             0.981250                   1.0        0.970000
167             0.981250                   1.0        0.970000
..                   ...                   ...             ...
193             0.712083                   0.0        0.495455
489             0.718333                   0.0        0.500000
550             0.718333                   0.0        0.500000
37              0.712083                   0.0        0.495455
558             0.718333                   0.0        0.500000

[864 rows x 3 columns]
2023-05-28 10:28:11,341 [INFO] Best model :
MLPClassifier(alpha=0.1, early_stopping=True, hidden_layer_sizes=(100, 100),
              max_iter=500, random_state=42, solver='lbfgs')
2023-05-28 10:28:11,349 [INFO] Save train_prediction_log data...
2023-05-28 10:28:11,353 [INFO] {'Data': 'train', 'ACC': '1.0 (156 / 156)', 'TP': 44, 'FP': 0, 'FN': 0, 'TN': 112, 'Precision': '1.0 (44 / 44 + 0)', 'Recall': '1.0 (44 / 44 + 0)', 'F1': '1.0 (2 * (1.0 * 1.0) / 1.0 + 1.0)', 'Specificity': '1.0 (112 / 112 + 0)', 'AUC': 1.0, 'r2': 1.0}
2023-05-28 10:28:11,360 [INFO] Save valid_prediction_log data...
2023-05-28 10:28:11,362 [INFO] {'Data': 'valid', 'ACC': '1.0 (47 / 47)', 'TP': 19, 'FP': 0, 'FN': 0, 'TN': 28, 'Precision': '1.0 (19 / 19 + 0)', 'Recall': '1.0 (19 / 19 + 0)', 'F1': '1.0 (2 * (1.0 * 1.0) / 1.0 + 1.0)', 'Specificity': '1.0 (28 / 28 + 0)', 'AUC': 1.0, 'r2': 1.0}
2023-05-28 10:28:11,388 [INFO] Save test_prediction_log data...
2023-05-28 10:28:11,398 [INFO] {'Data': 'test', 'ACC': '0.74 (35 / 47)', 'TP': 13, 'FP': 6, 'FN': 6, 'TN': 22, 'Precision': '0.68 (13 / 13 + 6)', 'Recall': '0.68 (13 / 13 + 6)', 'F1': '0.68 (2 * (0.68 * 0.68) / 0.68 + 0.68)', 'Specificity': '0.79 (22 / 22 + 6)', 'AUC': 0.73, 'r2': -0.06}
2023-05-28 10:28:11,401 [INFO] Save training_log data...
2023-05-28 10:28:11,408 [INFO] Save score_log data...
2023-05-28 10:28:11,409 [INFO] Time : 225.613525390625
