2023-05-29 10:05:08,792 [INFO] Train data : Vary_params\DUD-E\KPCB\nG1_80\ECFP6_256bits\Robust\KPCB_train_vector.tsv
2023-05-29 10:05:08,792 [INFO] Valid data : Vary_params\DUD-E\KPCB\nG1_80\ECFP6_256bits\Robust\KPCB_valid_vector.tsv
2023-05-29 10:05:08,792 [INFO] Output path : Vary_params\DUD-E\KPCB\nG1_80\ECFP6_256bits\Robust\KPCB_model\SVM
2023-05-29 10:05:08,792 [INFO] Model type : SVM
2023-05-29 10:05:08,792 [INFO] Use cores : 11
2023-05-29 10:05:08,806 [INFO] Start Learning model
2023-05-29 10:05:08,806 [INFO] Train : 138 | Valid : 42
2023-05-29 10:05:08,806 [INFO] Set parameters : {'kernel': ['linear', 'rbf'], 'C': [0.01, 0.1, 1, 10, 100, 1000], 'gamma': [0.01, 0.1, 1, 100, 1000]}
2023-05-29 10:05:12,151 [INFO] GridSearchCV results :
    mean_valid_accuracy  mean_valid_precision  mean_valid_auc
0              0.948901                  0.93        0.926667
20             0.948901                  0.93        0.926667
24             0.948901                  0.93        0.926667
26             0.948901                  0.93        0.926667
28             0.948901                  0.93        0.926667
32             0.948901                  0.93        0.926667
34             0.948901                  0.93        0.926667
36             0.948901                  0.93        0.926667
38             0.948901                  0.93        0.926667
40             0.948901                  0.93        0.926667
42             0.948901                  0.93        0.926667
44             0.948901                  0.93        0.926667
46             0.948901                  0.93        0.926667
48             0.948901                  0.93        0.926667
50             0.948901                  0.93        0.926667
52             0.948901                  0.93        0.926667
54             0.948901                  0.93        0.926667
56             0.948901                  0.93        0.926667
58             0.948901                  0.93        0.926667
22             0.948901                  0.93        0.926667
30             0.948901                  0.93        0.926667
10             0.948901                  0.93        0.926667
2              0.948901                  0.93        0.926667
18             0.948901                  0.93        0.926667
8              0.948901                  0.93        0.926667
16             0.948901                  0.93        0.926667
4              0.948901                  0.93        0.926667
12             0.948901                  0.93        0.926667
6              0.948901                  0.93        0.926667
14             0.948901                  0.93        0.926667
49             0.732418                  0.00        0.500000
9              0.732418                  0.00        0.500000
45             0.732418                  0.00        0.500000
47             0.732418                  0.00        0.500000
7              0.732418                  0.00        0.500000
21             0.732418                  0.00        0.500000
43             0.732418                  0.00        0.500000
5              0.732418                  0.00        0.500000
53             0.732418                  0.00        0.500000
55             0.732418                  0.00        0.500000
3              0.732418                  0.00        0.500000
57             0.732418                  0.00        0.500000
51             0.732418                  0.00        0.500000
11             0.732418                  0.00        0.500000
41             0.732418                  0.00        0.500000
19             0.732418                  0.00        0.500000
39             0.732418                  0.00        0.500000
37             0.732418                  0.00        0.500000
13             0.732418                  0.00        0.500000
35             0.732418                  0.00        0.500000
33             0.732418                  0.00        0.500000
15             0.732418                  0.00        0.500000
31             0.732418                  0.00        0.500000
1              0.732418                  0.00        0.500000
29             0.732418                  0.00        0.500000
27             0.732418                  0.00        0.500000
17             0.732418                  0.00        0.500000
25             0.732418                  0.00        0.500000
23             0.732418                  0.00        0.500000
59             0.732418                  0.00        0.500000
2023-05-29 10:05:12,161 [INFO] Best model :
SVC(C=0.01, gamma=0.01, kernel='linear', random_state=42)
2023-05-29 10:05:12,166 [INFO] Save train_prediction_log data...
2023-05-29 10:05:12,173 [INFO] {'Data': 'train', 'ACC': '1.0 (138 / 138)', 'TP': 37, 'FP': 0, 'FN': 0, 'TN': 101, 'Precision': '1.0 (37 / 37 + 0)', 'Recall': '1.0 (37 / 37 + 0)', 'F1': '1.0 (2 * (1.0 * 1.0) / 1.0 + 1.0)', 'Specificity': '1.0 (101 / 101 + 0)', 'AUC': 1.0, 'r2': 1.0}
2023-05-29 10:05:12,181 [INFO] Save valid_prediction_log data...
2023-05-29 10:05:12,185 [INFO] {'Data': 'valid', 'ACC': '0.9 (38 / 42)', 'TP': 16, 'FP': 3, 'FN': 1, 'TN': 22, 'Precision': '0.84 (16 / 16 + 3)', 'Recall': '0.94 (16 / 16 + 1)', 'F1': '0.89 (2 * (0.94 * 0.84) / 0.94 + 0.84)', 'Specificity': '0.88 (22 / 22 + 3)', 'AUC': 0.91, 'r2': 0.6}
2023-05-29 10:05:12,196 [INFO] Save test_prediction_log data...
2023-05-29 10:05:12,199 [INFO] {'Data': 'test', 'ACC': '0.64 (27 / 42)', 'TP': 7, 'FP': 5, 'FN': 10, 'TN': 20, 'Precision': '0.58 (7 / 7 + 5)', 'Recall': '0.41 (7 / 7 + 10)', 'F1': '0.48 (2 * (0.41 * 0.58) / 0.41 + 0.58)', 'Specificity': '0.8 (20 / 20 + 5)', 'AUC': 0.61, 'r2': -0.48}
2023-05-29 10:05:12,201 [INFO] Save training_log data...
2023-05-29 10:05:12,202 [INFO] Save score_log data...
2023-05-29 10:05:12,203 [INFO] Time : 3.4110279083251953
