2023-05-30 04:23:35,323 [INFO] Train data : Baseline_noscale_DUDE\DUD-E\IGF1R\ECFP6_512bits\IGF1R_raw_train.tsv
2023-05-30 04:23:35,323 [INFO] Valid data : Baseline_noscale_DUDE\DUD-E\IGF1R\ECFP6_512bits\IGF1R_raw_valid.tsv
2023-05-30 04:23:35,323 [INFO] Output path : Baseline_noscale_DUDE\DUD-E\IGF1R\ECFP6_512bits\IGF1R_model\RF
2023-05-30 04:23:35,323 [INFO] Model type : RF
2023-05-30 04:23:35,323 [INFO] Use cores : 12
2023-05-30 04:23:35,340 [INFO] Start Learning model
2023-05-30 04:23:35,340 [INFO] Train : 196 | Valid : 49
2023-05-30 04:23:35,340 [INFO] Set parameters : {'max_depth': [6, 8, 10, 12], 'max_features': ['sqrt', 'log2'], 'min_samples_leaf': [2, 4, 8, 10], 'min_samples_split': [2, 4, 8, 10], 'n_estimators': [200, 600, 1000]}
2023-05-30 04:26:42,404 [INFO] GridSearchCV results :
     mean_valid_accuracy  mean_valid_precision  mean_valid_auc
0                  0.985                   1.0         0.98125
1                  0.985                   1.0         0.98125
262                0.985                   1.0         0.98125
261                0.985                   1.0         0.98125
260                0.980                   1.0         0.97500
..                   ...                   ...             ...
125                0.990                   1.0         0.98750
124                0.985                   1.0         0.98125
123                0.985                   1.0         0.98125
122                0.990                   1.0         0.98750
383                0.990                   1.0         0.98750

[384 rows x 3 columns]
2023-05-30 04:26:42,405 [INFO] Best model :
RandomForestClassifier(class_weight='balanced', max_depth=6, min_samples_leaf=2,
                       n_estimators=200, random_state=42)
2023-05-30 04:26:42,418 [INFO] Save train_prediction_log data...
2023-05-30 04:26:42,421 [INFO] {'Data': 'train', 'ACC': '1.0 (196 / 196)', 'TP': 78, 'FP': 0, 'FN': 0, 'TN': 118, 'Precision': '1.0 (78 / 78 + 0)', 'Recall': '1.0 (78 / 78 + 0)', 'F1': '1.0 (2 * (1.0 * 1.0) / 1.0 + 1.0)', 'Specificity': '1.0 (118 / 118 + 0)', 'AUC': 1.0, 'r2': 1.0}
2023-05-30 04:26:42,431 [INFO] Save valid_prediction_log data...
2023-05-30 04:26:42,433 [INFO] {'Data': 'valid', 'ACC': '1.0 (49 / 49)', 'TP': 20, 'FP': 0, 'FN': 0, 'TN': 29, 'Precision': '1.0 (20 / 20 + 0)', 'Recall': '1.0 (20 / 20 + 0)', 'F1': '1.0 (2 * (1.0 * 1.0) / 1.0 + 1.0)', 'Specificity': '1.0 (29 / 29 + 0)', 'AUC': 1.0, 'r2': 1.0}
2023-05-30 04:26:42,450 [INFO] Save test_prediction_log data...
2023-05-30 04:26:42,452 [INFO] {'Data': 'test', 'ACC': '0.63 (31 / 49)', 'TP': 3, 'FP': 1, 'FN': 17, 'TN': 28, 'Precision': '0.75 (3 / 3 + 1)', 'Recall': '0.15 (3 / 3 + 17)', 'F1': '0.25 (2 * (0.15 * 0.75) / 0.15 + 0.75)', 'Specificity': '0.97 (28 / 28 + 1)', 'AUC': 0.56, 'r2': -0.52}
2023-05-30 04:26:42,483 [INFO] Save training_log data...
2023-05-30 04:26:42,485 [INFO] Save score_log data...
2023-05-30 04:26:42,486 [INFO] Time : 187.16265058517456
