2023-05-28 18:26:54,863 [INFO] Train data : Vary_params_FGFR1\DUD-E\FGFR1\nG1_20\ECFP6_512bits\Robust\FGFR1_train_vector.tsv
2023-05-28 18:26:54,863 [INFO] Valid data : Vary_params_FGFR1\DUD-E\FGFR1\nG1_20\ECFP6_512bits\Robust\FGFR1_valid_vector.tsv
2023-05-28 18:26:54,863 [INFO] Output path : Vary_params_FGFR1\DUD-E\FGFR1\nG1_20\ECFP6_512bits\Robust\FGFR1_model\SVM
2023-05-28 18:26:54,863 [INFO] Model type : SVM
2023-05-28 18:26:54,863 [INFO] Use cores : 10
2023-05-28 18:26:54,893 [INFO] Start Learning model
2023-05-28 18:26:54,893 [INFO] Train : 203 | Valid : 43
2023-05-28 18:26:54,894 [INFO] Set parameters : {'kernel': ['linear', 'rbf'], 'C': [0.01, 0.1, 1, 10, 100, 1000], 'gamma': [0.01, 0.1, 1, 100, 1000]}
2023-05-28 18:27:01,843 [INFO] GridSearchCV results :
    mean_valid_accuracy  mean_valid_precision  mean_valid_auc
0              0.931905              0.951166            0.93
20             0.931905              0.951166            0.93
24             0.931905              0.951166            0.93
26             0.931905              0.951166            0.93
28             0.931905              0.951166            0.93
32             0.931905              0.951166            0.93
34             0.931905              0.951166            0.93
36             0.931905              0.951166            0.93
38             0.931905              0.951166            0.93
40             0.931905              0.951166            0.93
42             0.931905              0.951166            0.93
44             0.931905              0.951166            0.93
46             0.931905              0.951166            0.93
48             0.931905              0.951166            0.93
50             0.931905              0.951166            0.93
52             0.931905              0.951166            0.93
54             0.931905              0.951166            0.93
56             0.931905              0.951166            0.93
58             0.931905              0.951166            0.93
22             0.931905              0.951166            0.93
30             0.931905              0.951166            0.93
10             0.931905              0.951166            0.93
2              0.931905              0.951166            0.93
18             0.931905              0.951166            0.93
8              0.931905              0.951166            0.93
16             0.931905              0.951166            0.93
4              0.931905              0.951166            0.93
12             0.931905              0.951166            0.93
6              0.931905              0.951166            0.93
14             0.931905              0.951166            0.93
49             0.512143              0.000000            0.50
9              0.512143              0.000000            0.50
45             0.512143              0.000000            0.50
47             0.512143              0.000000            0.50
7              0.512143              0.000000            0.50
21             0.512143              0.000000            0.50
43             0.512143              0.000000            0.50
5              0.512143              0.000000            0.50
53             0.512143              0.000000            0.50
55             0.512143              0.000000            0.50
3              0.512143              0.000000            0.50
57             0.512143              0.000000            0.50
51             0.512143              0.000000            0.50
11             0.512143              0.000000            0.50
41             0.512143              0.000000            0.50
19             0.512143              0.000000            0.50
39             0.512143              0.000000            0.50
37             0.512143              0.000000            0.50
13             0.512143              0.000000            0.50
35             0.512143              0.000000            0.50
33             0.512143              0.000000            0.50
15             0.512143              0.000000            0.50
31             0.512143              0.000000            0.50
1              0.512143              0.000000            0.50
29             0.512143              0.000000            0.50
27             0.512143              0.000000            0.50
17             0.512143              0.000000            0.50
25             0.512143              0.000000            0.50
23             0.512143              0.000000            0.50
59             0.512143              0.000000            0.50
2023-05-28 18:27:01,845 [INFO] Best model :
SVC(C=0.01, gamma=0.01, kernel='linear', random_state=42)
2023-05-28 18:27:01,856 [INFO] Save train_prediction_log data...
2023-05-28 18:27:01,861 [INFO] {'Data': 'train', 'ACC': '1.0 (203 / 203)', 'TP': 99, 'FP': 0, 'FN': 0, 'TN': 104, 'Precision': '1.0 (99 / 99 + 0)', 'Recall': '1.0 (99 / 99 + 0)', 'F1': '1.0 (2 * (1.0 * 1.0) / 1.0 + 1.0)', 'Specificity': '1.0 (104 / 104 + 0)', 'AUC': 1.0, 'r2': 1.0}
2023-05-28 18:27:01,869 [INFO] Save valid_prediction_log data...
2023-05-28 18:27:01,872 [INFO] {'Data': 'valid', 'ACC': '0.95 (41 / 43)', 'TP': 17, 'FP': 2, 'FN': 0, 'TN': 24, 'Precision': '0.89 (17 / 17 + 2)', 'Recall': '1.0 (17 / 17 + 0)', 'F1': '0.94 (2 * (1.0 * 0.89) / 1.0 + 0.89)', 'Specificity': '0.92 (24 / 24 + 2)', 'AUC': 0.96, 'r2': 0.81}
2023-05-28 18:27:01,895 [INFO] Save test_prediction_log data...
2023-05-28 18:27:01,898 [INFO] {'Data': 'test', 'ACC': '0.7 (30 / 43)', 'TP': 12, 'FP': 8, 'FN': 5, 'TN': 18, 'Precision': '0.6 (12 / 12 + 8)', 'Recall': '0.71 (12 / 12 + 5)', 'F1': '0.65 (2 * (0.71 * 0.6) / 0.71 + 0.6)', 'Specificity': '0.69 (18 / 18 + 8)', 'AUC': 0.7, 'r2': -0.26}
2023-05-28 18:27:01,901 [INFO] Save training_log data...
2023-05-28 18:27:01,902 [INFO] Save score_log data...
2023-05-28 18:27:01,904 [INFO] Time : 7.041531324386597
