2023-05-27 22:56:19,872 [INFO] Train data : Vary_params_SH\DUD-E\ROCK1\nG1_80\ECFP6_512bits\Standard\ROCK1_train_vector.tsv
2023-05-27 22:56:19,872 [INFO] Valid data : Vary_params_SH\DUD-E\ROCK1\nG1_80\ECFP6_512bits\Standard\ROCK1_valid_vector.tsv
2023-05-27 22:56:19,872 [INFO] Output path : Vary_params_SH\DUD-E\ROCK1\nG1_80\ECFP6_512bits\Standard\ROCK1_model\RF
2023-05-27 22:56:19,872 [INFO] Model type : RF
2023-05-27 22:56:19,872 [INFO] Use cores : 3
2023-05-27 22:56:19,926 [INFO] Start Learning model
2023-05-27 22:56:19,926 [INFO] Train : 70 | Valid : 25
2023-05-27 22:56:19,926 [INFO] Set parameters : {'max_depth': [6, 8, 10, 12], 'max_features': ['sqrt', 'log2'], 'min_samples_leaf': [2, 4, 8, 10], 'min_samples_split': [2, 4, 8, 10], 'n_estimators': [200, 600, 1000]}
2023-05-27 23:12:47,630 [INFO] GridSearchCV results :
     mean_valid_accuracy  mean_valid_precision  mean_valid_auc
136             0.928571                   0.6        0.833333
37              0.928571                   0.6        0.833333
328             0.928571                   0.6        0.833333
326             0.928571                   0.6        0.833333
325             0.928571                   0.6        0.833333
..                   ...                   ...             ...
273             0.871429                   0.2        0.591667
351             0.885714                   0.2        0.600000
354             0.885714                   0.2        0.600000
255             0.885714                   0.2        0.600000
156             0.885714                   0.2        0.600000

[384 rows x 3 columns]
2023-05-27 23:12:47,632 [INFO] Best model :
RandomForestClassifier(class_weight='balanced', max_depth=6, min_samples_leaf=2,
                       n_estimators=600, random_state=42)
2023-05-27 23:12:47,687 [INFO] Save train_prediction_log data...
2023-05-27 23:12:47,692 [INFO] {'Data': 'train', 'ACC': '1.0 (70 / 70)', 'TP': 10, 'FP': 0, 'FN': 0, 'TN': 60, 'Precision': '1.0 (10 / 10 + 0)', 'Recall': '1.0 (10 / 10 + 0)', 'F1': '1.0 (2 * (1.0 * 1.0) / 1.0 + 1.0)', 'Specificity': '1.0 (60 / 60 + 0)', 'AUC': 1.0, 'r2': 1.0}
2023-05-27 23:12:47,749 [INFO] Save valid_prediction_log data...
2023-05-27 23:12:47,752 [INFO] {'Data': 'valid', 'ACC': '0.88 (22 / 25)', 'TP': 7, 'FP': 0, 'FN': 3, 'TN': 15, 'Precision': '1.0 (7 / 7 + 0)', 'Recall': '0.7 (7 / 7 + 3)', 'F1': '0.82 (2 * (0.7 * 1.0) / 0.7 + 1.0)', 'Specificity': '1.0 (15 / 15 + 0)', 'AUC': 0.85, 'r2': 0.5}
2023-05-27 23:12:47,829 [INFO] Save test_prediction_log data...
2023-05-27 23:12:47,832 [INFO] {'Data': 'test', 'ACC': '0.56 (14 / 25)', 'TP': 0, 'FP': 1, 'FN': 10, 'TN': 14, 'Precision': '0 (0 / 0 + 1)', 'Recall': '0 (0 / 0 + 10)', 'F1': '0 (2 * (0 * 0) / 0 + 0)', 'Specificity': '0.93 (14 / 14 + 1)', 'AUC': 0.47, 'r2': -0.83}
2023-05-27 23:12:48,026 [INFO] Save training_log data...
2023-05-27 23:12:48,065 [INFO] Save score_log data...
2023-05-27 23:12:48,066 [INFO] Time : 988.1935176849365
