2023-05-29 13:24:50,167 [INFO] Train data : Vary_params_CDK2_EGFR_LCK\DUD-E\LCK\nG1_80\ECFP4_512bits\Robust\LCK_train_vector.tsv
2023-05-29 13:24:50,167 [INFO] Valid data : Vary_params_CDK2_EGFR_LCK\DUD-E\LCK\nG1_80\ECFP4_512bits\Robust\LCK_valid_vector.tsv
2023-05-29 13:24:50,167 [INFO] Output path : Vary_params_CDK2_EGFR_LCK\DUD-E\LCK\nG1_80\ECFP4_512bits\Robust\LCK_model\MLP
2023-05-29 13:24:50,167 [INFO] Model type : MLP
2023-05-29 13:24:50,167 [INFO] Use cores : 19
2023-05-29 13:24:50,198 [INFO] Start Learning model
2023-05-29 13:24:50,198 [INFO] Train : 706 | Valid : 185
2023-05-29 13:24:50,199 [INFO] Set parameters : {'hidden_layer_sizes': [(50,), (100,), (50, 50), (100, 100)], 'learning_rate': ['constant', 'invscaling', 'adaptive'], 'activation': ['relu', 'identity', 'logistic', 'tanh'], 'solver': ['adam', 'sgd', 'lbfgs'], 'alpha': [0.1, 0.01, 0.001], 'max_iter': [500, 1000], 'early_stopping': [True]}
2023-05-29 13:31:22,604 [INFO] GridSearchCV results :
     mean_valid_accuracy  mean_valid_precision  mean_valid_auc
432             0.953300                   1.0        0.937749
591             0.951891                   1.0        0.935897
510             0.953300                   1.0        0.937749
507             0.953300                   1.0        0.937749
504             0.953300                   1.0        0.937749
..                   ...                   ...             ...
556             0.626076                   0.0        0.500000
559             0.626076                   0.0        0.500000
562             0.626076                   0.0        0.500000
565             0.626076                   0.0        0.500000
550             0.626076                   0.0        0.500000

[864 rows x 3 columns]
2023-05-29 13:31:22,605 [INFO] Best model :
MLPClassifier(activation='logistic', alpha=0.1, early_stopping=True,
              hidden_layer_sizes=(50,), max_iter=500, random_state=42)
2023-05-29 13:31:22,613 [INFO] Save train_prediction_log data...
2023-05-29 13:31:22,616 [INFO] {'Data': 'train', 'ACC': '0.99 (702 / 706)', 'TP': 260, 'FP': 0, 'FN': 4, 'TN': 442, 'Precision': '1.0 (260 / 260 + 0)', 'Recall': '0.98 (260 / 260 + 4)', 'F1': '0.99 (2 * (0.98 * 1.0) / 0.98 + 1.0)', 'Specificity': '1.0 (442 / 442 + 0)', 'AUC': 0.99, 'r2': 0.98}
2023-05-29 13:31:22,621 [INFO] Save valid_prediction_log data...
2023-05-29 13:31:22,622 [INFO] {'Data': 'valid', 'ACC': '0.98 (182 / 185)', 'TP': 72, 'FP': 1, 'FN': 2, 'TN': 110, 'Precision': '0.99 (72 / 72 + 1)', 'Recall': '0.97 (72 / 72 + 2)', 'F1': '0.98 (2 * (0.97 * 0.99) / 0.97 + 0.99)', 'Specificity': '0.99 (110 / 110 + 1)', 'AUC': 0.98, 'r2': 0.93}
2023-05-29 13:31:22,639 [INFO] Save test_prediction_log data...
2023-05-29 13:31:22,641 [INFO] {'Data': 'test', 'ACC': '0.61 (112 / 185)', 'TP': 34, 'FP': 33, 'FN': 40, 'TN': 78, 'Precision': '0.51 (34 / 34 + 33)', 'Recall': '0.46 (34 / 34 + 40)', 'F1': '0.48 (2 * (0.46 * 0.51) / 0.46 + 0.51)', 'Specificity': '0.7 (78 / 78 + 33)', 'AUC': 0.58, 'r2': -0.64}
2023-05-29 13:31:22,643 [INFO] Save training_log data...
2023-05-29 13:31:22,648 [INFO] Save score_log data...
2023-05-29 13:31:22,649 [INFO] Time : 392.4820337295532
