2023-05-29 10:54:15,739 [INFO] Train data : Vary_params_VGFR2\DUD-E\VGFR2\nG1_80\ECFP4_512bits\Standard\VGFR2_train_vector.tsv
2023-05-29 10:54:15,739 [INFO] Valid data : Vary_params_VGFR2\DUD-E\VGFR2\nG1_80\ECFP4_512bits\Standard\VGFR2_valid_vector.tsv
2023-05-29 10:54:15,739 [INFO] Output path : Vary_params_VGFR2\DUD-E\VGFR2\nG1_80\ECFP4_512bits\Standard\VGFR2_model\XGB
2023-05-29 10:54:15,739 [INFO] Model type : XGB
2023-05-29 10:54:15,739 [INFO] Use cores : 18
2023-05-29 10:54:15,842 [INFO] Start Learning model
2023-05-29 10:54:15,842 [INFO] Train : 687 | Valid : 180
2023-05-29 10:54:15,844 [INFO] Set parameters : {'max_depth': [4, 6, 8], 'learning_rate': [0.01, 0.2], 'n_estimators': [200, 600, 1000], 'gamma': [0, 1000], 'min_child_weight': [1, 3], 'subsample': [0.5, 1], 'colsample_bytree': [0.5, 1], 'objective': ['binary:logitraw'], 'eval_metric': ['auc', 'error']}
2023-05-29 11:34:06,288 [INFO] GridSearchCV results :
     mean_valid_accuracy  mean_valid_precision  mean_valid_auc
27              0.979582              0.992308        0.974213
171             0.979582              0.992308        0.974213
177             0.973764              0.988746        0.967204
33              0.973764              0.988746        0.967204
170             0.973785              0.988141        0.967281
..                   ...                   ...             ...
378             0.625938              0.000000        0.500000
377             0.625938              0.000000        0.500000
376             0.625938              0.000000        0.500000
375             0.625938              0.000000        0.500000
575             0.625938              0.000000        0.500000

[576 rows x 3 columns]
2023-05-29 11:34:06,291 [INFO] Best model :
XGBClassifier(base_score=None, booster=None, callbacks=None,
              colsample_bylevel=None, colsample_bynode=None,
              colsample_bytree=0.5, early_stopping_rounds=None,
              enable_categorical=False, eval_metric='auc', feature_types=None,
              gamma=0, gpu_id=None, grow_policy=None, importance_type=None,
              interaction_constraints=None, learning_rate=0.01, max_bin=None,
              max_cat_threshold=None, max_cat_to_onehot=None,
              max_delta_step=None, max_depth=8, max_leaves=None,
              min_child_weight=1, missing=nan, monotone_constraints=None,
              n_estimators=600, n_jobs=0, num_parallel_tree=None,
              objective='binary:logitraw', predictor=None, ...)
2023-05-29 11:34:06,321 [INFO] Save train_prediction_log data...
2023-05-29 11:34:06,327 [INFO] {'Data': 'train', 'ACC': '1.0 (687 / 687)', 'TP': 257, 'FP': 0, 'FN': 0, 'TN': 430, 'Precision': '1.0 (257 / 257 + 0)', 'Recall': '1.0 (257 / 257 + 0)', 'F1': '1.0 (2 * (1.0 * 1.0) / 1.0 + 1.0)', 'Specificity': '1.0 (430 / 430 + 0)', 'AUC': 1.0, 'r2': 1.0}
2023-05-29 11:34:06,353 [INFO] Save valid_prediction_log data...
2023-05-29 11:34:06,357 [INFO] {'Data': 'valid', 'ACC': '0.99 (179 / 180)', 'TP': 72, 'FP': 1, 'FN': 0, 'TN': 107, 'Precision': '0.99 (72 / 72 + 1)', 'Recall': '1.0 (72 / 72 + 0)', 'F1': '0.99 (2 * (1.0 * 0.99) / 1.0 + 0.99)', 'Specificity': '0.99 (107 / 107 + 1)', 'AUC': 1.0, 'r2': 0.98}
2023-05-29 11:34:06,425 [INFO] Save test_prediction_log data...
2023-05-29 11:34:06,429 [INFO] {'Data': 'test', 'ACC': '0.57 (103 / 180)', 'TP': 32, 'FP': 37, 'FN': 40, 'TN': 71, 'Precision': '0.46 (32 / 32 + 37)', 'Recall': '0.44 (32 / 32 + 40)', 'F1': '0.45 (2 * (0.44 * 0.46) / 0.44 + 0.46)', 'Specificity': '0.66 (71 / 71 + 37)', 'AUC': 0.55, 'r2': -0.78}
2023-05-29 11:34:06,444 [INFO] Save training_log data...
2023-05-29 11:34:11,188 [INFO] Save score_log data...
2023-05-29 11:34:11,190 [INFO] Time : 2395.45064163208
