2023-05-28 02:31:30,795 [INFO] Train data : Vary_params_CDK2_EGFR_LCK\DUD-E\CDK2\nG1_80\ECFP4_512bits\Robust\CDK2_train_vector.tsv
2023-05-28 02:31:30,795 [INFO] Valid data : Vary_params_CDK2_EGFR_LCK\DUD-E\CDK2\nG1_80\ECFP4_512bits\Robust\CDK2_valid_vector.tsv
2023-05-28 02:31:30,795 [INFO] Output path : Vary_params_CDK2_EGFR_LCK\DUD-E\CDK2\nG1_80\ECFP4_512bits\Robust\CDK2_model\SVM
2023-05-28 02:31:30,795 [INFO] Model type : SVM
2023-05-28 02:31:30,795 [INFO] Use cores : 19
2023-05-28 02:31:30,830 [INFO] Start Learning model
2023-05-28 02:31:30,830 [INFO] Train : 818 | Valid : 212
2023-05-28 02:31:30,830 [INFO] Set parameters : {'kernel': ['linear', 'rbf'], 'C': [0.01, 0.1, 1, 10, 100, 1000], 'gamma': [0.01, 0.1, 1, 100, 1000]}
2023-05-28 02:31:41,560 [INFO] GridSearchCV results :
    mean_valid_accuracy  mean_valid_precision  mean_valid_auc
0              0.923005              0.880767        0.923648
20             0.923005              0.880767        0.923648
24             0.923005              0.880767        0.923648
26             0.923005              0.880767        0.923648
28             0.923005              0.880767        0.923648
32             0.923005              0.880767        0.923648
34             0.923005              0.880767        0.923648
36             0.923005              0.880767        0.923648
38             0.923005              0.880767        0.923648
40             0.923005              0.880767        0.923648
42             0.923005              0.880767        0.923648
44             0.923005              0.880767        0.923648
46             0.923005              0.880767        0.923648
48             0.923005              0.880767        0.923648
50             0.923005              0.880767        0.923648
52             0.923005              0.880767        0.923648
54             0.923005              0.880767        0.923648
56             0.923005              0.880767        0.923648
58             0.923005              0.880767        0.923648
22             0.923005              0.880767        0.923648
30             0.923005              0.880767        0.923648
10             0.923005              0.880767        0.923648
2              0.923005              0.880767        0.923648
18             0.923005              0.880767        0.923648
8              0.923005              0.880767        0.923648
16             0.923005              0.880767        0.923648
4              0.923005              0.880767        0.923648
12             0.923005              0.880767        0.923648
6              0.923005              0.880767        0.923648
14             0.923005              0.880767        0.923648
49             0.622252              0.000000        0.500000
9              0.622252              0.000000        0.500000
45             0.622252              0.000000        0.500000
47             0.622252              0.000000        0.500000
7              0.622252              0.000000        0.500000
21             0.622252              0.000000        0.500000
43             0.622252              0.000000        0.500000
5              0.622252              0.000000        0.500000
53             0.622252              0.000000        0.500000
55             0.622252              0.000000        0.500000
3              0.622252              0.000000        0.500000
57             0.622252              0.000000        0.500000
51             0.622252              0.000000        0.500000
11             0.622252              0.000000        0.500000
41             0.622252              0.000000        0.500000
19             0.622252              0.000000        0.500000
39             0.622252              0.000000        0.500000
37             0.622252              0.000000        0.500000
13             0.622252              0.000000        0.500000
35             0.622252              0.000000        0.500000
33             0.622252              0.000000        0.500000
15             0.622252              0.000000        0.500000
31             0.622252              0.000000        0.500000
1              0.622252              0.000000        0.500000
29             0.622252              0.000000        0.500000
27             0.622252              0.000000        0.500000
17             0.622252              0.000000        0.500000
25             0.622252              0.000000        0.500000
23             0.622252              0.000000        0.500000
59             0.622252              0.000000        0.500000
2023-05-28 02:31:41,561 [INFO] Best model :
SVC(C=0.01, gamma=0.01, kernel='linear', random_state=42)
2023-05-28 02:31:41,577 [INFO] Save train_prediction_log data...
2023-05-28 02:31:41,580 [INFO] {'Data': 'train', 'ACC': '1.0 (818 / 818)', 'TP': 309, 'FP': 0, 'FN': 0, 'TN': 509, 'Precision': '1.0 (309 / 309 + 0)', 'Recall': '1.0 (309 / 309 + 0)', 'F1': '1.0 (2 * (1.0 * 1.0) / 1.0 + 1.0)', 'Specificity': '1.0 (509 / 509 + 0)', 'AUC': 1.0, 'r2': 1.0}
2023-05-28 02:31:41,587 [INFO] Save valid_prediction_log data...
2023-05-28 02:31:41,589 [INFO] {'Data': 'valid', 'ACC': '0.96 (203 / 212)', 'TP': 84, 'FP': 8, 'FN': 1, 'TN': 119, 'Precision': '0.91 (84 / 84 + 8)', 'Recall': '0.99 (84 / 84 + 1)', 'F1': '0.95 (2 * (0.99 * 0.91) / 0.99 + 0.91)', 'Specificity': '0.94 (119 / 119 + 8)', 'AUC': 0.96, 'r2': 0.82}
2023-05-28 02:31:41,608 [INFO] Save test_prediction_log data...
2023-05-28 02:31:41,610 [INFO] {'Data': 'test', 'ACC': '0.55 (117 / 212)', 'TP': 59, 'FP': 69, 'FN': 26, 'TN': 58, 'Precision': '0.46 (59 / 59 + 69)', 'Recall': '0.69 (59 / 59 + 26)', 'F1': '0.55 (2 * (0.69 * 0.46) / 0.69 + 0.46)', 'Specificity': '0.46 (58 / 58 + 69)', 'AUC': 0.58, 'r2': -0.87}
2023-05-28 02:31:41,612 [INFO] Save training_log data...
2023-05-28 02:31:41,614 [INFO] Save score_log data...
2023-05-28 02:31:41,615 [INFO] Time : 10.819603443145752
