2023-05-27 18:09:19,579 [INFO] Train data : Vary_params\DUD-E\AKT2\nG1_50\ECFP6_256bits\Robust\AKT2_train_vector.tsv
2023-05-27 18:09:19,579 [INFO] Valid data : Vary_params\DUD-E\AKT2\nG1_50\ECFP6_256bits\Robust\AKT2_valid_vector.tsv
2023-05-27 18:09:19,579 [INFO] Output path : Vary_params\DUD-E\AKT2\nG1_50\ECFP6_256bits\Robust\AKT2_model\MLP
2023-05-27 18:09:19,579 [INFO] Model type : MLP
2023-05-27 18:09:19,579 [INFO] Use cores : 11
2023-05-27 18:09:19,593 [INFO] Start Learning model
2023-05-27 18:09:19,593 [INFO] Train : 125 | Valid : 31
2023-05-27 18:09:19,593 [INFO] Set parameters : {'hidden_layer_sizes': [(50,), (100,), (50, 50), (100, 100)], 'learning_rate': ['constant', 'invscaling', 'adaptive'], 'activation': ['relu', 'identity', 'logistic', 'tanh'], 'solver': ['adam', 'sgd', 'lbfgs'], 'alpha': [0.1, 0.01, 0.001], 'max_iter': [500, 1000], 'early_stopping': [True]}
2023-05-27 18:12:36,831 [INFO] GridSearchCV results :
     mean_valid_accuracy  mean_valid_precision  mean_valid_auc
531             0.778846                  0.95         0.72375
603             0.778846                  0.95         0.72375
450             0.778205                  0.95         0.72375
453             0.778205                  0.95         0.72375
456             0.778205                  0.95         0.72375
..                   ...                   ...             ...
540             0.599359                  0.00         0.50000
489             0.599359                  0.00         0.50000
492             0.599359                  0.00         0.50000
612             0.599359                  0.00         0.50000
642             0.599359                  0.00         0.50000

[864 rows x 3 columns]
2023-05-27 18:12:36,834 [INFO] Best model :
MLPClassifier(activation='logistic', alpha=0.1, early_stopping=True,
              max_iter=500, random_state=42)
2023-05-27 18:12:36,839 [INFO] Save train_prediction_log data...
2023-05-27 18:12:36,843 [INFO] {'Data': 'train', 'ACC': '0.95 (119 / 125)', 'TP': 44, 'FP': 0, 'FN': 6, 'TN': 75, 'Precision': '1.0 (44 / 44 + 0)', 'Recall': '0.88 (44 / 44 + 6)', 'F1': '0.94 (2 * (0.88 * 1.0) / 0.88 + 1.0)', 'Specificity': '1.0 (75 / 75 + 0)', 'AUC': 0.94, 'r2': 0.8}
2023-05-27 18:12:36,848 [INFO] Save valid_prediction_log data...
2023-05-27 18:12:36,851 [INFO] {'Data': 'valid', 'ACC': '0.87 (27 / 31)', 'TP': 8, 'FP': 0, 'FN': 4, 'TN': 19, 'Precision': '1.0 (8 / 8 + 0)', 'Recall': '0.67 (8 / 8 + 4)', 'F1': '0.8 (2 * (0.67 * 1.0) / 0.67 + 1.0)', 'Specificity': '1.0 (19 / 19 + 0)', 'AUC': 0.83, 'r2': 0.46}
2023-05-27 18:12:36,863 [INFO] Save test_prediction_log data...
2023-05-27 18:12:36,868 [INFO] {'Data': 'test', 'ACC': '0.68 (21 / 31)', 'TP': 4, 'FP': 2, 'FN': 8, 'TN': 17, 'Precision': '0.67 (4 / 4 + 2)', 'Recall': '0.33 (4 / 4 + 8)', 'F1': '0.44 (2 * (0.33 * 0.67) / 0.33 + 0.67)', 'Specificity': '0.89 (17 / 17 + 2)', 'AUC': 0.61, 'r2': -0.36}
2023-05-27 18:12:36,872 [INFO] Save training_log data...
2023-05-27 18:12:36,880 [INFO] Save score_log data...
2023-05-27 18:12:36,881 [INFO] Time : 197.3030092716217
