2023-05-29 19:36:54,365 [INFO] Train data : Baseline_noscale_DUDE\DUD-E\AKT1\ECFP6_512bits\AKT1_raw_train.tsv
2023-05-29 19:36:54,366 [INFO] Valid data : Baseline_noscale_DUDE\DUD-E\AKT1\ECFP6_512bits\AKT1_raw_valid.tsv
2023-05-29 19:36:54,366 [INFO] Output path : Baseline_noscale_DUDE\DUD-E\AKT1\ECFP6_512bits\AKT1_model\MLP
2023-05-29 19:36:54,366 [INFO] Model type : MLP
2023-05-29 19:36:54,366 [INFO] Use cores : 12
2023-05-29 19:36:54,384 [INFO] Start Learning model
2023-05-29 19:36:54,385 [INFO] Train : 481 | Valid : 120
2023-05-29 19:36:54,385 [INFO] Set parameters : {'hidden_layer_sizes': [(50,), (100,), (50, 50), (100, 100)], 'learning_rate': ['constant', 'invscaling', 'adaptive'], 'activation': ['relu', 'identity', 'logistic', 'tanh'], 'solver': ['adam', 'sgd', 'lbfgs'], 'alpha': [0.1, 0.01, 0.001], 'max_iter': [500, 1000], 'early_stopping': [True]}
2023-05-29 19:40:19,748 [INFO] GridSearchCV results :
     mean_valid_accuracy  mean_valid_precision  mean_valid_auc
525             0.948257                   1.0        0.935789
567             0.937968                   1.0        0.922895
609             0.948257                   1.0        0.935789
606             0.948257                   1.0        0.935789
462             0.946173                   1.0        0.933158
..                   ...                   ...             ...
615             0.600850                   0.0        0.500000
616             0.600850                   0.0        0.500000
618             0.600850                   0.0        0.500000
619             0.600850                   0.0        0.500000
625             0.600850                   0.0        0.500000

[864 rows x 3 columns]
2023-05-29 19:40:19,749 [INFO] Best model :
MLPClassifier(activation='logistic', alpha=0.1, early_stopping=True,
              max_iter=500, random_state=42)
2023-05-29 19:40:19,759 [INFO] Save train_prediction_log data...
2023-05-29 19:40:19,762 [INFO] {'Data': 'train', 'ACC': '0.95 (455 / 481)', 'TP': 166, 'FP': 0, 'FN': 26, 'TN': 289, 'Precision': '1.0 (166 / 166 + 0)', 'Recall': '0.86 (166 / 166 + 26)', 'F1': '0.92 (2 * (0.86 * 1.0) / 0.86 + 1.0)', 'Specificity': '1.0 (289 / 289 + 0)', 'AUC': 0.93, 'r2': 0.77}
2023-05-29 19:40:19,768 [INFO] Save valid_prediction_log data...
2023-05-29 19:40:19,770 [INFO] {'Data': 'valid', 'ACC': '1.0 (120 / 120)', 'TP': 48, 'FP': 0, 'FN': 0, 'TN': 72, 'Precision': '1.0 (48 / 48 + 0)', 'Recall': '1.0 (48 / 48 + 0)', 'F1': '1.0 (2 * (1.0 * 1.0) / 1.0 + 1.0)', 'Specificity': '1.0 (72 / 72 + 0)', 'AUC': 1.0, 'r2': 1.0}
2023-05-29 19:40:19,782 [INFO] Save test_prediction_log data...
2023-05-29 19:40:19,784 [INFO] {'Data': 'test', 'ACC': '0.66 (79 / 120)', 'TP': 9, 'FP': 2, 'FN': 39, 'TN': 70, 'Precision': '0.82 (9 / 9 + 2)', 'Recall': '0.19 (9 / 9 + 39)', 'F1': '0.31 (2 * (0.19 * 0.82) / 0.19 + 0.82)', 'Specificity': '0.97 (70 / 70 + 2)', 'AUC': 0.58, 'r2': -0.42}
2023-05-29 19:40:19,787 [INFO] Save training_log data...
2023-05-29 19:40:19,792 [INFO] Save score_log data...
2023-05-29 19:40:19,793 [INFO] Time : 205.4284462928772
