2023-05-28 14:53:13,728 [INFO] Train data : Vary_params_ABL_BRAF_FGFR1\DUD-E\ABL1\nG1_20\ECFP6_512bits\MinMax\ABL1_train_vector.tsv
2023-05-28 14:53:13,729 [INFO] Valid data : Vary_params_ABL_BRAF_FGFR1\DUD-E\ABL1\nG1_20\ECFP6_512bits\MinMax\ABL1_valid_vector.tsv
2023-05-28 14:53:13,729 [INFO] Output path : Vary_params_ABL_BRAF_FGFR1\DUD-E\ABL1\nG1_20\ECFP6_512bits\MinMax\ABL1_model\MLP
2023-05-28 14:53:13,729 [INFO] Model type : MLP
2023-05-28 14:53:13,729 [INFO] Use cores : 18
2023-05-28 14:53:13,751 [INFO] Start Learning model
2023-05-28 14:53:13,751 [INFO] Train : 294 | Valid : 66
2023-05-28 14:53:13,751 [INFO] Set parameters : {'hidden_layer_sizes': [(50,), (100,), (50, 50), (100, 100)], 'learning_rate': ['constant', 'invscaling', 'adaptive'], 'activation': ['relu', 'identity', 'logistic', 'tanh'], 'solver': ['adam', 'sgd', 'lbfgs'], 'alpha': [0.1, 0.01, 0.001], 'max_iter': [500, 1000], 'early_stopping': [True]}
2023-05-28 14:56:24,320 [INFO] GridSearchCV results :
     mean_valid_accuracy  mean_valid_precision  mean_valid_auc
645             0.852069              0.967917        0.844265
642             0.852069              0.967917        0.844265
558             0.852069              0.967917        0.844265
561             0.852069              0.967917        0.844265
564             0.852069              0.967917        0.844265
..                   ...                   ...             ...
484             0.537471              0.000000        0.500000
43              0.537471              0.000000        0.500000
628             0.537471              0.000000        0.500000
481             0.537471              0.000000        0.500000
613             0.537471              0.000000        0.500000

[864 rows x 3 columns]
2023-05-28 14:56:24,321 [INFO] Best model :
MLPClassifier(activation='logistic', alpha=0.01, early_stopping=True,
              hidden_layer_sizes=(100, 100), max_iter=500, random_state=42)
2023-05-28 14:56:24,329 [INFO] Save train_prediction_log data...
2023-05-28 14:56:24,332 [INFO] {'Data': 'train', 'ACC': '0.93 (274 / 294)', 'TP': 122, 'FP': 6, 'FN': 14, 'TN': 152, 'Precision': '0.95 (122 / 122 + 6)', 'Recall': '0.9 (122 / 122 + 14)', 'F1': '0.92 (2 * (0.9 * 0.95) / 0.9 + 0.95)', 'Specificity': '0.96 (152 / 152 + 6)', 'AUC': 0.93, 'r2': 0.73}
2023-05-28 14:56:24,337 [INFO] Save valid_prediction_log data...
2023-05-28 14:56:24,339 [INFO] {'Data': 'valid', 'ACC': '0.92 (61 / 66)', 'TP': 26, 'FP': 5, 'FN': 0, 'TN': 35, 'Precision': '0.84 (26 / 26 + 5)', 'Recall': '1.0 (26 / 26 + 0)', 'F1': '0.91 (2 * (1.0 * 0.84) / 1.0 + 0.84)', 'Specificity': '0.88 (35 / 35 + 5)', 'AUC': 0.94, 'r2': 0.68}
2023-05-28 14:56:24,352 [INFO] Save test_prediction_log data...
2023-05-28 14:56:24,354 [INFO] {'Data': 'test', 'ACC': '0.61 (40 / 66)', 'TP': 12, 'FP': 12, 'FN': 14, 'TN': 28, 'Precision': '0.5 (12 / 12 + 12)', 'Recall': '0.46 (12 / 12 + 14)', 'F1': '0.48 (2 * (0.46 * 0.5) / 0.46 + 0.5)', 'Specificity': '0.7 (28 / 28 + 12)', 'AUC': 0.58, 'r2': -0.65}
2023-05-28 14:56:24,357 [INFO] Save training_log data...
2023-05-28 14:56:24,361 [INFO] Save score_log data...
2023-05-28 14:56:24,362 [INFO] Time : 190.63384747505188
