2023-05-26 22:02:55,901 [INFO] Train data : Vary_params\DUD-E\MET\nG1_20\ECFP6_256bits\Standard\MET_train_vector.tsv
2023-05-26 22:02:55,902 [INFO] Valid data : Vary_params\DUD-E\MET\nG1_20\ECFP6_256bits\Standard\MET_valid_vector.tsv
2023-05-26 22:02:55,902 [INFO] Output path : Vary_params\DUD-E\MET\nG1_20\ECFP6_256bits\Standard\MET_model\MLP
2023-05-26 22:02:55,902 [INFO] Model type : MLP
2023-05-26 22:02:55,902 [INFO] Use cores : 10
2023-05-26 22:02:55,923 [INFO] Start Learning model
2023-05-26 22:02:55,923 [INFO] Train : 226 | Valid : 49
2023-05-26 22:02:55,923 [INFO] Set parameters : {'hidden_layer_sizes': [(50,), (100,), (50, 50), (100, 100)], 'learning_rate': ['constant', 'invscaling', 'adaptive'], 'activation': ['relu', 'identity', 'logistic', 'tanh'], 'solver': ['adam', 'sgd', 'lbfgs'], 'alpha': [0.1, 0.01, 0.001], 'max_iter': [500, 1000], 'early_stopping': [True]}
2023-05-26 22:04:24,220 [INFO] GridSearchCV results :
     mean_valid_accuracy  mean_valid_precision  mean_valid_auc
486             0.868972                   1.0        0.862727
540             0.864427                   1.0        0.858636
474             0.864427                   1.0        0.858636
477             0.864427                   1.0        0.858636
480             0.864427                   1.0        0.858636
..                   ...                   ...             ...
523             0.522134                   0.0        0.500000
454             0.522134                   0.0        0.500000
451             0.522134                   0.0        0.500000
601             0.522134                   0.0        0.500000
529             0.522134                   0.0        0.500000

[864 rows x 3 columns]
2023-05-26 22:04:24,221 [INFO] Best model :
MLPClassifier(activation='logistic', alpha=0.1, early_stopping=True,
              hidden_layer_sizes=(50, 50), max_iter=500, random_state=42)
2023-05-26 22:04:24,226 [INFO] Save train_prediction_log data...
2023-05-26 22:04:24,229 [INFO] {'Data': 'train', 'ACC': '0.82 (185 / 226)', 'TP': 67, 'FP': 0, 'FN': 41, 'TN': 118, 'Precision': '1.0 (67 / 67 + 0)', 'Recall': '0.62 (67 / 67 + 41)', 'F1': '0.77 (2 * (0.62 * 1.0) / 0.62 + 1.0)', 'Specificity': '1.0 (118 / 118 + 0)', 'AUC': 0.81, 'r2': 0.27}
2023-05-26 22:04:24,233 [INFO] Save valid_prediction_log data...
2023-05-26 22:04:24,235 [INFO] {'Data': 'valid', 'ACC': '0.98 (48 / 49)', 'TP': 19, 'FP': 0, 'FN': 1, 'TN': 29, 'Precision': '1.0 (19 / 19 + 0)', 'Recall': '0.95 (19 / 19 + 1)', 'F1': '0.97 (2 * (0.95 * 1.0) / 0.95 + 1.0)', 'Specificity': '1.0 (29 / 29 + 0)', 'AUC': 0.98, 'r2': 0.92}
2023-05-26 22:04:24,248 [INFO] Save test_prediction_log data...
2023-05-26 22:04:24,252 [INFO] {'Data': 'test', 'ACC': '0.59 (29 / 49)', 'TP': 1, 'FP': 1, 'FN': 19, 'TN': 28, 'Precision': '0.5 (1 / 1 + 1)', 'Recall': '0.05 (1 / 1 + 19)', 'F1': '0.09 (2 * (0.05 * 0.5) / 0.05 + 0.5)', 'Specificity': '0.97 (28 / 28 + 1)', 'AUC': 0.51, 'r2': -0.69}
2023-05-26 22:04:24,255 [INFO] Save training_log data...
2023-05-26 22:04:24,260 [INFO] Save score_log data...
2023-05-26 22:04:24,261 [INFO] Time : 88.36004781723022
