2023-05-27 07:28:36,216 [INFO] Train data : Vary_params_SH\DUD-E\ROCK1\nG1_50\ECFP4_256bits\Standard\ROCK1_train_vector.tsv
2023-05-27 07:28:36,217 [INFO] Valid data : Vary_params_SH\DUD-E\ROCK1\nG1_50\ECFP4_256bits\Standard\ROCK1_valid_vector.tsv
2023-05-27 07:28:36,217 [INFO] Output path : Vary_params_SH\DUD-E\ROCK1\nG1_50\ECFP4_256bits\Standard\ROCK1_model\SVM
2023-05-27 07:28:36,217 [INFO] Model type : SVM
2023-05-27 07:28:36,217 [INFO] Use cores : 3
2023-05-27 07:28:36,242 [INFO] Start Learning model
2023-05-27 07:28:36,242 [INFO] Train : 100 | Valid : 25
2023-05-27 07:28:36,242 [INFO] Set parameters : {'kernel': ['linear', 'rbf'], 'C': [0.01, 0.1, 1, 10, 100, 1000], 'gamma': [0.01, 0.1, 1, 100, 1000]}
2023-05-27 07:28:40,318 [INFO] GridSearchCV results :
    mean_valid_accuracy  mean_valid_precision  mean_valid_auc
0                  0.95                  0.96        0.945833
20                 0.95                  0.96        0.945833
24                 0.95                  0.96        0.945833
26                 0.95                  0.96        0.945833
28                 0.95                  0.96        0.945833
32                 0.95                  0.96        0.945833
34                 0.95                  0.96        0.945833
36                 0.95                  0.96        0.945833
38                 0.95                  0.96        0.945833
40                 0.95                  0.96        0.945833
42                 0.95                  0.96        0.945833
44                 0.95                  0.96        0.945833
46                 0.95                  0.96        0.945833
48                 0.95                  0.96        0.945833
50                 0.95                  0.96        0.945833
52                 0.95                  0.96        0.945833
54                 0.95                  0.96        0.945833
56                 0.95                  0.96        0.945833
58                 0.95                  0.96        0.945833
22                 0.95                  0.96        0.945833
30                 0.95                  0.96        0.945833
2                  0.95                  0.96        0.945833
18                 0.95                  0.96        0.945833
10                 0.95                  0.96        0.945833
8                  0.95                  0.96        0.945833
16                 0.95                  0.96        0.945833
4                  0.95                  0.96        0.945833
12                 0.95                  0.96        0.945833
14                 0.95                  0.96        0.945833
6                  0.95                  0.96        0.945833
21                 0.87                  0.90        0.837500
41                 0.87                  0.90        0.837500
31                 0.87                  0.90        0.837500
51                 0.87                  0.90        0.837500
7                  0.60                  0.00        0.500000
47                 0.60                  0.00        0.500000
5                  0.60                  0.00        0.500000
49                 0.60                  0.00        0.500000
9                  0.60                  0.00        0.500000
53                 0.60                  0.00        0.500000
55                 0.60                  0.00        0.500000
3                  0.60                  0.00        0.500000
57                 0.60                  0.00        0.500000
45                 0.60                  0.00        0.500000
11                 0.60                  0.00        0.500000
43                 0.60                  0.00        0.500000
19                 0.60                  0.00        0.500000
39                 0.60                  0.00        0.500000
37                 0.60                  0.00        0.500000
13                 0.60                  0.00        0.500000
35                 0.60                  0.00        0.500000
33                 0.60                  0.00        0.500000
15                 0.60                  0.00        0.500000
1                  0.60                  0.00        0.500000
29                 0.60                  0.00        0.500000
27                 0.60                  0.00        0.500000
17                 0.60                  0.00        0.500000
25                 0.60                  0.00        0.500000
23                 0.60                  0.00        0.500000
59                 0.60                  0.00        0.500000
2023-05-27 07:28:40,320 [INFO] Best model :
SVC(C=0.01, gamma=0.01, kernel='linear', random_state=42)
2023-05-27 07:28:40,327 [INFO] Save train_prediction_log data...
2023-05-27 07:28:40,333 [INFO] {'Data': 'train', 'ACC': '1.0 (100 / 100)', 'TP': 40, 'FP': 0, 'FN': 0, 'TN': 60, 'Precision': '1.0 (40 / 40 + 0)', 'Recall': '1.0 (40 / 40 + 0)', 'F1': '1.0 (2 * (1.0 * 1.0) / 1.0 + 1.0)', 'Specificity': '1.0 (60 / 60 + 0)', 'AUC': 1.0, 'r2': 1.0}
2023-05-27 07:28:40,339 [INFO] Save valid_prediction_log data...
2023-05-27 07:28:40,343 [INFO] {'Data': 'valid', 'ACC': '0.96 (24 / 25)', 'TP': 10, 'FP': 1, 'FN': 0, 'TN': 14, 'Precision': '0.91 (10 / 10 + 1)', 'Recall': '1.0 (10 / 10 + 0)', 'F1': '0.95 (2 * (1.0 * 0.91) / 1.0 + 0.91)', 'Specificity': '0.93 (14 / 14 + 1)', 'AUC': 0.97, 'r2': 0.83}
2023-05-27 07:28:40,360 [INFO] Save test_prediction_log data...
2023-05-27 07:28:40,365 [INFO] {'Data': 'test', 'ACC': '0.68 (17 / 25)', 'TP': 4, 'FP': 2, 'FN': 6, 'TN': 13, 'Precision': '0.67 (4 / 4 + 2)', 'Recall': '0.4 (4 / 4 + 6)', 'F1': '0.5 (2 * (0.4 * 0.67) / 0.4 + 0.67)', 'Specificity': '0.87 (13 / 13 + 2)', 'AUC': 0.63, 'r2': -0.33}
2023-05-27 07:28:40,368 [INFO] Save training_log data...
2023-05-27 07:28:40,370 [INFO] Save score_log data...
2023-05-27 07:28:40,372 [INFO] Time : 4.155638694763184
