2023-05-28 13:49:55,543 [INFO] Train data : Vary_params_IGF1R_KIT\DUD-E\KIT\nG1_20\ECFP4_512bits\Robust\KIT_train_vector.tsv
2023-05-28 13:49:55,544 [INFO] Valid data : Vary_params_IGF1R_KIT\DUD-E\KIT\nG1_20\ECFP4_512bits\Robust\KIT_valid_vector.tsv
2023-05-28 13:49:55,544 [INFO] Output path : Vary_params_IGF1R_KIT\DUD-E\KIT\nG1_20\ECFP4_512bits\Robust\KIT_model\SVM
2023-05-28 13:49:55,544 [INFO] Model type : SVM
2023-05-28 13:49:55,544 [INFO] Use cores : 10
2023-05-28 13:49:55,566 [INFO] Start Learning model
2023-05-28 13:49:55,566 [INFO] Train : 262 | Valid : 58
2023-05-28 13:49:55,566 [INFO] Set parameters : {'kernel': ['linear', 'rbf'], 'C': [0.01, 0.1, 1, 10, 100, 1000], 'gamma': [0.01, 0.1, 1, 100, 1000]}
2023-05-28 13:49:58,679 [INFO] GridSearchCV results :
    mean_valid_accuracy  mean_valid_precision  mean_valid_auc
0              0.946724              0.946953        0.947802
20             0.946724              0.946953        0.947802
24             0.946724              0.946953        0.947802
26             0.946724              0.946953        0.947802
28             0.946724              0.946953        0.947802
32             0.946724              0.946953        0.947802
34             0.946724              0.946953        0.947802
36             0.946724              0.946953        0.947802
38             0.946724              0.946953        0.947802
40             0.946724              0.946953        0.947802
42             0.946724              0.946953        0.947802
44             0.946724              0.946953        0.947802
46             0.946724              0.946953        0.947802
48             0.946724              0.946953        0.947802
50             0.946724              0.946953        0.947802
52             0.946724              0.946953        0.947802
54             0.946724              0.946953        0.947802
56             0.946724              0.946953        0.947802
58             0.946724              0.946953        0.947802
22             0.946724              0.946953        0.947802
30             0.946724              0.946953        0.947802
10             0.946724              0.946953        0.947802
2              0.946724              0.946953        0.947802
18             0.946724              0.946953        0.947802
8              0.946724              0.946953        0.947802
16             0.946724              0.946953        0.947802
4              0.946724              0.946953        0.947802
12             0.946724              0.946953        0.947802
6              0.946724              0.946953        0.947802
14             0.946724              0.946953        0.947802
49             0.530627              0.000000        0.500000
9              0.530627              0.000000        0.500000
45             0.530627              0.000000        0.500000
47             0.530627              0.000000        0.500000
7              0.530627              0.000000        0.500000
21             0.530627              0.000000        0.500000
43             0.530627              0.000000        0.500000
5              0.530627              0.000000        0.500000
53             0.530627              0.000000        0.500000
55             0.530627              0.000000        0.500000
3              0.530627              0.000000        0.500000
57             0.530627              0.000000        0.500000
51             0.530627              0.000000        0.500000
11             0.530627              0.000000        0.500000
41             0.530627              0.000000        0.500000
19             0.530627              0.000000        0.500000
39             0.530627              0.000000        0.500000
37             0.530627              0.000000        0.500000
13             0.530627              0.000000        0.500000
35             0.530627              0.000000        0.500000
33             0.530627              0.000000        0.500000
15             0.530627              0.000000        0.500000
31             0.530627              0.000000        0.500000
1              0.530627              0.000000        0.500000
29             0.530627              0.000000        0.500000
27             0.530627              0.000000        0.500000
17             0.530627              0.000000        0.500000
25             0.530627              0.000000        0.500000
23             0.530627              0.000000        0.500000
59             0.530627              0.000000        0.500000
2023-05-28 13:49:58,680 [INFO] Best model :
SVC(C=0.01, gamma=0.01, kernel='linear', random_state=42)
2023-05-28 13:49:58,687 [INFO] Save train_prediction_log data...
2023-05-28 13:49:58,690 [INFO] {'Data': 'train', 'ACC': '1.0 (262 / 262)', 'TP': 123, 'FP': 0, 'FN': 0, 'TN': 139, 'Precision': '1.0 (123 / 123 + 0)', 'Recall': '1.0 (123 / 123 + 0)', 'F1': '1.0 (2 * (1.0 * 1.0) / 1.0 + 1.0)', 'Specificity': '1.0 (139 / 139 + 0)', 'AUC': 1.0, 'r2': 1.0}
2023-05-28 13:49:58,695 [INFO] Save valid_prediction_log data...
2023-05-28 13:49:58,697 [INFO] {'Data': 'valid', 'ACC': '0.95 (55 / 58)', 'TP': 23, 'FP': 3, 'FN': 0, 'TN': 32, 'Precision': '0.88 (23 / 23 + 3)', 'Recall': '1.0 (23 / 23 + 0)', 'F1': '0.94 (2 * (1.0 * 0.88) / 1.0 + 0.88)', 'Specificity': '0.91 (32 / 32 + 3)', 'AUC': 0.96, 'r2': 0.78}
2023-05-28 13:49:58,710 [INFO] Save test_prediction_log data...
2023-05-28 13:49:58,712 [INFO] {'Data': 'test', 'ACC': '0.6 (35 / 58)', 'TP': 15, 'FP': 15, 'FN': 8, 'TN': 20, 'Precision': '0.5 (15 / 15 + 15)', 'Recall': '0.65 (15 / 15 + 8)', 'F1': '0.57 (2 * (0.65 * 0.5) / 0.65 + 0.5)', 'Specificity': '0.57 (20 / 20 + 15)', 'AUC': 0.61, 'r2': -0.66}
2023-05-28 13:49:58,714 [INFO] Save training_log data...
2023-05-28 13:49:58,715 [INFO] Save score_log data...
2023-05-28 13:49:58,716 [INFO] Time : 3.172316074371338
