2023-05-28 14:35:26,364 [INFO] Train data : Vary_params_ABL_BRAF_FGFR1\DUD-E\ABL1\nG1_20\ECFP6_512bits\Standard\ABL1_train_vector.tsv
2023-05-28 14:35:26,365 [INFO] Valid data : Vary_params_ABL_BRAF_FGFR1\DUD-E\ABL1\nG1_20\ECFP6_512bits\Standard\ABL1_valid_vector.tsv
2023-05-28 14:35:26,365 [INFO] Output path : Vary_params_ABL_BRAF_FGFR1\DUD-E\ABL1\nG1_20\ECFP6_512bits\Standard\ABL1_model\SVM
2023-05-28 14:35:26,365 [INFO] Model type : SVM
2023-05-28 14:35:26,365 [INFO] Use cores : 18
2023-05-28 14:35:26,401 [INFO] Start Learning model
2023-05-28 14:35:26,401 [INFO] Train : 294 | Valid : 66
2023-05-28 14:35:26,401 [INFO] Set parameters : {'kernel': ['linear', 'rbf'], 'C': [0.01, 0.1, 1, 10, 100, 1000], 'gamma': [0.01, 0.1, 1, 100, 1000]}
2023-05-28 14:35:30,932 [INFO] GridSearchCV results :
    mean_valid_accuracy  mean_valid_precision  mean_valid_auc
41             0.670805              1.000000        0.644505
31             0.670805              1.000000        0.644505
51             0.670805              1.000000        0.644505
0              0.925517              0.938723        0.924755
26             0.925517              0.938723        0.924755
28             0.925517              0.938723        0.924755
32             0.925517              0.938723        0.924755
34             0.925517              0.938723        0.924755
36             0.925517              0.938723        0.924755
38             0.925517              0.938723        0.924755
40             0.925517              0.938723        0.924755
42             0.925517              0.938723        0.924755
22             0.925517              0.938723        0.924755
44             0.925517              0.938723        0.924755
46             0.925517              0.938723        0.924755
48             0.925517              0.938723        0.924755
50             0.925517              0.938723        0.924755
52             0.925517              0.938723        0.924755
54             0.925517              0.938723        0.924755
56             0.925517              0.938723        0.924755
58             0.925517              0.938723        0.924755
24             0.925517              0.938723        0.924755
30             0.925517              0.938723        0.924755
12             0.925517              0.938723        0.924755
2              0.925517              0.938723        0.924755
20             0.925517              0.938723        0.924755
4              0.925517              0.938723        0.924755
18             0.925517              0.938723        0.924755
8              0.925517              0.938723        0.924755
10             0.925517              0.938723        0.924755
16             0.925517              0.938723        0.924755
6              0.925517              0.938723        0.924755
14             0.925517              0.938723        0.924755
21             0.612759              0.900000        0.581868
49             0.537471              0.000000        0.500000
9              0.537471              0.000000        0.500000
47             0.537471              0.000000        0.500000
5              0.537471              0.000000        0.500000
7              0.537471              0.000000        0.500000
53             0.537471              0.000000        0.500000
55             0.537471              0.000000        0.500000
3              0.537471              0.000000        0.500000
57             0.537471              0.000000        0.500000
45             0.537471              0.000000        0.500000
23             0.537471              0.000000        0.500000
43             0.537471              0.000000        0.500000
11             0.537471              0.000000        0.500000
13             0.537471              0.000000        0.500000
39             0.537471              0.000000        0.500000
37             0.537471              0.000000        0.500000
15             0.537471              0.000000        0.500000
35             0.537471              0.000000        0.500000
33             0.537471              0.000000        0.500000
17             0.537471              0.000000        0.500000
1              0.537471              0.000000        0.500000
29             0.537471              0.000000        0.500000
19             0.537471              0.000000        0.500000
27             0.537471              0.000000        0.500000
25             0.537471              0.000000        0.500000
59             0.537471              0.000000        0.500000
2023-05-28 14:35:30,933 [INFO] Best model :
SVC(C=10, gamma=0.01, random_state=42)
2023-05-28 14:35:31,024 [INFO] Save train_prediction_log data...
2023-05-28 14:35:31,028 [INFO] {'Data': 'train', 'ACC': '1.0 (294 / 294)', 'TP': 136, 'FP': 0, 'FN': 0, 'TN': 158, 'Precision': '1.0 (136 / 136 + 0)', 'Recall': '1.0 (136 / 136 + 0)', 'F1': '1.0 (2 * (1.0 * 1.0) / 1.0 + 1.0)', 'Specificity': '1.0 (158 / 158 + 0)', 'AUC': 1.0, 'r2': 1.0}
2023-05-28 14:35:31,051 [INFO] Save valid_prediction_log data...
2023-05-28 14:35:31,053 [INFO] {'Data': 'valid', 'ACC': '0.97 (64 / 66)', 'TP': 24, 'FP': 0, 'FN': 2, 'TN': 40, 'Precision': '1.0 (24 / 24 + 0)', 'Recall': '0.92 (24 / 24 + 2)', 'F1': '0.96 (2 * (0.92 * 1.0) / 0.92 + 1.0)', 'Specificity': '1.0 (40 / 40 + 0)', 'AUC': 0.96, 'r2': 0.87}
2023-05-28 14:35:31,072 [INFO] Save test_prediction_log data...
2023-05-28 14:35:31,075 [INFO] {'Data': 'test', 'ACC': '0.65 (43 / 66)', 'TP': 3, 'FP': 0, 'FN': 23, 'TN': 40, 'Precision': '1.0 (3 / 3 + 0)', 'Recall': '0.12 (3 / 3 + 23)', 'F1': '0.21 (2 * (0.12 * 1.0) / 0.12 + 1.0)', 'Specificity': '1.0 (40 / 40 + 0)', 'AUC': 0.56, 'r2': -0.46}
2023-05-28 14:35:31,077 [INFO] Save training_log data...
2023-05-28 14:35:31,078 [INFO] Save score_log data...
2023-05-28 14:35:31,079 [INFO] Time : 4.7152533531188965
