2023-05-26 14:04:16,198 [INFO] Train data : Vary_params\DUD-E\MAPK2\nG1_20\ECFP6_512bits\MinMax\MAPK2_train_vector.tsv
2023-05-26 14:04:16,198 [INFO] Valid data : Vary_params\DUD-E\MAPK2\nG1_20\ECFP6_512bits\MinMax\MAPK2_valid_vector.tsv
2023-05-26 14:04:16,198 [INFO] Output path : Vary_params\DUD-E\MAPK2\nG1_20\ECFP6_512bits\MinMax\MAPK2_model\MLP
2023-05-26 14:04:16,198 [INFO] Model type : MLP
2023-05-26 14:04:16,198 [INFO] Use cores : 10
2023-05-26 14:04:16,219 [INFO] Start Learning model
2023-05-26 14:04:16,219 [INFO] Train : 132 | Valid : 25
2023-05-26 14:04:16,219 [INFO] Set parameters : {'hidden_layer_sizes': [(50,), (100,), (50, 50), (100, 100)], 'learning_rate': ['constant', 'invscaling', 'adaptive'], 'activation': ['relu', 'identity', 'logistic', 'tanh'], 'solver': ['adam', 'sgd', 'lbfgs'], 'alpha': [0.1, 0.01, 0.001], 'max_iter': [500, 1000], 'early_stopping': [True]}
2023-05-26 14:06:26,693 [INFO] GridSearchCV results :
     mean_valid_accuracy  mean_valid_precision  mean_valid_auc
377             0.962088                   1.0        0.964286
140             0.984615                   1.0        0.985714
80              0.962088                   1.0        0.964286
743             0.969231                   1.0        0.971429
746             0.969231                   1.0        0.971429
..                   ...                   ...             ...
208             0.462088                   0.0        0.500000
205             0.462088                   0.0        0.500000
574             0.462088                   0.0        0.500000
202             0.462088                   0.0        0.500000
621             0.462088                   0.0        0.500000

[864 rows x 3 columns]
2023-05-26 14:06:26,694 [INFO] Best model :
MLPClassifier(alpha=0.01, early_stopping=True, hidden_layer_sizes=(50,),
              max_iter=500, random_state=42, solver='lbfgs')
2023-05-26 14:06:26,699 [INFO] Save train_prediction_log data...
2023-05-26 14:06:26,702 [INFO] {'Data': 'train', 'ACC': '1.0 (132 / 132)', 'TP': 71, 'FP': 0, 'FN': 0, 'TN': 61, 'Precision': '1.0 (71 / 71 + 0)', 'Recall': '1.0 (71 / 71 + 0)', 'F1': '1.0 (2 * (1.0 * 1.0) / 1.0 + 1.0)', 'Specificity': '1.0 (61 / 61 + 0)', 'AUC': 1.0, 'r2': 1.0}
2023-05-26 14:06:26,706 [INFO] Save valid_prediction_log data...
2023-05-26 14:06:26,709 [INFO] {'Data': 'valid', 'ACC': '1.0 (25 / 25)', 'TP': 10, 'FP': 0, 'FN': 0, 'TN': 15, 'Precision': '1.0 (10 / 10 + 0)', 'Recall': '1.0 (10 / 10 + 0)', 'F1': '1.0 (2 * (1.0 * 1.0) / 1.0 + 1.0)', 'Specificity': '1.0 (15 / 15 + 0)', 'AUC': 1.0, 'r2': 1.0}
2023-05-26 14:06:26,724 [INFO] Save test_prediction_log data...
2023-05-26 14:06:26,728 [INFO] {'Data': 'test', 'ACC': '0.76 (19 / 25)', 'TP': 6, 'FP': 2, 'FN': 4, 'TN': 13, 'Precision': '0.75 (6 / 6 + 2)', 'Recall': '0.6 (6 / 6 + 4)', 'F1': '0.67 (2 * (0.6 * 0.75) / 0.6 + 0.75)', 'Specificity': '0.87 (13 / 13 + 2)', 'AUC': 0.73, 'r2': 0.0}
2023-05-26 14:06:26,730 [INFO] Save training_log data...
2023-05-26 14:06:26,735 [INFO] Save score_log data...
2023-05-26 14:06:26,736 [INFO] Time : 130.53770804405212
