2023-05-27 08:35:07,670 [INFO] Train data : Vary_params\DUD-E\MP2K1\nG1_20\ECFP6_256bits\MinMax\MP2K1_train_vector.tsv
2023-05-27 08:35:07,670 [INFO] Valid data : Vary_params\DUD-E\MP2K1\nG1_20\ECFP6_256bits\MinMax\MP2K1_valid_vector.tsv
2023-05-27 08:35:07,670 [INFO] Output path : Vary_params\DUD-E\MP2K1\nG1_20\ECFP6_256bits\MinMax\MP2K1_model\SVM
2023-05-27 08:35:07,670 [INFO] Model type : SVM
2023-05-27 08:35:07,671 [INFO] Use cores : 10
2023-05-27 08:35:07,684 [INFO] Start Learning model
2023-05-27 08:35:07,684 [INFO] Train : 172 | Valid : 35
2023-05-27 08:35:07,684 [INFO] Set parameters : {'kernel': ['linear', 'rbf'], 'C': [0.01, 0.1, 1, 10, 100, 1000], 'gamma': [0.01, 0.1, 1, 100, 1000]}
2023-05-27 08:35:10,237 [INFO] GridSearchCV results :
    mean_valid_accuracy  mean_valid_precision  mean_valid_auc
53             0.874510              1.000000        0.877778
33             0.874510              1.000000        0.877778
23             0.874510              1.000000        0.877778
21             0.902941              1.000000        0.905556
43             0.874510              1.000000        0.877778
31             0.936275              0.975714        0.937500
41             0.936275              0.975714        0.937500
51             0.936275              0.975714        0.937500
0              0.902288              0.972222        0.904861
8              0.902288              0.972222        0.904861
2              0.902288              0.972222        0.904861
6              0.902288              0.972222        0.904861
4              0.902288              0.972222        0.904861
40             0.895752              0.914444        0.897222
32             0.895752              0.914444        0.897222
34             0.895752              0.914444        0.897222
58             0.895752              0.914444        0.897222
36             0.895752              0.914444        0.897222
38             0.895752              0.914444        0.897222
56             0.895752              0.914444        0.897222
52             0.895752              0.914444        0.897222
42             0.895752              0.914444        0.897222
44             0.895752              0.914444        0.897222
28             0.895752              0.914444        0.897222
48             0.895752              0.914444        0.897222
50             0.895752              0.914444        0.897222
54             0.895752              0.914444        0.897222
46             0.895752              0.914444        0.897222
30             0.895752              0.914444        0.897222
20             0.895752              0.914444        0.897222
14             0.895752              0.914444        0.897222
26             0.895752              0.914444        0.897222
12             0.895752              0.914444        0.897222
24             0.895752              0.914444        0.897222
22             0.895752              0.914444        0.897222
16             0.895752              0.914444        0.897222
10             0.895752              0.914444        0.897222
18             0.895752              0.914444        0.897222
11             0.824837              0.849394        0.831944
9              0.505882              0.505882        0.500000
29             0.505882              0.505882        0.500000
7              0.505882              0.505882        0.500000
13             0.505882              0.505882        0.500000
55             0.505882              0.505882        0.500000
5              0.505882              0.505882        0.500000
57             0.505882              0.505882        0.500000
3              0.505882              0.505882        0.500000
49             0.505882              0.505882        0.500000
15             0.505882              0.505882        0.500000
47             0.505882              0.505882        0.500000
45             0.505882              0.505882        0.500000
1              0.505882              0.505882        0.500000
17             0.505882              0.505882        0.500000
19             0.505882              0.505882        0.500000
39             0.505882              0.505882        0.500000
37             0.505882              0.505882        0.500000
35             0.505882              0.505882        0.500000
25             0.505882              0.505882        0.500000
27             0.505882              0.505882        0.500000
59             0.505882              0.505882        0.500000
2023-05-27 08:35:10,238 [INFO] Best model :
SVC(C=1, gamma=0.01, random_state=42)
2023-05-27 08:35:10,244 [INFO] Save train_prediction_log data...
2023-05-27 08:35:10,248 [INFO] {'Data': 'train', 'ACC': '0.98 (169 / 172)', 'TP': 84, 'FP': 0, 'FN': 3, 'TN': 85, 'Precision': '1.0 (84 / 84 + 0)', 'Recall': '0.97 (84 / 84 + 3)', 'F1': '0.98 (2 * (0.97 * 1.0) / 0.97 + 1.0)', 'Specificity': '1.0 (85 / 85 + 0)', 'AUC': 0.98, 'r2': 0.93}
2023-05-27 08:35:10,251 [INFO] Save valid_prediction_log data...
2023-05-27 08:35:10,254 [INFO] {'Data': 'valid', 'ACC': '1.0 (35 / 35)', 'TP': 14, 'FP': 0, 'FN': 0, 'TN': 21, 'Precision': '1.0 (14 / 14 + 0)', 'Recall': '1.0 (14 / 14 + 0)', 'F1': '1.0 (2 * (1.0 * 1.0) / 1.0 + 1.0)', 'Specificity': '1.0 (21 / 21 + 0)', 'AUC': 1.0, 'r2': 1.0}
2023-05-27 08:35:10,262 [INFO] Save test_prediction_log data...
2023-05-27 08:35:10,265 [INFO] {'Data': 'test', 'ACC': '0.66 (23 / 35)', 'TP': 3, 'FP': 1, 'FN': 11, 'TN': 20, 'Precision': '0.75 (3 / 3 + 1)', 'Recall': '0.21 (3 / 3 + 11)', 'F1': '0.33 (2 * (0.21 * 0.75) / 0.21 + 0.75)', 'Specificity': '0.95 (20 / 20 + 1)', 'AUC': 0.58, 'r2': -0.43}
2023-05-27 08:35:10,267 [INFO] Save training_log data...
2023-05-27 08:35:10,268 [INFO] Save score_log data...
2023-05-27 08:35:10,269 [INFO] Time : 2.5987353324890137
