2023-05-29 05:56:06,770 [INFO] Train data : Vary_params_CDK2_EGFR_LCK\DUD-E\LCK\nG1_20\ECFP6_512bits\MinMax\LCK_train_vector.tsv
2023-05-29 05:56:06,770 [INFO] Valid data : Vary_params_CDK2_EGFR_LCK\DUD-E\LCK\nG1_20\ECFP6_512bits\MinMax\LCK_valid_vector.tsv
2023-05-29 05:56:06,770 [INFO] Output path : Vary_params_CDK2_EGFR_LCK\DUD-E\LCK\nG1_20\ECFP6_512bits\MinMax\LCK_model\RF
2023-05-29 05:56:06,770 [INFO] Model type : RF
2023-05-29 05:56:06,770 [INFO] Use cores : 19
2023-05-29 05:56:06,805 [INFO] Start Learning model
2023-05-29 05:56:06,805 [INFO] Train : 766 | Valid : 185
2023-05-29 05:56:06,805 [INFO] Set parameters : {'max_depth': [6, 8, 10, 12], 'max_features': ['sqrt', 'log2'], 'min_samples_leaf': [2, 4, 8, 10], 'min_samples_split': [2, 4, 8, 10], 'n_estimators': [200, 600, 1000]}
2023-05-29 05:59:47,408 [INFO] GridSearchCV results :
     mean_valid_accuracy  mean_valid_precision  mean_valid_auc
338             0.963551              1.000000        0.957150
341             0.963551              1.000000        0.957150
336             0.959638              0.996970        0.953030
337             0.960936              0.996970        0.954498
339             0.959638              0.996970        0.953030
..                   ...                   ...             ...
228             0.951743              0.971568        0.946878
120             0.949163              0.970588        0.943920
126             0.949163              0.970588        0.943920
123             0.949163              0.970588        0.943920
129             0.949163              0.970588        0.943920

[384 rows x 3 columns]
2023-05-29 05:59:47,408 [INFO] Best model :
RandomForestClassifier(class_weight='balanced', max_depth=12,
                       max_features='log2', min_samples_leaf=2,
                       n_estimators=1000, random_state=42)
2023-05-29 05:59:47,490 [INFO] Save train_prediction_log data...
2023-05-29 05:59:47,493 [INFO] {'Data': 'train', 'ACC': '0.99 (757 / 766)', 'TP': 315, 'FP': 0, 'FN': 9, 'TN': 442, 'Precision': '1.0 (315 / 315 + 0)', 'Recall': '0.97 (315 / 315 + 9)', 'F1': '0.98 (2 * (0.97 * 1.0) / 0.97 + 1.0)', 'Specificity': '1.0 (442 / 442 + 0)', 'AUC': 0.99, 'r2': 0.95}
2023-05-29 05:59:47,538 [INFO] Save valid_prediction_log data...
2023-05-29 05:59:47,540 [INFO] {'Data': 'valid', 'ACC': '1.0 (185 / 185)', 'TP': 74, 'FP': 0, 'FN': 0, 'TN': 111, 'Precision': '1.0 (74 / 74 + 0)', 'Recall': '1.0 (74 / 74 + 0)', 'F1': '1.0 (2 * (1.0 * 1.0) / 1.0 + 1.0)', 'Specificity': '1.0 (111 / 111 + 0)', 'AUC': 1.0, 'r2': 1.0}
2023-05-29 05:59:47,596 [INFO] Save test_prediction_log data...
2023-05-29 05:59:47,598 [INFO] {'Data': 'test', 'ACC': '0.73 (135 / 185)', 'TP': 37, 'FP': 13, 'FN': 37, 'TN': 98, 'Precision': '0.74 (37 / 37 + 13)', 'Recall': '0.5 (37 / 37 + 37)', 'F1': '0.6 (2 * (0.5 * 0.74) / 0.5 + 0.74)', 'Specificity': '0.88 (98 / 98 + 13)', 'AUC': 0.69, 'r2': -0.13}
2023-05-29 05:59:47,755 [INFO] Save training_log data...
2023-05-29 05:59:47,759 [INFO] Save score_log data...
2023-05-29 05:59:47,760 [INFO] Time : 220.98993611335754
