2023-05-27 04:49:40,318 [INFO] Train data : Vary_params\DUD-E\MET\nG1_80\ECFP6_256bits\Robust\MET_train_vector.tsv
2023-05-27 04:49:40,318 [INFO] Valid data : Vary_params\DUD-E\MET\nG1_80\ECFP6_256bits\Robust\MET_valid_vector.tsv
2023-05-27 04:49:40,318 [INFO] Output path : Vary_params\DUD-E\MET\nG1_80\ECFP6_256bits\Robust\MET_model\SVM
2023-05-27 04:49:40,318 [INFO] Model type : SVM
2023-05-27 04:49:40,318 [INFO] Use cores : 10
2023-05-27 04:49:40,331 [INFO] Start Learning model
2023-05-27 04:49:40,331 [INFO] Train : 166 | Valid : 49
2023-05-27 04:49:40,331 [INFO] Set parameters : {'kernel': ['linear', 'rbf'], 'C': [0.01, 0.1, 1, 10, 100, 1000], 'gamma': [0.01, 0.1, 1, 100, 1000]}
2023-05-27 04:49:42,889 [INFO] GridSearchCV results :
    mean_valid_accuracy  mean_valid_precision  mean_valid_auc
0              0.885662              0.781667        0.873409
20             0.885662              0.781667        0.873409
24             0.885662              0.781667        0.873409
26             0.885662              0.781667        0.873409
28             0.885662              0.781667        0.873409
32             0.885662              0.781667        0.873409
34             0.885662              0.781667        0.873409
36             0.885662              0.781667        0.873409
38             0.885662              0.781667        0.873409
40             0.885662              0.781667        0.873409
42             0.885662              0.781667        0.873409
44             0.885662              0.781667        0.873409
46             0.885662              0.781667        0.873409
48             0.885662              0.781667        0.873409
50             0.885662              0.781667        0.873409
52             0.885662              0.781667        0.873409
54             0.885662              0.781667        0.873409
56             0.885662              0.781667        0.873409
58             0.885662              0.781667        0.873409
22             0.885662              0.781667        0.873409
30             0.885662              0.781667        0.873409
10             0.885662              0.781667        0.873409
2              0.885662              0.781667        0.873409
18             0.885662              0.781667        0.873409
8              0.885662              0.781667        0.873409
16             0.885662              0.781667        0.873409
4              0.885662              0.781667        0.873409
12             0.885662              0.781667        0.873409
6              0.885662              0.781667        0.873409
14             0.885662              0.781667        0.873409
49             0.711029              0.000000        0.500000
9              0.711029              0.000000        0.500000
45             0.711029              0.000000        0.500000
47             0.711029              0.000000        0.500000
7              0.711029              0.000000        0.500000
21             0.711029              0.000000        0.500000
43             0.711029              0.000000        0.500000
5              0.711029              0.000000        0.500000
53             0.711029              0.000000        0.500000
55             0.711029              0.000000        0.500000
3              0.711029              0.000000        0.500000
57             0.711029              0.000000        0.500000
51             0.711029              0.000000        0.500000
11             0.711029              0.000000        0.500000
41             0.711029              0.000000        0.500000
19             0.711029              0.000000        0.500000
39             0.711029              0.000000        0.500000
37             0.711029              0.000000        0.500000
13             0.711029              0.000000        0.500000
35             0.711029              0.000000        0.500000
33             0.711029              0.000000        0.500000
15             0.711029              0.000000        0.500000
31             0.711029              0.000000        0.500000
1              0.711029              0.000000        0.500000
29             0.711029              0.000000        0.500000
27             0.711029              0.000000        0.500000
17             0.711029              0.000000        0.500000
25             0.711029              0.000000        0.500000
23             0.711029              0.000000        0.500000
59             0.711029              0.000000        0.500000
2023-05-27 04:49:42,892 [INFO] Best model :
SVC(C=0.01, gamma=0.01, kernel='linear', random_state=42)
2023-05-27 04:49:42,896 [INFO] Save train_prediction_log data...
2023-05-27 04:49:42,899 [INFO] {'Data': 'train', 'ACC': '1.0 (166 / 166)', 'TP': 48, 'FP': 0, 'FN': 0, 'TN': 118, 'Precision': '1.0 (48 / 48 + 0)', 'Recall': '1.0 (48 / 48 + 0)', 'F1': '1.0 (2 * (1.0 * 1.0) / 1.0 + 1.0)', 'Specificity': '1.0 (118 / 118 + 0)', 'AUC': 1.0, 'r2': 1.0}
2023-05-27 04:49:42,902 [INFO] Save valid_prediction_log data...
2023-05-27 04:49:42,904 [INFO] {'Data': 'valid', 'ACC': '0.92 (45 / 49)', 'TP': 20, 'FP': 4, 'FN': 0, 'TN': 25, 'Precision': '0.83 (20 / 20 + 4)', 'Recall': '1.0 (20 / 20 + 0)', 'F1': '0.91 (2 * (1.0 * 0.83) / 1.0 + 0.83)', 'Specificity': '0.86 (25 / 25 + 4)', 'AUC': 0.93, 'r2': 0.66}
2023-05-27 04:49:42,913 [INFO] Save test_prediction_log data...
2023-05-27 04:49:42,916 [INFO] {'Data': 'test', 'ACC': '0.57 (28 / 49)', 'TP': 3, 'FP': 4, 'FN': 17, 'TN': 25, 'Precision': '0.43 (3 / 3 + 4)', 'Recall': '0.15 (3 / 3 + 17)', 'F1': '0.22 (2 * (0.15 * 0.43) / 0.15 + 0.43)', 'Specificity': '0.86 (25 / 25 + 4)', 'AUC': 0.51, 'r2': -0.77}
2023-05-27 04:49:42,918 [INFO] Save training_log data...
2023-05-27 04:49:42,919 [INFO] Save score_log data...
2023-05-27 04:49:42,920 [INFO] Time : 2.6029646396636963
