2023-05-28 02:34:37,572 [INFO] Train data : Vary_params\DUD-E\CSF1R\nG1_20\ECFP6_256bits\MinMax\CSF1R_train_vector.tsv
2023-05-28 02:34:37,572 [INFO] Valid data : Vary_params\DUD-E\CSF1R\nG1_20\ECFP6_256bits\MinMax\CSF1R_valid_vector.tsv
2023-05-28 02:34:37,572 [INFO] Output path : Vary_params\DUD-E\CSF1R\nG1_20\ECFP6_256bits\MinMax\CSF1R_model\XGB
2023-05-28 02:34:37,572 [INFO] Model type : XGB
2023-05-28 02:34:37,572 [INFO] Use cores : 11
2023-05-28 02:34:37,588 [INFO] Start Learning model
2023-05-28 02:34:37,588 [INFO] Train : 216 | Valid : 47
2023-05-28 02:34:37,589 [INFO] Set parameters : {'max_depth': [4, 6, 8], 'learning_rate': [0.01, 0.2], 'n_estimators': [200, 600, 1000], 'gamma': [0, 1000], 'min_child_weight': [1, 3], 'subsample': [0.5, 1], 'colsample_bytree': [0.5, 1], 'objective': ['binary:logitraw'], 'eval_metric': ['auc', 'error']}
2023-05-28 02:44:42,624 [INFO] GridSearchCV results :
     mean_valid_accuracy  mean_valid_precision  mean_valid_auc
455             0.944589              0.981667        0.943182
11              0.935498              0.981667        0.934091
23              0.940043              0.981667        0.938636
467             0.944589              0.981667        0.943182
487             0.944805              0.981667        0.943636
..                   ...                   ...             ...
263             0.518615              0.000000        0.500000
262             0.518615              0.000000        0.500000
261             0.518615              0.000000        0.500000
260             0.518615              0.000000        0.500000
575             0.518615              0.000000        0.500000

[576 rows x 3 columns]
2023-05-28 02:44:42,625 [INFO] Best model :
XGBClassifier(base_score=None, booster=None, callbacks=None,
              colsample_bylevel=None, colsample_bynode=None,
              colsample_bytree=0.5, early_stopping_rounds=None,
              enable_categorical=False, eval_metric='auc', feature_types=None,
              gamma=0, gpu_id=None, grow_policy=None, importance_type=None,
              interaction_constraints=None, learning_rate=0.01, max_bin=None,
              max_cat_threshold=None, max_cat_to_onehot=None,
              max_delta_step=None, max_depth=4, max_leaves=None,
              min_child_weight=3, missing=nan, monotone_constraints=None,
              n_estimators=1000, n_jobs=0, num_parallel_tree=None,
              objective='binary:logitraw', predictor=None, ...)
2023-05-28 02:44:42,638 [INFO] Save train_prediction_log data...
2023-05-28 02:44:42,642 [INFO] {'Data': 'train', 'ACC': '1.0 (215 / 216)', 'TP': 103, 'FP': 0, 'FN': 1, 'TN': 112, 'Precision': '1.0 (103 / 103 + 0)', 'Recall': '0.99 (103 / 103 + 1)', 'F1': '0.99 (2 * (0.99 * 1.0) / 0.99 + 1.0)', 'Specificity': '1.0 (112 / 112 + 0)', 'AUC': 1.0, 'r2': 0.98}
2023-05-28 02:44:42,653 [INFO] Save valid_prediction_log data...
2023-05-28 02:44:42,656 [INFO] {'Data': 'valid', 'ACC': '0.98 (46 / 47)', 'TP': 19, 'FP': 1, 'FN': 0, 'TN': 27, 'Precision': '0.95 (19 / 19 + 1)', 'Recall': '1.0 (19 / 19 + 0)', 'F1': '0.97 (2 * (1.0 * 0.95) / 1.0 + 0.95)', 'Specificity': '0.96 (27 / 27 + 1)', 'AUC': 0.98, 'r2': 0.91}
2023-05-28 02:44:42,676 [INFO] Save test_prediction_log data...
2023-05-28 02:44:42,688 [INFO] {'Data': 'test', 'ACC': '0.68 (32 / 47)', 'TP': 17, 'FP': 13, 'FN': 2, 'TN': 15, 'Precision': '0.57 (17 / 17 + 13)', 'Recall': '0.89 (17 / 17 + 2)', 'F1': '0.69 (2 * (0.89 * 0.57) / 0.89 + 0.57)', 'Specificity': '0.54 (15 / 15 + 13)', 'AUC': 0.72, 'r2': -0.33}
2023-05-28 02:44:42,704 [INFO] Save training_log data...
2023-05-28 02:44:42,710 [INFO] Save score_log data...
2023-05-28 02:44:42,711 [INFO] Time : 605.138756275177
