2023-05-26 19:37:48,365 [INFO] Train data : Vary_params\DUD-E\MAPK2\nG1_80\ECFP6_512bits\MinMax\MAPK2_train_vector.tsv
2023-05-26 19:37:48,365 [INFO] Valid data : Vary_params\DUD-E\MAPK2\nG1_80\ECFP6_512bits\MinMax\MAPK2_valid_vector.tsv
2023-05-26 19:37:48,365 [INFO] Output path : Vary_params\DUD-E\MAPK2\nG1_80\ECFP6_512bits\MinMax\MAPK2_model\SVM
2023-05-26 19:37:48,365 [INFO] Model type : SVM
2023-05-26 19:37:48,365 [INFO] Use cores : 10
2023-05-26 19:37:48,385 [INFO] Start Learning model
2023-05-26 19:37:48,385 [INFO] Train : 72 | Valid : 25
2023-05-26 19:37:48,385 [INFO] Set parameters : {'kernel': ['linear', 'rbf'], 'C': [0.01, 0.1, 1, 10, 100, 1000], 'gamma': [0.01, 0.1, 1, 100, 1000]}
2023-05-26 19:37:51,233 [INFO] GridSearchCV results :
    mean_valid_accuracy  mean_valid_precision  mean_valid_auc
30             0.958929                   0.8           0.875
28             0.958929                   0.8           0.875
26             0.958929                   0.8           0.875
32             0.958929                   0.8           0.875
24             0.958929                   0.8           0.875
34             0.958929                   0.8           0.875
22             0.958929                   0.8           0.875
36             0.958929                   0.8           0.875
20             0.958929                   0.8           0.875
38             0.958929                   0.8           0.875
18             0.958929                   0.8           0.875
40             0.958929                   0.8           0.875
16             0.958929                   0.8           0.875
41             0.958929                   0.8           0.875
14             0.958929                   0.8           0.875
42             0.958929                   0.8           0.875
12             0.958929                   0.8           0.875
44             0.958929                   0.8           0.875
10             0.958929                   0.8           0.875
46             0.958929                   0.8           0.875
48             0.958929                   0.8           0.875
50             0.958929                   0.8           0.875
51             0.958929                   0.8           0.875
52             0.958929                   0.8           0.875
54             0.958929                   0.8           0.875
56             0.958929                   0.8           0.875
58             0.958929                   0.8           0.875
31             0.958929                   0.8           0.875
0              0.917857                   0.5           0.750
2              0.917857                   0.5           0.750
4              0.917857                   0.5           0.750
6              0.917857                   0.5           0.750
8              0.917857                   0.5           0.750
21             0.905357                   0.4           0.700
29             0.848214                   0.0           0.500
45             0.848214                   0.0           0.500
57             0.848214                   0.0           0.500
3              0.848214                   0.0           0.500
55             0.848214                   0.0           0.500
53             0.848214                   0.0           0.500
5              0.848214                   0.0           0.500
7              0.848214                   0.0           0.500
49             0.848214                   0.0           0.500
47             0.848214                   0.0           0.500
9              0.848214                   0.0           0.500
11             0.848214                   0.0           0.500
1              0.848214                   0.0           0.500
43             0.848214                   0.0           0.500
13             0.848214                   0.0           0.500
15             0.848214                   0.0           0.500
17             0.848214                   0.0           0.500
39             0.848214                   0.0           0.500
19             0.848214                   0.0           0.500
37             0.848214                   0.0           0.500
35             0.848214                   0.0           0.500
23             0.848214                   0.0           0.500
33             0.848214                   0.0           0.500
25             0.848214                   0.0           0.500
27             0.848214                   0.0           0.500
59             0.848214                   0.0           0.500
2023-05-26 19:37:51,236 [INFO] Best model :
SVC(C=0.1, gamma=0.01, kernel='linear', random_state=42)
2023-05-26 19:37:51,241 [INFO] Save train_prediction_log data...
2023-05-26 19:37:51,243 [INFO] {'Data': 'train', 'ACC': '1.0 (72 / 72)', 'TP': 11, 'FP': 0, 'FN': 0, 'TN': 61, 'Precision': '1.0 (11 / 11 + 0)', 'Recall': '1.0 (11 / 11 + 0)', 'F1': '1.0 (2 * (1.0 * 1.0) / 1.0 + 1.0)', 'Specificity': '1.0 (61 / 61 + 0)', 'AUC': 1.0, 'r2': 1.0}
2023-05-26 19:37:51,248 [INFO] Save valid_prediction_log data...
2023-05-26 19:37:51,250 [INFO] {'Data': 'valid', 'ACC': '1.0 (25 / 25)', 'TP': 10, 'FP': 0, 'FN': 0, 'TN': 15, 'Precision': '1.0 (10 / 10 + 0)', 'Recall': '1.0 (10 / 10 + 0)', 'F1': '1.0 (2 * (1.0 * 1.0) / 1.0 + 1.0)', 'Specificity': '1.0 (15 / 15 + 0)', 'AUC': 1.0, 'r2': 1.0}
2023-05-26 19:37:51,263 [INFO] Save test_prediction_log data...
2023-05-26 19:37:51,265 [INFO] {'Data': 'test', 'ACC': '0.68 (17 / 25)', 'TP': 3, 'FP': 1, 'FN': 7, 'TN': 14, 'Precision': '0.75 (3 / 3 + 1)', 'Recall': '0.3 (3 / 3 + 7)', 'F1': '0.43 (2 * (0.3 * 0.75) / 0.3 + 0.75)', 'Specificity': '0.93 (14 / 14 + 1)', 'AUC': 0.62, 'r2': -0.33}
2023-05-26 19:37:51,267 [INFO] Save training_log data...
2023-05-26 19:37:51,269 [INFO] Save score_log data...
2023-05-26 19:37:51,269 [INFO] Time : 2.903998613357544
