2023-05-29 00:15:29,004 [INFO] Train data : Vary_params_CDK2_EGFR_LCK\DUD-E\EGFR\nG1_80\ECFP6_512bits\Standard\EGFR_train_vector.tsv
2023-05-29 00:15:29,004 [INFO] Valid data : Vary_params_CDK2_EGFR_LCK\DUD-E\EGFR\nG1_80\ECFP6_512bits\Standard\EGFR_valid_vector.tsv
2023-05-29 00:15:29,004 [INFO] Output path : Vary_params_CDK2_EGFR_LCK\DUD-E\EGFR\nG1_80\ECFP6_512bits\Standard\EGFR_model\SVM
2023-05-29 00:15:29,004 [INFO] Model type : SVM
2023-05-29 00:15:29,005 [INFO] Use cores : 19
2023-05-29 00:15:29,077 [INFO] Start Learning model
2023-05-29 00:15:29,077 [INFO] Train : 840 | Valid : 218
2023-05-29 00:15:29,078 [INFO] Set parameters : {'kernel': ['linear', 'rbf'], 'C': [0.01, 0.1, 1, 10, 100, 1000], 'gamma': [0.01, 0.1, 1, 100, 1000]}
2023-05-29 00:15:39,727 [INFO] GridSearchCV results :
    mean_valid_accuracy  mean_valid_precision  mean_valid_auc
41             0.675000              1.000000        0.570766
31             0.675000              1.000000        0.570766
51             0.675000              1.000000        0.570766
0              0.971429              0.971091        0.967927
26             0.971429              0.971091        0.967927
28             0.971429              0.971091        0.967927
32             0.971429              0.971091        0.967927
34             0.971429              0.971091        0.967927
36             0.971429              0.971091        0.967927
38             0.971429              0.971091        0.967927
40             0.971429              0.971091        0.967927
42             0.971429              0.971091        0.967927
22             0.971429              0.971091        0.967927
44             0.971429              0.971091        0.967927
46             0.971429              0.971091        0.967927
48             0.971429              0.971091        0.967927
50             0.971429              0.971091        0.967927
52             0.971429              0.971091        0.967927
54             0.971429              0.971091        0.967927
56             0.971429              0.971091        0.967927
58             0.971429              0.971091        0.967927
24             0.971429              0.971091        0.967927
30             0.971429              0.971091        0.967927
12             0.971429              0.971091        0.967927
2              0.971429              0.971091        0.967927
20             0.971429              0.971091        0.967927
4              0.971429              0.971091        0.967927
18             0.971429              0.971091        0.967927
8              0.971429              0.971091        0.967927
10             0.971429              0.971091        0.967927
16             0.971429              0.971091        0.967927
6              0.971429              0.971091        0.967927
14             0.971429              0.971091        0.967927
21             0.641667              0.900000        0.526663
49             0.621429              0.000000        0.500000
9              0.621429              0.000000        0.500000
47             0.621429              0.000000        0.500000
5              0.621429              0.000000        0.500000
7              0.621429              0.000000        0.500000
53             0.621429              0.000000        0.500000
55             0.621429              0.000000        0.500000
3              0.621429              0.000000        0.500000
57             0.621429              0.000000        0.500000
45             0.621429              0.000000        0.500000
23             0.621429              0.000000        0.500000
43             0.621429              0.000000        0.500000
11             0.621429              0.000000        0.500000
13             0.621429              0.000000        0.500000
39             0.621429              0.000000        0.500000
37             0.621429              0.000000        0.500000
15             0.621429              0.000000        0.500000
35             0.621429              0.000000        0.500000
33             0.621429              0.000000        0.500000
17             0.621429              0.000000        0.500000
1              0.621429              0.000000        0.500000
29             0.621429              0.000000        0.500000
19             0.621429              0.000000        0.500000
27             0.621429              0.000000        0.500000
25             0.621429              0.000000        0.500000
59             0.621429              0.000000        0.500000
2023-05-29 00:15:39,728 [INFO] Best model :
SVC(C=10, gamma=0.01, random_state=42)
2023-05-29 00:15:39,835 [INFO] Save train_prediction_log data...
2023-05-29 00:15:39,838 [INFO] {'Data': 'train', 'ACC': '1.0 (840 / 840)', 'TP': 318, 'FP': 0, 'FN': 0, 'TN': 522, 'Precision': '1.0 (318 / 318 + 0)', 'Recall': '1.0 (318 / 318 + 0)', 'F1': '1.0 (2 * (1.0 * 1.0) / 1.0 + 1.0)', 'Specificity': '1.0 (522 / 522 + 0)', 'AUC': 1.0, 'r2': 1.0}
2023-05-29 00:15:39,870 [INFO] Save valid_prediction_log data...
2023-05-29 00:15:39,873 [INFO] {'Data': 'valid', 'ACC': '0.69 (150 / 218)', 'TP': 19, 'FP': 0, 'FN': 68, 'TN': 131, 'Precision': '1.0 (19 / 19 + 0)', 'Recall': '0.22 (19 / 19 + 68)', 'F1': '0.36 (2 * (0.22 * 1.0) / 0.22 + 1.0)', 'Specificity': '1.0 (131 / 131 + 0)', 'AUC': 0.61, 'r2': -0.3}
2023-05-29 00:15:39,924 [INFO] Save test_prediction_log data...
2023-05-29 00:15:39,926 [INFO] {'Data': 'test', 'ACC': '0.6 (131 / 218)', 'TP': 1, 'FP': 1, 'FN': 86, 'TN': 130, 'Precision': '0.5 (1 / 1 + 1)', 'Recall': '0.01 (1 / 1 + 86)', 'F1': '0.02 (2 * (0.01 * 0.5) / 0.01 + 0.5)', 'Specificity': '0.99 (130 / 130 + 1)', 'AUC': 0.5, 'r2': -0.66}
2023-05-29 00:15:39,929 [INFO] Save training_log data...
2023-05-29 00:15:39,932 [INFO] Save score_log data...
2023-05-29 00:15:39,932 [INFO] Time : 10.928567886352539
