2023-05-30 05:37:59,203 [INFO] Train data : Baseline_noscale\DUD-E\MP2K1\ECFP6_512bits\MP2K1_raw_train.tsv
2023-05-30 05:37:59,203 [INFO] Valid data : Baseline_noscale\DUD-E\MP2K1\ECFP6_512bits\MP2K1_raw_valid.tsv
2023-05-30 05:37:59,203 [INFO] Output path : Baseline_noscale\DUD-E\MP2K1\ECFP6_512bits\MP2K1_model\RF
2023-05-30 05:37:59,203 [INFO] Model type : RF
2023-05-30 05:37:59,203 [INFO] Use cores : 12
2023-05-30 05:37:59,225 [INFO] Start Learning model
2023-05-30 05:37:59,225 [INFO] Train : 142 | Valid : 35
2023-05-30 05:37:59,225 [INFO] Set parameters : {'max_depth': [6, 8, 10, 12], 'max_features': ['sqrt', 'log2'], 'min_samples_leaf': [2, 4, 8, 10], 'min_samples_split': [2, 4, 8, 10], 'n_estimators': [200, 600, 1000]}
2023-05-30 05:41:00,657 [INFO] GridSearchCV results :
     mean_valid_accuracy  mean_valid_precision  mean_valid_auc
0               0.980000              1.000000         0.97500
213             0.980000              1.000000         0.97500
199             0.980000              1.000000         0.97500
200             0.980000              1.000000         0.97500
201             0.980000              1.000000         0.97500
..                   ...                   ...             ...
230             0.951905              0.985714         0.94375
231             0.951905              0.985714         0.94375
232             0.951905              0.985714         0.94375
233             0.951905              0.985714         0.94375
383             0.951905              0.985714         0.94375

[384 rows x 3 columns]
2023-05-30 05:41:00,658 [INFO] Best model :
RandomForestClassifier(class_weight='balanced', max_depth=6, min_samples_leaf=2,
                       n_estimators=200, random_state=42)
2023-05-30 05:41:00,671 [INFO] Save train_prediction_log data...
2023-05-30 05:41:00,674 [INFO] {'Data': 'train', 'ACC': '0.98 (139 / 142)', 'TP': 54, 'FP': 0, 'FN': 3, 'TN': 85, 'Precision': '1.0 (54 / 54 + 0)', 'Recall': '0.95 (54 / 54 + 3)', 'F1': '0.97 (2 * (0.95 * 1.0) / 0.95 + 1.0)', 'Specificity': '1.0 (85 / 85 + 0)', 'AUC': 0.97, 'r2': 0.91}
2023-05-30 05:41:00,684 [INFO] Save valid_prediction_log data...
2023-05-30 05:41:00,686 [INFO] {'Data': 'valid', 'ACC': '1.0 (35 / 35)', 'TP': 14, 'FP': 0, 'FN': 0, 'TN': 21, 'Precision': '1.0 (14 / 14 + 0)', 'Recall': '1.0 (14 / 14 + 0)', 'F1': '1.0 (2 * (1.0 * 1.0) / 1.0 + 1.0)', 'Specificity': '1.0 (21 / 21 + 0)', 'AUC': 1.0, 'r2': 1.0}
2023-05-30 05:41:00,708 [INFO] Save test_prediction_log data...
2023-05-30 05:41:00,710 [INFO] {'Data': 'test', 'ACC': '0.66 (23 / 35)', 'TP': 2, 'FP': 0, 'FN': 12, 'TN': 21, 'Precision': '1.0 (2 / 2 + 0)', 'Recall': '0.14 (2 / 2 + 12)', 'F1': '0.25 (2 * (0.14 * 1.0) / 0.14 + 1.0)', 'Specificity': '1.0 (21 / 21 + 0)', 'AUC': 0.57, 'r2': -0.43}
2023-05-30 05:41:00,741 [INFO] Save training_log data...
2023-05-30 05:41:00,744 [INFO] Save score_log data...
2023-05-30 05:41:00,745 [INFO] Time : 181.54111862182617
