2023-05-28 22:43:01,198 [INFO] Train data : Vary_params_CDK2_EGFR_LCK\DUD-E\EGFR\nG1_80\ECFP6_256bits\Standard\EGFR_train_vector.tsv
2023-05-28 22:43:01,198 [INFO] Valid data : Vary_params_CDK2_EGFR_LCK\DUD-E\EGFR\nG1_80\ECFP6_256bits\Standard\EGFR_valid_vector.tsv
2023-05-28 22:43:01,198 [INFO] Output path : Vary_params_CDK2_EGFR_LCK\DUD-E\EGFR\nG1_80\ECFP6_256bits\Standard\EGFR_model\SVM
2023-05-28 22:43:01,198 [INFO] Model type : SVM
2023-05-28 22:43:01,198 [INFO] Use cores : 19
2023-05-28 22:43:01,237 [INFO] Start Learning model
2023-05-28 22:43:01,237 [INFO] Train : 840 | Valid : 218
2023-05-28 22:43:01,237 [INFO] Set parameters : {'kernel': ['linear', 'rbf'], 'C': [0.01, 0.1, 1, 10, 100, 1000], 'gamma': [0.01, 0.1, 1, 100, 1000]}
2023-05-28 22:43:05,839 [INFO] GridSearchCV results :
    mean_valid_accuracy  mean_valid_precision  mean_valid_auc
31             0.947619              1.000000        0.930998
21             0.939286              1.000000        0.919909
51             0.947619              1.000000        0.930998
41             0.947619              1.000000        0.930998
0              0.961905              0.958755        0.957748
2              0.961905              0.958755        0.957748
4              0.961905              0.958755        0.957748
6              0.961905              0.958755        0.957748
8              0.961905              0.958755        0.957748
42             0.953571              0.941343        0.950503
32             0.953571              0.941343        0.950503
34             0.953571              0.941343        0.950503
36             0.953571              0.941343        0.950503
38             0.953571              0.941343        0.950503
40             0.953571              0.941343        0.950503
48             0.953571              0.941343        0.950503
44             0.953571              0.941343        0.950503
46             0.953571              0.941343        0.950503
26             0.953571              0.941343        0.950503
50             0.953571              0.941343        0.950503
52             0.953571              0.941343        0.950503
54             0.953571              0.941343        0.950503
56             0.953571              0.941343        0.950503
58             0.953571              0.941343        0.950503
28             0.953571              0.941343        0.950503
30             0.953571              0.941343        0.950503
18             0.953571              0.941343        0.950503
24             0.953571              0.941343        0.950503
14             0.953571              0.941343        0.950503
12             0.953571              0.941343        0.950503
22             0.953571              0.941343        0.950503
16             0.953571              0.941343        0.950503
20             0.953571              0.941343        0.950503
10             0.953571              0.941343        0.950503
25             0.621429              0.000000        0.500000
49             0.621429              0.000000        0.500000
11             0.621429              0.000000        0.500000
53             0.621429              0.000000        0.500000
9              0.621429              0.000000        0.500000
13             0.621429              0.000000        0.500000
7              0.621429              0.000000        0.500000
55             0.621429              0.000000        0.500000
5              0.621429              0.000000        0.500000
57             0.621429              0.000000        0.500000
3              0.621429              0.000000        0.500000
47             0.621429              0.000000        0.500000
43             0.621429              0.000000        0.500000
45             0.621429              0.000000        0.500000
27             0.621429              0.000000        0.500000
15             0.621429              0.000000        0.500000
17             0.621429              0.000000        0.500000
39             0.621429              0.000000        0.500000
37             0.621429              0.000000        0.500000
19             0.621429              0.000000        0.500000
35             0.621429              0.000000        0.500000
33             0.621429              0.000000        0.500000
23             0.621429              0.000000        0.500000
1              0.621429              0.000000        0.500000
29             0.621429              0.000000        0.500000
59             0.621429              0.000000        0.500000
2023-05-28 22:43:05,840 [INFO] Best model :
SVC(C=1, gamma=0.01, random_state=42)
2023-05-28 22:43:05,902 [INFO] Save train_prediction_log data...
2023-05-28 22:43:05,906 [INFO] {'Data': 'train', 'ACC': '1.0 (840 / 840)', 'TP': 318, 'FP': 0, 'FN': 0, 'TN': 522, 'Precision': '1.0 (318 / 318 + 0)', 'Recall': '1.0 (318 / 318 + 0)', 'F1': '1.0 (2 * (1.0 * 1.0) / 1.0 + 1.0)', 'Specificity': '1.0 (522 / 522 + 0)', 'AUC': 1.0, 'r2': 1.0}
2023-05-28 22:43:05,924 [INFO] Save valid_prediction_log data...
2023-05-28 22:43:05,927 [INFO] {'Data': 'valid', 'ACC': '0.98 (214 / 218)', 'TP': 83, 'FP': 0, 'FN': 4, 'TN': 131, 'Precision': '1.0 (83 / 83 + 0)', 'Recall': '0.95 (83 / 83 + 4)', 'F1': '0.97 (2 * (0.95 * 1.0) / 0.95 + 1.0)', 'Specificity': '1.0 (131 / 131 + 0)', 'AUC': 0.98, 'r2': 0.92}
2023-05-28 22:43:05,957 [INFO] Save test_prediction_log data...
2023-05-28 22:43:05,959 [INFO] {'Data': 'test', 'ACC': '0.64 (140 / 218)', 'TP': 17, 'FP': 8, 'FN': 70, 'TN': 123, 'Precision': '0.68 (17 / 17 + 8)', 'Recall': '0.2 (17 / 17 + 70)', 'F1': '0.31 (2 * (0.2 * 0.68) / 0.2 + 0.68)', 'Specificity': '0.94 (123 / 123 + 8)', 'AUC': 0.57, 'r2': -0.49}
2023-05-28 22:43:05,961 [INFO] Save training_log data...
2023-05-28 22:43:05,964 [INFO] Save score_log data...
2023-05-28 22:43:05,965 [INFO] Time : 4.766841888427734
