2023-05-26 14:04:11,694 [INFO] Train data : Vary_params\DUD-E\MAPK2\nG1_20\ECFP6_512bits\MinMax\MAPK2_train_vector.tsv
2023-05-26 14:04:11,694 [INFO] Valid data : Vary_params\DUD-E\MAPK2\nG1_20\ECFP6_512bits\MinMax\MAPK2_valid_vector.tsv
2023-05-26 14:04:11,694 [INFO] Output path : Vary_params\DUD-E\MAPK2\nG1_20\ECFP6_512bits\MinMax\MAPK2_model\SVM
2023-05-26 14:04:11,695 [INFO] Model type : SVM
2023-05-26 14:04:11,695 [INFO] Use cores : 10
2023-05-26 14:04:11,716 [INFO] Start Learning model
2023-05-26 14:04:11,716 [INFO] Train : 132 | Valid : 25
2023-05-26 14:04:11,716 [INFO] Set parameters : {'kernel': ['linear', 'rbf'], 'C': [0.01, 0.1, 1, 10, 100, 1000], 'gamma': [0.01, 0.1, 1, 100, 1000]}
2023-05-26 14:04:14,609 [INFO] GridSearchCV results :
    mean_valid_accuracy  mean_valid_precision  mean_valid_auc
0              0.932418              1.000000        0.936607
6              0.932418              1.000000        0.936607
21             0.925275              1.000000        0.929464
41             0.954945              1.000000        0.957143
51             0.954945              1.000000        0.957143
8              0.932418              1.000000        0.936607
31             0.954945              1.000000        0.957143
4              0.932418              1.000000        0.936607
2              0.932418              1.000000        0.936607
53             0.918132              0.987500        0.921131
33             0.918132              0.987500        0.921131
23             0.918132              0.987500        0.921131
43             0.918132              0.987500        0.921131
54             0.947253              0.985714        0.948810
40             0.947253              0.985714        0.948810
32             0.947253              0.985714        0.948810
34             0.947253              0.985714        0.948810
36             0.947253              0.985714        0.948810
38             0.947253              0.985714        0.948810
42             0.947253              0.985714        0.948810
58             0.947253              0.985714        0.948810
56             0.947253              0.985714        0.948810
44             0.947253              0.985714        0.948810
28             0.947253              0.985714        0.948810
48             0.947253              0.985714        0.948810
50             0.947253              0.985714        0.948810
52             0.947253              0.985714        0.948810
46             0.947253              0.985714        0.948810
30             0.947253              0.985714        0.948810
20             0.947253              0.985714        0.948810
14             0.947253              0.985714        0.948810
26             0.947253              0.985714        0.948810
12             0.947253              0.985714        0.948810
24             0.947253              0.985714        0.948810
22             0.947253              0.985714        0.948810
16             0.947253              0.985714        0.948810
10             0.947253              0.985714        0.948810
18             0.947253              0.985714        0.948810
9              0.537912              0.537912        0.500000
11             0.537912              0.537912        0.500000
29             0.537912              0.537912        0.500000
7              0.537912              0.537912        0.500000
13             0.537912              0.537912        0.500000
55             0.537912              0.537912        0.500000
5              0.537912              0.537912        0.500000
57             0.537912              0.537912        0.500000
3              0.537912              0.537912        0.500000
49             0.537912              0.537912        0.500000
15             0.537912              0.537912        0.500000
47             0.537912              0.537912        0.500000
45             0.537912              0.537912        0.500000
1              0.537912              0.537912        0.500000
17             0.537912              0.537912        0.500000
19             0.537912              0.537912        0.500000
39             0.537912              0.537912        0.500000
37             0.537912              0.537912        0.500000
35             0.537912              0.537912        0.500000
25             0.537912              0.537912        0.500000
27             0.537912              0.537912        0.500000
59             0.537912              0.537912        0.500000
2023-05-26 14:04:14,612 [INFO] Best model :
SVC(C=0.01, gamma=0.01, kernel='linear', random_state=42)
2023-05-26 14:04:14,617 [INFO] Save train_prediction_log data...
2023-05-26 14:04:14,620 [INFO] {'Data': 'train', 'ACC': '0.98 (130 / 132)', 'TP': 69, 'FP': 0, 'FN': 2, 'TN': 61, 'Precision': '1.0 (69 / 69 + 0)', 'Recall': '0.97 (69 / 69 + 2)', 'F1': '0.98 (2 * (0.97 * 1.0) / 0.97 + 1.0)', 'Specificity': '1.0 (61 / 61 + 0)', 'AUC': 0.99, 'r2': 0.94}
2023-05-26 14:04:14,624 [INFO] Save valid_prediction_log data...
2023-05-26 14:04:14,626 [INFO] {'Data': 'valid', 'ACC': '1.0 (25 / 25)', 'TP': 10, 'FP': 0, 'FN': 0, 'TN': 15, 'Precision': '1.0 (10 / 10 + 0)', 'Recall': '1.0 (10 / 10 + 0)', 'F1': '1.0 (2 * (1.0 * 1.0) / 1.0 + 1.0)', 'Specificity': '1.0 (15 / 15 + 0)', 'AUC': 1.0, 'r2': 1.0}
2023-05-26 14:04:14,638 [INFO] Save test_prediction_log data...
2023-05-26 14:04:14,641 [INFO] {'Data': 'test', 'ACC': '0.8 (20 / 25)', 'TP': 6, 'FP': 1, 'FN': 4, 'TN': 14, 'Precision': '0.86 (6 / 6 + 1)', 'Recall': '0.6 (6 / 6 + 4)', 'F1': '0.71 (2 * (0.6 * 0.86) / 0.6 + 0.86)', 'Specificity': '0.93 (14 / 14 + 1)', 'AUC': 0.77, 'r2': 0.17}
2023-05-26 14:04:14,643 [INFO] Save training_log data...
2023-05-26 14:04:14,644 [INFO] Save score_log data...
2023-05-26 14:04:14,645 [INFO] Time : 2.951000452041626
