2023-05-30 13:26:59,540 [INFO] Train data : Vary_params_BRAF_MK14\DUD-E\MK14\nG1_50\ECFP6_512bits\Robust\MK14_train_vector.tsv
2023-05-30 13:26:59,540 [INFO] Valid data : Vary_params_BRAF_MK14\DUD-E\MK14\nG1_50\ECFP6_512bits\Robust\MK14_valid_vector.tsv
2023-05-30 13:26:59,540 [INFO] Output path : Vary_params_BRAF_MK14\DUD-E\MK14\nG1_50\ECFP6_512bits\Robust\MK14_model\MLP
2023-05-30 13:26:59,540 [INFO] Model type : MLP
2023-05-30 13:26:59,540 [INFO] Use cores : 10
2023-05-30 13:26:59,585 [INFO] Start Learning model
2023-05-30 13:26:59,585 [INFO] Train : 901 | Valid : 225
2023-05-30 13:26:59,585 [INFO] Set parameters : {'hidden_layer_sizes': [(50,), (100,), (50, 50), (100, 100)], 'learning_rate': ['constant', 'invscaling', 'adaptive'], 'activation': ['relu', 'identity', 'logistic', 'tanh'], 'solver': ['adam', 'sgd', 'lbfgs'], 'alpha': [0.1, 0.01, 0.001], 'max_iter': [500, 1000], 'early_stopping': [True]}
2023-05-30 13:45:09,231 [INFO] GridSearchCV results :
     mean_valid_accuracy  mean_valid_precision  mean_valid_auc
624             0.933346              0.987583        0.918519
627             0.933346              0.987583        0.918519
612             0.933346              0.987583        0.918519
615             0.933346              0.987583        0.918519
618             0.933346              0.987583        0.918519
..                   ...                   ...             ...
568             0.600440              0.000000        0.500000
631             0.600440              0.000000        0.500000
571             0.600440              0.000000        0.500000
628             0.600440              0.000000        0.500000
613             0.600440              0.000000        0.500000

[864 rows x 3 columns]
2023-05-30 13:45:09,233 [INFO] Best model :
MLPClassifier(activation='logistic', alpha=0.001, early_stopping=True,
              hidden_layer_sizes=(50, 50), max_iter=500, random_state=42)
2023-05-30 13:45:09,245 [INFO] Save train_prediction_log data...
2023-05-30 13:45:09,623 [INFO] {'Data': 'train', 'ACC': '0.99 (896 / 901)', 'TP': 355, 'FP': 0, 'FN': 5, 'TN': 541, 'Precision': '1.0 (355 / 355 + 0)', 'Recall': '0.99 (355 / 355 + 5)', 'F1': '0.99 (2 * (0.99 * 1.0) / 0.99 + 1.0)', 'Specificity': '1.0 (541 / 541 + 0)', 'AUC': 0.99, 'r2': 0.98}
2023-05-30 13:45:09,630 [INFO] Save valid_prediction_log data...
2023-05-30 13:45:09,633 [INFO] {'Data': 'valid', 'ACC': '0.97 (218 / 225)', 'TP': 86, 'FP': 3, 'FN': 4, 'TN': 132, 'Precision': '0.97 (86 / 86 + 3)', 'Recall': '0.96 (86 / 86 + 4)', 'F1': '0.96 (2 * (0.96 * 0.97) / 0.96 + 0.97)', 'Specificity': '0.98 (132 / 132 + 3)', 'AUC': 0.97, 'r2': 0.87}
2023-05-30 13:45:09,658 [INFO] Save test_prediction_log data...
2023-05-30 13:45:09,660 [INFO] {'Data': 'test', 'ACC': '0.64 (145 / 225)', 'TP': 55, 'FP': 45, 'FN': 35, 'TN': 90, 'Precision': '0.55 (55 / 55 + 45)', 'Recall': '0.61 (55 / 55 + 35)', 'F1': '0.58 (2 * (0.61 * 0.55) / 0.61 + 0.55)', 'Specificity': '0.67 (90 / 90 + 45)', 'AUC': 0.64, 'r2': -0.48}
2023-05-30 13:45:09,664 [INFO] Save training_log data...
2023-05-30 13:45:09,763 [INFO] Save score_log data...
2023-05-30 13:45:09,764 [INFO] Time : 1090.2242324352264
