2023-05-29 17:08:26,825 [INFO] Train data : Vary_params_CDK2_EGFR_LCK\DUD-E\LCK\nG1_80\ECFP6_512bits\MinMax\LCK_train_vector.tsv
2023-05-29 17:08:26,826 [INFO] Valid data : Vary_params_CDK2_EGFR_LCK\DUD-E\LCK\nG1_80\ECFP6_512bits\MinMax\LCK_valid_vector.tsv
2023-05-29 17:08:26,826 [INFO] Output path : Vary_params_CDK2_EGFR_LCK\DUD-E\LCK\nG1_80\ECFP6_512bits\MinMax\LCK_model\MLP
2023-05-29 17:08:26,826 [INFO] Model type : MLP
2023-05-29 17:08:26,826 [INFO] Use cores : 19
2023-05-29 17:08:26,857 [INFO] Start Learning model
2023-05-29 17:08:26,857 [INFO] Train : 706 | Valid : 185
2023-05-29 17:08:26,857 [INFO] Set parameters : {'hidden_layer_sizes': [(50,), (100,), (50, 50), (100, 100)], 'learning_rate': ['constant', 'invscaling', 'adaptive'], 'activation': ['relu', 'identity', 'logistic', 'tanh'], 'solver': ['adam', 'sgd', 'lbfgs'], 'alpha': [0.1, 0.01, 0.001], 'max_iter': [500, 1000], 'early_stopping': [True]}
2023-05-29 17:13:21,993 [INFO] GridSearchCV results :
     mean_valid_accuracy  mean_valid_precision  mean_valid_auc
432             0.953260              0.995833        0.938465
504             0.953260              0.995833        0.938465
519             0.953260              0.995833        0.938465
516             0.953260              0.995833        0.938465
513             0.953260              0.995833        0.938465
..                   ...                   ...             ...
574             0.626076              0.000000        0.500000
595             0.626076              0.000000        0.500000
598             0.626076              0.000000        0.500000
601             0.626076              0.000000        0.500000
115             0.626076              0.000000        0.500000

[864 rows x 3 columns]
2023-05-29 17:13:21,995 [INFO] Best model :
MLPClassifier(activation='logistic', alpha=0.1, early_stopping=True,
              hidden_layer_sizes=(50,), max_iter=500, random_state=42)
2023-05-29 17:13:22,004 [INFO] Save train_prediction_log data...
2023-05-29 17:13:22,008 [INFO] {'Data': 'train', 'ACC': '0.92 (650 / 706)', 'TP': 208, 'FP': 0, 'FN': 56, 'TN': 442, 'Precision': '1.0 (208 / 208 + 0)', 'Recall': '0.79 (208 / 208 + 56)', 'F1': '0.88 (2 * (0.79 * 1.0) / 0.79 + 1.0)', 'Specificity': '1.0 (442 / 442 + 0)', 'AUC': 0.89, 'r2': 0.66}
2023-05-29 17:13:22,013 [INFO] Save valid_prediction_log data...
2023-05-29 17:13:22,015 [INFO] {'Data': 'valid', 'ACC': '0.91 (169 / 185)', 'TP': 58, 'FP': 0, 'FN': 16, 'TN': 111, 'Precision': '1.0 (58 / 58 + 0)', 'Recall': '0.78 (58 / 58 + 16)', 'F1': '0.88 (2 * (0.78 * 1.0) / 0.78 + 1.0)', 'Specificity': '1.0 (111 / 111 + 0)', 'AUC': 0.89, 'r2': 0.64}
2023-05-29 17:13:22,034 [INFO] Save test_prediction_log data...
2023-05-29 17:13:22,036 [INFO] {'Data': 'test', 'ACC': '0.68 (126 / 185)', 'TP': 17, 'FP': 2, 'FN': 57, 'TN': 109, 'Precision': '0.89 (17 / 17 + 2)', 'Recall': '0.23 (17 / 17 + 57)', 'F1': '0.37 (2 * (0.23 * 0.89) / 0.23 + 0.89)', 'Specificity': '0.98 (109 / 109 + 2)', 'AUC': 0.61, 'r2': -0.33}
2023-05-29 17:13:22,039 [INFO] Save training_log data...
2023-05-29 17:13:22,043 [INFO] Save score_log data...
2023-05-29 17:13:22,044 [INFO] Time : 295.21933674812317
