2023-05-30 00:45:15,306 [INFO] Train data : Baseline_noscale\DUD-E\MAPK2\ECFP4_512bits\MAPK2_raw_train.tsv
2023-05-30 00:45:15,306 [INFO] Valid data : Baseline_noscale\DUD-E\MAPK2\ECFP4_512bits\MAPK2_raw_valid.tsv
2023-05-30 00:45:15,307 [INFO] Output path : Baseline_noscale\DUD-E\MAPK2\ECFP4_512bits\MAPK2_model\RF
2023-05-30 00:45:15,307 [INFO] Model type : RF
2023-05-30 00:45:15,307 [INFO] Use cores : 12
2023-05-30 00:45:15,328 [INFO] Start Learning model
2023-05-30 00:45:15,328 [INFO] Train : 102 | Valid : 25
2023-05-30 00:45:15,328 [INFO] Set parameters : {'max_depth': [6, 8, 10, 12], 'max_features': ['sqrt', 'log2'], 'min_samples_leaf': [2, 4, 8, 10], 'min_samples_split': [2, 4, 8, 10], 'n_estimators': [200, 600, 1000]}
2023-05-30 00:48:13,469 [INFO] GridSearchCV results :
     mean_valid_accuracy  mean_valid_precision  mean_valid_auc
0               0.930909                   1.0          0.9150
1               0.930909                   1.0          0.9150
262             0.910909                   1.0          0.8900
261             0.930909                   1.0          0.9150
260             0.920909                   1.0          0.9025
..                   ...                   ...             ...
125             0.940000                   1.0          0.9250
124             0.940000                   1.0          0.9250
123             0.930000                   1.0          0.9125
122             0.940000                   1.0          0.9250
383             0.930909                   1.0          0.9150

[384 rows x 3 columns]
2023-05-30 00:48:13,470 [INFO] Best model :
RandomForestClassifier(class_weight='balanced', max_depth=6, min_samples_leaf=2,
                       n_estimators=200, random_state=42)
2023-05-30 00:48:13,482 [INFO] Save train_prediction_log data...
2023-05-30 00:48:13,486 [INFO] {'Data': 'train', 'ACC': '0.99 (101 / 102)', 'TP': 40, 'FP': 0, 'FN': 1, 'TN': 61, 'Precision': '1.0 (40 / 40 + 0)', 'Recall': '0.98 (40 / 40 + 1)', 'F1': '0.99 (2 * (0.98 * 1.0) / 0.98 + 1.0)', 'Specificity': '1.0 (61 / 61 + 0)', 'AUC': 0.99, 'r2': 0.96}
2023-05-30 00:48:13,496 [INFO] Save valid_prediction_log data...
2023-05-30 00:48:13,498 [INFO] {'Data': 'valid', 'ACC': '1.0 (25 / 25)', 'TP': 10, 'FP': 0, 'FN': 0, 'TN': 15, 'Precision': '1.0 (10 / 10 + 0)', 'Recall': '1.0 (10 / 10 + 0)', 'F1': '1.0 (2 * (1.0 * 1.0) / 1.0 + 1.0)', 'Specificity': '1.0 (15 / 15 + 0)', 'AUC': 1.0, 'r2': 1.0}
2023-05-30 00:48:13,519 [INFO] Save test_prediction_log data...
2023-05-30 00:48:13,520 [INFO] {'Data': 'test', 'ACC': '0.72 (18 / 25)', 'TP': 4, 'FP': 1, 'FN': 6, 'TN': 14, 'Precision': '0.8 (4 / 4 + 1)', 'Recall': '0.4 (4 / 4 + 6)', 'F1': '0.53 (2 * (0.4 * 0.8) / 0.4 + 0.8)', 'Specificity': '0.93 (14 / 14 + 1)', 'AUC': 0.67, 'r2': -0.17}
2023-05-30 00:48:13,550 [INFO] Save training_log data...
2023-05-30 00:48:13,553 [INFO] Save score_log data...
2023-05-30 00:48:13,554 [INFO] Time : 178.24675965309143
