2023-05-28 04:11:14,880 [INFO] Train data : Vary_params_A\DUD-E\MK10\nG1_20\ECFP4_512bits\Standard\MK10_train_vector.tsv
2023-05-28 04:11:14,880 [INFO] Valid data : Vary_params_A\DUD-E\MK10\nG1_20\ECFP4_512bits\Standard\MK10_valid_vector.tsv
2023-05-28 04:11:14,880 [INFO] Output path : Vary_params_A\DUD-E\MK10\nG1_20\ECFP4_512bits\Standard\MK10_model\RF
2023-05-28 04:11:14,880 [INFO] Model type : RF
2023-05-28 04:11:14,880 [INFO] Use cores : 3
2023-05-28 04:11:14,942 [INFO] Start Learning model
2023-05-28 04:11:14,942 [INFO] Train : 134 | Valid : 26
2023-05-28 04:11:14,942 [INFO] Set parameters : {'max_depth': [6, 8, 10, 12], 'max_features': ['sqrt', 'log2'], 'min_samples_leaf': [2, 4, 8, 10], 'min_samples_split': [2, 4, 8, 10], 'n_estimators': [200, 600, 1000]}
2023-05-28 04:28:20,503 [INFO] GridSearchCV results :
     mean_valid_accuracy  mean_valid_precision  mean_valid_auc
245             0.955495              0.975000        0.956548
149             0.948352              0.975000        0.950298
146             0.948352              0.975000        0.950298
242             0.955495              0.975000        0.956548
214             0.933516              0.973214        0.936905
..                   ...                   ...             ...
66              0.895604              0.928929        0.897917
60              0.895604              0.928929        0.897917
165             0.903297              0.928929        0.905060
357             0.903297              0.928929        0.905060
153             0.918681              0.925992        0.918155

[384 rows x 3 columns]
2023-05-28 04:28:20,505 [INFO] Best model :
RandomForestClassifier(class_weight='balanced', max_depth=8,
                       max_features='log2', min_samples_leaf=2,
                       n_estimators=1000, random_state=42)
2023-05-28 04:28:20,601 [INFO] Save train_prediction_log data...
2023-05-28 04:28:20,606 [INFO] {'Data': 'train', 'ACC': '0.99 (133 / 134)', 'TP': 71, 'FP': 0, 'FN': 1, 'TN': 62, 'Precision': '1.0 (71 / 71 + 0)', 'Recall': '0.99 (71 / 71 + 1)', 'F1': '0.99 (2 * (0.99 * 1.0) / 0.99 + 1.0)', 'Specificity': '1.0 (62 / 62 + 0)', 'AUC': 0.99, 'r2': 0.97}
2023-05-28 04:28:20,692 [INFO] Save valid_prediction_log data...
2023-05-28 04:28:20,695 [INFO] {'Data': 'valid', 'ACC': '1.0 (26 / 26)', 'TP': 10, 'FP': 0, 'FN': 0, 'TN': 16, 'Precision': '1.0 (10 / 10 + 0)', 'Recall': '1.0 (10 / 10 + 0)', 'F1': '1.0 (2 * (1.0 * 1.0) / 1.0 + 1.0)', 'Specificity': '1.0 (16 / 16 + 0)', 'AUC': 1.0, 'r2': 1.0}
2023-05-28 04:28:20,820 [INFO] Save test_prediction_log data...
2023-05-28 04:28:20,823 [INFO] {'Data': 'test', 'ACC': '0.69 (18 / 26)', 'TP': 5, 'FP': 3, 'FN': 5, 'TN': 13, 'Precision': '0.62 (5 / 5 + 3)', 'Recall': '0.5 (5 / 5 + 5)', 'F1': '0.55 (2 * (0.5 * 0.62) / 0.5 + 0.62)', 'Specificity': '0.81 (13 / 13 + 3)', 'AUC': 0.66, 'r2': -0.3}
2023-05-28 04:28:21,131 [INFO] Save training_log data...
2023-05-28 04:28:21,135 [INFO] Save score_log data...
2023-05-28 04:28:21,137 [INFO] Time : 1026.2563149929047
