2023-05-28 06:59:42,767 [INFO] Train data : Vary_params_IGF1R_KIT\DUD-E\IGF1R\nG1_50\ECFP4_512bits\Standard\IGF1R_train_vector.tsv
2023-05-28 06:59:42,767 [INFO] Valid data : Vary_params_IGF1R_KIT\DUD-E\IGF1R\nG1_50\ECFP4_512bits\Standard\IGF1R_valid_vector.tsv
2023-05-28 06:59:42,767 [INFO] Output path : Vary_params_IGF1R_KIT\DUD-E\IGF1R\nG1_50\ECFP4_512bits\Standard\IGF1R_model\MLP
2023-05-28 06:59:42,767 [INFO] Model type : MLP
2023-05-28 06:59:42,767 [INFO] Use cores : 10
2023-05-28 06:59:42,799 [INFO] Start Learning model
2023-05-28 06:59:42,799 [INFO] Train : 196 | Valid : 49
2023-05-28 06:59:42,799 [INFO] Set parameters : {'hidden_layer_sizes': [(50,), (100,), (50, 50), (100, 100)], 'learning_rate': ['constant', 'invscaling', 'adaptive'], 'activation': ['relu', 'identity', 'logistic', 'tanh'], 'solver': ['adam', 'sgd', 'lbfgs'], 'alpha': [0.1, 0.01, 0.001], 'max_iter': [500, 1000], 'early_stopping': [True]}
2023-05-28 07:01:58,123 [INFO] GridSearchCV results :
     mean_valid_accuracy  mean_valid_precision  mean_valid_auc
863             1.000000                   1.0          1.0000
269             0.990000                   1.0          0.9875
617             1.000000                   1.0          1.0000
620             1.000000                   1.0          1.0000
275             0.960000                   1.0          0.9500
..                   ...                   ...             ...
552             0.602105                   0.0          0.5000
553             0.602105                   0.0          0.5000
555             0.602105                   0.0          0.5000
556             0.602105                   0.0          0.5000
628             0.602105                   0.0          0.5000

[864 rows x 3 columns]
2023-05-28 07:01:58,124 [INFO] Best model :
MLPClassifier(alpha=0.1, early_stopping=True, hidden_layer_sizes=(50,),
              max_iter=500, random_state=42, solver='lbfgs')
2023-05-28 07:01:58,130 [INFO] Save train_prediction_log data...
2023-05-28 07:01:58,132 [INFO] {'Data': 'train', 'ACC': '1.0 (196 / 196)', 'TP': 78, 'FP': 0, 'FN': 0, 'TN': 118, 'Precision': '1.0 (78 / 78 + 0)', 'Recall': '1.0 (78 / 78 + 0)', 'F1': '1.0 (2 * (1.0 * 1.0) / 1.0 + 1.0)', 'Specificity': '1.0 (118 / 118 + 0)', 'AUC': 1.0, 'r2': 1.0}
2023-05-28 07:01:58,138 [INFO] Save valid_prediction_log data...
2023-05-28 07:01:58,140 [INFO] {'Data': 'valid', 'ACC': '1.0 (49 / 49)', 'TP': 20, 'FP': 0, 'FN': 0, 'TN': 29, 'Precision': '1.0 (20 / 20 + 0)', 'Recall': '1.0 (20 / 20 + 0)', 'F1': '1.0 (2 * (1.0 * 1.0) / 1.0 + 1.0)', 'Specificity': '1.0 (29 / 29 + 0)', 'AUC': 1.0, 'r2': 1.0}
2023-05-28 07:01:58,158 [INFO] Save test_prediction_log data...
2023-05-28 07:01:58,159 [INFO] {'Data': 'test', 'ACC': '0.65 (32 / 49)', 'TP': 5, 'FP': 2, 'FN': 15, 'TN': 27, 'Precision': '0.71 (5 / 5 + 2)', 'Recall': '0.25 (5 / 5 + 15)', 'F1': '0.37 (2 * (0.25 * 0.71) / 0.25 + 0.71)', 'Specificity': '0.93 (27 / 27 + 2)', 'AUC': 0.59, 'r2': -0.44}
2023-05-28 07:01:58,161 [INFO] Save training_log data...
2023-05-28 07:01:58,167 [INFO] Save score_log data...
2023-05-28 07:01:58,167 [INFO] Time : 135.39972925186157
