2023-05-27 23:19:37,028 [INFO] Train data : Vary_params_CDK2_EGFR_LCK\DUD-E\CDK2\nG1_50\ECFP6_512bits\Robust\CDK2_train_vector.tsv
2023-05-27 23:19:37,028 [INFO] Valid data : Vary_params_CDK2_EGFR_LCK\DUD-E\CDK2\nG1_50\ECFP6_512bits\Robust\CDK2_valid_vector.tsv
2023-05-27 23:19:37,028 [INFO] Output path : Vary_params_CDK2_EGFR_LCK\DUD-E\CDK2\nG1_50\ECFP6_512bits\Robust\CDK2_model\SVM
2023-05-27 23:19:37,028 [INFO] Model type : SVM
2023-05-27 23:19:37,028 [INFO] Use cores : 19
2023-05-27 23:19:37,063 [INFO] Start Learning model
2023-05-27 23:19:37,063 [INFO] Train : 848 | Valid : 212
2023-05-27 23:19:37,063 [INFO] Set parameters : {'kernel': ['linear', 'rbf'], 'C': [0.01, 0.1, 1, 10, 100, 1000], 'gamma': [0.01, 0.1, 1, 100, 1000]}
2023-05-27 23:19:48,771 [INFO] GridSearchCV results :
    mean_valid_accuracy  mean_valid_precision  mean_valid_auc
0              0.883179              0.845026        0.881102
20             0.883179              0.845026        0.881102
24             0.883179              0.845026        0.881102
26             0.883179              0.845026        0.881102
28             0.883179              0.845026        0.881102
32             0.883179              0.845026        0.881102
34             0.883179              0.845026        0.881102
36             0.883179              0.845026        0.881102
38             0.883179              0.845026        0.881102
40             0.883179              0.845026        0.881102
42             0.883179              0.845026        0.881102
44             0.883179              0.845026        0.881102
46             0.883179              0.845026        0.881102
48             0.883179              0.845026        0.881102
50             0.883179              0.845026        0.881102
52             0.883179              0.845026        0.881102
54             0.883179              0.845026        0.881102
56             0.883179              0.845026        0.881102
58             0.883179              0.845026        0.881102
22             0.883179              0.845026        0.881102
30             0.883179              0.845026        0.881102
10             0.883179              0.845026        0.881102
2              0.883179              0.845026        0.881102
18             0.883179              0.845026        0.881102
8              0.883179              0.845026        0.881102
16             0.883179              0.845026        0.881102
4              0.883179              0.845026        0.881102
12             0.883179              0.845026        0.881102
6              0.883179              0.845026        0.881102
14             0.883179              0.845026        0.881102
49             0.600238              0.000000        0.500000
9              0.600238              0.000000        0.500000
45             0.600238              0.000000        0.500000
47             0.600238              0.000000        0.500000
7              0.600238              0.000000        0.500000
21             0.600238              0.000000        0.500000
43             0.600238              0.000000        0.500000
5              0.600238              0.000000        0.500000
53             0.600238              0.000000        0.500000
55             0.600238              0.000000        0.500000
3              0.600238              0.000000        0.500000
57             0.600238              0.000000        0.500000
51             0.600238              0.000000        0.500000
11             0.600238              0.000000        0.500000
41             0.600238              0.000000        0.500000
19             0.600238              0.000000        0.500000
39             0.600238              0.000000        0.500000
37             0.600238              0.000000        0.500000
13             0.600238              0.000000        0.500000
35             0.600238              0.000000        0.500000
33             0.600238              0.000000        0.500000
15             0.600238              0.000000        0.500000
31             0.600238              0.000000        0.500000
1              0.600238              0.000000        0.500000
29             0.600238              0.000000        0.500000
27             0.600238              0.000000        0.500000
17             0.600238              0.000000        0.500000
25             0.600238              0.000000        0.500000
23             0.600238              0.000000        0.500000
59             0.600238              0.000000        0.500000
2023-05-27 23:19:48,772 [INFO] Best model :
SVC(C=0.01, gamma=0.01, kernel='linear', random_state=42)
2023-05-27 23:19:48,789 [INFO] Save train_prediction_log data...
2023-05-27 23:19:48,792 [INFO] {'Data': 'train', 'ACC': '1.0 (848 / 848)', 'TP': 339, 'FP': 0, 'FN': 0, 'TN': 509, 'Precision': '1.0 (339 / 339 + 0)', 'Recall': '1.0 (339 / 339 + 0)', 'F1': '1.0 (2 * (1.0 * 1.0) / 1.0 + 1.0)', 'Specificity': '1.0 (509 / 509 + 0)', 'AUC': 1.0, 'r2': 1.0}
2023-05-27 23:19:48,799 [INFO] Save valid_prediction_log data...
2023-05-27 23:19:48,802 [INFO] {'Data': 'valid', 'ACC': '0.93 (198 / 212)', 'TP': 84, 'FP': 13, 'FN': 1, 'TN': 114, 'Precision': '0.87 (84 / 84 + 13)', 'Recall': '0.99 (84 / 84 + 1)', 'F1': '0.93 (2 * (0.99 * 0.87) / 0.99 + 0.87)', 'Specificity': '0.9 (114 / 114 + 13)', 'AUC': 0.94, 'r2': 0.73}
2023-05-27 23:19:48,823 [INFO] Save test_prediction_log data...
2023-05-27 23:19:48,826 [INFO] {'Data': 'test', 'ACC': '0.57 (121 / 212)', 'TP': 62, 'FP': 68, 'FN': 23, 'TN': 59, 'Precision': '0.48 (62 / 62 + 68)', 'Recall': '0.73 (62 / 62 + 23)', 'F1': '0.58 (2 * (0.73 * 0.48) / 0.73 + 0.48)', 'Specificity': '0.46 (59 / 59 + 68)', 'AUC': 0.6, 'r2': -0.79}
2023-05-27 23:19:48,828 [INFO] Save training_log data...
2023-05-27 23:19:48,831 [INFO] Save score_log data...
2023-05-27 23:19:48,832 [INFO] Time : 11.804901838302612
