2023-05-27 18:21:31,568 [INFO] Train data : Vary_params\DUD-E\PLK1\nG1_50\ECFP4_256bits\Robust\PLK1_train_vector.tsv
2023-05-27 18:21:31,568 [INFO] Valid data : Vary_params\DUD-E\PLK1\nG1_50\ECFP4_256bits\Robust\PLK1_valid_vector.tsv
2023-05-27 18:21:31,568 [INFO] Output path : Vary_params\DUD-E\PLK1\nG1_50\ECFP4_256bits\Robust\PLK1_model\RF
2023-05-27 18:21:31,568 [INFO] Model type : RF
2023-05-27 18:21:31,568 [INFO] Use cores : 10
2023-05-27 18:21:31,588 [INFO] Start Learning model
2023-05-27 18:21:31,588 [INFO] Train : 114 | Valid : 28
2023-05-27 18:21:31,589 [INFO] Set parameters : {'max_depth': [6, 8, 10, 12], 'max_features': ['sqrt', 'log2'], 'min_samples_leaf': [2, 4, 8, 10], 'min_samples_split': [2, 4, 8, 10], 'n_estimators': [200, 600, 1000]}
2023-05-27 18:26:04,072 [INFO] GridSearchCV results :
     mean_valid_accuracy  mean_valid_precision  mean_valid_auc
0               0.975000                   1.0          0.9700
211             0.975000                   1.0          0.9700
218             0.949242                   1.0          0.9375
217             0.949242                   1.0          0.9375
215             0.975000                   1.0          0.9700
..                   ...                   ...             ...
81              0.922727                   0.9          0.9025
80              0.931818                   0.9          0.9150
79              0.931818                   0.9          0.9150
78              0.922727                   0.9          0.9025
383             0.922727                   0.9          0.9025

[384 rows x 3 columns]
2023-05-27 18:26:04,073 [INFO] Best model :
RandomForestClassifier(class_weight='balanced', max_depth=6, min_samples_leaf=2,
                       n_estimators=200, random_state=42)
2023-05-27 18:26:04,085 [INFO] Save train_prediction_log data...
2023-05-27 18:26:04,088 [INFO] {'Data': 'train', 'ACC': '1.0 (114 / 114)', 'TP': 46, 'FP': 0, 'FN': 0, 'TN': 68, 'Precision': '1.0 (46 / 46 + 0)', 'Recall': '1.0 (46 / 46 + 0)', 'F1': '1.0 (2 * (1.0 * 1.0) / 1.0 + 1.0)', 'Specificity': '1.0 (68 / 68 + 0)', 'AUC': 1.0, 'r2': 1.0}
2023-05-27 18:26:04,098 [INFO] Save valid_prediction_log data...
2023-05-27 18:26:04,100 [INFO] {'Data': 'valid', 'ACC': '1.0 (28 / 28)', 'TP': 11, 'FP': 0, 'FN': 0, 'TN': 17, 'Precision': '1.0 (11 / 11 + 0)', 'Recall': '1.0 (11 / 11 + 0)', 'F1': '1.0 (2 * (1.0 * 1.0) / 1.0 + 1.0)', 'Specificity': '1.0 (17 / 17 + 0)', 'AUC': 1.0, 'r2': 1.0}
2023-05-27 18:26:04,119 [INFO] Save test_prediction_log data...
2023-05-27 18:26:04,123 [INFO] {'Data': 'test', 'ACC': '0.68 (19 / 28)', 'TP': 3, 'FP': 1, 'FN': 8, 'TN': 16, 'Precision': '0.75 (3 / 3 + 1)', 'Recall': '0.27 (3 / 3 + 8)', 'F1': '0.4 (2 * (0.27 * 0.75) / 0.27 + 0.75)', 'Specificity': '0.94 (16 / 16 + 1)', 'AUC': 0.61, 'r2': -0.35}
2023-05-27 18:26:04,157 [INFO] Save training_log data...
2023-05-27 18:26:04,159 [INFO] Save score_log data...
2023-05-27 18:26:04,160 [INFO] Time : 272.5919418334961
