2023-05-29 17:22:34,472 [INFO] Train data : Baseline_noscale_DUDE\DUD-E\ABL1\ECFP4_256bits\ABL1_raw_train.tsv
2023-05-29 17:22:34,472 [INFO] Valid data : Baseline_noscale_DUDE\DUD-E\ABL1\ECFP4_256bits\ABL1_raw_valid.tsv
2023-05-29 17:22:34,472 [INFO] Output path : Baseline_noscale_DUDE\DUD-E\ABL1\ECFP4_256bits\ABL1_model\XGB
2023-05-29 17:22:34,472 [INFO] Model type : XGB
2023-05-29 17:22:34,472 [INFO] Use cores : 12
2023-05-29 17:22:34,481 [INFO] Start Learning model
2023-05-29 17:22:34,481 [INFO] Train : 264 | Valid : 66
2023-05-29 17:22:34,482 [INFO] Set parameters : {'max_depth': [4, 6, 8], 'learning_rate': [0.01, 0.2], 'n_estimators': [200, 600, 1000], 'gamma': [0, 1000], 'min_child_weight': [1, 3], 'subsample': [0.5, 1], 'colsample_bytree': [0.5, 1], 'objective': ['binary:logitraw'], 'eval_metric': ['auc', 'error']}
2023-05-29 17:29:07,222 [INFO] GridSearchCV results :
     mean_valid_accuracy  mean_valid_precision  mean_valid_auc
26              0.920513              0.969798        0.904962
160             0.924217              0.969798        0.909508
28              0.924217              0.969798        0.909508
170             0.920513              0.969798        0.904962
172             0.924217              0.969798        0.909508
..                   ...                   ...             ...
106             0.598575              0.000000        0.500000
107             0.598575              0.000000        0.500000
108             0.598575              0.000000        0.500000
109             0.598575              0.000000        0.500000
575             0.598575              0.000000        0.500000

[576 rows x 3 columns]
2023-05-29 17:29:07,223 [INFO] Best model :
XGBClassifier(base_score=None, booster=None, callbacks=None,
              colsample_bylevel=None, colsample_bynode=None,
              colsample_bytree=0.5, early_stopping_rounds=None,
              enable_categorical=False, eval_metric='auc', feature_types=None,
              gamma=0, gpu_id=None, grow_policy=None, importance_type=None,
              interaction_constraints=None, learning_rate=0.01, max_bin=None,
              max_cat_threshold=None, max_cat_to_onehot=None,
              max_delta_step=None, max_depth=6, max_leaves=None,
              min_child_weight=1, missing=nan, monotone_constraints=None,
              n_estimators=600, n_jobs=0, num_parallel_tree=None,
              objective='binary:logitraw', predictor=None, ...)
2023-05-29 17:29:07,233 [INFO] Save train_prediction_log data...
2023-05-29 17:29:07,237 [INFO] {'Data': 'train', 'ACC': '0.99 (262 / 264)', 'TP': 104, 'FP': 0, 'FN': 2, 'TN': 158, 'Precision': '1.0 (104 / 104 + 0)', 'Recall': '0.98 (104 / 104 + 2)', 'F1': '0.99 (2 * (0.98 * 1.0) / 0.98 + 1.0)', 'Specificity': '1.0 (158 / 158 + 0)', 'AUC': 0.99, 'r2': 0.97}
2023-05-29 17:29:07,245 [INFO] Save valid_prediction_log data...
2023-05-29 17:29:07,247 [INFO] {'Data': 'valid', 'ACC': '1.0 (66 / 66)', 'TP': 26, 'FP': 0, 'FN': 0, 'TN': 40, 'Precision': '1.0 (26 / 26 + 0)', 'Recall': '1.0 (26 / 26 + 0)', 'F1': '1.0 (2 * (1.0 * 1.0) / 1.0 + 1.0)', 'Specificity': '1.0 (40 / 40 + 0)', 'AUC': 1.0, 'r2': 1.0}
2023-05-29 17:29:07,260 [INFO] Save test_prediction_log data...
2023-05-29 17:29:07,263 [INFO] {'Data': 'test', 'ACC': '0.64 (42 / 66)', 'TP': 12, 'FP': 10, 'FN': 14, 'TN': 30, 'Precision': '0.55 (12 / 12 + 10)', 'Recall': '0.46 (12 / 12 + 14)', 'F1': '0.5 (2 * (0.46 * 0.55) / 0.46 + 0.55)', 'Specificity': '0.75 (30 / 30 + 10)', 'AUC': 0.61, 'r2': -0.52}
2023-05-29 17:29:07,275 [INFO] Save training_log data...
2023-05-29 17:29:07,281 [INFO] Save score_log data...
2023-05-29 17:29:07,282 [INFO] Time : 392.81070041656494
