2023-05-27 12:32:15,019 [INFO] Train data : Vary_params\DUD-E\AKT2\nG1_20\ECFP4_256bits\Standard\AKT2_train_vector.tsv
2023-05-27 12:32:15,019 [INFO] Valid data : Vary_params\DUD-E\AKT2\nG1_20\ECFP4_256bits\Standard\AKT2_valid_vector.tsv
2023-05-27 12:32:15,019 [INFO] Output path : Vary_params\DUD-E\AKT2\nG1_20\ECFP4_256bits\Standard\AKT2_model\MLP
2023-05-27 12:32:15,019 [INFO] Model type : MLP
2023-05-27 12:32:15,019 [INFO] Use cores : 11
2023-05-27 12:32:15,040 [INFO] Start Learning model
2023-05-27 12:32:15,041 [INFO] Train : 155 | Valid : 31
2023-05-27 12:32:15,041 [INFO] Set parameters : {'hidden_layer_sizes': [(50,), (100,), (50, 50), (100, 100)], 'learning_rate': ['constant', 'invscaling', 'adaptive'], 'activation': ['relu', 'identity', 'logistic', 'tanh'], 'solver': ['adam', 'sgd', 'lbfgs'], 'alpha': [0.1, 0.01, 0.001], 'max_iter': [500, 1000], 'early_stopping': [True]}
2023-05-27 12:34:10,954 [INFO] GridSearchCV results :
     mean_valid_accuracy  mean_valid_precision  mean_valid_auc
647             0.968333                   1.0         0.96875
743             0.974583                   1.0         0.97500
641             0.968333                   1.0         0.96875
395             0.981250                   1.0         0.98125
644             0.968333                   1.0         0.96875
..                   ...                   ...             ...
526             0.483333                   0.0         0.50000
595             0.483333                   0.0         0.50000
451             0.483333                   0.0         0.50000
523             0.483333                   0.0         0.50000
457             0.483333                   0.0         0.50000

[864 rows x 3 columns]
2023-05-27 12:34:10,956 [INFO] Best model :
MLPClassifier(activation='identity', alpha=0.01, early_stopping=True,
              max_iter=500, random_state=42, solver='lbfgs')
2023-05-27 12:34:10,960 [INFO] Save train_prediction_log data...
2023-05-27 12:34:10,964 [INFO] {'Data': 'train', 'ACC': '1.0 (155 / 155)', 'TP': 80, 'FP': 0, 'FN': 0, 'TN': 75, 'Precision': '1.0 (80 / 80 + 0)', 'Recall': '1.0 (80 / 80 + 0)', 'F1': '1.0 (2 * (1.0 * 1.0) / 1.0 + 1.0)', 'Specificity': '1.0 (75 / 75 + 0)', 'AUC': 1.0, 'r2': 1.0}
2023-05-27 12:34:10,967 [INFO] Save valid_prediction_log data...
2023-05-27 12:34:10,970 [INFO] {'Data': 'valid', 'ACC': '0.97 (30 / 31)', 'TP': 12, 'FP': 1, 'FN': 0, 'TN': 18, 'Precision': '0.92 (12 / 12 + 1)', 'Recall': '1.0 (12 / 12 + 0)', 'F1': '0.96 (2 * (1.0 * 0.92) / 1.0 + 0.92)', 'Specificity': '0.95 (18 / 18 + 1)', 'AUC': 0.97, 'r2': 0.86}
2023-05-27 12:34:10,982 [INFO] Save test_prediction_log data...
2023-05-27 12:34:10,986 [INFO] {'Data': 'test', 'ACC': '0.71 (22 / 31)', 'TP': 9, 'FP': 6, 'FN': 3, 'TN': 13, 'Precision': '0.6 (9 / 9 + 6)', 'Recall': '0.75 (9 / 9 + 3)', 'F1': '0.67 (2 * (0.75 * 0.6) / 0.75 + 0.6)', 'Specificity': '0.68 (13 / 13 + 6)', 'AUC': 0.72, 'r2': -0.22}
2023-05-27 12:34:10,989 [INFO] Save training_log data...
2023-05-27 12:34:10,995 [INFO] Save score_log data...
2023-05-27 12:34:10,997 [INFO] Time : 115.97810244560242
