2023-05-29 21:28:11,009 [INFO] Train data : Baseline_noscale_DUDE\DUD-E\CDK2\ECFP4_256bits\CDK2_raw_train.tsv
2023-05-29 21:28:11,009 [INFO] Valid data : Baseline_noscale_DUDE\DUD-E\CDK2\ECFP4_256bits\CDK2_raw_valid.tsv
2023-05-29 21:28:11,009 [INFO] Output path : Baseline_noscale_DUDE\DUD-E\CDK2\ECFP4_256bits\CDK2_model\MLP
2023-05-29 21:28:11,009 [INFO] Model type : MLP
2023-05-29 21:28:11,009 [INFO] Use cores : 12
2023-05-29 21:28:11,024 [INFO] Start Learning model
2023-05-29 21:28:11,024 [INFO] Train : 848 | Valid : 212
2023-05-29 21:28:11,024 [INFO] Set parameters : {'hidden_layer_sizes': [(50,), (100,), (50, 50), (100, 100)], 'learning_rate': ['constant', 'invscaling', 'adaptive'], 'activation': ['relu', 'identity', 'logistic', 'tanh'], 'solver': ['adam', 'sgd', 'lbfgs'], 'alpha': [0.1, 0.01, 0.001], 'max_iter': [500, 1000], 'early_stopping': [True]}
2023-05-29 21:31:59,658 [INFO] GridSearchCV results :
     mean_valid_accuracy  mean_valid_precision  mean_valid_auc
504             0.905616              0.946211        0.891132
519             0.905616              0.946211        0.891132
507             0.905616              0.946211        0.891132
510             0.905616              0.946211        0.891132
513             0.905616              0.946211        0.891132
..                   ...                   ...             ...
523             0.600238              0.000000        0.500000
526             0.600238              0.000000        0.500000
529             0.600238              0.000000        0.500000
448             0.596709              0.000000        0.497059
505             0.596709              0.000000        0.497059

[864 rows x 3 columns]
2023-05-29 21:31:59,659 [INFO] Best model :
MLPClassifier(activation='logistic', alpha=0.01, early_stopping=True,
              hidden_layer_sizes=(50,), max_iter=500, random_state=42)
2023-05-29 21:31:59,668 [INFO] Save train_prediction_log data...
2023-05-29 21:31:59,671 [INFO] {'Data': 'train', 'ACC': '0.92 (778 / 848)', 'TP': 277, 'FP': 8, 'FN': 62, 'TN': 501, 'Precision': '0.97 (277 / 277 + 8)', 'Recall': '0.82 (277 / 277 + 62)', 'F1': '0.89 (2 * (0.82 * 0.97) / 0.82 + 0.97)', 'Specificity': '0.98 (501 / 501 + 8)', 'AUC': 0.9, 'r2': 0.66}
2023-05-29 21:31:59,676 [INFO] Save valid_prediction_log data...
2023-05-29 21:31:59,677 [INFO] {'Data': 'valid', 'ACC': '0.93 (198 / 212)', 'TP': 75, 'FP': 4, 'FN': 10, 'TN': 123, 'Precision': '0.95 (75 / 75 + 4)', 'Recall': '0.88 (75 / 75 + 10)', 'F1': '0.91 (2 * (0.88 * 0.95) / 0.88 + 0.95)', 'Specificity': '0.97 (123 / 123 + 4)', 'AUC': 0.93, 'r2': 0.73}
2023-05-29 21:31:59,686 [INFO] Save test_prediction_log data...
2023-05-29 21:31:59,688 [INFO] {'Data': 'test', 'ACC': '0.55 (117 / 212)', 'TP': 45, 'FP': 55, 'FN': 40, 'TN': 72, 'Precision': '0.45 (45 / 45 + 55)', 'Recall': '0.53 (45 / 45 + 40)', 'F1': '0.49 (2 * (0.53 * 0.45) / 0.53 + 0.45)', 'Specificity': '0.57 (72 / 72 + 55)', 'AUC': 0.55, 'r2': -0.87}
2023-05-29 21:31:59,690 [INFO] Save training_log data...
2023-05-29 21:31:59,696 [INFO] Save score_log data...
2023-05-29 21:31:59,697 [INFO] Time : 228.68766474723816
