2023-05-28 22:18:26,044 [INFO] Train data : Vary_params_CDK2_EGFR_LCK\DUD-E\EGFR\nG1_80\ECFP6_256bits\Robust\EGFR_train_vector.tsv
2023-05-28 22:18:26,045 [INFO] Valid data : Vary_params_CDK2_EGFR_LCK\DUD-E\EGFR\nG1_80\ECFP6_256bits\Robust\EGFR_valid_vector.tsv
2023-05-28 22:18:26,045 [INFO] Output path : Vary_params_CDK2_EGFR_LCK\DUD-E\EGFR\nG1_80\ECFP6_256bits\Robust\EGFR_model\SVM
2023-05-28 22:18:26,045 [INFO] Model type : SVM
2023-05-28 22:18:26,045 [INFO] Use cores : 19
2023-05-28 22:18:26,064 [INFO] Start Learning model
2023-05-28 22:18:26,064 [INFO] Train : 840 | Valid : 218
2023-05-28 22:18:26,064 [INFO] Set parameters : {'kernel': ['linear', 'rbf'], 'C': [0.01, 0.1, 1, 10, 100, 1000], 'gamma': [0.01, 0.1, 1, 100, 1000]}
2023-05-28 22:18:30,987 [INFO] GridSearchCV results :
    mean_valid_accuracy  mean_valid_precision  mean_valid_auc
0              0.858333              0.804861        0.852875
20             0.858333              0.804861        0.852875
24             0.858333              0.804861        0.852875
26             0.858333              0.804861        0.852875
28             0.858333              0.804861        0.852875
32             0.858333              0.804861        0.852875
34             0.858333              0.804861        0.852875
36             0.858333              0.804861        0.852875
38             0.858333              0.804861        0.852875
40             0.858333              0.804861        0.852875
42             0.858333              0.804861        0.852875
44             0.858333              0.804861        0.852875
46             0.858333              0.804861        0.852875
48             0.858333              0.804861        0.852875
50             0.858333              0.804861        0.852875
52             0.858333              0.804861        0.852875
54             0.858333              0.804861        0.852875
56             0.858333              0.804861        0.852875
58             0.858333              0.804861        0.852875
22             0.858333              0.804861        0.852875
30             0.858333              0.804861        0.852875
10             0.858333              0.804861        0.852875
2              0.858333              0.804861        0.852875
18             0.858333              0.804861        0.852875
8              0.858333              0.804861        0.852875
16             0.858333              0.804861        0.852875
4              0.858333              0.804861        0.852875
12             0.858333              0.804861        0.852875
6              0.858333              0.804861        0.852875
14             0.858333              0.804861        0.852875
49             0.621429              0.000000        0.500000
9              0.621429              0.000000        0.500000
45             0.621429              0.000000        0.500000
47             0.621429              0.000000        0.500000
7              0.621429              0.000000        0.500000
21             0.621429              0.000000        0.500000
43             0.621429              0.000000        0.500000
5              0.621429              0.000000        0.500000
53             0.621429              0.000000        0.500000
55             0.621429              0.000000        0.500000
3              0.621429              0.000000        0.500000
57             0.621429              0.000000        0.500000
51             0.621429              0.000000        0.500000
11             0.621429              0.000000        0.500000
41             0.621429              0.000000        0.500000
19             0.621429              0.000000        0.500000
39             0.621429              0.000000        0.500000
37             0.621429              0.000000        0.500000
13             0.621429              0.000000        0.500000
35             0.621429              0.000000        0.500000
33             0.621429              0.000000        0.500000
15             0.621429              0.000000        0.500000
31             0.621429              0.000000        0.500000
1              0.621429              0.000000        0.500000
29             0.621429              0.000000        0.500000
27             0.621429              0.000000        0.500000
17             0.621429              0.000000        0.500000
25             0.621429              0.000000        0.500000
23             0.621429              0.000000        0.500000
59             0.621429              0.000000        0.500000
2023-05-28 22:18:30,988 [INFO] Best model :
SVC(C=0.01, gamma=0.01, kernel='linear', random_state=42)
2023-05-28 22:18:30,998 [INFO] Save train_prediction_log data...
2023-05-28 22:18:31,001 [INFO] {'Data': 'train', 'ACC': '1.0 (840 / 840)', 'TP': 318, 'FP': 0, 'FN': 0, 'TN': 522, 'Precision': '1.0 (318 / 318 + 0)', 'Recall': '1.0 (318 / 318 + 0)', 'F1': '1.0 (2 * (1.0 * 1.0) / 1.0 + 1.0)', 'Specificity': '1.0 (522 / 522 + 0)', 'AUC': 1.0, 'r2': 1.0}
2023-05-28 22:18:31,006 [INFO] Save valid_prediction_log data...
2023-05-28 22:18:31,007 [INFO] {'Data': 'valid', 'ACC': '0.86 (187 / 218)', 'TP': 77, 'FP': 21, 'FN': 10, 'TN': 110, 'Precision': '0.79 (77 / 77 + 21)', 'Recall': '0.89 (77 / 77 + 10)', 'F1': '0.84 (2 * (0.89 * 0.79) / 0.89 + 0.79)', 'Specificity': '0.84 (110 / 110 + 21)', 'AUC': 0.86, 'r2': 0.41}
2023-05-28 22:18:31,019 [INFO] Save test_prediction_log data...
2023-05-28 22:18:31,021 [INFO] {'Data': 'test', 'ACC': '0.58 (126 / 218)', 'TP': 41, 'FP': 46, 'FN': 46, 'TN': 85, 'Precision': '0.47 (41 / 41 + 46)', 'Recall': '0.47 (41 / 41 + 46)', 'F1': '0.47 (2 * (0.47 * 0.47) / 0.47 + 0.47)', 'Specificity': '0.65 (85 / 85 + 46)', 'AUC': 0.56, 'r2': -0.76}
2023-05-28 22:18:31,022 [INFO] Save training_log data...
2023-05-28 22:18:31,024 [INFO] Save score_log data...
2023-05-28 22:18:31,024 [INFO] Time : 4.980727434158325
