2023-05-28 01:19:00,261 [INFO] Train data : Vary_params_SH\DUD-E\TGFR1\nG1_20\ECFP4_256bits\Robust\TGFR1_train_vector.tsv
2023-05-28 01:19:00,261 [INFO] Valid data : Vary_params_SH\DUD-E\TGFR1\nG1_20\ECFP4_256bits\Robust\TGFR1_valid_vector.tsv
2023-05-28 01:19:00,261 [INFO] Output path : Vary_params_SH\DUD-E\TGFR1\nG1_20\ECFP4_256bits\Robust\TGFR1_model\MLP
2023-05-28 01:19:00,261 [INFO] Model type : MLP
2023-05-28 01:19:00,261 [INFO] Use cores : 3
2023-05-28 01:19:00,284 [INFO] Start Learning model
2023-05-28 01:19:00,284 [INFO] Train : 194 | Valid : 41
2023-05-28 01:19:00,284 [INFO] Set parameters : {'hidden_layer_sizes': [(50,), (100,), (50, 50), (100, 100)], 'learning_rate': ['constant', 'invscaling', 'adaptive'], 'activation': ['relu', 'identity', 'logistic', 'tanh'], 'solver': ['adam', 'sgd', 'lbfgs'], 'alpha': [0.1, 0.01, 0.001], 'max_iter': [500, 1000], 'early_stopping': [True]}
2023-05-28 01:25:10,282 [INFO] GridSearchCV results :
     mean_valid_accuracy  mean_valid_precision  mean_valid_auc
833             0.958947              0.990909        0.958889
839             0.958947              0.990909        0.958889
767             0.958947              0.990909        0.958889
764             0.958947              0.990909        0.958889
761             0.958947              0.990909        0.958889
..                   ...                   ...             ...
601             0.437895              0.166667        0.432222
532             0.437895              0.166667        0.432222
460             0.437895              0.166667        0.432222
529             0.437895              0.166667        0.432222
457             0.437895              0.166667        0.432222

[864 rows x 3 columns]
2023-05-28 01:25:10,283 [INFO] Best model :
MLPClassifier(activation='tanh', alpha=0.01, early_stopping=True,
              hidden_layer_sizes=(50, 50), max_iter=500, random_state=42,
              solver='lbfgs')
2023-05-28 01:25:10,290 [INFO] Save train_prediction_log data...
2023-05-28 01:25:10,294 [INFO] {'Data': 'train', 'ACC': '1.0 (194 / 194)', 'TP': 96, 'FP': 0, 'FN': 0, 'TN': 98, 'Precision': '1.0 (96 / 96 + 0)', 'Recall': '1.0 (96 / 96 + 0)', 'F1': '1.0 (2 * (1.0 * 1.0) / 1.0 + 1.0)', 'Specificity': '1.0 (98 / 98 + 0)', 'AUC': 1.0, 'r2': 1.0}
2023-05-28 01:25:10,299 [INFO] Save valid_prediction_log data...
2023-05-28 01:25:10,302 [INFO] {'Data': 'valid', 'ACC': '1.0 (41 / 41)', 'TP': 16, 'FP': 0, 'FN': 0, 'TN': 25, 'Precision': '1.0 (16 / 16 + 0)', 'Recall': '1.0 (16 / 16 + 0)', 'F1': '1.0 (2 * (1.0 * 1.0) / 1.0 + 1.0)', 'Specificity': '1.0 (25 / 25 + 0)', 'AUC': 1.0, 'r2': 1.0}
2023-05-28 01:25:10,315 [INFO] Save test_prediction_log data...
2023-05-28 01:25:10,318 [INFO] {'Data': 'test', 'ACC': '0.54 (22 / 41)', 'TP': 6, 'FP': 9, 'FN': 10, 'TN': 16, 'Precision': '0.4 (6 / 6 + 9)', 'Recall': '0.38 (6 / 6 + 10)', 'F1': '0.39 (2 * (0.38 * 0.4) / 0.38 + 0.4)', 'Specificity': '0.64 (16 / 16 + 9)', 'AUC': 0.51, 'r2': -0.95}
2023-05-28 01:25:10,321 [INFO] Save training_log data...
2023-05-28 01:25:10,522 [INFO] Save score_log data...
2023-05-28 01:25:10,523 [INFO] Time : 370.2614336013794
