2023-05-29 01:34:49,415 [INFO] Train data : Vary_params_CDK2_EGFR_LCK\DUD-E\LCK\nG1_20\ECFP4_256bits\Standard\LCK_train_vector.tsv
2023-05-29 01:34:49,415 [INFO] Valid data : Vary_params_CDK2_EGFR_LCK\DUD-E\LCK\nG1_20\ECFP4_256bits\Standard\LCK_valid_vector.tsv
2023-05-29 01:34:49,415 [INFO] Output path : Vary_params_CDK2_EGFR_LCK\DUD-E\LCK\nG1_20\ECFP4_256bits\Standard\LCK_model\SVM
2023-05-29 01:34:49,415 [INFO] Model type : SVM
2023-05-29 01:34:49,415 [INFO] Use cores : 19
2023-05-29 01:34:49,451 [INFO] Start Learning model
2023-05-29 01:34:49,451 [INFO] Train : 766 | Valid : 185
2023-05-29 01:34:49,451 [INFO] Set parameters : {'kernel': ['linear', 'rbf'], 'C': [0.01, 0.1, 1, 10, 100, 1000], 'gamma': [0.01, 0.1, 1, 100, 1000]}
2023-05-29 01:34:53,656 [INFO] GridSearchCV results :
    mean_valid_accuracy  mean_valid_precision  mean_valid_auc
31             0.925632              0.996774        0.912737
51             0.925632              0.996774        0.912737
41             0.925632              0.996774        0.912737
21             0.917789              0.996667        0.903456
0              0.946548              0.948693        0.944164
2              0.946548              0.948693        0.944164
4              0.946548              0.948693        0.944164
6              0.946548              0.948693        0.944164
8              0.946548              0.948693        0.944164
42             0.911329              0.888813        0.911600
32             0.911329              0.888813        0.911600
34             0.911329              0.888813        0.911600
36             0.911329              0.888813        0.911600
38             0.911329              0.888813        0.911600
40             0.911329              0.888813        0.911600
48             0.911329              0.888813        0.911600
44             0.911329              0.888813        0.911600
46             0.911329              0.888813        0.911600
26             0.911329              0.888813        0.911600
50             0.911329              0.888813        0.911600
52             0.911329              0.888813        0.911600
54             0.911329              0.888813        0.911600
56             0.911329              0.888813        0.911600
58             0.911329              0.888813        0.911600
28             0.911329              0.888813        0.911600
30             0.911329              0.888813        0.911600
18             0.911329              0.888813        0.911600
24             0.911329              0.888813        0.911600
14             0.911329              0.888813        0.911600
12             0.911329              0.888813        0.911600
22             0.911329              0.888813        0.911600
16             0.911329              0.888813        0.911600
20             0.911329              0.888813        0.911600
10             0.911329              0.888813        0.911600
25             0.577033              0.000000        0.500000
49             0.577033              0.000000        0.500000
11             0.577033              0.000000        0.500000
53             0.577033              0.000000        0.500000
9              0.577033              0.000000        0.500000
13             0.577033              0.000000        0.500000
7              0.577033              0.000000        0.500000
55             0.577033              0.000000        0.500000
5              0.577033              0.000000        0.500000
57             0.577033              0.000000        0.500000
3              0.577033              0.000000        0.500000
47             0.577033              0.000000        0.500000
43             0.577033              0.000000        0.500000
45             0.577033              0.000000        0.500000
27             0.577033              0.000000        0.500000
15             0.577033              0.000000        0.500000
17             0.577033              0.000000        0.500000
39             0.577033              0.000000        0.500000
37             0.577033              0.000000        0.500000
19             0.577033              0.000000        0.500000
35             0.577033              0.000000        0.500000
33             0.577033              0.000000        0.500000
23             0.577033              0.000000        0.500000
1              0.577033              0.000000        0.500000
29             0.577033              0.000000        0.500000
59             0.577033              0.000000        0.500000
2023-05-29 01:34:53,657 [INFO] Best model :
SVC(C=10, gamma=0.01, random_state=42)
2023-05-29 01:34:53,712 [INFO] Save train_prediction_log data...
2023-05-29 01:34:53,716 [INFO] {'Data': 'train', 'ACC': '1.0 (766 / 766)', 'TP': 324, 'FP': 0, 'FN': 0, 'TN': 442, 'Precision': '1.0 (324 / 324 + 0)', 'Recall': '1.0 (324 / 324 + 0)', 'F1': '1.0 (2 * (1.0 * 1.0) / 1.0 + 1.0)', 'Specificity': '1.0 (442 / 442 + 0)', 'AUC': 1.0, 'r2': 1.0}
2023-05-29 01:34:53,731 [INFO] Save valid_prediction_log data...
2023-05-29 01:34:53,733 [INFO] {'Data': 'valid', 'ACC': '1.0 (185 / 185)', 'TP': 74, 'FP': 0, 'FN': 0, 'TN': 111, 'Precision': '1.0 (74 / 74 + 0)', 'Recall': '1.0 (74 / 74 + 0)', 'F1': '1.0 (2 * (1.0 * 1.0) / 1.0 + 1.0)', 'Specificity': '1.0 (111 / 111 + 0)', 'AUC': 1.0, 'r2': 1.0}
2023-05-29 01:34:53,758 [INFO] Save test_prediction_log data...
2023-05-29 01:34:53,761 [INFO] {'Data': 'test', 'ACC': '0.66 (122 / 185)', 'TP': 27, 'FP': 16, 'FN': 47, 'TN': 95, 'Precision': '0.63 (27 / 27 + 16)', 'Recall': '0.36 (27 / 27 + 47)', 'F1': '0.46 (2 * (0.36 * 0.63) / 0.36 + 0.63)', 'Specificity': '0.86 (95 / 95 + 16)', 'AUC': 0.61, 'r2': -0.42}
2023-05-29 01:34:53,763 [INFO] Save training_log data...
2023-05-29 01:34:53,766 [INFO] Save score_log data...
2023-05-29 01:34:53,767 [INFO] Time : 4.352435350418091
