2023-05-27 13:09:50,222 [INFO] Train data : Vary_params\DUD-E\AKT2\nG1_20\ECFP4_512bits\Robust\AKT2_train_vector.tsv
2023-05-27 13:09:50,222 [INFO] Valid data : Vary_params\DUD-E\AKT2\nG1_20\ECFP4_512bits\Robust\AKT2_valid_vector.tsv
2023-05-27 13:09:50,222 [INFO] Output path : Vary_params\DUD-E\AKT2\nG1_20\ECFP4_512bits\Robust\AKT2_model\SVM
2023-05-27 13:09:50,222 [INFO] Model type : SVM
2023-05-27 13:09:50,222 [INFO] Use cores : 11
2023-05-27 13:09:50,246 [INFO] Start Learning model
2023-05-27 13:09:50,246 [INFO] Train : 155 | Valid : 31
2023-05-27 13:09:50,247 [INFO] Set parameters : {'kernel': ['linear', 'rbf'], 'C': [0.01, 0.1, 1, 10, 100, 1000], 'gamma': [0.01, 0.1, 1, 100, 1000]}
2023-05-27 13:09:53,978 [INFO] GridSearchCV results :
    mean_valid_accuracy  mean_valid_precision  mean_valid_auc
0              0.974167              0.977778        0.973214
20             0.974167              0.977778        0.973214
24             0.974167              0.977778        0.973214
26             0.974167              0.977778        0.973214
28             0.974167              0.977778        0.973214
32             0.974167              0.977778        0.973214
34             0.974167              0.977778        0.973214
36             0.974167              0.977778        0.973214
38             0.974167              0.977778        0.973214
40             0.974167              0.977778        0.973214
42             0.974167              0.977778        0.973214
44             0.974167              0.977778        0.973214
46             0.974167              0.977778        0.973214
48             0.974167              0.977778        0.973214
50             0.974167              0.977778        0.973214
52             0.974167              0.977778        0.973214
54             0.974167              0.977778        0.973214
56             0.974167              0.977778        0.973214
58             0.974167              0.977778        0.973214
22             0.974167              0.977778        0.973214
30             0.974167              0.977778        0.973214
10             0.974167              0.977778        0.973214
2              0.974167              0.977778        0.973214
18             0.974167              0.977778        0.973214
8              0.974167              0.977778        0.973214
16             0.974167              0.977778        0.973214
4              0.974167              0.977778        0.973214
12             0.974167              0.977778        0.973214
6              0.974167              0.977778        0.973214
14             0.974167              0.977778        0.973214
49             0.516667              0.516667        0.500000
9              0.516667              0.516667        0.500000
45             0.516667              0.516667        0.500000
47             0.516667              0.516667        0.500000
7              0.516667              0.516667        0.500000
21             0.516667              0.516667        0.500000
43             0.516667              0.516667        0.500000
5              0.516667              0.516667        0.500000
53             0.516667              0.516667        0.500000
55             0.516667              0.516667        0.500000
3              0.516667              0.516667        0.500000
57             0.516667              0.516667        0.500000
51             0.516667              0.516667        0.500000
11             0.516667              0.516667        0.500000
41             0.516667              0.516667        0.500000
19             0.516667              0.516667        0.500000
39             0.516667              0.516667        0.500000
37             0.516667              0.516667        0.500000
13             0.516667              0.516667        0.500000
35             0.516667              0.516667        0.500000
33             0.516667              0.516667        0.500000
15             0.516667              0.516667        0.500000
31             0.516667              0.516667        0.500000
1              0.516667              0.516667        0.500000
29             0.516667              0.516667        0.500000
27             0.516667              0.516667        0.500000
17             0.516667              0.516667        0.500000
25             0.516667              0.516667        0.500000
23             0.516667              0.516667        0.500000
59             0.516667              0.516667        0.500000
2023-05-27 13:09:53,987 [INFO] Best model :
SVC(C=0.01, gamma=0.01, kernel='linear', random_state=42)
2023-05-27 13:09:54,001 [INFO] Save train_prediction_log data...
2023-05-27 13:09:54,008 [INFO] {'Data': 'train', 'ACC': '1.0 (155 / 155)', 'TP': 80, 'FP': 0, 'FN': 0, 'TN': 75, 'Precision': '1.0 (80 / 80 + 0)', 'Recall': '1.0 (80 / 80 + 0)', 'F1': '1.0 (2 * (1.0 * 1.0) / 1.0 + 1.0)', 'Specificity': '1.0 (75 / 75 + 0)', 'AUC': 1.0, 'r2': 1.0}
2023-05-27 13:09:54,018 [INFO] Save valid_prediction_log data...
2023-05-27 13:09:54,021 [INFO] {'Data': 'valid', 'ACC': '0.97 (30 / 31)', 'TP': 12, 'FP': 1, 'FN': 0, 'TN': 18, 'Precision': '0.92 (12 / 12 + 1)', 'Recall': '1.0 (12 / 12 + 0)', 'F1': '0.96 (2 * (1.0 * 0.92) / 1.0 + 0.92)', 'Specificity': '0.95 (18 / 18 + 1)', 'AUC': 0.97, 'r2': 0.86}
2023-05-27 13:09:54,040 [INFO] Save test_prediction_log data...
2023-05-27 13:09:54,044 [INFO] {'Data': 'test', 'ACC': '0.71 (22 / 31)', 'TP': 10, 'FP': 7, 'FN': 2, 'TN': 12, 'Precision': '0.59 (10 / 10 + 7)', 'Recall': '0.83 (10 / 10 + 2)', 'F1': '0.69 (2 * (0.83 * 0.59) / 0.83 + 0.59)', 'Specificity': '0.63 (12 / 12 + 7)', 'AUC': 0.73, 'r2': -0.22}
2023-05-27 13:09:54,046 [INFO] Save training_log data...
2023-05-27 13:09:54,047 [INFO] Save score_log data...
2023-05-27 13:09:54,048 [INFO] Time : 3.826625108718872
