2023-05-29 07:51:43,953 [INFO] Train data : Vary_params_BRAF_MK14\DUD-E\BRAF\nG1_50\ECFP6_256bits\MinMax\BRAF_train_vector.tsv
2023-05-29 07:51:43,953 [INFO] Valid data : Vary_params_BRAF_MK14\DUD-E\BRAF\nG1_50\ECFP6_256bits\MinMax\BRAF_valid_vector.tsv
2023-05-29 07:51:43,953 [INFO] Output path : Vary_params_BRAF_MK14\DUD-E\BRAF\nG1_50\ECFP6_256bits\MinMax\BRAF_model\MLP
2023-05-29 07:51:43,953 [INFO] Model type : MLP
2023-05-29 07:51:43,953 [INFO] Use cores : 12
2023-05-29 07:51:43,967 [INFO] Start Learning model
2023-05-29 07:51:43,967 [INFO] Train : 201 | Valid : 50
2023-05-29 07:51:43,967 [INFO] Set parameters : {'hidden_layer_sizes': [(50,), (100,), (50, 50), (100, 100)], 'learning_rate': ['constant', 'invscaling', 'adaptive'], 'activation': ['relu', 'identity', 'logistic', 'tanh'], 'solver': ['adam', 'sgd', 'lbfgs'], 'alpha': [0.1, 0.01, 0.001], 'max_iter': [500, 1000], 'early_stopping': [True]}
2023-05-29 07:54:38,528 [INFO] GridSearchCV results :
     mean_valid_accuracy  mean_valid_precision  mean_valid_auc
522             0.860476                   1.0           0.825
528             0.860476                   1.0           0.825
606             0.860476                   1.0           0.825
537             0.860476                   1.0           0.825
534             0.860476                   1.0           0.825
..                   ...                   ...             ...
567             0.601905                   0.0           0.500
570             0.601905                   0.0           0.500
573             0.601905                   0.0           0.500
595             0.601905                   0.0           0.500
630             0.601905                   0.0           0.500

[864 rows x 3 columns]
2023-05-29 07:54:38,529 [INFO] Best model :
MLPClassifier(activation='logistic', alpha=0.01, early_stopping=True,
              max_iter=500, random_state=42)
2023-05-29 07:54:38,535 [INFO] Save train_prediction_log data...
2023-05-29 07:54:38,538 [INFO] {'Data': 'train', 'ACC': '0.91 (183 / 201)', 'TP': 62, 'FP': 0, 'FN': 18, 'TN': 121, 'Precision': '1.0 (62 / 62 + 0)', 'Recall': '0.78 (62 / 62 + 18)', 'F1': '0.88 (2 * (0.78 * 1.0) / 0.78 + 1.0)', 'Specificity': '1.0 (121 / 121 + 0)', 'AUC': 0.89, 'r2': 0.63}
2023-05-29 07:54:38,542 [INFO] Save valid_prediction_log data...
2023-05-29 07:54:38,543 [INFO] {'Data': 'valid', 'ACC': '0.96 (48 / 50)', 'TP': 18, 'FP': 0, 'FN': 2, 'TN': 30, 'Precision': '1.0 (18 / 18 + 0)', 'Recall': '0.9 (18 / 18 + 2)', 'F1': '0.95 (2 * (0.9 * 1.0) / 0.9 + 1.0)', 'Specificity': '1.0 (30 / 30 + 0)', 'AUC': 0.95, 'r2': 0.83}
2023-05-29 07:54:38,554 [INFO] Save test_prediction_log data...
2023-05-29 07:54:38,556 [INFO] {'Data': 'test', 'ACC': '0.6 (30 / 50)', 'TP': 1, 'FP': 1, 'FN': 19, 'TN': 29, 'Precision': '0.5 (1 / 1 + 1)', 'Recall': '0.05 (1 / 1 + 19)', 'F1': '0.09 (2 * (0.05 * 0.5) / 0.05 + 0.5)', 'Specificity': '0.97 (29 / 29 + 1)', 'AUC': 0.51, 'r2': -0.67}
2023-05-29 07:54:38,576 [INFO] Save training_log data...
2023-05-29 07:54:38,582 [INFO] Save score_log data...
2023-05-29 07:54:38,583 [INFO] Time : 174.63037657737732
