2023-05-28 16:50:24,038 [INFO] Train data : Vary_params\DUD-E\FAK1\nG1_50\ECFP4_256bits\Robust\FAK1_train_vector.tsv
2023-05-28 16:50:24,038 [INFO] Valid data : Vary_params\DUD-E\FAK1\nG1_50\ECFP4_256bits\Robust\FAK1_valid_vector.tsv
2023-05-28 16:50:24,038 [INFO] Output path : Vary_params\DUD-E\FAK1\nG1_50\ECFP4_256bits\Robust\FAK1_model\SVM
2023-05-28 16:50:24,038 [INFO] Model type : SVM
2023-05-28 16:50:24,038 [INFO] Use cores : 11
2023-05-28 16:50:24,051 [INFO] Start Learning model
2023-05-28 16:50:24,052 [INFO] Train : 93 | Valid : 23
2023-05-28 16:50:24,052 [INFO] Set parameters : {'kernel': ['linear', 'rbf'], 'C': [0.01, 0.1, 1, 10, 100, 1000], 'gamma': [0.01, 0.1, 1, 100, 1000]}
2023-05-28 16:50:27,326 [INFO] GridSearchCV results :
    mean_valid_accuracy  mean_valid_precision  mean_valid_auc
0              0.925556              0.871667        0.934167
20             0.925556              0.871667        0.934167
24             0.925556              0.871667        0.934167
26             0.925556              0.871667        0.934167
28             0.925556              0.871667        0.934167
32             0.925556              0.871667        0.934167
34             0.925556              0.871667        0.934167
36             0.925556              0.871667        0.934167
38             0.925556              0.871667        0.934167
40             0.925556              0.871667        0.934167
42             0.925556              0.871667        0.934167
44             0.925556              0.871667        0.934167
46             0.925556              0.871667        0.934167
48             0.925556              0.871667        0.934167
50             0.925556              0.871667        0.934167
52             0.925556              0.871667        0.934167
54             0.925556              0.871667        0.934167
56             0.925556              0.871667        0.934167
58             0.925556              0.871667        0.934167
22             0.925556              0.871667        0.934167
30             0.925556              0.871667        0.934167
10             0.925556              0.871667        0.934167
2              0.925556              0.871667        0.934167
18             0.925556              0.871667        0.934167
8              0.925556              0.871667        0.934167
16             0.925556              0.871667        0.934167
4              0.925556              0.871667        0.934167
12             0.925556              0.871667        0.934167
6              0.925556              0.871667        0.934167
14             0.925556              0.871667        0.934167
49             0.602222              0.000000        0.500000
9              0.602222              0.000000        0.500000
45             0.602222              0.000000        0.500000
47             0.602222              0.000000        0.500000
7              0.602222              0.000000        0.500000
21             0.602222              0.000000        0.500000
43             0.602222              0.000000        0.500000
5              0.602222              0.000000        0.500000
53             0.602222              0.000000        0.500000
55             0.602222              0.000000        0.500000
3              0.602222              0.000000        0.500000
57             0.602222              0.000000        0.500000
51             0.602222              0.000000        0.500000
11             0.602222              0.000000        0.500000
41             0.602222              0.000000        0.500000
19             0.602222              0.000000        0.500000
39             0.602222              0.000000        0.500000
37             0.602222              0.000000        0.500000
13             0.602222              0.000000        0.500000
35             0.602222              0.000000        0.500000
33             0.602222              0.000000        0.500000
15             0.602222              0.000000        0.500000
31             0.602222              0.000000        0.500000
1              0.602222              0.000000        0.500000
29             0.602222              0.000000        0.500000
27             0.602222              0.000000        0.500000
17             0.602222              0.000000        0.500000
25             0.602222              0.000000        0.500000
23             0.602222              0.000000        0.500000
59             0.602222              0.000000        0.500000
2023-05-28 16:50:27,327 [INFO] Best model :
SVC(C=0.01, gamma=0.01, kernel='linear', random_state=42)
2023-05-28 16:50:27,331 [INFO] Save train_prediction_log data...
2023-05-28 16:50:27,336 [INFO] {'Data': 'train', 'ACC': '1.0 (93 / 93)', 'TP': 37, 'FP': 0, 'FN': 0, 'TN': 56, 'Precision': '1.0 (37 / 37 + 0)', 'Recall': '1.0 (37 / 37 + 0)', 'F1': '1.0 (2 * (1.0 * 1.0) / 1.0 + 1.0)', 'Specificity': '1.0 (56 / 56 + 0)', 'AUC': 1.0, 'r2': 1.0}
2023-05-28 16:50:27,341 [INFO] Save valid_prediction_log data...
2023-05-28 16:50:27,343 [INFO] {'Data': 'valid', 'ACC': '1.0 (23 / 23)', 'TP': 9, 'FP': 0, 'FN': 0, 'TN': 14, 'Precision': '1.0 (9 / 9 + 0)', 'Recall': '1.0 (9 / 9 + 0)', 'F1': '1.0 (2 * (1.0 * 1.0) / 1.0 + 1.0)', 'Specificity': '1.0 (14 / 14 + 0)', 'AUC': 1.0, 'r2': 1.0}
2023-05-28 16:50:27,354 [INFO] Save test_prediction_log data...
2023-05-28 16:50:27,357 [INFO] {'Data': 'test', 'ACC': '0.39 (9 / 23)', 'TP': 0, 'FP': 5, 'FN': 9, 'TN': 9, 'Precision': '0 (0 / 0 + 5)', 'Recall': '0 (0 / 0 + 9)', 'F1': '0 (2 * (0 * 0) / 0 + 0)', 'Specificity': '0.64 (9 / 9 + 5)', 'AUC': 0.32, 'r2': -1.56}
2023-05-28 16:50:27,359 [INFO] Save training_log data...
2023-05-28 16:50:27,361 [INFO] Save score_log data...
2023-05-28 16:50:27,362 [INFO] Time : 3.3245368003845215
