2023-05-26 20:51:13,451 [INFO] Train data : Vary_params\DUD-E\AKT1\nG1_50\ECFP4_256bits\MinMax\AKT1_train_vector.tsv
2023-05-26 20:51:13,451 [INFO] Valid data : Vary_params\DUD-E\AKT1\nG1_50\ECFP4_256bits\MinMax\AKT1_valid_vector.tsv
2023-05-26 20:51:13,451 [INFO] Output path : Vary_params\DUD-E\AKT1\nG1_50\ECFP4_256bits\MinMax\AKT1_model\SVM
2023-05-26 20:51:13,451 [INFO] Model type : SVM
2023-05-26 20:51:13,451 [INFO] Use cores : 11
2023-05-26 20:51:13,471 [INFO] Start Learning model
2023-05-26 20:51:13,471 [INFO] Train : 481 | Valid : 120
2023-05-26 20:51:13,471 [INFO] Set parameters : {'kernel': ['linear', 'rbf'], 'C': [0.01, 0.1, 1, 10, 100, 1000], 'gamma': [0.01, 0.1, 1, 100, 1000]}
2023-05-26 20:51:17,944 [INFO] GridSearchCV results :
    mean_valid_accuracy  mean_valid_precision  mean_valid_auc
53             0.935884              1.000000        0.920526
23             0.921344              1.000000        0.902237
11             0.865009              1.000000        0.831316
43             0.935884              1.000000        0.920526
33             0.935884              1.000000        0.920526
21             0.966964              0.994737        0.959855
4              0.960714              0.989444        0.952868
6              0.960714              0.989444        0.952868
8              0.960714              0.989444        0.952868
2              0.960714              0.989444        0.952868
0              0.960714              0.989444        0.952868
41             0.989711              0.980476        0.990603
51             0.989711              0.980476        0.990603
31             0.989711              0.980476        0.990603
34             0.971003              0.942078        0.974249
36             0.971003              0.942078        0.974249
38             0.971003              0.942078        0.974249
40             0.971003              0.942078        0.974249
48             0.971003              0.942078        0.974249
42             0.971003              0.942078        0.974249
44             0.971003              0.942078        0.974249
46             0.971003              0.942078        0.974249
50             0.971003              0.942078        0.974249
52             0.971003              0.942078        0.974249
54             0.971003              0.942078        0.974249
56             0.971003              0.942078        0.974249
58             0.971003              0.942078        0.974249
32             0.971003              0.942078        0.974249
30             0.971003              0.942078        0.974249
22             0.971003              0.942078        0.974249
28             0.971003              0.942078        0.974249
26             0.971003              0.942078        0.974249
24             0.971003              0.942078        0.974249
20             0.971003              0.942078        0.974249
14             0.968920              0.937143        0.972525
12             0.968920              0.937143        0.972525
10             0.968920              0.937143        0.972525
18             0.968920              0.937143        0.972525
16             0.968920              0.937143        0.972525
7              0.600850              0.000000        0.500000
55             0.600850              0.000000        0.500000
9              0.600850              0.000000        0.500000
5              0.600850              0.000000        0.500000
57             0.600850              0.000000        0.500000
3              0.600850              0.000000        0.500000
13             0.600850              0.000000        0.500000
49             0.600850              0.000000        0.500000
29             0.600850              0.000000        0.500000
47             0.600850              0.000000        0.500000
15             0.600850              0.000000        0.500000
45             0.600850              0.000000        0.500000
1              0.600850              0.000000        0.500000
17             0.600850              0.000000        0.500000
19             0.600850              0.000000        0.500000
39             0.600850              0.000000        0.500000
37             0.600850              0.000000        0.500000
35             0.600850              0.000000        0.500000
25             0.600850              0.000000        0.500000
27             0.600850              0.000000        0.500000
59             0.600850              0.000000        0.500000
2023-05-26 20:51:17,945 [INFO] Best model :
SVC(C=0.1, gamma=0.01, random_state=42)
2023-05-26 20:51:17,974 [INFO] Save train_prediction_log data...
2023-05-26 20:51:17,979 [INFO] {'Data': 'train', 'ACC': '0.9 (431 / 481)', 'TP': 142, 'FP': 0, 'FN': 50, 'TN': 289, 'Precision': '1.0 (142 / 142 + 0)', 'Recall': '0.74 (142 / 142 + 50)', 'F1': '0.85 (2 * (0.74 * 1.0) / 0.74 + 1.0)', 'Specificity': '1.0 (289 / 289 + 0)', 'AUC': 0.87, 'r2': 0.57}
2023-05-26 20:51:17,990 [INFO] Save valid_prediction_log data...
2023-05-26 20:51:17,991 [INFO] {'Data': 'valid', 'ACC': '0.98 (117 / 120)', 'TP': 45, 'FP': 0, 'FN': 3, 'TN': 72, 'Precision': '1.0 (45 / 45 + 0)', 'Recall': '0.94 (45 / 45 + 3)', 'F1': '0.97 (2 * (0.94 * 1.0) / 0.94 + 1.0)', 'Specificity': '1.0 (72 / 72 + 0)', 'AUC': 0.97, 'r2': 0.9}
2023-05-26 20:51:18,010 [INFO] Save test_prediction_log data...
2023-05-26 20:51:18,013 [INFO] {'Data': 'test', 'ACC': '0.66 (79 / 120)', 'TP': 8, 'FP': 1, 'FN': 40, 'TN': 71, 'Precision': '0.89 (8 / 8 + 1)', 'Recall': '0.17 (8 / 8 + 40)', 'F1': '0.29 (2 * (0.17 * 0.89) / 0.17 + 0.89)', 'Specificity': '0.99 (71 / 71 + 1)', 'AUC': 0.58, 'r2': -0.42}
2023-05-26 20:51:18,017 [INFO] Save training_log data...
2023-05-26 20:51:18,020 [INFO] Save score_log data...
2023-05-26 20:51:18,021 [INFO] Time : 4.569861173629761
