2023-05-30 07:09:23,896 [INFO] Train data : Vary_params_BRAF_MK14\DUD-E\MK14\nG1_50\ECFP4_512bits\Robust\MK14_train_vector.tsv
2023-05-30 07:09:23,896 [INFO] Valid data : Vary_params_BRAF_MK14\DUD-E\MK14\nG1_50\ECFP4_512bits\Robust\MK14_valid_vector.tsv
2023-05-30 07:09:23,896 [INFO] Output path : Vary_params_BRAF_MK14\DUD-E\MK14\nG1_50\ECFP4_512bits\Robust\MK14_model\MLP
2023-05-30 07:09:23,896 [INFO] Model type : MLP
2023-05-30 07:09:23,896 [INFO] Use cores : 10
2023-05-30 07:09:23,939 [INFO] Start Learning model
2023-05-30 07:09:23,940 [INFO] Train : 901 | Valid : 225
2023-05-30 07:09:23,940 [INFO] Set parameters : {'hidden_layer_sizes': [(50,), (100,), (50, 50), (100, 100)], 'learning_rate': ['constant', 'invscaling', 'adaptive'], 'activation': ['relu', 'identity', 'logistic', 'tanh'], 'solver': ['adam', 'sgd', 'lbfgs'], 'alpha': [0.1, 0.01, 0.001], 'max_iter': [500, 1000], 'early_stopping': [True]}
2023-05-30 07:23:21,771 [INFO] GridSearchCV results :
     mean_valid_accuracy  mean_valid_precision  mean_valid_auc
471             0.956703              0.993939        0.946759
483             0.956703              0.993939        0.946759
480             0.956703              0.993939        0.946759
477             0.956703              0.993939        0.946759
474             0.956703              0.993939        0.946759
..                   ...                   ...             ...
484             0.600440              0.000000        0.500000
544             0.600440              0.000000        0.500000
574             0.600440              0.000000        0.500000
628             0.600440              0.000000        0.500000
496             0.600440              0.000000        0.500000

[864 rows x 3 columns]
2023-05-30 07:23:21,773 [INFO] Best model :
MLPClassifier(activation='logistic', alpha=0.1, early_stopping=True,
              hidden_layer_sizes=(50, 50), max_iter=500, random_state=42)
2023-05-30 07:23:21,785 [INFO] Save train_prediction_log data...
2023-05-30 07:23:21,790 [INFO] {'Data': 'train', 'ACC': '0.99 (895 / 901)', 'TP': 356, 'FP': 2, 'FN': 4, 'TN': 539, 'Precision': '0.99 (356 / 356 + 2)', 'Recall': '0.99 (356 / 356 + 4)', 'F1': '0.99 (2 * (0.99 * 0.99) / 0.99 + 0.99)', 'Specificity': '1.0 (539 / 539 + 2)', 'AUC': 0.99, 'r2': 0.97}
2023-05-30 07:23:21,799 [INFO] Save valid_prediction_log data...
2023-05-30 07:23:21,801 [INFO] {'Data': 'valid', 'ACC': '0.98 (221 / 225)', 'TP': 87, 'FP': 1, 'FN': 3, 'TN': 134, 'Precision': '0.99 (87 / 87 + 1)', 'Recall': '0.97 (87 / 87 + 3)', 'F1': '0.98 (2 * (0.97 * 0.99) / 0.97 + 0.99)', 'Specificity': '0.99 (134 / 134 + 1)', 'AUC': 0.98, 'r2': 0.93}
2023-05-30 07:23:21,822 [INFO] Save test_prediction_log data...
2023-05-30 07:23:21,846 [INFO] {'Data': 'test', 'ACC': '0.7 (158 / 225)', 'TP': 63, 'FP': 40, 'FN': 27, 'TN': 95, 'Precision': '0.61 (63 / 63 + 40)', 'Recall': '0.7 (63 / 63 + 27)', 'F1': '0.65 (2 * (0.7 * 0.61) / 0.7 + 0.61)', 'Specificity': '0.7 (95 / 95 + 40)', 'AUC': 0.7, 'r2': -0.24}
2023-05-30 07:23:21,849 [INFO] Save training_log data...
2023-05-30 07:23:21,854 [INFO] Save score_log data...
2023-05-30 07:23:21,855 [INFO] Time : 837.9596462249756
