2023-05-26 11:19:24,928 [INFO] Train data : Vary_params\DUD-E\MAPK2\nG1_20\ECFP4_256bits\Robust\MAPK2_train_vector.tsv
2023-05-26 11:19:24,928 [INFO] Valid data : Vary_params\DUD-E\MAPK2\nG1_20\ECFP4_256bits\Robust\MAPK2_valid_vector.tsv
2023-05-26 11:19:24,928 [INFO] Output path : Vary_params\DUD-E\MAPK2\nG1_20\ECFP4_256bits\Robust\MAPK2_model\XGB
2023-05-26 11:19:24,928 [INFO] Model type : XGB
2023-05-26 11:19:24,928 [INFO] Use cores : 10
2023-05-26 11:19:24,940 [INFO] Start Learning model
2023-05-26 11:19:24,940 [INFO] Train : 132 | Valid : 25
2023-05-26 11:19:24,941 [INFO] Set parameters : {'max_depth': [4, 6, 8], 'learning_rate': [0.01, 0.2], 'n_estimators': [200, 600, 1000], 'gamma': [0, 1000], 'min_child_weight': [1, 3], 'subsample': [0.5, 1], 'colsample_bytree': [0.5, 1], 'objective': ['binary:logitraw'], 'eval_metric': ['auc', 'error']}
2023-05-26 11:24:58,687 [INFO] GridSearchCV results :
     mean_valid_accuracy  mean_valid_precision  mean_valid_auc
0               0.925275                   1.0        0.929464
170             0.940659                   1.0        0.943750
458             0.948352                   1.0        0.950893
446             0.948352                   1.0        0.950893
434             0.948352                   1.0        0.950893
..                   ...                   ...             ...
101             0.462088                   0.0        0.500000
102             0.462088                   0.0        0.500000
103             0.462088                   0.0        0.500000
104             0.462088                   0.0        0.500000
575             0.462088                   0.0        0.500000

[576 rows x 3 columns]
2023-05-26 11:24:58,688 [INFO] Best model :
XGBClassifier(base_score=None, booster=None, callbacks=None,
              colsample_bylevel=None, colsample_bynode=None,
              colsample_bytree=0.5, early_stopping_rounds=None,
              enable_categorical=False, eval_metric='auc', feature_types=None,
              gamma=0, gpu_id=None, grow_policy=None, importance_type=None,
              interaction_constraints=None, learning_rate=0.01, max_bin=None,
              max_cat_threshold=None, max_cat_to_onehot=None,
              max_delta_step=None, max_depth=4, max_leaves=None,
              min_child_weight=1, missing=nan, monotone_constraints=None,
              n_estimators=200, n_jobs=0, num_parallel_tree=None,
              objective='binary:logitraw', predictor=None, ...)
2023-05-26 11:24:58,697 [INFO] Save train_prediction_log data...
2023-05-26 11:24:58,701 [INFO] {'Data': 'train', 'ACC': '0.97 (128 / 132)', 'TP': 67, 'FP': 0, 'FN': 4, 'TN': 61, 'Precision': '1.0 (67 / 67 + 0)', 'Recall': '0.94 (67 / 67 + 4)', 'F1': '0.97 (2 * (0.94 * 1.0) / 0.94 + 1.0)', 'Specificity': '1.0 (61 / 61 + 0)', 'AUC': 0.97, 'r2': 0.88}
2023-05-26 11:24:58,709 [INFO] Save valid_prediction_log data...
2023-05-26 11:24:58,711 [INFO] {'Data': 'valid', 'ACC': '0.96 (24 / 25)', 'TP': 10, 'FP': 1, 'FN': 0, 'TN': 14, 'Precision': '0.91 (10 / 10 + 1)', 'Recall': '1.0 (10 / 10 + 0)', 'F1': '0.95 (2 * (1.0 * 0.91) / 1.0 + 0.91)', 'Specificity': '0.93 (14 / 14 + 1)', 'AUC': 0.97, 'r2': 0.83}
2023-05-26 11:24:58,725 [INFO] Save test_prediction_log data...
2023-05-26 11:24:58,729 [INFO] {'Data': 'test', 'ACC': '0.8 (20 / 25)', 'TP': 6, 'FP': 1, 'FN': 4, 'TN': 14, 'Precision': '0.86 (6 / 6 + 1)', 'Recall': '0.6 (6 / 6 + 4)', 'F1': '0.71 (2 * (0.6 * 0.86) / 0.6 + 0.86)', 'Specificity': '0.93 (14 / 14 + 1)', 'AUC': 0.77, 'r2': 0.17}
2023-05-26 11:24:58,733 [INFO] Save training_log data...
2023-05-26 11:24:58,737 [INFO] Save score_log data...
2023-05-26 11:24:58,738 [INFO] Time : 333.81035828590393
