2023-05-27 19:26:05,522 [INFO] Train data : Vary_params\DUD-E\PLK1\nG1_50\ECFP4_512bits\Standard\PLK1_train_vector.tsv
2023-05-27 19:26:05,522 [INFO] Valid data : Vary_params\DUD-E\PLK1\nG1_50\ECFP4_512bits\Standard\PLK1_valid_vector.tsv
2023-05-27 19:26:05,522 [INFO] Output path : Vary_params\DUD-E\PLK1\nG1_50\ECFP4_512bits\Standard\PLK1_model\SVM
2023-05-27 19:26:05,522 [INFO] Model type : SVM
2023-05-27 19:26:05,522 [INFO] Use cores : 10
2023-05-27 19:26:05,551 [INFO] Start Learning model
2023-05-27 19:26:05,551 [INFO] Train : 114 | Valid : 28
2023-05-27 19:26:05,551 [INFO] Set parameters : {'kernel': ['linear', 'rbf'], 'C': [0.01, 0.1, 1, 10, 100, 1000], 'gamma': [0.01, 0.1, 1, 100, 1000]}
2023-05-27 19:26:08,835 [INFO] GridSearchCV results :
    mean_valid_accuracy  mean_valid_precision  mean_valid_auc
0              0.983333                   1.0          0.9800
22             0.983333                   1.0          0.9800
26             0.983333                   1.0          0.9800
28             0.983333                   1.0          0.9800
31             0.807576                   1.0          0.7625
32             0.983333                   1.0          0.9800
34             0.983333                   1.0          0.9800
36             0.983333                   1.0          0.9800
38             0.983333                   1.0          0.9800
40             0.983333                   1.0          0.9800
41             0.807576                   1.0          0.7625
42             0.983333                   1.0          0.9800
44             0.983333                   1.0          0.9800
46             0.983333                   1.0          0.9800
48             0.983333                   1.0          0.9800
50             0.983333                   1.0          0.9800
51             0.807576                   1.0          0.7625
52             0.983333                   1.0          0.9800
54             0.983333                   1.0          0.9800
56             0.983333                   1.0          0.9800
58             0.983333                   1.0          0.9800
24             0.983333                   1.0          0.9800
30             0.983333                   1.0          0.9800
12             0.983333                   1.0          0.9800
2              0.983333                   1.0          0.9800
20             0.983333                   1.0          0.9800
21             0.771970                   1.0          0.7150
4              0.983333                   1.0          0.9800
18             0.983333                   1.0          0.9800
8              0.983333                   1.0          0.9800
10             0.983333                   1.0          0.9800
16             0.983333                   1.0          0.9800
6              0.983333                   1.0          0.9800
14             0.983333                   1.0          0.9800
49             0.596970                   0.0          0.5000
9              0.596970                   0.0          0.5000
47             0.596970                   0.0          0.5000
5              0.596970                   0.0          0.5000
7              0.596970                   0.0          0.5000
53             0.596970                   0.0          0.5000
55             0.596970                   0.0          0.5000
3              0.596970                   0.0          0.5000
57             0.596970                   0.0          0.5000
45             0.596970                   0.0          0.5000
23             0.596970                   0.0          0.5000
43             0.596970                   0.0          0.5000
11             0.596970                   0.0          0.5000
13             0.596970                   0.0          0.5000
39             0.596970                   0.0          0.5000
37             0.596970                   0.0          0.5000
15             0.596970                   0.0          0.5000
35             0.596970                   0.0          0.5000
33             0.596970                   0.0          0.5000
17             0.596970                   0.0          0.5000
1              0.596970                   0.0          0.5000
29             0.596970                   0.0          0.5000
19             0.596970                   0.0          0.5000
27             0.596970                   0.0          0.5000
25             0.596970                   0.0          0.5000
59             0.596970                   0.0          0.5000
2023-05-27 19:26:08,838 [INFO] Best model :
SVC(C=0.01, gamma=0.01, kernel='linear', random_state=42)
2023-05-27 19:26:08,843 [INFO] Save train_prediction_log data...
2023-05-27 19:26:08,846 [INFO] {'Data': 'train', 'ACC': '1.0 (114 / 114)', 'TP': 46, 'FP': 0, 'FN': 0, 'TN': 68, 'Precision': '1.0 (46 / 46 + 0)', 'Recall': '1.0 (46 / 46 + 0)', 'F1': '1.0 (2 * (1.0 * 1.0) / 1.0 + 1.0)', 'Specificity': '1.0 (68 / 68 + 0)', 'AUC': 1.0, 'r2': 1.0}
2023-05-27 19:26:08,851 [INFO] Save valid_prediction_log data...
2023-05-27 19:26:08,853 [INFO] {'Data': 'valid', 'ACC': '1.0 (28 / 28)', 'TP': 11, 'FP': 0, 'FN': 0, 'TN': 17, 'Precision': '1.0 (11 / 11 + 0)', 'Recall': '1.0 (11 / 11 + 0)', 'F1': '1.0 (2 * (1.0 * 1.0) / 1.0 + 1.0)', 'Specificity': '1.0 (17 / 17 + 0)', 'AUC': 1.0, 'r2': 1.0}
2023-05-27 19:26:08,870 [INFO] Save test_prediction_log data...
2023-05-27 19:26:08,872 [INFO] {'Data': 'test', 'ACC': '0.68 (19 / 28)', 'TP': 3, 'FP': 1, 'FN': 8, 'TN': 16, 'Precision': '0.75 (3 / 3 + 1)', 'Recall': '0.27 (3 / 3 + 8)', 'F1': '0.4 (2 * (0.27 * 0.75) / 0.27 + 0.75)', 'Specificity': '0.94 (16 / 16 + 1)', 'AUC': 0.61, 'r2': -0.35}
2023-05-27 19:26:08,875 [INFO] Save training_log data...
2023-05-27 19:26:08,876 [INFO] Save score_log data...
2023-05-27 19:26:08,876 [INFO] Time : 3.3540024757385254
