2023-05-27 06:08:27,165 [INFO] Train data : Vary_params_SH\DUD-E\ROCK1\nG1_20\ECFP6_512bits\MinMax\ROCK1_train_vector.tsv
2023-05-27 06:08:27,165 [INFO] Valid data : Vary_params_SH\DUD-E\ROCK1\nG1_20\ECFP6_512bits\MinMax\ROCK1_valid_vector.tsv
2023-05-27 06:08:27,165 [INFO] Output path : Vary_params_SH\DUD-E\ROCK1\nG1_20\ECFP6_512bits\MinMax\ROCK1_model\MLP
2023-05-27 06:08:27,165 [INFO] Model type : MLP
2023-05-27 06:08:27,165 [INFO] Use cores : 3
2023-05-27 06:08:27,199 [INFO] Start Learning model
2023-05-27 06:08:27,199 [INFO] Train : 130 | Valid : 25
2023-05-27 06:08:27,199 [INFO] Set parameters : {'hidden_layer_sizes': [(50,), (100,), (50, 50), (100, 100)], 'learning_rate': ['constant', 'invscaling', 'adaptive'], 'activation': ['relu', 'identity', 'logistic', 'tanh'], 'solver': ['adam', 'sgd', 'lbfgs'], 'alpha': [0.1, 0.01, 0.001], 'max_iter': [500, 1000], 'early_stopping': [True]}
2023-05-27 06:16:38,235 [INFO] GridSearchCV results :
     mean_valid_accuracy  mean_valid_precision  mean_valid_auc
492             0.761538                  0.98        0.777381
501             0.761538                  0.98        0.777381
489             0.761538                  0.98        0.777381
495             0.761538                  0.98        0.777381
486             0.761538                  0.98        0.777381
..                   ...                   ...             ...
118             0.461538                  0.00        0.500000
499             0.461538                  0.00        0.500000
496             0.461538                  0.00        0.500000
115             0.461538                  0.00        0.500000
471             0.461538                  0.00        0.500000

[864 rows x 3 columns]
2023-05-27 06:16:38,236 [INFO] Best model :
MLPClassifier(activation='logistic', alpha=0.1, early_stopping=True,
              hidden_layer_sizes=(100, 100), max_iter=500, random_state=42)
2023-05-27 06:16:38,246 [INFO] Save train_prediction_log data...
2023-05-27 06:16:38,250 [INFO] {'Data': 'train', 'ACC': '0.85 (110 / 130)', 'TP': 50, 'FP': 0, 'FN': 20, 'TN': 60, 'Precision': '1.0 (50 / 50 + 0)', 'Recall': '0.71 (50 / 50 + 20)', 'F1': '0.83 (2 * (0.71 * 1.0) / 0.71 + 1.0)', 'Specificity': '1.0 (60 / 60 + 0)', 'AUC': 0.86, 'r2': 0.38}
2023-05-27 06:16:38,257 [INFO] Save valid_prediction_log data...
2023-05-27 06:16:38,260 [INFO] {'Data': 'valid', 'ACC': '0.88 (22 / 25)', 'TP': 7, 'FP': 0, 'FN': 3, 'TN': 15, 'Precision': '1.0 (7 / 7 + 0)', 'Recall': '0.7 (7 / 7 + 3)', 'F1': '0.82 (2 * (0.7 * 1.0) / 0.7 + 1.0)', 'Specificity': '1.0 (15 / 15 + 0)', 'AUC': 0.85, 'r2': 0.5}
2023-05-27 06:16:38,281 [INFO] Save test_prediction_log data...
2023-05-27 06:16:38,284 [INFO] {'Data': 'test', 'ACC': '0.56 (14 / 25)', 'TP': 3, 'FP': 4, 'FN': 7, 'TN': 11, 'Precision': '0.43 (3 / 3 + 4)', 'Recall': '0.3 (3 / 3 + 7)', 'F1': '0.35 (2 * (0.3 * 0.43) / 0.3 + 0.43)', 'Specificity': '0.73 (11 / 11 + 4)', 'AUC': 0.52, 'r2': -0.83}
2023-05-27 06:16:38,289 [INFO] Save training_log data...
2023-05-27 06:16:38,298 [INFO] Save score_log data...
2023-05-27 06:16:38,299 [INFO] Time : 491.1338906288147
