2023-05-29 02:57:36,821 [INFO] Train data : Vary_params_SH\DUD-E\TGFR1\nG1_80\ECFP4_512bits\Standard\TGFR1_train_vector.tsv
2023-05-29 02:57:36,821 [INFO] Valid data : Vary_params_SH\DUD-E\TGFR1\nG1_80\ECFP4_512bits\Standard\TGFR1_valid_vector.tsv
2023-05-29 02:57:36,822 [INFO] Output path : Vary_params_SH\DUD-E\TGFR1\nG1_80\ECFP4_512bits\Standard\TGFR1_model\MLP
2023-05-29 02:57:36,822 [INFO] Model type : MLP
2023-05-29 02:57:36,822 [INFO] Use cores : 3
2023-05-29 02:57:36,872 [INFO] Start Learning model
2023-05-29 02:57:36,872 [INFO] Train : 134 | Valid : 41
2023-05-29 02:57:36,872 [INFO] Set parameters : {'hidden_layer_sizes': [(50,), (100,), (50, 50), (100, 100)], 'learning_rate': ['constant', 'invscaling', 'adaptive'], 'activation': ['relu', 'identity', 'logistic', 'tanh'], 'solver': ['adam', 'sgd', 'lbfgs'], 'alpha': [0.1, 0.01, 0.001], 'max_iter': [500, 1000], 'early_stopping': [True]}
2023-05-29 03:05:06,528 [INFO] GridSearchCV results :
     mean_valid_accuracy  mean_valid_precision  mean_valid_auc
170             0.978022                   1.0          0.9625
131             0.985165                   1.0          0.9750
698             0.978022                   1.0          0.9625
134             0.985165                   1.0          0.9750
695             0.978022                   1.0          0.9625
..                   ...                   ...             ...
544             0.731868                   0.0          0.5000
543             0.731868                   0.0          0.5000
541             0.731868                   0.0          0.5000
540             0.731868                   0.0          0.5000
480             0.731868                   0.0          0.5000

[864 rows x 3 columns]
2023-05-29 03:05:06,530 [INFO] Best model :
MLPClassifier(alpha=0.1, early_stopping=True, hidden_layer_sizes=(50, 50),
              max_iter=500, random_state=42, solver='lbfgs')
2023-05-29 03:05:06,538 [INFO] Save train_prediction_log data...
2023-05-29 03:05:06,542 [INFO] {'Data': 'train', 'ACC': '1.0 (134 / 134)', 'TP': 36, 'FP': 0, 'FN': 0, 'TN': 98, 'Precision': '1.0 (36 / 36 + 0)', 'Recall': '1.0 (36 / 36 + 0)', 'F1': '1.0 (2 * (1.0 * 1.0) / 1.0 + 1.0)', 'Specificity': '1.0 (98 / 98 + 0)', 'AUC': 1.0, 'r2': 1.0}
2023-05-29 03:05:06,550 [INFO] Save valid_prediction_log data...
2023-05-29 03:05:06,553 [INFO] {'Data': 'valid', 'ACC': '1.0 (41 / 41)', 'TP': 16, 'FP': 0, 'FN': 0, 'TN': 25, 'Precision': '1.0 (16 / 16 + 0)', 'Recall': '1.0 (16 / 16 + 0)', 'F1': '1.0 (2 * (1.0 * 1.0) / 1.0 + 1.0)', 'Specificity': '1.0 (25 / 25 + 0)', 'AUC': 1.0, 'r2': 1.0}
2023-05-29 03:05:06,579 [INFO] Save test_prediction_log data...
2023-05-29 03:05:06,582 [INFO] {'Data': 'test', 'ACC': '0.56 (23 / 41)', 'TP': 5, 'FP': 7, 'FN': 11, 'TN': 18, 'Precision': '0.42 (5 / 5 + 7)', 'Recall': '0.31 (5 / 5 + 11)', 'F1': '0.36 (2 * (0.31 * 0.42) / 0.31 + 0.42)', 'Specificity': '0.72 (18 / 18 + 7)', 'AUC': 0.52, 'r2': -0.84}
2023-05-29 03:05:06,585 [INFO] Save training_log data...
2023-05-29 03:05:06,782 [INFO] Save score_log data...
2023-05-29 03:05:06,784 [INFO] Time : 449.9633615016937
