2023-05-28 17:49:36,880 [INFO] Train data : Vary_params_CDK2_EGFR_LCK\DUD-E\EGFR\nG1_50\ECFP6_512bits\Robust\EGFR_train_vector.tsv
2023-05-28 17:49:36,881 [INFO] Valid data : Vary_params_CDK2_EGFR_LCK\DUD-E\EGFR\nG1_50\ECFP6_512bits\Robust\EGFR_valid_vector.tsv
2023-05-28 17:49:36,881 [INFO] Output path : Vary_params_CDK2_EGFR_LCK\DUD-E\EGFR\nG1_50\ECFP6_512bits\Robust\EGFR_model\SVM
2023-05-28 17:49:36,881 [INFO] Model type : SVM
2023-05-28 17:49:36,881 [INFO] Use cores : 19
2023-05-28 17:49:36,916 [INFO] Start Learning model
2023-05-28 17:49:36,916 [INFO] Train : 870 | Valid : 218
2023-05-28 17:49:36,916 [INFO] Set parameters : {'kernel': ['linear', 'rbf'], 'C': [0.01, 0.1, 1, 10, 100, 1000], 'gamma': [0.01, 0.1, 1, 100, 1000]}
2023-05-28 17:49:49,119 [INFO] GridSearchCV results :
    mean_valid_accuracy  mean_valid_precision  mean_valid_auc
0              0.928736              0.900099        0.928206
20             0.928736              0.900099        0.928206
24             0.928736              0.900099        0.928206
26             0.928736              0.900099        0.928206
28             0.928736              0.900099        0.928206
32             0.928736              0.900099        0.928206
34             0.928736              0.900099        0.928206
36             0.928736              0.900099        0.928206
38             0.928736              0.900099        0.928206
40             0.928736              0.900099        0.928206
42             0.928736              0.900099        0.928206
44             0.928736              0.900099        0.928206
46             0.928736              0.900099        0.928206
48             0.928736              0.900099        0.928206
50             0.928736              0.900099        0.928206
52             0.928736              0.900099        0.928206
54             0.928736              0.900099        0.928206
56             0.928736              0.900099        0.928206
58             0.928736              0.900099        0.928206
22             0.928736              0.900099        0.928206
30             0.928736              0.900099        0.928206
10             0.928736              0.900099        0.928206
2              0.928736              0.900099        0.928206
18             0.928736              0.900099        0.928206
8              0.928736              0.900099        0.928206
16             0.928736              0.900099        0.928206
4              0.928736              0.900099        0.928206
12             0.928736              0.900099        0.928206
6              0.928736              0.900099        0.928206
14             0.928736              0.900099        0.928206
49             0.600000              0.000000        0.500000
9              0.600000              0.000000        0.500000
45             0.600000              0.000000        0.500000
47             0.600000              0.000000        0.500000
7              0.600000              0.000000        0.500000
21             0.600000              0.000000        0.500000
43             0.600000              0.000000        0.500000
5              0.600000              0.000000        0.500000
53             0.600000              0.000000        0.500000
55             0.600000              0.000000        0.500000
3              0.600000              0.000000        0.500000
57             0.600000              0.000000        0.500000
51             0.600000              0.000000        0.500000
11             0.600000              0.000000        0.500000
41             0.600000              0.000000        0.500000
19             0.600000              0.000000        0.500000
39             0.600000              0.000000        0.500000
37             0.600000              0.000000        0.500000
13             0.600000              0.000000        0.500000
35             0.600000              0.000000        0.500000
33             0.600000              0.000000        0.500000
15             0.600000              0.000000        0.500000
31             0.600000              0.000000        0.500000
1              0.600000              0.000000        0.500000
29             0.600000              0.000000        0.500000
27             0.600000              0.000000        0.500000
17             0.600000              0.000000        0.500000
25             0.600000              0.000000        0.500000
23             0.600000              0.000000        0.500000
59             0.600000              0.000000        0.500000
2023-05-28 17:49:49,120 [INFO] Best model :
SVC(C=0.01, gamma=0.01, kernel='linear', random_state=42)
2023-05-28 17:49:49,138 [INFO] Save train_prediction_log data...
2023-05-28 17:49:49,141 [INFO] {'Data': 'train', 'ACC': '1.0 (870 / 870)', 'TP': 348, 'FP': 0, 'FN': 0, 'TN': 522, 'Precision': '1.0 (348 / 348 + 0)', 'Recall': '1.0 (348 / 348 + 0)', 'F1': '1.0 (2 * (1.0 * 1.0) / 1.0 + 1.0)', 'Specificity': '1.0 (522 / 522 + 0)', 'AUC': 1.0, 'r2': 1.0}
2023-05-28 17:49:49,148 [INFO] Save valid_prediction_log data...
2023-05-28 17:49:49,150 [INFO] {'Data': 'valid', 'ACC': '0.93 (202 / 218)', 'TP': 85, 'FP': 14, 'FN': 2, 'TN': 117, 'Precision': '0.86 (85 / 85 + 14)', 'Recall': '0.98 (85 / 85 + 2)', 'F1': '0.92 (2 * (0.98 * 0.86) / 0.98 + 0.86)', 'Specificity': '0.89 (117 / 117 + 14)', 'AUC': 0.94, 'r2': 0.69}
2023-05-28 17:49:49,169 [INFO] Save test_prediction_log data...
2023-05-28 17:49:49,171 [INFO] {'Data': 'test', 'ACC': '0.58 (127 / 218)', 'TP': 44, 'FP': 48, 'FN': 43, 'TN': 83, 'Precision': '0.48 (44 / 44 + 48)', 'Recall': '0.51 (44 / 44 + 43)', 'F1': '0.49 (2 * (0.51 * 0.48) / 0.51 + 0.48)', 'Specificity': '0.63 (83 / 83 + 48)', 'AUC': 0.57, 'r2': -0.74}
2023-05-28 17:49:49,174 [INFO] Save training_log data...
2023-05-28 17:49:49,176 [INFO] Save score_log data...
2023-05-28 17:49:49,177 [INFO] Time : 12.296252250671387
