2023-05-26 15:53:30,048 [INFO] Train data : Vary_params\DUD-E\MAPK2\nG1_50\ECFP6_256bits\MinMax\MAPK2_train_vector.tsv
2023-05-26 15:53:30,048 [INFO] Valid data : Vary_params\DUD-E\MAPK2\nG1_50\ECFP6_256bits\MinMax\MAPK2_valid_vector.tsv
2023-05-26 15:53:30,048 [INFO] Output path : Vary_params\DUD-E\MAPK2\nG1_50\ECFP6_256bits\MinMax\MAPK2_model\RF
2023-05-26 15:53:30,048 [INFO] Model type : RF
2023-05-26 15:53:30,048 [INFO] Use cores : 10
2023-05-26 15:53:30,068 [INFO] Start Learning model
2023-05-26 15:53:30,068 [INFO] Train : 102 | Valid : 25
2023-05-26 15:53:30,068 [INFO] Set parameters : {'max_depth': [6, 8, 10, 12], 'max_features': ['sqrt', 'log2'], 'min_samples_leaf': [2, 4, 8, 10], 'min_samples_split': [2, 4, 8, 10], 'n_estimators': [200, 600, 1000]}
2023-05-26 15:58:02,392 [INFO] GridSearchCV results :
     mean_valid_accuracy  mean_valid_precision  mean_valid_auc
0               0.940909                   1.0          0.9275
1               0.950909                   1.0          0.9400
262             0.940909                   1.0          0.9275
261             0.940909                   1.0          0.9275
260             0.950909                   1.0          0.9400
..                   ...                   ...             ...
125             0.940909                   1.0          0.9275
124             0.940909                   1.0          0.9275
123             0.921818                   1.0          0.9050
122             0.940909                   1.0          0.9275
383             0.930909                   1.0          0.9150

[384 rows x 3 columns]
2023-05-26 15:58:02,393 [INFO] Best model :
RandomForestClassifier(class_weight='balanced', max_depth=6, min_samples_leaf=2,
                       n_estimators=200, random_state=42)
2023-05-26 15:58:02,405 [INFO] Save train_prediction_log data...
2023-05-26 15:58:02,408 [INFO] {'Data': 'train', 'ACC': '1.0 (102 / 102)', 'TP': 41, 'FP': 0, 'FN': 0, 'TN': 61, 'Precision': '1.0 (41 / 41 + 0)', 'Recall': '1.0 (41 / 41 + 0)', 'F1': '1.0 (2 * (1.0 * 1.0) / 1.0 + 1.0)', 'Specificity': '1.0 (61 / 61 + 0)', 'AUC': 1.0, 'r2': 1.0}
2023-05-26 15:58:02,417 [INFO] Save valid_prediction_log data...
2023-05-26 15:58:02,419 [INFO] {'Data': 'valid', 'ACC': '0.96 (24 / 25)', 'TP': 10, 'FP': 1, 'FN': 0, 'TN': 14, 'Precision': '0.91 (10 / 10 + 1)', 'Recall': '1.0 (10 / 10 + 0)', 'F1': '0.95 (2 * (1.0 * 0.91) / 1.0 + 0.91)', 'Specificity': '0.93 (14 / 14 + 1)', 'AUC': 0.97, 'r2': 0.83}
2023-05-26 15:58:02,438 [INFO] Save test_prediction_log data...
2023-05-26 15:58:02,440 [INFO] {'Data': 'test', 'ACC': '0.8 (20 / 25)', 'TP': 6, 'FP': 1, 'FN': 4, 'TN': 14, 'Precision': '0.86 (6 / 6 + 1)', 'Recall': '0.6 (6 / 6 + 4)', 'F1': '0.71 (2 * (0.6 * 0.86) / 0.6 + 0.86)', 'Specificity': '0.93 (14 / 14 + 1)', 'AUC': 0.77, 'r2': 0.17}
2023-05-26 15:58:02,474 [INFO] Save training_log data...
2023-05-26 15:58:02,476 [INFO] Save score_log data...
2023-05-26 15:58:02,477 [INFO] Time : 272.42878770828247
