2023-05-28 21:40:08,896 [INFO] Train data : Vary_params_IGF1R_KIT\DUD-E\KIT\nG1_80\ECFP4_256bits\MinMax\KIT_train_vector.tsv
2023-05-28 21:40:08,896 [INFO] Valid data : Vary_params_IGF1R_KIT\DUD-E\KIT\nG1_80\ECFP4_256bits\MinMax\KIT_valid_vector.tsv
2023-05-28 21:40:08,896 [INFO] Output path : Vary_params_IGF1R_KIT\DUD-E\KIT\nG1_80\ECFP4_256bits\MinMax\KIT_model\SVM
2023-05-28 21:40:08,896 [INFO] Model type : SVM
2023-05-28 21:40:08,896 [INFO] Use cores : 10
2023-05-28 21:40:08,909 [INFO] Start Learning model
2023-05-28 21:40:08,909 [INFO] Train : 202 | Valid : 58
2023-05-28 21:40:08,910 [INFO] Set parameters : {'kernel': ['linear', 'rbf'], 'C': [0.01, 0.1, 1, 10, 100, 1000], 'gamma': [0.01, 0.1, 1, 100, 1000]}
2023-05-28 21:40:11,327 [INFO] GridSearchCV results :
    mean_valid_accuracy  mean_valid_precision  mean_valid_auc
0              0.980476              1.000000        0.970238
2              0.980476              1.000000        0.970238
31             0.995238              1.000000        0.992857
4              0.980476              1.000000        0.970238
6              0.980476              1.000000        0.970238
21             0.985238              1.000000        0.977381
8              0.980476              1.000000        0.970238
51             0.995238              1.000000        0.992857
41             0.995238              1.000000        0.992857
42             0.975238              0.944643        0.978297
32             0.975238              0.944643        0.978297
34             0.975238              0.944643        0.978297
36             0.975238              0.944643        0.978297
38             0.975238              0.944643        0.978297
40             0.975238              0.944643        0.978297
48             0.975238              0.944643        0.978297
44             0.975238              0.944643        0.978297
46             0.975238              0.944643        0.978297
26             0.975238              0.944643        0.978297
50             0.975238              0.944643        0.978297
52             0.975238              0.944643        0.978297
54             0.975238              0.944643        0.978297
56             0.975238              0.944643        0.978297
58             0.975238              0.944643        0.978297
28             0.975238              0.944643        0.978297
30             0.975238              0.944643        0.978297
12             0.975238              0.944643        0.978297
18             0.975238              0.944643        0.978297
24             0.975238              0.944643        0.978297
14             0.975238              0.944643        0.978297
10             0.975238              0.944643        0.978297
16             0.975238              0.944643        0.978297
22             0.975238              0.944643        0.978297
20             0.975238              0.944643        0.978297
53             0.782619              0.800000        0.651190
43             0.782619              0.800000        0.651190
33             0.782619              0.800000        0.651190
23             0.772619              0.800000        0.635714
47             0.688333              0.000000        0.500000
7              0.688333              0.000000        0.500000
5              0.688333              0.000000        0.500000
9              0.688333              0.000000        0.500000
57             0.688333              0.000000        0.500000
11             0.688333              0.000000        0.500000
3              0.688333              0.000000        0.500000
49             0.688333              0.000000        0.500000
55             0.688333              0.000000        0.500000
25             0.688333              0.000000        0.500000
13             0.688333              0.000000        0.500000
45             0.688333              0.000000        0.500000
27             0.688333              0.000000        0.500000
15             0.688333              0.000000        0.500000
17             0.688333              0.000000        0.500000
39             0.688333              0.000000        0.500000
37             0.688333              0.000000        0.500000
19             0.688333              0.000000        0.500000
35             0.688333              0.000000        0.500000
1              0.688333              0.000000        0.500000
29             0.688333              0.000000        0.500000
59             0.688333              0.000000        0.500000
2023-05-28 21:40:11,328 [INFO] Best model :
SVC(C=0.01, gamma=0.01, kernel='linear', random_state=42)
2023-05-28 21:40:11,333 [INFO] Save train_prediction_log data...
2023-05-28 21:40:11,336 [INFO] {'Data': 'train', 'ACC': '1.0 (201 / 202)', 'TP': 62, 'FP': 0, 'FN': 1, 'TN': 139, 'Precision': '1.0 (62 / 62 + 0)', 'Recall': '0.98 (62 / 62 + 1)', 'F1': '0.99 (2 * (0.98 * 1.0) / 0.98 + 1.0)', 'Specificity': '1.0 (139 / 139 + 0)', 'AUC': 0.99, 'r2': 0.98}
2023-05-28 21:40:11,339 [INFO] Save valid_prediction_log data...
2023-05-28 21:40:11,341 [INFO] {'Data': 'valid', 'ACC': '0.98 (57 / 58)', 'TP': 23, 'FP': 1, 'FN': 0, 'TN': 34, 'Precision': '0.96 (23 / 23 + 1)', 'Recall': '1.0 (23 / 23 + 0)', 'F1': '0.98 (2 * (1.0 * 0.96) / 1.0 + 0.96)', 'Specificity': '0.97 (34 / 34 + 1)', 'AUC': 0.99, 'r2': 0.93}
2023-05-28 21:40:11,350 [INFO] Save test_prediction_log data...
2023-05-28 21:40:11,352 [INFO] {'Data': 'test', 'ACC': '0.62 (36 / 58)', 'TP': 7, 'FP': 6, 'FN': 16, 'TN': 29, 'Precision': '0.54 (7 / 7 + 6)', 'Recall': '0.3 (7 / 7 + 16)', 'F1': '0.39 (2 * (0.3 * 0.54) / 0.3 + 0.54)', 'Specificity': '0.83 (29 / 29 + 6)', 'AUC': 0.57, 'r2': -0.59}
2023-05-28 21:40:11,353 [INFO] Save training_log data...
2023-05-28 21:40:11,354 [INFO] Save score_log data...
2023-05-28 21:40:11,355 [INFO] Time : 2.4589297771453857
