2023-05-27 00:09:33,771 [INFO] Train data : Vary_params\DUD-E\MET\nG1_50\ECFP4_256bits\MinMax\MET_train_vector.tsv
2023-05-27 00:09:33,771 [INFO] Valid data : Vary_params\DUD-E\MET\nG1_50\ECFP4_256bits\MinMax\MET_valid_vector.tsv
2023-05-27 00:09:33,771 [INFO] Output path : Vary_params\DUD-E\MET\nG1_50\ECFP4_256bits\MinMax\MET_model\SVM
2023-05-27 00:09:33,771 [INFO] Model type : SVM
2023-05-27 00:09:33,771 [INFO] Use cores : 10
2023-05-27 00:09:33,786 [INFO] Start Learning model
2023-05-27 00:09:33,786 [INFO] Train : 196 | Valid : 49
2023-05-27 00:09:33,786 [INFO] Set parameters : {'kernel': ['linear', 'rbf'], 'C': [0.01, 0.1, 1, 10, 100, 1000], 'gamma': [0.01, 0.1, 1, 100, 1000]}
2023-05-27 00:09:36,355 [INFO] GridSearchCV results :
    mean_valid_accuracy  mean_valid_precision  mean_valid_auc
53             0.868947              1.000000        0.836607
33             0.868947              1.000000        0.836607
23             0.838158              1.000000        0.796429
21             0.959737              1.000000        0.950000
43             0.868947              1.000000        0.836607
0              0.944737              0.988889        0.933333
41             0.984737              0.988889        0.983333
51             0.984737              0.988889        0.983333
31             0.984737              0.988889        0.983333
8              0.944737              0.988889        0.933333
2              0.944737              0.988889        0.933333
6              0.944737              0.988889        0.933333
4              0.944737              0.988889        0.933333
40             0.974474              0.965278        0.975000
32             0.974474              0.965278        0.975000
34             0.974474              0.965278        0.975000
58             0.974474              0.965278        0.975000
36             0.974474              0.965278        0.975000
38             0.974474              0.965278        0.975000
56             0.974474              0.965278        0.975000
52             0.974474              0.965278        0.975000
42             0.974474              0.965278        0.975000
44             0.974474              0.965278        0.975000
28             0.974474              0.965278        0.975000
48             0.974474              0.965278        0.975000
50             0.974474              0.965278        0.975000
54             0.974474              0.965278        0.975000
46             0.974474              0.965278        0.975000
30             0.974474              0.965278        0.975000
20             0.974474              0.965278        0.975000
14             0.969474              0.965278        0.968750
26             0.974474              0.965278        0.975000
12             0.969474              0.965278        0.968750
24             0.974474              0.965278        0.975000
22             0.974474              0.965278        0.975000
16             0.969474              0.965278        0.968750
10             0.969474              0.965278        0.968750
18             0.969474              0.965278        0.968750
11             0.673947              0.800000        0.591964
9              0.602105              0.000000        0.500000
29             0.602105              0.000000        0.500000
7              0.602105              0.000000        0.500000
13             0.602105              0.000000        0.500000
55             0.602105              0.000000        0.500000
5              0.602105              0.000000        0.500000
57             0.602105              0.000000        0.500000
3              0.602105              0.000000        0.500000
49             0.602105              0.000000        0.500000
15             0.602105              0.000000        0.500000
47             0.602105              0.000000        0.500000
45             0.602105              0.000000        0.500000
1              0.602105              0.000000        0.500000
17             0.602105              0.000000        0.500000
19             0.602105              0.000000        0.500000
39             0.602105              0.000000        0.500000
37             0.602105              0.000000        0.500000
35             0.602105              0.000000        0.500000
25             0.602105              0.000000        0.500000
27             0.602105              0.000000        0.500000
59             0.602105              0.000000        0.500000
2023-05-27 00:09:36,358 [INFO] Best model :
SVC(C=1, gamma=0.01, random_state=42)
2023-05-27 00:09:36,364 [INFO] Save train_prediction_log data...
2023-05-27 00:09:36,367 [INFO] {'Data': 'train', 'ACC': '0.98 (193 / 196)', 'TP': 75, 'FP': 0, 'FN': 3, 'TN': 118, 'Precision': '1.0 (75 / 75 + 0)', 'Recall': '0.96 (75 / 75 + 3)', 'F1': '0.98 (2 * (0.96 * 1.0) / 0.96 + 1.0)', 'Specificity': '1.0 (118 / 118 + 0)', 'AUC': 0.98, 'r2': 0.94}
2023-05-27 00:09:36,371 [INFO] Save valid_prediction_log data...
2023-05-27 00:09:36,373 [INFO] {'Data': 'valid', 'ACC': '0.98 (48 / 49)', 'TP': 19, 'FP': 0, 'FN': 1, 'TN': 29, 'Precision': '1.0 (19 / 19 + 0)', 'Recall': '0.95 (19 / 19 + 1)', 'F1': '0.97 (2 * (0.95 * 1.0) / 0.95 + 1.0)', 'Specificity': '1.0 (29 / 29 + 0)', 'AUC': 0.98, 'r2': 0.92}
2023-05-27 00:09:36,382 [INFO] Save test_prediction_log data...
2023-05-27 00:09:36,385 [INFO] {'Data': 'test', 'ACC': '0.61 (30 / 49)', 'TP': 3, 'FP': 2, 'FN': 17, 'TN': 27, 'Precision': '0.6 (3 / 3 + 2)', 'Recall': '0.15 (3 / 3 + 17)', 'F1': '0.24 (2 * (0.15 * 0.6) / 0.15 + 0.6)', 'Specificity': '0.93 (27 / 27 + 2)', 'AUC': 0.54, 'r2': -0.61}
2023-05-27 00:09:36,387 [INFO] Save training_log data...
2023-05-27 00:09:36,388 [INFO] Save score_log data...
2023-05-27 00:09:36,389 [INFO] Time : 2.61800217628479
