2023-05-28 18:17:56,364 [INFO] Train data : Vary_params_VGFR2\DUD-E\VGFR2\nG1_20\ECFP4_512bits\MinMax\VGFR2_train_vector.tsv
2023-05-28 18:17:56,364 [INFO] Valid data : Vary_params_VGFR2\DUD-E\VGFR2\nG1_20\ECFP4_512bits\MinMax\VGFR2_valid_vector.tsv
2023-05-28 18:17:56,364 [INFO] Output path : Vary_params_VGFR2\DUD-E\VGFR2\nG1_20\ECFP4_512bits\MinMax\VGFR2_model\SVM
2023-05-28 18:17:56,364 [INFO] Model type : SVM
2023-05-28 18:17:56,364 [INFO] Use cores : 18
2023-05-28 18:17:56,415 [INFO] Start Learning model
2023-05-28 18:17:56,416 [INFO] Train : 747 | Valid : 180
2023-05-28 18:17:56,416 [INFO] Set parameters : {'kernel': ['linear', 'rbf'], 'C': [0.01, 0.1, 1, 10, 100, 1000], 'gamma': [0.01, 0.1, 1, 100, 1000]}
2023-05-28 18:18:15,236 [INFO] GridSearchCV results :
    mean_valid_accuracy  mean_valid_precision  mean_valid_auc
53             0.854108              1.000000        0.828125
43             0.854108              1.000000        0.828125
23             0.828667              1.000000        0.798135
33             0.854108              1.000000        0.828125
11             0.895604              1.000000        0.877016
21             0.982613              0.987399        0.981236
31             0.982595              0.975473        0.982885
41             0.982595              0.975473        0.982885
51             0.982595              0.975473        0.982885
0              0.970577              0.971560        0.969122
6              0.970577              0.971560        0.969122
2              0.970577              0.971560        0.969122
4              0.970577              0.971560        0.969122
8              0.970577              0.971560        0.969122
10             0.978577              0.969508        0.978997
18             0.978577              0.969508        0.978997
16             0.978577              0.969508        0.978997
14             0.978577              0.969508        0.978997
12             0.978577              0.969508        0.978997
50             0.974559              0.960951        0.975509
54             0.974559              0.960951        0.975509
48             0.974559              0.960951        0.975509
46             0.974559              0.960951        0.975509
44             0.974559              0.960951        0.975509
52             0.974559              0.960951        0.975509
58             0.974559              0.960951        0.975509
42             0.974559              0.960951        0.975509
40             0.974559              0.960951        0.975509
38             0.974559              0.960951        0.975509
36             0.974559              0.960951        0.975509
34             0.974559              0.960951        0.975509
56             0.974559              0.960951        0.975509
30             0.974559              0.960951        0.975509
32             0.974559              0.960951        0.975509
28             0.974559              0.960951        0.975509
22             0.974559              0.960951        0.975509
24             0.974559              0.960951        0.975509
26             0.974559              0.960951        0.975509
20             0.974559              0.960951        0.975509
35             0.578342              0.200000        0.503175
45             0.578342              0.200000        0.503175
55             0.578342              0.200000        0.503175
39             0.575658              0.000000        0.500000
15             0.575658              0.000000        0.500000
3              0.575658              0.000000        0.500000
57             0.575658              0.000000        0.500000
5              0.575658              0.000000        0.500000
7              0.575658              0.000000        0.500000
9              0.575658              0.000000        0.500000
13             0.575658              0.000000        0.500000
49             0.575658              0.000000        0.500000
17             0.575658              0.000000        0.500000
27             0.575658              0.000000        0.500000
19             0.575658              0.000000        0.500000
47             0.575658              0.000000        0.500000
1              0.575658              0.000000        0.500000
29             0.575658              0.000000        0.500000
25             0.575658              0.000000        0.500000
37             0.575658              0.000000        0.500000
59             0.575658              0.000000        0.500000
2023-05-28 18:18:15,238 [INFO] Best model :
SVC(C=0.1, gamma=0.01, random_state=42)
2023-05-28 18:18:15,359 [INFO] Save train_prediction_log data...
2023-05-28 18:18:15,365 [INFO] {'Data': 'train', 'ACC': '0.94 (699 / 747)', 'TP': 269, 'FP': 0, 'FN': 48, 'TN': 430, 'Precision': '1.0 (269 / 269 + 0)', 'Recall': '0.85 (269 / 269 + 48)', 'F1': '0.92 (2 * (0.85 * 1.0) / 0.85 + 1.0)', 'Specificity': '1.0 (430 / 430 + 0)', 'AUC': 0.92, 'r2': 0.74}
2023-05-28 18:18:15,402 [INFO] Save valid_prediction_log data...
2023-05-28 18:18:15,405 [INFO] {'Data': 'valid', 'ACC': '0.97 (175 / 180)', 'TP': 68, 'FP': 1, 'FN': 4, 'TN': 107, 'Precision': '0.99 (68 / 68 + 1)', 'Recall': '0.94 (68 / 68 + 4)', 'F1': '0.96 (2 * (0.94 * 0.99) / 0.94 + 0.99)', 'Specificity': '0.99 (107 / 107 + 1)', 'AUC': 0.97, 'r2': 0.88}
2023-05-28 18:18:15,454 [INFO] Save test_prediction_log data...
2023-05-28 18:18:15,457 [INFO] {'Data': 'test', 'ACC': '0.56 (101 / 180)', 'TP': 18, 'FP': 25, 'FN': 54, 'TN': 83, 'Precision': '0.42 (18 / 18 + 25)', 'Recall': '0.25 (18 / 18 + 54)', 'F1': '0.31 (2 * (0.25 * 0.42) / 0.25 + 0.42)', 'Specificity': '0.77 (83 / 83 + 25)', 'AUC': 0.51, 'r2': -0.83}
2023-05-28 18:18:15,460 [INFO] Save training_log data...
2023-05-28 18:18:15,462 [INFO] Save score_log data...
2023-05-28 18:18:15,462 [INFO] Time : 19.097988843917847
