2023-05-27 11:03:10,773 [INFO] Train data : Vary_params\DUD-E\MP2K1\nG1_50\ECFP4_512bits\MinMax\MP2K1_train_vector.tsv
2023-05-27 11:03:10,773 [INFO] Valid data : Vary_params\DUD-E\MP2K1\nG1_50\ECFP4_512bits\MinMax\MP2K1_valid_vector.tsv
2023-05-27 11:03:10,773 [INFO] Output path : Vary_params\DUD-E\MP2K1\nG1_50\ECFP4_512bits\MinMax\MP2K1_model\MLP
2023-05-27 11:03:10,773 [INFO] Model type : MLP
2023-05-27 11:03:10,773 [INFO] Use cores : 10
2023-05-27 11:03:10,795 [INFO] Start Learning model
2023-05-27 11:03:10,795 [INFO] Train : 142 | Valid : 35
2023-05-27 11:03:10,795 [INFO] Set parameters : {'hidden_layer_sizes': [(50,), (100,), (50, 50), (100, 100)], 'learning_rate': ['constant', 'invscaling', 'adaptive'], 'activation': ['relu', 'identity', 'logistic', 'tanh'], 'solver': ['adam', 'sgd', 'lbfgs'], 'alpha': [0.1, 0.01, 0.001], 'max_iter': [500, 1000], 'early_stopping': [True]}
2023-05-27 11:05:20,485 [INFO] GridSearchCV results :
     mean_valid_accuracy  mean_valid_precision  mean_valid_auc
689             0.980000                   1.0        0.975000
242             0.980000                   1.0        0.975000
248             0.980000                   1.0        0.975000
123             0.923810                   1.0        0.906667
464             0.980000                   1.0        0.975000
..                   ...                   ...             ...
643             0.598571                   0.0        0.500000
559             0.598571                   0.0        0.500000
558             0.598571                   0.0        0.500000
556             0.598571                   0.0        0.500000
480             0.598571                   0.0        0.500000

[864 rows x 3 columns]
2023-05-27 11:05:20,487 [INFO] Best model :
MLPClassifier(alpha=0.1, early_stopping=True, hidden_layer_sizes=(50,),
              max_iter=500, random_state=42, solver='lbfgs')
2023-05-27 11:05:20,491 [INFO] Save train_prediction_log data...
2023-05-27 11:05:20,495 [INFO] {'Data': 'train', 'ACC': '1.0 (142 / 142)', 'TP': 57, 'FP': 0, 'FN': 0, 'TN': 85, 'Precision': '1.0 (57 / 57 + 0)', 'Recall': '1.0 (57 / 57 + 0)', 'F1': '1.0 (2 * (1.0 * 1.0) / 1.0 + 1.0)', 'Specificity': '1.0 (85 / 85 + 0)', 'AUC': 1.0, 'r2': 1.0}
2023-05-27 11:05:20,500 [INFO] Save valid_prediction_log data...
2023-05-27 11:05:20,502 [INFO] {'Data': 'valid', 'ACC': '1.0 (35 / 35)', 'TP': 14, 'FP': 0, 'FN': 0, 'TN': 21, 'Precision': '1.0 (14 / 14 + 0)', 'Recall': '1.0 (14 / 14 + 0)', 'F1': '1.0 (2 * (1.0 * 1.0) / 1.0 + 1.0)', 'Specificity': '1.0 (21 / 21 + 0)', 'AUC': 1.0, 'r2': 1.0}
2023-05-27 11:05:20,518 [INFO] Save test_prediction_log data...
2023-05-27 11:05:20,520 [INFO] {'Data': 'test', 'ACC': '0.69 (24 / 35)', 'TP': 5, 'FP': 2, 'FN': 9, 'TN': 19, 'Precision': '0.71 (5 / 5 + 2)', 'Recall': '0.36 (5 / 5 + 9)', 'F1': '0.48 (2 * (0.36 * 0.71) / 0.36 + 0.71)', 'Specificity': '0.9 (19 / 19 + 2)', 'AUC': 0.63, 'r2': -0.31}
2023-05-27 11:05:20,523 [INFO] Save training_log data...
2023-05-27 11:05:20,528 [INFO] Save score_log data...
2023-05-27 11:05:20,529 [INFO] Time : 129.756582736969
