2023-05-29 12:16:02,465 [INFO] Train data : Vary_params_CDK2_EGFR_LCK\DUD-E\LCK\nG1_80\ECFP4_256bits\Robust\LCK_train_vector.tsv
2023-05-29 12:16:02,465 [INFO] Valid data : Vary_params_CDK2_EGFR_LCK\DUD-E\LCK\nG1_80\ECFP4_256bits\Robust\LCK_valid_vector.tsv
2023-05-29 12:16:02,465 [INFO] Output path : Vary_params_CDK2_EGFR_LCK\DUD-E\LCK\nG1_80\ECFP4_256bits\Robust\LCK_model\SVM
2023-05-29 12:16:02,465 [INFO] Model type : SVM
2023-05-29 12:16:02,465 [INFO] Use cores : 19
2023-05-29 12:16:02,483 [INFO] Start Learning model
2023-05-29 12:16:02,484 [INFO] Train : 706 | Valid : 185
2023-05-29 12:16:02,484 [INFO] Set parameters : {'kernel': ['linear', 'rbf'], 'C': [0.01, 0.1, 1, 10, 100, 1000], 'gamma': [0.01, 0.1, 1, 100, 1000]}
2023-05-29 12:16:06,570 [INFO] GridSearchCV results :
    mean_valid_accuracy  mean_valid_precision  mean_valid_auc
0              0.872475              0.816026        0.871568
20             0.872475              0.816026        0.871568
24             0.872475              0.816026        0.871568
26             0.872475              0.816026        0.871568
28             0.872475              0.816026        0.871568
32             0.872475              0.816026        0.871568
34             0.872475              0.816026        0.871568
36             0.872475              0.816026        0.871568
38             0.872475              0.816026        0.871568
40             0.872475              0.816026        0.871568
42             0.872475              0.816026        0.871568
44             0.872475              0.816026        0.871568
46             0.872475              0.816026        0.871568
48             0.872475              0.816026        0.871568
50             0.872475              0.816026        0.871568
52             0.872475              0.816026        0.871568
54             0.872475              0.816026        0.871568
56             0.872475              0.816026        0.871568
58             0.872475              0.816026        0.871568
22             0.872475              0.816026        0.871568
30             0.872475              0.816026        0.871568
10             0.872475              0.816026        0.871568
2              0.872475              0.816026        0.871568
18             0.872475              0.816026        0.871568
8              0.872475              0.816026        0.871568
16             0.872475              0.816026        0.871568
4              0.872475              0.816026        0.871568
12             0.872475              0.816026        0.871568
6              0.872475              0.816026        0.871568
14             0.872475              0.816026        0.871568
49             0.626076              0.000000        0.500000
9              0.626076              0.000000        0.500000
45             0.626076              0.000000        0.500000
47             0.626076              0.000000        0.500000
7              0.626076              0.000000        0.500000
21             0.626076              0.000000        0.500000
43             0.626076              0.000000        0.500000
5              0.626076              0.000000        0.500000
53             0.626076              0.000000        0.500000
55             0.626076              0.000000        0.500000
3              0.626076              0.000000        0.500000
57             0.626076              0.000000        0.500000
51             0.626076              0.000000        0.500000
11             0.626076              0.000000        0.500000
41             0.626076              0.000000        0.500000
19             0.626076              0.000000        0.500000
39             0.626076              0.000000        0.500000
37             0.626076              0.000000        0.500000
13             0.626076              0.000000        0.500000
35             0.626076              0.000000        0.500000
33             0.626076              0.000000        0.500000
15             0.626076              0.000000        0.500000
31             0.626076              0.000000        0.500000
1              0.626076              0.000000        0.500000
29             0.626076              0.000000        0.500000
27             0.626076              0.000000        0.500000
17             0.626076              0.000000        0.500000
25             0.626076              0.000000        0.500000
23             0.626076              0.000000        0.500000
59             0.626076              0.000000        0.500000
2023-05-29 12:16:06,571 [INFO] Best model :
SVC(C=0.01, gamma=0.01, kernel='linear', random_state=42)
2023-05-29 12:16:06,579 [INFO] Save train_prediction_log data...
2023-05-29 12:16:06,583 [INFO] {'Data': 'train', 'ACC': '1.0 (706 / 706)', 'TP': 264, 'FP': 0, 'FN': 0, 'TN': 442, 'Precision': '1.0 (264 / 264 + 0)', 'Recall': '1.0 (264 / 264 + 0)', 'F1': '1.0 (2 * (1.0 * 1.0) / 1.0 + 1.0)', 'Specificity': '1.0 (442 / 442 + 0)', 'AUC': 1.0, 'r2': 1.0}
2023-05-29 12:16:06,587 [INFO] Save valid_prediction_log data...
2023-05-29 12:16:06,589 [INFO] {'Data': 'valid', 'ACC': '0.92 (170 / 185)', 'TP': 72, 'FP': 13, 'FN': 2, 'TN': 98, 'Precision': '0.85 (72 / 72 + 13)', 'Recall': '0.97 (72 / 72 + 2)', 'F1': '0.91 (2 * (0.97 * 0.85) / 0.97 + 0.85)', 'Specificity': '0.88 (98 / 98 + 13)', 'AUC': 0.93, 'r2': 0.66}
2023-05-29 12:16:06,600 [INFO] Save test_prediction_log data...
2023-05-29 12:16:06,602 [INFO] {'Data': 'test', 'ACC': '0.58 (107 / 185)', 'TP': 42, 'FP': 46, 'FN': 32, 'TN': 65, 'Precision': '0.48 (42 / 42 + 46)', 'Recall': '0.57 (42 / 42 + 32)', 'F1': '0.52 (2 * (0.57 * 0.48) / 0.57 + 0.48)', 'Specificity': '0.59 (65 / 65 + 46)', 'AUC': 0.58, 'r2': -0.76}
2023-05-29 12:16:06,604 [INFO] Save training_log data...
2023-05-29 12:16:06,746 [INFO] Save score_log data...
2023-05-29 12:16:06,747 [INFO] Time : 4.282607078552246
