2023-05-29 03:47:56,822 [INFO] Train data : Vary_params_BRAF_MK14\DUD-E\BRAF\nG1_20\ECFP6_256bits\Standard\BRAF_train_vector.tsv
2023-05-29 03:47:56,824 [INFO] Valid data : Vary_params_BRAF_MK14\DUD-E\BRAF\nG1_20\ECFP6_256bits\Standard\BRAF_valid_vector.tsv
2023-05-29 03:47:56,824 [INFO] Output path : Vary_params_BRAF_MK14\DUD-E\BRAF\nG1_20\ECFP6_256bits\Standard\BRAF_model\MLP
2023-05-29 03:47:56,824 [INFO] Model type : MLP
2023-05-29 03:47:56,824 [INFO] Use cores : 12
2023-05-29 03:47:56,852 [INFO] Start Learning model
2023-05-29 03:47:56,853 [INFO] Train : 231 | Valid : 50
2023-05-29 03:47:56,853 [INFO] Set parameters : {'hidden_layer_sizes': [(50,), (100,), (50, 50), (100, 100)], 'learning_rate': ['constant', 'invscaling', 'adaptive'], 'activation': ['relu', 'identity', 'logistic', 'tanh'], 'solver': ['adam', 'sgd', 'lbfgs'], 'alpha': [0.1, 0.01, 0.001], 'max_iter': [500, 1000], 'early_stopping': [True]}
2023-05-29 03:50:41,715 [INFO] GridSearchCV results :
     mean_valid_accuracy  mean_valid_precision  mean_valid_auc
474             0.869928                   1.0        0.863636
636             0.896739                   1.0        0.890909
618             0.878623                   1.0        0.872727
621             0.878623                   1.0        0.872727
624             0.878623                   1.0        0.872727
..                   ...                   ...             ...
451             0.523732                   0.0        0.500000
454             0.523732                   0.0        0.500000
460             0.523732                   0.0        0.500000
601             0.523732                   0.0        0.500000
523             0.523732                   0.0        0.500000

[864 rows x 3 columns]
2023-05-29 03:50:41,716 [INFO] Best model :
MLPClassifier(activation='logistic', alpha=0.1, early_stopping=True,
              hidden_layer_sizes=(50, 50), max_iter=500, random_state=42)
2023-05-29 03:50:41,722 [INFO] Save train_prediction_log data...
2023-05-29 03:50:41,725 [INFO] {'Data': 'train', 'ACC': '0.95 (219 / 231)', 'TP': 98, 'FP': 0, 'FN': 12, 'TN': 121, 'Precision': '1.0 (98 / 98 + 0)', 'Recall': '0.89 (98 / 98 + 12)', 'F1': '0.94 (2 * (0.89 * 1.0) / 0.89 + 1.0)', 'Specificity': '1.0 (121 / 121 + 0)', 'AUC': 0.95, 'r2': 0.79}
2023-05-29 03:50:41,728 [INFO] Save valid_prediction_log data...
2023-05-29 03:50:41,730 [INFO] {'Data': 'valid', 'ACC': '0.98 (49 / 50)', 'TP': 19, 'FP': 0, 'FN': 1, 'TN': 30, 'Precision': '1.0 (19 / 19 + 0)', 'Recall': '0.95 (19 / 19 + 1)', 'F1': '0.97 (2 * (0.95 * 1.0) / 0.95 + 1.0)', 'Specificity': '1.0 (30 / 30 + 0)', 'AUC': 0.98, 'r2': 0.92}
2023-05-29 03:50:41,742 [INFO] Save test_prediction_log data...
2023-05-29 03:50:41,751 [INFO] {'Data': 'test', 'ACC': '0.6 (30 / 50)', 'TP': 3, 'FP': 3, 'FN': 17, 'TN': 27, 'Precision': '0.5 (3 / 3 + 3)', 'Recall': '0.15 (3 / 3 + 17)', 'F1': '0.23 (2 * (0.15 * 0.5) / 0.15 + 0.5)', 'Specificity': '0.9 (27 / 27 + 3)', 'AUC': 0.52, 'r2': -0.67}
2023-05-29 03:50:41,754 [INFO] Save training_log data...
2023-05-29 03:50:41,759 [INFO] Save score_log data...
2023-05-29 03:50:41,759 [INFO] Time : 164.93652319908142
