2023-05-28 16:44:14,111 [INFO] Train data : Vary_params_FGFR1\DUD-E\FGFR1\nG1_20\ECFP4_512bits\MinMax\FGFR1_train_vector.tsv
2023-05-28 16:44:14,111 [INFO] Valid data : Vary_params_FGFR1\DUD-E\FGFR1\nG1_20\ECFP4_512bits\MinMax\FGFR1_valid_vector.tsv
2023-05-28 16:44:14,111 [INFO] Output path : Vary_params_FGFR1\DUD-E\FGFR1\nG1_20\ECFP4_512bits\MinMax\FGFR1_model\SVM
2023-05-28 16:44:14,111 [INFO] Model type : SVM
2023-05-28 16:44:14,111 [INFO] Use cores : 10
2023-05-28 16:44:14,159 [INFO] Start Learning model
2023-05-28 16:44:14,159 [INFO] Train : 203 | Valid : 43
2023-05-28 16:44:14,159 [INFO] Set parameters : {'kernel': ['linear', 'rbf'], 'C': [0.01, 0.1, 1, 10, 100, 1000], 'gamma': [0.01, 0.1, 1, 100, 1000]}
2023-05-28 16:44:24,081 [INFO] GridSearchCV results :
    mean_valid_accuracy  mean_valid_precision  mean_valid_auc
43             0.869762              1.000000        0.865000
53             0.869762              1.000000        0.865000
33             0.869762              1.000000        0.865000
23             0.844762              1.000000        0.838889
54             0.980714              0.990909        0.980000
56             0.980714              0.990909        0.980000
28             0.980714              0.990909        0.980000
31             0.975952              0.990909        0.975000
32             0.980714              0.990909        0.980000
58             0.980714              0.990909        0.980000
34             0.980714              0.990909        0.980000
36             0.980714              0.990909        0.980000
38             0.980714              0.990909        0.980000
40             0.980714              0.990909        0.980000
41             0.975952              0.990909        0.975000
42             0.980714              0.990909        0.980000
26             0.980714              0.990909        0.980000
44             0.980714              0.990909        0.980000
46             0.980714              0.990909        0.980000
48             0.980714              0.990909        0.980000
50             0.980714              0.990909        0.980000
51             0.975952              0.990909        0.975000
52             0.980714              0.990909        0.980000
0              0.946905              0.990909        0.945000
30             0.980714              0.990909        0.980000
10             0.980714              0.990909        0.980000
8              0.946905              0.990909        0.945000
2              0.946905              0.990909        0.945000
22             0.980714              0.990909        0.980000
21             0.951905              0.990909        0.950000
20             0.980714              0.990909        0.980000
12             0.980714              0.990909        0.980000
18             0.980714              0.990909        0.980000
4              0.946905              0.990909        0.945000
24             0.980714              0.990909        0.980000
6              0.946905              0.990909        0.945000
16             0.980714              0.990909        0.980000
14             0.980714              0.990909        0.980000
11             0.551667              0.500000        0.540556
49             0.512143              0.000000        0.500000
25             0.512143              0.000000        0.500000
7              0.512143              0.000000        0.500000
9              0.512143              0.000000        0.500000
55             0.512143              0.000000        0.500000
3              0.512143              0.000000        0.500000
57             0.512143              0.000000        0.500000
5              0.512143              0.000000        0.500000
13             0.512143              0.000000        0.500000
47             0.512143              0.000000        0.500000
45             0.512143              0.000000        0.500000
15             0.512143              0.000000        0.500000
39             0.512143              0.000000        0.500000
37             0.512143              0.000000        0.500000
17             0.512143              0.000000        0.500000
35             0.512143              0.000000        0.500000
19             0.512143              0.000000        0.500000
1              0.512143              0.000000        0.500000
29             0.512143              0.000000        0.500000
27             0.512143              0.000000        0.500000
59             0.512143              0.000000        0.500000
2023-05-28 16:44:24,083 [INFO] Best model :
SVC(C=1, gamma=0.1, random_state=42)
2023-05-28 16:44:24,103 [INFO] Save train_prediction_log data...
2023-05-28 16:44:24,108 [INFO] {'Data': 'train', 'ACC': '1.0 (203 / 203)', 'TP': 99, 'FP': 0, 'FN': 0, 'TN': 104, 'Precision': '1.0 (99 / 99 + 0)', 'Recall': '1.0 (99 / 99 + 0)', 'F1': '1.0 (2 * (1.0 * 1.0) / 1.0 + 1.0)', 'Specificity': '1.0 (104 / 104 + 0)', 'AUC': 1.0, 'r2': 1.0}
2023-05-28 16:44:24,118 [INFO] Save valid_prediction_log data...
2023-05-28 16:44:24,121 [INFO] {'Data': 'valid', 'ACC': '1.0 (43 / 43)', 'TP': 17, 'FP': 0, 'FN': 0, 'TN': 26, 'Precision': '1.0 (17 / 17 + 0)', 'Recall': '1.0 (17 / 17 + 0)', 'F1': '1.0 (2 * (1.0 * 1.0) / 1.0 + 1.0)', 'Specificity': '1.0 (26 / 26 + 0)', 'AUC': 1.0, 'r2': 1.0}
2023-05-28 16:44:24,143 [INFO] Save test_prediction_log data...
2023-05-28 16:44:24,146 [INFO] {'Data': 'test', 'ACC': '0.63 (27 / 43)', 'TP': 1, 'FP': 0, 'FN': 16, 'TN': 26, 'Precision': '1.0 (1 / 1 + 0)', 'Recall': '0.06 (1 / 1 + 16)', 'F1': '0.11 (2 * (0.06 * 1.0) / 0.06 + 1.0)', 'Specificity': '1.0 (26 / 26 + 0)', 'AUC': 0.53, 'r2': -0.56}
2023-05-28 16:44:24,149 [INFO] Save training_log data...
2023-05-28 16:44:24,150 [INFO] Save score_log data...
2023-05-28 16:44:24,151 [INFO] Time : 10.040085554122925
