2023-05-28 21:32:30,601 [INFO] Train data : Vary_params_IGF1R_KIT\DUD-E\KIT\nG1_80\ECFP4_256bits\MinMax\KIT_train_vector.tsv
2023-05-28 21:32:30,601 [INFO] Valid data : Vary_params_IGF1R_KIT\DUD-E\KIT\nG1_80\ECFP4_256bits\MinMax\KIT_valid_vector.tsv
2023-05-28 21:32:30,601 [INFO] Output path : Vary_params_IGF1R_KIT\DUD-E\KIT\nG1_80\ECFP4_256bits\MinMax\KIT_model\XGB
2023-05-28 21:32:30,601 [INFO] Model type : XGB
2023-05-28 21:32:30,601 [INFO] Use cores : 10
2023-05-28 21:32:30,615 [INFO] Start Learning model
2023-05-28 21:32:30,615 [INFO] Train : 202 | Valid : 58
2023-05-28 21:32:30,616 [INFO] Set parameters : {'max_depth': [4, 6, 8], 'learning_rate': [0.01, 0.2], 'n_estimators': [200, 600, 1000], 'gamma': [0, 1000], 'min_child_weight': [1, 3], 'subsample': [0.5, 1], 'colsample_bytree': [0.5, 1], 'objective': ['binary:logitraw'], 'eval_metric': ['auc', 'error']}
2023-05-28 21:40:07,334 [INFO] GridSearchCV results :
     mean_valid_accuracy  mean_valid_precision  mean_valid_auc
0               0.930238                   1.0        0.888095
325             0.965238                   1.0        0.944048
322             0.970238                   1.0        0.952381
481             0.965238                   1.0        0.944048
163             0.935476                   1.0        0.896429
..                   ...                   ...             ...
381             0.688333                   0.0        0.500000
380             0.688333                   0.0        0.500000
379             0.688333                   0.0        0.500000
378             0.688333                   0.0        0.500000
575             0.688333                   0.0        0.500000

[576 rows x 3 columns]
2023-05-28 21:40:07,335 [INFO] Best model :
XGBClassifier(base_score=None, booster=None, callbacks=None,
              colsample_bylevel=None, colsample_bynode=None,
              colsample_bytree=0.5, early_stopping_rounds=None,
              enable_categorical=False, eval_metric='auc', feature_types=None,
              gamma=0, gpu_id=None, grow_policy=None, importance_type=None,
              interaction_constraints=None, learning_rate=0.01, max_bin=None,
              max_cat_threshold=None, max_cat_to_onehot=None,
              max_delta_step=None, max_depth=4, max_leaves=None,
              min_child_weight=1, missing=nan, monotone_constraints=None,
              n_estimators=200, n_jobs=0, num_parallel_tree=None,
              objective='binary:logitraw', predictor=None, ...)
2023-05-28 21:40:07,345 [INFO] Save train_prediction_log data...
2023-05-28 21:40:07,348 [INFO] {'Data': 'train', 'ACC': '1.0 (201 / 202)', 'TP': 62, 'FP': 0, 'FN': 1, 'TN': 139, 'Precision': '1.0 (62 / 62 + 0)', 'Recall': '0.98 (62 / 62 + 1)', 'F1': '0.99 (2 * (0.98 * 1.0) / 0.98 + 1.0)', 'Specificity': '1.0 (139 / 139 + 0)', 'AUC': 0.99, 'r2': 0.98}
2023-05-28 21:40:07,356 [INFO] Save valid_prediction_log data...
2023-05-28 21:40:07,358 [INFO] {'Data': 'valid', 'ACC': '0.97 (56 / 58)', 'TP': 23, 'FP': 2, 'FN': 0, 'TN': 33, 'Precision': '0.92 (23 / 23 + 2)', 'Recall': '1.0 (23 / 23 + 0)', 'F1': '0.96 (2 * (1.0 * 0.92) / 1.0 + 0.92)', 'Specificity': '0.94 (33 / 33 + 2)', 'AUC': 0.97, 'r2': 0.86}
2023-05-28 21:40:07,374 [INFO] Save test_prediction_log data...
2023-05-28 21:40:07,376 [INFO] {'Data': 'test', 'ACC': '0.66 (38 / 58)', 'TP': 6, 'FP': 3, 'FN': 17, 'TN': 32, 'Precision': '0.67 (6 / 6 + 3)', 'Recall': '0.26 (6 / 6 + 17)', 'F1': '0.37 (2 * (0.26 * 0.67) / 0.26 + 0.67)', 'Specificity': '0.91 (32 / 32 + 3)', 'AUC': 0.59, 'r2': -0.44}
2023-05-28 21:40:07,381 [INFO] Save training_log data...
2023-05-28 21:40:07,386 [INFO] Save score_log data...
2023-05-28 21:40:07,386 [INFO] Time : 456.78502321243286
