2023-05-29 19:57:31,239 [INFO] Train data : Baseline_noscale_DUDE\DUD-E\AKT2\ECFP4_512bits\AKT2_raw_train.tsv
2023-05-29 19:57:31,239 [INFO] Valid data : Baseline_noscale_DUDE\DUD-E\AKT2\ECFP4_512bits\AKT2_raw_valid.tsv
2023-05-29 19:57:31,239 [INFO] Output path : Baseline_noscale_DUDE\DUD-E\AKT2\ECFP4_512bits\AKT2_model\MLP
2023-05-29 19:57:31,239 [INFO] Model type : MLP
2023-05-29 19:57:31,239 [INFO] Use cores : 12
2023-05-29 19:57:31,253 [INFO] Start Learning model
2023-05-29 19:57:31,253 [INFO] Train : 125 | Valid : 31
2023-05-29 19:57:31,254 [INFO] Set parameters : {'hidden_layer_sizes': [(50,), (100,), (50, 50), (100, 100)], 'learning_rate': ['constant', 'invscaling', 'adaptive'], 'activation': ['relu', 'identity', 'logistic', 'tanh'], 'solver': ['adam', 'sgd', 'lbfgs'], 'alpha': [0.1, 0.01, 0.001], 'max_iter': [500, 1000], 'early_stopping': [True]}
2023-05-29 19:59:13,097 [INFO] GridSearchCV results :
     mean_valid_accuracy  mean_valid_precision  mean_valid_auc
173             1.000000                   1.0        1.000000
134             1.000000                   1.0        1.000000
659             1.000000                   1.0        1.000000
137             1.000000                   1.0        1.000000
491             1.000000                   1.0        1.000000
..                   ...                   ...             ...
633             0.599359                   0.0        0.500000
634             0.599359                   0.0        0.500000
61              0.591026                   0.0        0.492857
636             0.599359                   0.0        0.500000
457             0.599359                   0.0        0.500000

[864 rows x 3 columns]
2023-05-29 19:59:13,098 [INFO] Best model :
MLPClassifier(alpha=0.1, early_stopping=True, hidden_layer_sizes=(50,),
              max_iter=500, random_state=42, solver='lbfgs')
2023-05-29 19:59:13,103 [INFO] Save train_prediction_log data...
2023-05-29 19:59:13,105 [INFO] {'Data': 'train', 'ACC': '1.0 (125 / 125)', 'TP': 50, 'FP': 0, 'FN': 0, 'TN': 75, 'Precision': '1.0 (50 / 50 + 0)', 'Recall': '1.0 (50 / 50 + 0)', 'F1': '1.0 (2 * (1.0 * 1.0) / 1.0 + 1.0)', 'Specificity': '1.0 (75 / 75 + 0)', 'AUC': 1.0, 'r2': 1.0}
2023-05-29 19:59:13,109 [INFO] Save valid_prediction_log data...
2023-05-29 19:59:13,111 [INFO] {'Data': 'valid', 'ACC': '1.0 (31 / 31)', 'TP': 12, 'FP': 0, 'FN': 0, 'TN': 19, 'Precision': '1.0 (12 / 12 + 0)', 'Recall': '1.0 (12 / 12 + 0)', 'F1': '1.0 (2 * (1.0 * 1.0) / 1.0 + 1.0)', 'Specificity': '1.0 (19 / 19 + 0)', 'AUC': 1.0, 'r2': 1.0}
2023-05-29 19:59:13,121 [INFO] Save test_prediction_log data...
2023-05-29 19:59:13,123 [INFO] {'Data': 'test', 'ACC': '0.71 (22 / 31)', 'TP': 8, 'FP': 5, 'FN': 4, 'TN': 14, 'Precision': '0.62 (8 / 8 + 5)', 'Recall': '0.67 (8 / 8 + 4)', 'F1': '0.64 (2 * (0.67 * 0.62) / 0.67 + 0.62)', 'Specificity': '0.74 (14 / 14 + 5)', 'AUC': 0.7, 'r2': -0.22}
2023-05-29 19:59:13,125 [INFO] Save training_log data...
2023-05-29 19:59:13,130 [INFO] Save score_log data...
2023-05-29 19:59:13,130 [INFO] Time : 101.89080619812012
