2023-05-27 14:55:30,576 [INFO] Train data : Vary_params_CDK2_EGFR_LCK\DUD-E\CDK2\nG1_20\ECFP4_512bits\MinMax\CDK2_train_vector.tsv
2023-05-27 14:55:30,576 [INFO] Valid data : Vary_params_CDK2_EGFR_LCK\DUD-E\CDK2\nG1_20\ECFP4_512bits\MinMax\CDK2_valid_vector.tsv
2023-05-27 14:55:30,576 [INFO] Output path : Vary_params_CDK2_EGFR_LCK\DUD-E\CDK2\nG1_20\ECFP4_512bits\MinMax\CDK2_model\SVM
2023-05-27 14:55:30,576 [INFO] Model type : SVM
2023-05-27 14:55:30,576 [INFO] Use cores : 19
2023-05-27 14:55:30,612 [INFO] Start Learning model
2023-05-27 14:55:30,612 [INFO] Train : 878 | Valid : 212
2023-05-27 14:55:30,612 [INFO] Set parameters : {'kernel': ['linear', 'rbf'], 'C': [0.01, 0.1, 1, 10, 100, 1000], 'gamma': [0.01, 0.1, 1, 100, 1000]}
2023-05-27 14:55:42,403 [INFO] GridSearchCV results :
    mean_valid_accuracy  mean_valid_precision  mean_valid_auc
43             0.844018              1.000000        0.814452
23             0.817855              1.000000        0.783333
53             0.844018              1.000000        0.814452
11             0.728997              1.000000        0.677703
33             0.844018              1.000000        0.814452
21             0.931609              0.941601        0.927005
0              0.914551              0.928344        0.908181
2              0.914551              0.928344        0.908181
4              0.914551              0.928344        0.908181
6              0.914551              0.928344        0.908181
8              0.914551              0.928344        0.908181
51             0.943012              0.924295        0.943522
41             0.943012              0.924295        0.943522
31             0.943012              0.924295        0.943522
14             0.920219              0.899132        0.920205
18             0.920219              0.899132        0.920205
10             0.920219              0.899132        0.920205
16             0.920219              0.899132        0.920205
12             0.920219              0.899132        0.920205
50             0.917973              0.894273        0.917853
48             0.917973              0.894273        0.917853
46             0.917973              0.894273        0.917853
44             0.917973              0.894273        0.917853
52             0.917973              0.894273        0.917853
56             0.917973              0.894273        0.917853
42             0.917973              0.894273        0.917853
58             0.917973              0.894273        0.917853
40             0.917973              0.894273        0.917853
38             0.917973              0.894273        0.917853
36             0.917973              0.894273        0.917853
34             0.917973              0.894273        0.917853
54             0.917973              0.894273        0.917853
30             0.917973              0.894273        0.917853
32             0.917973              0.894273        0.917853
28             0.917973              0.894273        0.917853
22             0.917973              0.894273        0.917853
24             0.917973              0.894273        0.917853
26             0.917973              0.894273        0.917853
20             0.917973              0.894273        0.917853
39             0.579728              0.000000        0.500000
17             0.579728              0.000000        0.500000
3              0.579728              0.000000        0.500000
57             0.579728              0.000000        0.500000
5              0.579728              0.000000        0.500000
55             0.579728              0.000000        0.500000
7              0.579728              0.000000        0.500000
9              0.579728              0.000000        0.500000
13             0.579728              0.000000        0.500000
15             0.579728              0.000000        0.500000
49             0.579728              0.000000        0.500000
27             0.579728              0.000000        0.500000
19             0.579728              0.000000        0.500000
47             0.579728              0.000000        0.500000
1              0.579728              0.000000        0.500000
45             0.579728              0.000000        0.500000
35             0.579728              0.000000        0.500000
29             0.579728              0.000000        0.500000
25             0.579728              0.000000        0.500000
37             0.579728              0.000000        0.500000
59             0.579728              0.000000        0.500000
2023-05-27 14:55:42,404 [INFO] Best model :
SVC(C=0.1, gamma=0.01, random_state=42)
2023-05-27 14:55:42,503 [INFO] Save train_prediction_log data...
2023-05-27 14:55:42,506 [INFO] {'Data': 'train', 'ACC': '0.79 (694 / 878)', 'TP': 185, 'FP': 0, 'FN': 184, 'TN': 509, 'Precision': '1.0 (185 / 185 + 0)', 'Recall': '0.5 (185 / 185 + 184)', 'F1': '0.67 (2 * (0.5 * 1.0) / 0.5 + 1.0)', 'Specificity': '1.0 (509 / 509 + 0)', 'AUC': 0.75, 'r2': 0.14}
2023-05-27 14:55:42,533 [INFO] Save valid_prediction_log data...
2023-05-27 14:55:42,535 [INFO] {'Data': 'valid', 'ACC': '0.9 (190 / 212)', 'TP': 63, 'FP': 0, 'FN': 22, 'TN': 127, 'Precision': '1.0 (63 / 63 + 0)', 'Recall': '0.74 (63 / 63 + 22)', 'F1': '0.85 (2 * (0.74 * 1.0) / 0.74 + 1.0)', 'Specificity': '1.0 (127 / 127 + 0)', 'AUC': 0.87, 'r2': 0.57}
2023-05-27 14:55:42,573 [INFO] Save test_prediction_log data...
2023-05-27 14:55:42,575 [INFO] {'Data': 'test', 'ACC': '0.64 (135 / 212)', 'TP': 22, 'FP': 14, 'FN': 63, 'TN': 113, 'Precision': '0.61 (22 / 22 + 14)', 'Recall': '0.26 (22 / 22 + 63)', 'F1': '0.36 (2 * (0.26 * 0.61) / 0.26 + 0.61)', 'Specificity': '0.89 (113 / 113 + 14)', 'AUC': 0.57, 'r2': -0.51}
2023-05-27 14:55:42,578 [INFO] Save training_log data...
2023-05-27 14:55:42,580 [INFO] Save score_log data...
2023-05-27 14:55:42,581 [INFO] Time : 12.00568437576294
