2023-05-29 05:50:49,872 [INFO] Train data : Vary_params_CDK2_EGFR_LCK\DUD-E\LCK\nG1_20\ECFP6_512bits\Standard\LCK_train_vector.tsv
2023-05-29 05:50:49,872 [INFO] Valid data : Vary_params_CDK2_EGFR_LCK\DUD-E\LCK\nG1_20\ECFP6_512bits\Standard\LCK_valid_vector.tsv
2023-05-29 05:50:49,872 [INFO] Output path : Vary_params_CDK2_EGFR_LCK\DUD-E\LCK\nG1_20\ECFP6_512bits\Standard\LCK_model\SVM
2023-05-29 05:50:49,872 [INFO] Model type : SVM
2023-05-29 05:50:49,872 [INFO] Use cores : 19
2023-05-29 05:50:49,940 [INFO] Start Learning model
2023-05-29 05:50:49,940 [INFO] Train : 766 | Valid : 185
2023-05-29 05:50:49,940 [INFO] Set parameters : {'kernel': ['linear', 'rbf'], 'C': [0.01, 0.1, 1, 10, 100, 1000], 'gamma': [0.01, 0.1, 1, 100, 1000]}
2023-05-29 05:50:59,005 [INFO] GridSearchCV results :
    mean_valid_accuracy  mean_valid_precision  mean_valid_auc
31             0.684176              1.000000        0.626705
21             0.644925              1.000000        0.580208
51             0.684176              1.000000        0.626705
41             0.684176              1.000000        0.626705
0              0.947864              0.943661        0.946528
2              0.947864              0.943661        0.946528
4              0.947864              0.943661        0.946528
6              0.947864              0.943661        0.946528
8              0.947864              0.943661        0.946528
42             0.946548              0.943397        0.944965
32             0.946548              0.943397        0.944965
34             0.946548              0.943397        0.944965
36             0.946548              0.943397        0.944965
38             0.946548              0.943397        0.944965
40             0.946548              0.943397        0.944965
48             0.946548              0.943397        0.944965
44             0.946548              0.943397        0.944965
46             0.946548              0.943397        0.944965
26             0.946548              0.943397        0.944965
50             0.946548              0.943397        0.944965
52             0.946548              0.943397        0.944965
54             0.946548              0.943397        0.944965
56             0.946548              0.943397        0.944965
58             0.946548              0.943397        0.944965
28             0.946548              0.943397        0.944965
30             0.946548              0.943397        0.944965
18             0.946548              0.943397        0.944965
24             0.946548              0.943397        0.944965
14             0.946548              0.943397        0.944965
12             0.946548              0.943397        0.944965
22             0.946548              0.943397        0.944965
16             0.946548              0.943397        0.944965
20             0.946548              0.943397        0.944965
10             0.946548              0.943397        0.944965
25             0.577033              0.000000        0.500000
49             0.577033              0.000000        0.500000
11             0.577033              0.000000        0.500000
53             0.577033              0.000000        0.500000
9              0.577033              0.000000        0.500000
13             0.577033              0.000000        0.500000
7              0.577033              0.000000        0.500000
55             0.577033              0.000000        0.500000
5              0.577033              0.000000        0.500000
57             0.577033              0.000000        0.500000
3              0.577033              0.000000        0.500000
47             0.577033              0.000000        0.500000
43             0.577033              0.000000        0.500000
45             0.577033              0.000000        0.500000
27             0.577033              0.000000        0.500000
15             0.577033              0.000000        0.500000
17             0.577033              0.000000        0.500000
39             0.577033              0.000000        0.500000
37             0.577033              0.000000        0.500000
19             0.577033              0.000000        0.500000
35             0.577033              0.000000        0.500000
33             0.577033              0.000000        0.500000
23             0.577033              0.000000        0.500000
1              0.577033              0.000000        0.500000
29             0.577033              0.000000        0.500000
59             0.577033              0.000000        0.500000
2023-05-29 05:50:59,006 [INFO] Best model :
SVC(C=1, gamma=0.01, random_state=42)
2023-05-29 05:50:59,095 [INFO] Save train_prediction_log data...
2023-05-29 05:50:59,098 [INFO] {'Data': 'train', 'ACC': '1.0 (766 / 766)', 'TP': 324, 'FP': 0, 'FN': 0, 'TN': 442, 'Precision': '1.0 (324 / 324 + 0)', 'Recall': '1.0 (324 / 324 + 0)', 'F1': '1.0 (2 * (1.0 * 1.0) / 1.0 + 1.0)', 'Specificity': '1.0 (442 / 442 + 0)', 'AUC': 1.0, 'r2': 1.0}
2023-05-29 05:50:59,122 [INFO] Save valid_prediction_log data...
2023-05-29 05:50:59,124 [INFO] {'Data': 'valid', 'ACC': '0.88 (163 / 185)', 'TP': 52, 'FP': 0, 'FN': 22, 'TN': 111, 'Precision': '1.0 (52 / 52 + 0)', 'Recall': '0.7 (52 / 52 + 22)', 'F1': '0.82 (2 * (0.7 * 1.0) / 0.7 + 1.0)', 'Specificity': '1.0 (111 / 111 + 0)', 'AUC': 0.85, 'r2': 0.5}
2023-05-29 05:50:59,165 [INFO] Save test_prediction_log data...
2023-05-29 05:50:59,167 [INFO] {'Data': 'test', 'ACC': '0.63 (117 / 185)', 'TP': 7, 'FP': 1, 'FN': 67, 'TN': 110, 'Precision': '0.88 (7 / 7 + 1)', 'Recall': '0.09 (7 / 7 + 67)', 'F1': '0.16 (2 * (0.09 * 0.88) / 0.09 + 0.88)', 'Specificity': '0.99 (110 / 110 + 1)', 'AUC': 0.54, 'r2': -0.53}
2023-05-29 05:50:59,170 [INFO] Save training_log data...
2023-05-29 05:50:59,172 [INFO] Save score_log data...
2023-05-29 05:50:59,173 [INFO] Time : 9.301352262496948
