2023-05-27 20:31:28,562 [INFO] Train data : Vary_params\DUD-E\PLK1\nG1_50\ECFP6_256bits\MinMax\PLK1_train_vector.tsv
2023-05-27 20:31:28,562 [INFO] Valid data : Vary_params\DUD-E\PLK1\nG1_50\ECFP6_256bits\MinMax\PLK1_valid_vector.tsv
2023-05-27 20:31:28,562 [INFO] Output path : Vary_params\DUD-E\PLK1\nG1_50\ECFP6_256bits\MinMax\PLK1_model\SVM
2023-05-27 20:31:28,562 [INFO] Model type : SVM
2023-05-27 20:31:28,562 [INFO] Use cores : 10
2023-05-27 20:31:28,576 [INFO] Start Learning model
2023-05-27 20:31:28,577 [INFO] Train : 114 | Valid : 28
2023-05-27 20:31:28,577 [INFO] Set parameters : {'kernel': ['linear', 'rbf'], 'C': [0.01, 0.1, 1, 10, 100, 1000], 'gamma': [0.01, 0.1, 1, 100, 1000]}
2023-05-27 20:31:34,560 [INFO] GridSearchCV results :
    mean_valid_accuracy  mean_valid_precision  mean_valid_auc
0              0.956818                   1.0           0.945
22             0.975000                   1.0           0.970
26             0.975000                   1.0           0.970
28             0.975000                   1.0           0.970
31             0.975000                   1.0           0.970
32             0.975000                   1.0           0.970
34             0.975000                   1.0           0.970
36             0.975000                   1.0           0.970
38             0.975000                   1.0           0.970
40             0.975000                   1.0           0.970
41             0.975000                   1.0           0.970
42             0.975000                   1.0           0.970
44             0.975000                   1.0           0.970
46             0.975000                   1.0           0.970
48             0.975000                   1.0           0.970
50             0.975000                   1.0           0.970
51             0.975000                   1.0           0.970
52             0.975000                   1.0           0.970
54             0.975000                   1.0           0.970
56             0.975000                   1.0           0.970
58             0.975000                   1.0           0.970
24             0.975000                   1.0           0.970
30             0.975000                   1.0           0.970
12             0.975000                   1.0           0.970
14             0.975000                   1.0           0.970
2              0.956818                   1.0           0.945
20             0.975000                   1.0           0.970
4              0.956818                   1.0           0.945
6              0.956818                   1.0           0.945
8              0.956818                   1.0           0.945
18             0.975000                   1.0           0.970
10             0.975000                   1.0           0.970
16             0.975000                   1.0           0.970
21             0.956818                   1.0           0.945
53             0.817424                   0.8           0.770
43             0.817424                   0.8           0.770
23             0.800000                   0.8           0.750
33             0.817424                   0.8           0.770
37             0.596970                   0.0           0.500
49             0.596970                   0.0           0.500
25             0.596970                   0.0           0.500
57             0.596970                   0.0           0.500
3              0.596970                   0.0           0.500
55             0.596970                   0.0           0.500
27             0.596970                   0.0           0.500
19             0.596970                   0.0           0.500
5              0.596970                   0.0           0.500
29             0.596970                   0.0           0.500
7              0.596970                   0.0           0.500
1              0.596970                   0.0           0.500
15             0.596970                   0.0           0.500
47             0.596970                   0.0           0.500
9              0.596970                   0.0           0.500
45             0.596970                   0.0           0.500
17             0.596970                   0.0           0.500
11             0.596970                   0.0           0.500
35             0.596970                   0.0           0.500
13             0.596970                   0.0           0.500
39             0.596970                   0.0           0.500
59             0.596970                   0.0           0.500
2023-05-27 20:31:34,562 [INFO] Best model :
SVC(C=0.01, gamma=0.01, kernel='linear', random_state=42)
2023-05-27 20:31:34,567 [INFO] Save train_prediction_log data...
2023-05-27 20:31:34,571 [INFO] {'Data': 'train', 'ACC': '0.98 (112 / 114)', 'TP': 44, 'FP': 0, 'FN': 2, 'TN': 68, 'Precision': '1.0 (44 / 44 + 0)', 'Recall': '0.96 (44 / 44 + 2)', 'F1': '0.98 (2 * (0.96 * 1.0) / 0.96 + 1.0)', 'Specificity': '1.0 (68 / 68 + 0)', 'AUC': 0.98, 'r2': 0.93}
2023-05-27 20:31:34,576 [INFO] Save valid_prediction_log data...
2023-05-27 20:31:34,579 [INFO] {'Data': 'valid', 'ACC': '1.0 (28 / 28)', 'TP': 11, 'FP': 0, 'FN': 0, 'TN': 17, 'Precision': '1.0 (11 / 11 + 0)', 'Recall': '1.0 (11 / 11 + 0)', 'F1': '1.0 (2 * (1.0 * 1.0) / 1.0 + 1.0)', 'Specificity': '1.0 (17 / 17 + 0)', 'AUC': 1.0, 'r2': 1.0}
2023-05-27 20:31:34,593 [INFO] Save test_prediction_log data...
2023-05-27 20:31:34,596 [INFO] {'Data': 'test', 'ACC': '0.61 (17 / 28)', 'TP': 1, 'FP': 1, 'FN': 10, 'TN': 16, 'Precision': '0.5 (1 / 1 + 1)', 'Recall': '0.09 (1 / 1 + 10)', 'F1': '0.15 (2 * (0.09 * 0.5) / 0.09 + 0.5)', 'Specificity': '0.94 (16 / 16 + 1)', 'AUC': 0.52, 'r2': -0.65}
2023-05-27 20:31:34,598 [INFO] Save training_log data...
2023-05-27 20:31:34,600 [INFO] Save score_log data...
2023-05-27 20:31:34,601 [INFO] Time : 6.038511753082275
