2023-05-27 16:36:08,117 [INFO] Train data : Vary_params\DUD-E\PLK1\nG1_20\ECFP4_512bits\MinMax\PLK1_train_vector.tsv
2023-05-27 16:36:08,118 [INFO] Valid data : Vary_params\DUD-E\PLK1\nG1_20\ECFP4_512bits\MinMax\PLK1_valid_vector.tsv
2023-05-27 16:36:08,118 [INFO] Output path : Vary_params\DUD-E\PLK1\nG1_20\ECFP4_512bits\MinMax\PLK1_model\XGB
2023-05-27 16:36:08,118 [INFO] Model type : XGB
2023-05-27 16:36:08,118 [INFO] Use cores : 10
2023-05-27 16:36:08,139 [INFO] Start Learning model
2023-05-27 16:36:08,139 [INFO] Train : 144 | Valid : 28
2023-05-27 16:36:08,140 [INFO] Set parameters : {'max_depth': [4, 6, 8], 'learning_rate': [0.01, 0.2], 'n_estimators': [200, 600, 1000], 'gamma': [0, 1000], 'min_child_weight': [1, 3], 'subsample': [0.5, 1], 'colsample_bytree': [0.5, 1], 'objective': ['binary:logitraw'], 'eval_metric': ['auc', 'error']}
2023-05-27 16:46:57,578 [INFO] GridSearchCV results :
     mean_valid_accuracy  mean_valid_precision  mean_valid_auc
0               0.899524                   1.0         0.90625
302             0.926190                   1.0         0.93125
299             0.946667                   1.0         0.95000
297             0.940000                   1.0         0.94375
296             0.906190                   1.0         0.91250
..                   ...                   ...             ...
98              0.472381                   0.0         0.50000
99              0.472381                   0.0         0.50000
100             0.472381                   0.0         0.50000
101             0.472381                   0.0         0.50000
575             0.472381                   0.0         0.50000

[576 rows x 3 columns]
2023-05-27 16:46:57,580 [INFO] Best model :
XGBClassifier(base_score=None, booster=None, callbacks=None,
              colsample_bylevel=None, colsample_bynode=None,
              colsample_bytree=0.5, early_stopping_rounds=None,
              enable_categorical=False, eval_metric='auc', feature_types=None,
              gamma=0, gpu_id=None, grow_policy=None, importance_type=None,
              interaction_constraints=None, learning_rate=0.01, max_bin=None,
              max_cat_threshold=None, max_cat_to_onehot=None,
              max_delta_step=None, max_depth=4, max_leaves=None,
              min_child_weight=1, missing=nan, monotone_constraints=None,
              n_estimators=200, n_jobs=0, num_parallel_tree=None,
              objective='binary:logitraw', predictor=None, ...)
2023-05-27 16:46:57,595 [INFO] Save train_prediction_log data...
2023-05-27 16:46:57,598 [INFO] {'Data': 'train', 'ACC': '0.99 (143 / 144)', 'TP': 75, 'FP': 0, 'FN': 1, 'TN': 68, 'Precision': '1.0 (75 / 75 + 0)', 'Recall': '0.99 (75 / 75 + 1)', 'F1': '0.99 (2 * (0.99 * 1.0) / 0.99 + 1.0)', 'Specificity': '1.0 (68 / 68 + 0)', 'AUC': 0.99, 'r2': 0.97}
2023-05-27 16:46:57,611 [INFO] Save valid_prediction_log data...
2023-05-27 16:46:57,613 [INFO] {'Data': 'valid', 'ACC': '1.0 (28 / 28)', 'TP': 11, 'FP': 0, 'FN': 0, 'TN': 17, 'Precision': '1.0 (11 / 11 + 0)', 'Recall': '1.0 (11 / 11 + 0)', 'F1': '1.0 (2 * (1.0 * 1.0) / 1.0 + 1.0)', 'Specificity': '1.0 (17 / 17 + 0)', 'AUC': 1.0, 'r2': 1.0}
2023-05-27 16:46:57,638 [INFO] Save test_prediction_log data...
2023-05-27 16:46:57,642 [INFO] {'Data': 'test', 'ACC': '0.71 (20 / 28)', 'TP': 4, 'FP': 1, 'FN': 7, 'TN': 16, 'Precision': '0.8 (4 / 4 + 1)', 'Recall': '0.36 (4 / 4 + 7)', 'F1': '0.5 (2 * (0.36 * 0.8) / 0.36 + 0.8)', 'Specificity': '0.94 (16 / 16 + 1)', 'AUC': 0.65, 'r2': -0.2}
2023-05-27 16:46:57,646 [INFO] Save training_log data...
2023-05-27 16:46:57,650 [INFO] Save score_log data...
2023-05-27 16:46:57,651 [INFO] Time : 649.534111738205
