2023-05-27 16:59:55,830 [INFO] Train data : Vary_params_A\DUD-E\JAK2\nG1_80\ECFP4_256bits\Standard\JAK2_train_vector.tsv
2023-05-27 16:59:55,830 [INFO] Valid data : Vary_params_A\DUD-E\JAK2\nG1_80\ECFP4_256bits\Standard\JAK2_valid_vector.tsv
2023-05-27 16:59:55,831 [INFO] Output path : Vary_params_A\DUD-E\JAK2\nG1_80\ECFP4_256bits\Standard\JAK2_model\MLP
2023-05-27 16:59:55,831 [INFO] Model type : MLP
2023-05-27 16:59:55,831 [INFO] Use cores : 3
2023-05-27 16:59:55,855 [INFO] Start Learning model
2023-05-27 16:59:55,856 [INFO] Train : 82 | Valid : 28
2023-05-27 16:59:55,856 [INFO] Set parameters : {'hidden_layer_sizes': [(50,), (100,), (50, 50), (100, 100)], 'learning_rate': ['constant', 'invscaling', 'adaptive'], 'activation': ['relu', 'identity', 'logistic', 'tanh'], 'solver': ['adam', 'sgd', 'lbfgs'], 'alpha': [0.1, 0.01, 0.001], 'max_iter': [500, 1000], 'early_stopping': [True]}
2023-05-27 17:04:13,834 [INFO] GridSearchCV results :
     mean_valid_accuracy  mean_valid_precision  mean_valid_auc
689             0.965278                   1.0        0.925000
206             0.965278                   1.0        0.925000
209             0.965278                   1.0        0.925000
212             0.965278                   1.0        0.925000
695             0.965278                   1.0        0.925000
..                   ...                   ...             ...
549             0.818056                   0.0        0.500000
550             0.793056                   0.0        0.484524
552             0.818056                   0.0        0.500000
553             0.793056                   0.0        0.484524
628             0.793056                   0.0        0.484524

[864 rows x 3 columns]
2023-05-27 17:04:13,836 [INFO] Best model :
MLPClassifier(alpha=0.1, early_stopping=True, hidden_layer_sizes=(50,),
              max_iter=500, random_state=42, solver='lbfgs')
2023-05-27 17:04:13,843 [INFO] Save train_prediction_log data...
2023-05-27 17:04:13,848 [INFO] {'Data': 'train', 'ACC': '1.0 (82 / 82)', 'TP': 15, 'FP': 0, 'FN': 0, 'TN': 67, 'Precision': '1.0 (15 / 15 + 0)', 'Recall': '1.0 (15 / 15 + 0)', 'F1': '1.0 (2 * (1.0 * 1.0) / 1.0 + 1.0)', 'Specificity': '1.0 (67 / 67 + 0)', 'AUC': 1.0, 'r2': 1.0}
2023-05-27 17:04:13,854 [INFO] Save valid_prediction_log data...
2023-05-27 17:04:13,857 [INFO] {'Data': 'valid', 'ACC': '0.93 (26 / 28)', 'TP': 9, 'FP': 0, 'FN': 2, 'TN': 17, 'Precision': '1.0 (9 / 9 + 0)', 'Recall': '0.82 (9 / 9 + 2)', 'F1': '0.9 (2 * (0.82 * 1.0) / 0.82 + 1.0)', 'Specificity': '1.0 (17 / 17 + 0)', 'AUC': 0.91, 'r2': 0.7}
2023-05-27 17:04:13,872 [INFO] Save test_prediction_log data...
2023-05-27 17:04:13,875 [INFO] {'Data': 'test', 'ACC': '0.61 (17 / 28)', 'TP': 0, 'FP': 0, 'FN': 11, 'TN': 17, 'Precision': '0 (0 / 0 + 0)', 'Recall': '0 (0 / 0 + 11)', 'F1': '0 (2 * (0 * 0) / 0 + 0)', 'Specificity': '1.0 (17 / 17 + 0)', 'AUC': 0.5, 'r2': -0.65}
2023-05-27 17:04:13,878 [INFO] Save training_log data...
2023-05-27 17:04:13,885 [INFO] Save score_log data...
2023-05-27 17:04:13,887 [INFO] Time : 258.0567922592163
