2023-05-28 06:53:09,969 [INFO] Train data : Vary_params_A\DUD-E\MK10\nG1_20\ECFP6_256bits\Robust\MK10_train_vector.tsv
2023-05-28 06:53:09,969 [INFO] Valid data : Vary_params_A\DUD-E\MK10\nG1_20\ECFP6_256bits\Robust\MK10_valid_vector.tsv
2023-05-28 06:53:09,969 [INFO] Output path : Vary_params_A\DUD-E\MK10\nG1_20\ECFP6_256bits\Robust\MK10_model\MLP
2023-05-28 06:53:09,969 [INFO] Model type : MLP
2023-05-28 06:53:09,969 [INFO] Use cores : 3
2023-05-28 06:53:09,987 [INFO] Start Learning model
2023-05-28 06:53:09,987 [INFO] Train : 134 | Valid : 26
2023-05-28 06:53:09,987 [INFO] Set parameters : {'hidden_layer_sizes': [(50,), (100,), (50, 50), (100, 100)], 'learning_rate': ['constant', 'invscaling', 'adaptive'], 'activation': ['relu', 'identity', 'logistic', 'tanh'], 'solver': ['adam', 'sgd', 'lbfgs'], 'alpha': [0.1, 0.01, 0.001], 'max_iter': [500, 1000], 'early_stopping': [True]}
2023-05-28 06:59:12,304 [INFO] GridSearchCV results :
     mean_valid_accuracy  mean_valid_precision  mean_valid_auc
614             0.814286              0.835913        0.812500
617             0.814286              0.835913        0.812500
620             0.814286              0.835913        0.812500
623             0.814286              0.835913        0.812500
626             0.814286              0.835913        0.812500
..                   ...                   ...             ...
529             0.447802              0.316667        0.472024
460             0.447802              0.316667        0.472024
601             0.447802              0.316667        0.472024
532             0.447802              0.316667        0.472024
604             0.447802              0.316667        0.472024

[864 rows x 3 columns]
2023-05-28 06:59:12,306 [INFO] Best model :
MLPClassifier(activation='logistic', alpha=0.001, early_stopping=True,
              hidden_layer_sizes=(50, 50), max_iter=500, random_state=42,
              solver='lbfgs')
2023-05-28 06:59:12,311 [INFO] Save train_prediction_log data...
2023-05-28 06:59:12,316 [INFO] {'Data': 'train', 'ACC': '1.0 (134 / 134)', 'TP': 72, 'FP': 0, 'FN': 0, 'TN': 62, 'Precision': '1.0 (72 / 72 + 0)', 'Recall': '1.0 (72 / 72 + 0)', 'F1': '1.0 (2 * (1.0 * 1.0) / 1.0 + 1.0)', 'Specificity': '1.0 (62 / 62 + 0)', 'AUC': 1.0, 'r2': 1.0}
2023-05-28 06:59:12,321 [INFO] Save valid_prediction_log data...
2023-05-28 06:59:12,325 [INFO] {'Data': 'valid', 'ACC': '0.88 (23 / 26)', 'TP': 10, 'FP': 3, 'FN': 0, 'TN': 13, 'Precision': '0.77 (10 / 10 + 3)', 'Recall': '1.0 (10 / 10 + 0)', 'F1': '0.87 (2 * (1.0 * 0.77) / 1.0 + 0.77)', 'Specificity': '0.81 (13 / 13 + 3)', 'AUC': 0.91, 'r2': 0.51}
2023-05-28 06:59:12,338 [INFO] Save test_prediction_log data...
2023-05-28 06:59:12,341 [INFO] {'Data': 'test', 'ACC': '0.65 (17 / 26)', 'TP': 8, 'FP': 7, 'FN': 2, 'TN': 9, 'Precision': '0.53 (8 / 8 + 7)', 'Recall': '0.8 (8 / 8 + 2)', 'F1': '0.64 (2 * (0.8 * 0.53) / 0.8 + 0.53)', 'Specificity': '0.56 (9 / 9 + 7)', 'AUC': 0.68, 'r2': -0.46}
2023-05-28 06:59:12,344 [INFO] Save training_log data...
2023-05-28 06:59:12,352 [INFO] Save score_log data...
2023-05-28 06:59:12,353 [INFO] Time : 362.3848774433136
