2023-05-27 18:25:56,278 [INFO] Train data : Vary_params_A\DUD-E\JAK2\nG1_80\ECFP4_512bits\Robust\JAK2_train_vector.tsv
2023-05-27 18:25:56,278 [INFO] Valid data : Vary_params_A\DUD-E\JAK2\nG1_80\ECFP4_512bits\Robust\JAK2_valid_vector.tsv
2023-05-27 18:25:56,278 [INFO] Output path : Vary_params_A\DUD-E\JAK2\nG1_80\ECFP4_512bits\Robust\JAK2_model\MLP
2023-05-27 18:25:56,278 [INFO] Model type : MLP
2023-05-27 18:25:56,278 [INFO] Use cores : 3
2023-05-27 18:25:56,310 [INFO] Start Learning model
2023-05-27 18:25:56,310 [INFO] Train : 82 | Valid : 28
2023-05-27 18:25:56,310 [INFO] Set parameters : {'hidden_layer_sizes': [(50,), (100,), (50, 50), (100, 100)], 'learning_rate': ['constant', 'invscaling', 'adaptive'], 'activation': ['relu', 'identity', 'logistic', 'tanh'], 'solver': ['adam', 'sgd', 'lbfgs'], 'alpha': [0.1, 0.01, 0.001], 'max_iter': [500, 1000], 'early_stopping': [True]}
2023-05-27 18:35:59,094 [INFO] GridSearchCV results :
     mean_valid_accuracy  mean_valid_precision  mean_valid_auc
278             0.952778              0.966667        0.916667
68              0.952778              0.966667        0.916667
473             0.952778              0.966667        0.916667
470             0.952778              0.966667        0.916667
467             0.952778              0.966667        0.916667
..                   ...                   ...             ...
598             0.669444              0.000000        0.409524
607             0.669444              0.000000        0.409524
610             0.669444              0.000000        0.409524
612             0.818056              0.000000        0.500000
570             0.818056              0.000000        0.500000

[864 rows x 3 columns]
2023-05-27 18:35:59,096 [INFO] Best model :
MLPClassifier(alpha=0.1, early_stopping=True, hidden_layer_sizes=(50,),
              max_iter=500, random_state=42, solver='lbfgs')
2023-05-27 18:35:59,103 [INFO] Save train_prediction_log data...
2023-05-27 18:35:59,107 [INFO] {'Data': 'train', 'ACC': '1.0 (82 / 82)', 'TP': 15, 'FP': 0, 'FN': 0, 'TN': 67, 'Precision': '1.0 (15 / 15 + 0)', 'Recall': '1.0 (15 / 15 + 0)', 'F1': '1.0 (2 * (1.0 * 1.0) / 1.0 + 1.0)', 'Specificity': '1.0 (67 / 67 + 0)', 'AUC': 1.0, 'r2': 1.0}
2023-05-27 18:35:59,114 [INFO] Save valid_prediction_log data...
2023-05-27 18:35:59,118 [INFO] {'Data': 'valid', 'ACC': '0.96 (27 / 28)', 'TP': 10, 'FP': 0, 'FN': 1, 'TN': 17, 'Precision': '1.0 (10 / 10 + 0)', 'Recall': '0.91 (10 / 10 + 1)', 'F1': '0.95 (2 * (0.91 * 1.0) / 0.91 + 1.0)', 'Specificity': '1.0 (17 / 17 + 0)', 'AUC': 0.95, 'r2': 0.85}
2023-05-27 18:35:59,139 [INFO] Save test_prediction_log data...
2023-05-27 18:35:59,142 [INFO] {'Data': 'test', 'ACC': '0.57 (16 / 28)', 'TP': 2, 'FP': 3, 'FN': 9, 'TN': 14, 'Precision': '0.4 (2 / 2 + 3)', 'Recall': '0.18 (2 / 2 + 9)', 'F1': '0.25 (2 * (0.18 * 0.4) / 0.18 + 0.4)', 'Specificity': '0.82 (14 / 14 + 3)', 'AUC': 0.5, 'r2': -0.8}
2023-05-27 18:35:59,146 [INFO] Save training_log data...
2023-05-27 18:35:59,153 [INFO] Save score_log data...
2023-05-27 18:35:59,154 [INFO] Time : 602.8760685920715
