2023-05-29 07:03:35,138 [INFO] Train data : Vary_params\DUD-E\KPCB\nG1_50\ECFP6_512bits\Robust\KPCB_train_vector.tsv
2023-05-29 07:03:35,138 [INFO] Valid data : Vary_params\DUD-E\KPCB\nG1_50\ECFP6_512bits\Robust\KPCB_valid_vector.tsv
2023-05-29 07:03:35,138 [INFO] Output path : Vary_params\DUD-E\KPCB\nG1_50\ECFP6_512bits\Robust\KPCB_model\SVM
2023-05-29 07:03:35,138 [INFO] Model type : SVM
2023-05-29 07:03:35,138 [INFO] Use cores : 11
2023-05-29 07:03:35,164 [INFO] Start Learning model
2023-05-29 07:03:35,164 [INFO] Train : 168 | Valid : 42
2023-05-29 07:03:35,164 [INFO] Set parameters : {'kernel': ['linear', 'rbf'], 'C': [0.01, 0.1, 1, 10, 100, 1000], 'gamma': [0.01, 0.1, 1, 100, 1000]}
2023-05-29 07:03:39,006 [INFO] GridSearchCV results :
    mean_valid_accuracy  mean_valid_precision  mean_valid_auc
0              0.976471                0.9875        0.973571
20             0.976471                0.9875        0.973571
24             0.976471                0.9875        0.973571
26             0.976471                0.9875        0.973571
28             0.976471                0.9875        0.973571
32             0.976471                0.9875        0.973571
34             0.976471                0.9875        0.973571
36             0.976471                0.9875        0.973571
38             0.976471                0.9875        0.973571
40             0.976471                0.9875        0.973571
42             0.976471                0.9875        0.973571
44             0.976471                0.9875        0.973571
46             0.976471                0.9875        0.973571
48             0.976471                0.9875        0.973571
50             0.976471                0.9875        0.973571
52             0.976471                0.9875        0.973571
54             0.976471                0.9875        0.973571
56             0.976471                0.9875        0.973571
58             0.976471                0.9875        0.973571
22             0.976471                0.9875        0.973571
30             0.976471                0.9875        0.973571
10             0.976471                0.9875        0.973571
2              0.976471                0.9875        0.973571
18             0.976471                0.9875        0.973571
8              0.976471                0.9875        0.973571
16             0.976471                0.9875        0.973571
4              0.976471                0.9875        0.973571
12             0.976471                0.9875        0.973571
6              0.976471                0.9875        0.973571
14             0.976471                0.9875        0.973571
49             0.601471                0.0000        0.500000
9              0.601471                0.0000        0.500000
45             0.601471                0.0000        0.500000
47             0.601471                0.0000        0.500000
7              0.601471                0.0000        0.500000
21             0.601471                0.0000        0.500000
43             0.601471                0.0000        0.500000
5              0.601471                0.0000        0.500000
53             0.601471                0.0000        0.500000
55             0.601471                0.0000        0.500000
3              0.601471                0.0000        0.500000
57             0.601471                0.0000        0.500000
51             0.601471                0.0000        0.500000
11             0.601471                0.0000        0.500000
41             0.601471                0.0000        0.500000
19             0.601471                0.0000        0.500000
39             0.601471                0.0000        0.500000
37             0.601471                0.0000        0.500000
13             0.601471                0.0000        0.500000
35             0.601471                0.0000        0.500000
33             0.601471                0.0000        0.500000
15             0.601471                0.0000        0.500000
31             0.601471                0.0000        0.500000
1              0.601471                0.0000        0.500000
29             0.601471                0.0000        0.500000
27             0.601471                0.0000        0.500000
17             0.601471                0.0000        0.500000
25             0.601471                0.0000        0.500000
23             0.601471                0.0000        0.500000
59             0.601471                0.0000        0.500000
2023-05-29 07:03:39,016 [INFO] Best model :
SVC(C=0.01, gamma=0.01, kernel='linear', random_state=42)
2023-05-29 07:03:39,044 [INFO] Save train_prediction_log data...
2023-05-29 07:03:39,053 [INFO] {'Data': 'train', 'ACC': '1.0 (168 / 168)', 'TP': 67, 'FP': 0, 'FN': 0, 'TN': 101, 'Precision': '1.0 (67 / 67 + 0)', 'Recall': '1.0 (67 / 67 + 0)', 'F1': '1.0 (2 * (1.0 * 1.0) / 1.0 + 1.0)', 'Specificity': '1.0 (101 / 101 + 0)', 'AUC': 1.0, 'r2': 1.0}
2023-05-29 07:03:39,064 [INFO] Save valid_prediction_log data...
2023-05-29 07:03:39,067 [INFO] {'Data': 'valid', 'ACC': '1.0 (42 / 42)', 'TP': 17, 'FP': 0, 'FN': 0, 'TN': 25, 'Precision': '1.0 (17 / 17 + 0)', 'Recall': '1.0 (17 / 17 + 0)', 'F1': '1.0 (2 * (1.0 * 1.0) / 1.0 + 1.0)', 'Specificity': '1.0 (25 / 25 + 0)', 'AUC': 1.0, 'r2': 1.0}
2023-05-29 07:03:39,082 [INFO] Save test_prediction_log data...
2023-05-29 07:03:39,085 [INFO] {'Data': 'test', 'ACC': '0.74 (31 / 42)', 'TP': 8, 'FP': 2, 'FN': 9, 'TN': 23, 'Precision': '0.8 (8 / 8 + 2)', 'Recall': '0.47 (8 / 8 + 9)', 'F1': '0.59 (2 * (0.47 * 0.8) / 0.47 + 0.8)', 'Specificity': '0.92 (23 / 23 + 2)', 'AUC': 0.7, 'r2': -0.09}
2023-05-29 07:03:39,087 [INFO] Save training_log data...
2023-05-29 07:03:39,088 [INFO] Save score_log data...
2023-05-29 07:03:39,089 [INFO] Time : 3.951751947402954
