2023-05-26 13:29:51,085 [INFO] Train data : Vary_params\DUD-E\MAPK2\nG1_20\ECFP6_512bits\Robust\MAPK2_train_vector.tsv
2023-05-26 13:29:51,085 [INFO] Valid data : Vary_params\DUD-E\MAPK2\nG1_20\ECFP6_512bits\Robust\MAPK2_valid_vector.tsv
2023-05-26 13:29:51,085 [INFO] Output path : Vary_params\DUD-E\MAPK2\nG1_20\ECFP6_512bits\Robust\MAPK2_model\MLP
2023-05-26 13:29:51,085 [INFO] Model type : MLP
2023-05-26 13:29:51,086 [INFO] Use cores : 10
2023-05-26 13:29:51,107 [INFO] Start Learning model
2023-05-26 13:29:51,107 [INFO] Train : 132 | Valid : 25
2023-05-26 13:29:51,108 [INFO] Set parameters : {'hidden_layer_sizes': [(50,), (100,), (50, 50), (100, 100)], 'learning_rate': ['constant', 'invscaling', 'adaptive'], 'activation': ['relu', 'identity', 'logistic', 'tanh'], 'solver': ['adam', 'sgd', 'lbfgs'], 'alpha': [0.1, 0.01, 0.001], 'max_iter': [500, 1000], 'early_stopping': [True]}
2023-05-26 13:32:09,582 [INFO] GridSearchCV results :
     mean_valid_accuracy  mean_valid_precision  mean_valid_auc
806             0.932418                0.9625        0.932143
533             0.917033                0.9625        0.917857
800             0.932418                0.9625        0.932143
797             0.932418                0.9625        0.932143
794             0.932418                0.9625        0.932143
..                   ...                   ...             ...
565             0.462088                0.0000        0.500000
568             0.462088                0.0000        0.500000
484             0.462088                0.0000        0.500000
640             0.462088                0.0000        0.500000
628             0.462088                0.0000        0.500000

[864 rows x 3 columns]
2023-05-26 13:32:09,584 [INFO] Best model :
MLPClassifier(activation='logistic', alpha=0.01, early_stopping=True,
              max_iter=500, random_state=42, solver='lbfgs')
2023-05-26 13:32:09,590 [INFO] Save train_prediction_log data...
2023-05-26 13:32:09,594 [INFO] {'Data': 'train', 'ACC': '1.0 (132 / 132)', 'TP': 71, 'FP': 0, 'FN': 0, 'TN': 61, 'Precision': '1.0 (71 / 71 + 0)', 'Recall': '1.0 (71 / 71 + 0)', 'F1': '1.0 (2 * (1.0 * 1.0) / 1.0 + 1.0)', 'Specificity': '1.0 (61 / 61 + 0)', 'AUC': 1.0, 'r2': 1.0}
2023-05-26 13:32:09,600 [INFO] Save valid_prediction_log data...
2023-05-26 13:32:09,602 [INFO] {'Data': 'valid', 'ACC': '1.0 (25 / 25)', 'TP': 10, 'FP': 0, 'FN': 0, 'TN': 15, 'Precision': '1.0 (10 / 10 + 0)', 'Recall': '1.0 (10 / 10 + 0)', 'F1': '1.0 (2 * (1.0 * 1.0) / 1.0 + 1.0)', 'Specificity': '1.0 (15 / 15 + 0)', 'AUC': 1.0, 'r2': 1.0}
2023-05-26 13:32:09,619 [INFO] Save test_prediction_log data...
2023-05-26 13:32:09,623 [INFO] {'Data': 'test', 'ACC': '0.72 (18 / 25)', 'TP': 4, 'FP': 1, 'FN': 6, 'TN': 14, 'Precision': '0.8 (4 / 4 + 1)', 'Recall': '0.4 (4 / 4 + 6)', 'F1': '0.53 (2 * (0.4 * 0.8) / 0.4 + 0.8)', 'Specificity': '0.93 (14 / 14 + 1)', 'AUC': 0.67, 'r2': -0.17}
2023-05-26 13:32:09,625 [INFO] Save training_log data...
2023-05-26 13:32:09,631 [INFO] Save score_log data...
2023-05-26 13:32:09,632 [INFO] Time : 138.54717826843262
