2023-05-28 23:16:49,507 [INFO] Train data : Vary_params_FGFR1\DUD-E\FGFR1\nG1_50\ECFP6_512bits\Robust\FGFR1_train_vector.tsv
2023-05-28 23:16:49,507 [INFO] Valid data : Vary_params_FGFR1\DUD-E\FGFR1\nG1_50\ECFP6_512bits\Robust\FGFR1_valid_vector.tsv
2023-05-28 23:16:49,507 [INFO] Output path : Vary_params_FGFR1\DUD-E\FGFR1\nG1_50\ECFP6_512bits\Robust\FGFR1_model\SVM
2023-05-28 23:16:49,507 [INFO] Model type : SVM
2023-05-28 23:16:49,507 [INFO] Use cores : 10
2023-05-28 23:16:49,535 [INFO] Start Learning model
2023-05-28 23:16:49,536 [INFO] Train : 173 | Valid : 43
2023-05-28 23:16:49,536 [INFO] Set parameters : {'kernel': ['linear', 'rbf'], 'C': [0.01, 0.1, 1, 10, 100, 1000], 'gamma': [0.01, 0.1, 1, 100, 1000]}
2023-05-28 23:16:56,275 [INFO] GridSearchCV results :
    mean_valid_accuracy  mean_valid_precision  mean_valid_auc
0              0.976471              0.971429        0.976169
20             0.976471              0.971429        0.976169
24             0.976471              0.971429        0.976169
26             0.976471              0.971429        0.976169
28             0.976471              0.971429        0.976169
32             0.976471              0.971429        0.976169
34             0.976471              0.971429        0.976169
36             0.976471              0.971429        0.976169
38             0.976471              0.971429        0.976169
40             0.976471              0.971429        0.976169
42             0.976471              0.971429        0.976169
44             0.976471              0.971429        0.976169
46             0.976471              0.971429        0.976169
48             0.976471              0.971429        0.976169
50             0.976471              0.971429        0.976169
52             0.976471              0.971429        0.976169
54             0.976471              0.971429        0.976169
56             0.976471              0.971429        0.976169
58             0.976471              0.971429        0.976169
22             0.976471              0.971429        0.976169
30             0.976471              0.971429        0.976169
10             0.976471              0.971429        0.976169
2              0.976471              0.971429        0.976169
18             0.976471              0.971429        0.976169
8              0.976471              0.971429        0.976169
16             0.976471              0.971429        0.976169
4              0.976471              0.971429        0.976169
12             0.976471              0.971429        0.976169
6              0.976471              0.971429        0.976169
14             0.976471              0.971429        0.976169
49             0.600980              0.000000        0.500000
9              0.600980              0.000000        0.500000
45             0.600980              0.000000        0.500000
47             0.600980              0.000000        0.500000
7              0.600980              0.000000        0.500000
21             0.600980              0.000000        0.500000
43             0.600980              0.000000        0.500000
5              0.600980              0.000000        0.500000
53             0.600980              0.000000        0.500000
55             0.600980              0.000000        0.500000
3              0.600980              0.000000        0.500000
57             0.600980              0.000000        0.500000
51             0.600980              0.000000        0.500000
11             0.600980              0.000000        0.500000
41             0.600980              0.000000        0.500000
19             0.600980              0.000000        0.500000
39             0.600980              0.000000        0.500000
37             0.600980              0.000000        0.500000
13             0.600980              0.000000        0.500000
35             0.600980              0.000000        0.500000
33             0.600980              0.000000        0.500000
15             0.600980              0.000000        0.500000
31             0.600980              0.000000        0.500000
1              0.600980              0.000000        0.500000
29             0.600980              0.000000        0.500000
27             0.600980              0.000000        0.500000
17             0.600980              0.000000        0.500000
25             0.600980              0.000000        0.500000
23             0.600980              0.000000        0.500000
59             0.600980              0.000000        0.500000
2023-05-28 23:16:56,277 [INFO] Best model :
SVC(C=0.01, gamma=0.01, kernel='linear', random_state=42)
2023-05-28 23:16:56,284 [INFO] Save train_prediction_log data...
2023-05-28 23:16:56,288 [INFO] {'Data': 'train', 'ACC': '1.0 (173 / 173)', 'TP': 69, 'FP': 0, 'FN': 0, 'TN': 104, 'Precision': '1.0 (69 / 69 + 0)', 'Recall': '1.0 (69 / 69 + 0)', 'F1': '1.0 (2 * (1.0 * 1.0) / 1.0 + 1.0)', 'Specificity': '1.0 (104 / 104 + 0)', 'AUC': 1.0, 'r2': 1.0}
2023-05-28 23:16:56,296 [INFO] Save valid_prediction_log data...
2023-05-28 23:16:56,300 [INFO] {'Data': 'valid', 'ACC': '1.0 (43 / 43)', 'TP': 17, 'FP': 0, 'FN': 0, 'TN': 26, 'Precision': '1.0 (17 / 17 + 0)', 'Recall': '1.0 (17 / 17 + 0)', 'F1': '1.0 (2 * (1.0 * 1.0) / 1.0 + 1.0)', 'Specificity': '1.0 (26 / 26 + 0)', 'AUC': 1.0, 'r2': 1.0}
2023-05-28 23:16:56,324 [INFO] Save test_prediction_log data...
2023-05-28 23:16:56,328 [INFO] {'Data': 'test', 'ACC': '0.6 (26 / 43)', 'TP': 4, 'FP': 4, 'FN': 13, 'TN': 22, 'Precision': '0.5 (4 / 4 + 4)', 'Recall': '0.24 (4 / 4 + 13)', 'F1': '0.32 (2 * (0.24 * 0.5) / 0.24 + 0.5)', 'Specificity': '0.85 (22 / 22 + 4)', 'AUC': 0.54, 'r2': -0.65}
2023-05-28 23:16:56,332 [INFO] Save training_log data...
2023-05-28 23:16:56,334 [INFO] Save score_log data...
2023-05-28 23:16:56,335 [INFO] Time : 6.827510595321655
