2023-05-29 08:19:02,050 [INFO] Train data : Vary_params_VGFR2\DUD-E\VGFR2\nG1_80\ECFP4_256bits\Robust\VGFR2_train_vector.tsv
2023-05-29 08:19:02,051 [INFO] Valid data : Vary_params_VGFR2\DUD-E\VGFR2\nG1_80\ECFP4_256bits\Robust\VGFR2_valid_vector.tsv
2023-05-29 08:19:02,051 [INFO] Output path : Vary_params_VGFR2\DUD-E\VGFR2\nG1_80\ECFP4_256bits\Robust\VGFR2_model\XGB
2023-05-29 08:19:02,051 [INFO] Model type : XGB
2023-05-29 08:19:02,051 [INFO] Use cores : 18
2023-05-29 08:19:02,076 [INFO] Start Learning model
2023-05-29 08:19:02,077 [INFO] Train : 687 | Valid : 180
2023-05-29 08:19:02,078 [INFO] Set parameters : {'max_depth': [4, 6, 8], 'learning_rate': [0.01, 0.2], 'n_estimators': [200, 600, 1000], 'gamma': [0, 1000], 'min_child_weight': [1, 3], 'subsample': [0.5, 1], 'colsample_bytree': [0.5, 1], 'objective': ['binary:logitraw'], 'eval_metric': ['auc', 'error']}
2023-05-29 08:39:58,987 [INFO] GridSearchCV results :
     mean_valid_accuracy  mean_valid_precision  mean_valid_auc
14              0.966496              0.983806        0.958272
158             0.966496              0.983806        0.958272
26              0.962127              0.979821        0.953263
170             0.962127              0.979821        0.953263
16              0.965047              0.976128        0.957946
..                   ...                   ...             ...
263             0.625938              0.000000        0.500000
262             0.625938              0.000000        0.500000
261             0.625938              0.000000        0.500000
260             0.625938              0.000000        0.500000
575             0.625938              0.000000        0.500000

[576 rows x 3 columns]
2023-05-29 08:39:58,989 [INFO] Best model :
XGBClassifier(base_score=None, booster=None, callbacks=None,
              colsample_bylevel=None, colsample_bynode=None,
              colsample_bytree=0.5, early_stopping_rounds=None,
              enable_categorical=False, eval_metric='auc', feature_types=None,
              gamma=0, gpu_id=None, grow_policy=None, importance_type=None,
              interaction_constraints=None, learning_rate=0.01, max_bin=None,
              max_cat_threshold=None, max_cat_to_onehot=None,
              max_delta_step=None, max_depth=6, max_leaves=None,
              min_child_weight=1, missing=nan, monotone_constraints=None,
              n_estimators=600, n_jobs=0, num_parallel_tree=None,
              objective='binary:logitraw', predictor=None, ...)
2023-05-29 08:39:59,008 [INFO] Save train_prediction_log data...
2023-05-29 08:39:59,014 [INFO] {'Data': 'train', 'ACC': '1.0 (687 / 687)', 'TP': 257, 'FP': 0, 'FN': 0, 'TN': 430, 'Precision': '1.0 (257 / 257 + 0)', 'Recall': '1.0 (257 / 257 + 0)', 'F1': '1.0 (2 * (1.0 * 1.0) / 1.0 + 1.0)', 'Specificity': '1.0 (430 / 430 + 0)', 'AUC': 1.0, 'r2': 1.0}
2023-05-29 08:39:59,029 [INFO] Save valid_prediction_log data...
2023-05-29 08:39:59,032 [INFO] {'Data': 'valid', 'ACC': '0.99 (179 / 180)', 'TP': 72, 'FP': 1, 'FN': 0, 'TN': 107, 'Precision': '0.99 (72 / 72 + 1)', 'Recall': '1.0 (72 / 72 + 0)', 'F1': '0.99 (2 * (1.0 * 0.99) / 1.0 + 0.99)', 'Specificity': '0.99 (107 / 107 + 1)', 'AUC': 1.0, 'r2': 0.98}
2023-05-29 08:39:59,060 [INFO] Save test_prediction_log data...
2023-05-29 08:39:59,064 [INFO] {'Data': 'test', 'ACC': '0.56 (101 / 180)', 'TP': 27, 'FP': 34, 'FN': 45, 'TN': 74, 'Precision': '0.44 (27 / 27 + 34)', 'Recall': '0.38 (27 / 27 + 45)', 'F1': '0.41 (2 * (0.38 * 0.44) / 0.38 + 0.44)', 'Specificity': '0.69 (74 / 74 + 34)', 'AUC': 0.53, 'r2': -0.83}
2023-05-29 08:39:59,077 [INFO] Save training_log data...
2023-05-29 08:39:59,084 [INFO] Save score_log data...
2023-05-29 08:39:59,085 [INFO] Time : 1257.0348451137543
