2023-05-29 21:56:17,355 [INFO] Train data : Baseline_noscale\DUD-E\KPCB\ECFP4_256bits\KPCB_raw_train.tsv
2023-05-29 21:56:17,355 [INFO] Valid data : Baseline_noscale\DUD-E\KPCB\ECFP4_256bits\KPCB_raw_valid.tsv
2023-05-29 21:56:17,355 [INFO] Output path : Baseline_noscale\DUD-E\KPCB\ECFP4_256bits\KPCB_model\MLP
2023-05-29 21:56:17,355 [INFO] Model type : MLP
2023-05-29 21:56:17,355 [INFO] Use cores : 12
2023-05-29 21:56:17,364 [INFO] Start Learning model
2023-05-29 21:56:17,364 [INFO] Train : 168 | Valid : 42
2023-05-29 21:56:17,365 [INFO] Set parameters : {'hidden_layer_sizes': [(50,), (100,), (50, 50), (100, 100)], 'learning_rate': ['constant', 'invscaling', 'adaptive'], 'activation': ['relu', 'identity', 'logistic', 'tanh'], 'solver': ['adam', 'sgd', 'lbfgs'], 'alpha': [0.1, 0.01, 0.001], 'max_iter': [500, 1000], 'early_stopping': [True]}
2023-05-29 21:57:20,917 [INFO] GridSearchCV results :
     mean_valid_accuracy  mean_valid_precision  mean_valid_auc
597             0.905147                   1.0        0.882143
453             0.911397                   1.0        0.890476
531             0.905147                   1.0        0.882143
537             0.905147                   1.0        0.882143
528             0.905147                   1.0        0.882143
..                   ...                   ...             ...
642             0.601471                   0.0        0.500000
523             0.601471                   0.0        0.500000
550             0.601471                   0.0        0.500000
645             0.601471                   0.0        0.500000
612             0.601471                   0.0        0.500000

[864 rows x 3 columns]
2023-05-29 21:57:20,918 [INFO] Best model :
MLPClassifier(activation='logistic', alpha=0.1, early_stopping=True,
              max_iter=500, random_state=42)
2023-05-29 21:57:20,923 [INFO] Save train_prediction_log data...
2023-05-29 21:57:20,926 [INFO] {'Data': 'train', 'ACC': '0.93 (157 / 168)', 'TP': 56, 'FP': 0, 'FN': 11, 'TN': 101, 'Precision': '1.0 (56 / 56 + 0)', 'Recall': '0.84 (56 / 56 + 11)', 'F1': '0.91 (2 * (0.84 * 1.0) / 0.84 + 1.0)', 'Specificity': '1.0 (101 / 101 + 0)', 'AUC': 0.92, 'r2': 0.73}
2023-05-29 21:57:20,930 [INFO] Save valid_prediction_log data...
2023-05-29 21:57:20,932 [INFO] {'Data': 'valid', 'ACC': '0.98 (41 / 42)', 'TP': 16, 'FP': 0, 'FN': 1, 'TN': 25, 'Precision': '1.0 (16 / 16 + 0)', 'Recall': '0.94 (16 / 16 + 1)', 'F1': '0.97 (2 * (0.94 * 1.0) / 0.94 + 1.0)', 'Specificity': '1.0 (25 / 25 + 0)', 'AUC': 0.97, 'r2': 0.9}
2023-05-29 21:57:20,939 [INFO] Save test_prediction_log data...
2023-05-29 21:57:20,941 [INFO] {'Data': 'test', 'ACC': '0.71 (30 / 42)', 'TP': 5, 'FP': 0, 'FN': 12, 'TN': 25, 'Precision': '1.0 (5 / 5 + 0)', 'Recall': '0.29 (5 / 5 + 12)', 'F1': '0.45 (2 * (0.29 * 1.0) / 0.29 + 1.0)', 'Specificity': '1.0 (25 / 25 + 0)', 'AUC': 0.65, 'r2': -0.19}
2023-05-29 21:57:20,944 [INFO] Save training_log data...
2023-05-29 21:57:20,948 [INFO] Save score_log data...
2023-05-29 21:57:20,948 [INFO] Time : 63.592483043670654
