2023-05-26 13:33:05,910 [INFO] Train data : Vary_params\DUD-E\AKT1\nG1_20\ECFP4_512bits\Standard\AKT1_train_vector.tsv
2023-05-26 13:33:05,911 [INFO] Valid data : Vary_params\DUD-E\AKT1\nG1_20\ECFP4_512bits\Standard\AKT1_valid_vector.tsv
2023-05-26 13:33:05,911 [INFO] Output path : Vary_params\DUD-E\AKT1\nG1_20\ECFP4_512bits\Standard\AKT1_model\XGB
2023-05-26 13:33:05,911 [INFO] Model type : XGB
2023-05-26 13:33:05,911 [INFO] Use cores : 11
2023-05-26 13:33:05,980 [INFO] Start Learning model
2023-05-26 13:33:05,980 [INFO] Train : 511 | Valid : 120
2023-05-26 13:33:05,981 [INFO] Set parameters : {'max_depth': [4, 6, 8], 'learning_rate': [0.01, 0.2], 'n_estimators': [200, 600, 1000], 'gamma': [0, 1000], 'min_child_weight': [1, 3], 'subsample': [0.5, 1], 'colsample_bytree': [0.5, 1], 'objective': ['binary:logitraw'], 'eval_metric': ['auc', 'error']}
2023-05-26 14:09:50,064 [INFO] GridSearchCV results :
     mean_valid_accuracy  mean_valid_precision  mean_valid_auc
288             0.967006              0.995652        0.962802
12              0.968929              0.995652        0.964975
24              0.968929              0.995652        0.964975
150             0.943552              0.995652        0.935924
151             0.961086              0.995652        0.955885
..                   ...                   ...             ...
263             0.565573              0.000000        0.500000
262             0.565573              0.000000        0.500000
261             0.565573              0.000000        0.500000
260             0.565573              0.000000        0.500000
575             0.565573              0.000000        0.500000

[576 rows x 3 columns]
2023-05-26 14:09:50,066 [INFO] Best model :
XGBClassifier(base_score=None, booster=None, callbacks=None,
              colsample_bylevel=None, colsample_bynode=None,
              colsample_bytree=0.5, early_stopping_rounds=None,
              enable_categorical=False, eval_metric='auc', feature_types=None,
              gamma=0, gpu_id=None, grow_policy=None, importance_type=None,
              interaction_constraints=None, learning_rate=0.01, max_bin=None,
              max_cat_threshold=None, max_cat_to_onehot=None,
              max_delta_step=None, max_depth=4, max_leaves=None,
              min_child_weight=3, missing=nan, monotone_constraints=None,
              n_estimators=200, n_jobs=0, num_parallel_tree=None,
              objective='binary:logitraw', predictor=None, ...)
2023-05-26 14:09:50,088 [INFO] Save train_prediction_log data...
2023-05-26 14:09:50,093 [INFO] {'Data': 'train', 'ACC': '0.97 (495 / 511)', 'TP': 206, 'FP': 0, 'FN': 16, 'TN': 289, 'Precision': '1.0 (206 / 206 + 0)', 'Recall': '0.93 (206 / 206 + 16)', 'F1': '0.96 (2 * (0.93 * 1.0) / 0.93 + 1.0)', 'Specificity': '1.0 (289 / 289 + 0)', 'AUC': 0.96, 'r2': 0.87}
2023-05-26 14:09:50,111 [INFO] Save valid_prediction_log data...
2023-05-26 14:09:50,115 [INFO] {'Data': 'valid', 'ACC': '0.99 (119 / 120)', 'TP': 48, 'FP': 1, 'FN': 0, 'TN': 71, 'Precision': '0.98 (48 / 48 + 1)', 'Recall': '1.0 (48 / 48 + 0)', 'F1': '0.99 (2 * (1.0 * 0.98) / 1.0 + 0.98)', 'Specificity': '0.99 (71 / 71 + 1)', 'AUC': 0.99, 'r2': 0.97}
2023-05-26 14:09:50,165 [INFO] Save test_prediction_log data...
2023-05-26 14:09:50,177 [INFO] {'Data': 'test', 'ACC': '0.72 (86 / 120)', 'TP': 25, 'FP': 11, 'FN': 23, 'TN': 61, 'Precision': '0.69 (25 / 25 + 11)', 'Recall': '0.52 (25 / 25 + 23)', 'F1': '0.59 (2 * (0.52 * 0.69) / 0.52 + 0.69)', 'Specificity': '0.85 (61 / 61 + 11)', 'AUC': 0.68, 'r2': -0.18}
2023-05-26 14:09:50,182 [INFO] Save training_log data...
2023-05-26 14:09:50,187 [INFO] Save score_log data...
2023-05-26 14:09:50,189 [INFO] Time : 2204.278732061386
