2023-05-30 05:02:23,977 [INFO] Train data : Baseline_noscale_DUDE\DUD-E\JAK2\ECFP6_256bits\JAK2_raw_train.tsv
2023-05-30 05:02:23,977 [INFO] Valid data : Baseline_noscale_DUDE\DUD-E\JAK2\ECFP6_256bits\JAK2_raw_valid.tsv
2023-05-30 05:02:23,977 [INFO] Output path : Baseline_noscale_DUDE\DUD-E\JAK2\ECFP6_256bits\JAK2_model\MLP
2023-05-30 05:02:23,977 [INFO] Model type : MLP
2023-05-30 05:02:23,977 [INFO] Use cores : 12
2023-05-30 05:02:23,986 [INFO] Start Learning model
2023-05-30 05:02:23,986 [INFO] Train : 112 | Valid : 28
2023-05-30 05:02:23,986 [INFO] Set parameters : {'hidden_layer_sizes': [(50,), (100,), (50, 50), (100, 100)], 'learning_rate': ['constant', 'invscaling', 'adaptive'], 'activation': ['relu', 'identity', 'logistic', 'tanh'], 'solver': ['adam', 'sgd', 'lbfgs'], 'alpha': [0.1, 0.01, 0.001], 'max_iter': [500, 1000], 'early_stopping': [True]}
2023-05-30 05:03:19,341 [INFO] GridSearchCV results :
     mean_valid_accuracy  mean_valid_precision  mean_valid_auc
470             0.955303              0.946667        0.956190
269             0.955303              0.946667        0.956190
263             0.955303              0.946667        0.956190
260             0.955303              0.946667        0.956190
257             0.955303              0.946667        0.956190
..                   ...                   ...             ...
642             0.598485              0.000000        0.500000
468             0.598485              0.000000        0.500000
469             0.598485              0.000000        0.500000
643             0.571212              0.000000        0.478571
474             0.598485              0.000000        0.500000

[864 rows x 3 columns]
2023-05-30 05:03:19,342 [INFO] Best model :
MLPClassifier(activation='identity', alpha=0.1, early_stopping=True,
              hidden_layer_sizes=(50, 50), max_iter=500, random_state=42,
              solver='lbfgs')
2023-05-30 05:03:19,345 [INFO] Save train_prediction_log data...
2023-05-30 05:03:19,348 [INFO] {'Data': 'train', 'ACC': '1.0 (112 / 112)', 'TP': 45, 'FP': 0, 'FN': 0, 'TN': 67, 'Precision': '1.0 (45 / 45 + 0)', 'Recall': '1.0 (45 / 45 + 0)', 'F1': '1.0 (2 * (1.0 * 1.0) / 1.0 + 1.0)', 'Specificity': '1.0 (67 / 67 + 0)', 'AUC': 1.0, 'r2': 1.0}
2023-05-30 05:03:19,351 [INFO] Save valid_prediction_log data...
2023-05-30 05:03:19,353 [INFO] {'Data': 'valid', 'ACC': '1.0 (28 / 28)', 'TP': 11, 'FP': 0, 'FN': 0, 'TN': 17, 'Precision': '1.0 (11 / 11 + 0)', 'Recall': '1.0 (11 / 11 + 0)', 'F1': '1.0 (2 * (1.0 * 1.0) / 1.0 + 1.0)', 'Specificity': '1.0 (17 / 17 + 0)', 'AUC': 1.0, 'r2': 1.0}
2023-05-30 05:03:19,359 [INFO] Save test_prediction_log data...
2023-05-30 05:03:19,361 [INFO] {'Data': 'test', 'ACC': '0.61 (17 / 28)', 'TP': 4, 'FP': 4, 'FN': 7, 'TN': 13, 'Precision': '0.5 (4 / 4 + 4)', 'Recall': '0.36 (4 / 4 + 7)', 'F1': '0.42 (2 * (0.36 * 0.5) / 0.36 + 0.5)', 'Specificity': '0.76 (13 / 13 + 4)', 'AUC': 0.56, 'r2': -0.65}
2023-05-30 05:03:19,363 [INFO] Save training_log data...
2023-05-30 05:03:19,368 [INFO] Save score_log data...
2023-05-30 05:03:19,369 [INFO] Time : 55.39124774932861
