2023-05-29 13:42:06,808 [INFO] Train data : Vary_params_VGFR2\DUD-E\VGFR2\nG1_80\ECFP6_256bits\Standard\VGFR2_train_vector.tsv
2023-05-29 13:42:06,808 [INFO] Valid data : Vary_params_VGFR2\DUD-E\VGFR2\nG1_80\ECFP6_256bits\Standard\VGFR2_valid_vector.tsv
2023-05-29 13:42:06,809 [INFO] Output path : Vary_params_VGFR2\DUD-E\VGFR2\nG1_80\ECFP6_256bits\Standard\VGFR2_model\SVM
2023-05-29 13:42:06,809 [INFO] Model type : SVM
2023-05-29 13:42:06,809 [INFO] Use cores : 18
2023-05-29 13:42:06,865 [INFO] Start Learning model
2023-05-29 13:42:06,865 [INFO] Train : 687 | Valid : 180
2023-05-29 13:42:06,865 [INFO] Set parameters : {'kernel': ['linear', 'rbf'], 'C': [0.01, 0.1, 1, 10, 100, 1000], 'gamma': [0.01, 0.1, 1, 100, 1000]}
2023-05-29 13:42:12,928 [INFO] GridSearchCV results :
    mean_valid_accuracy  mean_valid_precision  mean_valid_auc
31             0.927174              1.000000        0.902538
21             0.914088              1.000000        0.885077
51             0.927174              1.000000        0.902538
41             0.927174              1.000000        0.902538
0              0.947464              0.926371        0.944599
2              0.947464              0.926371        0.944599
4              0.947464              0.926371        0.944599
6              0.947464              0.926371        0.944599
8              0.947464              0.926371        0.944599
42             0.916901              0.872930        0.915542
32             0.916901              0.872930        0.915542
34             0.916901              0.872930        0.915542
36             0.916901              0.872930        0.915542
38             0.916901              0.872930        0.915542
40             0.916901              0.872930        0.915542
48             0.916901              0.872930        0.915542
44             0.916901              0.872930        0.915542
46             0.916901              0.872930        0.915542
26             0.916901              0.872930        0.915542
50             0.916901              0.872930        0.915542
52             0.916901              0.872930        0.915542
54             0.916901              0.872930        0.915542
56             0.916901              0.872930        0.915542
58             0.916901              0.872930        0.915542
28             0.916901              0.872930        0.915542
30             0.916901              0.872930        0.915542
18             0.916901              0.872930        0.915542
24             0.916901              0.872930        0.915542
14             0.916901              0.872930        0.915542
12             0.916901              0.872930        0.915542
22             0.916901              0.872930        0.915542
16             0.916901              0.872930        0.915542
20             0.916901              0.872930        0.915542
10             0.916901              0.872930        0.915542
25             0.625938              0.000000        0.500000
49             0.625938              0.000000        0.500000
11             0.625938              0.000000        0.500000
53             0.625938              0.000000        0.500000
9              0.625938              0.000000        0.500000
13             0.625938              0.000000        0.500000
7              0.625938              0.000000        0.500000
55             0.625938              0.000000        0.500000
5              0.625938              0.000000        0.500000
57             0.625938              0.000000        0.500000
3              0.625938              0.000000        0.500000
47             0.625938              0.000000        0.500000
43             0.625938              0.000000        0.500000
45             0.625938              0.000000        0.500000
27             0.625938              0.000000        0.500000
15             0.625938              0.000000        0.500000
17             0.625938              0.000000        0.500000
39             0.625938              0.000000        0.500000
37             0.625938              0.000000        0.500000
19             0.625938              0.000000        0.500000
35             0.625938              0.000000        0.500000
33             0.625938              0.000000        0.500000
23             0.625938              0.000000        0.500000
1              0.625938              0.000000        0.500000
29             0.625938              0.000000        0.500000
59             0.625938              0.000000        0.500000
2023-05-29 13:42:12,929 [INFO] Best model :
SVC(C=1, gamma=0.01, random_state=42)
2023-05-29 13:42:13,012 [INFO] Save train_prediction_log data...
2023-05-29 13:42:13,018 [INFO] {'Data': 'train', 'ACC': '1.0 (687 / 687)', 'TP': 257, 'FP': 0, 'FN': 0, 'TN': 430, 'Precision': '1.0 (257 / 257 + 0)', 'Recall': '1.0 (257 / 257 + 0)', 'F1': '1.0 (2 * (1.0 * 1.0) / 1.0 + 1.0)', 'Specificity': '1.0 (430 / 430 + 0)', 'AUC': 1.0, 'r2': 1.0}
2023-05-29 13:42:13,047 [INFO] Save valid_prediction_log data...
2023-05-29 13:42:13,049 [INFO] {'Data': 'valid', 'ACC': '0.97 (175 / 180)', 'TP': 67, 'FP': 0, 'FN': 5, 'TN': 108, 'Precision': '1.0 (67 / 67 + 0)', 'Recall': '0.93 (67 / 67 + 5)', 'F1': '0.96 (2 * (0.93 * 1.0) / 0.93 + 1.0)', 'Specificity': '1.0 (108 / 108 + 0)', 'AUC': 0.97, 'r2': 0.88}
2023-05-29 13:42:13,086 [INFO] Save test_prediction_log data...
2023-05-29 13:42:13,089 [INFO] {'Data': 'test', 'ACC': '0.62 (111 / 180)', 'TP': 6, 'FP': 3, 'FN': 66, 'TN': 105, 'Precision': '0.67 (6 / 6 + 3)', 'Recall': '0.08 (6 / 6 + 66)', 'F1': '0.14 (2 * (0.08 * 0.67) / 0.08 + 0.67)', 'Specificity': '0.97 (105 / 105 + 3)', 'AUC': 0.53, 'r2': -0.6}
2023-05-29 13:42:13,092 [INFO] Save training_log data...
2023-05-29 13:42:13,094 [INFO] Save score_log data...
2023-05-29 13:42:13,095 [INFO] Time : 6.28714656829834
