2023-05-29 11:34:14,384 [INFO] Train data : Vary_params_VGFR2\DUD-E\VGFR2\nG1_80\ECFP4_512bits\Standard\VGFR2_train_vector.tsv
2023-05-29 11:34:14,384 [INFO] Valid data : Vary_params_VGFR2\DUD-E\VGFR2\nG1_80\ECFP4_512bits\Standard\VGFR2_valid_vector.tsv
2023-05-29 11:34:14,384 [INFO] Output path : Vary_params_VGFR2\DUD-E\VGFR2\nG1_80\ECFP4_512bits\Standard\VGFR2_model\SVM
2023-05-29 11:34:14,384 [INFO] Model type : SVM
2023-05-29 11:34:14,384 [INFO] Use cores : 18
2023-05-29 11:34:14,491 [INFO] Start Learning model
2023-05-29 11:34:14,491 [INFO] Train : 687 | Valid : 180
2023-05-29 11:34:14,492 [INFO] Set parameters : {'kernel': ['linear', 'rbf'], 'C': [0.01, 0.1, 1, 10, 100, 1000], 'gamma': [0.01, 0.1, 1, 100, 1000]}
2023-05-29 11:34:31,518 [INFO] GridSearchCV results :
    mean_valid_accuracy  mean_valid_precision  mean_valid_auc
41             0.716326              1.000000        0.621154
31             0.716326              1.000000        0.621154
51             0.716326              1.000000        0.621154
0              0.981074              0.970635        0.980928
26             0.981074              0.970635        0.980928
28             0.981074              0.970635        0.980928
32             0.981074              0.970635        0.980928
34             0.981074              0.970635        0.980928
36             0.981074              0.970635        0.980928
38             0.981074              0.970635        0.980928
40             0.981074              0.970635        0.980928
42             0.981074              0.970635        0.980928
22             0.981074              0.970635        0.980928
44             0.981074              0.970635        0.980928
46             0.981074              0.970635        0.980928
48             0.981074              0.970635        0.980928
50             0.981074              0.970635        0.980928
52             0.981074              0.970635        0.980928
54             0.981074              0.970635        0.980928
56             0.981074              0.970635        0.980928
58             0.981074              0.970635        0.980928
24             0.981074              0.970635        0.980928
30             0.981074              0.970635        0.980928
12             0.981074              0.970635        0.980928
2              0.981074              0.970635        0.980928
20             0.981074              0.970635        0.980928
4              0.981074              0.970635        0.980928
18             0.981074              0.970635        0.980928
8              0.981074              0.970635        0.980928
10             0.981074              0.970635        0.980928
16             0.981074              0.970635        0.980928
6              0.981074              0.970635        0.980928
14             0.981074              0.970635        0.980928
21             0.671057              0.900000        0.560308
49             0.625938              0.000000        0.500000
9              0.625938              0.000000        0.500000
47             0.625938              0.000000        0.500000
5              0.625938              0.000000        0.500000
7              0.625938              0.000000        0.500000
53             0.625938              0.000000        0.500000
55             0.625938              0.000000        0.500000
3              0.625938              0.000000        0.500000
57             0.625938              0.000000        0.500000
45             0.625938              0.000000        0.500000
23             0.625938              0.000000        0.500000
43             0.625938              0.000000        0.500000
11             0.625938              0.000000        0.500000
13             0.625938              0.000000        0.500000
39             0.625938              0.000000        0.500000
37             0.625938              0.000000        0.500000
15             0.625938              0.000000        0.500000
35             0.625938              0.000000        0.500000
33             0.625938              0.000000        0.500000
17             0.625938              0.000000        0.500000
1              0.625938              0.000000        0.500000
29             0.625938              0.000000        0.500000
19             0.625938              0.000000        0.500000
27             0.625938              0.000000        0.500000
25             0.625938              0.000000        0.500000
59             0.625938              0.000000        0.500000
2023-05-29 11:34:31,520 [INFO] Best model :
SVC(C=10, gamma=0.01, random_state=42)
2023-05-29 11:34:31,660 [INFO] Save train_prediction_log data...
2023-05-29 11:34:31,665 [INFO] {'Data': 'train', 'ACC': '1.0 (687 / 687)', 'TP': 257, 'FP': 0, 'FN': 0, 'TN': 430, 'Precision': '1.0 (257 / 257 + 0)', 'Recall': '1.0 (257 / 257 + 0)', 'F1': '1.0 (2 * (1.0 * 1.0) / 1.0 + 1.0)', 'Specificity': '1.0 (430 / 430 + 0)', 'AUC': 1.0, 'r2': 1.0}
2023-05-29 11:34:31,704 [INFO] Save valid_prediction_log data...
2023-05-29 11:34:31,707 [INFO] {'Data': 'valid', 'ACC': '0.83 (150 / 180)', 'TP': 42, 'FP': 0, 'FN': 30, 'TN': 108, 'Precision': '1.0 (42 / 42 + 0)', 'Recall': '0.58 (42 / 42 + 30)', 'F1': '0.73 (2 * (0.58 * 1.0) / 0.58 + 1.0)', 'Specificity': '1.0 (108 / 108 + 0)', 'AUC': 0.79, 'r2': 0.31}
2023-05-29 11:34:31,772 [INFO] Save test_prediction_log data...
2023-05-29 11:34:31,775 [INFO] {'Data': 'test', 'ACC': '0.61 (109 / 180)', 'TP': 2, 'FP': 1, 'FN': 70, 'TN': 107, 'Precision': '0.67 (2 / 2 + 1)', 'Recall': '0.03 (2 / 2 + 70)', 'F1': '0.06 (2 * (0.03 * 0.67) / 0.03 + 0.67)', 'Specificity': '0.99 (107 / 107 + 1)', 'AUC': 0.51, 'r2': -0.64}
2023-05-29 11:34:31,779 [INFO] Save training_log data...
2023-05-29 11:34:31,781 [INFO] Save score_log data...
2023-05-29 11:34:31,781 [INFO] Time : 17.396875619888306
