2023-05-29 08:02:22,550 [INFO] Train data : Vary_params_CDK2_EGFR_LCK\DUD-E\LCK\nG1_50\ECFP4_512bits\Robust\LCK_train_vector.tsv
2023-05-29 08:02:22,550 [INFO] Valid data : Vary_params_CDK2_EGFR_LCK\DUD-E\LCK\nG1_50\ECFP4_512bits\Robust\LCK_valid_vector.tsv
2023-05-29 08:02:22,550 [INFO] Output path : Vary_params_CDK2_EGFR_LCK\DUD-E\LCK\nG1_50\ECFP4_512bits\Robust\LCK_model\MLP
2023-05-29 08:02:22,550 [INFO] Model type : MLP
2023-05-29 08:02:22,550 [INFO] Use cores : 19
2023-05-29 08:02:22,583 [INFO] Start Learning model
2023-05-29 08:02:22,583 [INFO] Train : 736 | Valid : 185
2023-05-29 08:02:22,583 [INFO] Set parameters : {'hidden_layer_sizes': [(50,), (100,), (50, 50), (100, 100)], 'learning_rate': ['constant', 'invscaling', 'adaptive'], 'activation': ['relu', 'identity', 'logistic', 'tanh'], 'solver': ['adam', 'sgd', 'lbfgs'], 'alpha': [0.1, 0.01, 0.001], 'max_iter': [500, 1000], 'early_stopping': [True]}
2023-05-29 08:08:59,875 [INFO] GridSearchCV results :
     mean_valid_accuracy  mean_valid_precision  mean_valid_auc
432             0.953887              0.989655        0.943998
582             0.953887              0.989655        0.943998
507             0.953887              0.989655        0.943998
510             0.953887              0.989655        0.943998
513             0.953887              0.989655        0.943998
..                   ...                   ...             ...
640             0.600555              0.000000        0.500000
475             0.600555              0.000000        0.500000
574             0.600555              0.000000        0.500000
637             0.600555              0.000000        0.500000
565             0.600555              0.000000        0.500000

[864 rows x 3 columns]
2023-05-29 08:08:59,876 [INFO] Best model :
MLPClassifier(activation='logistic', alpha=0.1, early_stopping=True,
              hidden_layer_sizes=(50,), max_iter=500, random_state=42)
2023-05-29 08:08:59,884 [INFO] Save train_prediction_log data...
2023-05-29 08:08:59,888 [INFO] {'Data': 'train', 'ACC': '0.98 (722 / 736)', 'TP': 280, 'FP': 0, 'FN': 14, 'TN': 442, 'Precision': '1.0 (280 / 280 + 0)', 'Recall': '0.95 (280 / 280 + 14)', 'F1': '0.97 (2 * (0.95 * 1.0) / 0.95 + 1.0)', 'Specificity': '1.0 (442 / 442 + 0)', 'AUC': 0.98, 'r2': 0.92}
2023-05-29 08:08:59,893 [INFO] Save valid_prediction_log data...
2023-05-29 08:08:59,895 [INFO] {'Data': 'valid', 'ACC': '0.98 (181 / 185)', 'TP': 72, 'FP': 2, 'FN': 2, 'TN': 109, 'Precision': '0.97 (72 / 72 + 2)', 'Recall': '0.97 (72 / 72 + 2)', 'F1': '0.97 (2 * (0.97 * 0.97) / 0.97 + 0.97)', 'Specificity': '0.98 (109 / 109 + 2)', 'AUC': 0.98, 'r2': 0.91}
2023-05-29 08:08:59,912 [INFO] Save test_prediction_log data...
2023-05-29 08:08:59,914 [INFO] {'Data': 'test', 'ACC': '0.61 (113 / 185)', 'TP': 30, 'FP': 28, 'FN': 44, 'TN': 83, 'Precision': '0.52 (30 / 30 + 28)', 'Recall': '0.41 (30 / 30 + 44)', 'F1': '0.46 (2 * (0.41 * 0.52) / 0.41 + 0.52)', 'Specificity': '0.75 (83 / 83 + 28)', 'AUC': 0.58, 'r2': -0.62}
2023-05-29 08:08:59,917 [INFO] Save training_log data...
2023-05-29 08:08:59,923 [INFO] Save score_log data...
2023-05-29 08:08:59,924 [INFO] Time : 397.37279438972473
