2023-05-28 07:03:46,876 [INFO] Train data : Vary_params\DUD-E\CSF1R\nG1_50\ECFP6_256bits\Standard\CSF1R_train_vector.tsv
2023-05-28 07:03:46,876 [INFO] Valid data : Vary_params\DUD-E\CSF1R\nG1_50\ECFP6_256bits\Standard\CSF1R_valid_vector.tsv
2023-05-28 07:03:46,876 [INFO] Output path : Vary_params\DUD-E\CSF1R\nG1_50\ECFP6_256bits\Standard\CSF1R_model\SVM
2023-05-28 07:03:46,876 [INFO] Model type : SVM
2023-05-28 07:03:46,876 [INFO] Use cores : 11
2023-05-28 07:03:46,899 [INFO] Start Learning model
2023-05-28 07:03:46,899 [INFO] Train : 186 | Valid : 47
2023-05-28 07:03:46,899 [INFO] Set parameters : {'kernel': ['linear', 'rbf'], 'C': [0.01, 0.1, 1, 10, 100, 1000], 'gamma': [0.01, 0.1, 1, 100, 1000]}
2023-05-28 07:03:50,270 [INFO] GridSearchCV results :
    mean_valid_accuracy  mean_valid_precision  mean_valid_auc
31             0.823099              1.000000        0.779464
21             0.785673              1.000000        0.732143
51             0.823099              1.000000        0.779464
41             0.823099              1.000000        0.779464
0              0.957602              0.962103        0.953707
2              0.957602              0.962103        0.953707
4              0.957602              0.962103        0.953707
6              0.957602              0.962103        0.953707
8              0.957602              0.962103        0.953707
42             0.952339              0.953214        0.949161
32             0.952339              0.953214        0.949161
34             0.952339              0.953214        0.949161
36             0.952339              0.953214        0.949161
38             0.952339              0.953214        0.949161
40             0.952339              0.953214        0.949161
48             0.952339              0.953214        0.949161
44             0.952339              0.953214        0.949161
46             0.952339              0.953214        0.949161
26             0.952339              0.953214        0.949161
50             0.952339              0.953214        0.949161
52             0.952339              0.953214        0.949161
54             0.952339              0.953214        0.949161
56             0.952339              0.953214        0.949161
58             0.952339              0.953214        0.949161
28             0.952339              0.953214        0.949161
30             0.952339              0.953214        0.949161
18             0.952339              0.953214        0.949161
24             0.952339              0.953214        0.949161
14             0.952339              0.953214        0.949161
12             0.952339              0.953214        0.949161
22             0.952339              0.953214        0.949161
16             0.952339              0.953214        0.949161
20             0.952339              0.953214        0.949161
10             0.952339              0.953214        0.949161
25             0.602339              0.000000        0.500000
49             0.602339              0.000000        0.500000
11             0.602339              0.000000        0.500000
53             0.602339              0.000000        0.500000
9              0.602339              0.000000        0.500000
13             0.602339              0.000000        0.500000
7              0.602339              0.000000        0.500000
55             0.602339              0.000000        0.500000
5              0.602339              0.000000        0.500000
57             0.602339              0.000000        0.500000
3              0.602339              0.000000        0.500000
47             0.602339              0.000000        0.500000
43             0.602339              0.000000        0.500000
45             0.602339              0.000000        0.500000
27             0.602339              0.000000        0.500000
15             0.602339              0.000000        0.500000
17             0.602339              0.000000        0.500000
39             0.602339              0.000000        0.500000
37             0.602339              0.000000        0.500000
19             0.602339              0.000000        0.500000
35             0.602339              0.000000        0.500000
33             0.602339              0.000000        0.500000
23             0.602339              0.000000        0.500000
1              0.602339              0.000000        0.500000
29             0.602339              0.000000        0.500000
59             0.602339              0.000000        0.500000
2023-05-28 07:03:50,279 [INFO] Best model :
SVC(C=1, gamma=0.01, random_state=42)
2023-05-28 07:03:50,287 [INFO] Save train_prediction_log data...
2023-05-28 07:03:50,291 [INFO] {'Data': 'train', 'ACC': '1.0 (186 / 186)', 'TP': 74, 'FP': 0, 'FN': 0, 'TN': 112, 'Precision': '1.0 (74 / 74 + 0)', 'Recall': '1.0 (74 / 74 + 0)', 'F1': '1.0 (2 * (1.0 * 1.0) / 1.0 + 1.0)', 'Specificity': '1.0 (112 / 112 + 0)', 'AUC': 1.0, 'r2': 1.0}
2023-05-28 07:03:50,303 [INFO] Save valid_prediction_log data...
2023-05-28 07:03:50,306 [INFO] {'Data': 'valid', 'ACC': '0.98 (46 / 47)', 'TP': 18, 'FP': 0, 'FN': 1, 'TN': 28, 'Precision': '1.0 (18 / 18 + 0)', 'Recall': '0.95 (18 / 18 + 1)', 'F1': '0.97 (2 * (0.95 * 1.0) / 0.95 + 1.0)', 'Specificity': '1.0 (28 / 28 + 0)', 'AUC': 0.97, 'r2': 0.91}
2023-05-28 07:03:50,337 [INFO] Save test_prediction_log data...
2023-05-28 07:03:50,343 [INFO] {'Data': 'test', 'ACC': '0.66 (31 / 47)', 'TP': 4, 'FP': 1, 'FN': 15, 'TN': 27, 'Precision': '0.8 (4 / 4 + 1)', 'Recall': '0.21 (4 / 4 + 15)', 'F1': '0.33 (2 * (0.21 * 0.8) / 0.21 + 0.8)', 'Specificity': '0.96 (27 / 27 + 1)', 'AUC': 0.59, 'r2': -0.41}
2023-05-28 07:03:50,349 [INFO] Save training_log data...
2023-05-28 07:03:50,351 [INFO] Save score_log data...
2023-05-28 07:03:50,351 [INFO] Time : 3.474879503250122
