2023-05-28 01:53:48,600 [INFO] Train data : Vary_params_CDK2_EGFR_LCK\DUD-E\CDK2\nG1_80\ECFP4_256bits\MinMax\CDK2_train_vector.tsv
2023-05-28 01:53:48,600 [INFO] Valid data : Vary_params_CDK2_EGFR_LCK\DUD-E\CDK2\nG1_80\ECFP4_256bits\MinMax\CDK2_valid_vector.tsv
2023-05-28 01:53:48,600 [INFO] Output path : Vary_params_CDK2_EGFR_LCK\DUD-E\CDK2\nG1_80\ECFP4_256bits\MinMax\CDK2_model\MLP
2023-05-28 01:53:48,600 [INFO] Model type : MLP
2023-05-28 01:53:48,600 [INFO] Use cores : 19
2023-05-28 01:53:48,619 [INFO] Start Learning model
2023-05-28 01:53:48,619 [INFO] Train : 818 | Valid : 212
2023-05-28 01:53:48,620 [INFO] Set parameters : {'hidden_layer_sizes': [(50,), (100,), (50, 50), (100, 100)], 'learning_rate': ['constant', 'invscaling', 'adaptive'], 'activation': ['relu', 'identity', 'logistic', 'tanh'], 'solver': ['adam', 'sgd', 'lbfgs'], 'alpha': [0.1, 0.01, 0.001], 'max_iter': [500, 1000], 'early_stopping': [True]}
2023-05-28 01:57:50,557 [INFO] GridSearchCV results :
     mean_valid_accuracy  mean_valid_precision  mean_valid_auc
432             0.904607              0.941792        0.884819
435             0.904607              0.941792        0.884819
447             0.904607              0.941792        0.884819
444             0.904607              0.941792        0.884819
441             0.904607              0.941792        0.884819
..                   ...                   ...             ...
552             0.622252              0.000000        0.500000
553             0.622252              0.000000        0.500000
555             0.622252              0.000000        0.500000
556             0.622252              0.000000        0.500000
480             0.622252              0.000000        0.500000

[864 rows x 3 columns]
2023-05-28 01:57:50,558 [INFO] Best model :
MLPClassifier(activation='logistic', alpha=0.1, early_stopping=True,
              hidden_layer_sizes=(50,), max_iter=500, random_state=42)
2023-05-28 01:57:50,565 [INFO] Save train_prediction_log data...
2023-05-28 01:57:50,569 [INFO] {'Data': 'train', 'ACC': '0.93 (762 / 818)', 'TP': 260, 'FP': 7, 'FN': 49, 'TN': 502, 'Precision': '0.97 (260 / 260 + 7)', 'Recall': '0.84 (260 / 260 + 49)', 'F1': '0.9 (2 * (0.84 * 0.97) / 0.84 + 0.97)', 'Specificity': '0.99 (502 / 502 + 7)', 'AUC': 0.91, 'r2': 0.71}
2023-05-28 01:57:50,572 [INFO] Save valid_prediction_log data...
2023-05-28 01:57:50,574 [INFO] {'Data': 'valid', 'ACC': '0.94 (199 / 212)', 'TP': 75, 'FP': 3, 'FN': 10, 'TN': 124, 'Precision': '0.96 (75 / 75 + 3)', 'Recall': '0.88 (75 / 75 + 10)', 'F1': '0.92 (2 * (0.88 * 0.96) / 0.88 + 0.96)', 'Specificity': '0.98 (124 / 124 + 3)', 'AUC': 0.93, 'r2': 0.74}
2023-05-28 01:57:50,585 [INFO] Save test_prediction_log data...
2023-05-28 01:57:50,587 [INFO] {'Data': 'test', 'ACC': '0.56 (119 / 212)', 'TP': 46, 'FP': 54, 'FN': 39, 'TN': 73, 'Precision': '0.46 (46 / 46 + 54)', 'Recall': '0.54 (46 / 46 + 39)', 'F1': '0.5 (2 * (0.54 * 0.46) / 0.54 + 0.46)', 'Specificity': '0.57 (73 / 73 + 54)', 'AUC': 0.56, 'r2': -0.83}
2023-05-28 01:57:50,590 [INFO] Save training_log data...
2023-05-28 01:57:50,596 [INFO] Save score_log data...
2023-05-28 01:57:50,597 [INFO] Time : 241.9962821006775
