2023-05-29 13:34:53,203 [INFO] Train data : Vary_params_CDK2_EGFR_LCK\DUD-E\LCK\nG1_80\ECFP4_512bits\Standard\LCK_train_vector.tsv
2023-05-29 13:34:53,203 [INFO] Valid data : Vary_params_CDK2_EGFR_LCK\DUD-E\LCK\nG1_80\ECFP4_512bits\Standard\LCK_valid_vector.tsv
2023-05-29 13:34:53,203 [INFO] Output path : Vary_params_CDK2_EGFR_LCK\DUD-E\LCK\nG1_80\ECFP4_512bits\Standard\LCK_model\XGB
2023-05-29 13:34:53,203 [INFO] Model type : XGB
2023-05-29 13:34:53,203 [INFO] Use cores : 19
2023-05-29 13:34:53,265 [INFO] Start Learning model
2023-05-29 13:34:53,265 [INFO] Train : 706 | Valid : 185
2023-05-29 13:34:53,266 [INFO] Set parameters : {'max_depth': [4, 6, 8], 'learning_rate': [0.01, 0.2], 'n_estimators': [200, 600, 1000], 'gamma': [0, 1000], 'min_child_weight': [1, 3], 'subsample': [0.5, 1], 'colsample_bytree': [0.5, 1], 'objective': ['binary:logitraw'], 'eval_metric': ['auc', 'error']}
2023-05-29 13:57:29,985 [INFO] GridSearchCV results :
     mean_valid_accuracy  mean_valid_precision  mean_valid_auc
0               0.963139              0.984426        0.953838
169             0.961751              0.984426        0.951987
29              0.968853              0.984426        0.961531
27              0.968853              0.984426        0.961531
290             0.968833              0.984426        0.961459
..                   ...                   ...             ...
365             0.626076              0.000000        0.500000
364             0.626076              0.000000        0.500000
363             0.626076              0.000000        0.500000
362             0.626076              0.000000        0.500000
575             0.626076              0.000000        0.500000

[576 rows x 3 columns]
2023-05-29 13:57:29,987 [INFO] Best model :
XGBClassifier(base_score=None, booster=None, callbacks=None,
              colsample_bylevel=None, colsample_bynode=None,
              colsample_bytree=0.5, early_stopping_rounds=None,
              enable_categorical=False, eval_metric='auc', feature_types=None,
              gamma=0, gpu_id=None, grow_policy=None, importance_type=None,
              interaction_constraints=None, learning_rate=0.01, max_bin=None,
              max_cat_threshold=None, max_cat_to_onehot=None,
              max_delta_step=None, max_depth=4, max_leaves=None,
              min_child_weight=1, missing=nan, monotone_constraints=None,
              n_estimators=200, n_jobs=0, num_parallel_tree=None,
              objective='binary:logitraw', predictor=None, ...)
2023-05-29 13:57:30,003 [INFO] Save train_prediction_log data...
2023-05-29 13:57:30,007 [INFO] {'Data': 'train', 'ACC': '0.98 (695 / 706)', 'TP': 253, 'FP': 0, 'FN': 11, 'TN': 442, 'Precision': '1.0 (253 / 253 + 0)', 'Recall': '0.96 (253 / 253 + 11)', 'F1': '0.98 (2 * (0.96 * 1.0) / 0.96 + 1.0)', 'Specificity': '1.0 (442 / 442 + 0)', 'AUC': 0.98, 'r2': 0.93}
2023-05-29 13:57:30,020 [INFO] Save valid_prediction_log data...
2023-05-29 13:57:30,023 [INFO] {'Data': 'valid', 'ACC': '0.99 (184 / 185)', 'TP': 74, 'FP': 1, 'FN': 0, 'TN': 110, 'Precision': '0.99 (74 / 74 + 1)', 'Recall': '1.0 (74 / 74 + 0)', 'F1': '0.99 (2 * (1.0 * 0.99) / 1.0 + 0.99)', 'Specificity': '0.99 (110 / 110 + 1)', 'AUC': 1.0, 'r2': 0.98}
2023-05-29 13:57:30,059 [INFO] Save test_prediction_log data...
2023-05-29 13:57:30,061 [INFO] {'Data': 'test', 'ACC': '0.73 (135 / 185)', 'TP': 41, 'FP': 17, 'FN': 33, 'TN': 94, 'Precision': '0.71 (41 / 41 + 17)', 'Recall': '0.55 (41 / 41 + 33)', 'F1': '0.62 (2 * (0.55 * 0.71) / 0.55 + 0.71)', 'Specificity': '0.85 (94 / 94 + 17)', 'AUC': 0.7, 'r2': -0.13}
2023-05-29 13:57:30,067 [INFO] Save training_log data...
2023-05-29 13:57:39,096 [INFO] Save score_log data...
2023-05-29 13:57:39,098 [INFO] Time : 1365.8950662612915
