2023-05-28 15:16:23,215 [INFO] Train data : Vary_params_ABL_BRAF_FGFR1\DUD-E\ABL1\nG1_50\ECFP4_256bits\Standard\ABL1_train_vector.tsv
2023-05-28 15:16:23,215 [INFO] Valid data : Vary_params_ABL_BRAF_FGFR1\DUD-E\ABL1\nG1_50\ECFP4_256bits\Standard\ABL1_valid_vector.tsv
2023-05-28 15:16:23,216 [INFO] Output path : Vary_params_ABL_BRAF_FGFR1\DUD-E\ABL1\nG1_50\ECFP4_256bits\Standard\ABL1_model\SVM
2023-05-28 15:16:23,216 [INFO] Model type : SVM
2023-05-28 15:16:23,216 [INFO] Use cores : 18
2023-05-28 15:16:23,237 [INFO] Start Learning model
2023-05-28 15:16:23,237 [INFO] Train : 264 | Valid : 66
2023-05-28 15:16:23,237 [INFO] Set parameters : {'kernel': ['linear', 'rbf'], 'C': [0.01, 0.1, 1, 10, 100, 1000], 'gamma': [0.01, 0.1, 1, 100, 1000]}
2023-05-28 15:16:26,668 [INFO] GridSearchCV results :
    mean_valid_accuracy  mean_valid_precision  mean_valid_auc
31             0.871795              1.000000        0.840455
51             0.871795              1.000000        0.840455
41             0.871795              1.000000        0.840455
0              0.924644              0.928636        0.919129
2              0.924644              0.928636        0.919129
4              0.924644              0.928636        0.919129
6              0.924644              0.928636        0.919129
8              0.924644              0.928636        0.919129
42             0.894160              0.900023        0.886913
32             0.894160              0.900023        0.886913
34             0.894160              0.900023        0.886913
36             0.894160              0.900023        0.886913
38             0.894160              0.900023        0.886913
40             0.894160              0.900023        0.886913
48             0.894160              0.900023        0.886913
44             0.894160              0.900023        0.886913
46             0.894160              0.900023        0.886913
26             0.894160              0.900023        0.886913
50             0.894160              0.900023        0.886913
52             0.894160              0.900023        0.886913
54             0.894160              0.900023        0.886913
56             0.894160              0.900023        0.886913
58             0.894160              0.900023        0.886913
28             0.894160              0.900023        0.886913
30             0.894160              0.900023        0.886913
10             0.894160              0.900023        0.886913
14             0.894160              0.900023        0.886913
12             0.894160              0.900023        0.886913
24             0.894160              0.900023        0.886913
16             0.894160              0.900023        0.886913
22             0.894160              0.900023        0.886913
20             0.894160              0.900023        0.886913
18             0.894160              0.900023        0.886913
21             0.852849              0.900000        0.817273
25             0.598575              0.000000        0.500000
49             0.598575              0.000000        0.500000
11             0.598575              0.000000        0.500000
53             0.598575              0.000000        0.500000
9              0.598575              0.000000        0.500000
13             0.598575              0.000000        0.500000
7              0.598575              0.000000        0.500000
55             0.598575              0.000000        0.500000
5              0.598575              0.000000        0.500000
57             0.598575              0.000000        0.500000
3              0.598575              0.000000        0.500000
47             0.598575              0.000000        0.500000
15             0.598575              0.000000        0.500000
45             0.598575              0.000000        0.500000
43             0.598575              0.000000        0.500000
17             0.598575              0.000000        0.500000
39             0.598575              0.000000        0.500000
37             0.598575              0.000000        0.500000
19             0.598575              0.000000        0.500000
35             0.598575              0.000000        0.500000
33             0.598575              0.000000        0.500000
1              0.598575              0.000000        0.500000
29             0.598575              0.000000        0.500000
23             0.598575              0.000000        0.500000
27             0.598575              0.000000        0.500000
59             0.598575              0.000000        0.500000
2023-05-28 15:16:26,669 [INFO] Best model :
SVC(C=10, gamma=0.01, random_state=42)
2023-05-28 15:16:26,679 [INFO] Save train_prediction_log data...
2023-05-28 15:16:26,682 [INFO] {'Data': 'train', 'ACC': '1.0 (264 / 264)', 'TP': 106, 'FP': 0, 'FN': 0, 'TN': 158, 'Precision': '1.0 (106 / 106 + 0)', 'Recall': '1.0 (106 / 106 + 0)', 'F1': '1.0 (2 * (1.0 * 1.0) / 1.0 + 1.0)', 'Specificity': '1.0 (158 / 158 + 0)', 'AUC': 1.0, 'r2': 1.0}
2023-05-28 15:16:26,686 [INFO] Save valid_prediction_log data...
2023-05-28 15:16:26,688 [INFO] {'Data': 'valid', 'ACC': '1.0 (66 / 66)', 'TP': 26, 'FP': 0, 'FN': 0, 'TN': 40, 'Precision': '1.0 (26 / 26 + 0)', 'Recall': '1.0 (26 / 26 + 0)', 'F1': '1.0 (2 * (1.0 * 1.0) / 1.0 + 1.0)', 'Specificity': '1.0 (40 / 40 + 0)', 'AUC': 1.0, 'r2': 1.0}
2023-05-28 15:16:26,699 [INFO] Save test_prediction_log data...
2023-05-28 15:16:26,701 [INFO] {'Data': 'test', 'ACC': '0.64 (42 / 66)', 'TP': 3, 'FP': 1, 'FN': 23, 'TN': 39, 'Precision': '0.75 (3 / 3 + 1)', 'Recall': '0.12 (3 / 3 + 23)', 'F1': '0.21 (2 * (0.12 * 0.75) / 0.12 + 0.75)', 'Specificity': '0.98 (39 / 39 + 1)', 'AUC': 0.55, 'r2': -0.52}
2023-05-28 15:16:26,703 [INFO] Save training_log data...
2023-05-28 15:16:26,704 [INFO] Save score_log data...
2023-05-28 15:16:26,705 [INFO] Time : 3.490654945373535
