2023-05-26 16:20:28,101 [INFO] Train data : Vary_params\DUD-E\MAPK2\nG1_50\ECFP6_512bits\Robust\MAPK2_train_vector.tsv
2023-05-26 16:20:28,102 [INFO] Valid data : Vary_params\DUD-E\MAPK2\nG1_50\ECFP6_512bits\Robust\MAPK2_valid_vector.tsv
2023-05-26 16:20:28,102 [INFO] Output path : Vary_params\DUD-E\MAPK2\nG1_50\ECFP6_512bits\Robust\MAPK2_model\MLP
2023-05-26 16:20:28,102 [INFO] Model type : MLP
2023-05-26 16:20:28,102 [INFO] Use cores : 10
2023-05-26 16:20:28,123 [INFO] Start Learning model
2023-05-26 16:20:28,123 [INFO] Train : 102 | Valid : 25
2023-05-26 16:20:28,123 [INFO] Set parameters : {'hidden_layer_sizes': [(50,), (100,), (50, 50), (100, 100)], 'learning_rate': ['constant', 'invscaling', 'adaptive'], 'activation': ['relu', 'identity', 'logistic', 'tanh'], 'solver': ['adam', 'sgd', 'lbfgs'], 'alpha': [0.1, 0.01, 0.001], 'max_iter': [500, 1000], 'early_stopping': [True]}
2023-05-26 16:23:35,412 [INFO] GridSearchCV results :
     mean_valid_accuracy  mean_valid_precision  mean_valid_auc
564             0.834545                   1.0          0.7975
642             0.834545                   1.0          0.7975
636             0.834545                   1.0          0.7975
633             0.834545                   1.0          0.7975
630             0.834545                   1.0          0.7975
..                   ...                   ...             ...
487             0.598182                   0.0          0.5000
484             0.598182                   0.0          0.5000
483             0.598182                   0.0          0.5000
481             0.598182                   0.0          0.5000
553             0.598182                   0.0          0.5000

[864 rows x 3 columns]
2023-05-26 16:23:35,414 [INFO] Best model :
MLPClassifier(activation='logistic', alpha=0.1, early_stopping=True,
              hidden_layer_sizes=(100, 100), max_iter=500, random_state=42)
2023-05-26 16:23:35,421 [INFO] Save train_prediction_log data...
2023-05-26 16:23:35,425 [INFO] {'Data': 'train', 'ACC': '0.97 (99 / 102)', 'TP': 38, 'FP': 0, 'FN': 3, 'TN': 61, 'Precision': '1.0 (38 / 38 + 0)', 'Recall': '0.93 (38 / 38 + 3)', 'F1': '0.96 (2 * (0.93 * 1.0) / 0.93 + 1.0)', 'Specificity': '1.0 (61 / 61 + 0)', 'AUC': 0.96, 'r2': 0.88}
2023-05-26 16:23:35,431 [INFO] Save valid_prediction_log data...
2023-05-26 16:23:35,433 [INFO] {'Data': 'valid', 'ACC': '0.96 (24 / 25)', 'TP': 9, 'FP': 0, 'FN': 1, 'TN': 15, 'Precision': '1.0 (9 / 9 + 0)', 'Recall': '0.9 (9 / 9 + 1)', 'F1': '0.95 (2 * (0.9 * 1.0) / 0.9 + 1.0)', 'Specificity': '1.0 (15 / 15 + 0)', 'AUC': 0.95, 'r2': 0.83}
2023-05-26 16:23:35,451 [INFO] Save test_prediction_log data...
2023-05-26 16:23:35,454 [INFO] {'Data': 'test', 'ACC': '0.68 (17 / 25)', 'TP': 2, 'FP': 0, 'FN': 8, 'TN': 15, 'Precision': '1.0 (2 / 2 + 0)', 'Recall': '0.2 (2 / 2 + 8)', 'F1': '0.33 (2 * (0.2 * 1.0) / 0.2 + 1.0)', 'Specificity': '1.0 (15 / 15 + 0)', 'AUC': 0.6, 'r2': -0.33}
2023-05-26 16:23:35,459 [INFO] Save training_log data...
2023-05-26 16:23:35,464 [INFO] Save score_log data...
2023-05-26 16:23:35,466 [INFO] Time : 187.364994764328
