2023-05-27 01:04:26,033 [INFO] Train data : Vary_params_A\DUD-E\JAK2\nG1_20\ECFP6_256bits\Robust\JAK2_train_vector.tsv
2023-05-27 01:04:26,033 [INFO] Valid data : Vary_params_A\DUD-E\JAK2\nG1_20\ECFP6_256bits\Robust\JAK2_valid_vector.tsv
2023-05-27 01:04:26,034 [INFO] Output path : Vary_params_A\DUD-E\JAK2\nG1_20\ECFP6_256bits\Robust\JAK2_model\SVM
2023-05-27 01:04:26,034 [INFO] Model type : SVM
2023-05-27 01:04:26,034 [INFO] Use cores : 3
2023-05-27 01:04:26,054 [INFO] Start Learning model
2023-05-27 01:04:26,054 [INFO] Train : 142 | Valid : 28
2023-05-27 01:04:26,054 [INFO] Set parameters : {'kernel': ['linear', 'rbf'], 'C': [0.01, 0.1, 1, 10, 100, 1000], 'gamma': [0.01, 0.1, 1, 100, 1000]}
2023-05-27 01:04:30,800 [INFO] GridSearchCV results :
    mean_valid_accuracy  mean_valid_precision  mean_valid_auc
0              0.804286              0.813611        0.804167
20             0.804286              0.813611        0.804167
24             0.804286              0.813611        0.804167
26             0.804286              0.813611        0.804167
28             0.804286              0.813611        0.804167
32             0.804286              0.813611        0.804167
34             0.804286              0.813611        0.804167
36             0.804286              0.813611        0.804167
38             0.804286              0.813611        0.804167
40             0.804286              0.813611        0.804167
42             0.804286              0.813611        0.804167
44             0.804286              0.813611        0.804167
46             0.804286              0.813611        0.804167
48             0.804286              0.813611        0.804167
50             0.804286              0.813611        0.804167
52             0.804286              0.813611        0.804167
54             0.804286              0.813611        0.804167
56             0.804286              0.813611        0.804167
58             0.804286              0.813611        0.804167
22             0.804286              0.813611        0.804167
30             0.804286              0.813611        0.804167
10             0.804286              0.813611        0.804167
2              0.804286              0.813611        0.804167
18             0.804286              0.813611        0.804167
8              0.804286              0.813611        0.804167
16             0.804286              0.813611        0.804167
4              0.804286              0.813611        0.804167
12             0.804286              0.813611        0.804167
6              0.804286              0.813611        0.804167
14             0.804286              0.813611        0.804167
49             0.528095              0.528095        0.500000
9              0.528095              0.528095        0.500000
45             0.528095              0.528095        0.500000
47             0.528095              0.528095        0.500000
7              0.528095              0.528095        0.500000
21             0.528095              0.528095        0.500000
43             0.528095              0.528095        0.500000
5              0.528095              0.528095        0.500000
53             0.528095              0.528095        0.500000
55             0.528095              0.528095        0.500000
3              0.528095              0.528095        0.500000
57             0.528095              0.528095        0.500000
51             0.528095              0.528095        0.500000
11             0.528095              0.528095        0.500000
41             0.528095              0.528095        0.500000
19             0.528095              0.528095        0.500000
39             0.528095              0.528095        0.500000
37             0.528095              0.528095        0.500000
13             0.528095              0.528095        0.500000
35             0.528095              0.528095        0.500000
33             0.528095              0.528095        0.500000
15             0.528095              0.528095        0.500000
31             0.528095              0.528095        0.500000
1              0.528095              0.528095        0.500000
29             0.528095              0.528095        0.500000
27             0.528095              0.528095        0.500000
17             0.528095              0.528095        0.500000
25             0.528095              0.528095        0.500000
23             0.528095              0.528095        0.500000
59             0.528095              0.528095        0.500000
2023-05-27 01:04:30,802 [INFO] Best model :
SVC(C=0.01, gamma=0.01, kernel='linear', random_state=42)
2023-05-27 01:04:30,810 [INFO] Save train_prediction_log data...
2023-05-27 01:04:30,817 [INFO] {'Data': 'train', 'ACC': '1.0 (142 / 142)', 'TP': 75, 'FP': 0, 'FN': 0, 'TN': 67, 'Precision': '1.0 (75 / 75 + 0)', 'Recall': '1.0 (75 / 75 + 0)', 'F1': '1.0 (2 * (1.0 * 1.0) / 1.0 + 1.0)', 'Specificity': '1.0 (67 / 67 + 0)', 'AUC': 1.0, 'r2': 1.0}
2023-05-27 01:04:30,823 [INFO] Save valid_prediction_log data...
2023-05-27 01:04:30,827 [INFO] {'Data': 'valid', 'ACC': '0.96 (27 / 28)', 'TP': 11, 'FP': 1, 'FN': 0, 'TN': 16, 'Precision': '0.92 (11 / 11 + 1)', 'Recall': '1.0 (11 / 11 + 0)', 'F1': '0.96 (2 * (1.0 * 0.92) / 1.0 + 0.92)', 'Specificity': '0.94 (16 / 16 + 1)', 'AUC': 0.97, 'r2': 0.85}
2023-05-27 01:04:30,844 [INFO] Save test_prediction_log data...
2023-05-27 01:04:30,848 [INFO] {'Data': 'test', 'ACC': '0.57 (16 / 28)', 'TP': 5, 'FP': 6, 'FN': 6, 'TN': 11, 'Precision': '0.45 (5 / 5 + 6)', 'Recall': '0.45 (5 / 5 + 6)', 'F1': '0.45 (2 * (0.45 * 0.45) / 0.45 + 0.45)', 'Specificity': '0.65 (11 / 11 + 6)', 'AUC': 0.55, 'r2': -0.8}
2023-05-27 01:04:30,852 [INFO] Save training_log data...
2023-05-27 01:04:30,855 [INFO] Save score_log data...
2023-05-27 01:04:30,857 [INFO] Time : 4.824101686477661
