2023-05-26 17:13:52,595 [INFO] Train data : Vary_params\DUD-E\MAPK2\nG1_80\ECFP4_256bits\Standard\MAPK2_train_vector.tsv
2023-05-26 17:13:52,595 [INFO] Valid data : Vary_params\DUD-E\MAPK2\nG1_80\ECFP4_256bits\Standard\MAPK2_valid_vector.tsv
2023-05-26 17:13:52,595 [INFO] Output path : Vary_params\DUD-E\MAPK2\nG1_80\ECFP4_256bits\Standard\MAPK2_model\XGB
2023-05-26 17:13:52,595 [INFO] Model type : XGB
2023-05-26 17:13:52,595 [INFO] Use cores : 10
2023-05-26 17:13:52,612 [INFO] Start Learning model
2023-05-26 17:13:52,612 [INFO] Train : 72 | Valid : 25
2023-05-26 17:13:52,613 [INFO] Set parameters : {'max_depth': [4, 6, 8], 'learning_rate': [0.01, 0.2], 'n_estimators': [200, 600, 1000], 'gamma': [0, 1000], 'min_child_weight': [1, 3], 'subsample': [0.5, 1], 'colsample_bytree': [0.5, 1], 'objective': ['binary:logitraw'], 'eval_metric': ['auc', 'error']}
2023-05-26 17:18:24,448 [INFO] GridSearchCV results :
     mean_valid_accuracy  mean_valid_precision  mean_valid_auc
451             0.985714                  0.95        0.991667
323             0.985714                  0.95        0.991667
295             0.985714                  0.95        0.991667
439             0.985714                  0.95        0.991667
455             0.985714                  0.95        0.991667
..                   ...                   ...             ...
380             0.848214                  0.00        0.500000
379             0.848214                  0.00        0.500000
378             0.848214                  0.00        0.500000
377             0.848214                  0.00        0.500000
575             0.848214                  0.00        0.500000

[576 rows x 3 columns]
2023-05-26 17:18:24,450 [INFO] Best model :
XGBClassifier(base_score=None, booster=None, callbacks=None,
              colsample_bylevel=None, colsample_bynode=None, colsample_bytree=1,
              early_stopping_rounds=None, enable_categorical=False,
              eval_metric='auc', feature_types=None, gamma=0, gpu_id=None,
              grow_policy=None, importance_type=None,
              interaction_constraints=None, learning_rate=0.01, max_bin=None,
              max_cat_threshold=None, max_cat_to_onehot=None,
              max_delta_step=None, max_depth=4, max_leaves=None,
              min_child_weight=3, missing=nan, monotone_constraints=None,
              n_estimators=200, n_jobs=0, num_parallel_tree=None,
              objective='binary:logitraw', predictor=None, ...)
2023-05-26 17:18:24,459 [INFO] Save train_prediction_log data...
2023-05-26 17:18:24,463 [INFO] {'Data': 'train', 'ACC': '1.0 (72 / 72)', 'TP': 11, 'FP': 0, 'FN': 0, 'TN': 61, 'Precision': '1.0 (11 / 11 + 0)', 'Recall': '1.0 (11 / 11 + 0)', 'F1': '1.0 (2 * (1.0 * 1.0) / 1.0 + 1.0)', 'Specificity': '1.0 (61 / 61 + 0)', 'AUC': 1.0, 'r2': 1.0}
2023-05-26 17:18:24,471 [INFO] Save valid_prediction_log data...
2023-05-26 17:18:24,473 [INFO] {'Data': 'valid', 'ACC': '0.92 (23 / 25)', 'TP': 10, 'FP': 2, 'FN': 0, 'TN': 13, 'Precision': '0.83 (10 / 10 + 2)', 'Recall': '1.0 (10 / 10 + 0)', 'F1': '0.91 (2 * (1.0 * 0.83) / 1.0 + 0.83)', 'Specificity': '0.87 (13 / 13 + 2)', 'AUC': 0.93, 'r2': 0.67}
2023-05-26 17:18:24,488 [INFO] Save test_prediction_log data...
2023-05-26 17:18:24,493 [INFO] {'Data': 'test', 'ACC': '0.76 (19 / 25)', 'TP': 6, 'FP': 2, 'FN': 4, 'TN': 13, 'Precision': '0.75 (6 / 6 + 2)', 'Recall': '0.6 (6 / 6 + 4)', 'F1': '0.67 (2 * (0.6 * 0.75) / 0.6 + 0.75)', 'Specificity': '0.87 (13 / 13 + 2)', 'AUC': 0.73, 'r2': 0.0}
2023-05-26 17:18:24,497 [INFO] Save training_log data...
2023-05-26 17:18:24,501 [INFO] Save score_log data...
2023-05-26 17:18:24,502 [INFO] Time : 271.9068703651428
