2023-05-29 10:37:12,611 [INFO] Train data : Vary_params\DUD-E\KPCB\nG1_80\ECFP6_256bits\MinMax\KPCB_train_vector.tsv
2023-05-29 10:37:12,611 [INFO] Valid data : Vary_params\DUD-E\KPCB\nG1_80\ECFP6_256bits\MinMax\KPCB_valid_vector.tsv
2023-05-29 10:37:12,611 [INFO] Output path : Vary_params\DUD-E\KPCB\nG1_80\ECFP6_256bits\MinMax\KPCB_model\MLP
2023-05-29 10:37:12,611 [INFO] Model type : MLP
2023-05-29 10:37:12,611 [INFO] Use cores : 11
2023-05-29 10:37:12,626 [INFO] Start Learning model
2023-05-29 10:37:12,626 [INFO] Train : 138 | Valid : 42
2023-05-29 10:37:12,626 [INFO] Set parameters : {'hidden_layer_sizes': [(50,), (100,), (50, 50), (100, 100)], 'learning_rate': ['constant', 'invscaling', 'adaptive'], 'activation': ['relu', 'identity', 'logistic', 'tanh'], 'solver': ['adam', 'sgd', 'lbfgs'], 'alpha': [0.1, 0.01, 0.001], 'max_iter': [500, 1000], 'early_stopping': [True]}
2023-05-29 10:39:17,656 [INFO] GridSearchCV results :
     mean_valid_accuracy  mean_valid_precision  mean_valid_auc
455             0.985714                   1.0        0.975000
762             0.884066                   1.0        0.779167
593             0.992857                   1.0        0.987500
728             0.985714                   1.0        0.975000
725             0.985714                   1.0        0.975000
..                   ...                   ...             ...
573             0.732418                   0.0        0.500000
570             0.732418                   0.0        0.500000
567             0.732418                   0.0        0.500000
564             0.732418                   0.0        0.500000
457             0.732418                   0.0        0.500000

[864 rows x 3 columns]
2023-05-29 10:39:17,658 [INFO] Best model :
MLPClassifier(alpha=0.1, early_stopping=True, hidden_layer_sizes=(50,),
              max_iter=500, random_state=42, solver='lbfgs')
2023-05-29 10:39:17,665 [INFO] Save train_prediction_log data...
2023-05-29 10:39:17,668 [INFO] {'Data': 'train', 'ACC': '1.0 (138 / 138)', 'TP': 37, 'FP': 0, 'FN': 0, 'TN': 101, 'Precision': '1.0 (37 / 37 + 0)', 'Recall': '1.0 (37 / 37 + 0)', 'F1': '1.0 (2 * (1.0 * 1.0) / 1.0 + 1.0)', 'Specificity': '1.0 (101 / 101 + 0)', 'AUC': 1.0, 'r2': 1.0}
2023-05-29 10:39:17,672 [INFO] Save valid_prediction_log data...
2023-05-29 10:39:17,674 [INFO] {'Data': 'valid', 'ACC': '1.0 (42 / 42)', 'TP': 17, 'FP': 0, 'FN': 0, 'TN': 25, 'Precision': '1.0 (17 / 17 + 0)', 'Recall': '1.0 (17 / 17 + 0)', 'F1': '1.0 (2 * (1.0 * 1.0) / 1.0 + 1.0)', 'Specificity': '1.0 (25 / 25 + 0)', 'AUC': 1.0, 'r2': 1.0}
2023-05-29 10:39:17,688 [INFO] Save test_prediction_log data...
2023-05-29 10:39:17,699 [INFO] {'Data': 'test', 'ACC': '0.74 (31 / 42)', 'TP': 7, 'FP': 1, 'FN': 10, 'TN': 24, 'Precision': '0.88 (7 / 7 + 1)', 'Recall': '0.41 (7 / 7 + 10)', 'F1': '0.56 (2 * (0.41 * 0.88) / 0.41 + 0.88)', 'Specificity': '0.96 (24 / 24 + 1)', 'AUC': 0.69, 'r2': -0.09}
2023-05-29 10:39:17,702 [INFO] Save training_log data...
2023-05-29 10:39:17,708 [INFO] Save score_log data...
2023-05-29 10:39:17,709 [INFO] Time : 125.09851932525635
