2023-05-30 03:51:21,074 [INFO] Train data : Baseline_noscale_DUDE\DUD-E\IGF1R\ECFP4_256bits\IGF1R_raw_train.tsv
2023-05-30 03:51:21,074 [INFO] Valid data : Baseline_noscale_DUDE\DUD-E\IGF1R\ECFP4_256bits\IGF1R_raw_valid.tsv
2023-05-30 03:51:21,074 [INFO] Output path : Baseline_noscale_DUDE\DUD-E\IGF1R\ECFP4_256bits\IGF1R_model\RF
2023-05-30 03:51:21,074 [INFO] Model type : RF
2023-05-30 03:51:21,074 [INFO] Use cores : 12
2023-05-30 03:51:21,084 [INFO] Start Learning model
2023-05-30 03:51:21,084 [INFO] Train : 196 | Valid : 49
2023-05-30 03:51:21,084 [INFO] Set parameters : {'max_depth': [6, 8, 10, 12], 'max_features': ['sqrt', 'log2'], 'min_samples_leaf': [2, 4, 8, 10], 'min_samples_split': [2, 4, 8, 10], 'n_estimators': [200, 600, 1000]}
2023-05-30 03:54:24,011 [INFO] GridSearchCV results :
     mean_valid_accuracy  mean_valid_precision  mean_valid_auc
0                  1.000                   1.0         1.00000
1                  1.000                   1.0         1.00000
262                0.995                   1.0         0.99375
261                0.995                   1.0         0.99375
260                0.995                   1.0         0.99375
..                   ...                   ...             ...
125                1.000                   1.0         1.00000
124                1.000                   1.0         1.00000
123                0.995                   1.0         0.99375
122                1.000                   1.0         1.00000
383                0.995                   1.0         0.99375

[384 rows x 3 columns]
2023-05-30 03:54:24,012 [INFO] Best model :
RandomForestClassifier(class_weight='balanced', max_depth=6, min_samples_leaf=2,
                       n_estimators=200, random_state=42)
2023-05-30 03:54:24,024 [INFO] Save train_prediction_log data...
2023-05-30 03:54:24,026 [INFO] {'Data': 'train', 'ACC': '1.0 (196 / 196)', 'TP': 78, 'FP': 0, 'FN': 0, 'TN': 118, 'Precision': '1.0 (78 / 78 + 0)', 'Recall': '1.0 (78 / 78 + 0)', 'F1': '1.0 (2 * (1.0 * 1.0) / 1.0 + 1.0)', 'Specificity': '1.0 (118 / 118 + 0)', 'AUC': 1.0, 'r2': 1.0}
2023-05-30 03:54:24,036 [INFO] Save valid_prediction_log data...
2023-05-30 03:54:24,038 [INFO] {'Data': 'valid', 'ACC': '1.0 (49 / 49)', 'TP': 20, 'FP': 0, 'FN': 0, 'TN': 29, 'Precision': '1.0 (20 / 20 + 0)', 'Recall': '1.0 (20 / 20 + 0)', 'F1': '1.0 (2 * (1.0 * 1.0) / 1.0 + 1.0)', 'Specificity': '1.0 (29 / 29 + 0)', 'AUC': 1.0, 'r2': 1.0}
2023-05-30 03:54:24,050 [INFO] Save test_prediction_log data...
2023-05-30 03:54:24,052 [INFO] {'Data': 'test', 'ACC': '0.69 (34 / 49)', 'TP': 5, 'FP': 0, 'FN': 15, 'TN': 29, 'Precision': '1.0 (5 / 5 + 0)', 'Recall': '0.25 (5 / 5 + 15)', 'F1': '0.4 (2 * (0.25 * 1.0) / 0.25 + 1.0)', 'Specificity': '1.0 (29 / 29 + 0)', 'AUC': 0.62, 'r2': -0.27}
2023-05-30 03:54:24,082 [INFO] Save training_log data...
2023-05-30 03:54:24,086 [INFO] Save score_log data...
2023-05-30 03:54:24,087 [INFO] Time : 183.01279664039612
