2023-05-29 15:12:43,793 [INFO] Train data : Vary_params_CDK2_EGFR_LCK\DUD-E\LCK\nG1_80\ECFP6_256bits\Standard\LCK_train_vector.tsv
2023-05-29 15:12:43,793 [INFO] Valid data : Vary_params_CDK2_EGFR_LCK\DUD-E\LCK\nG1_80\ECFP6_256bits\Standard\LCK_valid_vector.tsv
2023-05-29 15:12:43,794 [INFO] Output path : Vary_params_CDK2_EGFR_LCK\DUD-E\LCK\nG1_80\ECFP6_256bits\Standard\LCK_model\SVM
2023-05-29 15:12:43,794 [INFO] Model type : SVM
2023-05-29 15:12:43,794 [INFO] Use cores : 19
2023-05-29 15:12:43,828 [INFO] Start Learning model
2023-05-29 15:12:43,828 [INFO] Train : 706 | Valid : 185
2023-05-29 15:12:43,829 [INFO] Set parameters : {'kernel': ['linear', 'rbf'], 'C': [0.01, 0.1, 1, 10, 100, 1000], 'gamma': [0.01, 0.1, 1, 100, 1000]}
2023-05-29 15:12:47,685 [INFO] GridSearchCV results :
    mean_valid_accuracy  mean_valid_precision  mean_valid_auc
31             0.926378              1.000000        0.901638
21             0.917887              1.000000        0.890385
51             0.926378              1.000000        0.901638
41             0.926378              1.000000        0.901638
0              0.941851              0.931009        0.937819
2              0.941851              0.931009        0.937819
4              0.941851              0.931009        0.937819
6              0.941851              0.931009        0.937819
8              0.941851              0.931009        0.937819
42             0.916439              0.877842        0.915298
32             0.916439              0.877842        0.915298
34             0.916439              0.877842        0.915298
36             0.916439              0.877842        0.915298
38             0.916439              0.877842        0.915298
40             0.916439              0.877842        0.915298
48             0.916439              0.877842        0.915298
44             0.916439              0.877842        0.915298
46             0.916439              0.877842        0.915298
26             0.916439              0.877842        0.915298
50             0.916439              0.877842        0.915298
52             0.916439              0.877842        0.915298
54             0.916439              0.877842        0.915298
56             0.916439              0.877842        0.915298
58             0.916439              0.877842        0.915298
28             0.916439              0.877842        0.915298
30             0.916439              0.877842        0.915298
18             0.916439              0.877842        0.915298
24             0.916439              0.877842        0.915298
14             0.916439              0.877842        0.915298
12             0.916439              0.877842        0.915298
22             0.916439              0.877842        0.915298
16             0.916439              0.877842        0.915298
20             0.916439              0.877842        0.915298
10             0.916439              0.877842        0.915298
25             0.626076              0.000000        0.500000
49             0.626076              0.000000        0.500000
11             0.626076              0.000000        0.500000
53             0.626076              0.000000        0.500000
9              0.626076              0.000000        0.500000
13             0.626076              0.000000        0.500000
7              0.626076              0.000000        0.500000
55             0.626076              0.000000        0.500000
5              0.626076              0.000000        0.500000
57             0.626076              0.000000        0.500000
3              0.626076              0.000000        0.500000
47             0.626076              0.000000        0.500000
43             0.626076              0.000000        0.500000
45             0.626076              0.000000        0.500000
27             0.626076              0.000000        0.500000
15             0.626076              0.000000        0.500000
17             0.626076              0.000000        0.500000
39             0.626076              0.000000        0.500000
37             0.626076              0.000000        0.500000
19             0.626076              0.000000        0.500000
35             0.626076              0.000000        0.500000
33             0.626076              0.000000        0.500000
23             0.626076              0.000000        0.500000
1              0.626076              0.000000        0.500000
29             0.626076              0.000000        0.500000
59             0.626076              0.000000        0.500000
2023-05-29 15:12:47,686 [INFO] Best model :
SVC(C=1, gamma=0.01, random_state=42)
2023-05-29 15:12:47,733 [INFO] Save train_prediction_log data...
2023-05-29 15:12:47,736 [INFO] {'Data': 'train', 'ACC': '1.0 (706 / 706)', 'TP': 264, 'FP': 0, 'FN': 0, 'TN': 442, 'Precision': '1.0 (264 / 264 + 0)', 'Recall': '1.0 (264 / 264 + 0)', 'F1': '1.0 (2 * (1.0 * 1.0) / 1.0 + 1.0)', 'Specificity': '1.0 (442 / 442 + 0)', 'AUC': 1.0, 'r2': 1.0}
2023-05-29 15:12:47,750 [INFO] Save valid_prediction_log data...
2023-05-29 15:12:47,752 [INFO] {'Data': 'valid', 'ACC': '0.99 (184 / 185)', 'TP': 73, 'FP': 0, 'FN': 1, 'TN': 111, 'Precision': '1.0 (73 / 73 + 0)', 'Recall': '0.99 (73 / 73 + 1)', 'F1': '0.99 (2 * (0.99 * 1.0) / 0.99 + 1.0)', 'Specificity': '1.0 (111 / 111 + 0)', 'AUC': 0.99, 'r2': 0.98}
2023-05-29 15:12:47,776 [INFO] Save test_prediction_log data...
2023-05-29 15:12:47,779 [INFO] {'Data': 'test', 'ACC': '0.71 (131 / 185)', 'TP': 21, 'FP': 1, 'FN': 53, 'TN': 110, 'Precision': '0.95 (21 / 21 + 1)', 'Recall': '0.28 (21 / 21 + 53)', 'F1': '0.43 (2 * (0.28 * 0.95) / 0.28 + 0.95)', 'Specificity': '0.99 (110 / 110 + 1)', 'AUC': 0.64, 'r2': -0.22}
2023-05-29 15:12:47,781 [INFO] Save training_log data...
2023-05-29 15:12:47,783 [INFO] Save score_log data...
2023-05-29 15:12:47,784 [INFO] Time : 3.9911348819732666
