2023-05-29 15:12:49,360 [INFO] Train data : Vary_params_CDK2_EGFR_LCK\DUD-E\LCK\nG1_80\ECFP6_256bits\Standard\LCK_train_vector.tsv
2023-05-29 15:12:49,360 [INFO] Valid data : Vary_params_CDK2_EGFR_LCK\DUD-E\LCK\nG1_80\ECFP6_256bits\Standard\LCK_valid_vector.tsv
2023-05-29 15:12:49,360 [INFO] Output path : Vary_params_CDK2_EGFR_LCK\DUD-E\LCK\nG1_80\ECFP6_256bits\Standard\LCK_model\MLP
2023-05-29 15:12:49,360 [INFO] Model type : MLP
2023-05-29 15:12:49,360 [INFO] Use cores : 19
2023-05-29 15:12:49,396 [INFO] Start Learning model
2023-05-29 15:12:49,396 [INFO] Train : 706 | Valid : 185
2023-05-29 15:12:49,396 [INFO] Set parameters : {'hidden_layer_sizes': [(50,), (100,), (50, 50), (100, 100)], 'learning_rate': ['constant', 'invscaling', 'adaptive'], 'activation': ['relu', 'identity', 'logistic', 'tanh'], 'solver': ['adam', 'sgd', 'lbfgs'], 'alpha': [0.1, 0.01, 0.001], 'max_iter': [500, 1000], 'early_stopping': [True]}
2023-05-29 15:15:21,325 [INFO] GridSearchCV results :
     mean_valid_accuracy  mean_valid_precision  mean_valid_auc
597             0.943340              0.971974        0.929678
522             0.943340              0.971974        0.929678
528             0.943340              0.971974        0.929678
594             0.943340              0.971974        0.929678
531             0.943340              0.971974        0.929678
..                   ...                   ...             ...
523             0.626076              0.000000        0.500000
538             0.626076              0.000000        0.500000
526             0.626076              0.000000        0.500000
535             0.626076              0.000000        0.500000
451             0.626076              0.000000        0.500000

[864 rows x 3 columns]
2023-05-29 15:15:21,326 [INFO] Best model :
MLPClassifier(activation='logistic', alpha=0.01, early_stopping=True,
              max_iter=500, random_state=42)
2023-05-29 15:15:21,334 [INFO] Save train_prediction_log data...
2023-05-29 15:15:21,337 [INFO] {'Data': 'train', 'ACC': '0.96 (677 / 706)', 'TP': 239, 'FP': 4, 'FN': 25, 'TN': 438, 'Precision': '0.98 (239 / 239 + 4)', 'Recall': '0.91 (239 / 239 + 25)', 'F1': '0.94 (2 * (0.91 * 0.98) / 0.91 + 0.98)', 'Specificity': '0.99 (438 / 438 + 4)', 'AUC': 0.95, 'r2': 0.82}
2023-05-29 15:15:21,341 [INFO] Save valid_prediction_log data...
2023-05-29 15:15:21,343 [INFO] {'Data': 'valid', 'ACC': '0.98 (181 / 185)', 'TP': 74, 'FP': 4, 'FN': 0, 'TN': 107, 'Precision': '0.95 (74 / 74 + 4)', 'Recall': '1.0 (74 / 74 + 0)', 'F1': '0.97 (2 * (1.0 * 0.95) / 1.0 + 0.95)', 'Specificity': '0.96 (107 / 107 + 4)', 'AUC': 0.98, 'r2': 0.91}
2023-05-29 15:15:21,357 [INFO] Save test_prediction_log data...
2023-05-29 15:15:21,359 [INFO] {'Data': 'test', 'ACC': '0.73 (135 / 185)', 'TP': 40, 'FP': 16, 'FN': 34, 'TN': 95, 'Precision': '0.71 (40 / 40 + 16)', 'Recall': '0.54 (40 / 40 + 34)', 'F1': '0.61 (2 * (0.54 * 0.71) / 0.54 + 0.71)', 'Specificity': '0.86 (95 / 95 + 16)', 'AUC': 0.7, 'r2': -0.13}
2023-05-29 15:15:21,362 [INFO] Save training_log data...
2023-05-29 15:15:21,367 [INFO] Save score_log data...
2023-05-29 15:15:21,368 [INFO] Time : 152.00801491737366
