2023-05-28 13:49:50,957 [INFO] Train data : Vary_params_ABL_BRAF_FGFR1\DUD-E\ABL1\nG1_20\ECFP6_256bits\Standard\ABL1_train_vector.tsv
2023-05-28 13:49:50,957 [INFO] Valid data : Vary_params_ABL_BRAF_FGFR1\DUD-E\ABL1\nG1_20\ECFP6_256bits\Standard\ABL1_valid_vector.tsv
2023-05-28 13:49:50,957 [INFO] Output path : Vary_params_ABL_BRAF_FGFR1\DUD-E\ABL1\nG1_20\ECFP6_256bits\Standard\ABL1_model\MLP
2023-05-28 13:49:50,957 [INFO] Model type : MLP
2023-05-28 13:49:50,957 [INFO] Use cores : 18
2023-05-28 13:49:50,978 [INFO] Start Learning model
2023-05-28 13:49:50,978 [INFO] Train : 294 | Valid : 66
2023-05-28 13:49:50,978 [INFO] Set parameters : {'hidden_layer_sizes': [(50,), (100,), (50, 50), (100, 100)], 'learning_rate': ['constant', 'invscaling', 'adaptive'], 'activation': ['relu', 'identity', 'logistic', 'tanh'], 'solver': ['adam', 'sgd', 'lbfgs'], 'alpha': [0.1, 0.01, 0.001], 'max_iter': [500, 1000], 'early_stopping': [True]}
2023-05-28 13:51:21,588 [INFO] GridSearchCV results :
     mean_valid_accuracy  mean_valid_precision  mean_valid_auc
492             0.874828              0.969048        0.867028
501             0.874828              0.969048        0.867028
495             0.874828              0.969048        0.867028
489             0.874828              0.969048        0.867028
498             0.874828              0.969048        0.867028
..                   ...                   ...             ...
532             0.537471              0.000000        0.500000
604             0.537471              0.000000        0.500000
457             0.537471              0.000000        0.500000
601             0.537471              0.000000        0.500000
460             0.537471              0.000000        0.500000

[864 rows x 3 columns]
2023-05-28 13:51:21,589 [INFO] Best model :
MLPClassifier(activation='logistic', alpha=0.1, early_stopping=True,
              hidden_layer_sizes=(100, 100), max_iter=500, random_state=42)
2023-05-28 13:51:21,596 [INFO] Save train_prediction_log data...
2023-05-28 13:51:21,599 [INFO] {'Data': 'train', 'ACC': '0.91 (267 / 294)', 'TP': 109, 'FP': 0, 'FN': 27, 'TN': 158, 'Precision': '1.0 (109 / 109 + 0)', 'Recall': '0.8 (109 / 109 + 27)', 'F1': '0.89 (2 * (0.8 * 1.0) / 0.8 + 1.0)', 'Specificity': '1.0 (158 / 158 + 0)', 'AUC': 0.9, 'r2': 0.63}
2023-05-28 13:51:21,603 [INFO] Save valid_prediction_log data...
2023-05-28 13:51:21,605 [INFO] {'Data': 'valid', 'ACC': '1.0 (66 / 66)', 'TP': 26, 'FP': 0, 'FN': 0, 'TN': 40, 'Precision': '1.0 (26 / 26 + 0)', 'Recall': '1.0 (26 / 26 + 0)', 'F1': '1.0 (2 * (1.0 * 1.0) / 1.0 + 1.0)', 'Specificity': '1.0 (40 / 40 + 0)', 'AUC': 1.0, 'r2': 1.0}
2023-05-28 13:51:21,616 [INFO] Save test_prediction_log data...
2023-05-28 13:51:21,618 [INFO] {'Data': 'test', 'ACC': '0.71 (47 / 66)', 'TP': 11, 'FP': 4, 'FN': 15, 'TN': 36, 'Precision': '0.73 (11 / 11 + 4)', 'Recall': '0.42 (11 / 11 + 15)', 'F1': '0.53 (2 * (0.42 * 0.73) / 0.42 + 0.73)', 'Specificity': '0.9 (36 / 36 + 4)', 'AUC': 0.66, 'r2': -0.21}
2023-05-28 13:51:21,621 [INFO] Save training_log data...
2023-05-28 13:51:21,625 [INFO] Save score_log data...
2023-05-28 13:51:21,626 [INFO] Time : 90.66855096817017
