2023-05-27 04:49:44,452 [INFO] Train data : Vary_params\DUD-E\MET\nG1_80\ECFP6_256bits\Robust\MET_train_vector.tsv
2023-05-27 04:49:44,452 [INFO] Valid data : Vary_params\DUD-E\MET\nG1_80\ECFP6_256bits\Robust\MET_valid_vector.tsv
2023-05-27 04:49:44,452 [INFO] Output path : Vary_params\DUD-E\MET\nG1_80\ECFP6_256bits\Robust\MET_model\MLP
2023-05-27 04:49:44,452 [INFO] Model type : MLP
2023-05-27 04:49:44,452 [INFO] Use cores : 10
2023-05-27 04:49:44,465 [INFO] Start Learning model
2023-05-27 04:49:44,465 [INFO] Train : 166 | Valid : 49
2023-05-27 04:49:44,466 [INFO] Set parameters : {'hidden_layer_sizes': [(50,), (100,), (50, 50), (100, 100)], 'learning_rate': ['constant', 'invscaling', 'adaptive'], 'activation': ['relu', 'identity', 'logistic', 'tanh'], 'solver': ['adam', 'sgd', 'lbfgs'], 'alpha': [0.1, 0.01, 0.001], 'max_iter': [500, 1000], 'early_stopping': [True]}
2023-05-27 04:52:21,364 [INFO] GridSearchCV results :
     mean_valid_accuracy  mean_valid_precision  mean_valid_auc
815             0.892647              0.893333        0.843788
812             0.892647              0.893333        0.843788
818             0.892647              0.893333        0.843788
821             0.892647              0.893333        0.843788
824             0.892647              0.893333        0.843788
..                   ...                   ...             ...
492             0.711029              0.000000        0.500000
495             0.711029              0.000000        0.500000
498             0.711029              0.000000        0.500000
561             0.711029              0.000000        0.500000
564             0.711029              0.000000        0.500000

[864 rows x 3 columns]
2023-05-27 04:52:21,365 [INFO] Best model :
MLPClassifier(activation='tanh', alpha=0.001, early_stopping=True, max_iter=500,
              random_state=42, solver='lbfgs')
2023-05-27 04:52:21,369 [INFO] Save train_prediction_log data...
2023-05-27 04:52:21,373 [INFO] {'Data': 'train', 'ACC': '1.0 (166 / 166)', 'TP': 48, 'FP': 0, 'FN': 0, 'TN': 118, 'Precision': '1.0 (48 / 48 + 0)', 'Recall': '1.0 (48 / 48 + 0)', 'F1': '1.0 (2 * (1.0 * 1.0) / 1.0 + 1.0)', 'Specificity': '1.0 (118 / 118 + 0)', 'AUC': 1.0, 'r2': 1.0}
2023-05-27 04:52:21,377 [INFO] Save valid_prediction_log data...
2023-05-27 04:52:21,379 [INFO] {'Data': 'valid', 'ACC': '0.88 (43 / 49)', 'TP': 19, 'FP': 5, 'FN': 1, 'TN': 24, 'Precision': '0.79 (19 / 19 + 5)', 'Recall': '0.95 (19 / 19 + 1)', 'F1': '0.86 (2 * (0.95 * 0.79) / 0.95 + 0.79)', 'Specificity': '0.83 (24 / 24 + 5)', 'AUC': 0.89, 'r2': 0.49}
2023-05-27 04:52:21,388 [INFO] Save test_prediction_log data...
2023-05-27 04:52:21,391 [INFO] {'Data': 'test', 'ACC': '0.55 (27 / 49)', 'TP': 1, 'FP': 3, 'FN': 19, 'TN': 26, 'Precision': '0.25 (1 / 1 + 3)', 'Recall': '0.05 (1 / 1 + 19)', 'F1': '0.08 (2 * (0.05 * 0.25) / 0.05 + 0.25)', 'Specificity': '0.9 (26 / 26 + 3)', 'AUC': 0.47, 'r2': -0.86}
2023-05-27 04:52:21,394 [INFO] Save training_log data...
2023-05-27 04:52:21,398 [INFO] Save score_log data...
2023-05-27 04:52:21,399 [INFO] Time : 156.94702339172363
