2023-05-28 00:16:31,936 [INFO] Train data : Vary_params\DUD-E\PLK1\nG1_80\ECFP6_256bits\MinMax\PLK1_train_vector.tsv
2023-05-28 00:16:31,937 [INFO] Valid data : Vary_params\DUD-E\PLK1\nG1_80\ECFP6_256bits\MinMax\PLK1_valid_vector.tsv
2023-05-28 00:16:31,937 [INFO] Output path : Vary_params\DUD-E\PLK1\nG1_80\ECFP6_256bits\MinMax\PLK1_model\SVM
2023-05-28 00:16:31,937 [INFO] Model type : SVM
2023-05-28 00:16:31,937 [INFO] Use cores : 10
2023-05-28 00:16:31,949 [INFO] Start Learning model
2023-05-28 00:16:31,949 [INFO] Train : 84 | Valid : 28
2023-05-28 00:16:31,949 [INFO] Set parameters : {'kernel': ['linear', 'rbf'], 'C': [0.01, 0.1, 1, 10, 100, 1000], 'gamma': [0.01, 0.1, 1, 100, 1000]}
2023-05-28 00:16:38,638 [INFO] GridSearchCV results :
    mean_valid_accuracy  mean_valid_precision  mean_valid_auc
0              0.931944                   0.7           0.825
22             0.931944                   0.7           0.825
26             0.931944                   0.7           0.825
28             0.931944                   0.7           0.825
31             0.931944                   0.7           0.825
32             0.931944                   0.7           0.825
34             0.931944                   0.7           0.825
36             0.931944                   0.7           0.825
38             0.931944                   0.7           0.825
40             0.931944                   0.7           0.825
41             0.931944                   0.7           0.825
42             0.931944                   0.7           0.825
44             0.931944                   0.7           0.825
46             0.931944                   0.7           0.825
48             0.931944                   0.7           0.825
50             0.931944                   0.7           0.825
51             0.931944                   0.7           0.825
52             0.931944                   0.7           0.825
54             0.931944                   0.7           0.825
56             0.931944                   0.7           0.825
58             0.931944                   0.7           0.825
24             0.931944                   0.7           0.825
30             0.931944                   0.7           0.825
12             0.931944                   0.7           0.825
14             0.931944                   0.7           0.825
2              0.931944                   0.7           0.825
20             0.931944                   0.7           0.825
4              0.931944                   0.7           0.825
6              0.931944                   0.7           0.825
8              0.931944                   0.7           0.825
18             0.931944                   0.7           0.825
10             0.931944                   0.7           0.825
16             0.931944                   0.7           0.825
21             0.931944                   0.7           0.825
53             0.847222                   0.3           0.600
33             0.847222                   0.3           0.600
43             0.847222                   0.3           0.600
23             0.834722                   0.2           0.550
37             0.811111                   0.0           0.500
39             0.811111                   0.0           0.500
25             0.811111                   0.0           0.500
57             0.811111                   0.0           0.500
3              0.811111                   0.0           0.500
55             0.811111                   0.0           0.500
27             0.811111                   0.0           0.500
19             0.811111                   0.0           0.500
5              0.811111                   0.0           0.500
29             0.811111                   0.0           0.500
7              0.811111                   0.0           0.500
49             0.811111                   0.0           0.500
1              0.811111                   0.0           0.500
47             0.811111                   0.0           0.500
9              0.811111                   0.0           0.500
45             0.811111                   0.0           0.500
17             0.811111                   0.0           0.500
35             0.811111                   0.0           0.500
11             0.811111                   0.0           0.500
15             0.811111                   0.0           0.500
13             0.811111                   0.0           0.500
59             0.811111                   0.0           0.500
2023-05-28 00:16:38,640 [INFO] Best model :
SVC(C=0.01, gamma=0.01, kernel='linear', random_state=42)
2023-05-28 00:16:38,647 [INFO] Save train_prediction_log data...
2023-05-28 00:16:38,652 [INFO] {'Data': 'train', 'ACC': '0.95 (80 / 84)', 'TP': 12, 'FP': 0, 'FN': 4, 'TN': 68, 'Precision': '1.0 (12 / 12 + 0)', 'Recall': '0.75 (12 / 12 + 4)', 'F1': '0.86 (2 * (0.75 * 1.0) / 0.75 + 1.0)', 'Specificity': '1.0 (68 / 68 + 0)', 'AUC': 0.88, 'r2': 0.69}
2023-05-28 00:16:38,657 [INFO] Save valid_prediction_log data...
2023-05-28 00:16:38,661 [INFO] {'Data': 'valid', 'ACC': '1.0 (28 / 28)', 'TP': 11, 'FP': 0, 'FN': 0, 'TN': 17, 'Precision': '1.0 (11 / 11 + 0)', 'Recall': '1.0 (11 / 11 + 0)', 'F1': '1.0 (2 * (1.0 * 1.0) / 1.0 + 1.0)', 'Specificity': '1.0 (17 / 17 + 0)', 'AUC': 1.0, 'r2': 1.0}
2023-05-28 00:16:38,669 [INFO] Save test_prediction_log data...
2023-05-28 00:16:38,672 [INFO] {'Data': 'test', 'ACC': '0.61 (17 / 28)', 'TP': 1, 'FP': 1, 'FN': 10, 'TN': 16, 'Precision': '0.5 (1 / 1 + 1)', 'Recall': '0.09 (1 / 1 + 10)', 'F1': '0.15 (2 * (0.09 * 0.5) / 0.09 + 0.5)', 'Specificity': '0.94 (16 / 16 + 1)', 'AUC': 0.52, 'r2': -0.65}
2023-05-28 00:16:38,675 [INFO] Save training_log data...
2023-05-28 00:16:38,676 [INFO] Save score_log data...
2023-05-28 00:16:38,677 [INFO] Time : 6.740999937057495
