2023-05-30 08:24:18,797 [INFO] Train data : Vary_params_BRAF_MK14\DUD-E\MK14\nG1_50\ECFP4_512bits\Standard\MK14_train_vector.tsv
2023-05-30 08:24:18,797 [INFO] Valid data : Vary_params_BRAF_MK14\DUD-E\MK14\nG1_50\ECFP4_512bits\Standard\MK14_valid_vector.tsv
2023-05-30 08:24:18,797 [INFO] Output path : Vary_params_BRAF_MK14\DUD-E\MK14\nG1_50\ECFP4_512bits\Standard\MK14_model\SVM
2023-05-30 08:24:18,797 [INFO] Model type : SVM
2023-05-30 08:24:18,797 [INFO] Use cores : 10
2023-05-30 08:24:18,894 [INFO] Start Learning model
2023-05-30 08:24:18,894 [INFO] Train : 901 | Valid : 225
2023-05-30 08:24:18,894 [INFO] Set parameters : {'kernel': ['linear', 'rbf'], 'C': [0.01, 0.1, 1, 10, 100, 1000], 'gamma': [0.01, 0.1, 1, 100, 1000]}
2023-05-30 08:24:38,216 [INFO] GridSearchCV results :
    mean_valid_accuracy  mean_valid_precision  mean_valid_auc
41             0.673736              0.987500        0.592130
31             0.673736              0.987500        0.592130
51             0.673736              0.987500        0.592130
0              0.967790              0.967186        0.965295
26             0.967790              0.967186        0.965295
28             0.967790              0.967186        0.965295
32             0.967790              0.967186        0.965295
34             0.967790              0.967186        0.965295
36             0.967790              0.967186        0.965295
38             0.967790              0.967186        0.965295
40             0.967790              0.967186        0.965295
42             0.967790              0.967186        0.965295
22             0.967790              0.967186        0.965295
44             0.967790              0.967186        0.965295
46             0.967790              0.967186        0.965295
48             0.967790              0.967186        0.965295
50             0.967790              0.967186        0.965295
52             0.967790              0.967186        0.965295
54             0.967790              0.967186        0.965295
56             0.967790              0.967186        0.965295
58             0.967790              0.967186        0.965295
24             0.967790              0.967186        0.965295
30             0.967790              0.967186        0.965295
12             0.967790              0.967186        0.965295
2              0.967790              0.967186        0.965295
20             0.967790              0.967186        0.965295
4              0.967790              0.967186        0.965295
18             0.967790              0.967186        0.965295
8              0.967790              0.967186        0.965295
10             0.967790              0.967186        0.965295
16             0.967790              0.967186        0.965295
6              0.967790              0.967186        0.965295
14             0.967790              0.967186        0.965295
21             0.629316              0.900000        0.536111
49             0.600440              0.000000        0.500000
9              0.600440              0.000000        0.500000
47             0.600440              0.000000        0.500000
5              0.600440              0.000000        0.500000
7              0.600440              0.000000        0.500000
53             0.600440              0.000000        0.500000
55             0.600440              0.000000        0.500000
3              0.600440              0.000000        0.500000
57             0.600440              0.000000        0.500000
45             0.600440              0.000000        0.500000
23             0.600440              0.000000        0.500000
43             0.600440              0.000000        0.500000
11             0.600440              0.000000        0.500000
13             0.600440              0.000000        0.500000
39             0.600440              0.000000        0.500000
37             0.600440              0.000000        0.500000
15             0.600440              0.000000        0.500000
35             0.600440              0.000000        0.500000
33             0.600440              0.000000        0.500000
17             0.600440              0.000000        0.500000
1              0.600440              0.000000        0.500000
29             0.600440              0.000000        0.500000
19             0.600440              0.000000        0.500000
27             0.600440              0.000000        0.500000
25             0.600440              0.000000        0.500000
59             0.600440              0.000000        0.500000
2023-05-30 08:24:38,217 [INFO] Best model :
SVC(C=10, gamma=0.01, random_state=42)
2023-05-30 08:24:38,365 [INFO] Save train_prediction_log data...
2023-05-30 08:24:38,384 [INFO] {'Data': 'train', 'ACC': '1.0 (901 / 901)', 'TP': 360, 'FP': 0, 'FN': 0, 'TN': 541, 'Precision': '1.0 (360 / 360 + 0)', 'Recall': '1.0 (360 / 360 + 0)', 'F1': '1.0 (2 * (1.0 * 1.0) / 1.0 + 1.0)', 'Specificity': '1.0 (541 / 541 + 0)', 'AUC': 1.0, 'r2': 1.0}
2023-05-30 08:24:38,426 [INFO] Save valid_prediction_log data...
2023-05-30 08:24:38,429 [INFO] {'Data': 'valid', 'ACC': '0.84 (190 / 225)', 'TP': 55, 'FP': 0, 'FN': 35, 'TN': 135, 'Precision': '1.0 (55 / 55 + 0)', 'Recall': '0.61 (55 / 55 + 35)', 'F1': '0.76 (2 * (0.61 * 1.0) / 0.61 + 1.0)', 'Specificity': '1.0 (135 / 135 + 0)', 'AUC': 0.81, 'r2': 0.35}
2023-05-30 08:24:38,494 [INFO] Save test_prediction_log data...
2023-05-30 08:24:38,496 [INFO] {'Data': 'test', 'ACC': '0.67 (150 / 225)', 'TP': 16, 'FP': 1, 'FN': 74, 'TN': 134, 'Precision': '0.94 (16 / 16 + 1)', 'Recall': '0.18 (16 / 16 + 74)', 'F1': '0.3 (2 * (0.18 * 0.94) / 0.18 + 0.94)', 'Specificity': '0.99 (134 / 134 + 1)', 'AUC': 0.59, 'r2': -0.39}
2023-05-30 08:24:38,500 [INFO] Save training_log data...
2023-05-30 08:24:38,501 [INFO] Save score_log data...
2023-05-30 08:24:38,502 [INFO] Time : 19.705596923828125
