2023-05-27 22:54:21,602 [INFO] Train data : Vary_params\DUD-E\PLK1\nG1_80\ECFP4_512bits\Standard\PLK1_train_vector.tsv
2023-05-27 22:54:21,602 [INFO] Valid data : Vary_params\DUD-E\PLK1\nG1_80\ECFP4_512bits\Standard\PLK1_valid_vector.tsv
2023-05-27 22:54:21,602 [INFO] Output path : Vary_params\DUD-E\PLK1\nG1_80\ECFP4_512bits\Standard\PLK1_model\XGB
2023-05-27 22:54:21,602 [INFO] Model type : XGB
2023-05-27 22:54:21,602 [INFO] Use cores : 10
2023-05-27 22:54:21,637 [INFO] Start Learning model
2023-05-27 22:54:21,637 [INFO] Train : 84 | Valid : 28
2023-05-27 22:54:21,638 [INFO] Set parameters : {'max_depth': [4, 6, 8], 'learning_rate': [0.01, 0.2], 'n_estimators': [200, 600, 1000], 'gamma': [0, 1000], 'min_child_weight': [1, 3], 'subsample': [0.5, 1], 'colsample_bytree': [0.5, 1], 'objective': ['binary:logitraw'], 'eval_metric': ['auc', 'error']}
2023-05-27 23:06:20,328 [INFO] GridSearchCV results :
     mean_valid_accuracy  mean_valid_precision  mean_valid_auc
289             0.976389                   0.9           0.925
183             0.965278                   0.9           0.900
169             0.954167                   0.9           0.875
170             0.954167                   0.9           0.875
171             0.965278                   0.9           0.900
..                   ...                   ...             ...
382             0.811111                   0.0           0.500
381             0.811111                   0.0           0.500
380             0.811111                   0.0           0.500
379             0.811111                   0.0           0.500
575             0.811111                   0.0           0.500

[576 rows x 3 columns]
2023-05-27 23:06:20,368 [INFO] Best model :
XGBClassifier(base_score=None, booster=None, callbacks=None,
              colsample_bylevel=None, colsample_bynode=None,
              colsample_bytree=0.5, early_stopping_rounds=None,
              enable_categorical=False, eval_metric='auc', feature_types=None,
              gamma=0, gpu_id=None, grow_policy=None, importance_type=None,
              interaction_constraints=None, learning_rate=0.01, max_bin=None,
              max_cat_threshold=None, max_cat_to_onehot=None,
              max_delta_step=None, max_depth=4, max_leaves=None,
              min_child_weight=1, missing=nan, monotone_constraints=None,
              n_estimators=200, n_jobs=0, num_parallel_tree=None,
              objective='binary:logitraw', predictor=None, ...)
2023-05-27 23:06:20,400 [INFO] Save train_prediction_log data...
2023-05-27 23:06:20,415 [INFO] {'Data': 'train', 'ACC': '1.0 (84 / 84)', 'TP': 16, 'FP': 0, 'FN': 0, 'TN': 68, 'Precision': '1.0 (16 / 16 + 0)', 'Recall': '1.0 (16 / 16 + 0)', 'F1': '1.0 (2 * (1.0 * 1.0) / 1.0 + 1.0)', 'Specificity': '1.0 (68 / 68 + 0)', 'AUC': 1.0, 'r2': 1.0}
2023-05-27 23:06:20,459 [INFO] Save valid_prediction_log data...
2023-05-27 23:06:20,462 [INFO] {'Data': 'valid', 'ACC': '1.0 (28 / 28)', 'TP': 11, 'FP': 0, 'FN': 0, 'TN': 17, 'Precision': '1.0 (11 / 11 + 0)', 'Recall': '1.0 (11 / 11 + 0)', 'F1': '1.0 (2 * (1.0 * 1.0) / 1.0 + 1.0)', 'Specificity': '1.0 (17 / 17 + 0)', 'AUC': 1.0, 'r2': 1.0}
2023-05-27 23:06:20,519 [INFO] Save test_prediction_log data...
2023-05-27 23:06:20,540 [INFO] {'Data': 'test', 'ACC': '0.68 (19 / 28)', 'TP': 3, 'FP': 1, 'FN': 8, 'TN': 16, 'Precision': '0.75 (3 / 3 + 1)', 'Recall': '0.27 (3 / 3 + 8)', 'F1': '0.4 (2 * (0.27 * 0.75) / 0.27 + 0.75)', 'Specificity': '0.94 (16 / 16 + 1)', 'AUC': 0.61, 'r2': -0.35}
2023-05-27 23:06:20,564 [INFO] Save training_log data...
2023-05-27 23:06:20,569 [INFO] Save score_log data...
2023-05-27 23:06:20,571 [INFO] Time : 718.9685604572296
