2023-05-28 19:41:07,125 [INFO] Train data : Vary_params_IGF1R_KIT\DUD-E\KIT\nG1_50\ECFP6_256bits\MinMax\KIT_train_vector.tsv
2023-05-28 19:41:07,125 [INFO] Valid data : Vary_params_IGF1R_KIT\DUD-E\KIT\nG1_50\ECFP6_256bits\MinMax\KIT_valid_vector.tsv
2023-05-28 19:41:07,125 [INFO] Output path : Vary_params_IGF1R_KIT\DUD-E\KIT\nG1_50\ECFP6_256bits\MinMax\KIT_model\SVM
2023-05-28 19:41:07,126 [INFO] Model type : SVM
2023-05-28 19:41:07,126 [INFO] Use cores : 10
2023-05-28 19:41:07,140 [INFO] Start Learning model
2023-05-28 19:41:07,141 [INFO] Train : 232 | Valid : 58
2023-05-28 19:41:07,141 [INFO] Set parameters : {'kernel': ['linear', 'rbf'], 'C': [0.01, 0.1, 1, 10, 100, 1000], 'gamma': [0.01, 0.1, 1, 100, 1000]}
2023-05-28 19:41:09,619 [INFO] GridSearchCV results :
    mean_valid_accuracy  mean_valid_precision  mean_valid_auc
21             0.987138              1.000000        0.984444
0              0.969928              0.990000        0.964762
2              0.969928              0.990000        0.964762
4              0.969928              0.990000        0.964762
6              0.969928              0.990000        0.964762
8              0.969928              0.990000        0.964762
31             0.978442              0.978889        0.977302
51             0.978442              0.978889        0.977302
41             0.978442              0.978889        0.977302
42             0.944022              0.924343        0.945873
32             0.944022              0.924343        0.945873
34             0.944022              0.924343        0.945873
36             0.944022              0.924343        0.945873
38             0.944022              0.924343        0.945873
40             0.944022              0.924343        0.945873
48             0.944022              0.924343        0.945873
44             0.944022              0.924343        0.945873
46             0.944022              0.924343        0.945873
26             0.944022              0.924343        0.945873
50             0.944022              0.924343        0.945873
52             0.944022              0.924343        0.945873
54             0.944022              0.924343        0.945873
56             0.944022              0.924343        0.945873
58             0.944022              0.924343        0.945873
28             0.944022              0.924343        0.945873
30             0.944022              0.924343        0.945873
12             0.944022              0.924343        0.945873
18             0.944022              0.924343        0.945873
24             0.944022              0.924343        0.945873
14             0.944022              0.924343        0.945873
10             0.944022              0.924343        0.945873
16             0.944022              0.924343        0.945873
22             0.944022              0.924343        0.945873
20             0.944022              0.924343        0.945873
53             0.685688              0.900000        0.608889
43             0.685688              0.900000        0.608889
33             0.685688              0.900000        0.608889
23             0.633877              0.600000        0.543889
47             0.599275              0.000000        0.500000
7              0.599275              0.000000        0.500000
5              0.599275              0.000000        0.500000
9              0.599275              0.000000        0.500000
57             0.599275              0.000000        0.500000
11             0.599275              0.000000        0.500000
3              0.599275              0.000000        0.500000
49             0.599275              0.000000        0.500000
55             0.599275              0.000000        0.500000
25             0.599275              0.000000        0.500000
13             0.599275              0.000000        0.500000
45             0.599275              0.000000        0.500000
27             0.599275              0.000000        0.500000
15             0.599275              0.000000        0.500000
17             0.599275              0.000000        0.500000
39             0.599275              0.000000        0.500000
37             0.599275              0.000000        0.500000
19             0.599275              0.000000        0.500000
35             0.599275              0.000000        0.500000
1              0.599275              0.000000        0.500000
29             0.599275              0.000000        0.500000
59             0.599275              0.000000        0.500000
2023-05-28 19:41:09,620 [INFO] Best model :
SVC(C=1, gamma=0.01, random_state=42)
2023-05-28 19:41:09,628 [INFO] Save train_prediction_log data...
2023-05-28 19:41:09,631 [INFO] {'Data': 'train', 'ACC': '1.0 (232 / 232)', 'TP': 93, 'FP': 0, 'FN': 0, 'TN': 139, 'Precision': '1.0 (93 / 93 + 0)', 'Recall': '1.0 (93 / 93 + 0)', 'F1': '1.0 (2 * (1.0 * 1.0) / 1.0 + 1.0)', 'Specificity': '1.0 (139 / 139 + 0)', 'AUC': 1.0, 'r2': 1.0}
2023-05-28 19:41:09,635 [INFO] Save valid_prediction_log data...
2023-05-28 19:41:09,637 [INFO] {'Data': 'valid', 'ACC': '0.98 (57 / 58)', 'TP': 23, 'FP': 1, 'FN': 0, 'TN': 34, 'Precision': '0.96 (23 / 23 + 1)', 'Recall': '1.0 (23 / 23 + 0)', 'F1': '0.98 (2 * (1.0 * 0.96) / 1.0 + 0.96)', 'Specificity': '0.97 (34 / 34 + 1)', 'AUC': 0.99, 'r2': 0.93}
2023-05-28 19:41:09,646 [INFO] Save test_prediction_log data...
2023-05-28 19:41:09,648 [INFO] {'Data': 'test', 'ACC': '0.67 (39 / 58)', 'TP': 11, 'FP': 7, 'FN': 12, 'TN': 28, 'Precision': '0.61 (11 / 11 + 7)', 'Recall': '0.48 (11 / 11 + 12)', 'F1': '0.54 (2 * (0.48 * 0.61) / 0.48 + 0.61)', 'Specificity': '0.8 (28 / 28 + 7)', 'AUC': 0.64, 'r2': -0.37}
2023-05-28 19:41:09,649 [INFO] Save training_log data...
2023-05-28 19:41:09,650 [INFO] Save score_log data...
2023-05-28 19:41:09,651 [INFO] Time : 2.525097131729126
