2023-05-29 22:21:34,969 [INFO] Train data : Vary_params_BRAF_MK14\DUD-E\MK14\nG1_20\ECFP6_256bits\Robust\MK14_train_vector.tsv
2023-05-29 22:21:34,969 [INFO] Valid data : Vary_params_BRAF_MK14\DUD-E\MK14\nG1_20\ECFP6_256bits\Robust\MK14_valid_vector.tsv
2023-05-29 22:21:34,969 [INFO] Output path : Vary_params_BRAF_MK14\DUD-E\MK14\nG1_20\ECFP6_256bits\Robust\MK14_model\MLP
2023-05-29 22:21:34,969 [INFO] Model type : MLP
2023-05-29 22:21:34,969 [INFO] Use cores : 10
2023-05-29 22:21:34,995 [INFO] Start Learning model
2023-05-29 22:21:34,995 [INFO] Train : 931 | Valid : 225
2023-05-29 22:21:34,996 [INFO] Set parameters : {'hidden_layer_sizes': [(50,), (100,), (50, 50), (100, 100)], 'learning_rate': ['constant', 'invscaling', 'adaptive'], 'activation': ['relu', 'identity', 'logistic', 'tanh'], 'solver': ['adam', 'sgd', 'lbfgs'], 'alpha': [0.1, 0.01, 0.001], 'max_iter': [500, 1000], 'early_stopping': [True]}
2023-05-29 22:32:40,070 [INFO] GridSearchCV results :
     mean_valid_accuracy  mean_valid_precision  mean_valid_auc
555             0.860490              0.863692        0.851224
549             0.860490              0.863692        0.851224
543             0.860490              0.863692        0.851224
546             0.860490              0.863692        0.851224
627             0.861565              0.863692        0.852506
..                   ...                   ...             ...
481             0.577865              0.083333        0.499359
469             0.577865              0.083333        0.499359
613             0.577865              0.083333        0.499359
628             0.577865              0.083333        0.499359
616             0.577865              0.083333        0.499359

[864 rows x 3 columns]
2023-05-29 22:32:40,071 [INFO] Best model :
MLPClassifier(activation='logistic', alpha=0.01, early_stopping=True,
              hidden_layer_sizes=(50, 50), max_iter=500, random_state=42)
2023-05-29 22:32:40,082 [INFO] Save train_prediction_log data...
2023-05-29 22:32:40,463 [INFO] {'Data': 'train', 'ACC': '0.97 (900 / 931)', 'TP': 374, 'FP': 15, 'FN': 16, 'TN': 526, 'Precision': '0.96 (374 / 374 + 15)', 'Recall': '0.96 (374 / 374 + 16)', 'F1': '0.96 (2 * (0.96 * 0.96) / 0.96 + 0.96)', 'Specificity': '0.97 (526 / 526 + 15)', 'AUC': 0.97, 'r2': 0.86}
2023-05-29 22:32:40,469 [INFO] Save valid_prediction_log data...
2023-05-29 22:32:40,471 [INFO] {'Data': 'valid', 'ACC': '0.87 (195 / 225)', 'TP': 83, 'FP': 23, 'FN': 7, 'TN': 112, 'Precision': '0.78 (83 / 83 + 23)', 'Recall': '0.92 (83 / 83 + 7)', 'F1': '0.84 (2 * (0.92 * 0.78) / 0.92 + 0.78)', 'Specificity': '0.83 (112 / 112 + 23)', 'AUC': 0.88, 'r2': 0.44}
2023-05-29 22:32:40,486 [INFO] Save test_prediction_log data...
2023-05-29 22:32:40,488 [INFO] {'Data': 'test', 'ACC': '0.6 (135 / 225)', 'TP': 65, 'FP': 65, 'FN': 25, 'TN': 70, 'Precision': '0.5 (65 / 65 + 65)', 'Recall': '0.72 (65 / 65 + 25)', 'F1': '0.59 (2 * (0.72 * 0.5) / 0.72 + 0.5)', 'Specificity': '0.52 (70 / 70 + 65)', 'AUC': 0.62, 'r2': -0.67}
2023-05-29 22:32:40,491 [INFO] Save training_log data...
2023-05-29 22:32:40,496 [INFO] Save score_log data...
2023-05-29 22:32:40,496 [INFO] Time : 665.5275933742523
