2023-05-28 19:27:42,396 [INFO] Train data : Vary_params_FGFR1\DUD-E\FGFR1\nG1_20\ECFP6_512bits\MinMax\FGFR1_train_vector.tsv
2023-05-28 19:27:42,396 [INFO] Valid data : Vary_params_FGFR1\DUD-E\FGFR1\nG1_20\ECFP6_512bits\MinMax\FGFR1_valid_vector.tsv
2023-05-28 19:27:42,396 [INFO] Output path : Vary_params_FGFR1\DUD-E\FGFR1\nG1_20\ECFP6_512bits\MinMax\FGFR1_model\MLP
2023-05-28 19:27:42,396 [INFO] Model type : MLP
2023-05-28 19:27:42,396 [INFO] Use cores : 10
2023-05-28 19:27:42,422 [INFO] Start Learning model
2023-05-28 19:27:42,422 [INFO] Train : 203 | Valid : 43
2023-05-28 19:27:42,422 [INFO] Set parameters : {'hidden_layer_sizes': [(50,), (100,), (50, 50), (100, 100)], 'learning_rate': ['constant', 'invscaling', 'adaptive'], 'activation': ['relu', 'identity', 'logistic', 'tanh'], 'solver': ['adam', 'sgd', 'lbfgs'], 'alpha': [0.1, 0.01, 0.001], 'max_iter': [500, 1000], 'early_stopping': [True]}
2023-05-28 19:30:51,869 [INFO] GridSearchCV results :
     mean_valid_accuracy  mean_valid_precision  mean_valid_auc
314             0.946905              0.990909           0.945
311             0.946905              0.990909           0.945
323             0.946905              0.990909           0.945
320             0.946905              0.990909           0.945
317             0.946905              0.990909           0.945
..                   ...                   ...             ...
598             0.512143              0.000000           0.500
601             0.512143              0.000000           0.500
604             0.512143              0.000000           0.500
607             0.512143              0.000000           0.500
535             0.512143              0.000000           0.500

[864 rows x 3 columns]
2023-05-28 19:30:51,871 [INFO] Best model :
MLPClassifier(activation='identity', alpha=0.01, early_stopping=True,
              max_iter=500, random_state=42, solver='lbfgs')
2023-05-28 19:30:51,895 [INFO] Save train_prediction_log data...
2023-05-28 19:30:51,900 [INFO] {'Data': 'train', 'ACC': '1.0 (203 / 203)', 'TP': 99, 'FP': 0, 'FN': 0, 'TN': 104, 'Precision': '1.0 (99 / 99 + 0)', 'Recall': '1.0 (99 / 99 + 0)', 'F1': '1.0 (2 * (1.0 * 1.0) / 1.0 + 1.0)', 'Specificity': '1.0 (104 / 104 + 0)', 'AUC': 1.0, 'r2': 1.0}
2023-05-28 19:30:51,906 [INFO] Save valid_prediction_log data...
2023-05-28 19:30:51,910 [INFO] {'Data': 'valid', 'ACC': '0.98 (42 / 43)', 'TP': 17, 'FP': 1, 'FN': 0, 'TN': 25, 'Precision': '0.94 (17 / 17 + 1)', 'Recall': '1.0 (17 / 17 + 0)', 'F1': '0.97 (2 * (1.0 * 0.94) / 1.0 + 0.94)', 'Specificity': '0.96 (25 / 25 + 1)', 'AUC': 0.98, 'r2': 0.9}
2023-05-28 19:30:51,933 [INFO] Save test_prediction_log data...
2023-05-28 19:30:51,937 [INFO] {'Data': 'test', 'ACC': '0.7 (30 / 43)', 'TP': 12, 'FP': 8, 'FN': 5, 'TN': 18, 'Precision': '0.6 (12 / 12 + 8)', 'Recall': '0.71 (12 / 12 + 5)', 'F1': '0.65 (2 * (0.71 * 0.6) / 0.71 + 0.6)', 'Specificity': '0.69 (18 / 18 + 8)', 'AUC': 0.7, 'r2': -0.26}
2023-05-28 19:30:51,940 [INFO] Save training_log data...
2023-05-28 19:30:51,947 [INFO] Save score_log data...
2023-05-28 19:30:51,949 [INFO] Time : 189.5524513721466
