2023-05-27 13:34:18,535 [INFO] Train data : Vary_params\DUD-E\AKT2\nG1_20\ECFP4_512bits\Standard\AKT2_train_vector.tsv
2023-05-27 13:34:18,535 [INFO] Valid data : Vary_params\DUD-E\AKT2\nG1_20\ECFP4_512bits\Standard\AKT2_valid_vector.tsv
2023-05-27 13:34:18,535 [INFO] Output path : Vary_params\DUD-E\AKT2\nG1_20\ECFP4_512bits\Standard\AKT2_model\MLP
2023-05-27 13:34:18,535 [INFO] Model type : MLP
2023-05-27 13:34:18,535 [INFO] Use cores : 11
2023-05-27 13:34:18,571 [INFO] Start Learning model
2023-05-27 13:34:18,572 [INFO] Train : 155 | Valid : 31
2023-05-27 13:34:18,572 [INFO] Set parameters : {'hidden_layer_sizes': [(50,), (100,), (50, 50), (100, 100)], 'learning_rate': ['constant', 'invscaling', 'adaptive'], 'activation': ['relu', 'identity', 'logistic', 'tanh'], 'solver': ['adam', 'sgd', 'lbfgs'], 'alpha': [0.1, 0.01, 0.001], 'max_iter': [500, 1000], 'early_stopping': [True]}
2023-05-27 13:37:49,513 [INFO] GridSearchCV results :
     mean_valid_accuracy  mean_valid_precision  mean_valid_auc
83              0.981250                   1.0         0.98125
572             0.981250                   1.0         0.98125
554             0.981250                   1.0         0.98125
218             0.993750                   1.0         0.99375
557             0.981250                   1.0         0.98125
..                   ...                   ...             ...
543             0.483333                   0.0         0.50000
544             0.483333                   0.0         0.50000
643             0.483333                   0.0         0.50000
640             0.483333                   0.0         0.50000
621             0.483333                   0.0         0.50000

[864 rows x 3 columns]
2023-05-27 13:37:49,515 [INFO] Best model :
MLPClassifier(alpha=0.1, early_stopping=True, hidden_layer_sizes=(50,),
              max_iter=500, random_state=42, solver='lbfgs')
2023-05-27 13:37:49,520 [INFO] Save train_prediction_log data...
2023-05-27 13:37:49,524 [INFO] {'Data': 'train', 'ACC': '1.0 (155 / 155)', 'TP': 80, 'FP': 0, 'FN': 0, 'TN': 75, 'Precision': '1.0 (80 / 80 + 0)', 'Recall': '1.0 (80 / 80 + 0)', 'F1': '1.0 (2 * (1.0 * 1.0) / 1.0 + 1.0)', 'Specificity': '1.0 (75 / 75 + 0)', 'AUC': 1.0, 'r2': 1.0}
2023-05-27 13:37:49,529 [INFO] Save valid_prediction_log data...
2023-05-27 13:37:49,531 [INFO] {'Data': 'valid', 'ACC': '1.0 (31 / 31)', 'TP': 12, 'FP': 0, 'FN': 0, 'TN': 19, 'Precision': '1.0 (12 / 12 + 0)', 'Recall': '1.0 (12 / 12 + 0)', 'F1': '1.0 (2 * (1.0 * 1.0) / 1.0 + 1.0)', 'Specificity': '1.0 (19 / 19 + 0)', 'AUC': 1.0, 'r2': 1.0}
2023-05-27 13:37:49,555 [INFO] Save test_prediction_log data...
2023-05-27 13:37:49,559 [INFO] {'Data': 'test', 'ACC': '0.77 (24 / 31)', 'TP': 9, 'FP': 4, 'FN': 3, 'TN': 15, 'Precision': '0.69 (9 / 9 + 4)', 'Recall': '0.75 (9 / 9 + 3)', 'F1': '0.72 (2 * (0.75 * 0.69) / 0.75 + 0.69)', 'Specificity': '0.79 (15 / 15 + 4)', 'AUC': 0.77, 'r2': 0.05}
2023-05-27 13:37:49,561 [INFO] Save training_log data...
2023-05-27 13:37:49,566 [INFO] Save score_log data...
2023-05-27 13:37:49,566 [INFO] Time : 211.03094863891602
