2023-05-26 19:19:07,313 [INFO] Train data : Vary_params\DUD-E\AKT1\nG1_20\ECFP6_512bits\MinMax\AKT1_train_vector.tsv
2023-05-26 19:19:07,313 [INFO] Valid data : Vary_params\DUD-E\AKT1\nG1_20\ECFP6_512bits\MinMax\AKT1_valid_vector.tsv
2023-05-26 19:19:07,313 [INFO] Output path : Vary_params\DUD-E\AKT1\nG1_20\ECFP6_512bits\MinMax\AKT1_model\SVM
2023-05-26 19:19:07,313 [INFO] Model type : SVM
2023-05-26 19:19:07,313 [INFO] Use cores : 11
2023-05-26 19:19:07,354 [INFO] Start Learning model
2023-05-26 19:19:07,354 [INFO] Train : 511 | Valid : 120
2023-05-26 19:19:07,354 [INFO] Set parameters : {'kernel': ['linear', 'rbf'], 'C': [0.01, 0.1, 1, 10, 100, 1000], 'gamma': [0.01, 0.1, 1, 100, 1000]}
2023-05-26 19:19:14,557 [INFO] GridSearchCV results :
    mean_valid_accuracy  mean_valid_precision  mean_valid_auc
0              0.968967              1.000000        0.964526
8              0.968967              1.000000        0.964526
21             0.974811              1.000000        0.971245
31             0.982579              1.000000        0.980138
51             0.982579              1.000000        0.980138
11             0.863311              1.000000        0.843478
23             0.681146              1.000000        0.633300
41             0.982579              1.000000        0.980138
53             0.726169              1.000000        0.685277
6              0.968967              1.000000        0.964526
4              0.968967              1.000000        0.964526
33             0.726169              1.000000        0.685277
2              0.968967              1.000000        0.964526
43             0.726169              1.000000        0.685277
36             0.978582              0.978426        0.978138
34             0.978582              0.978426        0.978138
38             0.978582              0.978426        0.978138
40             0.978582              0.978426        0.978138
48             0.978582              0.978426        0.978138
42             0.978582              0.978426        0.978138
44             0.978582              0.978426        0.978138
46             0.978582              0.978426        0.978138
50             0.978582              0.978426        0.978138
52             0.978582              0.978426        0.978138
54             0.978582              0.978426        0.978138
56             0.978582              0.978426        0.978138
58             0.978582              0.978426        0.978138
32             0.978582              0.978426        0.978138
30             0.978582              0.978426        0.978138
16             0.978582              0.978426        0.978138
24             0.978582              0.978426        0.978138
12             0.978582              0.978426        0.978138
10             0.978582              0.978426        0.978138
18             0.978582              0.978426        0.978138
20             0.978582              0.978426        0.978138
14             0.978582              0.978426        0.978138
22             0.978582              0.978426        0.978138
26             0.978582              0.978426        0.978138
28             0.978582              0.978426        0.978138
55             0.565573              0.000000        0.500000
5              0.565573              0.000000        0.500000
7              0.565573              0.000000        0.500000
57             0.565573              0.000000        0.500000
9              0.565573              0.000000        0.500000
3              0.565573              0.000000        0.500000
13             0.565573              0.000000        0.500000
49             0.565573              0.000000        0.500000
29             0.565573              0.000000        0.500000
47             0.565573              0.000000        0.500000
15             0.565573              0.000000        0.500000
45             0.565573              0.000000        0.500000
1              0.565573              0.000000        0.500000
17             0.565573              0.000000        0.500000
19             0.565573              0.000000        0.500000
39             0.565573              0.000000        0.500000
37             0.565573              0.000000        0.500000
35             0.565573              0.000000        0.500000
25             0.565573              0.000000        0.500000
27             0.565573              0.000000        0.500000
59             0.565573              0.000000        0.500000
2023-05-26 19:19:14,560 [INFO] Best model :
SVC(C=0.01, gamma=0.01, kernel='linear', random_state=42)
2023-05-26 19:19:14,579 [INFO] Save train_prediction_log data...
2023-05-26 19:19:14,584 [INFO] {'Data': 'train', 'ACC': '0.99 (504 / 511)', 'TP': 215, 'FP': 0, 'FN': 7, 'TN': 289, 'Precision': '1.0 (215 / 215 + 0)', 'Recall': '0.97 (215 / 215 + 7)', 'F1': '0.98 (2 * (0.97 * 1.0) / 0.97 + 1.0)', 'Specificity': '1.0 (289 / 289 + 0)', 'AUC': 0.98, 'r2': 0.94}
2023-05-26 19:19:14,592 [INFO] Save valid_prediction_log data...
2023-05-26 19:19:14,594 [INFO] {'Data': 'valid', 'ACC': '0.99 (119 / 120)', 'TP': 48, 'FP': 1, 'FN': 0, 'TN': 71, 'Precision': '0.98 (48 / 48 + 1)', 'Recall': '1.0 (48 / 48 + 0)', 'F1': '0.99 (2 * (1.0 * 0.98) / 1.0 + 0.98)', 'Specificity': '0.99 (71 / 71 + 1)', 'AUC': 0.99, 'r2': 0.97}
2023-05-26 19:19:14,617 [INFO] Save test_prediction_log data...
2023-05-26 19:19:14,620 [INFO] {'Data': 'test', 'ACC': '0.72 (86 / 120)', 'TP': 23, 'FP': 9, 'FN': 25, 'TN': 63, 'Precision': '0.72 (23 / 23 + 9)', 'Recall': '0.48 (23 / 23 + 25)', 'F1': '0.58 (2 * (0.48 * 0.72) / 0.48 + 0.72)', 'Specificity': '0.88 (63 / 63 + 9)', 'AUC': 0.68, 'r2': -0.18}
2023-05-26 19:19:14,623 [INFO] Save training_log data...
2023-05-26 19:19:14,625 [INFO] Save score_log data...
2023-05-26 19:19:14,626 [INFO] Time : 7.311622381210327
