2023-05-27 09:06:45,227 [INFO] Train data : Vary_params_SH\DUD-E\ROCK1\nG1_50\ECFP4_512bits\Standard\ROCK1_train_vector.tsv
2023-05-27 09:06:45,227 [INFO] Valid data : Vary_params_SH\DUD-E\ROCK1\nG1_50\ECFP4_512bits\Standard\ROCK1_valid_vector.tsv
2023-05-27 09:06:45,227 [INFO] Output path : Vary_params_SH\DUD-E\ROCK1\nG1_50\ECFP4_512bits\Standard\ROCK1_model\RF
2023-05-27 09:06:45,227 [INFO] Model type : RF
2023-05-27 09:06:45,227 [INFO] Use cores : 3
2023-05-27 09:06:45,283 [INFO] Start Learning model
2023-05-27 09:06:45,283 [INFO] Train : 100 | Valid : 25
2023-05-27 09:06:45,283 [INFO] Set parameters : {'max_depth': [6, 8, 10, 12], 'max_features': ['sqrt', 'log2'], 'min_samples_leaf': [2, 4, 8, 10], 'min_samples_split': [2, 4, 8, 10], 'n_estimators': [200, 600, 1000]}
2023-05-27 09:23:17,562 [INFO] GridSearchCV results :
     mean_valid_accuracy  mean_valid_precision  mean_valid_auc
0                   0.97                  1.00        0.962500
215                 0.97                  1.00        0.962500
195                 0.97                  1.00        0.962500
196                 0.97                  1.00        0.962500
197                 0.97                  1.00        0.962500
..                   ...                   ...             ...
229                 0.95                  0.96        0.945833
226                 0.95                  0.96        0.945833
223                 0.95                  0.96        0.945833
220                 0.95                  0.96        0.945833
383                 0.94                  0.96        0.933333

[384 rows x 3 columns]
2023-05-27 09:23:17,564 [INFO] Best model :
RandomForestClassifier(class_weight='balanced', max_depth=6, min_samples_leaf=2,
                       n_estimators=200, random_state=42)
2023-05-27 09:23:17,587 [INFO] Save train_prediction_log data...
2023-05-27 09:23:17,591 [INFO] {'Data': 'train', 'ACC': '1.0 (100 / 100)', 'TP': 40, 'FP': 0, 'FN': 0, 'TN': 60, 'Precision': '1.0 (40 / 40 + 0)', 'Recall': '1.0 (40 / 40 + 0)', 'F1': '1.0 (2 * (1.0 * 1.0) / 1.0 + 1.0)', 'Specificity': '1.0 (60 / 60 + 0)', 'AUC': 1.0, 'r2': 1.0}
2023-05-27 09:23:17,613 [INFO] Save valid_prediction_log data...
2023-05-27 09:23:17,616 [INFO] {'Data': 'valid', 'ACC': '1.0 (25 / 25)', 'TP': 10, 'FP': 0, 'FN': 0, 'TN': 15, 'Precision': '1.0 (10 / 10 + 0)', 'Recall': '1.0 (10 / 10 + 0)', 'F1': '1.0 (2 * (1.0 * 1.0) / 1.0 + 1.0)', 'Specificity': '1.0 (15 / 15 + 0)', 'AUC': 1.0, 'r2': 1.0}
2023-05-27 09:23:17,667 [INFO] Save test_prediction_log data...
2023-05-27 09:23:17,670 [INFO] {'Data': 'test', 'ACC': '0.64 (16 / 25)', 'TP': 5, 'FP': 4, 'FN': 5, 'TN': 11, 'Precision': '0.56 (5 / 5 + 4)', 'Recall': '0.5 (5 / 5 + 5)', 'F1': '0.53 (2 * (0.5 * 0.56) / 0.5 + 0.56)', 'Specificity': '0.73 (11 / 11 + 4)', 'AUC': 0.62, 'r2': -0.5}
2023-05-27 09:23:17,731 [INFO] Save training_log data...
2023-05-27 09:23:17,903 [INFO] Save score_log data...
2023-05-27 09:23:17,904 [INFO] Time : 992.6774582862854
