2023-05-28 16:26:20,748 [INFO] Train data : Vary_params_IGF1R_KIT\DUD-E\KIT\nG1_20\ECFP6_512bits\Standard\KIT_train_vector.tsv
2023-05-28 16:26:20,748 [INFO] Valid data : Vary_params_IGF1R_KIT\DUD-E\KIT\nG1_20\ECFP6_512bits\Standard\KIT_valid_vector.tsv
2023-05-28 16:26:20,748 [INFO] Output path : Vary_params_IGF1R_KIT\DUD-E\KIT\nG1_20\ECFP6_512bits\Standard\KIT_model\MLP
2023-05-28 16:26:20,748 [INFO] Model type : MLP
2023-05-28 16:26:20,748 [INFO] Use cores : 10
2023-05-28 16:26:20,786 [INFO] Start Learning model
2023-05-28 16:26:20,786 [INFO] Train : 262 | Valid : 58
2023-05-28 16:26:20,786 [INFO] Set parameters : {'hidden_layer_sizes': [(50,), (100,), (50, 50), (100, 100)], 'learning_rate': ['constant', 'invscaling', 'adaptive'], 'activation': ['relu', 'identity', 'logistic', 'tanh'], 'solver': ['adam', 'sgd', 'lbfgs'], 'alpha': [0.1, 0.01, 0.001], 'max_iter': [500, 1000], 'early_stopping': [True]}
2023-05-28 16:29:18,022 [INFO] GridSearchCV results :
     mean_valid_accuracy  mean_valid_precision  mean_valid_auc
683             0.939601              0.985714        0.938049
680             0.939601              0.985714        0.938049
677             0.939601              0.985714        0.938049
674             0.939601              0.985714        0.938049
671             0.939601              0.985714        0.938049
..                   ...                   ...             ...
490             0.530627              0.000000        0.500000
484             0.530627              0.000000        0.500000
469             0.530627              0.000000        0.500000
472             0.530627              0.000000        0.500000
631             0.530627              0.000000        0.500000

[864 rows x 3 columns]
2023-05-28 16:29:18,023 [INFO] Best model :
MLPClassifier(activation='tanh', alpha=0.1, early_stopping=True, max_iter=500,
              random_state=42, solver='lbfgs')
2023-05-28 16:29:18,029 [INFO] Save train_prediction_log data...
2023-05-28 16:29:18,031 [INFO] {'Data': 'train', 'ACC': '1.0 (262 / 262)', 'TP': 123, 'FP': 0, 'FN': 0, 'TN': 139, 'Precision': '1.0 (123 / 123 + 0)', 'Recall': '1.0 (123 / 123 + 0)', 'F1': '1.0 (2 * (1.0 * 1.0) / 1.0 + 1.0)', 'Specificity': '1.0 (139 / 139 + 0)', 'AUC': 1.0, 'r2': 1.0}
2023-05-28 16:29:18,037 [INFO] Save valid_prediction_log data...
2023-05-28 16:29:18,038 [INFO] {'Data': 'valid', 'ACC': '0.95 (55 / 58)', 'TP': 23, 'FP': 3, 'FN': 0, 'TN': 32, 'Precision': '0.88 (23 / 23 + 3)', 'Recall': '1.0 (23 / 23 + 0)', 'F1': '0.94 (2 * (1.0 * 0.88) / 1.0 + 0.88)', 'Specificity': '0.91 (32 / 32 + 3)', 'AUC': 0.96, 'r2': 0.78}
2023-05-28 16:29:18,056 [INFO] Save test_prediction_log data...
2023-05-28 16:29:18,058 [INFO] {'Data': 'test', 'ACC': '0.53 (31 / 58)', 'TP': 9, 'FP': 13, 'FN': 14, 'TN': 22, 'Precision': '0.41 (9 / 9 + 13)', 'Recall': '0.39 (9 / 9 + 14)', 'F1': '0.4 (2 * (0.39 * 0.41) / 0.39 + 0.41)', 'Specificity': '0.63 (22 / 22 + 13)', 'AUC': 0.51, 'r2': -0.95}
2023-05-28 16:29:18,060 [INFO] Save training_log data...
2023-05-28 16:29:18,064 [INFO] Save score_log data...
2023-05-28 16:29:18,065 [INFO] Time : 177.3168454170227
