2023-05-29 20:39:02,063 [INFO] Train data : Baseline_noscale_DUDE\DUD-E\BRAF\ECFP4_512bits\BRAF_raw_train.tsv
2023-05-29 20:39:02,063 [INFO] Valid data : Baseline_noscale_DUDE\DUD-E\BRAF\ECFP4_512bits\BRAF_raw_valid.tsv
2023-05-29 20:39:02,063 [INFO] Output path : Baseline_noscale_DUDE\DUD-E\BRAF\ECFP4_512bits\BRAF_model\SVM
2023-05-29 20:39:02,063 [INFO] Model type : SVM
2023-05-29 20:39:02,063 [INFO] Use cores : 12
2023-05-29 20:39:02,079 [INFO] Start Learning model
2023-05-29 20:39:02,079 [INFO] Train : 201 | Valid : 50
2023-05-29 20:39:02,079 [INFO] Set parameters : {'kernel': ['linear', 'rbf'], 'C': [0.01, 0.1, 1, 10, 100, 1000], 'gamma': [0.01, 0.1, 1, 100, 1000]}
2023-05-29 20:39:04,461 [INFO] GridSearchCV results :
    mean_valid_accuracy  mean_valid_precision  mean_valid_auc
0              0.985238                   1.0         0.98125
24             0.990000                   1.0         0.98750
28             0.990000                   1.0         0.98750
31             0.985238                   1.0         0.98125
32             0.990000                   1.0         0.98750
33             0.786429                   1.0         0.73125
34             0.990000                   1.0         0.98750
36             0.990000                   1.0         0.98750
38             0.990000                   1.0         0.98750
40             0.990000                   1.0         0.98750
41             0.985238                   1.0         0.98125
42             0.990000                   1.0         0.98750
43             0.786429                   1.0         0.73125
44             0.990000                   1.0         0.98750
46             0.990000                   1.0         0.98750
48             0.990000                   1.0         0.98750
50             0.990000                   1.0         0.98750
51             0.985238                   1.0         0.98125
52             0.990000                   1.0         0.98750
53             0.786429                   1.0         0.73125
54             0.990000                   1.0         0.98750
56             0.990000                   1.0         0.98750
58             0.990000                   1.0         0.98750
26             0.990000                   1.0         0.98750
30             0.990000                   1.0         0.98750
10             0.990000                   1.0         0.98750
8              0.985238                   1.0         0.98125
2              0.985238                   1.0         0.98125
22             0.990000                   1.0         0.98750
21             0.985238                   1.0         0.98125
20             0.990000                   1.0         0.98750
12             0.990000                   1.0         0.98750
18             0.990000                   1.0         0.98750
4              0.985238                   1.0         0.98125
23             0.746667                   1.0         0.68125
6              0.985238                   1.0         0.98125
16             0.990000                   1.0         0.98750
14             0.990000                   1.0         0.98750
9              0.601905                   0.0         0.50000
49             0.601905                   0.0         0.50000
25             0.601905                   0.0         0.50000
7              0.601905                   0.0         0.50000
47             0.601905                   0.0         0.50000
55             0.601905                   0.0         0.50000
3              0.601905                   0.0         0.50000
57             0.601905                   0.0         0.50000
5              0.601905                   0.0         0.50000
13             0.601905                   0.0         0.50000
45             0.601905                   0.0         0.50000
11             0.601905                   0.0         0.50000
15             0.601905                   0.0         0.50000
39             0.601905                   0.0         0.50000
37             0.601905                   0.0         0.50000
17             0.601905                   0.0         0.50000
35             0.601905                   0.0         0.50000
19             0.601905                   0.0         0.50000
1              0.601905                   0.0         0.50000
29             0.601905                   0.0         0.50000
27             0.601905                   0.0         0.50000
59             0.601905                   0.0         0.50000
2023-05-29 20:39:04,568 [INFO] Best model :
SVC(C=0.01, gamma=0.01, kernel='linear', random_state=42)
2023-05-29 20:39:04,575 [INFO] Save train_prediction_log data...
2023-05-29 20:39:04,578 [INFO] {'Data': 'train', 'ACC': '1.0 (200 / 201)', 'TP': 79, 'FP': 0, 'FN': 1, 'TN': 121, 'Precision': '1.0 (79 / 79 + 0)', 'Recall': '0.99 (79 / 79 + 1)', 'F1': '0.99 (2 * (0.99 * 1.0) / 0.99 + 1.0)', 'Specificity': '1.0 (121 / 121 + 0)', 'AUC': 0.99, 'r2': 0.98}
2023-05-29 20:39:04,584 [INFO] Save valid_prediction_log data...
2023-05-29 20:39:04,588 [INFO] {'Data': 'valid', 'ACC': '1.0 (50 / 50)', 'TP': 20, 'FP': 0, 'FN': 0, 'TN': 30, 'Precision': '1.0 (20 / 20 + 0)', 'Recall': '1.0 (20 / 20 + 0)', 'F1': '1.0 (2 * (1.0 * 1.0) / 1.0 + 1.0)', 'Specificity': '1.0 (30 / 30 + 0)', 'AUC': 1.0, 'r2': 1.0}
2023-05-29 20:39:04,609 [INFO] Save test_prediction_log data...
2023-05-29 20:39:04,612 [INFO] {'Data': 'test', 'ACC': '0.68 (34 / 50)', 'TP': 9, 'FP': 5, 'FN': 11, 'TN': 25, 'Precision': '0.64 (9 / 9 + 5)', 'Recall': '0.45 (9 / 9 + 11)', 'F1': '0.53 (2 * (0.45 * 0.64) / 0.45 + 0.64)', 'Specificity': '0.83 (25 / 25 + 5)', 'AUC': 0.64, 'r2': -0.33}
2023-05-29 20:39:04,614 [INFO] Save training_log data...
2023-05-29 20:39:04,615 [INFO] Save score_log data...
2023-05-29 20:39:04,616 [INFO] Time : 2.553854465484619
