2023-05-27 21:22:44,746 [INFO] Train data : Vary_params_CDK2_EGFR_LCK\DUD-E\CDK2\nG1_50\ECFP4_512bits\MinMax\CDK2_train_vector.tsv
2023-05-27 21:22:44,746 [INFO] Valid data : Vary_params_CDK2_EGFR_LCK\DUD-E\CDK2\nG1_50\ECFP4_512bits\MinMax\CDK2_valid_vector.tsv
2023-05-27 21:22:44,747 [INFO] Output path : Vary_params_CDK2_EGFR_LCK\DUD-E\CDK2\nG1_50\ECFP4_512bits\MinMax\CDK2_model\SVM
2023-05-27 21:22:44,747 [INFO] Model type : SVM
2023-05-27 21:22:44,747 [INFO] Use cores : 19
2023-05-27 21:22:44,781 [INFO] Start Learning model
2023-05-27 21:22:44,781 [INFO] Train : 848 | Valid : 212
2023-05-27 21:22:44,781 [INFO] Set parameters : {'kernel': ['linear', 'rbf'], 'C': [0.01, 0.1, 1, 10, 100, 1000], 'gamma': [0.01, 0.1, 1, 100, 1000]}
2023-05-27 21:22:55,475 [INFO] GridSearchCV results :
    mean_valid_accuracy  mean_valid_precision  mean_valid_auc
43             0.831457              1.000000        0.789171
23             0.811443              1.000000        0.764127
53             0.831457              1.000000        0.789171
11             0.695812              1.000000        0.619563
33             0.831457              1.000000        0.789171
21             0.932731              0.949487        0.924421
0              0.916246              0.936479        0.905749
2              0.916246              0.936479        0.905749
4              0.916246              0.936479        0.905749
6              0.916246              0.936479        0.905749
8              0.916246              0.936479        0.905749
51             0.945728              0.935882        0.943608
41             0.945728              0.935882        0.943608
31             0.945728              0.935882        0.943608
14             0.926863              0.911443        0.924490
18             0.926863              0.911443        0.924490
10             0.926863              0.911443        0.924490
16             0.926863              0.911443        0.924490
12             0.926863              0.911443        0.924490
50             0.920980              0.898307        0.919569
48             0.920980              0.898307        0.919569
46             0.920980              0.898307        0.919569
44             0.920980              0.898307        0.919569
52             0.920980              0.898307        0.919569
56             0.920980              0.898307        0.919569
42             0.920980              0.898307        0.919569
58             0.920980              0.898307        0.919569
40             0.920980              0.898307        0.919569
38             0.920980              0.898307        0.919569
36             0.920980              0.898307        0.919569
34             0.920980              0.898307        0.919569
54             0.920980              0.898307        0.919569
30             0.920980              0.898307        0.919569
32             0.920980              0.898307        0.919569
28             0.920980              0.898307        0.919569
22             0.920980              0.898307        0.919569
24             0.920980              0.898307        0.919569
26             0.920980              0.898307        0.919569
20             0.920980              0.898307        0.919569
39             0.600238              0.000000        0.500000
17             0.600238              0.000000        0.500000
3              0.600238              0.000000        0.500000
57             0.600238              0.000000        0.500000
5              0.600238              0.000000        0.500000
55             0.600238              0.000000        0.500000
7              0.600238              0.000000        0.500000
9              0.600238              0.000000        0.500000
13             0.600238              0.000000        0.500000
15             0.600238              0.000000        0.500000
49             0.600238              0.000000        0.500000
27             0.600238              0.000000        0.500000
19             0.600238              0.000000        0.500000
47             0.600238              0.000000        0.500000
1              0.600238              0.000000        0.500000
45             0.600238              0.000000        0.500000
35             0.600238              0.000000        0.500000
29             0.600238              0.000000        0.500000
25             0.600238              0.000000        0.500000
37             0.600238              0.000000        0.500000
59             0.600238              0.000000        0.500000
2023-05-27 21:22:55,476 [INFO] Best model :
SVC(C=0.1, gamma=0.01, random_state=42)
2023-05-27 21:22:55,565 [INFO] Save train_prediction_log data...
2023-05-27 21:22:55,568 [INFO] {'Data': 'train', 'ACC': '0.76 (647 / 848)', 'TP': 138, 'FP': 0, 'FN': 201, 'TN': 509, 'Precision': '1.0 (138 / 138 + 0)', 'Recall': '0.41 (138 / 138 + 201)', 'F1': '0.58 (2 * (0.41 * 1.0) / 0.41 + 1.0)', 'Specificity': '1.0 (509 / 509 + 0)', 'AUC': 0.7, 'r2': 0.01}
2023-05-27 21:22:55,593 [INFO] Save valid_prediction_log data...
2023-05-27 21:22:55,595 [INFO] {'Data': 'valid', 'ACC': '0.86 (183 / 212)', 'TP': 56, 'FP': 0, 'FN': 29, 'TN': 127, 'Precision': '1.0 (56 / 56 + 0)', 'Recall': '0.66 (56 / 56 + 29)', 'F1': '0.8 (2 * (0.66 * 1.0) / 0.66 + 1.0)', 'Specificity': '1.0 (127 / 127 + 0)', 'AUC': 0.83, 'r2': 0.43}
2023-05-27 21:22:55,631 [INFO] Save test_prediction_log data...
2023-05-27 21:22:55,633 [INFO] {'Data': 'test', 'ACC': '0.62 (131 / 212)', 'TP': 13, 'FP': 9, 'FN': 72, 'TN': 118, 'Precision': '0.59 (13 / 13 + 9)', 'Recall': '0.15 (13 / 13 + 72)', 'F1': '0.24 (2 * (0.15 * 0.59) / 0.15 + 0.59)', 'Specificity': '0.93 (118 / 118 + 9)', 'AUC': 0.54, 'r2': -0.59}
2023-05-27 21:22:55,635 [INFO] Save training_log data...
2023-05-27 21:22:55,638 [INFO] Save score_log data...
2023-05-27 21:22:55,639 [INFO] Time : 10.89276671409607
