2023-05-29 06:40:39,223 [INFO] Train data : Vary_params\DUD-E\KPCB\nG1_50\ECFP6_256bits\MinMax\KPCB_train_vector.tsv
2023-05-29 06:40:39,223 [INFO] Valid data : Vary_params\DUD-E\KPCB\nG1_50\ECFP6_256bits\MinMax\KPCB_valid_vector.tsv
2023-05-29 06:40:39,223 [INFO] Output path : Vary_params\DUD-E\KPCB\nG1_50\ECFP6_256bits\MinMax\KPCB_model\SVM
2023-05-29 06:40:39,223 [INFO] Model type : SVM
2023-05-29 06:40:39,223 [INFO] Use cores : 11
2023-05-29 06:40:39,240 [INFO] Start Learning model
2023-05-29 06:40:39,240 [INFO] Train : 168 | Valid : 42
2023-05-29 06:40:39,240 [INFO] Set parameters : {'kernel': ['linear', 'rbf'], 'C': [0.01, 0.1, 1, 10, 100, 1000], 'gamma': [0.01, 0.1, 1, 100, 1000]}
2023-05-29 06:40:42,612 [INFO] GridSearchCV results :
    mean_valid_accuracy  mean_valid_precision  mean_valid_auc
31             0.988235              1.000000        0.985714
33             0.750368              1.000000        0.686905
21             0.970588              1.000000        0.963095
41             0.988235              1.000000        0.985714
43             0.750368              1.000000        0.686905
51             0.988235              1.000000        0.985714
53             0.750368              1.000000        0.686905
8              0.964706              0.983333        0.958550
0              0.964706              0.983333        0.958550
4              0.964706              0.983333        0.958550
6              0.964706              0.983333        0.958550
2              0.964706              0.983333        0.958550
40             0.970588              0.962500        0.971623
32             0.970588              0.962500        0.971623
34             0.970588              0.962500        0.971623
36             0.970588              0.962500        0.971623
58             0.970588              0.962500        0.971623
38             0.970588              0.962500        0.971623
54             0.970588              0.962500        0.971623
52             0.970588              0.962500        0.971623
42             0.970588              0.962500        0.971623
56             0.970588              0.962500        0.971623
44             0.970588              0.962500        0.971623
46             0.970588              0.962500        0.971623
28             0.970588              0.962500        0.971623
50             0.970588              0.962500        0.971623
48             0.970588              0.962500        0.971623
30             0.970588              0.962500        0.971623
20             0.970588              0.962500        0.971623
14             0.970588              0.962500        0.971623
26             0.970588              0.962500        0.971623
12             0.970588              0.962500        0.971623
24             0.970588              0.962500        0.971623
22             0.970588              0.962500        0.971623
16             0.970588              0.962500        0.971623
10             0.970588              0.962500        0.971623
18             0.970588              0.962500        0.971623
23             0.696691              0.900000        0.620238
9              0.601471              0.000000        0.500000
11             0.601471              0.000000        0.500000
27             0.601471              0.000000        0.500000
7              0.601471              0.000000        0.500000
13             0.601471              0.000000        0.500000
55             0.601471              0.000000        0.500000
5              0.601471              0.000000        0.500000
57             0.601471              0.000000        0.500000
3              0.601471              0.000000        0.500000
49             0.601471              0.000000        0.500000
15             0.601471              0.000000        0.500000
47             0.601471              0.000000        0.500000
45             0.601471              0.000000        0.500000
29             0.601471              0.000000        0.500000
17             0.601471              0.000000        0.500000
19             0.601471              0.000000        0.500000
39             0.601471              0.000000        0.500000
37             0.601471              0.000000        0.500000
35             0.601471              0.000000        0.500000
25             0.601471              0.000000        0.500000
1              0.601471              0.000000        0.500000
59             0.601471              0.000000        0.500000
2023-05-29 06:40:42,622 [INFO] Best model :
SVC(C=1, gamma=0.01, random_state=42)
2023-05-29 06:40:42,637 [INFO] Save train_prediction_log data...
2023-05-29 06:40:42,646 [INFO] {'Data': 'train', 'ACC': '1.0 (168 / 168)', 'TP': 67, 'FP': 0, 'FN': 0, 'TN': 101, 'Precision': '1.0 (67 / 67 + 0)', 'Recall': '1.0 (67 / 67 + 0)', 'F1': '1.0 (2 * (1.0 * 1.0) / 1.0 + 1.0)', 'Specificity': '1.0 (101 / 101 + 0)', 'AUC': 1.0, 'r2': 1.0}
2023-05-29 06:40:42,662 [INFO] Save valid_prediction_log data...
2023-05-29 06:40:42,670 [INFO] {'Data': 'valid', 'ACC': '1.0 (42 / 42)', 'TP': 17, 'FP': 0, 'FN': 0, 'TN': 25, 'Precision': '1.0 (17 / 17 + 0)', 'Recall': '1.0 (17 / 17 + 0)', 'F1': '1.0 (2 * (1.0 * 1.0) / 1.0 + 1.0)', 'Specificity': '1.0 (25 / 25 + 0)', 'AUC': 1.0, 'r2': 1.0}
2023-05-29 06:40:42,692 [INFO] Save test_prediction_log data...
2023-05-29 06:40:42,698 [INFO] {'Data': 'test', 'ACC': '0.76 (32 / 42)', 'TP': 8, 'FP': 1, 'FN': 9, 'TN': 24, 'Precision': '0.89 (8 / 8 + 1)', 'Recall': '0.47 (8 / 8 + 9)', 'F1': '0.62 (2 * (0.47 * 0.89) / 0.47 + 0.89)', 'Specificity': '0.96 (24 / 24 + 1)', 'AUC': 0.72, 'r2': 0.01}
2023-05-29 06:40:42,702 [INFO] Save training_log data...
2023-05-29 06:40:42,705 [INFO] Save score_log data...
2023-05-29 06:40:42,708 [INFO] Time : 3.484757900238037
