2023-05-27 22:44:34,369 [INFO] Train data : Vary_params_SH\DUD-E\ROCK1\nG1_80\ECFP6_512bits\Robust\ROCK1_train_vector.tsv
2023-05-27 22:44:34,369 [INFO] Valid data : Vary_params_SH\DUD-E\ROCK1\nG1_80\ECFP6_512bits\Robust\ROCK1_valid_vector.tsv
2023-05-27 22:44:34,369 [INFO] Output path : Vary_params_SH\DUD-E\ROCK1\nG1_80\ECFP6_512bits\Robust\ROCK1_model\MLP
2023-05-27 22:44:34,369 [INFO] Model type : MLP
2023-05-27 22:44:34,369 [INFO] Use cores : 3
2023-05-27 22:44:34,399 [INFO] Start Learning model
2023-05-27 22:44:34,400 [INFO] Train : 70 | Valid : 25
2023-05-27 22:44:34,400 [INFO] Set parameters : {'hidden_layer_sizes': [(50,), (100,), (50, 50), (100, 100)], 'learning_rate': ['constant', 'invscaling', 'adaptive'], 'activation': ['relu', 'identity', 'logistic', 'tanh'], 'solver': ['adam', 'sgd', 'lbfgs'], 'alpha': [0.1, 0.01, 0.001], 'max_iter': [500, 1000], 'early_stopping': [True]}
2023-05-27 22:56:16,995 [INFO] GridSearchCV results :
     mean_valid_accuracy  mean_valid_precision  mean_valid_auc
389             1.000000                   1.0        1.000000
548             1.000000                   1.0        1.000000
542             1.000000                   1.0        1.000000
236             1.000000                   1.0        1.000000
239             1.000000                   1.0        1.000000
..                   ...                   ...             ...
582             0.785714                   0.0        0.458333
209             0.757143                   0.0        0.441667
579             0.785714                   0.0        0.458333
576             0.785714                   0.0        0.458333
432             0.757143                   0.0        0.441667

[864 rows x 3 columns]
2023-05-27 22:56:16,996 [INFO] Best model :
MLPClassifier(activation='identity', alpha=0.1, early_stopping=True,
              max_iter=500, random_state=42, solver='lbfgs')
2023-05-27 22:56:17,004 [INFO] Save train_prediction_log data...
2023-05-27 22:56:17,007 [INFO] {'Data': 'train', 'ACC': '1.0 (70 / 70)', 'TP': 10, 'FP': 0, 'FN': 0, 'TN': 60, 'Precision': '1.0 (10 / 10 + 0)', 'Recall': '1.0 (10 / 10 + 0)', 'F1': '1.0 (2 * (1.0 * 1.0) / 1.0 + 1.0)', 'Specificity': '1.0 (60 / 60 + 0)', 'AUC': 1.0, 'r2': 1.0}
2023-05-27 22:56:17,014 [INFO] Save valid_prediction_log data...
2023-05-27 22:56:17,017 [INFO] {'Data': 'valid', 'ACC': '1.0 (25 / 25)', 'TP': 10, 'FP': 0, 'FN': 0, 'TN': 15, 'Precision': '1.0 (10 / 10 + 0)', 'Recall': '1.0 (10 / 10 + 0)', 'F1': '1.0 (2 * (1.0 * 1.0) / 1.0 + 1.0)', 'Specificity': '1.0 (15 / 15 + 0)', 'AUC': 1.0, 'r2': 1.0}
2023-05-27 22:56:17,038 [INFO] Save test_prediction_log data...
2023-05-27 22:56:17,041 [INFO] {'Data': 'test', 'ACC': '0.48 (12 / 25)', 'TP': 1, 'FP': 4, 'FN': 9, 'TN': 11, 'Precision': '0.2 (1 / 1 + 4)', 'Recall': '0.1 (1 / 1 + 9)', 'F1': '0.13 (2 * (0.1 * 0.2) / 0.1 + 0.2)', 'Specificity': '0.73 (11 / 11 + 4)', 'AUC': 0.42, 'r2': -1.17}
2023-05-27 22:56:17,044 [INFO] Save training_log data...
2023-05-27 22:56:17,245 [INFO] Save score_log data...
2023-05-27 22:56:17,247 [INFO] Time : 702.8784623146057
