2023-05-27 19:26:08,532 [INFO] Train data : Vary_params\DUD-E\AKT2\nG1_50\ECFP6_512bits\Standard\AKT2_train_vector.tsv
2023-05-27 19:26:08,532 [INFO] Valid data : Vary_params\DUD-E\AKT2\nG1_50\ECFP6_512bits\Standard\AKT2_valid_vector.tsv
2023-05-27 19:26:08,532 [INFO] Output path : Vary_params\DUD-E\AKT2\nG1_50\ECFP6_512bits\Standard\AKT2_model\SVM
2023-05-27 19:26:08,532 [INFO] Model type : SVM
2023-05-27 19:26:08,532 [INFO] Use cores : 11
2023-05-27 19:26:08,566 [INFO] Start Learning model
2023-05-27 19:26:08,567 [INFO] Train : 125 | Valid : 31
2023-05-27 19:26:08,567 [INFO] Set parameters : {'kernel': ['linear', 'rbf'], 'C': [0.01, 0.1, 1, 10, 100, 1000], 'gamma': [0.01, 0.1, 1, 100, 1000]}
2023-05-27 19:26:12,143 [INFO] GridSearchCV results :
    mean_valid_accuracy  mean_valid_precision  mean_valid_auc
0              1.000000                   1.0             1.0
20             1.000000                   1.0             1.0
24             1.000000                   1.0             1.0
26             1.000000                   1.0             1.0
28             1.000000                   1.0             1.0
32             1.000000                   1.0             1.0
34             1.000000                   1.0             1.0
36             1.000000                   1.0             1.0
38             1.000000                   1.0             1.0
40             1.000000                   1.0             1.0
42             1.000000                   1.0             1.0
44             1.000000                   1.0             1.0
46             1.000000                   1.0             1.0
48             1.000000                   1.0             1.0
50             1.000000                   1.0             1.0
52             1.000000                   1.0             1.0
54             1.000000                   1.0             1.0
56             1.000000                   1.0             1.0
58             1.000000                   1.0             1.0
22             1.000000                   1.0             1.0
30             1.000000                   1.0             1.0
10             1.000000                   1.0             1.0
2              1.000000                   1.0             1.0
18             1.000000                   1.0             1.0
8              1.000000                   1.0             1.0
16             1.000000                   1.0             1.0
4              1.000000                   1.0             1.0
12             1.000000                   1.0             1.0
6              1.000000                   1.0             1.0
14             1.000000                   1.0             1.0
49             0.599359                   0.0             0.5
9              0.599359                   0.0             0.5
45             0.599359                   0.0             0.5
47             0.599359                   0.0             0.5
7              0.599359                   0.0             0.5
21             0.599359                   0.0             0.5
43             0.599359                   0.0             0.5
5              0.599359                   0.0             0.5
53             0.599359                   0.0             0.5
55             0.599359                   0.0             0.5
3              0.599359                   0.0             0.5
57             0.599359                   0.0             0.5
51             0.599359                   0.0             0.5
11             0.599359                   0.0             0.5
41             0.599359                   0.0             0.5
19             0.599359                   0.0             0.5
39             0.599359                   0.0             0.5
37             0.599359                   0.0             0.5
13             0.599359                   0.0             0.5
35             0.599359                   0.0             0.5
33             0.599359                   0.0             0.5
15             0.599359                   0.0             0.5
31             0.599359                   0.0             0.5
1              0.599359                   0.0             0.5
29             0.599359                   0.0             0.5
27             0.599359                   0.0             0.5
17             0.599359                   0.0             0.5
25             0.599359                   0.0             0.5
23             0.599359                   0.0             0.5
59             0.599359                   0.0             0.5
2023-05-27 19:26:12,153 [INFO] Best model :
SVC(C=0.01, gamma=0.01, kernel='linear', random_state=42)
2023-05-27 19:26:12,170 [INFO] Save train_prediction_log data...
2023-05-27 19:26:12,176 [INFO] {'Data': 'train', 'ACC': '1.0 (125 / 125)', 'TP': 50, 'FP': 0, 'FN': 0, 'TN': 75, 'Precision': '1.0 (50 / 50 + 0)', 'Recall': '1.0 (50 / 50 + 0)', 'F1': '1.0 (2 * (1.0 * 1.0) / 1.0 + 1.0)', 'Specificity': '1.0 (75 / 75 + 0)', 'AUC': 1.0, 'r2': 1.0}
2023-05-27 19:26:12,183 [INFO] Save valid_prediction_log data...
2023-05-27 19:26:12,189 [INFO] {'Data': 'valid', 'ACC': '1.0 (31 / 31)', 'TP': 12, 'FP': 0, 'FN': 0, 'TN': 19, 'Precision': '1.0 (12 / 12 + 0)', 'Recall': '1.0 (12 / 12 + 0)', 'F1': '1.0 (2 * (1.0 * 1.0) / 1.0 + 1.0)', 'Specificity': '1.0 (19 / 19 + 0)', 'AUC': 1.0, 'r2': 1.0}
2023-05-27 19:26:12,208 [INFO] Save test_prediction_log data...
2023-05-27 19:26:12,212 [INFO] {'Data': 'test', 'ACC': '0.77 (24 / 31)', 'TP': 8, 'FP': 3, 'FN': 4, 'TN': 16, 'Precision': '0.73 (8 / 8 + 3)', 'Recall': '0.67 (8 / 8 + 4)', 'F1': '0.7 (2 * (0.67 * 0.73) / 0.67 + 0.73)', 'Specificity': '0.84 (16 / 16 + 3)', 'AUC': 0.75, 'r2': 0.05}
2023-05-27 19:26:12,219 [INFO] Save training_log data...
2023-05-27 19:26:12,220 [INFO] Save score_log data...
2023-05-27 19:26:12,221 [INFO] Time : 3.6898019313812256
