2023-05-27 21:49:37,084 [INFO] Train data : Vary_params_CDK2_EGFR_LCK\DUD-E\CDK2\nG1_50\ECFP6_256bits\Robust\CDK2_train_vector.tsv
2023-05-27 21:49:37,084 [INFO] Valid data : Vary_params_CDK2_EGFR_LCK\DUD-E\CDK2\nG1_50\ECFP6_256bits\Robust\CDK2_valid_vector.tsv
2023-05-27 21:49:37,084 [INFO] Output path : Vary_params_CDK2_EGFR_LCK\DUD-E\CDK2\nG1_50\ECFP6_256bits\Robust\CDK2_model\SVM
2023-05-27 21:49:37,084 [INFO] Model type : SVM
2023-05-27 21:49:37,084 [INFO] Use cores : 19
2023-05-27 21:49:37,105 [INFO] Start Learning model
2023-05-27 21:49:37,105 [INFO] Train : 848 | Valid : 212
2023-05-27 21:49:37,105 [INFO] Set parameters : {'kernel': ['linear', 'rbf'], 'C': [0.01, 0.1, 1, 10, 100, 1000], 'gamma': [0.01, 0.1, 1, 100, 1000]}
2023-05-27 21:49:49,048 [INFO] GridSearchCV results :
    mean_valid_accuracy  mean_valid_precision  mean_valid_auc
0              0.761737              0.704995        0.753321
2              0.761737              0.704995        0.753321
4              0.761737              0.704995        0.753321
6              0.761737              0.704995        0.753321
8              0.761737              0.704995        0.753321
44             0.762857              0.702400        0.756708
28             0.762857              0.702400        0.756708
32             0.762857              0.702400        0.756708
34             0.762857              0.702400        0.756708
36             0.762857              0.702400        0.756708
38             0.762857              0.702400        0.756708
40             0.762857              0.702400        0.756708
42             0.762857              0.702400        0.756708
48             0.762857              0.702400        0.756708
46             0.762857              0.702400        0.756708
24             0.762857              0.702400        0.756708
50             0.762857              0.702400        0.756708
52             0.762857              0.702400        0.756708
54             0.762857              0.702400        0.756708
56             0.762857              0.702400        0.756708
58             0.762857              0.702400        0.756708
26             0.762857              0.702400        0.756708
30             0.762857              0.702400        0.756708
18             0.762857              0.702400        0.756708
14             0.762857              0.702400        0.756708
22             0.762857              0.702400        0.756708
12             0.762857              0.702400        0.756708
20             0.762857              0.702400        0.756708
16             0.762857              0.702400        0.756708
10             0.762857              0.702400        0.756708
23             0.600238              0.000000        0.500000
47             0.600238              0.000000        0.500000
11             0.600238              0.000000        0.500000
49             0.600238              0.000000        0.500000
51             0.600238              0.000000        0.500000
13             0.600238              0.000000        0.500000
9              0.600238              0.000000        0.500000
53             0.600238              0.000000        0.500000
7              0.600238              0.000000        0.500000
55             0.600238              0.000000        0.500000
5              0.600238              0.000000        0.500000
57             0.600238              0.000000        0.500000
3              0.600238              0.000000        0.500000
45             0.600238              0.000000        0.500000
41             0.600238              0.000000        0.500000
43             0.600238              0.000000        0.500000
15             0.600238              0.000000        0.500000
39             0.600238              0.000000        0.500000
37             0.600238              0.000000        0.500000
17             0.600238              0.000000        0.500000
35             0.600238              0.000000        0.500000
33             0.600238              0.000000        0.500000
19             0.600238              0.000000        0.500000
31             0.600238              0.000000        0.500000
1              0.600238              0.000000        0.500000
29             0.600238              0.000000        0.500000
27             0.600238              0.000000        0.500000
21             0.600238              0.000000        0.500000
25             0.600238              0.000000        0.500000
59             0.600238              0.000000        0.500000
2023-05-27 21:49:49,049 [INFO] Best model :
SVC(C=0.01, gamma=0.01, kernel='linear', random_state=42)
2023-05-27 21:49:49,060 [INFO] Save train_prediction_log data...
2023-05-27 21:49:49,063 [INFO] {'Data': 'train', 'ACC': '0.98 (830 / 848)', 'TP': 331, 'FP': 10, 'FN': 8, 'TN': 499, 'Precision': '0.97 (331 / 331 + 10)', 'Recall': '0.98 (331 / 331 + 8)', 'F1': '0.97 (2 * (0.98 * 0.97) / 0.98 + 0.97)', 'Specificity': '0.98 (499 / 499 + 10)', 'AUC': 0.98, 'r2': 0.91}
2023-05-27 21:49:49,068 [INFO] Save valid_prediction_log data...
2023-05-27 21:49:49,070 [INFO] {'Data': 'valid', 'ACC': '0.83 (176 / 212)', 'TP': 75, 'FP': 26, 'FN': 10, 'TN': 101, 'Precision': '0.74 (75 / 75 + 26)', 'Recall': '0.88 (75 / 75 + 10)', 'F1': '0.8 (2 * (0.88 * 0.74) / 0.88 + 0.74)', 'Specificity': '0.8 (101 / 101 + 26)', 'AUC': 0.84, 'r2': 0.29}
2023-05-27 21:49:49,081 [INFO] Save test_prediction_log data...
2023-05-27 21:49:49,083 [INFO] {'Data': 'test', 'ACC': '0.53 (112 / 212)', 'TP': 48, 'FP': 63, 'FN': 37, 'TN': 64, 'Precision': '0.43 (48 / 48 + 63)', 'Recall': '0.56 (48 / 48 + 37)', 'F1': '0.49 (2 * (0.56 * 0.43) / 0.56 + 0.43)', 'Specificity': '0.5 (64 / 64 + 63)', 'AUC': 0.53, 'r2': -0.96}
2023-05-27 21:49:49,085 [INFO] Save training_log data...
2023-05-27 21:49:49,088 [INFO] Save score_log data...
2023-05-27 21:49:49,088 [INFO] Time : 12.003790378570557
