2023-05-26 11:27:36,453 [INFO] Train data : Baseline\DUD-E\KPCB\ECFP4_256bits\Robust\KPCB_train.tsv
2023-05-26 11:27:36,453 [INFO] Valid data : Baseline\DUD-E\KPCB\ECFP4_256bits\Robust\KPCB_valid.tsv
2023-05-26 11:27:36,453 [INFO] Output path : Baseline\DUD-E\KPCB\ECFP4_256bits\Robust\KPCB_model\RF
2023-05-26 11:27:36,453 [INFO] Model type : RF
2023-05-26 11:27:36,453 [INFO] Use cores : 12
2023-05-26 11:27:36,482 [INFO] Start Learning model
2023-05-26 11:27:36,482 [INFO] Train : 168 | Valid : 42
2023-05-26 11:27:36,482 [INFO] Set parameters : {'max_depth': [6, 8, 10, 12], 'max_features': ['sqrt', 'log2'], 'min_samples_leaf': [2, 4, 8, 10], 'min_samples_split': [2, 4, 8, 10], 'n_estimators': [200, 600, 1000]}
2023-05-26 11:35:34,545 [INFO] GridSearchCV results :
     mean_valid_accuracy  mean_valid_precision  mean_valid_auc
152             0.970588              1.000000        0.963095
153             0.970588              1.000000        0.963095
249             0.970588              1.000000        0.963095
345             0.970588              1.000000        0.963095
0               0.976471              0.987500        0.973571
..                   ...                   ...             ...
78              0.952941              0.957143        0.949004
79              0.952941              0.957143        0.949004
237             0.952941              0.957143        0.949004
234             0.952941              0.957143        0.949004
383             0.952941              0.957143        0.949004

[384 rows x 3 columns]
2023-05-26 11:35:34,547 [INFO] Best model :
RandomForestClassifier(class_weight='balanced', max_depth=8,
                       max_features='log2', min_samples_leaf=2,
                       min_samples_split=8, n_estimators=1000, random_state=42)
2023-05-26 11:35:34,586 [INFO] Save train_prediction_log data...
2023-05-26 11:35:34,589 [INFO] {'Data': 'train', 'ACC': '0.99 (166 / 168)', 'TP': 65, 'FP': 0, 'FN': 2, 'TN': 101, 'Precision': '1.0 (65 / 65 + 0)', 'Recall': '0.97 (65 / 65 + 2)', 'F1': '0.98 (2 * (0.97 * 1.0) / 0.97 + 1.0)', 'Specificity': '1.0 (101 / 101 + 0)', 'AUC': 0.99, 'r2': 0.95}
2023-05-26 11:35:34,623 [INFO] Save valid_prediction_log data...
2023-05-26 11:35:34,625 [INFO] {'Data': 'valid', 'ACC': '1.0 (42 / 42)', 'TP': 17, 'FP': 0, 'FN': 0, 'TN': 25, 'Precision': '1.0 (17 / 17 + 0)', 'Recall': '1.0 (17 / 17 + 0)', 'F1': '1.0 (2 * (1.0 * 1.0) / 1.0 + 1.0)', 'Specificity': '1.0 (25 / 25 + 0)', 'AUC': 1.0, 'r2': 1.0}
2023-05-26 11:35:34,663 [INFO] Save test_prediction_log data...
2023-05-26 11:35:34,665 [INFO] {'Data': 'test', 'ACC': '0.76 (32 / 42)', 'TP': 8, 'FP': 1, 'FN': 9, 'TN': 24, 'Precision': '0.89 (8 / 8 + 1)', 'Recall': '0.47 (8 / 8 + 9)', 'F1': '0.62 (2 * (0.47 * 0.89) / 0.47 + 0.89)', 'Specificity': '0.96 (24 / 24 + 1)', 'AUC': 0.72, 'r2': 0.01}
2023-05-26 11:35:34,810 [INFO] Save training_log data...
2023-05-26 11:35:34,813 [INFO] Save score_log data...
2023-05-26 11:35:34,814 [INFO] Time : 478.36065006256104
