2023-05-26 12:07:13,789 [INFO] Train data : Baseline\DUD-E\MP2K1\ECFP4_256bits\Robust\MP2K1_train.tsv
2023-05-26 12:07:13,789 [INFO] Valid data : Baseline\DUD-E\MP2K1\ECFP4_256bits\Robust\MP2K1_valid.tsv
2023-05-26 12:07:13,789 [INFO] Output path : Baseline\DUD-E\MP2K1\ECFP4_256bits\Robust\MP2K1_model\MLP
2023-05-26 12:07:13,789 [INFO] Model type : MLP
2023-05-26 12:07:13,790 [INFO] Use cores : 12
2023-05-26 12:07:13,800 [INFO] Start Learning model
2023-05-26 12:07:13,800 [INFO] Train : 142 | Valid : 35
2023-05-26 12:07:13,800 [INFO] Set parameters : {'hidden_layer_sizes': [(50,), (100,), (50, 50), (100, 100)], 'learning_rate': ['constant', 'invscaling', 'adaptive'], 'activation': ['relu', 'identity', 'logistic', 'tanh'], 'solver': ['adam', 'sgd', 'lbfgs'], 'alpha': [0.1, 0.01, 0.001], 'max_iter': [500, 1000], 'early_stopping': [True]}
2023-05-26 12:08:11,023 [INFO] GridSearchCV results :
     mean_valid_accuracy  mean_valid_precision  mean_valid_auc
206             0.980000                   1.0        0.975000
603             0.859048                   1.0        0.823333
620             0.980000                   1.0        0.975000
617             0.980000                   1.0        0.975000
614             0.980000                   1.0        0.975000
..                   ...                   ...             ...
628             0.598571                   0.0        0.500000
627             0.598571                   0.0        0.500000
625             0.598571                   0.0        0.500000
624             0.598571                   0.0        0.500000
639             0.598571                   0.0        0.500000

[864 rows x 3 columns]
2023-05-26 12:08:11,024 [INFO] Best model :
MLPClassifier(alpha=0.01, early_stopping=True, hidden_layer_sizes=(100, 100),
              max_iter=500, random_state=42, solver='lbfgs')
2023-05-26 12:08:11,028 [INFO] Save train_prediction_log data...
2023-05-26 12:08:11,031 [INFO] {'Data': 'train', 'ACC': '1.0 (142 / 142)', 'TP': 57, 'FP': 0, 'FN': 0, 'TN': 85, 'Precision': '1.0 (57 / 57 + 0)', 'Recall': '1.0 (57 / 57 + 0)', 'F1': '1.0 (2 * (1.0 * 1.0) / 1.0 + 1.0)', 'Specificity': '1.0 (85 / 85 + 0)', 'AUC': 1.0, 'r2': 1.0}
2023-05-26 12:08:11,034 [INFO] Save valid_prediction_log data...
2023-05-26 12:08:11,036 [INFO] {'Data': 'valid', 'ACC': '0.97 (34 / 35)', 'TP': 14, 'FP': 1, 'FN': 0, 'TN': 20, 'Precision': '0.93 (14 / 14 + 1)', 'Recall': '1.0 (14 / 14 + 0)', 'F1': '0.96 (2 * (1.0 * 0.93) / 1.0 + 0.93)', 'Specificity': '0.95 (20 / 20 + 1)', 'AUC': 0.98, 'r2': 0.88}
2023-05-26 12:08:11,043 [INFO] Save test_prediction_log data...
2023-05-26 12:08:11,045 [INFO] {'Data': 'test', 'ACC': '0.66 (23 / 35)', 'TP': 6, 'FP': 4, 'FN': 8, 'TN': 17, 'Precision': '0.6 (6 / 6 + 4)', 'Recall': '0.43 (6 / 6 + 8)', 'F1': '0.5 (2 * (0.43 * 0.6) / 0.43 + 0.6)', 'Specificity': '0.81 (17 / 17 + 4)', 'AUC': 0.62, 'r2': -0.43}
2023-05-26 12:08:11,047 [INFO] Save training_log data...
2023-05-26 12:08:11,051 [INFO] Save score_log data...
2023-05-26 12:08:11,052 [INFO] Time : 57.26278877258301
