2023-05-29 21:02:28,954 [INFO] Train data : Baseline_noscale_DUDE\DUD-E\BRAF\ECFP6_512bits\BRAF_raw_train.tsv
2023-05-29 21:02:28,954 [INFO] Valid data : Baseline_noscale_DUDE\DUD-E\BRAF\ECFP6_512bits\BRAF_raw_valid.tsv
2023-05-29 21:02:28,954 [INFO] Output path : Baseline_noscale_DUDE\DUD-E\BRAF\ECFP6_512bits\BRAF_model\SVM
2023-05-29 21:02:28,954 [INFO] Model type : SVM
2023-05-29 21:02:28,954 [INFO] Use cores : 12
2023-05-29 21:02:28,970 [INFO] Start Learning model
2023-05-29 21:02:28,970 [INFO] Train : 201 | Valid : 50
2023-05-29 21:02:28,970 [INFO] Set parameters : {'kernel': ['linear', 'rbf'], 'C': [0.01, 0.1, 1, 10, 100, 1000], 'gamma': [0.01, 0.1, 1, 100, 1000]}
2023-05-29 21:02:31,289 [INFO] GridSearchCV results :
    mean_valid_accuracy  mean_valid_precision  mean_valid_auc
0              0.980238              1.000000        0.975000
2              0.980238              1.000000        0.975000
31             0.980238              1.000000        0.975000
4              0.980238              1.000000        0.975000
6              0.980238              1.000000        0.975000
21             0.980238              1.000000        0.975000
8              0.980238              1.000000        0.975000
51             0.980238              1.000000        0.975000
41             0.980238              1.000000        0.975000
42             0.975238              0.966667        0.975321
32             0.975238              0.966667        0.975321
34             0.975238              0.966667        0.975321
36             0.975238              0.966667        0.975321
38             0.975238              0.966667        0.975321
40             0.975238              0.966667        0.975321
48             0.975238              0.966667        0.975321
44             0.975238              0.966667        0.975321
46             0.975238              0.966667        0.975321
26             0.975238              0.966667        0.975321
50             0.975238              0.966667        0.975321
52             0.975238              0.966667        0.975321
54             0.975238              0.966667        0.975321
56             0.975238              0.966667        0.975321
58             0.975238              0.966667        0.975321
28             0.975238              0.966667        0.975321
30             0.975238              0.966667        0.975321
12             0.975238              0.966667        0.975321
24             0.975238              0.966667        0.975321
14             0.975238              0.966667        0.975321
16             0.975238              0.966667        0.975321
10             0.975238              0.966667        0.975321
22             0.975238              0.966667        0.975321
18             0.975238              0.966667        0.975321
20             0.975238              0.966667        0.975321
53             0.611905              0.200000        0.512500
43             0.611905              0.200000        0.512500
33             0.611905              0.200000        0.512500
47             0.601905              0.000000        0.500000
55             0.601905              0.000000        0.500000
9              0.601905              0.000000        0.500000
5              0.601905              0.000000        0.500000
57             0.601905              0.000000        0.500000
11             0.601905              0.000000        0.500000
49             0.601905              0.000000        0.500000
3              0.601905              0.000000        0.500000
7              0.601905              0.000000        0.500000
25             0.601905              0.000000        0.500000
13             0.601905              0.000000        0.500000
45             0.601905              0.000000        0.500000
27             0.601905              0.000000        0.500000
15             0.601905              0.000000        0.500000
17             0.601905              0.000000        0.500000
39             0.601905              0.000000        0.500000
37             0.601905              0.000000        0.500000
19             0.601905              0.000000        0.500000
35             0.601905              0.000000        0.500000
23             0.601905              0.000000        0.500000
1              0.601905              0.000000        0.500000
29             0.601905              0.000000        0.500000
59             0.601905              0.000000        0.500000
2023-05-29 21:02:31,291 [INFO] Best model :
SVC(C=0.01, gamma=0.01, kernel='linear', random_state=42)
2023-05-29 21:02:31,297 [INFO] Save train_prediction_log data...
2023-05-29 21:02:31,300 [INFO] {'Data': 'train', 'ACC': '1.0 (200 / 201)', 'TP': 79, 'FP': 0, 'FN': 1, 'TN': 121, 'Precision': '1.0 (79 / 79 + 0)', 'Recall': '0.99 (79 / 79 + 1)', 'F1': '0.99 (2 * (0.99 * 1.0) / 0.99 + 1.0)', 'Specificity': '1.0 (121 / 121 + 0)', 'AUC': 0.99, 'r2': 0.98}
2023-05-29 21:02:31,305 [INFO] Save valid_prediction_log data...
2023-05-29 21:02:31,306 [INFO] {'Data': 'valid', 'ACC': '1.0 (50 / 50)', 'TP': 20, 'FP': 0, 'FN': 0, 'TN': 30, 'Precision': '1.0 (20 / 20 + 0)', 'Recall': '1.0 (20 / 20 + 0)', 'F1': '1.0 (2 * (1.0 * 1.0) / 1.0 + 1.0)', 'Specificity': '1.0 (30 / 30 + 0)', 'AUC': 1.0, 'r2': 1.0}
2023-05-29 21:02:31,317 [INFO] Save test_prediction_log data...
2023-05-29 21:02:31,319 [INFO] {'Data': 'test', 'ACC': '0.62 (31 / 50)', 'TP': 6, 'FP': 5, 'FN': 14, 'TN': 25, 'Precision': '0.55 (6 / 6 + 5)', 'Recall': '0.3 (6 / 6 + 14)', 'F1': '0.39 (2 * (0.3 * 0.55) / 0.3 + 0.55)', 'Specificity': '0.83 (25 / 25 + 5)', 'AUC': 0.57, 'r2': -0.58}
2023-05-29 21:02:31,321 [INFO] Save training_log data...
2023-05-29 21:02:31,499 [INFO] Save score_log data...
2023-05-29 21:02:31,500 [INFO] Time : 2.5456018447875977
