2023-04-09 14:08:41,401 [INFO] Train data : D:\PARK\Lab\Database\ADis-QSAR_final\data\DUDE\WEE1\ECFP4_256bits\preprocessing\WEE1_train_vector.tsv
2023-04-09 14:08:41,401 [INFO] Test data : D:\PARK\Lab\Database\ADis-QSAR_final\data\DUDE\WEE1\ECFP4_256bits\preprocessing\WEE1_test_vector.tsv
2023-04-09 14:08:41,401 [INFO] Output path : D:\PARK\Lab\Database\ADis-QSAR_final\data\DUDE\WEE1\ECFP4_256bits\WEE1_model\RF
2023-04-09 14:08:41,401 [INFO] Model type : RF
2023-04-09 14:08:41,401 [INFO] Use cores : 10
2023-04-09 14:08:41,422 [INFO] Start Learning model
2023-04-09 14:08:41,422 [INFO] Train : 103 | Test : 25
2023-04-09 14:08:41,422 [INFO] Set parameters : {'max_depth': [6, 8, 10, 12], 'max_features': ['auto', 'sqrt', 'log2'], 'min_samples_leaf': [1, 2, 8], 'min_samples_split': [2, 4, 8], 'n_estimators': [200, 600, 1000]}
2023-04-09 14:11:14,494 [INFO] GridSearchCV results :
     mean_valid_accuracy  mean_valid_precision  mean_valid_auc
0                    1.0                   1.0             1.0
203                  1.0                   1.0             1.0
221                  1.0                   1.0             1.0
220                  1.0                   1.0             1.0
219                  1.0                   1.0             1.0
..                   ...                   ...             ...
106                  1.0                   1.0             1.0
105                  1.0                   1.0             1.0
104                  1.0                   1.0             1.0
103                  1.0                   1.0             1.0
323                  1.0                   1.0             1.0

[324 rows x 3 columns]
2023-04-09 14:11:14,495 [INFO] Best model :
RandomForestClassifier(class_weight='balanced', max_depth=6, n_estimators=200,
                       random_state=42)
2023-04-09 14:11:14,507 [INFO] Save train_prediction_log data...
2023-04-09 14:11:14,510 [INFO] {'Data': 'train', 'ACC': '1.0 (103 / 103)', 'TP': 42, 'FP': 0, 'FN': 0, 'TN': 61, 'Precision': '1.0 (42 / 42 + 0)', 'Recall': '1.0 (42 / 42 + 0)', 'F1': '1.0 (2 * (1.0 * 1.0) / 1.0 + 1.0)', 'Specificity': '1.0 (61 / 61 + 0)', 'AUC': 1.0, 'r2': 1.0}
2023-04-09 14:11:14,520 [INFO] Save test_prediction_log data...
2023-04-09 14:11:14,521 [INFO] {'Data': 'test', 'ACC': '1.0 (25 / 25)', 'TP': 10, 'FP': 0, 'FN': 0, 'TN': 15, 'Precision': '1.0 (10 / 10 + 0)', 'Recall': '1.0 (10 / 10 + 0)', 'F1': '1.0 (2 * (1.0 * 1.0) / 1.0 + 1.0)', 'Specificity': '1.0 (15 / 15 + 0)', 'AUC': 1.0, 'r2': 1.0}
2023-04-09 14:11:14,542 [INFO] Save ext_prediction_log data...
2023-04-09 14:11:14,544 [INFO] {'Data': 'ext', 'ACC': '0.72 (18 / 25)', 'TP': 4, 'FP': 1, 'FN': 6, 'TN': 14, 'Precision': '0.8 (4 / 4 + 1)', 'Recall': '0.4 (4 / 4 + 6)', 'F1': '0.53 (2 * (0.4 * 0.8) / 0.4 + 0.8)', 'Specificity': '0.93 (14 / 14 + 1)', 'AUC': 0.67, 'r2': -0.17}
2023-04-09 14:11:14,585 [INFO] Save training_log data...
2023-04-09 14:11:14,587 [INFO] Save score_log data...
2023-04-09 14:11:14,588 [INFO] Time : 153.18671822547913
