2023-04-06 07:46:36,348 [INFO] Train data : D:\PARK\Lab\Database\ADis-QSAR_final\data\DUDE\AKT2\ECFP4_256bits\preprocessing\AKT2_train_vector.tsv
2023-04-06 07:46:36,348 [INFO] Test data : D:\PARK\Lab\Database\ADis-QSAR_final\data\DUDE\AKT2\ECFP4_256bits\preprocessing\AKT2_test_vector.tsv
2023-04-06 07:46:36,348 [INFO] Output path : D:\PARK\Lab\Database\ADis-QSAR_final\data\DUDE\AKT2\ECFP4_256bits\AKT2_model\RF
2023-04-06 07:46:36,348 [INFO] Model type : RF
2023-04-06 07:46:36,348 [INFO] Use cores : 10
2023-04-06 07:46:36,367 [INFO] Start Learning model
2023-04-06 07:46:36,367 [INFO] Train : 129 | Test : 32
2023-04-06 07:46:36,367 [INFO] Set parameters : {'max_depth': [6, 8, 10, 12], 'max_features': ['auto', 'sqrt', 'log2'], 'min_samples_leaf': [1, 2, 8], 'min_samples_split': [2, 4, 8], 'n_estimators': [200, 600, 1000]}
2023-04-06 07:48:57,729 [INFO] GridSearchCV results :
     mean_valid_accuracy  mean_valid_precision  mean_valid_auc
0               0.984615              1.000000        0.983333
222             0.984615              1.000000        0.983333
168             0.984615              1.000000        0.983333
169             0.984615              1.000000        0.983333
170             0.984615              1.000000        0.983333
..                   ...                   ...             ...
238             0.960897              0.952381        0.962798
236             0.960897              0.952381        0.962798
235             0.960897              0.952381        0.962798
160             0.960897              0.952381        0.962798
323             0.960897              0.952381        0.962798

[324 rows x 3 columns]
2023-04-06 07:48:57,730 [INFO] Best model :
RandomForestClassifier(class_weight='balanced', max_depth=6, n_estimators=200,
                       random_state=42)
2023-04-06 07:48:57,742 [INFO] Save train_prediction_log data...
2023-04-06 07:48:57,745 [INFO] {'Data': 'train', 'ACC': '1.0 (129 / 129)', 'TP': 54, 'FP': 0, 'FN': 0, 'TN': 75, 'Precision': '1.0 (54 / 54 + 0)', 'Recall': '1.0 (54 / 54 + 0)', 'F1': '1.0 (2 * (1.0 * 1.0) / 1.0 + 1.0)', 'Specificity': '1.0 (75 / 75 + 0)', 'AUC': 1.0, 'r2': 1.0}
2023-04-06 07:48:57,755 [INFO] Save test_prediction_log data...
2023-04-06 07:48:57,756 [INFO] {'Data': 'test', 'ACC': '1.0 (32 / 32)', 'TP': 13, 'FP': 0, 'FN': 0, 'TN': 19, 'Precision': '1.0 (13 / 13 + 0)', 'Recall': '1.0 (13 / 13 + 0)', 'F1': '1.0 (2 * (1.0 * 1.0) / 1.0 + 1.0)', 'Specificity': '1.0 (19 / 19 + 0)', 'AUC': 1.0, 'r2': 1.0}
2023-04-06 07:48:57,774 [INFO] Save ext_prediction_log data...
2023-04-06 07:48:57,776 [INFO] {'Data': 'ext', 'ACC': '0.78 (25 / 32)', 'TP': 8, 'FP': 2, 'FN': 5, 'TN': 17, 'Precision': '0.8 (8 / 8 + 2)', 'Recall': '0.62 (8 / 8 + 5)', 'F1': '0.7 (2 * (0.62 * 0.8) / 0.62 + 0.8)', 'Specificity': '0.89 (17 / 17 + 2)', 'AUC': 0.76, 'r2': 0.09}
2023-04-06 07:48:57,815 [INFO] Save training_log data...
2023-04-06 07:48:57,817 [INFO] Save score_log data...
2023-04-06 07:48:57,818 [INFO] Time : 141.470285654068
