2023-05-27 21:40:34,515 [INFO] Train data : Vary_params_SH\DUD-E\ROCK1\nG1_80\ECFP6_256bits\MinMax\ROCK1_train_vector.tsv
2023-05-27 21:40:34,515 [INFO] Valid data : Vary_params_SH\DUD-E\ROCK1\nG1_80\ECFP6_256bits\MinMax\ROCK1_valid_vector.tsv
2023-05-27 21:40:34,515 [INFO] Output path : Vary_params_SH\DUD-E\ROCK1\nG1_80\ECFP6_256bits\MinMax\ROCK1_model\XGB
2023-05-27 21:40:34,515 [INFO] Model type : XGB
2023-05-27 21:40:34,515 [INFO] Use cores : 3
2023-05-27 21:40:34,533 [INFO] Start Learning model
2023-05-27 21:40:34,533 [INFO] Train : 70 | Valid : 25
2023-05-27 21:40:34,534 [INFO] Set parameters : {'max_depth': [4, 6, 8], 'learning_rate': [0.01, 0.2], 'n_estimators': [200, 600, 1000], 'gamma': [0, 1000], 'min_child_weight': [1, 3], 'subsample': [0.5, 1], 'colsample_bytree': [0.5, 1], 'objective': ['binary:logitraw'], 'eval_metric': ['auc', 'error']}
2023-05-27 21:55:49,831 [INFO] GridSearchCV results :
     mean_valid_accuracy  mean_valid_precision  mean_valid_auc
16              0.971429                   0.8             0.9
148             0.971429                   0.8             0.9
4               0.971429                   0.8             0.9
160             0.971429                   0.8             0.9
172             0.971429                   0.8             0.9
..                   ...                   ...             ...
257             0.857143                   0.0             0.5
256             0.857143                   0.0             0.5
255             0.857143                   0.0             0.5
254             0.857143                   0.0             0.5
575             0.857143                   0.0             0.5

[576 rows x 3 columns]
2023-05-27 21:55:49,833 [INFO] Best model :
XGBClassifier(base_score=None, booster=None, callbacks=None,
              colsample_bylevel=None, colsample_bynode=None,
              colsample_bytree=0.5, early_stopping_rounds=None,
              enable_categorical=False, eval_metric='auc', feature_types=None,
              gamma=0, gpu_id=None, grow_policy=None, importance_type=None,
              interaction_constraints=None, learning_rate=0.01, max_bin=None,
              max_cat_threshold=None, max_cat_to_onehot=None,
              max_delta_step=None, max_depth=4, max_leaves=None,
              min_child_weight=1, missing=nan, monotone_constraints=None,
              n_estimators=1000, n_jobs=0, num_parallel_tree=None,
              objective='binary:logitraw', predictor=None, ...)
2023-05-27 21:55:49,844 [INFO] Save train_prediction_log data...
2023-05-27 21:55:49,849 [INFO] {'Data': 'train', 'ACC': '1.0 (70 / 70)', 'TP': 10, 'FP': 0, 'FN': 0, 'TN': 60, 'Precision': '1.0 (10 / 10 + 0)', 'Recall': '1.0 (10 / 10 + 0)', 'F1': '1.0 (2 * (1.0 * 1.0) / 1.0 + 1.0)', 'Specificity': '1.0 (60 / 60 + 0)', 'AUC': 1.0, 'r2': 1.0}
2023-05-27 21:55:49,858 [INFO] Save valid_prediction_log data...
2023-05-27 21:55:49,861 [INFO] {'Data': 'valid', 'ACC': '0.92 (23 / 25)', 'TP': 8, 'FP': 0, 'FN': 2, 'TN': 15, 'Precision': '1.0 (8 / 8 + 0)', 'Recall': '0.8 (8 / 8 + 2)', 'F1': '0.89 (2 * (0.8 * 1.0) / 0.8 + 1.0)', 'Specificity': '1.0 (15 / 15 + 0)', 'AUC': 0.9, 'r2': 0.67}
2023-05-27 21:55:49,878 [INFO] Save test_prediction_log data...
2023-05-27 21:55:49,881 [INFO] {'Data': 'test', 'ACC': '0.48 (12 / 25)', 'TP': 2, 'FP': 5, 'FN': 8, 'TN': 10, 'Precision': '0.29 (2 / 2 + 5)', 'Recall': '0.2 (2 / 2 + 8)', 'F1': '0.24 (2 * (0.2 * 0.29) / 0.2 + 0.29)', 'Specificity': '0.67 (10 / 10 + 5)', 'AUC': 0.43, 'r2': -1.17}
2023-05-27 21:55:49,893 [INFO] Save training_log data...
2023-05-27 21:55:50,084 [INFO] Save score_log data...
2023-05-27 21:55:50,087 [INFO] Time : 915.5714385509491
