2023-05-28 12:36:55,569 [INFO] Train data : Vary_params_ABL_BRAF_FGFR1\DUD-E\ABL1\nG1_20\ECFP4_256bits\MinMax\ABL1_train_vector.tsv
2023-05-28 12:36:55,569 [INFO] Valid data : Vary_params_ABL_BRAF_FGFR1\DUD-E\ABL1\nG1_20\ECFP4_256bits\MinMax\ABL1_valid_vector.tsv
2023-05-28 12:36:55,569 [INFO] Output path : Vary_params_ABL_BRAF_FGFR1\DUD-E\ABL1\nG1_20\ECFP4_256bits\MinMax\ABL1_model\MLP
2023-05-28 12:36:55,569 [INFO] Model type : MLP
2023-05-28 12:36:55,569 [INFO] Use cores : 18
2023-05-28 12:36:55,582 [INFO] Start Learning model
2023-05-28 12:36:55,582 [INFO] Train : 294 | Valid : 66
2023-05-28 12:36:55,582 [INFO] Set parameters : {'hidden_layer_sizes': [(50,), (100,), (50, 50), (100, 100)], 'learning_rate': ['constant', 'invscaling', 'adaptive'], 'activation': ['relu', 'identity', 'logistic', 'tanh'], 'solver': ['adam', 'sgd', 'lbfgs'], 'alpha': [0.1, 0.01, 0.001], 'max_iter': [500, 1000], 'early_stopping': [True]}
2023-05-28 12:38:38,342 [INFO] GridSearchCV results :
     mean_valid_accuracy  mean_valid_precision  mean_valid_auc
486             0.854598                   1.0        0.842857
489             0.854598                   1.0        0.842857
492             0.854598                   1.0        0.842857
495             0.854598                   1.0        0.842857
498             0.854598                   1.0        0.842857
..                   ...                   ...             ...
475             0.537471                   0.0        0.500000
477             0.537471                   0.0        0.500000
478             0.537471                   0.0        0.500000
480             0.537471                   0.0        0.500000
615             0.537471                   0.0        0.500000

[864 rows x 3 columns]
2023-05-28 12:38:38,343 [INFO] Best model :
MLPClassifier(activation='logistic', alpha=0.1, early_stopping=True,
              hidden_layer_sizes=(100, 100), max_iter=500, random_state=42)
2023-05-28 12:38:38,350 [INFO] Save train_prediction_log data...
2023-05-28 12:38:38,353 [INFO] {'Data': 'train', 'ACC': '0.91 (269 / 294)', 'TP': 113, 'FP': 2, 'FN': 23, 'TN': 156, 'Precision': '0.98 (113 / 113 + 2)', 'Recall': '0.83 (113 / 113 + 23)', 'F1': '0.9 (2 * (0.83 * 0.98) / 0.83 + 0.98)', 'Specificity': '0.99 (156 / 156 + 2)', 'AUC': 0.91, 'r2': 0.66}
2023-05-28 12:38:38,356 [INFO] Save valid_prediction_log data...
2023-05-28 12:38:38,358 [INFO] {'Data': 'valid', 'ACC': '1.0 (66 / 66)', 'TP': 26, 'FP': 0, 'FN': 0, 'TN': 40, 'Precision': '1.0 (26 / 26 + 0)', 'Recall': '1.0 (26 / 26 + 0)', 'F1': '1.0 (2 * (1.0 * 1.0) / 1.0 + 1.0)', 'Specificity': '1.0 (40 / 40 + 0)', 'AUC': 1.0, 'r2': 1.0}
2023-05-28 12:38:38,368 [INFO] Save test_prediction_log data...
2023-05-28 12:38:38,369 [INFO] {'Data': 'test', 'ACC': '0.61 (40 / 66)', 'TP': 9, 'FP': 9, 'FN': 17, 'TN': 31, 'Precision': '0.5 (9 / 9 + 9)', 'Recall': '0.35 (9 / 9 + 17)', 'F1': '0.41 (2 * (0.35 * 0.5) / 0.35 + 0.5)', 'Specificity': '0.78 (31 / 31 + 9)', 'AUC': 0.56, 'r2': -0.65}
2023-05-28 12:38:38,372 [INFO] Save training_log data...
2023-05-28 12:38:38,376 [INFO] Save score_log data...
2023-05-28 12:38:38,377 [INFO] Time : 102.80929517745972
