2023-05-28 23:03:37,801 [INFO] Train data : Vary_params_CDK2_EGFR_LCK\DUD-E\EGFR\nG1_80\ECFP6_256bits\MinMax\EGFR_train_vector.tsv
2023-05-28 23:03:37,801 [INFO] Valid data : Vary_params_CDK2_EGFR_LCK\DUD-E\EGFR\nG1_80\ECFP6_256bits\MinMax\EGFR_valid_vector.tsv
2023-05-28 23:03:37,801 [INFO] Output path : Vary_params_CDK2_EGFR_LCK\DUD-E\EGFR\nG1_80\ECFP6_256bits\MinMax\EGFR_model\MLP
2023-05-28 23:03:37,801 [INFO] Model type : MLP
2023-05-28 23:03:37,801 [INFO] Use cores : 19
2023-05-28 23:03:37,821 [INFO] Start Learning model
2023-05-28 23:03:37,822 [INFO] Train : 840 | Valid : 218
2023-05-28 23:03:37,822 [INFO] Set parameters : {'hidden_layer_sizes': [(50,), (100,), (50, 50), (100, 100)], 'learning_rate': ['constant', 'invscaling', 'adaptive'], 'activation': ['relu', 'identity', 'logistic', 'tanh'], 'solver': ['adam', 'sgd', 'lbfgs'], 'alpha': [0.1, 0.01, 0.001], 'max_iter': [500, 1000], 'early_stopping': [True]}
2023-05-28 23:06:52,157 [INFO] GridSearchCV results :
     mean_valid_accuracy  mean_valid_precision  mean_valid_auc
498             0.953571              0.996774        0.939480
486             0.953571              0.996774        0.939480
501             0.953571              0.996774        0.939480
495             0.953571              0.996774        0.939480
492             0.953571              0.996774        0.939480
..                   ...                   ...             ...
535             0.621429              0.000000        0.500000
621             0.621429              0.000000        0.500000
622             0.621429              0.000000        0.500000
502             0.621429              0.000000        0.500000
520             0.620238              0.000000        0.499057

[864 rows x 3 columns]
2023-05-28 23:06:52,158 [INFO] Best model :
MLPClassifier(activation='logistic', alpha=0.1, early_stopping=True,
              hidden_layer_sizes=(100, 100), max_iter=500, random_state=42)
2023-05-28 23:06:52,172 [INFO] Save train_prediction_log data...
2023-05-28 23:06:52,175 [INFO] {'Data': 'train', 'ACC': '0.96 (803 / 840)', 'TP': 281, 'FP': 0, 'FN': 37, 'TN': 522, 'Precision': '1.0 (281 / 281 + 0)', 'Recall': '0.88 (281 / 281 + 37)', 'F1': '0.94 (2 * (0.88 * 1.0) / 0.88 + 1.0)', 'Specificity': '1.0 (522 / 522 + 0)', 'AUC': 0.94, 'r2': 0.81}
2023-05-28 23:06:52,181 [INFO] Save valid_prediction_log data...
2023-05-28 23:06:52,183 [INFO] {'Data': 'valid', 'ACC': '0.95 (208 / 218)', 'TP': 77, 'FP': 0, 'FN': 10, 'TN': 131, 'Precision': '1.0 (77 / 77 + 0)', 'Recall': '0.89 (77 / 77 + 10)', 'F1': '0.94 (2 * (0.89 * 1.0) / 0.89 + 1.0)', 'Specificity': '1.0 (131 / 131 + 0)', 'AUC': 0.94, 'r2': 0.81}
2023-05-28 23:06:52,196 [INFO] Save test_prediction_log data...
2023-05-28 23:06:52,198 [INFO] {'Data': 'test', 'ACC': '0.63 (138 / 218)', 'TP': 24, 'FP': 17, 'FN': 63, 'TN': 114, 'Precision': '0.59 (24 / 24 + 17)', 'Recall': '0.28 (24 / 24 + 63)', 'F1': '0.38 (2 * (0.28 * 0.59) / 0.28 + 0.59)', 'Specificity': '0.87 (114 / 114 + 17)', 'AUC': 0.57, 'r2': -0.53}
2023-05-28 23:06:52,200 [INFO] Save training_log data...
2023-05-28 23:06:52,206 [INFO] Save score_log data...
2023-05-28 23:06:52,207 [INFO] Time : 194.40590023994446
