2023-05-28 12:38:29,981 [INFO] Train data : Vary_params\DUD-E\CSF1R\nG1_80\ECFP6_512bits\Standard\CSF1R_train_vector.tsv
2023-05-28 12:38:29,981 [INFO] Valid data : Vary_params\DUD-E\CSF1R\nG1_80\ECFP6_512bits\Standard\CSF1R_valid_vector.tsv
2023-05-28 12:38:29,981 [INFO] Output path : Vary_params\DUD-E\CSF1R\nG1_80\ECFP6_512bits\Standard\CSF1R_model\SVM
2023-05-28 12:38:29,982 [INFO] Model type : SVM
2023-05-28 12:38:29,982 [INFO] Use cores : 11
2023-05-28 12:38:30,018 [INFO] Start Learning model
2023-05-28 12:38:30,018 [INFO] Train : 156 | Valid : 47
2023-05-28 12:38:30,018 [INFO] Set parameters : {'kernel': ['linear', 'rbf'], 'C': [0.01, 0.1, 1, 10, 100, 1000], 'gamma': [0.01, 0.1, 1, 100, 1000]}
2023-05-28 12:38:33,723 [INFO] GridSearchCV results :
    mean_valid_accuracy  mean_valid_precision  mean_valid_auc
0              0.924583                0.9025        0.913106
20             0.924583                0.9025        0.913106
24             0.924583                0.9025        0.913106
26             0.924583                0.9025        0.913106
28             0.924583                0.9025        0.913106
32             0.924583                0.9025        0.913106
34             0.924583                0.9025        0.913106
36             0.924583                0.9025        0.913106
38             0.924583                0.9025        0.913106
40             0.924583                0.9025        0.913106
42             0.924583                0.9025        0.913106
44             0.924583                0.9025        0.913106
46             0.924583                0.9025        0.913106
48             0.924583                0.9025        0.913106
50             0.924583                0.9025        0.913106
52             0.924583                0.9025        0.913106
54             0.924583                0.9025        0.913106
56             0.924583                0.9025        0.913106
58             0.924583                0.9025        0.913106
22             0.924583                0.9025        0.913106
30             0.924583                0.9025        0.913106
2              0.924583                0.9025        0.913106
18             0.924583                0.9025        0.913106
10             0.924583                0.9025        0.913106
8              0.924583                0.9025        0.913106
16             0.924583                0.9025        0.913106
4              0.924583                0.9025        0.913106
12             0.924583                0.9025        0.913106
14             0.924583                0.9025        0.913106
6              0.924583                0.9025        0.913106
41             0.731250                0.2000        0.522500
31             0.731250                0.2000        0.522500
51             0.731250                0.2000        0.522500
21             0.718333                0.0000        0.500000
7              0.718333                0.0000        0.500000
47             0.718333                0.0000        0.500000
5              0.718333                0.0000        0.500000
49             0.718333                0.0000        0.500000
9              0.718333                0.0000        0.500000
53             0.718333                0.0000        0.500000
55             0.718333                0.0000        0.500000
3              0.718333                0.0000        0.500000
57             0.718333                0.0000        0.500000
45             0.718333                0.0000        0.500000
11             0.718333                0.0000        0.500000
43             0.718333                0.0000        0.500000
19             0.718333                0.0000        0.500000
39             0.718333                0.0000        0.500000
37             0.718333                0.0000        0.500000
13             0.718333                0.0000        0.500000
35             0.718333                0.0000        0.500000
33             0.718333                0.0000        0.500000
15             0.718333                0.0000        0.500000
1              0.718333                0.0000        0.500000
29             0.718333                0.0000        0.500000
27             0.718333                0.0000        0.500000
17             0.718333                0.0000        0.500000
25             0.718333                0.0000        0.500000
23             0.718333                0.0000        0.500000
59             0.718333                0.0000        0.500000
2023-05-28 12:38:33,725 [INFO] Best model :
SVC(C=0.01, gamma=0.01, kernel='linear', random_state=42)
2023-05-28 12:38:33,732 [INFO] Save train_prediction_log data...
2023-05-28 12:38:33,735 [INFO] {'Data': 'train', 'ACC': '1.0 (156 / 156)', 'TP': 44, 'FP': 0, 'FN': 0, 'TN': 112, 'Precision': '1.0 (44 / 44 + 0)', 'Recall': '1.0 (44 / 44 + 0)', 'F1': '1.0 (2 * (1.0 * 1.0) / 1.0 + 1.0)', 'Specificity': '1.0 (112 / 112 + 0)', 'AUC': 1.0, 'r2': 1.0}
2023-05-28 12:38:33,741 [INFO] Save valid_prediction_log data...
2023-05-28 12:38:33,743 [INFO] {'Data': 'valid', 'ACC': '0.98 (46 / 47)', 'TP': 19, 'FP': 1, 'FN': 0, 'TN': 27, 'Precision': '0.95 (19 / 19 + 1)', 'Recall': '1.0 (19 / 19 + 0)', 'F1': '0.97 (2 * (1.0 * 0.95) / 1.0 + 0.95)', 'Specificity': '0.96 (27 / 27 + 1)', 'AUC': 0.98, 'r2': 0.91}
2023-05-28 12:38:33,762 [INFO] Save test_prediction_log data...
2023-05-28 12:38:33,764 [INFO] {'Data': 'test', 'ACC': '0.72 (34 / 47)', 'TP': 11, 'FP': 5, 'FN': 8, 'TN': 23, 'Precision': '0.69 (11 / 11 + 5)', 'Recall': '0.58 (11 / 11 + 8)', 'F1': '0.63 (2 * (0.58 * 0.69) / 0.58 + 0.69)', 'Specificity': '0.82 (23 / 23 + 5)', 'AUC': 0.7, 'r2': -0.15}
2023-05-28 12:38:33,768 [INFO] Save training_log data...
2023-05-28 12:38:33,771 [INFO] Save score_log data...
2023-05-28 12:38:33,771 [INFO] Time : 3.7892138957977295
