2023-05-30 04:45:10,510 [INFO] Train data : Baseline_noscale_DUDE\DUD-E\JAK2\ECFP4_512bits\JAK2_raw_train.tsv
2023-05-30 04:45:10,510 [INFO] Valid data : Baseline_noscale_DUDE\DUD-E\JAK2\ECFP4_512bits\JAK2_raw_valid.tsv
2023-05-30 04:45:10,510 [INFO] Output path : Baseline_noscale_DUDE\DUD-E\JAK2\ECFP4_512bits\JAK2_model\RF
2023-05-30 04:45:10,510 [INFO] Model type : RF
2023-05-30 04:45:10,510 [INFO] Use cores : 12
2023-05-30 04:45:10,524 [INFO] Start Learning model
2023-05-30 04:45:10,524 [INFO] Train : 112 | Valid : 28
2023-05-30 04:45:10,524 [INFO] Set parameters : {'max_depth': [6, 8, 10, 12], 'max_features': ['sqrt', 'log2'], 'min_samples_leaf': [2, 4, 8, 10], 'min_samples_split': [2, 4, 8, 10], 'n_estimators': [200, 600, 1000]}
2023-05-30 04:48:06,407 [INFO] GridSearchCV results :
     mean_valid_accuracy  mean_valid_precision  mean_valid_auc
0               0.991667              1.000000        0.990000
150             0.983333              1.000000        0.980000
154             0.991667              1.000000        0.990000
241             0.991667              1.000000        0.990000
240             0.983333              1.000000        0.980000
..                   ...                   ...             ...
231             0.973485              0.963333        0.974524
135             0.973485              0.963333        0.974524
229             0.973485              0.963333        0.974524
228             0.973485              0.963333        0.974524
138             0.973485              0.963333        0.974524

[384 rows x 3 columns]
2023-05-30 04:48:06,408 [INFO] Best model :
RandomForestClassifier(class_weight='balanced', max_depth=6, min_samples_leaf=2,
                       n_estimators=200, random_state=42)
2023-05-30 04:48:06,420 [INFO] Save train_prediction_log data...
2023-05-30 04:48:06,422 [INFO] {'Data': 'train', 'ACC': '0.99 (111 / 112)', 'TP': 44, 'FP': 0, 'FN': 1, 'TN': 67, 'Precision': '1.0 (44 / 44 + 0)', 'Recall': '0.98 (44 / 44 + 1)', 'F1': '0.99 (2 * (0.98 * 1.0) / 0.98 + 1.0)', 'Specificity': '1.0 (67 / 67 + 0)', 'AUC': 0.99, 'r2': 0.96}
2023-05-30 04:48:06,433 [INFO] Save valid_prediction_log data...
2023-05-30 04:48:06,435 [INFO] {'Data': 'valid', 'ACC': '1.0 (28 / 28)', 'TP': 11, 'FP': 0, 'FN': 0, 'TN': 17, 'Precision': '1.0 (11 / 11 + 0)', 'Recall': '1.0 (11 / 11 + 0)', 'F1': '1.0 (2 * (1.0 * 1.0) / 1.0 + 1.0)', 'Specificity': '1.0 (17 / 17 + 0)', 'AUC': 1.0, 'r2': 1.0}
2023-05-30 04:48:06,451 [INFO] Save test_prediction_log data...
2023-05-30 04:48:06,453 [INFO] {'Data': 'test', 'ACC': '0.64 (18 / 28)', 'TP': 4, 'FP': 3, 'FN': 7, 'TN': 14, 'Precision': '0.57 (4 / 4 + 3)', 'Recall': '0.36 (4 / 4 + 7)', 'F1': '0.44 (2 * (0.36 * 0.57) / 0.36 + 0.57)', 'Specificity': '0.82 (14 / 14 + 3)', 'AUC': 0.59, 'r2': -0.5}
2023-05-30 04:48:06,483 [INFO] Save training_log data...
2023-05-30 04:48:06,487 [INFO] Save score_log data...
2023-05-30 04:48:06,488 [INFO] Time : 175.97820806503296
