2023-05-29 05:15:35,925 [INFO] Train data : Vary_params_CDK2_EGFR_LCK\DUD-E\LCK\nG1_20\ECFP6_512bits\Robust\LCK_train_vector.tsv
2023-05-29 05:15:35,925 [INFO] Valid data : Vary_params_CDK2_EGFR_LCK\DUD-E\LCK\nG1_20\ECFP6_512bits\Robust\LCK_valid_vector.tsv
2023-05-29 05:15:35,925 [INFO] Output path : Vary_params_CDK2_EGFR_LCK\DUD-E\LCK\nG1_20\ECFP6_512bits\Robust\LCK_model\SVM
2023-05-29 05:15:35,925 [INFO] Model type : SVM
2023-05-29 05:15:35,925 [INFO] Use cores : 19
2023-05-29 05:15:35,958 [INFO] Start Learning model
2023-05-29 05:15:35,958 [INFO] Train : 766 | Valid : 185
2023-05-29 05:15:35,958 [INFO] Set parameters : {'kernel': ['linear', 'rbf'], 'C': [0.01, 0.1, 1, 10, 100, 1000], 'gamma': [0.01, 0.1, 1, 100, 1000]}
2023-05-29 05:15:45,114 [INFO] GridSearchCV results :
    mean_valid_accuracy  mean_valid_precision  mean_valid_auc
0              0.929528              0.921683        0.928277
20             0.929528              0.921683        0.928277
24             0.929528              0.921683        0.928277
26             0.929528              0.921683        0.928277
28             0.929528              0.921683        0.928277
32             0.929528              0.921683        0.928277
34             0.929528              0.921683        0.928277
36             0.929528              0.921683        0.928277
38             0.929528              0.921683        0.928277
40             0.929528              0.921683        0.928277
42             0.929528              0.921683        0.928277
44             0.929528              0.921683        0.928277
46             0.929528              0.921683        0.928277
48             0.929528              0.921683        0.928277
50             0.929528              0.921683        0.928277
52             0.929528              0.921683        0.928277
54             0.929528              0.921683        0.928277
56             0.929528              0.921683        0.928277
58             0.929528              0.921683        0.928277
22             0.929528              0.921683        0.928277
30             0.929528              0.921683        0.928277
10             0.929528              0.921683        0.928277
2              0.929528              0.921683        0.928277
18             0.929528              0.921683        0.928277
8              0.929528              0.921683        0.928277
16             0.929528              0.921683        0.928277
4              0.929528              0.921683        0.928277
12             0.929528              0.921683        0.928277
6              0.929528              0.921683        0.928277
14             0.929528              0.921683        0.928277
49             0.577033              0.000000        0.500000
9              0.577033              0.000000        0.500000
45             0.577033              0.000000        0.500000
47             0.577033              0.000000        0.500000
7              0.577033              0.000000        0.500000
21             0.577033              0.000000        0.500000
43             0.577033              0.000000        0.500000
5              0.577033              0.000000        0.500000
53             0.577033              0.000000        0.500000
55             0.577033              0.000000        0.500000
3              0.577033              0.000000        0.500000
57             0.577033              0.000000        0.500000
51             0.577033              0.000000        0.500000
11             0.577033              0.000000        0.500000
41             0.577033              0.000000        0.500000
19             0.577033              0.000000        0.500000
39             0.577033              0.000000        0.500000
37             0.577033              0.000000        0.500000
13             0.577033              0.000000        0.500000
35             0.577033              0.000000        0.500000
33             0.577033              0.000000        0.500000
15             0.577033              0.000000        0.500000
31             0.577033              0.000000        0.500000
1              0.577033              0.000000        0.500000
29             0.577033              0.000000        0.500000
27             0.577033              0.000000        0.500000
17             0.577033              0.000000        0.500000
25             0.577033              0.000000        0.500000
23             0.577033              0.000000        0.500000
59             0.577033              0.000000        0.500000
2023-05-29 05:15:45,115 [INFO] Best model :
SVC(C=0.01, gamma=0.01, kernel='linear', random_state=42)
2023-05-29 05:15:45,131 [INFO] Save train_prediction_log data...
2023-05-29 05:15:45,134 [INFO] {'Data': 'train', 'ACC': '1.0 (766 / 766)', 'TP': 324, 'FP': 0, 'FN': 0, 'TN': 442, 'Precision': '1.0 (324 / 324 + 0)', 'Recall': '1.0 (324 / 324 + 0)', 'F1': '1.0 (2 * (1.0 * 1.0) / 1.0 + 1.0)', 'Specificity': '1.0 (442 / 442 + 0)', 'AUC': 1.0, 'r2': 1.0}
2023-05-29 05:15:45,142 [INFO] Save valid_prediction_log data...
2023-05-29 05:15:45,143 [INFO] {'Data': 'valid', 'ACC': '0.94 (174 / 185)', 'TP': 72, 'FP': 9, 'FN': 2, 'TN': 102, 'Precision': '0.89 (72 / 72 + 9)', 'Recall': '0.97 (72 / 72 + 2)', 'F1': '0.93 (2 * (0.97 * 0.89) / 0.97 + 0.89)', 'Specificity': '0.92 (102 / 102 + 9)', 'AUC': 0.95, 'r2': 0.75}
2023-05-29 05:15:45,162 [INFO] Save test_prediction_log data...
2023-05-29 05:15:45,164 [INFO] {'Data': 'test', 'ACC': '0.65 (121 / 185)', 'TP': 47, 'FP': 37, 'FN': 27, 'TN': 74, 'Precision': '0.56 (47 / 47 + 37)', 'Recall': '0.64 (47 / 47 + 27)', 'F1': '0.6 (2 * (0.64 * 0.56) / 0.64 + 0.56)', 'Specificity': '0.67 (74 / 74 + 37)', 'AUC': 0.65, 'r2': -0.44}
2023-05-29 05:15:45,166 [INFO] Save training_log data...
2023-05-29 05:15:45,169 [INFO] Save score_log data...
2023-05-29 05:15:45,170 [INFO] Time : 9.244401693344116
