2023-05-28 05:10:11,178 [INFO] Train data : Vary_params_IGF1R_KIT\DUD-E\IGF1R\nG1_20\ECFP6_512bits\Standard\IGF1R_train_vector.tsv
2023-05-28 05:10:11,178 [INFO] Valid data : Vary_params_IGF1R_KIT\DUD-E\IGF1R\nG1_20\ECFP6_512bits\Standard\IGF1R_valid_vector.tsv
2023-05-28 05:10:11,178 [INFO] Output path : Vary_params_IGF1R_KIT\DUD-E\IGF1R\nG1_20\ECFP6_512bits\Standard\IGF1R_model\SVM
2023-05-28 05:10:11,178 [INFO] Model type : SVM
2023-05-28 05:10:11,178 [INFO] Use cores : 10
2023-05-28 05:10:11,211 [INFO] Start Learning model
2023-05-28 05:10:11,212 [INFO] Train : 226 | Valid : 49
2023-05-28 05:10:11,212 [INFO] Set parameters : {'kernel': ['linear', 'rbf'], 'C': [0.01, 0.1, 1, 10, 100, 1000], 'gamma': [0.01, 0.1, 1, 100, 1000]}
2023-05-28 05:10:14,096 [INFO] GridSearchCV results :
    mean_valid_accuracy  mean_valid_precision  mean_valid_auc
21             0.788933              1.000000        0.780455
41             0.824308              1.000000        0.817273
31             0.824308              1.000000        0.817273
51             0.824308              1.000000        0.817273
26             0.960474              0.982576        0.959470
28             0.960474              0.982576        0.959470
32             0.960474              0.982576        0.959470
34             0.960474              0.982576        0.959470
36             0.960474              0.982576        0.959470
38             0.960474              0.982576        0.959470
40             0.960474              0.982576        0.959470
0              0.960474              0.982576        0.959470
24             0.960474              0.982576        0.959470
44             0.960474              0.982576        0.959470
46             0.960474              0.982576        0.959470
48             0.960474              0.982576        0.959470
50             0.960474              0.982576        0.959470
52             0.960474              0.982576        0.959470
54             0.960474              0.982576        0.959470
56             0.960474              0.982576        0.959470
58             0.960474              0.982576        0.959470
42             0.960474              0.982576        0.959470
30             0.960474              0.982576        0.959470
12             0.960474              0.982576        0.959470
2              0.960474              0.982576        0.959470
20             0.960474              0.982576        0.959470
22             0.960474              0.982576        0.959470
4              0.960474              0.982576        0.959470
18             0.960474              0.982576        0.959470
8              0.960474              0.982576        0.959470
10             0.960474              0.982576        0.959470
16             0.960474              0.982576        0.959470
6              0.960474              0.982576        0.959470
14             0.960474              0.982576        0.959470
49             0.522134              0.000000        0.500000
9              0.522134              0.000000        0.500000
47             0.522134              0.000000        0.500000
5              0.522134              0.000000        0.500000
7              0.522134              0.000000        0.500000
53             0.522134              0.000000        0.500000
55             0.522134              0.000000        0.500000
3              0.522134              0.000000        0.500000
57             0.522134              0.000000        0.500000
45             0.522134              0.000000        0.500000
23             0.522134              0.000000        0.500000
43             0.522134              0.000000        0.500000
11             0.522134              0.000000        0.500000
13             0.522134              0.000000        0.500000
39             0.522134              0.000000        0.500000
37             0.522134              0.000000        0.500000
15             0.522134              0.000000        0.500000
35             0.522134              0.000000        0.500000
33             0.522134              0.000000        0.500000
17             0.522134              0.000000        0.500000
1              0.522134              0.000000        0.500000
29             0.522134              0.000000        0.500000
19             0.522134              0.000000        0.500000
27             0.522134              0.000000        0.500000
25             0.522134              0.000000        0.500000
59             0.522134              0.000000        0.500000
2023-05-28 05:10:14,097 [INFO] Best model :
SVC(C=1, gamma=0.01, random_state=42)
2023-05-28 05:10:14,111 [INFO] Save train_prediction_log data...
2023-05-28 05:10:14,114 [INFO] {'Data': 'train', 'ACC': '1.0 (226 / 226)', 'TP': 108, 'FP': 0, 'FN': 0, 'TN': 118, 'Precision': '1.0 (108 / 108 + 0)', 'Recall': '1.0 (108 / 108 + 0)', 'F1': '1.0 (2 * (1.0 * 1.0) / 1.0 + 1.0)', 'Specificity': '1.0 (118 / 118 + 0)', 'AUC': 1.0, 'r2': 1.0}
2023-05-28 05:10:14,121 [INFO] Save valid_prediction_log data...
2023-05-28 05:10:14,122 [INFO] {'Data': 'valid', 'ACC': '1.0 (49 / 49)', 'TP': 20, 'FP': 0, 'FN': 0, 'TN': 29, 'Precision': '1.0 (20 / 20 + 0)', 'Recall': '1.0 (20 / 20 + 0)', 'F1': '1.0 (2 * (1.0 * 1.0) / 1.0 + 1.0)', 'Specificity': '1.0 (29 / 29 + 0)', 'AUC': 1.0, 'r2': 1.0}
2023-05-28 05:10:14,141 [INFO] Save test_prediction_log data...
2023-05-28 05:10:14,143 [INFO] {'Data': 'test', 'ACC': '0.61 (30 / 49)', 'TP': 1, 'FP': 0, 'FN': 19, 'TN': 29, 'Precision': '1.0 (1 / 1 + 0)', 'Recall': '0.05 (1 / 1 + 19)', 'F1': '0.1 (2 * (0.05 * 1.0) / 0.05 + 1.0)', 'Specificity': '1.0 (29 / 29 + 0)', 'AUC': 0.52, 'r2': -0.61}
2023-05-28 05:10:14,145 [INFO] Save training_log data...
2023-05-28 05:10:14,146 [INFO] Save score_log data...
2023-05-28 05:10:14,147 [INFO] Time : 2.968360662460327
