2023-05-27 09:53:36,510 [INFO] Train data : Vary_params_SH\DUD-E\ROCK1\nG1_50\ECFP4_512bits\Standard\ROCK1_train_vector.tsv
2023-05-27 09:53:36,510 [INFO] Valid data : Vary_params_SH\DUD-E\ROCK1\nG1_50\ECFP4_512bits\Standard\ROCK1_valid_vector.tsv
2023-05-27 09:53:36,510 [INFO] Output path : Vary_params_SH\DUD-E\ROCK1\nG1_50\ECFP4_512bits\Standard\ROCK1_model\SVM
2023-05-27 09:53:36,510 [INFO] Model type : SVM
2023-05-27 09:53:36,510 [INFO] Use cores : 3
2023-05-27 09:53:36,555 [INFO] Start Learning model
2023-05-27 09:53:36,555 [INFO] Train : 100 | Valid : 25
2023-05-27 09:53:36,555 [INFO] Set parameters : {'kernel': ['linear', 'rbf'], 'C': [0.01, 0.1, 1, 10, 100, 1000], 'gamma': [0.01, 0.1, 1, 100, 1000]}
2023-05-27 09:53:41,494 [INFO] GridSearchCV results :
    mean_valid_accuracy  mean_valid_precision  mean_valid_auc
0                  0.96                  0.98        0.954167
20                 0.96                  0.98        0.954167
24                 0.96                  0.98        0.954167
26                 0.96                  0.98        0.954167
28                 0.96                  0.98        0.954167
32                 0.96                  0.98        0.954167
34                 0.96                  0.98        0.954167
36                 0.96                  0.98        0.954167
38                 0.96                  0.98        0.954167
40                 0.96                  0.98        0.954167
42                 0.96                  0.98        0.954167
44                 0.96                  0.98        0.954167
46                 0.96                  0.98        0.954167
48                 0.96                  0.98        0.954167
50                 0.96                  0.98        0.954167
52                 0.96                  0.98        0.954167
54                 0.96                  0.98        0.954167
56                 0.96                  0.98        0.954167
58                 0.96                  0.98        0.954167
22                 0.96                  0.98        0.954167
30                 0.96                  0.98        0.954167
2                  0.96                  0.98        0.954167
18                 0.96                  0.98        0.954167
10                 0.96                  0.98        0.954167
8                  0.96                  0.98        0.954167
16                 0.96                  0.98        0.954167
4                  0.96                  0.98        0.954167
12                 0.96                  0.98        0.954167
14                 0.96                  0.98        0.954167
6                  0.96                  0.98        0.954167
41                 0.68                  0.40        0.600000
31                 0.68                  0.40        0.600000
51                 0.68                  0.40        0.600000
21                 0.63                  0.30        0.537500
7                  0.60                  0.00        0.500000
47                 0.60                  0.00        0.500000
5                  0.60                  0.00        0.500000
49                 0.60                  0.00        0.500000
9                  0.60                  0.00        0.500000
53                 0.60                  0.00        0.500000
55                 0.60                  0.00        0.500000
3                  0.60                  0.00        0.500000
57                 0.60                  0.00        0.500000
45                 0.60                  0.00        0.500000
11                 0.60                  0.00        0.500000
43                 0.60                  0.00        0.500000
19                 0.60                  0.00        0.500000
39                 0.60                  0.00        0.500000
37                 0.60                  0.00        0.500000
13                 0.60                  0.00        0.500000
35                 0.60                  0.00        0.500000
33                 0.60                  0.00        0.500000
15                 0.60                  0.00        0.500000
1                  0.60                  0.00        0.500000
29                 0.60                  0.00        0.500000
27                 0.60                  0.00        0.500000
17                 0.60                  0.00        0.500000
25                 0.60                  0.00        0.500000
23                 0.60                  0.00        0.500000
59                 0.60                  0.00        0.500000
2023-05-27 09:53:41,497 [INFO] Best model :
SVC(C=0.01, gamma=0.01, kernel='linear', random_state=42)
2023-05-27 09:53:41,506 [INFO] Save train_prediction_log data...
2023-05-27 09:53:41,512 [INFO] {'Data': 'train', 'ACC': '1.0 (100 / 100)', 'TP': 40, 'FP': 0, 'FN': 0, 'TN': 60, 'Precision': '1.0 (40 / 40 + 0)', 'Recall': '1.0 (40 / 40 + 0)', 'F1': '1.0 (2 * (1.0 * 1.0) / 1.0 + 1.0)', 'Specificity': '1.0 (60 / 60 + 0)', 'AUC': 1.0, 'r2': 1.0}
2023-05-27 09:53:41,520 [INFO] Save valid_prediction_log data...
2023-05-27 09:53:41,523 [INFO] {'Data': 'valid', 'ACC': '1.0 (25 / 25)', 'TP': 10, 'FP': 0, 'FN': 0, 'TN': 15, 'Precision': '1.0 (10 / 10 + 0)', 'Recall': '1.0 (10 / 10 + 0)', 'F1': '1.0 (2 * (1.0 * 1.0) / 1.0 + 1.0)', 'Specificity': '1.0 (15 / 15 + 0)', 'AUC': 1.0, 'r2': 1.0}
2023-05-27 09:53:41,550 [INFO] Save test_prediction_log data...
2023-05-27 09:53:41,554 [INFO] {'Data': 'test', 'ACC': '0.56 (14 / 25)', 'TP': 3, 'FP': 4, 'FN': 7, 'TN': 11, 'Precision': '0.43 (3 / 3 + 4)', 'Recall': '0.3 (3 / 3 + 7)', 'F1': '0.35 (2 * (0.3 * 0.43) / 0.3 + 0.43)', 'Specificity': '0.73 (11 / 11 + 4)', 'AUC': 0.52, 'r2': -0.83}
2023-05-27 09:53:41,572 [INFO] Save training_log data...
2023-05-27 09:53:41,574 [INFO] Save score_log data...
2023-05-27 09:53:41,575 [INFO] Time : 5.0642313957214355
