2023-05-29 08:03:56,757 [INFO] Train data : Vary_params_VGFR2\DUD-E\VGFR2\nG1_50\ECFP6_512bits\MinMax\VGFR2_train_vector.tsv
2023-05-29 08:03:56,757 [INFO] Valid data : Vary_params_VGFR2\DUD-E\VGFR2\nG1_50\ECFP6_512bits\MinMax\VGFR2_valid_vector.tsv
2023-05-29 08:03:56,757 [INFO] Output path : Vary_params_VGFR2\DUD-E\VGFR2\nG1_50\ECFP6_512bits\MinMax\VGFR2_model\SVM
2023-05-29 08:03:56,758 [INFO] Model type : SVM
2023-05-29 08:03:56,758 [INFO] Use cores : 18
2023-05-29 08:03:56,808 [INFO] Start Learning model
2023-05-29 08:03:56,808 [INFO] Train : 717 | Valid : 180
2023-05-29 08:03:56,808 [INFO] Set parameters : {'kernel': ['linear', 'rbf'], 'C': [0.01, 0.1, 1, 10, 100, 1000], 'gamma': [0.01, 0.1, 1, 100, 1000]}
2023-05-29 08:04:14,824 [INFO] GridSearchCV results :
    mean_valid_accuracy  mean_valid_precision  mean_valid_auc
11             0.746146              1.000000        0.682820
21             0.973494              0.982478        0.969863
31             0.973494              0.976274        0.971048
51             0.973494              0.976274        0.971048
41             0.973494              0.976274        0.971048
0              0.966471              0.965657        0.963926
2              0.966471              0.965657        0.963926
4              0.966471              0.965657        0.963926
6              0.966471              0.965657        0.963926
8              0.966471              0.965657        0.963926
42             0.962344              0.956061        0.960561
32             0.962344              0.956061        0.960561
34             0.962344              0.956061        0.960561
36             0.962344              0.956061        0.960561
38             0.962344              0.956061        0.960561
40             0.962344              0.956061        0.960561
48             0.962344              0.956061        0.960561
44             0.962344              0.956061        0.960561
46             0.962344              0.956061        0.960561
26             0.962344              0.956061        0.960561
50             0.962344              0.956061        0.960561
52             0.962344              0.956061        0.960561
54             0.962344              0.956061        0.960561
56             0.962344              0.956061        0.960561
58             0.962344              0.956061        0.960561
28             0.962344              0.956061        0.960561
30             0.962344              0.956061        0.960561
14             0.962344              0.956061        0.960561
20             0.962344              0.956061        0.960561
12             0.962344              0.956061        0.960561
10             0.962344              0.956061        0.960561
24             0.962344              0.956061        0.960561
16             0.962344              0.956061        0.960561
18             0.962344              0.956061        0.960561
22             0.962344              0.956061        0.960561
53             0.641764              0.900000        0.552833
43             0.641764              0.900000        0.552833
33             0.641764              0.900000        0.552833
23             0.613732              0.500000        0.517549
13             0.599746              0.000000        0.500000
7              0.599746              0.000000        0.500000
5              0.599746              0.000000        0.500000
9              0.599746              0.000000        0.500000
57             0.599746              0.000000        0.500000
3              0.599746              0.000000        0.500000
49             0.599746              0.000000        0.500000
55             0.599746              0.000000        0.500000
27             0.599746              0.000000        0.500000
47             0.599746              0.000000        0.500000
45             0.599746              0.000000        0.500000
15             0.599746              0.000000        0.500000
25             0.599746              0.000000        0.500000
17             0.599746              0.000000        0.500000
39             0.599746              0.000000        0.500000
19             0.599746              0.000000        0.500000
37             0.599746              0.000000        0.500000
35             0.599746              0.000000        0.500000
1              0.599746              0.000000        0.500000
29             0.599746              0.000000        0.500000
59             0.599746              0.000000        0.500000
2023-05-29 08:04:14,826 [INFO] Best model :
SVC(C=0.1, gamma=0.01, random_state=42)
2023-05-29 08:04:14,954 [INFO] Save train_prediction_log data...
2023-05-29 08:04:14,959 [INFO] {'Data': 'train', 'ACC': '0.84 (599 / 717)', 'TP': 169, 'FP': 0, 'FN': 118, 'TN': 430, 'Precision': '1.0 (169 / 169 + 0)', 'Recall': '0.59 (169 / 169 + 118)', 'F1': '0.74 (2 * (0.59 * 1.0) / 0.59 + 1.0)', 'Specificity': '1.0 (430 / 430 + 0)', 'AUC': 0.79, 'r2': 0.31}
2023-05-29 08:04:14,996 [INFO] Save valid_prediction_log data...
2023-05-29 08:04:14,999 [INFO] {'Data': 'valid', 'ACC': '0.84 (152 / 180)', 'TP': 44, 'FP': 0, 'FN': 28, 'TN': 108, 'Precision': '1.0 (44 / 44 + 0)', 'Recall': '0.61 (44 / 44 + 28)', 'F1': '0.76 (2 * (0.61 * 1.0) / 0.61 + 1.0)', 'Specificity': '1.0 (108 / 108 + 0)', 'AUC': 0.81, 'r2': 0.35}
2023-05-29 08:04:15,051 [INFO] Save test_prediction_log data...
2023-05-29 08:04:15,054 [INFO] {'Data': 'test', 'ACC': '0.61 (109 / 180)', 'TP': 5, 'FP': 4, 'FN': 67, 'TN': 104, 'Precision': '0.56 (5 / 5 + 4)', 'Recall': '0.07 (5 / 5 + 67)', 'F1': '0.12 (2 * (0.07 * 0.56) / 0.07 + 0.56)', 'Specificity': '0.96 (104 / 104 + 4)', 'AUC': 0.52, 'r2': -0.64}
2023-05-29 08:04:15,058 [INFO] Save training_log data...
2023-05-29 08:04:15,483 [INFO] Save score_log data...
2023-05-29 08:04:15,484 [INFO] Time : 18.72699213027954
