2023-05-28 23:30:51,191 [INFO] Train data : Vary_params\DUD-E\KPCB\nG1_20\ECFP4_256bits\Robust\KPCB_train_vector.tsv
2023-05-28 23:30:51,191 [INFO] Valid data : Vary_params\DUD-E\KPCB\nG1_20\ECFP4_256bits\Robust\KPCB_valid_vector.tsv
2023-05-28 23:30:51,191 [INFO] Output path : Vary_params\DUD-E\KPCB\nG1_20\ECFP4_256bits\Robust\KPCB_model\MLP
2023-05-28 23:30:51,191 [INFO] Model type : MLP
2023-05-28 23:30:51,191 [INFO] Use cores : 11
2023-05-28 23:30:51,208 [INFO] Start Learning model
2023-05-28 23:30:51,208 [INFO] Train : 198 | Valid : 42
2023-05-28 23:30:51,208 [INFO] Set parameters : {'hidden_layer_sizes': [(50,), (100,), (50, 50), (100, 100)], 'learning_rate': ['constant', 'invscaling', 'adaptive'], 'activation': ['relu', 'identity', 'logistic', 'tanh'], 'solver': ['adam', 'sgd', 'lbfgs'], 'alpha': [0.1, 0.01, 0.001], 'max_iter': [500, 1000], 'early_stopping': [True]}
2023-05-28 23:33:45,448 [INFO] GridSearchCV results :
     mean_valid_accuracy  mean_valid_precision  mean_valid_auc
573             0.885000              0.953889        0.884899
558             0.885000              0.953889        0.884899
642             0.885000              0.953889        0.884899
639             0.885000              0.953889        0.884899
636             0.885000              0.953889        0.884899
..                   ...                   ...             ...
628             0.445263              0.280952        0.437576
481             0.445263              0.280952        0.437576
553             0.445263              0.280952        0.437576
484             0.445263              0.280952        0.437576
556             0.445263              0.280952        0.437576

[864 rows x 3 columns]
2023-05-28 23:33:45,450 [INFO] Best model :
MLPClassifier(activation='logistic', alpha=0.01, early_stopping=True,
              hidden_layer_sizes=(100, 100), max_iter=500, random_state=42)
2023-05-28 23:33:45,458 [INFO] Save train_prediction_log data...
2023-05-28 23:33:45,462 [INFO] {'Data': 'train', 'ACC': '0.89 (176 / 198)', 'TP': 75, 'FP': 0, 'FN': 22, 'TN': 101, 'Precision': '1.0 (75 / 75 + 0)', 'Recall': '0.77 (75 / 75 + 22)', 'F1': '0.87 (2 * (0.77 * 1.0) / 0.77 + 1.0)', 'Specificity': '1.0 (101 / 101 + 0)', 'AUC': 0.89, 'r2': 0.56}
2023-05-28 23:33:45,467 [INFO] Save valid_prediction_log data...
2023-05-28 23:33:45,470 [INFO] {'Data': 'valid', 'ACC': '0.95 (40 / 42)', 'TP': 15, 'FP': 0, 'FN': 2, 'TN': 25, 'Precision': '1.0 (15 / 15 + 0)', 'Recall': '0.88 (15 / 15 + 2)', 'F1': '0.94 (2 * (0.88 * 1.0) / 0.88 + 1.0)', 'Specificity': '1.0 (25 / 25 + 0)', 'AUC': 0.94, 'r2': 0.8}
2023-05-28 23:33:45,482 [INFO] Save test_prediction_log data...
2023-05-28 23:33:45,493 [INFO] {'Data': 'test', 'ACC': '0.64 (27 / 42)', 'TP': 3, 'FP': 1, 'FN': 14, 'TN': 24, 'Precision': '0.75 (3 / 3 + 1)', 'Recall': '0.18 (3 / 3 + 14)', 'F1': '0.29 (2 * (0.18 * 0.75) / 0.18 + 0.75)', 'Specificity': '0.96 (24 / 24 + 1)', 'AUC': 0.57, 'r2': -0.48}
2023-05-28 23:33:45,497 [INFO] Save training_log data...
2023-05-28 23:33:45,505 [INFO] Save score_log data...
2023-05-28 23:33:45,507 [INFO] Time : 174.31537222862244
