2023-05-28 11:05:23,729 [INFO] Train data : AF_Baseline\DUD-E\TGFR1\ECFP4_256bits\Robust\TGFR1_train.tsv
2023-05-28 11:05:23,729 [INFO] Valid data : AF_Baseline\DUD-E\TGFR1\ECFP4_256bits\Robust\TGFR1_valid.tsv
2023-05-28 11:05:23,729 [INFO] Output path : AF_Baseline\DUD-E\TGFR1\ECFP4_256bits\Robust\TGFR1_model\RF
2023-05-28 11:05:23,729 [INFO] Model type : RF
2023-05-28 11:05:23,729 [INFO] Use cores : 12
2023-05-28 11:05:23,750 [INFO] Start Learning model
2023-05-28 11:05:23,750 [INFO] Train : 164 | Valid : 41
2023-05-28 11:05:23,750 [INFO] Set parameters : {'max_depth': [6, 8, 10, 12], 'max_features': ['sqrt', 'log2'], 'min_samples_leaf': [2, 4, 8, 10], 'min_samples_split': [2, 4, 8, 10], 'n_estimators': [200, 600, 1000]}
2023-05-28 11:08:31,922 [INFO] GridSearchCV results :
     mean_valid_accuracy  mean_valid_precision  mean_valid_auc
0               0.988235              1.000000        0.985714
180             0.969485              1.000000        0.961905
186             0.969485              1.000000        0.961905
189             0.969485              1.000000        0.961905
1               0.988235              1.000000        0.985714
..                   ...                   ...             ...
33              0.957353              0.970833        0.951905
312             0.957353              0.970833        0.951905
315             0.957353              0.970833        0.951905
318             0.957353              0.970833        0.951905
123             0.957353              0.970833        0.951905

[384 rows x 3 columns]
2023-05-28 11:08:31,924 [INFO] Best model :
RandomForestClassifier(class_weight='balanced', max_depth=6, min_samples_leaf=2,
                       n_estimators=200, random_state=42)
2023-05-28 11:08:31,935 [INFO] Save train_prediction_log data...
2023-05-28 11:08:31,938 [INFO] {'Data': 'train', 'ACC': '1.0 (164 / 164)', 'TP': 66, 'FP': 0, 'FN': 0, 'TN': 98, 'Precision': '1.0 (66 / 66 + 0)', 'Recall': '1.0 (66 / 66 + 0)', 'F1': '1.0 (2 * (1.0 * 1.0) / 1.0 + 1.0)', 'Specificity': '1.0 (98 / 98 + 0)', 'AUC': 1.0, 'r2': 1.0}
2023-05-28 11:08:31,947 [INFO] Save valid_prediction_log data...
2023-05-28 11:08:31,949 [INFO] {'Data': 'valid', 'ACC': '1.0 (41 / 41)', 'TP': 16, 'FP': 0, 'FN': 0, 'TN': 25, 'Precision': '1.0 (16 / 16 + 0)', 'Recall': '1.0 (16 / 16 + 0)', 'F1': '1.0 (2 * (1.0 * 1.0) / 1.0 + 1.0)', 'Specificity': '1.0 (25 / 25 + 0)', 'AUC': 1.0, 'r2': 1.0}
2023-05-28 11:08:31,966 [INFO] Save test_prediction_log data...
2023-05-28 11:08:31,968 [INFO] {'Data': 'test', 'ACC': '0.68 (28 / 41)', 'TP': 7, 'FP': 4, 'FN': 9, 'TN': 21, 'Precision': '0.64 (7 / 7 + 4)', 'Recall': '0.44 (7 / 7 + 9)', 'F1': '0.52 (2 * (0.44 * 0.64) / 0.44 + 0.64)', 'Specificity': '0.84 (21 / 21 + 4)', 'AUC': 0.64, 'r2': -0.33}
2023-05-28 11:08:31,999 [INFO] Save training_log data...
2023-05-28 11:08:32,001 [INFO] Save score_log data...
2023-05-28 11:08:32,002 [INFO] Time : 188.2737898826599
