2023-05-29 00:30:25,956 [INFO] Train data : Vary_params_FGFR1\DUD-E\FGFR1\nG1_80\ECFP4_256bits\Robust\FGFR1_train_vector.tsv
2023-05-29 00:30:25,956 [INFO] Valid data : Vary_params_FGFR1\DUD-E\FGFR1\nG1_80\ECFP4_256bits\Robust\FGFR1_valid_vector.tsv
2023-05-29 00:30:25,956 [INFO] Output path : Vary_params_FGFR1\DUD-E\FGFR1\nG1_80\ECFP4_256bits\Robust\FGFR1_model\SVM
2023-05-29 00:30:25,957 [INFO] Model type : SVM
2023-05-29 00:30:25,957 [INFO] Use cores : 10
2023-05-29 00:30:25,970 [INFO] Start Learning model
2023-05-29 00:30:25,971 [INFO] Train : 143 | Valid : 43
2023-05-29 00:30:25,971 [INFO] Set parameters : {'kernel': ['linear', 'rbf'], 'C': [0.01, 0.1, 1, 10, 100, 1000], 'gamma': [0.01, 0.1, 1, 100, 1000]}
2023-05-29 00:30:32,291 [INFO] GridSearchCV results :
    mean_valid_accuracy  mean_valid_precision  mean_valid_auc
0              0.979524                  0.98            0.97
20             0.979524                  0.98            0.97
24             0.979524                  0.98            0.97
26             0.979524                  0.98            0.97
28             0.979524                  0.98            0.97
32             0.979524                  0.98            0.97
34             0.979524                  0.98            0.97
36             0.979524                  0.98            0.97
38             0.979524                  0.98            0.97
40             0.979524                  0.98            0.97
42             0.979524                  0.98            0.97
44             0.979524                  0.98            0.97
46             0.979524                  0.98            0.97
48             0.979524                  0.98            0.97
50             0.979524                  0.98            0.97
52             0.979524                  0.98            0.97
54             0.979524                  0.98            0.97
56             0.979524                  0.98            0.97
58             0.979524                  0.98            0.97
22             0.979524                  0.98            0.97
30             0.979524                  0.98            0.97
10             0.979524                  0.98            0.97
2              0.979524                  0.98            0.97
18             0.979524                  0.98            0.97
8              0.979524                  0.98            0.97
16             0.979524                  0.98            0.97
4              0.979524                  0.98            0.97
12             0.979524                  0.98            0.97
6              0.979524                  0.98            0.97
14             0.979524                  0.98            0.97
49             0.727143                  0.00            0.50
9              0.727143                  0.00            0.50
45             0.727143                  0.00            0.50
47             0.727143                  0.00            0.50
7              0.727143                  0.00            0.50
21             0.727143                  0.00            0.50
43             0.727143                  0.00            0.50
5              0.727143                  0.00            0.50
53             0.727143                  0.00            0.50
55             0.727143                  0.00            0.50
3              0.727143                  0.00            0.50
57             0.727143                  0.00            0.50
51             0.727143                  0.00            0.50
11             0.727143                  0.00            0.50
41             0.727143                  0.00            0.50
19             0.727143                  0.00            0.50
39             0.727143                  0.00            0.50
37             0.727143                  0.00            0.50
13             0.727143                  0.00            0.50
35             0.727143                  0.00            0.50
33             0.727143                  0.00            0.50
15             0.727143                  0.00            0.50
31             0.727143                  0.00            0.50
1              0.727143                  0.00            0.50
29             0.727143                  0.00            0.50
27             0.727143                  0.00            0.50
17             0.727143                  0.00            0.50
25             0.727143                  0.00            0.50
23             0.727143                  0.00            0.50
59             0.727143                  0.00            0.50
2023-05-29 00:30:32,292 [INFO] Best model :
SVC(C=0.01, gamma=0.01, kernel='linear', random_state=42)
2023-05-29 00:30:32,297 [INFO] Save train_prediction_log data...
2023-05-29 00:30:32,301 [INFO] {'Data': 'train', 'ACC': '1.0 (143 / 143)', 'TP': 39, 'FP': 0, 'FN': 0, 'TN': 104, 'Precision': '1.0 (39 / 39 + 0)', 'Recall': '1.0 (39 / 39 + 0)', 'F1': '1.0 (2 * (1.0 * 1.0) / 1.0 + 1.0)', 'Specificity': '1.0 (104 / 104 + 0)', 'AUC': 1.0, 'r2': 1.0}
2023-05-29 00:30:32,305 [INFO] Save valid_prediction_log data...
2023-05-29 00:30:32,308 [INFO] {'Data': 'valid', 'ACC': '0.95 (41 / 43)', 'TP': 17, 'FP': 2, 'FN': 0, 'TN': 24, 'Precision': '0.89 (17 / 17 + 2)', 'Recall': '1.0 (17 / 17 + 0)', 'F1': '0.94 (2 * (1.0 * 0.89) / 1.0 + 0.89)', 'Specificity': '0.92 (24 / 24 + 2)', 'AUC': 0.96, 'r2': 0.81}
2023-05-29 00:30:32,324 [INFO] Save test_prediction_log data...
2023-05-29 00:30:32,327 [INFO] {'Data': 'test', 'ACC': '0.6 (26 / 43)', 'TP': 4, 'FP': 4, 'FN': 13, 'TN': 22, 'Precision': '0.5 (4 / 4 + 4)', 'Recall': '0.24 (4 / 4 + 13)', 'F1': '0.32 (2 * (0.24 * 0.5) / 0.24 + 0.5)', 'Specificity': '0.85 (22 / 22 + 4)', 'AUC': 0.54, 'r2': -0.65}
2023-05-29 00:30:32,330 [INFO] Save training_log data...
2023-05-29 00:30:32,331 [INFO] Save score_log data...
2023-05-29 00:30:32,332 [INFO] Time : 6.3755104541778564
