2023-05-28 21:10:07,995 [INFO] Train data : Vary_params_IGF1R_KIT\DUD-E\KIT\nG1_80\ECFP4_256bits\Robust\KIT_train_vector.tsv
2023-05-28 21:10:07,995 [INFO] Valid data : Vary_params_IGF1R_KIT\DUD-E\KIT\nG1_80\ECFP4_256bits\Robust\KIT_valid_vector.tsv
2023-05-28 21:10:07,995 [INFO] Output path : Vary_params_IGF1R_KIT\DUD-E\KIT\nG1_80\ECFP4_256bits\Robust\KIT_model\MLP
2023-05-28 21:10:07,995 [INFO] Model type : MLP
2023-05-28 21:10:07,995 [INFO] Use cores : 10
2023-05-28 21:10:08,009 [INFO] Start Learning model
2023-05-28 21:10:08,009 [INFO] Train : 202 | Valid : 58
2023-05-28 21:10:08,010 [INFO] Set parameters : {'hidden_layer_sizes': [(50,), (100,), (50, 50), (100, 100)], 'learning_rate': ['constant', 'invscaling', 'adaptive'], 'activation': ['relu', 'identity', 'logistic', 'tanh'], 'solver': ['adam', 'sgd', 'lbfgs'], 'alpha': [0.1, 0.01, 0.001], 'max_iter': [500, 1000], 'early_stopping': [True]}
2023-05-28 21:13:05,337 [INFO] GridSearchCV results :
     mean_valid_accuracy  mean_valid_precision  mean_valid_auc
632             0.955476              0.960714        0.942857
641             0.955476              0.960714        0.942857
539             0.965476              0.960714        0.959524
536             0.965476              0.960714        0.959524
533             0.965476              0.960714        0.959524
..                   ...                   ...             ...
612             0.688333              0.000000        0.500000
471             0.688333              0.000000        0.500000
549             0.688333              0.000000        0.500000
552             0.688333              0.000000        0.500000
480             0.688333              0.000000        0.500000

[864 rows x 3 columns]
2023-05-28 21:13:05,338 [INFO] Best model :
MLPClassifier(activation='logistic', alpha=0.01, early_stopping=True,
              max_iter=500, random_state=42, solver='lbfgs')
2023-05-28 21:13:05,343 [INFO] Save train_prediction_log data...
2023-05-28 21:13:05,346 [INFO] {'Data': 'train', 'ACC': '1.0 (202 / 202)', 'TP': 63, 'FP': 0, 'FN': 0, 'TN': 139, 'Precision': '1.0 (63 / 63 + 0)', 'Recall': '1.0 (63 / 63 + 0)', 'F1': '1.0 (2 * (1.0 * 1.0) / 1.0 + 1.0)', 'Specificity': '1.0 (139 / 139 + 0)', 'AUC': 1.0, 'r2': 1.0}
2023-05-28 21:13:05,350 [INFO] Save valid_prediction_log data...
2023-05-28 21:13:05,352 [INFO] {'Data': 'valid', 'ACC': '0.95 (55 / 58)', 'TP': 21, 'FP': 1, 'FN': 2, 'TN': 34, 'Precision': '0.95 (21 / 21 + 1)', 'Recall': '0.91 (21 / 21 + 2)', 'F1': '0.93 (2 * (0.91 * 0.95) / 0.91 + 0.95)', 'Specificity': '0.97 (34 / 34 + 1)', 'AUC': 0.94, 'r2': 0.78}
2023-05-28 21:13:05,361 [INFO] Save test_prediction_log data...
2023-05-28 21:13:05,362 [INFO] {'Data': 'test', 'ACC': '0.62 (36 / 58)', 'TP': 9, 'FP': 8, 'FN': 14, 'TN': 27, 'Precision': '0.53 (9 / 9 + 8)', 'Recall': '0.39 (9 / 9 + 14)', 'F1': '0.45 (2 * (0.39 * 0.53) / 0.39 + 0.53)', 'Specificity': '0.77 (27 / 27 + 8)', 'AUC': 0.58, 'r2': -0.59}
2023-05-28 21:13:05,364 [INFO] Save training_log data...
2023-05-28 21:13:05,369 [INFO] Save score_log data...
2023-05-28 21:13:05,369 [INFO] Time : 177.3732624053955
