2023-05-29 05:25:25,264 [INFO] Train data : Vary_params_SH\DUD-E\TGFR1\nG1_80\ECFP6_256bits\Standard\TGFR1_train_vector.tsv
2023-05-29 05:25:25,264 [INFO] Valid data : Vary_params_SH\DUD-E\TGFR1\nG1_80\ECFP6_256bits\Standard\TGFR1_valid_vector.tsv
2023-05-29 05:25:25,264 [INFO] Output path : Vary_params_SH\DUD-E\TGFR1\nG1_80\ECFP6_256bits\Standard\TGFR1_model\MLP
2023-05-29 05:25:25,264 [INFO] Model type : MLP
2023-05-29 05:25:25,264 [INFO] Use cores : 3
2023-05-29 05:25:25,294 [INFO] Start Learning model
2023-05-29 05:25:25,294 [INFO] Train : 134 | Valid : 41
2023-05-29 05:25:25,294 [INFO] Set parameters : {'hidden_layer_sizes': [(50,), (100,), (50, 50), (100, 100)], 'learning_rate': ['constant', 'invscaling', 'adaptive'], 'activation': ['relu', 'identity', 'logistic', 'tanh'], 'solver': ['adam', 'sgd', 'lbfgs'], 'alpha': [0.1, 0.01, 0.001], 'max_iter': [500, 1000], 'early_stopping': [True]}
2023-05-29 05:30:00,260 [INFO] GridSearchCV results :
     mean_valid_accuracy  mean_valid_precision  mean_valid_auc
284             0.948901                   1.0        0.912500
227             0.963736                   1.0        0.937500
221             0.963736                   1.0        0.937500
266             0.948901                   1.0        0.912500
269             0.948901                   1.0        0.912500
..                   ...                   ...             ...
595             0.731868                   0.0        0.500000
598             0.731868                   0.0        0.500000
492             0.731868                   0.0        0.500000
495             0.731868                   0.0        0.500000
547             0.693407                   0.0        0.474444

[864 rows x 3 columns]
2023-05-29 05:30:00,261 [INFO] Best model :
MLPClassifier(activation='identity', alpha=0.1, early_stopping=True,
              hidden_layer_sizes=(50,), max_iter=500, random_state=42,
              solver='lbfgs')
2023-05-29 05:30:00,267 [INFO] Save train_prediction_log data...
2023-05-29 05:30:00,271 [INFO] {'Data': 'train', 'ACC': '1.0 (134 / 134)', 'TP': 36, 'FP': 0, 'FN': 0, 'TN': 98, 'Precision': '1.0 (36 / 36 + 0)', 'Recall': '1.0 (36 / 36 + 0)', 'F1': '1.0 (2 * (1.0 * 1.0) / 1.0 + 1.0)', 'Specificity': '1.0 (98 / 98 + 0)', 'AUC': 1.0, 'r2': 1.0}
2023-05-29 05:30:00,277 [INFO] Save valid_prediction_log data...
2023-05-29 05:30:00,280 [INFO] {'Data': 'valid', 'ACC': '1.0 (41 / 41)', 'TP': 16, 'FP': 0, 'FN': 0, 'TN': 25, 'Precision': '1.0 (16 / 16 + 0)', 'Recall': '1.0 (16 / 16 + 0)', 'F1': '1.0 (2 * (1.0 * 1.0) / 1.0 + 1.0)', 'Specificity': '1.0 (25 / 25 + 0)', 'AUC': 1.0, 'r2': 1.0}
2023-05-29 05:30:00,297 [INFO] Save test_prediction_log data...
2023-05-29 05:30:00,300 [INFO] {'Data': 'test', 'ACC': '0.61 (25 / 41)', 'TP': 5, 'FP': 5, 'FN': 11, 'TN': 20, 'Precision': '0.5 (5 / 5 + 5)', 'Recall': '0.31 (5 / 5 + 11)', 'F1': '0.38 (2 * (0.31 * 0.5) / 0.31 + 0.5)', 'Specificity': '0.8 (20 / 20 + 5)', 'AUC': 0.56, 'r2': -0.64}
2023-05-29 05:30:00,303 [INFO] Save training_log data...
2023-05-29 05:30:00,310 [INFO] Save score_log data...
2023-05-29 05:30:00,311 [INFO] Time : 275.04660964012146
