2023-05-26 20:22:51,792 [INFO] Train data : Vary_params\DUD-E\AKT1\nG1_50\ECFP4_256bits\Standard\AKT1_train_vector.tsv
2023-05-26 20:22:51,792 [INFO] Valid data : Vary_params\DUD-E\AKT1\nG1_50\ECFP4_256bits\Standard\AKT1_valid_vector.tsv
2023-05-26 20:22:51,792 [INFO] Output path : Vary_params\DUD-E\AKT1\nG1_50\ECFP4_256bits\Standard\AKT1_model\MLP
2023-05-26 20:22:51,792 [INFO] Model type : MLP
2023-05-26 20:22:51,792 [INFO] Use cores : 11
2023-05-26 20:22:51,830 [INFO] Start Learning model
2023-05-26 20:22:51,830 [INFO] Train : 481 | Valid : 120
2023-05-26 20:22:51,830 [INFO] Set parameters : {'hidden_layer_sizes': [(50,), (100,), (50, 50), (100, 100)], 'learning_rate': ['constant', 'invscaling', 'adaptive'], 'activation': ['relu', 'identity', 'logistic', 'tanh'], 'solver': ['adam', 'sgd', 'lbfgs'], 'alpha': [0.1, 0.01, 0.001], 'max_iter': [500, 1000], 'early_stopping': [True]}
2023-05-26 20:26:39,662 [INFO] GridSearchCV results :
     mean_valid_accuracy  mean_valid_precision  mean_valid_auc
642             0.942007              0.989737        0.929578
564             0.942007              0.989737        0.929578
633             0.942007              0.989737        0.929578
636             0.942007              0.989737        0.929578
573             0.942007              0.989737        0.929578
..                   ...                   ...             ...
610             0.600850              0.000000        0.500000
538             0.600850              0.000000        0.500000
457             0.600850              0.000000        0.500000
540             0.600850              0.000000        0.500000
535             0.600850              0.000000        0.500000

[864 rows x 3 columns]
2023-05-26 20:26:39,664 [INFO] Best model :
MLPClassifier(activation='logistic', alpha=0.01, early_stopping=True,
              hidden_layer_sizes=(100, 100), max_iter=500, random_state=42)
2023-05-26 20:26:39,676 [INFO] Save train_prediction_log data...
2023-05-26 20:26:39,681 [INFO] {'Data': 'train', 'ACC': '1.0 (480 / 481)', 'TP': 191, 'FP': 0, 'FN': 1, 'TN': 289, 'Precision': '1.0 (191 / 191 + 0)', 'Recall': '0.99 (191 / 191 + 1)', 'F1': '0.99 (2 * (0.99 * 1.0) / 0.99 + 1.0)', 'Specificity': '1.0 (289 / 289 + 0)', 'AUC': 1.0, 'r2': 0.99}
2023-05-26 20:26:39,687 [INFO] Save valid_prediction_log data...
2023-05-26 20:26:39,689 [INFO] {'Data': 'valid', 'ACC': '0.99 (119 / 120)', 'TP': 48, 'FP': 1, 'FN': 0, 'TN': 71, 'Precision': '0.98 (48 / 48 + 1)', 'Recall': '1.0 (48 / 48 + 0)', 'F1': '0.99 (2 * (1.0 * 0.98) / 1.0 + 0.98)', 'Specificity': '0.99 (71 / 71 + 1)', 'AUC': 0.99, 'r2': 0.97}
2023-05-26 20:26:39,708 [INFO] Save test_prediction_log data...
2023-05-26 20:26:39,718 [INFO] {'Data': 'test', 'ACC': '0.66 (79 / 120)', 'TP': 21, 'FP': 14, 'FN': 27, 'TN': 58, 'Precision': '0.6 (21 / 21 + 14)', 'Recall': '0.44 (21 / 21 + 27)', 'F1': '0.51 (2 * (0.44 * 0.6) / 0.44 + 0.6)', 'Specificity': '0.81 (58 / 58 + 14)', 'AUC': 0.62, 'r2': -0.42}
2023-05-26 20:26:39,722 [INFO] Save training_log data...
2023-05-26 20:26:39,728 [INFO] Save score_log data...
2023-05-26 20:26:39,729 [INFO] Time : 227.93732976913452
