2023-05-27 21:22:57,187 [INFO] Train data : Vary_params_CDK2_EGFR_LCK\DUD-E\CDK2\nG1_50\ECFP4_512bits\MinMax\CDK2_train_vector.tsv
2023-05-27 21:22:57,187 [INFO] Valid data : Vary_params_CDK2_EGFR_LCK\DUD-E\CDK2\nG1_50\ECFP4_512bits\MinMax\CDK2_valid_vector.tsv
2023-05-27 21:22:57,187 [INFO] Output path : Vary_params_CDK2_EGFR_LCK\DUD-E\CDK2\nG1_50\ECFP4_512bits\MinMax\CDK2_model\MLP
2023-05-27 21:22:57,187 [INFO] Model type : MLP
2023-05-27 21:22:57,187 [INFO] Use cores : 19
2023-05-27 21:22:57,220 [INFO] Start Learning model
2023-05-27 21:22:57,221 [INFO] Train : 848 | Valid : 212
2023-05-27 21:22:57,221 [INFO] Set parameters : {'hidden_layer_sizes': [(50,), (100,), (50, 50), (100, 100)], 'learning_rate': ['constant', 'invscaling', 'adaptive'], 'activation': ['relu', 'identity', 'logistic', 'tanh'], 'solver': ['adam', 'sgd', 'lbfgs'], 'alpha': [0.1, 0.01, 0.001], 'max_iter': [500, 1000], 'early_stopping': [True]}
2023-05-27 21:29:42,815 [INFO] GridSearchCV results :
     mean_valid_accuracy  mean_valid_precision  mean_valid_auc
642             0.913894              0.958334        0.899421
645             0.913894              0.958334        0.899421
636             0.913894              0.958334        0.899421
633             0.913894              0.958334        0.899421
630             0.913894              0.958334        0.899421
..                   ...                   ...             ...
49              0.599062              0.000000        0.499020
574             0.600238              0.000000        0.500000
451             0.600238              0.000000        0.500000
46              0.599062              0.000000        0.499020
469             0.600238              0.000000        0.500000

[864 rows x 3 columns]
2023-05-27 21:29:42,816 [INFO] Best model :
MLPClassifier(activation='logistic', alpha=0.01, early_stopping=True,
              hidden_layer_sizes=(100, 100), max_iter=500, random_state=42)
2023-05-27 21:29:42,831 [INFO] Save train_prediction_log data...
2023-05-27 21:29:42,834 [INFO] {'Data': 'train', 'ACC': '0.99 (838 / 848)', 'TP': 336, 'FP': 7, 'FN': 3, 'TN': 502, 'Precision': '0.98 (336 / 336 + 7)', 'Recall': '0.99 (336 / 336 + 3)', 'F1': '0.98 (2 * (0.99 * 0.98) / 0.99 + 0.98)', 'Specificity': '0.99 (502 / 502 + 7)', 'AUC': 0.99, 'r2': 0.95}
2023-05-27 21:29:42,840 [INFO] Save valid_prediction_log data...
2023-05-27 21:29:42,842 [INFO] {'Data': 'valid', 'ACC': '0.94 (200 / 212)', 'TP': 85, 'FP': 12, 'FN': 0, 'TN': 115, 'Precision': '0.88 (85 / 85 + 12)', 'Recall': '1.0 (85 / 85 + 0)', 'F1': '0.94 (2 * (1.0 * 0.88) / 1.0 + 0.88)', 'Specificity': '0.91 (115 / 115 + 12)', 'AUC': 0.95, 'r2': 0.76}
2023-05-27 21:29:42,860 [INFO] Save test_prediction_log data...
2023-05-27 21:29:42,862 [INFO] {'Data': 'test', 'ACC': '0.49 (104 / 212)', 'TP': 63, 'FP': 86, 'FN': 22, 'TN': 41, 'Precision': '0.42 (63 / 63 + 86)', 'Recall': '0.74 (63 / 63 + 22)', 'F1': '0.54 (2 * (0.74 * 0.42) / 0.74 + 0.42)', 'Specificity': '0.32 (41 / 41 + 86)', 'AUC': 0.53, 'r2': -1.12}
2023-05-27 21:29:42,864 [INFO] Save training_log data...
2023-05-27 21:29:42,870 [INFO] Save score_log data...
2023-05-27 21:29:42,870 [INFO] Time : 405.6829833984375
