2023-05-28 14:27:26,139 [INFO] Train data : Vary_params_VGFR2\DUD-E\VGFR2\nG1_20\ECFP4_256bits\Robust\VGFR2_train_vector.tsv
2023-05-28 14:27:26,139 [INFO] Valid data : Vary_params_VGFR2\DUD-E\VGFR2\nG1_20\ECFP4_256bits\Robust\VGFR2_valid_vector.tsv
2023-05-28 14:27:26,139 [INFO] Output path : Vary_params_VGFR2\DUD-E\VGFR2\nG1_20\ECFP4_256bits\Robust\VGFR2_model\SVM
2023-05-28 14:27:26,140 [INFO] Model type : SVM
2023-05-28 14:27:26,140 [INFO] Use cores : 18
2023-05-28 14:27:26,174 [INFO] Start Learning model
2023-05-28 14:27:26,175 [INFO] Train : 747 | Valid : 180
2023-05-28 14:27:26,175 [INFO] Set parameters : {'kernel': ['linear', 'rbf'], 'C': [0.01, 0.1, 1, 10, 100, 1000], 'gamma': [0.01, 0.1, 1, 100, 1000]}
2023-05-28 14:27:33,062 [INFO] GridSearchCV results :
    mean_valid_accuracy  mean_valid_precision  mean_valid_auc
0              0.859279              0.821972        0.858563
20             0.859279              0.821972        0.858563
24             0.859279              0.821972        0.858563
26             0.859279              0.821972        0.858563
28             0.859279              0.821972        0.858563
32             0.859279              0.821972        0.858563
34             0.859279              0.821972        0.858563
36             0.859279              0.821972        0.858563
38             0.859279              0.821972        0.858563
40             0.859279              0.821972        0.858563
42             0.859279              0.821972        0.858563
44             0.859279              0.821972        0.858563
46             0.859279              0.821972        0.858563
48             0.859279              0.821972        0.858563
50             0.859279              0.821972        0.858563
52             0.859279              0.821972        0.858563
54             0.859279              0.821972        0.858563
56             0.859279              0.821972        0.858563
58             0.859279              0.821972        0.858563
22             0.859279              0.821972        0.858563
30             0.859279              0.821972        0.858563
10             0.859279              0.821972        0.858563
2              0.859279              0.821972        0.858563
18             0.859279              0.821972        0.858563
8              0.859279              0.821972        0.858563
16             0.859279              0.821972        0.858563
4              0.859279              0.821972        0.858563
12             0.859279              0.821972        0.858563
6              0.859279              0.821972        0.858563
14             0.859279              0.821972        0.858563
49             0.575658              0.000000        0.500000
9              0.575658              0.000000        0.500000
45             0.575658              0.000000        0.500000
47             0.575658              0.000000        0.500000
7              0.575658              0.000000        0.500000
21             0.575658              0.000000        0.500000
43             0.575658              0.000000        0.500000
5              0.575658              0.000000        0.500000
53             0.575658              0.000000        0.500000
55             0.575658              0.000000        0.500000
3              0.575658              0.000000        0.500000
57             0.575658              0.000000        0.500000
51             0.575658              0.000000        0.500000
11             0.575658              0.000000        0.500000
41             0.575658              0.000000        0.500000
19             0.575658              0.000000        0.500000
39             0.575658              0.000000        0.500000
37             0.575658              0.000000        0.500000
13             0.575658              0.000000        0.500000
35             0.575658              0.000000        0.500000
33             0.575658              0.000000        0.500000
15             0.575658              0.000000        0.500000
31             0.575658              0.000000        0.500000
1              0.575658              0.000000        0.500000
29             0.575658              0.000000        0.500000
27             0.575658              0.000000        0.500000
17             0.575658              0.000000        0.500000
25             0.575658              0.000000        0.500000
23             0.575658              0.000000        0.500000
59             0.575658              0.000000        0.500000
2023-05-28 14:27:33,063 [INFO] Best model :
SVC(C=0.01, gamma=0.01, kernel='linear', random_state=42)
2023-05-28 14:27:33,078 [INFO] Save train_prediction_log data...
2023-05-28 14:27:33,083 [INFO] {'Data': 'train', 'ACC': '1.0 (747 / 747)', 'TP': 317, 'FP': 0, 'FN': 0, 'TN': 430, 'Precision': '1.0 (317 / 317 + 0)', 'Recall': '1.0 (317 / 317 + 0)', 'F1': '1.0 (2 * (1.0 * 1.0) / 1.0 + 1.0)', 'Specificity': '1.0 (430 / 430 + 0)', 'AUC': 1.0, 'r2': 1.0}
2023-05-28 14:27:33,088 [INFO] Save valid_prediction_log data...
2023-05-28 14:27:33,091 [INFO] {'Data': 'valid', 'ACC': '0.87 (157 / 180)', 'TP': 68, 'FP': 19, 'FN': 4, 'TN': 89, 'Precision': '0.78 (68 / 68 + 19)', 'Recall': '0.94 (68 / 68 + 4)', 'F1': '0.85 (2 * (0.94 * 0.78) / 0.94 + 0.78)', 'Specificity': '0.82 (89 / 89 + 19)', 'AUC': 0.88, 'r2': 0.47}
2023-05-28 14:27:33,105 [INFO] Save test_prediction_log data...
2023-05-28 14:27:33,107 [INFO] {'Data': 'test', 'ACC': '0.5 (90 / 180)', 'TP': 37, 'FP': 55, 'FN': 35, 'TN': 53, 'Precision': '0.4 (37 / 37 + 55)', 'Recall': '0.51 (37 / 37 + 35)', 'F1': '0.45 (2 * (0.51 * 0.4) / 0.51 + 0.4)', 'Specificity': '0.49 (53 / 53 + 55)', 'AUC': 0.5, 'r2': -1.08}
2023-05-28 14:27:33,109 [INFO] Save training_log data...
2023-05-28 14:27:33,111 [INFO] Save score_log data...
2023-05-28 14:27:33,112 [INFO] Time : 6.973374366760254
