2023-05-29 04:12:20,076 [INFO] Train data : Vary_params_VGFR2\DUD-E\VGFR2\nG1_50\ECFP6_256bits\Standard\VGFR2_train_vector.tsv
2023-05-29 04:12:20,077 [INFO] Valid data : Vary_params_VGFR2\DUD-E\VGFR2\nG1_50\ECFP6_256bits\Standard\VGFR2_valid_vector.tsv
2023-05-29 04:12:20,077 [INFO] Output path : Vary_params_VGFR2\DUD-E\VGFR2\nG1_50\ECFP6_256bits\Standard\VGFR2_model\RF
2023-05-29 04:12:20,077 [INFO] Model type : RF
2023-05-29 04:12:20,077 [INFO] Use cores : 18
2023-05-29 04:12:20,136 [INFO] Start Learning model
2023-05-29 04:12:20,136 [INFO] Train : 717 | Valid : 180
2023-05-29 04:12:20,136 [INFO] Set parameters : {'max_depth': [6, 8, 10, 12], 'max_features': ['sqrt', 'log2'], 'min_samples_leaf': [2, 4, 8, 10], 'min_samples_split': [2, 4, 8, 10], 'n_estimators': [200, 600, 1000]}
2023-05-29 04:18:19,659 [INFO] GridSearchCV results :
     mean_valid_accuracy  mean_valid_precision  mean_valid_auc
339             0.959585              0.992725        0.950753
336             0.959585              0.992725        0.950753
150             0.954010              0.989400        0.944356
337             0.958177              0.988857        0.949590
340             0.958177              0.988857        0.949590
..                   ...                   ...             ...
228             0.937167              0.940066        0.932087
231             0.937167              0.940066        0.932087
234             0.937167              0.940066        0.932087
237             0.937167              0.940066        0.932087
324             0.937167              0.940066        0.932087

[384 rows x 3 columns]
2023-05-29 04:18:19,661 [INFO] Best model :
RandomForestClassifier(class_weight='balanced', max_depth=12,
                       max_features='log2', min_samples_leaf=2,
                       n_estimators=200, random_state=42)
2023-05-29 04:18:19,694 [INFO] Save train_prediction_log data...
2023-05-29 04:18:19,699 [INFO] {'Data': 'train', 'ACC': '1.0 (717 / 717)', 'TP': 287, 'FP': 0, 'FN': 0, 'TN': 430, 'Precision': '1.0 (287 / 287 + 0)', 'Recall': '1.0 (287 / 287 + 0)', 'F1': '1.0 (2 * (1.0 * 1.0) / 1.0 + 1.0)', 'Specificity': '1.0 (430 / 430 + 0)', 'AUC': 1.0, 'r2': 1.0}
2023-05-29 04:18:19,720 [INFO] Save valid_prediction_log data...
2023-05-29 04:18:19,723 [INFO] {'Data': 'valid', 'ACC': '1.0 (180 / 180)', 'TP': 72, 'FP': 0, 'FN': 0, 'TN': 108, 'Precision': '1.0 (72 / 72 + 0)', 'Recall': '1.0 (72 / 72 + 0)', 'F1': '1.0 (2 * (1.0 * 1.0) / 1.0 + 1.0)', 'Specificity': '1.0 (108 / 108 + 0)', 'AUC': 1.0, 'r2': 1.0}
2023-05-29 04:18:19,764 [INFO] Save test_prediction_log data...
2023-05-29 04:18:19,767 [INFO] {'Data': 'test', 'ACC': '0.58 (105 / 180)', 'TP': 19, 'FP': 22, 'FN': 53, 'TN': 86, 'Precision': '0.46 (19 / 19 + 22)', 'Recall': '0.26 (19 / 19 + 53)', 'F1': '0.33 (2 * (0.26 * 0.46) / 0.26 + 0.46)', 'Specificity': '0.8 (86 / 86 + 22)', 'AUC': 0.53, 'r2': -0.74}
2023-05-29 04:18:19,831 [INFO] Save training_log data...
2023-05-29 04:18:19,835 [INFO] Save score_log data...
2023-05-29 04:18:19,836 [INFO] Time : 359.7599060535431
