2023-05-28 14:00:32,501 [INFO] Train data : Vary_params_ABL_BRAF_FGFR1\DUD-E\ABL1\nG1_20\ECFP6_256bits\MinMax\ABL1_train_vector.tsv
2023-05-28 14:00:32,501 [INFO] Valid data : Vary_params_ABL_BRAF_FGFR1\DUD-E\ABL1\nG1_20\ECFP6_256bits\MinMax\ABL1_valid_vector.tsv
2023-05-28 14:00:32,501 [INFO] Output path : Vary_params_ABL_BRAF_FGFR1\DUD-E\ABL1\nG1_20\ECFP6_256bits\MinMax\ABL1_model\MLP
2023-05-28 14:00:32,501 [INFO] Model type : MLP
2023-05-28 14:00:32,501 [INFO] Use cores : 18
2023-05-28 14:00:32,515 [INFO] Start Learning model
2023-05-28 14:00:32,515 [INFO] Train : 294 | Valid : 66
2023-05-28 14:00:32,515 [INFO] Set parameters : {'hidden_layer_sizes': [(50,), (100,), (50, 50), (100, 100)], 'learning_rate': ['constant', 'invscaling', 'adaptive'], 'activation': ['relu', 'identity', 'logistic', 'tanh'], 'solver': ['adam', 'sgd', 'lbfgs'], 'alpha': [0.1, 0.01, 0.001], 'max_iter': [500, 1000], 'early_stopping': [True]}
2023-05-28 14:02:20,046 [INFO] GridSearchCV results :
     mean_valid_accuracy  mean_valid_precision  mean_valid_auc
642             0.885057              0.992857        0.876545
495             0.868046              0.992857        0.858139
570             0.885057              0.992857        0.876545
567             0.885057              0.992857        0.876545
564             0.885057              0.992857        0.876545
..                   ...                   ...             ...
541             0.537471              0.000000        0.500000
619             0.537471              0.000000        0.500000
622             0.537471              0.000000        0.500000
538             0.537471              0.000000        0.500000
454             0.537471              0.000000        0.500000

[864 rows x 3 columns]
2023-05-28 14:02:20,047 [INFO] Best model :
MLPClassifier(activation='logistic', alpha=0.1, early_stopping=True,
              hidden_layer_sizes=(100, 100), max_iter=500, random_state=42)
2023-05-28 14:02:20,054 [INFO] Save train_prediction_log data...
2023-05-28 14:02:20,057 [INFO] {'Data': 'train', 'ACC': '0.91 (268 / 294)', 'TP': 111, 'FP': 1, 'FN': 25, 'TN': 157, 'Precision': '0.99 (111 / 111 + 1)', 'Recall': '0.82 (111 / 111 + 25)', 'F1': '0.9 (2 * (0.82 * 0.99) / 0.82 + 0.99)', 'Specificity': '0.99 (157 / 157 + 1)', 'AUC': 0.9, 'r2': 0.64}
2023-05-28 14:02:20,060 [INFO] Save valid_prediction_log data...
2023-05-28 14:02:20,062 [INFO] {'Data': 'valid', 'ACC': '1.0 (66 / 66)', 'TP': 26, 'FP': 0, 'FN': 0, 'TN': 40, 'Precision': '1.0 (26 / 26 + 0)', 'Recall': '1.0 (26 / 26 + 0)', 'F1': '1.0 (2 * (1.0 * 1.0) / 1.0 + 1.0)', 'Specificity': '1.0 (40 / 40 + 0)', 'AUC': 1.0, 'r2': 1.0}
2023-05-28 14:02:20,071 [INFO] Save test_prediction_log data...
2023-05-28 14:02:20,073 [INFO] {'Data': 'test', 'ACC': '0.71 (47 / 66)', 'TP': 11, 'FP': 4, 'FN': 15, 'TN': 36, 'Precision': '0.73 (11 / 11 + 4)', 'Recall': '0.42 (11 / 11 + 15)', 'F1': '0.53 (2 * (0.42 * 0.73) / 0.42 + 0.73)', 'Specificity': '0.9 (36 / 36 + 4)', 'AUC': 0.66, 'r2': -0.21}
2023-05-28 14:02:20,076 [INFO] Save training_log data...
2023-05-28 14:02:20,079 [INFO] Save score_log data...
2023-05-28 14:02:20,080 [INFO] Time : 107.57940077781677
