2023-05-27 02:59:02,226 [INFO] Train data : Vary_params\DUD-E\MET\nG1_50\ECFP6_512bits\MinMax\MET_train_vector.tsv
2023-05-27 02:59:02,226 [INFO] Valid data : Vary_params\DUD-E\MET\nG1_50\ECFP6_512bits\MinMax\MET_valid_vector.tsv
2023-05-27 02:59:02,226 [INFO] Output path : Vary_params\DUD-E\MET\nG1_50\ECFP6_512bits\MinMax\MET_model\MLP
2023-05-27 02:59:02,226 [INFO] Model type : MLP
2023-05-27 02:59:02,226 [INFO] Use cores : 10
2023-05-27 02:59:02,251 [INFO] Start Learning model
2023-05-27 02:59:02,251 [INFO] Train : 196 | Valid : 49
2023-05-27 02:59:02,251 [INFO] Set parameters : {'hidden_layer_sizes': [(50,), (100,), (50, 50), (100, 100)], 'learning_rate': ['constant', 'invscaling', 'adaptive'], 'activation': ['relu', 'identity', 'logistic', 'tanh'], 'solver': ['adam', 'sgd', 'lbfgs'], 'alpha': [0.1, 0.01, 0.001], 'max_iter': [500, 1000], 'early_stopping': [True]}
2023-05-27 03:01:31,285 [INFO] GridSearchCV results :
     mean_valid_accuracy  mean_valid_precision  mean_valid_auc
42              0.878947                   1.0        0.848214
36              0.878947                   1.0        0.848214
57              0.848684                   1.0        0.810714
459             0.823684                   1.0        0.780357
54              0.848684                   1.0        0.810714
..                   ...                   ...             ...
553             0.602105                   0.0        0.500000
552             0.602105                   0.0        0.500000
115             0.602105                   0.0        0.500000
550             0.602105                   0.0        0.500000
199             0.602105                   0.0        0.500000

[864 rows x 3 columns]
2023-05-27 03:01:31,286 [INFO] Best model :
MLPClassifier(alpha=0.1, early_stopping=True, hidden_layer_sizes=(50, 50),
              max_iter=500, random_state=42)
2023-05-27 03:01:31,292 [INFO] Save train_prediction_log data...
2023-05-27 03:01:31,295 [INFO] {'Data': 'train', 'ACC': '0.95 (186 / 196)', 'TP': 68, 'FP': 0, 'FN': 10, 'TN': 118, 'Precision': '1.0 (68 / 68 + 0)', 'Recall': '0.87 (68 / 68 + 10)', 'F1': '0.93 (2 * (0.87 * 1.0) / 0.87 + 1.0)', 'Specificity': '1.0 (118 / 118 + 0)', 'AUC': 0.94, 'r2': 0.79}
2023-05-27 03:01:31,299 [INFO] Save valid_prediction_log data...
2023-05-27 03:01:31,301 [INFO] {'Data': 'valid', 'ACC': '0.98 (48 / 49)', 'TP': 19, 'FP': 0, 'FN': 1, 'TN': 29, 'Precision': '1.0 (19 / 19 + 0)', 'Recall': '0.95 (19 / 19 + 1)', 'F1': '0.97 (2 * (0.95 * 1.0) / 0.95 + 1.0)', 'Specificity': '1.0 (29 / 29 + 0)', 'AUC': 0.98, 'r2': 0.92}
2023-05-27 03:01:31,315 [INFO] Save test_prediction_log data...
2023-05-27 03:01:31,317 [INFO] {'Data': 'test', 'ACC': '0.57 (28 / 49)', 'TP': 3, 'FP': 4, 'FN': 17, 'TN': 25, 'Precision': '0.43 (3 / 3 + 4)', 'Recall': '0.15 (3 / 3 + 17)', 'F1': '0.22 (2 * (0.15 * 0.43) / 0.15 + 0.43)', 'Specificity': '0.86 (25 / 25 + 4)', 'AUC': 0.51, 'r2': -0.77}
2023-05-27 03:01:31,320 [INFO] Save training_log data...
2023-05-27 03:01:31,325 [INFO] Save score_log data...
2023-05-27 03:01:31,326 [INFO] Time : 149.09993600845337
