2023-05-27 14:06:17,900 [INFO] Train data : Vary_params\DUD-E\MP2K1\nG1_80\ECFP6_256bits\Robust\MP2K1_train_vector.tsv
2023-05-27 14:06:17,900 [INFO] Valid data : Vary_params\DUD-E\MP2K1\nG1_80\ECFP6_256bits\Robust\MP2K1_valid_vector.tsv
2023-05-27 14:06:17,900 [INFO] Output path : Vary_params\DUD-E\MP2K1\nG1_80\ECFP6_256bits\Robust\MP2K1_model\SVM
2023-05-27 14:06:17,900 [INFO] Model type : SVM
2023-05-27 14:06:17,900 [INFO] Use cores : 10
2023-05-27 14:06:17,912 [INFO] Start Learning model
2023-05-27 14:06:17,912 [INFO] Train : 112 | Valid : 35
2023-05-27 14:06:17,912 [INFO] Set parameters : {'kernel': ['linear', 'rbf'], 'C': [0.01, 0.1, 1, 10, 100, 1000], 'gamma': [0.01, 0.1, 1, 100, 1000]}
2023-05-27 14:06:20,380 [INFO] GridSearchCV results :
    mean_valid_accuracy  mean_valid_precision  mean_valid_auc
0              0.990909              0.966667        0.994444
20             0.990909              0.966667        0.994444
24             0.990909              0.966667        0.994444
26             0.990909              0.966667        0.994444
28             0.990909              0.966667        0.994444
32             0.990909              0.966667        0.994444
34             0.990909              0.966667        0.994444
36             0.990909              0.966667        0.994444
38             0.990909              0.966667        0.994444
40             0.990909              0.966667        0.994444
42             0.990909              0.966667        0.994444
44             0.990909              0.966667        0.994444
46             0.990909              0.966667        0.994444
48             0.990909              0.966667        0.994444
50             0.990909              0.966667        0.994444
52             0.990909              0.966667        0.994444
54             0.990909              0.966667        0.994444
56             0.990909              0.966667        0.994444
58             0.990909              0.966667        0.994444
22             0.990909              0.966667        0.994444
30             0.990909              0.966667        0.994444
10             0.990909              0.966667        0.994444
2              0.990909              0.966667        0.994444
18             0.990909              0.966667        0.994444
8              0.990909              0.966667        0.994444
16             0.990909              0.966667        0.994444
4              0.990909              0.966667        0.994444
12             0.990909              0.966667        0.994444
6              0.990909              0.966667        0.994444
14             0.990909              0.966667        0.994444
49             0.759091              0.000000        0.500000
9              0.759091              0.000000        0.500000
45             0.759091              0.000000        0.500000
47             0.759091              0.000000        0.500000
7              0.759091              0.000000        0.500000
21             0.759091              0.000000        0.500000
43             0.759091              0.000000        0.500000
5              0.759091              0.000000        0.500000
53             0.759091              0.000000        0.500000
55             0.759091              0.000000        0.500000
3              0.759091              0.000000        0.500000
57             0.759091              0.000000        0.500000
51             0.759091              0.000000        0.500000
11             0.759091              0.000000        0.500000
41             0.759091              0.000000        0.500000
19             0.759091              0.000000        0.500000
39             0.759091              0.000000        0.500000
37             0.759091              0.000000        0.500000
13             0.759091              0.000000        0.500000
35             0.759091              0.000000        0.500000
33             0.759091              0.000000        0.500000
15             0.759091              0.000000        0.500000
31             0.759091              0.000000        0.500000
1              0.759091              0.000000        0.500000
29             0.759091              0.000000        0.500000
27             0.759091              0.000000        0.500000
17             0.759091              0.000000        0.500000
25             0.759091              0.000000        0.500000
23             0.759091              0.000000        0.500000
59             0.759091              0.000000        0.500000
2023-05-27 14:06:20,383 [INFO] Best model :
SVC(C=0.01, gamma=0.01, kernel='linear', random_state=42)
2023-05-27 14:06:20,387 [INFO] Save train_prediction_log data...
2023-05-27 14:06:20,390 [INFO] {'Data': 'train', 'ACC': '1.0 (112 / 112)', 'TP': 27, 'FP': 0, 'FN': 0, 'TN': 85, 'Precision': '1.0 (27 / 27 + 0)', 'Recall': '1.0 (27 / 27 + 0)', 'F1': '1.0 (2 * (1.0 * 1.0) / 1.0 + 1.0)', 'Specificity': '1.0 (85 / 85 + 0)', 'AUC': 1.0, 'r2': 1.0}
2023-05-27 14:06:20,393 [INFO] Save valid_prediction_log data...
2023-05-27 14:06:20,395 [INFO] {'Data': 'valid', 'ACC': '0.97 (34 / 35)', 'TP': 14, 'FP': 1, 'FN': 0, 'TN': 20, 'Precision': '0.93 (14 / 14 + 1)', 'Recall': '1.0 (14 / 14 + 0)', 'F1': '0.96 (2 * (1.0 * 0.93) / 1.0 + 0.93)', 'Specificity': '0.95 (20 / 20 + 1)', 'AUC': 0.98, 'r2': 0.88}
2023-05-27 14:06:20,403 [INFO] Save test_prediction_log data...
2023-05-27 14:06:20,405 [INFO] {'Data': 'test', 'ACC': '0.66 (23 / 35)', 'TP': 2, 'FP': 0, 'FN': 12, 'TN': 21, 'Precision': '1.0 (2 / 2 + 0)', 'Recall': '0.14 (2 / 2 + 12)', 'F1': '0.25 (2 * (0.14 * 1.0) / 0.14 + 1.0)', 'Specificity': '1.0 (21 / 21 + 0)', 'AUC': 0.57, 'r2': -0.43}
2023-05-27 14:06:20,407 [INFO] Save training_log data...
2023-05-27 14:06:20,409 [INFO] Save score_log data...
2023-05-27 14:06:20,409 [INFO] Time : 2.509000301361084
