2023-05-28 08:26:19,969 [INFO] Train data : Vary_params_IGF1R_KIT\DUD-E\IGF1R\nG1_50\ECFP6_512bits\Robust\IGF1R_train_vector.tsv
2023-05-28 08:26:19,969 [INFO] Valid data : Vary_params_IGF1R_KIT\DUD-E\IGF1R\nG1_50\ECFP6_512bits\Robust\IGF1R_valid_vector.tsv
2023-05-28 08:26:19,969 [INFO] Output path : Vary_params_IGF1R_KIT\DUD-E\IGF1R\nG1_50\ECFP6_512bits\Robust\IGF1R_model\MLP
2023-05-28 08:26:19,969 [INFO] Model type : MLP
2023-05-28 08:26:19,969 [INFO] Use cores : 10
2023-05-28 08:26:19,991 [INFO] Start Learning model
2023-05-28 08:26:19,991 [INFO] Train : 196 | Valid : 49
2023-05-28 08:26:19,991 [INFO] Set parameters : {'hidden_layer_sizes': [(50,), (100,), (50, 50), (100, 100)], 'learning_rate': ['constant', 'invscaling', 'adaptive'], 'activation': ['relu', 'identity', 'logistic', 'tanh'], 'solver': ['adam', 'sgd', 'lbfgs'], 'alpha': [0.1, 0.01, 0.001], 'max_iter': [500, 1000], 'early_stopping': [True]}
2023-05-28 08:29:46,451 [INFO] GridSearchCV results :
     mean_valid_accuracy  mean_valid_precision  mean_valid_auc
455             0.979737              0.968889        0.980871
452             0.979737              0.968889        0.980871
53              0.974737              0.968889        0.974621
44              0.974737              0.968889        0.974621
41              0.974737              0.968889        0.974621
..                   ...                   ...             ...
475             0.602105              0.000000        0.500000
549             0.602105              0.000000        0.500000
477             0.602105              0.000000        0.500000
550             0.602105              0.000000        0.500000
487             0.602105              0.000000        0.500000

[864 rows x 3 columns]
2023-05-28 08:29:46,452 [INFO] Best model :
MLPClassifier(alpha=0.1, early_stopping=True, hidden_layer_sizes=(50, 50),
              max_iter=500, random_state=42, solver='lbfgs')
2023-05-28 08:29:46,458 [INFO] Save train_prediction_log data...
2023-05-28 08:29:46,460 [INFO] {'Data': 'train', 'ACC': '1.0 (196 / 196)', 'TP': 78, 'FP': 0, 'FN': 0, 'TN': 118, 'Precision': '1.0 (78 / 78 + 0)', 'Recall': '1.0 (78 / 78 + 0)', 'F1': '1.0 (2 * (1.0 * 1.0) / 1.0 + 1.0)', 'Specificity': '1.0 (118 / 118 + 0)', 'AUC': 1.0, 'r2': 1.0}
2023-05-28 08:29:46,465 [INFO] Save valid_prediction_log data...
2023-05-28 08:29:46,467 [INFO] {'Data': 'valid', 'ACC': '0.98 (48 / 49)', 'TP': 20, 'FP': 1, 'FN': 0, 'TN': 28, 'Precision': '0.95 (20 / 20 + 1)', 'Recall': '1.0 (20 / 20 + 0)', 'F1': '0.97 (2 * (1.0 * 0.95) / 1.0 + 0.95)', 'Specificity': '0.97 (28 / 28 + 1)', 'AUC': 0.98, 'r2': 0.92}
2023-05-28 08:29:46,481 [INFO] Save test_prediction_log data...
2023-05-28 08:29:46,482 [INFO] {'Data': 'test', 'ACC': '0.59 (29 / 49)', 'TP': 5, 'FP': 5, 'FN': 15, 'TN': 24, 'Precision': '0.5 (5 / 5 + 5)', 'Recall': '0.25 (5 / 5 + 15)', 'F1': '0.33 (2 * (0.25 * 0.5) / 0.25 + 0.5)', 'Specificity': '0.83 (24 / 24 + 5)', 'AUC': 0.54, 'r2': -0.69}
2023-05-28 08:29:46,484 [INFO] Save training_log data...
2023-05-28 08:29:46,488 [INFO] Save score_log data...
2023-05-28 08:29:46,489 [INFO] Time : 206.52004742622375
