2023-05-27 03:11:17,110 [INFO] Train data : Vary_params_SH\DUD-E\ROCK1\nG1_20\ECFP6_256bits\MinMax\ROCK1_train_vector.tsv
2023-05-27 03:11:17,110 [INFO] Valid data : Vary_params_SH\DUD-E\ROCK1\nG1_20\ECFP6_256bits\MinMax\ROCK1_valid_vector.tsv
2023-05-27 03:11:17,111 [INFO] Output path : Vary_params_SH\DUD-E\ROCK1\nG1_20\ECFP6_256bits\MinMax\ROCK1_model\MLP
2023-05-27 03:11:17,111 [INFO] Model type : MLP
2023-05-27 03:11:17,111 [INFO] Use cores : 3
2023-05-27 03:11:17,130 [INFO] Start Learning model
2023-05-27 03:11:17,130 [INFO] Train : 130 | Valid : 25
2023-05-27 03:11:17,130 [INFO] Set parameters : {'hidden_layer_sizes': [(50,), (100,), (50, 50), (100, 100)], 'learning_rate': ['constant', 'invscaling', 'adaptive'], 'activation': ['relu', 'identity', 'logistic', 'tanh'], 'solver': ['adam', 'sgd', 'lbfgs'], 'alpha': [0.1, 0.01, 0.001], 'max_iter': [500, 1000], 'early_stopping': [True]}
2023-05-27 03:16:06,891 [INFO] GridSearchCV results :
     mean_valid_accuracy  mean_valid_precision  mean_valid_auc
443             0.930769              0.938492        0.929762
518             0.930769              0.938492        0.929762
239             0.930769              0.938492        0.929762
242             0.930769              0.938492        0.929762
245             0.930769              0.938492        0.929762
..                   ...                   ...             ...
598             0.461538              0.000000        0.500000
457             0.461538              0.000000        0.500000
601             0.461538              0.000000        0.500000
460             0.461538              0.000000        0.500000
619             0.461538              0.000000        0.500000

[864 rows x 3 columns]
2023-05-27 03:16:06,893 [INFO] Best model :
MLPClassifier(alpha=0.1, early_stopping=True, hidden_layer_sizes=(50,),
              max_iter=500, random_state=42, solver='lbfgs')
2023-05-27 03:16:06,899 [INFO] Save train_prediction_log data...
2023-05-27 03:16:06,903 [INFO] {'Data': 'train', 'ACC': '1.0 (130 / 130)', 'TP': 70, 'FP': 0, 'FN': 0, 'TN': 60, 'Precision': '1.0 (70 / 70 + 0)', 'Recall': '1.0 (70 / 70 + 0)', 'F1': '1.0 (2 * (1.0 * 1.0) / 1.0 + 1.0)', 'Specificity': '1.0 (60 / 60 + 0)', 'AUC': 1.0, 'r2': 1.0}
2023-05-27 03:16:06,908 [INFO] Save valid_prediction_log data...
2023-05-27 03:16:06,911 [INFO] {'Data': 'valid', 'ACC': '0.88 (22 / 25)', 'TP': 10, 'FP': 3, 'FN': 0, 'TN': 12, 'Precision': '0.77 (10 / 10 + 3)', 'Recall': '1.0 (10 / 10 + 0)', 'F1': '0.87 (2 * (1.0 * 0.77) / 1.0 + 0.77)', 'Specificity': '0.8 (12 / 12 + 3)', 'AUC': 0.9, 'r2': 0.5}
2023-05-27 03:16:06,924 [INFO] Save test_prediction_log data...
2023-05-27 03:16:06,927 [INFO] {'Data': 'test', 'ACC': '0.6 (15 / 25)', 'TP': 4, 'FP': 4, 'FN': 6, 'TN': 11, 'Precision': '0.5 (4 / 4 + 4)', 'Recall': '0.4 (4 / 4 + 6)', 'F1': '0.44 (2 * (0.4 * 0.5) / 0.4 + 0.5)', 'Specificity': '0.73 (11 / 11 + 4)', 'AUC': 0.57, 'r2': -0.67}
2023-05-27 03:16:06,930 [INFO] Save training_log data...
2023-05-27 03:16:06,937 [INFO] Save score_log data...
2023-05-27 03:16:06,938 [INFO] Time : 289.8281817436218
