2023-05-28 11:12:48,500 [INFO] Train data : AF_Baseline\DUD-E\TGFR1\ECFP4_256bits\Robust\TGFR1_train.tsv
2023-05-28 11:12:48,500 [INFO] Valid data : AF_Baseline\DUD-E\TGFR1\ECFP4_256bits\Robust\TGFR1_valid.tsv
2023-05-28 11:12:48,500 [INFO] Output path : AF_Baseline\DUD-E\TGFR1\ECFP4_256bits\Robust\TGFR1_model\SVM
2023-05-28 11:12:48,500 [INFO] Model type : SVM
2023-05-28 11:12:48,500 [INFO] Use cores : 12
2023-05-28 11:12:48,511 [INFO] Start Learning model
2023-05-28 11:12:48,511 [INFO] Train : 164 | Valid : 41
2023-05-28 11:12:48,511 [INFO] Set parameters : {'kernel': ['linear', 'rbf'], 'C': [0.01, 0.1, 1, 10, 100, 1000], 'gamma': [0.01, 0.1, 1, 100, 1000]}
2023-05-28 11:12:51,166 [INFO] GridSearchCV results :
    mean_valid_accuracy  mean_valid_precision  mean_valid_auc
53             0.914706                1.0000        0.891667
33             0.914706                1.0000        0.891667
23             0.908824                1.0000        0.884524
43             0.914706                1.0000        0.891667
0              0.988235                0.9875        0.987857
21             0.988235                0.9875        0.987857
41             0.994118                0.9875        0.995000
51             0.994118                0.9875        0.995000
31             0.994118                0.9875        0.995000
8              0.988235                0.9875        0.987857
2              0.988235                0.9875        0.987857
6              0.988235                0.9875        0.987857
4              0.988235                0.9875        0.987857
40             0.987868                0.9750        0.989444
32             0.987868                0.9750        0.989444
34             0.987868                0.9750        0.989444
58             0.987868                0.9750        0.989444
36             0.987868                0.9750        0.989444
38             0.987868                0.9750        0.989444
56             0.987868                0.9750        0.989444
52             0.987868                0.9750        0.989444
42             0.987868                0.9750        0.989444
44             0.987868                0.9750        0.989444
28             0.987868                0.9750        0.989444
48             0.987868                0.9750        0.989444
50             0.987868                0.9750        0.989444
54             0.987868                0.9750        0.989444
46             0.987868                0.9750        0.989444
30             0.987868                0.9750        0.989444
20             0.987868                0.9750        0.989444
14             0.987868                0.9750        0.989444
26             0.987868                0.9750        0.989444
12             0.987868                0.9750        0.989444
24             0.987868                0.9750        0.989444
22             0.987868                0.9750        0.989444
16             0.987868                0.9750        0.989444
10             0.987868                0.9750        0.989444
18             0.987868                0.9750        0.989444
9              0.597794                0.0000        0.500000
11             0.597794                0.0000        0.500000
29             0.597794                0.0000        0.500000
7              0.597794                0.0000        0.500000
13             0.597794                0.0000        0.500000
55             0.597794                0.0000        0.500000
5              0.597794                0.0000        0.500000
57             0.597794                0.0000        0.500000
3              0.597794                0.0000        0.500000
49             0.597794                0.0000        0.500000
15             0.597794                0.0000        0.500000
47             0.597794                0.0000        0.500000
45             0.597794                0.0000        0.500000
1              0.597794                0.0000        0.500000
17             0.597794                0.0000        0.500000
19             0.597794                0.0000        0.500000
39             0.597794                0.0000        0.500000
37             0.597794                0.0000        0.500000
35             0.597794                0.0000        0.500000
25             0.597794                0.0000        0.500000
27             0.597794                0.0000        0.500000
59             0.597794                0.0000        0.500000
2023-05-28 11:12:51,168 [INFO] Best model :
SVC(C=1, gamma=0.1, random_state=42)
2023-05-28 11:12:51,174 [INFO] Save train_prediction_log data...
2023-05-28 11:12:51,177 [INFO] {'Data': 'train', 'ACC': '1.0 (164 / 164)', 'TP': 66, 'FP': 0, 'FN': 0, 'TN': 98, 'Precision': '1.0 (66 / 66 + 0)', 'Recall': '1.0 (66 / 66 + 0)', 'F1': '1.0 (2 * (1.0 * 1.0) / 1.0 + 1.0)', 'Specificity': '1.0 (98 / 98 + 0)', 'AUC': 1.0, 'r2': 1.0}
2023-05-28 11:12:51,181 [INFO] Save valid_prediction_log data...
2023-05-28 11:12:51,182 [INFO] {'Data': 'valid', 'ACC': '0.98 (40 / 41)', 'TP': 15, 'FP': 0, 'FN': 1, 'TN': 25, 'Precision': '1.0 (15 / 15 + 0)', 'Recall': '0.94 (15 / 15 + 1)', 'F1': '0.97 (2 * (0.94 * 1.0) / 0.94 + 1.0)', 'Specificity': '1.0 (25 / 25 + 0)', 'AUC': 0.97, 'r2': 0.9}
2023-05-28 11:12:51,190 [INFO] Save test_prediction_log data...
2023-05-28 11:12:51,192 [INFO] {'Data': 'test', 'ACC': '0.59 (24 / 41)', 'TP': 2, 'FP': 3, 'FN': 14, 'TN': 22, 'Precision': '0.4 (2 / 2 + 3)', 'Recall': '0.12 (2 / 2 + 14)', 'F1': '0.18 (2 * (0.12 * 0.4) / 0.12 + 0.4)', 'Specificity': '0.88 (22 / 22 + 3)', 'AUC': 0.5, 'r2': -0.74}
2023-05-28 11:12:51,194 [INFO] Save training_log data...
2023-05-28 11:12:51,195 [INFO] Save score_log data...
2023-05-28 11:12:51,196 [INFO] Time : 2.6954729557037354
