2023-05-31 01:52:36,853 [INFO] Train data : Vary_params_BRAF_MK14\DUD-E\MK14\nG1_80\ECFP6_512bits\Robust\MK14_train_vector.tsv
2023-05-31 01:52:36,853 [INFO] Valid data : Vary_params_BRAF_MK14\DUD-E\MK14\nG1_80\ECFP6_512bits\Robust\MK14_valid_vector.tsv
2023-05-31 01:52:36,853 [INFO] Output path : Vary_params_BRAF_MK14\DUD-E\MK14\nG1_80\ECFP6_512bits\Robust\MK14_model\SVM
2023-05-31 01:52:36,853 [INFO] Model type : SVM
2023-05-31 01:52:36,853 [INFO] Use cores : 10
2023-05-31 01:52:36,905 [INFO] Start Learning model
2023-05-31 01:52:36,905 [INFO] Train : 871 | Valid : 225
2023-05-31 01:52:36,905 [INFO] Set parameters : {'kernel': ['linear', 'rbf'], 'C': [0.01, 0.1, 1, 10, 100, 1000], 'gamma': [0.01, 0.1, 1, 100, 1000]}
2023-05-31 01:52:57,614 [INFO] GridSearchCV results :
    mean_valid_accuracy  mean_valid_precision  mean_valid_auc
0              0.954088              0.923382         0.95532
20             0.954088              0.923382         0.95532
24             0.954088              0.923382         0.95532
26             0.954088              0.923382         0.95532
28             0.954088              0.923382         0.95532
32             0.954088              0.923382         0.95532
34             0.954088              0.923382         0.95532
36             0.954088              0.923382         0.95532
38             0.954088              0.923382         0.95532
40             0.954088              0.923382         0.95532
42             0.954088              0.923382         0.95532
44             0.954088              0.923382         0.95532
46             0.954088              0.923382         0.95532
48             0.954088              0.923382         0.95532
50             0.954088              0.923382         0.95532
52             0.954088              0.923382         0.95532
54             0.954088              0.923382         0.95532
56             0.954088              0.923382         0.95532
58             0.954088              0.923382         0.95532
22             0.954088              0.923382         0.95532
30             0.954088              0.923382         0.95532
10             0.954088              0.923382         0.95532
2              0.954088              0.923382         0.95532
18             0.954088              0.923382         0.95532
8              0.954088              0.923382         0.95532
16             0.954088              0.923382         0.95532
4              0.954088              0.923382         0.95532
12             0.954088              0.923382         0.95532
6              0.954088              0.923382         0.95532
14             0.954088              0.923382         0.95532
49             0.621121              0.000000         0.50000
9              0.621121              0.000000         0.50000
45             0.621121              0.000000         0.50000
47             0.621121              0.000000         0.50000
7              0.621121              0.000000         0.50000
21             0.621121              0.000000         0.50000
43             0.621121              0.000000         0.50000
5              0.621121              0.000000         0.50000
53             0.621121              0.000000         0.50000
55             0.621121              0.000000         0.50000
3              0.621121              0.000000         0.50000
57             0.621121              0.000000         0.50000
51             0.621121              0.000000         0.50000
11             0.621121              0.000000         0.50000
41             0.621121              0.000000         0.50000
19             0.621121              0.000000         0.50000
39             0.621121              0.000000         0.50000
37             0.621121              0.000000         0.50000
13             0.621121              0.000000         0.50000
35             0.621121              0.000000         0.50000
33             0.621121              0.000000         0.50000
15             0.621121              0.000000         0.50000
31             0.621121              0.000000         0.50000
1              0.621121              0.000000         0.50000
29             0.621121              0.000000         0.50000
27             0.621121              0.000000         0.50000
17             0.621121              0.000000         0.50000
25             0.621121              0.000000         0.50000
23             0.621121              0.000000         0.50000
59             0.621121              0.000000         0.50000
2023-05-31 01:52:57,615 [INFO] Best model :
SVC(C=0.01, gamma=0.01, kernel='linear', random_state=42)
2023-05-31 01:52:57,639 [INFO] Save train_prediction_log data...
2023-05-31 01:52:57,659 [INFO] {'Data': 'train', 'ACC': '1.0 (871 / 871)', 'TP': 330, 'FP': 0, 'FN': 0, 'TN': 541, 'Precision': '1.0 (330 / 330 + 0)', 'Recall': '1.0 (330 / 330 + 0)', 'F1': '1.0 (2 * (1.0 * 1.0) / 1.0 + 1.0)', 'Specificity': '1.0 (541 / 541 + 0)', 'AUC': 1.0, 'r2': 1.0}
2023-05-31 01:52:57,670 [INFO] Save valid_prediction_log data...
2023-05-31 01:52:57,672 [INFO] {'Data': 'valid', 'ACC': '0.96 (216 / 225)', 'TP': 90, 'FP': 9, 'FN': 0, 'TN': 126, 'Precision': '0.91 (90 / 90 + 9)', 'Recall': '1.0 (90 / 90 + 0)', 'F1': '0.95 (2 * (1.0 * 0.91) / 1.0 + 0.91)', 'Specificity': '0.93 (126 / 126 + 9)', 'AUC': 0.97, 'r2': 0.83}
2023-05-31 01:52:57,695 [INFO] Save test_prediction_log data...
2023-05-31 01:52:57,698 [INFO] {'Data': 'test', 'ACC': '0.64 (144 / 225)', 'TP': 66, 'FP': 57, 'FN': 24, 'TN': 78, 'Precision': '0.54 (66 / 66 + 57)', 'Recall': '0.73 (66 / 66 + 24)', 'F1': '0.62 (2 * (0.73 * 0.54) / 0.73 + 0.54)', 'Specificity': '0.58 (78 / 78 + 57)', 'AUC': 0.66, 'r2': -0.5}
2023-05-31 01:52:57,700 [INFO] Save training_log data...
2023-05-31 01:52:57,702 [INFO] Save score_log data...
2023-05-31 01:52:57,703 [INFO] Time : 20.84925413131714
