2023-05-28 11:33:44,628 [INFO] Train data : Vary_params_IGF1R_KIT\DUD-E\IGF1R\nG1_80\ECFP6_256bits\MinMax\IGF1R_train_vector.tsv
2023-05-28 11:33:44,628 [INFO] Valid data : Vary_params_IGF1R_KIT\DUD-E\IGF1R\nG1_80\ECFP6_256bits\MinMax\IGF1R_valid_vector.tsv
2023-05-28 11:33:44,628 [INFO] Output path : Vary_params_IGF1R_KIT\DUD-E\IGF1R\nG1_80\ECFP6_256bits\MinMax\IGF1R_model\MLP
2023-05-28 11:33:44,628 [INFO] Model type : MLP
2023-05-28 11:33:44,628 [INFO] Use cores : 10
2023-05-28 11:33:44,641 [INFO] Start Learning model
2023-05-28 11:33:44,641 [INFO] Train : 166 | Valid : 49
2023-05-28 11:33:44,641 [INFO] Set parameters : {'hidden_layer_sizes': [(50,), (100,), (50, 50), (100, 100)], 'learning_rate': ['constant', 'invscaling', 'adaptive'], 'activation': ['relu', 'identity', 'logistic', 'tanh'], 'solver': ['adam', 'sgd', 'lbfgs'], 'alpha': [0.1, 0.01, 0.001], 'max_iter': [500, 1000], 'early_stopping': [True]}
2023-05-28 11:35:10,695 [INFO] GridSearchCV results :
     mean_valid_accuracy  mean_valid_precision  mean_valid_auc
168             0.856618                   1.0        0.755000
177             0.856618                   1.0        0.755000
30              0.850735                   1.0        0.745000
27              0.850735                   1.0        0.745000
24              0.850735                   1.0        0.745000
..                   ...                   ...             ...
574             0.711029                   0.0        0.500000
576             0.704779                   0.0        0.495455
579             0.704779                   0.0        0.495455
582             0.704779                   0.0        0.495455
432             0.704779                   0.0        0.495455

[864 rows x 3 columns]
2023-05-28 11:35:10,695 [INFO] Best model :
MLPClassifier(alpha=0.1, early_stopping=True, max_iter=500, random_state=42)
2023-05-28 11:35:10,699 [INFO] Save train_prediction_log data...
2023-05-28 11:35:10,702 [INFO] {'Data': 'train', 'ACC': '0.93 (154 / 166)', 'TP': 36, 'FP': 0, 'FN': 12, 'TN': 118, 'Precision': '1.0 (36 / 36 + 0)', 'Recall': '0.75 (36 / 36 + 12)', 'F1': '0.86 (2 * (0.75 * 1.0) / 0.75 + 1.0)', 'Specificity': '1.0 (118 / 118 + 0)', 'AUC': 0.88, 'r2': 0.65}
2023-05-28 11:35:10,705 [INFO] Save valid_prediction_log data...
2023-05-28 11:35:10,707 [INFO] {'Data': 'valid', 'ACC': '0.88 (43 / 49)', 'TP': 15, 'FP': 1, 'FN': 5, 'TN': 28, 'Precision': '0.94 (15 / 15 + 1)', 'Recall': '0.75 (15 / 15 + 5)', 'F1': '0.83 (2 * (0.75 * 0.94) / 0.75 + 0.94)', 'Specificity': '0.97 (28 / 28 + 1)', 'AUC': 0.86, 'r2': 0.49}
2023-05-28 11:35:10,716 [INFO] Save test_prediction_log data...
2023-05-28 11:35:10,718 [INFO] {'Data': 'test', 'ACC': '0.63 (31 / 49)', 'TP': 3, 'FP': 1, 'FN': 17, 'TN': 28, 'Precision': '0.75 (3 / 3 + 1)', 'Recall': '0.15 (3 / 3 + 17)', 'F1': '0.25 (2 * (0.15 * 0.75) / 0.15 + 0.75)', 'Specificity': '0.97 (28 / 28 + 1)', 'AUC': 0.56, 'r2': -0.52}
2023-05-28 11:35:10,720 [INFO] Save training_log data...
2023-05-28 11:35:10,728 [INFO] Save score_log data...
2023-05-28 11:35:10,728 [INFO] Time : 86.09997177124023
