2023-05-30 05:42:22,801 [INFO] Train data : Baseline_noscale_DUDE\DUD-E\KIT\ECFP6_256bits\KIT_raw_train.tsv
2023-05-30 05:42:22,801 [INFO] Valid data : Baseline_noscale_DUDE\DUD-E\KIT\ECFP6_256bits\KIT_raw_valid.tsv
2023-05-30 05:42:22,801 [INFO] Output path : Baseline_noscale_DUDE\DUD-E\KIT\ECFP6_256bits\KIT_model\XGB
2023-05-30 05:42:22,801 [INFO] Model type : XGB
2023-05-30 05:42:22,801 [INFO] Use cores : 12
2023-05-30 05:42:22,811 [INFO] Start Learning model
2023-05-30 05:42:22,811 [INFO] Train : 232 | Valid : 58
2023-05-30 05:42:22,812 [INFO] Set parameters : {'max_depth': [4, 6, 8], 'learning_rate': [0.01, 0.2], 'n_estimators': [200, 600, 1000], 'gamma': [0, 1000], 'min_child_weight': [1, 3], 'subsample': [0.5, 1], 'colsample_bytree': [0.5, 1], 'objective': ['binary:logitraw'], 'eval_metric': ['auc', 'error']}
2023-05-30 05:47:56,578 [INFO] GridSearchCV results :
     mean_valid_accuracy  mean_valid_precision  mean_valid_auc
14              0.948370              0.990000        0.936984
170             0.948370              0.990000        0.936984
26              0.948370              0.990000        0.936984
158             0.948370              0.990000        0.936984
172             0.952536              0.981818        0.943968
..                   ...                   ...             ...
377             0.599275              0.000000        0.500000
376             0.599275              0.000000        0.500000
375             0.599275              0.000000        0.500000
374             0.599275              0.000000        0.500000
575             0.599275              0.000000        0.500000

[576 rows x 3 columns]
2023-05-30 05:47:56,580 [INFO] Best model :
XGBClassifier(base_score=None, booster=None, callbacks=None,
              colsample_bylevel=None, colsample_bynode=None,
              colsample_bytree=0.5, early_stopping_rounds=None,
              enable_categorical=False, eval_metric='auc', feature_types=None,
              gamma=0, gpu_id=None, grow_policy=None, importance_type=None,
              interaction_constraints=None, learning_rate=0.01, max_bin=None,
              max_cat_threshold=None, max_cat_to_onehot=None,
              max_delta_step=None, max_depth=6, max_leaves=None,
              min_child_weight=1, missing=nan, monotone_constraints=None,
              n_estimators=600, n_jobs=0, num_parallel_tree=None,
              objective='binary:logitraw', predictor=None, ...)
2023-05-30 05:47:56,589 [INFO] Save train_prediction_log data...
2023-05-30 05:47:56,593 [INFO] {'Data': 'train', 'ACC': '1.0 (232 / 232)', 'TP': 93, 'FP': 0, 'FN': 0, 'TN': 139, 'Precision': '1.0 (93 / 93 + 0)', 'Recall': '1.0 (93 / 93 + 0)', 'F1': '1.0 (2 * (1.0 * 1.0) / 1.0 + 1.0)', 'Specificity': '1.0 (139 / 139 + 0)', 'AUC': 1.0, 'r2': 1.0}
2023-05-30 05:47:56,600 [INFO] Save valid_prediction_log data...
2023-05-30 05:47:56,603 [INFO] {'Data': 'valid', 'ACC': '0.98 (57 / 58)', 'TP': 23, 'FP': 1, 'FN': 0, 'TN': 34, 'Precision': '0.96 (23 / 23 + 1)', 'Recall': '1.0 (23 / 23 + 0)', 'F1': '0.98 (2 * (1.0 * 0.96) / 1.0 + 0.96)', 'Specificity': '0.97 (34 / 34 + 1)', 'AUC': 0.99, 'r2': 0.93}
2023-05-30 05:47:56,615 [INFO] Save test_prediction_log data...
2023-05-30 05:47:56,617 [INFO] {'Data': 'test', 'ACC': '0.62 (36 / 58)', 'TP': 7, 'FP': 6, 'FN': 16, 'TN': 29, 'Precision': '0.54 (7 / 7 + 6)', 'Recall': '0.3 (7 / 7 + 16)', 'F1': '0.39 (2 * (0.3 * 0.54) / 0.3 + 0.54)', 'Specificity': '0.83 (29 / 29 + 6)', 'AUC': 0.57, 'r2': -0.59}
2023-05-30 05:47:56,628 [INFO] Save training_log data...
2023-05-30 05:47:56,634 [INFO] Save score_log data...
2023-05-30 05:47:56,635 [INFO] Time : 333.8337564468384
