2023-05-28 18:51:04,933 [INFO] Train data : Vary_params_IGF1R_KIT\DUD-E\KIT\nG1_50\ECFP4_512bits\MinMax\KIT_train_vector.tsv
2023-05-28 18:51:04,933 [INFO] Valid data : Vary_params_IGF1R_KIT\DUD-E\KIT\nG1_50\ECFP4_512bits\MinMax\KIT_valid_vector.tsv
2023-05-28 18:51:04,933 [INFO] Output path : Vary_params_IGF1R_KIT\DUD-E\KIT\nG1_50\ECFP4_512bits\MinMax\KIT_model\SVM
2023-05-28 18:51:04,933 [INFO] Model type : SVM
2023-05-28 18:51:04,933 [INFO] Use cores : 10
2023-05-28 18:51:04,956 [INFO] Start Learning model
2023-05-28 18:51:04,956 [INFO] Train : 232 | Valid : 58
2023-05-28 18:51:04,956 [INFO] Set parameters : {'kernel': ['linear', 'rbf'], 'C': [0.01, 0.1, 1, 10, 100, 1000], 'gamma': [0.01, 0.1, 1, 100, 1000]}
2023-05-28 18:51:07,937 [INFO] GridSearchCV results :
    mean_valid_accuracy  mean_valid_precision  mean_valid_auc
43             0.746377                  1.00        0.684444
53             0.746377                  1.00        0.684444
33             0.746377                  1.00        0.684444
23             0.724638                  1.00        0.657222
54             0.987138                  0.99        0.985873
56             0.987138                  0.99        0.985873
28             0.987138                  0.99        0.985873
31             0.987138                  0.99        0.985873
32             0.987138                  0.99        0.985873
58             0.987138                  0.99        0.985873
34             0.987138                  0.99        0.985873
36             0.987138                  0.99        0.985873
38             0.987138                  0.99        0.985873
40             0.987138                  0.99        0.985873
41             0.987138                  0.99        0.985873
42             0.987138                  0.99        0.985873
26             0.987138                  0.99        0.985873
44             0.987138                  0.99        0.985873
46             0.987138                  0.99        0.985873
48             0.987138                  0.99        0.985873
50             0.987138                  0.99        0.985873
51             0.987138                  0.99        0.985873
52             0.987138                  0.99        0.985873
0              0.982971                  0.99        0.980873
30             0.987138                  0.99        0.985873
10             0.987138                  0.99        0.985873
8              0.982971                  0.99        0.980873
2              0.982971                  0.99        0.980873
22             0.987138                  0.99        0.985873
21             0.987138                  0.99        0.985873
20             0.987138                  0.99        0.985873
12             0.987138                  0.99        0.985873
18             0.987138                  0.99        0.985873
4              0.982971                  0.99        0.980873
24             0.987138                  0.99        0.985873
6              0.982971                  0.99        0.980873
16             0.987138                  0.99        0.985873
14             0.987138                  0.99        0.985873
9              0.599275                  0.00        0.500000
49             0.599275                  0.00        0.500000
25             0.599275                  0.00        0.500000
7              0.599275                  0.00        0.500000
47             0.599275                  0.00        0.500000
55             0.599275                  0.00        0.500000
3              0.599275                  0.00        0.500000
57             0.599275                  0.00        0.500000
5              0.599275                  0.00        0.500000
13             0.599275                  0.00        0.500000
45             0.599275                  0.00        0.500000
11             0.599275                  0.00        0.500000
15             0.599275                  0.00        0.500000
39             0.599275                  0.00        0.500000
37             0.599275                  0.00        0.500000
17             0.599275                  0.00        0.500000
35             0.599275                  0.00        0.500000
19             0.599275                  0.00        0.500000
1              0.599275                  0.00        0.500000
29             0.599275                  0.00        0.500000
27             0.599275                  0.00        0.500000
59             0.599275                  0.00        0.500000
2023-05-28 18:51:07,938 [INFO] Best model :
SVC(C=1, gamma=0.1, random_state=42)
2023-05-28 18:51:07,953 [INFO] Save train_prediction_log data...
2023-05-28 18:51:07,956 [INFO] {'Data': 'train', 'ACC': '1.0 (232 / 232)', 'TP': 93, 'FP': 0, 'FN': 0, 'TN': 139, 'Precision': '1.0 (93 / 93 + 0)', 'Recall': '1.0 (93 / 93 + 0)', 'F1': '1.0 (2 * (1.0 * 1.0) / 1.0 + 1.0)', 'Specificity': '1.0 (139 / 139 + 0)', 'AUC': 1.0, 'r2': 1.0}
2023-05-28 18:51:07,962 [INFO] Save valid_prediction_log data...
2023-05-28 18:51:07,964 [INFO] {'Data': 'valid', 'ACC': '0.97 (56 / 58)', 'TP': 21, 'FP': 0, 'FN': 2, 'TN': 35, 'Precision': '1.0 (21 / 21 + 0)', 'Recall': '0.91 (21 / 21 + 2)', 'F1': '0.95 (2 * (0.91 * 1.0) / 0.91 + 1.0)', 'Specificity': '1.0 (35 / 35 + 0)', 'AUC': 0.96, 'r2': 0.86}
2023-05-28 18:51:07,980 [INFO] Save test_prediction_log data...
2023-05-28 18:51:07,982 [INFO] {'Data': 'test', 'ACC': '0.66 (38 / 58)', 'TP': 3, 'FP': 0, 'FN': 20, 'TN': 35, 'Precision': '1.0 (3 / 3 + 0)', 'Recall': '0.13 (3 / 3 + 20)', 'F1': '0.23 (2 * (0.13 * 1.0) / 0.13 + 1.0)', 'Specificity': '1.0 (35 / 35 + 0)', 'AUC': 0.57, 'r2': -0.44}
2023-05-28 18:51:07,984 [INFO] Save training_log data...
2023-05-28 18:51:07,985 [INFO] Save score_log data...
2023-05-28 18:51:07,986 [INFO] Time : 3.053743600845337
