2023-05-29 04:45:02,317 [INFO] Train data : Vary_params_A\DUD-E\MK10\nG1_80\ECFP6_512bits\Robust\MK10_train_vector.tsv
2023-05-29 04:45:02,318 [INFO] Valid data : Vary_params_A\DUD-E\MK10\nG1_80\ECFP6_512bits\Robust\MK10_valid_vector.tsv
2023-05-29 04:45:02,318 [INFO] Output path : Vary_params_A\DUD-E\MK10\nG1_80\ECFP6_512bits\Robust\MK10_model\MLP
2023-05-29 04:45:02,318 [INFO] Model type : MLP
2023-05-29 04:45:02,318 [INFO] Use cores : 3
2023-05-29 04:45:02,348 [INFO] Start Learning model
2023-05-29 04:45:02,348 [INFO] Train : 74 | Valid : 26
2023-05-29 04:45:02,348 [INFO] Set parameters : {'hidden_layer_sizes': [(50,), (100,), (50, 50), (100, 100)], 'learning_rate': ['constant', 'invscaling', 'adaptive'], 'activation': ['relu', 'identity', 'logistic', 'tanh'], 'solver': ['adam', 'sgd', 'lbfgs'], 'alpha': [0.1, 0.01, 0.001], 'max_iter': [500, 1000], 'early_stopping': [True]}
2023-05-29 05:00:07,947 [INFO] GridSearchCV results :
     mean_valid_accuracy  mean_valid_precision  mean_valid_auc
710             0.948214                  0.85        0.891667
527             0.948214                  0.85        0.891667
719             0.948214                  0.85        0.891667
716             0.948214                  0.85        0.891667
713             0.948214                  0.85        0.891667
..                   ...                   ...             ...
594             0.814286                  0.00        0.485714
597             0.814286                  0.00        0.485714
600             0.814286                  0.00        0.485714
603             0.814286                  0.00        0.485714
618             0.839286                  0.00        0.500000

[864 rows x 3 columns]
2023-05-29 05:00:07,949 [INFO] Best model :
MLPClassifier(activation='logistic', alpha=0.01, early_stopping=True,
              max_iter=500, random_state=42, solver='lbfgs')
2023-05-29 05:00:07,956 [INFO] Save train_prediction_log data...
2023-05-29 05:00:07,961 [INFO] {'Data': 'train', 'ACC': '1.0 (74 / 74)', 'TP': 12, 'FP': 0, 'FN': 0, 'TN': 62, 'Precision': '1.0 (12 / 12 + 0)', 'Recall': '1.0 (12 / 12 + 0)', 'F1': '1.0 (2 * (1.0 * 1.0) / 1.0 + 1.0)', 'Specificity': '1.0 (62 / 62 + 0)', 'AUC': 1.0, 'r2': 1.0}
2023-05-29 05:00:07,968 [INFO] Save valid_prediction_log data...
2023-05-29 05:00:07,971 [INFO] {'Data': 'valid', 'ACC': '0.88 (23 / 26)', 'TP': 9, 'FP': 2, 'FN': 1, 'TN': 14, 'Precision': '0.82 (9 / 9 + 2)', 'Recall': '0.9 (9 / 9 + 1)', 'F1': '0.86 (2 * (0.9 * 0.82) / 0.9 + 0.82)', 'Specificity': '0.88 (14 / 14 + 2)', 'AUC': 0.89, 'r2': 0.51}
2023-05-29 05:00:07,992 [INFO] Save test_prediction_log data...
2023-05-29 05:00:07,996 [INFO] {'Data': 'test', 'ACC': '0.73 (19 / 26)', 'TP': 3, 'FP': 0, 'FN': 7, 'TN': 16, 'Precision': '1.0 (3 / 3 + 0)', 'Recall': '0.3 (3 / 3 + 7)', 'F1': '0.46 (2 * (0.3 * 1.0) / 0.3 + 1.0)', 'Specificity': '1.0 (16 / 16 + 0)', 'AUC': 0.65, 'r2': -0.14}
2023-05-29 05:00:07,999 [INFO] Save training_log data...
2023-05-29 05:00:08,006 [INFO] Save score_log data...
2023-05-29 05:00:08,007 [INFO] Time : 905.6904385089874
