2023-05-28 19:41:07,838 [INFO] Train data : Vary_params_SH\DUD-E\TGFR1\nG1_50\ECFP6_256bits\MinMax\TGFR1_train_vector.tsv
2023-05-28 19:41:07,839 [INFO] Valid data : Vary_params_SH\DUD-E\TGFR1\nG1_50\ECFP6_256bits\MinMax\TGFR1_valid_vector.tsv
2023-05-28 19:41:07,839 [INFO] Output path : Vary_params_SH\DUD-E\TGFR1\nG1_50\ECFP6_256bits\MinMax\TGFR1_model\SVM
2023-05-28 19:41:07,839 [INFO] Model type : SVM
2023-05-28 19:41:07,839 [INFO] Use cores : 3
2023-05-28 19:41:07,861 [INFO] Start Learning model
2023-05-28 19:41:07,861 [INFO] Train : 164 | Valid : 41
2023-05-28 19:41:07,861 [INFO] Set parameters : {'kernel': ['linear', 'rbf'], 'C': [0.01, 0.1, 1, 10, 100, 1000], 'gamma': [0.01, 0.1, 1, 100, 1000]}
2023-05-28 19:41:12,274 [INFO] GridSearchCV results :
    mean_valid_accuracy  mean_valid_precision  mean_valid_auc
31             1.000000                1.0000        1.000000
21             0.994118                1.0000        0.992857
51             1.000000                1.0000        1.000000
41             1.000000                1.0000        1.000000
0              0.987868                0.9875        0.987302
2              0.987868                0.9875        0.987302
4              0.987868                0.9875        0.987302
6              0.987868                0.9875        0.987302
8              0.987868                0.9875        0.987302
42             0.981985                0.9750        0.982302
32             0.981985                0.9750        0.982302
34             0.981985                0.9750        0.982302
36             0.981985                0.9750        0.982302
38             0.981985                0.9750        0.982302
40             0.981985                0.9750        0.982302
48             0.981985                0.9750        0.982302
44             0.981985                0.9750        0.982302
46             0.981985                0.9750        0.982302
26             0.981985                0.9750        0.982302
50             0.981985                0.9750        0.982302
52             0.981985                0.9750        0.982302
54             0.981985                0.9750        0.982302
56             0.981985                0.9750        0.982302
58             0.981985                0.9750        0.982302
28             0.981985                0.9750        0.982302
30             0.981985                0.9750        0.982302
12             0.981985                0.9750        0.982302
18             0.981985                0.9750        0.982302
24             0.981985                0.9750        0.982302
14             0.981985                0.9750        0.982302
10             0.981985                0.9750        0.982302
16             0.981985                0.9750        0.982302
22             0.981985                0.9750        0.982302
20             0.981985                0.9750        0.982302
53             0.714706                0.9000        0.646429
43             0.714706                0.9000        0.646429
33             0.714706                0.9000        0.646429
23             0.677941                0.9000        0.601190
47             0.597794                0.0000        0.500000
7              0.597794                0.0000        0.500000
5              0.597794                0.0000        0.500000
9              0.597794                0.0000        0.500000
57             0.597794                0.0000        0.500000
11             0.597794                0.0000        0.500000
3              0.597794                0.0000        0.500000
49             0.597794                0.0000        0.500000
55             0.597794                0.0000        0.500000
25             0.597794                0.0000        0.500000
13             0.597794                0.0000        0.500000
45             0.597794                0.0000        0.500000
27             0.597794                0.0000        0.500000
15             0.597794                0.0000        0.500000
17             0.597794                0.0000        0.500000
39             0.597794                0.0000        0.500000
37             0.597794                0.0000        0.500000
19             0.597794                0.0000        0.500000
35             0.597794                0.0000        0.500000
1              0.597794                0.0000        0.500000
29             0.597794                0.0000        0.500000
59             0.597794                0.0000        0.500000
2023-05-28 19:41:12,275 [INFO] Best model :
SVC(C=1, gamma=0.01, random_state=42)
2023-05-28 19:41:12,284 [INFO] Save train_prediction_log data...
2023-05-28 19:41:12,289 [INFO] {'Data': 'train', 'ACC': '1.0 (164 / 164)', 'TP': 66, 'FP': 0, 'FN': 0, 'TN': 98, 'Precision': '1.0 (66 / 66 + 0)', 'Recall': '1.0 (66 / 66 + 0)', 'F1': '1.0 (2 * (1.0 * 1.0) / 1.0 + 1.0)', 'Specificity': '1.0 (98 / 98 + 0)', 'AUC': 1.0, 'r2': 1.0}
2023-05-28 19:41:12,295 [INFO] Save valid_prediction_log data...
2023-05-28 19:41:12,298 [INFO] {'Data': 'valid', 'ACC': '1.0 (41 / 41)', 'TP': 16, 'FP': 0, 'FN': 0, 'TN': 25, 'Precision': '1.0 (16 / 16 + 0)', 'Recall': '1.0 (16 / 16 + 0)', 'F1': '1.0 (2 * (1.0 * 1.0) / 1.0 + 1.0)', 'Specificity': '1.0 (25 / 25 + 0)', 'AUC': 1.0, 'r2': 1.0}
2023-05-28 19:41:12,313 [INFO] Save test_prediction_log data...
2023-05-28 19:41:12,316 [INFO] {'Data': 'test', 'ACC': '0.66 (27 / 41)', 'TP': 8, 'FP': 6, 'FN': 8, 'TN': 19, 'Precision': '0.57 (8 / 8 + 6)', 'Recall': '0.5 (8 / 8 + 8)', 'F1': '0.53 (2 * (0.5 * 0.57) / 0.5 + 0.57)', 'Specificity': '0.76 (19 / 19 + 6)', 'AUC': 0.63, 'r2': -0.44}
2023-05-28 19:41:12,319 [INFO] Save training_log data...
2023-05-28 19:41:12,320 [INFO] Save score_log data...
2023-05-28 19:41:12,322 [INFO] Time : 4.484032392501831
