2023-05-27 20:00:16,992 [INFO] Train data : Vary_params_SH\DUD-E\ROCK1\nG1_80\ECFP4_512bits\MinMax\ROCK1_train_vector.tsv
2023-05-27 20:00:16,992 [INFO] Valid data : Vary_params_SH\DUD-E\ROCK1\nG1_80\ECFP4_512bits\MinMax\ROCK1_valid_vector.tsv
2023-05-27 20:00:16,992 [INFO] Output path : Vary_params_SH\DUD-E\ROCK1\nG1_80\ECFP4_512bits\MinMax\ROCK1_model\SVM
2023-05-27 20:00:16,992 [INFO] Model type : SVM
2023-05-27 20:00:16,992 [INFO] Use cores : 3
2023-05-27 20:00:17,028 [INFO] Start Learning model
2023-05-27 20:00:17,028 [INFO] Train : 70 | Valid : 25
2023-05-27 20:00:17,028 [INFO] Set parameters : {'kernel': ['linear', 'rbf'], 'C': [0.01, 0.1, 1, 10, 100, 1000], 'gamma': [0.01, 0.1, 1, 100, 1000]}
2023-05-27 20:00:21,820 [INFO] GridSearchCV results :
    mean_valid_accuracy  mean_valid_precision  mean_valid_auc
30             1.000000                   1.0             1.0
16             1.000000                   1.0             1.0
38             1.000000                   1.0             1.0
34             1.000000                   1.0             1.0
32             1.000000                   1.0             1.0
31             1.000000                   1.0             1.0
40             1.000000                   1.0             1.0
41             1.000000                   1.0             1.0
28             1.000000                   1.0             1.0
42             1.000000                   1.0             1.0
26             1.000000                   1.0             1.0
24             1.000000                   1.0             1.0
44             1.000000                   1.0             1.0
22             1.000000                   1.0             1.0
20             1.000000                   1.0             1.0
46             1.000000                   1.0             1.0
18             1.000000                   1.0             1.0
51             1.000000                   1.0             1.0
50             1.000000                   1.0             1.0
58             1.000000                   1.0             1.0
56             1.000000                   1.0             1.0
54             1.000000                   1.0             1.0
52             1.000000                   1.0             1.0
10             1.000000                   1.0             1.0
36             1.000000                   1.0             1.0
12             1.000000                   1.0             1.0
14             1.000000                   1.0             1.0
48             1.000000                   1.0             1.0
43             0.857143                   0.0             0.5
37             0.857143                   0.0             0.5
49             0.857143                   0.0             0.5
53             0.857143                   0.0             0.5
45             0.857143                   0.0             0.5
55             0.857143                   0.0             0.5
39             0.857143                   0.0             0.5
57             0.857143                   0.0             0.5
47             0.857143                   0.0             0.5
0              0.857143                   0.0             0.5
35             0.857143                   0.0             0.5
33             0.857143                   0.0             0.5
2              0.857143                   0.0             0.5
3              0.857143                   0.0             0.5
4              0.857143                   0.0             0.5
5              0.857143                   0.0             0.5
6              0.857143                   0.0             0.5
7              0.857143                   0.0             0.5
8              0.857143                   0.0             0.5
9              0.857143                   0.0             0.5
11             0.857143                   0.0             0.5
13             0.857143                   0.0             0.5
15             0.857143                   0.0             0.5
17             0.857143                   0.0             0.5
19             0.857143                   0.0             0.5
21             0.857143                   0.0             0.5
23             0.857143                   0.0             0.5
25             0.857143                   0.0             0.5
27             0.857143                   0.0             0.5
29             0.857143                   0.0             0.5
1              0.857143                   0.0             0.5
59             0.857143                   0.0             0.5
2023-05-27 20:00:21,821 [INFO] Best model :
SVC(C=0.1, gamma=0.01, kernel='linear', random_state=42)
2023-05-27 20:00:21,828 [INFO] Save train_prediction_log data...
2023-05-27 20:00:21,833 [INFO] {'Data': 'train', 'ACC': '1.0 (70 / 70)', 'TP': 10, 'FP': 0, 'FN': 0, 'TN': 60, 'Precision': '1.0 (10 / 10 + 0)', 'Recall': '1.0 (10 / 10 + 0)', 'F1': '1.0 (2 * (1.0 * 1.0) / 1.0 + 1.0)', 'Specificity': '1.0 (60 / 60 + 0)', 'AUC': 1.0, 'r2': 1.0}
2023-05-27 20:00:21,839 [INFO] Save valid_prediction_log data...
2023-05-27 20:00:21,842 [INFO] {'Data': 'valid', 'ACC': '1.0 (25 / 25)', 'TP': 10, 'FP': 0, 'FN': 0, 'TN': 15, 'Precision': '1.0 (10 / 10 + 0)', 'Recall': '1.0 (10 / 10 + 0)', 'F1': '1.0 (2 * (1.0 * 1.0) / 1.0 + 1.0)', 'Specificity': '1.0 (15 / 15 + 0)', 'AUC': 1.0, 'r2': 1.0}
2023-05-27 20:00:21,863 [INFO] Save test_prediction_log data...
2023-05-27 20:00:21,866 [INFO] {'Data': 'test', 'ACC': '0.56 (14 / 25)', 'TP': 1, 'FP': 2, 'FN': 9, 'TN': 13, 'Precision': '0.33 (1 / 1 + 2)', 'Recall': '0.1 (1 / 1 + 9)', 'F1': '0.15 (2 * (0.1 * 0.33) / 0.1 + 0.33)', 'Specificity': '0.87 (13 / 13 + 2)', 'AUC': 0.48, 'r2': -0.83}
2023-05-27 20:00:21,869 [INFO] Save training_log data...
2023-05-27 20:00:21,871 [INFO] Save score_log data...
2023-05-27 20:00:21,872 [INFO] Time : 4.8805224895477295
