2023-05-30 19:51:42,427 [INFO] Train data : Vary_params_BRAF_MK14\DUD-E\MK14\nG1_80\ECFP4_512bits\Robust\MK14_train_vector.tsv
2023-05-30 19:51:42,427 [INFO] Valid data : Vary_params_BRAF_MK14\DUD-E\MK14\nG1_80\ECFP4_512bits\Robust\MK14_valid_vector.tsv
2023-05-30 19:51:42,427 [INFO] Output path : Vary_params_BRAF_MK14\DUD-E\MK14\nG1_80\ECFP4_512bits\Robust\MK14_model\MLP
2023-05-30 19:51:42,427 [INFO] Model type : MLP
2023-05-30 19:51:42,427 [INFO] Use cores : 10
2023-05-30 19:51:42,471 [INFO] Start Learning model
2023-05-30 19:51:42,471 [INFO] Train : 871 | Valid : 225
2023-05-30 19:51:42,472 [INFO] Set parameters : {'hidden_layer_sizes': [(50,), (100,), (50, 50), (100, 100)], 'learning_rate': ['constant', 'invscaling', 'adaptive'], 'activation': ['relu', 'identity', 'logistic', 'tanh'], 'solver': ['adam', 'sgd', 'lbfgs'], 'alpha': [0.1, 0.01, 0.001], 'max_iter': [500, 1000], 'early_stopping': [True]}
2023-05-30 20:07:57,694 [INFO] GridSearchCV results :
     mean_valid_accuracy  mean_valid_precision  mean_valid_auc
549             0.950666              0.993548        0.936027
627             0.950666              0.993548        0.936027
483             0.954101              0.993548        0.940572
480             0.954101              0.993548        0.940572
477             0.954101              0.993548        0.940572
..                   ...                   ...             ...
643             0.621121              0.000000        0.500000
469             0.621121              0.000000        0.500000
472             0.621121              0.000000        0.500000
640             0.621121              0.000000        0.500000
622             0.621121              0.000000        0.500000

[864 rows x 3 columns]
2023-05-30 20:07:57,695 [INFO] Best model :
MLPClassifier(activation='logistic', alpha=0.1, early_stopping=True,
              hidden_layer_sizes=(50, 50), max_iter=500, random_state=42)
2023-05-30 20:07:57,707 [INFO] Save train_prediction_log data...
2023-05-30 20:07:57,711 [INFO] {'Data': 'train', 'ACC': '1.0 (867 / 871)', 'TP': 327, 'FP': 1, 'FN': 3, 'TN': 540, 'Precision': '1.0 (327 / 327 + 1)', 'Recall': '0.99 (327 / 327 + 3)', 'F1': '0.99 (2 * (0.99 * 1.0) / 0.99 + 1.0)', 'Specificity': '1.0 (540 / 540 + 1)', 'AUC': 0.99, 'r2': 0.98}
2023-05-30 20:07:57,719 [INFO] Save valid_prediction_log data...
2023-05-30 20:07:57,722 [INFO] {'Data': 'valid', 'ACC': '0.98 (220 / 225)', 'TP': 86, 'FP': 1, 'FN': 4, 'TN': 134, 'Precision': '0.99 (86 / 86 + 1)', 'Recall': '0.96 (86 / 86 + 4)', 'F1': '0.97 (2 * (0.96 * 0.99) / 0.96 + 0.99)', 'Specificity': '0.99 (134 / 134 + 1)', 'AUC': 0.97, 'r2': 0.91}
2023-05-30 20:07:57,742 [INFO] Save test_prediction_log data...
2023-05-30 20:07:57,744 [INFO] {'Data': 'test', 'ACC': '0.7 (158 / 225)', 'TP': 62, 'FP': 39, 'FN': 28, 'TN': 96, 'Precision': '0.61 (62 / 62 + 39)', 'Recall': '0.69 (62 / 62 + 28)', 'F1': '0.65 (2 * (0.69 * 0.61) / 0.69 + 0.61)', 'Specificity': '0.71 (96 / 96 + 39)', 'AUC': 0.7, 'r2': -0.24}
2023-05-30 20:07:58,125 [INFO] Save training_log data...
2023-05-30 20:07:58,226 [INFO] Save score_log data...
2023-05-30 20:07:58,227 [INFO] Time : 975.7993276119232
