2023-05-28 16:28:45,195 [INFO] Train data : Vary_params_CDK2_EGFR_LCK\DUD-E\EGFR\nG1_50\ECFP6_256bits\Robust\EGFR_train_vector.tsv
2023-05-28 16:28:45,195 [INFO] Valid data : Vary_params_CDK2_EGFR_LCK\DUD-E\EGFR\nG1_50\ECFP6_256bits\Robust\EGFR_valid_vector.tsv
2023-05-28 16:28:45,195 [INFO] Output path : Vary_params_CDK2_EGFR_LCK\DUD-E\EGFR\nG1_50\ECFP6_256bits\Robust\EGFR_model\MLP
2023-05-28 16:28:45,195 [INFO] Model type : MLP
2023-05-28 16:28:45,195 [INFO] Use cores : 19
2023-05-28 16:28:45,215 [INFO] Start Learning model
2023-05-28 16:28:45,215 [INFO] Train : 870 | Valid : 218
2023-05-28 16:28:45,215 [INFO] Set parameters : {'hidden_layer_sizes': [(50,), (100,), (50, 50), (100, 100)], 'learning_rate': ['constant', 'invscaling', 'adaptive'], 'activation': ['relu', 'identity', 'logistic', 'tanh'], 'solver': ['adam', 'sgd', 'lbfgs'], 'alpha': [0.1, 0.01, 0.001], 'max_iter': [500, 1000], 'early_stopping': [True]}
2023-05-28 16:34:40,717 [INFO] GridSearchCV results :
     mean_valid_accuracy  mean_valid_precision  mean_valid_auc
594             0.888506              0.929626        0.870871
609             0.888506              0.929626        0.870871
522             0.888506              0.929626        0.870871
525             0.888506              0.929626        0.870871
528             0.888506              0.929626        0.870871
..                   ...                   ...             ...
544             0.597701              0.050000        0.498640
541             0.597701              0.050000        0.498640
484             0.597701              0.050000        0.498640
481             0.597701              0.050000        0.498640
628             0.597701              0.050000        0.498640

[864 rows x 3 columns]
2023-05-28 16:34:40,718 [INFO] Best model :
MLPClassifier(activation='logistic', alpha=0.01, early_stopping=True,
              max_iter=500, random_state=42)
2023-05-28 16:34:40,727 [INFO] Save train_prediction_log data...
2023-05-28 16:34:40,730 [INFO] {'Data': 'train', 'ACC': '0.98 (856 / 870)', 'TP': 337, 'FP': 3, 'FN': 11, 'TN': 519, 'Precision': '0.99 (337 / 337 + 3)', 'Recall': '0.97 (337 / 337 + 11)', 'F1': '0.98 (2 * (0.97 * 0.99) / 0.97 + 0.99)', 'Specificity': '0.99 (519 / 519 + 3)', 'AUC': 0.98, 'r2': 0.93}
2023-05-28 16:34:40,735 [INFO] Save valid_prediction_log data...
2023-05-28 16:34:40,737 [INFO] {'Data': 'valid', 'ACC': '0.92 (200 / 218)', 'TP': 77, 'FP': 8, 'FN': 10, 'TN': 123, 'Precision': '0.91 (77 / 77 + 8)', 'Recall': '0.89 (77 / 77 + 10)', 'F1': '0.9 (2 * (0.89 * 0.91) / 0.89 + 0.91)', 'Specificity': '0.94 (123 / 123 + 8)', 'AUC': 0.91, 'r2': 0.66}
2023-05-28 16:34:40,748 [INFO] Save test_prediction_log data...
2023-05-28 16:34:40,750 [INFO] {'Data': 'test', 'ACC': '0.57 (124 / 218)', 'TP': 31, 'FP': 38, 'FN': 56, 'TN': 93, 'Precision': '0.45 (31 / 31 + 38)', 'Recall': '0.36 (31 / 31 + 56)', 'F1': '0.4 (2 * (0.36 * 0.45) / 0.36 + 0.45)', 'Specificity': '0.71 (93 / 93 + 38)', 'AUC': 0.53, 'r2': -0.8}
2023-05-28 16:34:40,752 [INFO] Save training_log data...
2023-05-28 16:34:40,757 [INFO] Save score_log data...
2023-05-28 16:34:40,758 [INFO] Time : 355.5633294582367
