2023-05-30 22:22:11,321 [INFO] Train data : Vary_params_BRAF_MK14\DUD-E\MK14\nG1_80\ECFP4_512bits\MinMax\MK14_train_vector.tsv
2023-05-30 22:22:11,321 [INFO] Valid data : Vary_params_BRAF_MK14\DUD-E\MK14\nG1_80\ECFP4_512bits\MinMax\MK14_valid_vector.tsv
2023-05-30 22:22:11,322 [INFO] Output path : Vary_params_BRAF_MK14\DUD-E\MK14\nG1_80\ECFP4_512bits\MinMax\MK14_model\MLP
2023-05-30 22:22:11,322 [INFO] Model type : MLP
2023-05-30 22:22:11,322 [INFO] Use cores : 10
2023-05-30 22:22:11,366 [INFO] Start Learning model
2023-05-30 22:22:11,366 [INFO] Train : 871 | Valid : 225
2023-05-30 22:22:11,366 [INFO] Set parameters : {'hidden_layer_sizes': [(50,), (100,), (50, 50), (100, 100)], 'learning_rate': ['constant', 'invscaling', 'adaptive'], 'activation': ['relu', 'identity', 'logistic', 'tanh'], 'solver': ['adam', 'sgd', 'lbfgs'], 'alpha': [0.1, 0.01, 0.001], 'max_iter': [500, 1000], 'early_stopping': [True]}
2023-05-30 22:36:26,782 [INFO] GridSearchCV results :
     mean_valid_accuracy  mean_valid_precision  mean_valid_auc
432             0.971369              0.990396        0.963889
447             0.971369              0.990396        0.963889
444             0.971369              0.990396        0.963889
441             0.971369              0.990396        0.963889
438             0.971369              0.990396        0.963889
..                   ...                   ...             ...
46              0.621121              0.000000        0.500000
628             0.621121              0.000000        0.500000
631             0.621121              0.000000        0.500000
550             0.621121              0.000000        0.500000
474             0.621121              0.000000        0.500000

[864 rows x 3 columns]
2023-05-30 22:36:26,783 [INFO] Best model :
MLPClassifier(activation='logistic', alpha=0.1, early_stopping=True,
              hidden_layer_sizes=(50,), max_iter=500, random_state=42)
2023-05-30 22:36:26,796 [INFO] Save train_prediction_log data...
2023-05-30 22:36:26,816 [INFO] {'Data': 'train', 'ACC': '0.97 (848 / 871)', 'TP': 308, 'FP': 1, 'FN': 22, 'TN': 540, 'Precision': '1.0 (308 / 308 + 1)', 'Recall': '0.93 (308 / 308 + 22)', 'F1': '0.96 (2 * (0.93 * 1.0) / 0.93 + 1.0)', 'Specificity': '1.0 (540 / 540 + 1)', 'AUC': 0.97, 'r2': 0.89}
2023-05-30 22:36:26,825 [INFO] Save valid_prediction_log data...
2023-05-30 22:36:26,828 [INFO] {'Data': 'valid', 'ACC': '0.99 (222 / 225)', 'TP': 88, 'FP': 1, 'FN': 2, 'TN': 134, 'Precision': '0.99 (88 / 88 + 1)', 'Recall': '0.98 (88 / 88 + 2)', 'F1': '0.98 (2 * (0.98 * 0.99) / 0.98 + 0.99)', 'Specificity': '0.99 (134 / 134 + 1)', 'AUC': 0.99, 'r2': 0.94}
2023-05-30 22:36:26,852 [INFO] Save test_prediction_log data...
2023-05-30 22:36:26,854 [INFO] {'Data': 'test', 'ACC': '0.71 (160 / 225)', 'TP': 61, 'FP': 36, 'FN': 29, 'TN': 99, 'Precision': '0.63 (61 / 61 + 36)', 'Recall': '0.68 (61 / 61 + 29)', 'F1': '0.65 (2 * (0.68 * 0.63) / 0.68 + 0.63)', 'Specificity': '0.73 (99 / 99 + 36)', 'AUC': 0.71, 'r2': -0.2}
2023-05-30 22:36:26,857 [INFO] Save training_log data...
2023-05-30 22:36:26,862 [INFO] Save score_log data...
2023-05-30 22:36:26,863 [INFO] Time : 855.5412957668304
