2023-05-29 18:36:40,031 [INFO] Train data : Baseline_noscale_DUDE\DUD-E\AKT1\ECFP4_512bits\AKT1_raw_train.tsv
2023-05-29 18:36:40,031 [INFO] Valid data : Baseline_noscale_DUDE\DUD-E\AKT1\ECFP4_512bits\AKT1_raw_valid.tsv
2023-05-29 18:36:40,031 [INFO] Output path : Baseline_noscale_DUDE\DUD-E\AKT1\ECFP4_512bits\AKT1_model\XGB
2023-05-29 18:36:40,031 [INFO] Model type : XGB
2023-05-29 18:36:40,031 [INFO] Use cores : 12
2023-05-29 18:36:40,050 [INFO] Start Learning model
2023-05-29 18:36:40,050 [INFO] Train : 481 | Valid : 120
2023-05-29 18:36:40,051 [INFO] Set parameters : {'max_depth': [4, 6, 8], 'learning_rate': [0.01, 0.2], 'n_estimators': [200, 600, 1000], 'gamma': [0, 1000], 'min_child_weight': [1, 3], 'subsample': [0.5, 1], 'colsample_bytree': [0.5, 1], 'objective': ['binary:logitraw'], 'eval_metric': ['auc', 'error']}
2023-05-29 18:54:46,798 [INFO] GridSearchCV results :
     mean_valid_accuracy  mean_valid_precision  mean_valid_auc
0               0.962755                 0.995        0.954592
26              0.981420                 0.995        0.977750
30              0.946173                 0.995        0.934197
31              0.971131                 0.995        0.964986
144             0.962755                 0.995        0.954592
..                   ...                   ...             ...
263             0.600850                 0.000        0.500000
262             0.600850                 0.000        0.500000
261             0.600850                 0.000        0.500000
260             0.600850                 0.000        0.500000
575             0.600850                 0.000        0.500000

[576 rows x 3 columns]
2023-05-29 18:54:46,800 [INFO] Best model :
XGBClassifier(base_score=None, booster=None, callbacks=None,
              colsample_bylevel=None, colsample_bynode=None,
              colsample_bytree=0.5, early_stopping_rounds=None,
              enable_categorical=False, eval_metric='auc', feature_types=None,
              gamma=0, gpu_id=None, grow_policy=None, importance_type=None,
              interaction_constraints=None, learning_rate=0.01, max_bin=None,
              max_cat_threshold=None, max_cat_to_onehot=None,
              max_delta_step=None, max_depth=4, max_leaves=None,
              min_child_weight=1, missing=nan, monotone_constraints=None,
              n_estimators=200, n_jobs=0, num_parallel_tree=None,
              objective='binary:logitraw', predictor=None, ...)
2023-05-29 18:54:46,824 [INFO] Save train_prediction_log data...
2023-05-29 18:54:46,830 [INFO] {'Data': 'train', 'ACC': '1.0 (479 / 481)', 'TP': 190, 'FP': 0, 'FN': 2, 'TN': 289, 'Precision': '1.0 (190 / 190 + 0)', 'Recall': '0.99 (190 / 190 + 2)', 'F1': '0.99 (2 * (0.99 * 1.0) / 0.99 + 1.0)', 'Specificity': '1.0 (289 / 289 + 0)', 'AUC': 0.99, 'r2': 0.98}
2023-05-29 18:54:46,850 [INFO] Save valid_prediction_log data...
2023-05-29 18:54:46,854 [INFO] {'Data': 'valid', 'ACC': '0.99 (119 / 120)', 'TP': 48, 'FP': 1, 'FN': 0, 'TN': 71, 'Precision': '0.98 (48 / 48 + 1)', 'Recall': '1.0 (48 / 48 + 0)', 'F1': '0.99 (2 * (1.0 * 0.98) / 1.0 + 0.98)', 'Specificity': '0.99 (71 / 71 + 1)', 'AUC': 0.99, 'r2': 0.97}
2023-05-29 18:54:46,888 [INFO] Save test_prediction_log data...
2023-05-29 18:54:46,892 [INFO] {'Data': 'test', 'ACC': '0.74 (89 / 120)', 'TP': 24, 'FP': 7, 'FN': 24, 'TN': 65, 'Precision': '0.77 (24 / 24 + 7)', 'Recall': '0.5 (24 / 24 + 24)', 'F1': '0.61 (2 * (0.5 * 0.77) / 0.5 + 0.77)', 'Specificity': '0.9 (65 / 65 + 7)', 'AUC': 0.7, 'r2': -0.08}
2023-05-29 18:54:46,898 [INFO] Save training_log data...
2023-05-29 18:54:46,904 [INFO] Save score_log data...
2023-05-29 18:54:46,905 [INFO] Time : 1086.8736934661865
