2023-05-28 07:49:22,040 [INFO] Train data : Vary_params_SH\DUD-E\TGFR1\nG1_20\ECFP6_256bits\Standard\TGFR1_train_vector.tsv
2023-05-28 07:49:22,040 [INFO] Valid data : Vary_params_SH\DUD-E\TGFR1\nG1_20\ECFP6_256bits\Standard\TGFR1_valid_vector.tsv
2023-05-28 07:49:22,040 [INFO] Output path : Vary_params_SH\DUD-E\TGFR1\nG1_20\ECFP6_256bits\Standard\TGFR1_model\SVM
2023-05-28 07:49:22,040 [INFO] Model type : SVM
2023-05-28 07:49:22,040 [INFO] Use cores : 3
2023-05-28 07:49:22,073 [INFO] Start Learning model
2023-05-28 07:49:22,073 [INFO] Train : 194 | Valid : 41
2023-05-28 07:49:22,073 [INFO] Set parameters : {'kernel': ['linear', 'rbf'], 'C': [0.01, 0.1, 1, 10, 100, 1000], 'gamma': [0.01, 0.1, 1, 100, 1000]}
2023-05-28 07:49:26,677 [INFO] GridSearchCV results :
    mean_valid_accuracy  mean_valid_precision  mean_valid_auc
21             0.969474              1.000000        0.969444
41             0.969474              1.000000        0.969444
31             0.969474              1.000000        0.969444
51             0.969474              1.000000        0.969444
26             0.979474              0.971818        0.979444
28             0.979474              0.971818        0.979444
32             0.979474              0.971818        0.979444
34             0.979474              0.971818        0.979444
36             0.979474              0.971818        0.979444
38             0.979474              0.971818        0.979444
40             0.979474              0.971818        0.979444
0              0.979474              0.971818        0.979444
24             0.979474              0.971818        0.979444
44             0.979474              0.971818        0.979444
46             0.979474              0.971818        0.979444
48             0.979474              0.971818        0.979444
50             0.979474              0.971818        0.979444
52             0.979474              0.971818        0.979444
54             0.979474              0.971818        0.979444
56             0.979474              0.971818        0.979444
58             0.979474              0.971818        0.979444
42             0.979474              0.971818        0.979444
30             0.979474              0.971818        0.979444
12             0.979474              0.971818        0.979444
2              0.979474              0.971818        0.979444
20             0.979474              0.971818        0.979444
22             0.979474              0.971818        0.979444
4              0.979474              0.971818        0.979444
18             0.979474              0.971818        0.979444
8              0.979474              0.971818        0.979444
10             0.979474              0.971818        0.979444
16             0.979474              0.971818        0.979444
6              0.979474              0.971818        0.979444
14             0.979474              0.971818        0.979444
49             0.505263              0.000000        0.500000
9              0.505263              0.000000        0.500000
47             0.505263              0.000000        0.500000
5              0.505263              0.000000        0.500000
7              0.505263              0.000000        0.500000
53             0.505263              0.000000        0.500000
55             0.505263              0.000000        0.500000
3              0.505263              0.000000        0.500000
57             0.505263              0.000000        0.500000
45             0.505263              0.000000        0.500000
23             0.505263              0.000000        0.500000
43             0.505263              0.000000        0.500000
11             0.505263              0.000000        0.500000
13             0.505263              0.000000        0.500000
39             0.505263              0.000000        0.500000
37             0.505263              0.000000        0.500000
15             0.505263              0.000000        0.500000
35             0.505263              0.000000        0.500000
33             0.505263              0.000000        0.500000
17             0.505263              0.000000        0.500000
1              0.505263              0.000000        0.500000
29             0.505263              0.000000        0.500000
19             0.505263              0.000000        0.500000
27             0.505263              0.000000        0.500000
25             0.505263              0.000000        0.500000
59             0.505263              0.000000        0.500000
2023-05-28 07:49:26,680 [INFO] Best model :
SVC(C=1, gamma=0.01, random_state=42)
2023-05-28 07:49:26,694 [INFO] Save train_prediction_log data...
2023-05-28 07:49:26,698 [INFO] {'Data': 'train', 'ACC': '1.0 (194 / 194)', 'TP': 96, 'FP': 0, 'FN': 0, 'TN': 98, 'Precision': '1.0 (96 / 96 + 0)', 'Recall': '1.0 (96 / 96 + 0)', 'F1': '1.0 (2 * (1.0 * 1.0) / 1.0 + 1.0)', 'Specificity': '1.0 (98 / 98 + 0)', 'AUC': 1.0, 'r2': 1.0}
2023-05-28 07:49:26,705 [INFO] Save valid_prediction_log data...
2023-05-28 07:49:26,708 [INFO] {'Data': 'valid', 'ACC': '1.0 (41 / 41)', 'TP': 16, 'FP': 0, 'FN': 0, 'TN': 25, 'Precision': '1.0 (16 / 16 + 0)', 'Recall': '1.0 (16 / 16 + 0)', 'F1': '1.0 (2 * (1.0 * 1.0) / 1.0 + 1.0)', 'Specificity': '1.0 (25 / 25 + 0)', 'AUC': 1.0, 'r2': 1.0}
2023-05-28 07:49:26,726 [INFO] Save test_prediction_log data...
2023-05-28 07:49:26,729 [INFO] {'Data': 'test', 'ACC': '0.59 (24 / 41)', 'TP': 2, 'FP': 3, 'FN': 14, 'TN': 22, 'Precision': '0.4 (2 / 2 + 3)', 'Recall': '0.12 (2 / 2 + 14)', 'F1': '0.18 (2 * (0.12 * 0.4) / 0.12 + 0.4)', 'Specificity': '0.88 (22 / 22 + 3)', 'AUC': 0.5, 'r2': -0.74}
2023-05-28 07:49:26,732 [INFO] Save training_log data...
2023-05-28 07:49:26,734 [INFO] Save score_log data...
2023-05-28 07:49:26,736 [INFO] Time : 4.694814443588257
