2023-05-29 09:05:00,072 [INFO] Train data : Vary_params_SH\DUD-E\TGFR1\nG1_80\ECFP6_512bits\MinMax\TGFR1_train_vector.tsv
2023-05-29 09:05:00,072 [INFO] Valid data : Vary_params_SH\DUD-E\TGFR1\nG1_80\ECFP6_512bits\MinMax\TGFR1_valid_vector.tsv
2023-05-29 09:05:00,072 [INFO] Output path : Vary_params_SH\DUD-E\TGFR1\nG1_80\ECFP6_512bits\MinMax\TGFR1_model\SVM
2023-05-29 09:05:00,073 [INFO] Model type : SVM
2023-05-29 09:05:00,073 [INFO] Use cores : 3
2023-05-29 09:05:00,110 [INFO] Start Learning model
2023-05-29 09:05:00,111 [INFO] Train : 134 | Valid : 41
2023-05-29 09:05:00,111 [INFO] Set parameters : {'kernel': ['linear', 'rbf'], 'C': [0.01, 0.1, 1, 10, 100, 1000], 'gamma': [0.01, 0.1, 1, 100, 1000]}
2023-05-29 09:05:05,327 [INFO] GridSearchCV results :
    mean_valid_accuracy  mean_valid_precision  mean_valid_auc
0              0.978022                   1.0          0.9625
22             0.992857                   1.0          0.9875
26             0.992857                   1.0          0.9875
28             0.992857                   1.0          0.9875
31             0.978022                   1.0          0.9625
32             0.992857                   1.0          0.9875
34             0.992857                   1.0          0.9875
36             0.992857                   1.0          0.9875
38             0.992857                   1.0          0.9875
40             0.992857                   1.0          0.9875
41             0.978022                   1.0          0.9625
42             0.992857                   1.0          0.9875
44             0.992857                   1.0          0.9875
46             0.992857                   1.0          0.9875
48             0.992857                   1.0          0.9875
50             0.992857                   1.0          0.9875
51             0.978022                   1.0          0.9625
52             0.992857                   1.0          0.9875
54             0.992857                   1.0          0.9875
56             0.992857                   1.0          0.9875
58             0.992857                   1.0          0.9875
24             0.992857                   1.0          0.9875
30             0.992857                   1.0          0.9875
12             0.992857                   1.0          0.9875
2              0.978022                   1.0          0.9625
20             0.992857                   1.0          0.9875
21             0.978022                   1.0          0.9625
4              0.978022                   1.0          0.9625
18             0.992857                   1.0          0.9875
8              0.978022                   1.0          0.9625
10             0.992857                   1.0          0.9875
16             0.992857                   1.0          0.9875
6              0.978022                   1.0          0.9625
14             0.992857                   1.0          0.9875
49             0.731868                   0.0          0.5000
9              0.731868                   0.0          0.5000
47             0.731868                   0.0          0.5000
5              0.731868                   0.0          0.5000
7              0.731868                   0.0          0.5000
53             0.731868                   0.0          0.5000
55             0.731868                   0.0          0.5000
3              0.731868                   0.0          0.5000
57             0.731868                   0.0          0.5000
45             0.731868                   0.0          0.5000
23             0.731868                   0.0          0.5000
43             0.731868                   0.0          0.5000
11             0.731868                   0.0          0.5000
13             0.731868                   0.0          0.5000
39             0.731868                   0.0          0.5000
37             0.731868                   0.0          0.5000
15             0.731868                   0.0          0.5000
35             0.731868                   0.0          0.5000
33             0.731868                   0.0          0.5000
17             0.731868                   0.0          0.5000
1              0.731868                   0.0          0.5000
29             0.731868                   0.0          0.5000
19             0.731868                   0.0          0.5000
27             0.731868                   0.0          0.5000
25             0.731868                   0.0          0.5000
59             0.731868                   0.0          0.5000
2023-05-29 09:05:05,329 [INFO] Best model :
SVC(C=0.01, gamma=0.01, kernel='linear', random_state=42)
2023-05-29 09:05:05,338 [INFO] Save train_prediction_log data...
2023-05-29 09:05:05,342 [INFO] {'Data': 'train', 'ACC': '1.0 (134 / 134)', 'TP': 36, 'FP': 0, 'FN': 0, 'TN': 98, 'Precision': '1.0 (36 / 36 + 0)', 'Recall': '1.0 (36 / 36 + 0)', 'F1': '1.0 (2 * (1.0 * 1.0) / 1.0 + 1.0)', 'Specificity': '1.0 (98 / 98 + 0)', 'AUC': 1.0, 'r2': 1.0}
2023-05-29 09:05:05,349 [INFO] Save valid_prediction_log data...
2023-05-29 09:05:05,352 [INFO] {'Data': 'valid', 'ACC': '1.0 (41 / 41)', 'TP': 16, 'FP': 0, 'FN': 0, 'TN': 25, 'Precision': '1.0 (16 / 16 + 0)', 'Recall': '1.0 (16 / 16 + 0)', 'F1': '1.0 (2 * (1.0 * 1.0) / 1.0 + 1.0)', 'Specificity': '1.0 (25 / 25 + 0)', 'AUC': 1.0, 'r2': 1.0}
2023-05-29 09:05:05,374 [INFO] Save test_prediction_log data...
2023-05-29 09:05:05,377 [INFO] {'Data': 'test', 'ACC': '0.61 (25 / 41)', 'TP': 3, 'FP': 3, 'FN': 13, 'TN': 22, 'Precision': '0.5 (3 / 3 + 3)', 'Recall': '0.19 (3 / 3 + 13)', 'F1': '0.28 (2 * (0.19 * 0.5) / 0.19 + 0.5)', 'Specificity': '0.88 (22 / 22 + 3)', 'AUC': 0.53, 'r2': -0.64}
2023-05-29 09:05:05,380 [INFO] Save training_log data...
2023-05-29 09:05:05,382 [INFO] Save score_log data...
2023-05-29 09:05:05,383 [INFO] Time : 5.310988187789917
