2023-05-27 23:43:04,724 [INFO] Train data : Vary_params\DUD-E\PLK1\nG1_80\ECFP6_256bits\Robust\PLK1_train_vector.tsv
2023-05-27 23:43:04,724 [INFO] Valid data : Vary_params\DUD-E\PLK1\nG1_80\ECFP6_256bits\Robust\PLK1_valid_vector.tsv
2023-05-27 23:43:04,724 [INFO] Output path : Vary_params\DUD-E\PLK1\nG1_80\ECFP6_256bits\Robust\PLK1_model\MLP
2023-05-27 23:43:04,724 [INFO] Model type : MLP
2023-05-27 23:43:04,724 [INFO] Use cores : 10
2023-05-27 23:43:04,741 [INFO] Start Learning model
2023-05-27 23:43:04,741 [INFO] Train : 84 | Valid : 28
2023-05-27 23:43:04,741 [INFO] Set parameters : {'hidden_layer_sizes': [(50,), (100,), (50, 50), (100, 100)], 'learning_rate': ['constant', 'invscaling', 'adaptive'], 'activation': ['relu', 'identity', 'logistic', 'tanh'], 'solver': ['adam', 'sgd', 'lbfgs'], 'alpha': [0.1, 0.01, 0.001], 'max_iter': [500, 1000], 'early_stopping': [True]}
2023-05-27 23:46:14,464 [INFO] GridSearchCV results :
     mean_valid_accuracy  mean_valid_precision  mean_valid_auc
794             0.862500                  0.55        0.727381
806             0.862500                  0.55        0.727381
809             0.862500                  0.55        0.727381
803             0.862500                  0.55        0.727381
800             0.862500                  0.55        0.727381
..                   ...                   ...             ...
541             0.730556                  0.00        0.448810
540             0.787500                  0.00        0.484524
538             0.711111                  0.00        0.442857
537             0.786111                  0.00        0.485714
633             0.811111                  0.00        0.500000

[864 rows x 3 columns]
2023-05-27 23:46:14,466 [INFO] Best model :
MLPClassifier(activation='tanh', alpha=0.001, early_stopping=True,
              hidden_layer_sizes=(50,), max_iter=500, random_state=42,
              solver='lbfgs')
2023-05-27 23:46:14,472 [INFO] Save train_prediction_log data...
2023-05-27 23:46:14,477 [INFO] {'Data': 'train', 'ACC': '1.0 (84 / 84)', 'TP': 16, 'FP': 0, 'FN': 0, 'TN': 68, 'Precision': '1.0 (16 / 16 + 0)', 'Recall': '1.0 (16 / 16 + 0)', 'F1': '1.0 (2 * (1.0 * 1.0) / 1.0 + 1.0)', 'Specificity': '1.0 (68 / 68 + 0)', 'AUC': 1.0, 'r2': 1.0}
2023-05-27 23:46:14,486 [INFO] Save valid_prediction_log data...
2023-05-27 23:46:14,489 [INFO] {'Data': 'valid', 'ACC': '0.82 (23 / 28)', 'TP': 6, 'FP': 0, 'FN': 5, 'TN': 17, 'Precision': '1.0 (6 / 6 + 0)', 'Recall': '0.55 (6 / 6 + 5)', 'F1': '0.71 (2 * (0.55 * 1.0) / 0.55 + 1.0)', 'Specificity': '1.0 (17 / 17 + 0)', 'AUC': 0.77, 'r2': 0.25}
2023-05-27 23:46:14,502 [INFO] Save test_prediction_log data...
2023-05-27 23:46:14,505 [INFO] {'Data': 'test', 'ACC': '0.61 (17 / 28)', 'TP': 1, 'FP': 1, 'FN': 10, 'TN': 16, 'Precision': '0.5 (1 / 1 + 1)', 'Recall': '0.09 (1 / 1 + 10)', 'F1': '0.15 (2 * (0.09 * 0.5) / 0.09 + 0.5)', 'Specificity': '0.94 (16 / 16 + 1)', 'AUC': 0.52, 'r2': -0.65}
2023-05-27 23:46:14,509 [INFO] Save training_log data...
2023-05-27 23:46:14,516 [INFO] Save score_log data...
2023-05-27 23:46:14,518 [INFO] Time : 189.79344534873962
