2023-05-27 19:09:19,284 [INFO] Train data : Vary_params\DUD-E\PLK1\nG1_50\ECFP4_512bits\Robust\PLK1_train_vector.tsv
2023-05-27 19:09:19,284 [INFO] Valid data : Vary_params\DUD-E\PLK1\nG1_50\ECFP4_512bits\Robust\PLK1_valid_vector.tsv
2023-05-27 19:09:19,284 [INFO] Output path : Vary_params\DUD-E\PLK1\nG1_50\ECFP4_512bits\Robust\PLK1_model\SVM
2023-05-27 19:09:19,284 [INFO] Model type : SVM
2023-05-27 19:09:19,284 [INFO] Use cores : 10
2023-05-27 19:09:19,306 [INFO] Start Learning model
2023-05-27 19:09:19,307 [INFO] Train : 114 | Valid : 28
2023-05-27 19:09:19,307 [INFO] Set parameters : {'kernel': ['linear', 'rbf'], 'C': [0.01, 0.1, 1, 10, 100, 1000], 'gamma': [0.01, 0.1, 1, 100, 1000]}
2023-05-27 19:09:22,031 [INFO] GridSearchCV results :
    mean_valid_accuracy  mean_valid_precision  mean_valid_auc
0              0.957576                  0.96        0.955714
20             0.957576                  0.96        0.955714
24             0.957576                  0.96        0.955714
26             0.957576                  0.96        0.955714
28             0.957576                  0.96        0.955714
32             0.957576                  0.96        0.955714
34             0.957576                  0.96        0.955714
36             0.957576                  0.96        0.955714
38             0.957576                  0.96        0.955714
40             0.957576                  0.96        0.955714
42             0.957576                  0.96        0.955714
44             0.957576                  0.96        0.955714
46             0.957576                  0.96        0.955714
48             0.957576                  0.96        0.955714
50             0.957576                  0.96        0.955714
52             0.957576                  0.96        0.955714
54             0.957576                  0.96        0.955714
56             0.957576                  0.96        0.955714
58             0.957576                  0.96        0.955714
22             0.957576                  0.96        0.955714
30             0.957576                  0.96        0.955714
10             0.957576                  0.96        0.955714
2              0.957576                  0.96        0.955714
18             0.957576                  0.96        0.955714
8              0.957576                  0.96        0.955714
16             0.957576                  0.96        0.955714
4              0.957576                  0.96        0.955714
12             0.957576                  0.96        0.955714
6              0.957576                  0.96        0.955714
14             0.957576                  0.96        0.955714
49             0.596970                  0.00        0.500000
9              0.596970                  0.00        0.500000
45             0.596970                  0.00        0.500000
47             0.596970                  0.00        0.500000
7              0.596970                  0.00        0.500000
21             0.596970                  0.00        0.500000
43             0.596970                  0.00        0.500000
5              0.596970                  0.00        0.500000
53             0.596970                  0.00        0.500000
55             0.596970                  0.00        0.500000
3              0.596970                  0.00        0.500000
57             0.596970                  0.00        0.500000
51             0.596970                  0.00        0.500000
11             0.596970                  0.00        0.500000
41             0.596970                  0.00        0.500000
19             0.596970                  0.00        0.500000
39             0.596970                  0.00        0.500000
37             0.596970                  0.00        0.500000
13             0.596970                  0.00        0.500000
35             0.596970                  0.00        0.500000
33             0.596970                  0.00        0.500000
15             0.596970                  0.00        0.500000
31             0.596970                  0.00        0.500000
1              0.596970                  0.00        0.500000
29             0.596970                  0.00        0.500000
27             0.596970                  0.00        0.500000
17             0.596970                  0.00        0.500000
25             0.596970                  0.00        0.500000
23             0.596970                  0.00        0.500000
59             0.596970                  0.00        0.500000
2023-05-27 19:09:22,034 [INFO] Best model :
SVC(C=0.01, gamma=0.01, kernel='linear', random_state=42)
2023-05-27 19:09:22,039 [INFO] Save train_prediction_log data...
2023-05-27 19:09:22,042 [INFO] {'Data': 'train', 'ACC': '1.0 (114 / 114)', 'TP': 46, 'FP': 0, 'FN': 0, 'TN': 68, 'Precision': '1.0 (46 / 46 + 0)', 'Recall': '1.0 (46 / 46 + 0)', 'F1': '1.0 (2 * (1.0 * 1.0) / 1.0 + 1.0)', 'Specificity': '1.0 (68 / 68 + 0)', 'AUC': 1.0, 'r2': 1.0}
2023-05-27 19:09:22,047 [INFO] Save valid_prediction_log data...
2023-05-27 19:09:22,049 [INFO] {'Data': 'valid', 'ACC': '1.0 (28 / 28)', 'TP': 11, 'FP': 0, 'FN': 0, 'TN': 17, 'Precision': '1.0 (11 / 11 + 0)', 'Recall': '1.0 (11 / 11 + 0)', 'F1': '1.0 (2 * (1.0 * 1.0) / 1.0 + 1.0)', 'Specificity': '1.0 (17 / 17 + 0)', 'AUC': 1.0, 'r2': 1.0}
2023-05-27 19:09:22,062 [INFO] Save test_prediction_log data...
2023-05-27 19:09:22,064 [INFO] {'Data': 'test', 'ACC': '0.71 (20 / 28)', 'TP': 4, 'FP': 1, 'FN': 7, 'TN': 16, 'Precision': '0.8 (4 / 4 + 1)', 'Recall': '0.36 (4 / 4 + 7)', 'F1': '0.5 (2 * (0.36 * 0.8) / 0.36 + 0.8)', 'Specificity': '0.94 (16 / 16 + 1)', 'AUC': 0.65, 'r2': -0.2}
2023-05-27 19:09:22,066 [INFO] Save training_log data...
2023-05-27 19:09:22,067 [INFO] Save score_log data...
2023-05-27 19:09:22,068 [INFO] Time : 2.7840006351470947
