2023-05-27 10:27:34,349 [INFO] Train data : Vary_params\DUD-E\MP2K1\nG1_50\ECFP4_512bits\Robust\MP2K1_train_vector.tsv
2023-05-27 10:27:34,349 [INFO] Valid data : Vary_params\DUD-E\MP2K1\nG1_50\ECFP4_512bits\Robust\MP2K1_valid_vector.tsv
2023-05-27 10:27:34,349 [INFO] Output path : Vary_params\DUD-E\MP2K1\nG1_50\ECFP4_512bits\Robust\MP2K1_model\MLP
2023-05-27 10:27:34,349 [INFO] Model type : MLP
2023-05-27 10:27:34,349 [INFO] Use cores : 10
2023-05-27 10:27:34,371 [INFO] Start Learning model
2023-05-27 10:27:34,371 [INFO] Train : 142 | Valid : 35
2023-05-27 10:27:34,371 [INFO] Set parameters : {'hidden_layer_sizes': [(50,), (100,), (50, 50), (100, 100)], 'learning_rate': ['constant', 'invscaling', 'adaptive'], 'activation': ['relu', 'identity', 'logistic', 'tanh'], 'solver': ['adam', 'sgd', 'lbfgs'], 'alpha': [0.1, 0.01, 0.001], 'max_iter': [500, 1000], 'early_stopping': [True]}
2023-05-27 10:30:21,533 [INFO] GridSearchCV results :
     mean_valid_accuracy  mean_valid_precision  mean_valid_auc
479             0.980000                   1.0           0.975
512             0.980000                   1.0           0.975
65              0.980000                   1.0           0.975
515             0.980000                   1.0           0.975
461             0.980000                   1.0           0.975
..                   ...                   ...             ...
559             0.598571                   0.0           0.500
631             0.598571                   0.0           0.500
627             0.598571                   0.0           0.500
483             0.598571                   0.0           0.500
468             0.598571                   0.0           0.500

[864 rows x 3 columns]
2023-05-27 10:30:21,534 [INFO] Best model :
MLPClassifier(alpha=0.1, early_stopping=True, hidden_layer_sizes=(50, 50),
              max_iter=500, random_state=42, solver='lbfgs')
2023-05-27 10:30:21,539 [INFO] Save train_prediction_log data...
2023-05-27 10:30:21,542 [INFO] {'Data': 'train', 'ACC': '1.0 (142 / 142)', 'TP': 57, 'FP': 0, 'FN': 0, 'TN': 85, 'Precision': '1.0 (57 / 57 + 0)', 'Recall': '1.0 (57 / 57 + 0)', 'F1': '1.0 (2 * (1.0 * 1.0) / 1.0 + 1.0)', 'Specificity': '1.0 (85 / 85 + 0)', 'AUC': 1.0, 'r2': 1.0}
2023-05-27 10:30:21,546 [INFO] Save valid_prediction_log data...
2023-05-27 10:30:21,549 [INFO] {'Data': 'valid', 'ACC': '1.0 (35 / 35)', 'TP': 14, 'FP': 0, 'FN': 0, 'TN': 21, 'Precision': '1.0 (14 / 14 + 0)', 'Recall': '1.0 (14 / 14 + 0)', 'F1': '1.0 (2 * (1.0 * 1.0) / 1.0 + 1.0)', 'Specificity': '1.0 (21 / 21 + 0)', 'AUC': 1.0, 'r2': 1.0}
2023-05-27 10:30:21,564 [INFO] Save test_prediction_log data...
2023-05-27 10:30:21,568 [INFO] {'Data': 'test', 'ACC': '0.66 (23 / 35)', 'TP': 5, 'FP': 3, 'FN': 9, 'TN': 18, 'Precision': '0.62 (5 / 5 + 3)', 'Recall': '0.36 (5 / 5 + 9)', 'F1': '0.46 (2 * (0.36 * 0.62) / 0.36 + 0.62)', 'Specificity': '0.86 (18 / 18 + 3)', 'AUC': 0.61, 'r2': -0.43}
2023-05-27 10:30:21,571 [INFO] Save training_log data...
2023-05-27 10:30:21,575 [INFO] Save score_log data...
2023-05-27 10:30:21,576 [INFO] Time : 167.2270472049713
