2023-05-28 10:51:49,338 [INFO] Train data : Vary_params_SH\DUD-E\TGFR1\nG1_20\ECFP6_512bits\Standard\TGFR1_train_vector.tsv
2023-05-28 10:51:49,339 [INFO] Valid data : Vary_params_SH\DUD-E\TGFR1\nG1_20\ECFP6_512bits\Standard\TGFR1_valid_vector.tsv
2023-05-28 10:51:49,339 [INFO] Output path : Vary_params_SH\DUD-E\TGFR1\nG1_20\ECFP6_512bits\Standard\TGFR1_model\MLP
2023-05-28 10:51:49,339 [INFO] Model type : MLP
2023-05-28 10:51:49,339 [INFO] Use cores : 3
2023-05-28 10:51:49,399 [INFO] Start Learning model
2023-05-28 10:51:49,399 [INFO] Train : 194 | Valid : 41
2023-05-28 10:51:49,399 [INFO] Set parameters : {'hidden_layer_sizes': [(50,), (100,), (50, 50), (100, 100)], 'learning_rate': ['constant', 'invscaling', 'adaptive'], 'activation': ['relu', 'identity', 'logistic', 'tanh'], 'solver': ['adam', 'sgd', 'lbfgs'], 'alpha': [0.1, 0.01, 0.001], 'max_iter': [500, 1000], 'early_stopping': [True]}
2023-05-28 11:00:18,279 [INFO] GridSearchCV results :
     mean_valid_accuracy  mean_valid_precision  mean_valid_auc
863             0.990000                   1.0        0.990000
605             0.990000                   1.0        0.990000
608             0.990000                   1.0        0.990000
609             0.959211                   1.0        0.958889
611             0.990000                   1.0        0.990000
..                   ...                   ...             ...
624             0.505263                   0.0        0.500000
625             0.505263                   0.0        0.500000
565             0.505263                   0.0        0.500000
478             0.505263                   0.0        0.500000
471             0.505263                   0.0        0.500000

[864 rows x 3 columns]
2023-05-28 11:00:18,281 [INFO] Best model :
MLPClassifier(alpha=0.1, early_stopping=True, hidden_layer_sizes=(50,),
              max_iter=500, random_state=42, solver='lbfgs')
2023-05-28 11:00:18,290 [INFO] Save train_prediction_log data...
2023-05-28 11:00:18,295 [INFO] {'Data': 'train', 'ACC': '1.0 (194 / 194)', 'TP': 96, 'FP': 0, 'FN': 0, 'TN': 98, 'Precision': '1.0 (96 / 96 + 0)', 'Recall': '1.0 (96 / 96 + 0)', 'F1': '1.0 (2 * (1.0 * 1.0) / 1.0 + 1.0)', 'Specificity': '1.0 (98 / 98 + 0)', 'AUC': 1.0, 'r2': 1.0}
2023-05-28 11:00:18,302 [INFO] Save valid_prediction_log data...
2023-05-28 11:00:18,305 [INFO] {'Data': 'valid', 'ACC': '1.0 (41 / 41)', 'TP': 16, 'FP': 0, 'FN': 0, 'TN': 25, 'Precision': '1.0 (16 / 16 + 0)', 'Recall': '1.0 (16 / 16 + 0)', 'F1': '1.0 (2 * (1.0 * 1.0) / 1.0 + 1.0)', 'Specificity': '1.0 (25 / 25 + 0)', 'AUC': 1.0, 'r2': 1.0}
2023-05-28 11:00:18,331 [INFO] Save test_prediction_log data...
2023-05-28 11:00:18,334 [INFO] {'Data': 'test', 'ACC': '0.59 (24 / 41)', 'TP': 8, 'FP': 9, 'FN': 8, 'TN': 16, 'Precision': '0.47 (8 / 8 + 9)', 'Recall': '0.5 (8 / 8 + 8)', 'F1': '0.48 (2 * (0.5 * 0.47) / 0.5 + 0.47)', 'Specificity': '0.64 (16 / 16 + 9)', 'AUC': 0.57, 'r2': -0.74}
2023-05-28 11:00:18,337 [INFO] Save training_log data...
2023-05-28 11:00:18,545 [INFO] Save score_log data...
2023-05-28 11:00:18,547 [INFO] Time : 509.2089877128601
