2023-05-30 06:33:07,746 [INFO] Train data : Baseline_noscale\DUD-E\ROCK1\ECFP4_256bits\ROCK1_raw_train.tsv
2023-05-30 06:33:07,746 [INFO] Valid data : Baseline_noscale\DUD-E\ROCK1\ECFP4_256bits\ROCK1_raw_valid.tsv
2023-05-30 06:33:07,746 [INFO] Output path : Baseline_noscale\DUD-E\ROCK1\ECFP4_256bits\ROCK1_model\MLP
2023-05-30 06:33:07,746 [INFO] Model type : MLP
2023-05-30 06:33:07,746 [INFO] Use cores : 12
2023-05-30 06:33:07,755 [INFO] Start Learning model
2023-05-30 06:33:07,755 [INFO] Train : 100 | Valid : 25
2023-05-30 06:33:07,755 [INFO] Set parameters : {'hidden_layer_sizes': [(50,), (100,), (50, 50), (100, 100)], 'learning_rate': ['constant', 'invscaling', 'adaptive'], 'activation': ['relu', 'identity', 'logistic', 'tanh'], 'solver': ['adam', 'sgd', 'lbfgs'], 'alpha': [0.1, 0.01, 0.001], 'max_iter': [500, 1000], 'early_stopping': [True]}
2023-05-30 06:33:57,355 [INFO] GridSearchCV results :
     mean_valid_accuracy  mean_valid_precision  mean_valid_auc
465                 0.82                   1.0          0.7750
534                 0.83                   1.0          0.7875
453                 0.82                   1.0          0.7750
528                 0.83                   1.0          0.7875
606                 0.83                   1.0          0.7875
..                   ...                   ...             ...
480                 0.60                   0.0          0.5000
481                 0.60                   0.0          0.5000
483                 0.60                   0.0          0.5000
484                 0.60                   0.0          0.5000
633                 0.60                   0.0          0.5000

[864 rows x 3 columns]
2023-05-30 06:33:57,356 [INFO] Best model :
MLPClassifier(activation='logistic', alpha=0.1, early_stopping=True,
              max_iter=500, random_state=42)
2023-05-30 06:33:57,360 [INFO] Save train_prediction_log data...
2023-05-30 06:33:57,362 [INFO] {'Data': 'train', 'ACC': '0.95 (95 / 100)', 'TP': 35, 'FP': 0, 'FN': 5, 'TN': 60, 'Precision': '1.0 (35 / 35 + 0)', 'Recall': '0.88 (35 / 35 + 5)', 'F1': '0.94 (2 * (0.88 * 1.0) / 0.88 + 1.0)', 'Specificity': '1.0 (60 / 60 + 0)', 'AUC': 0.94, 'r2': 0.79}
2023-05-30 06:33:57,365 [INFO] Save valid_prediction_log data...
2023-05-30 06:33:57,367 [INFO] {'Data': 'valid', 'ACC': '0.96 (24 / 25)', 'TP': 9, 'FP': 0, 'FN': 1, 'TN': 15, 'Precision': '1.0 (9 / 9 + 0)', 'Recall': '0.9 (9 / 9 + 1)', 'F1': '0.95 (2 * (0.9 * 1.0) / 0.9 + 1.0)', 'Specificity': '1.0 (15 / 15 + 0)', 'AUC': 0.95, 'r2': 0.83}
2023-05-30 06:33:57,374 [INFO] Save test_prediction_log data...
2023-05-30 06:33:57,376 [INFO] {'Data': 'test', 'ACC': '0.64 (16 / 25)', 'TP': 1, 'FP': 0, 'FN': 9, 'TN': 15, 'Precision': '1.0 (1 / 1 + 0)', 'Recall': '0.1 (1 / 1 + 9)', 'F1': '0.18 (2 * (0.1 * 1.0) / 0.1 + 1.0)', 'Specificity': '1.0 (15 / 15 + 0)', 'AUC': 0.55, 'r2': -0.5}
2023-05-30 06:33:57,379 [INFO] Save training_log data...
2023-05-30 06:33:57,382 [INFO] Save score_log data...
2023-05-30 06:33:57,383 [INFO] Time : 49.63707613945007
