2023-05-28 14:16:46,219 [INFO] Train data : Vary_params_CDK2_EGFR_LCK\DUD-E\EGFR\nG1_50\ECFP4_256bits\MinMax\EGFR_train_vector.tsv
2023-05-28 14:16:46,219 [INFO] Valid data : Vary_params_CDK2_EGFR_LCK\DUD-E\EGFR\nG1_50\ECFP4_256bits\MinMax\EGFR_valid_vector.tsv
2023-05-28 14:16:46,219 [INFO] Output path : Vary_params_CDK2_EGFR_LCK\DUD-E\EGFR\nG1_50\ECFP4_256bits\MinMax\EGFR_model\MLP
2023-05-28 14:16:46,219 [INFO] Model type : MLP
2023-05-28 14:16:46,219 [INFO] Use cores : 19
2023-05-28 14:16:46,240 [INFO] Start Learning model
2023-05-28 14:16:46,241 [INFO] Train : 870 | Valid : 218
2023-05-28 14:16:46,241 [INFO] Set parameters : {'hidden_layer_sizes': [(50,), (100,), (50, 50), (100, 100)], 'learning_rate': ['constant', 'invscaling', 'adaptive'], 'activation': ['relu', 'identity', 'logistic', 'tanh'], 'solver': ['adam', 'sgd', 'lbfgs'], 'alpha': [0.1, 0.01, 0.001], 'max_iter': [500, 1000], 'early_stopping': [True]}
2023-05-28 14:20:07,470 [INFO] GridSearchCV results :
     mean_valid_accuracy  mean_valid_precision  mean_valid_auc
525             0.940230              0.994029        0.926582
528             0.940230              0.994029        0.926582
522             0.940230              0.994029        0.926582
534             0.940230              0.994029        0.926582
537             0.940230              0.994029        0.926582
..                   ...                   ...             ...
517             0.596552              0.000000        0.497115
445             0.596552              0.000000        0.497115
607             0.600000              0.000000        0.500000
448             0.596552              0.000000        0.497115
556             0.600000              0.000000        0.500000

[864 rows x 3 columns]
2023-05-28 14:20:07,471 [INFO] Best model :
MLPClassifier(activation='logistic', alpha=0.1, early_stopping=True,
              max_iter=500, random_state=42)
2023-05-28 14:20:07,480 [INFO] Save train_prediction_log data...
2023-05-28 14:20:07,483 [INFO] {'Data': 'train', 'ACC': '0.97 (845 / 870)', 'TP': 327, 'FP': 4, 'FN': 21, 'TN': 518, 'Precision': '0.99 (327 / 327 + 4)', 'Recall': '0.94 (327 / 327 + 21)', 'F1': '0.96 (2 * (0.94 * 0.99) / 0.94 + 0.99)', 'Specificity': '0.99 (518 / 518 + 4)', 'AUC': 0.97, 'r2': 0.88}
2023-05-28 14:20:07,488 [INFO] Save valid_prediction_log data...
2023-05-28 14:20:07,490 [INFO] {'Data': 'valid', 'ACC': '0.97 (212 / 218)', 'TP': 84, 'FP': 3, 'FN': 3, 'TN': 128, 'Precision': '0.97 (84 / 84 + 3)', 'Recall': '0.97 (84 / 84 + 3)', 'F1': '0.97 (2 * (0.97 * 0.97) / 0.97 + 0.97)', 'Specificity': '0.98 (128 / 128 + 3)', 'AUC': 0.97, 'r2': 0.89}
2023-05-28 14:20:07,501 [INFO] Save test_prediction_log data...
2023-05-28 14:20:07,503 [INFO] {'Data': 'test', 'ACC': '0.65 (142 / 218)', 'TP': 43, 'FP': 32, 'FN': 44, 'TN': 99, 'Precision': '0.57 (43 / 43 + 32)', 'Recall': '0.49 (43 / 43 + 44)', 'F1': '0.53 (2 * (0.49 * 0.57) / 0.49 + 0.57)', 'Specificity': '0.76 (99 / 99 + 32)', 'AUC': 0.62, 'r2': -0.45}
2023-05-28 14:20:07,506 [INFO] Save training_log data...
2023-05-28 14:20:07,511 [INFO] Save score_log data...
2023-05-28 14:20:07,512 [INFO] Time : 201.2924041748047
