2023-05-28 12:09:14,060 [INFO] Train data : Vary_params\DUD-E\CSF1R\nG1_80\ECFP6_512bits\Robust\CSF1R_train_vector.tsv
2023-05-28 12:09:14,060 [INFO] Valid data : Vary_params\DUD-E\CSF1R\nG1_80\ECFP6_512bits\Robust\CSF1R_valid_vector.tsv
2023-05-28 12:09:14,060 [INFO] Output path : Vary_params\DUD-E\CSF1R\nG1_80\ECFP6_512bits\Robust\CSF1R_model\SVM
2023-05-28 12:09:14,061 [INFO] Model type : SVM
2023-05-28 12:09:14,062 [INFO] Use cores : 11
2023-05-28 12:09:14,086 [INFO] Start Learning model
2023-05-28 12:09:14,087 [INFO] Train : 156 | Valid : 47
2023-05-28 12:09:14,087 [INFO] Set parameters : {'kernel': ['linear', 'rbf'], 'C': [0.01, 0.1, 1, 10, 100, 1000], 'gamma': [0.01, 0.1, 1, 100, 1000]}
2023-05-28 12:09:17,879 [INFO] GridSearchCV results :
    mean_valid_accuracy  mean_valid_precision  mean_valid_auc
0              0.924167              0.926667        0.899697
20             0.924167              0.926667        0.899697
24             0.924167              0.926667        0.899697
26             0.924167              0.926667        0.899697
28             0.924167              0.926667        0.899697
32             0.924167              0.926667        0.899697
34             0.924167              0.926667        0.899697
36             0.924167              0.926667        0.899697
38             0.924167              0.926667        0.899697
40             0.924167              0.926667        0.899697
42             0.924167              0.926667        0.899697
44             0.924167              0.926667        0.899697
46             0.924167              0.926667        0.899697
48             0.924167              0.926667        0.899697
50             0.924167              0.926667        0.899697
52             0.924167              0.926667        0.899697
54             0.924167              0.926667        0.899697
56             0.924167              0.926667        0.899697
58             0.924167              0.926667        0.899697
22             0.924167              0.926667        0.899697
30             0.924167              0.926667        0.899697
10             0.924167              0.926667        0.899697
2              0.924167              0.926667        0.899697
18             0.924167              0.926667        0.899697
8              0.924167              0.926667        0.899697
16             0.924167              0.926667        0.899697
4              0.924167              0.926667        0.899697
12             0.924167              0.926667        0.899697
6              0.924167              0.926667        0.899697
14             0.924167              0.926667        0.899697
49             0.718333              0.000000        0.500000
9              0.718333              0.000000        0.500000
45             0.718333              0.000000        0.500000
47             0.718333              0.000000        0.500000
7              0.718333              0.000000        0.500000
21             0.718333              0.000000        0.500000
43             0.718333              0.000000        0.500000
5              0.718333              0.000000        0.500000
53             0.718333              0.000000        0.500000
55             0.718333              0.000000        0.500000
3              0.718333              0.000000        0.500000
57             0.718333              0.000000        0.500000
51             0.718333              0.000000        0.500000
11             0.718333              0.000000        0.500000
41             0.718333              0.000000        0.500000
19             0.718333              0.000000        0.500000
39             0.718333              0.000000        0.500000
37             0.718333              0.000000        0.500000
13             0.718333              0.000000        0.500000
35             0.718333              0.000000        0.500000
33             0.718333              0.000000        0.500000
15             0.718333              0.000000        0.500000
31             0.718333              0.000000        0.500000
1              0.718333              0.000000        0.500000
29             0.718333              0.000000        0.500000
27             0.718333              0.000000        0.500000
17             0.718333              0.000000        0.500000
25             0.718333              0.000000        0.500000
23             0.718333              0.000000        0.500000
59             0.718333              0.000000        0.500000
2023-05-28 12:09:17,889 [INFO] Best model :
SVC(C=0.01, gamma=0.01, kernel='linear', random_state=42)
2023-05-28 12:09:17,899 [INFO] Save train_prediction_log data...
2023-05-28 12:09:17,905 [INFO] {'Data': 'train', 'ACC': '1.0 (156 / 156)', 'TP': 44, 'FP': 0, 'FN': 0, 'TN': 112, 'Precision': '1.0 (44 / 44 + 0)', 'Recall': '1.0 (44 / 44 + 0)', 'F1': '1.0 (2 * (1.0 * 1.0) / 1.0 + 1.0)', 'Specificity': '1.0 (112 / 112 + 0)', 'AUC': 1.0, 'r2': 1.0}
2023-05-28 12:09:17,910 [INFO] Save valid_prediction_log data...
2023-05-28 12:09:17,914 [INFO] {'Data': 'valid', 'ACC': '0.98 (46 / 47)', 'TP': 19, 'FP': 1, 'FN': 0, 'TN': 27, 'Precision': '0.95 (19 / 19 + 1)', 'Recall': '1.0 (19 / 19 + 0)', 'F1': '0.97 (2 * (1.0 * 0.95) / 1.0 + 0.95)', 'Specificity': '0.96 (27 / 27 + 1)', 'AUC': 0.98, 'r2': 0.91}
2023-05-28 12:09:17,930 [INFO] Save test_prediction_log data...
2023-05-28 12:09:17,933 [INFO] {'Data': 'test', 'ACC': '0.66 (31 / 47)', 'TP': 10, 'FP': 7, 'FN': 9, 'TN': 21, 'Precision': '0.59 (10 / 10 + 7)', 'Recall': '0.53 (10 / 10 + 9)', 'F1': '0.56 (2 * (0.53 * 0.59) / 0.53 + 0.59)', 'Specificity': '0.75 (21 / 21 + 7)', 'AUC': 0.64, 'r2': -0.41}
2023-05-28 12:09:17,936 [INFO] Save training_log data...
2023-05-28 12:09:17,937 [INFO] Save score_log data...
2023-05-28 12:09:17,939 [INFO] Time : 3.8788256645202637
