2023-05-28 18:33:38,144 [INFO] Train data : Vary_params\DUD-E\FAK1\nG1_50\ECFP6_256bits\Robust\FAK1_train_vector.tsv
2023-05-28 18:33:38,144 [INFO] Valid data : Vary_params\DUD-E\FAK1\nG1_50\ECFP6_256bits\Robust\FAK1_valid_vector.tsv
2023-05-28 18:33:38,144 [INFO] Output path : Vary_params\DUD-E\FAK1\nG1_50\ECFP6_256bits\Robust\FAK1_model\SVM
2023-05-28 18:33:38,144 [INFO] Model type : SVM
2023-05-28 18:33:38,144 [INFO] Use cores : 11
2023-05-28 18:33:38,157 [INFO] Start Learning model
2023-05-28 18:33:38,158 [INFO] Train : 93 | Valid : 23
2023-05-28 18:33:38,158 [INFO] Set parameters : {'kernel': ['linear', 'rbf'], 'C': [0.01, 0.1, 1, 10, 100, 1000], 'gamma': [0.01, 0.1, 1, 100, 1000]}
2023-05-28 18:33:41,796 [INFO] GridSearchCV results :
    mean_valid_accuracy  mean_valid_precision  mean_valid_auc
0              0.936667                 0.915        0.938333
20             0.936667                 0.915        0.938333
24             0.936667                 0.915        0.938333
26             0.936667                 0.915        0.938333
28             0.936667                 0.915        0.938333
32             0.936667                 0.915        0.938333
34             0.936667                 0.915        0.938333
36             0.936667                 0.915        0.938333
38             0.936667                 0.915        0.938333
40             0.936667                 0.915        0.938333
42             0.936667                 0.915        0.938333
44             0.936667                 0.915        0.938333
46             0.936667                 0.915        0.938333
48             0.936667                 0.915        0.938333
50             0.936667                 0.915        0.938333
52             0.936667                 0.915        0.938333
54             0.936667                 0.915        0.938333
56             0.936667                 0.915        0.938333
58             0.936667                 0.915        0.938333
22             0.936667                 0.915        0.938333
30             0.936667                 0.915        0.938333
10             0.936667                 0.915        0.938333
2              0.936667                 0.915        0.938333
18             0.936667                 0.915        0.938333
8              0.936667                 0.915        0.938333
16             0.936667                 0.915        0.938333
4              0.936667                 0.915        0.938333
12             0.936667                 0.915        0.938333
6              0.936667                 0.915        0.938333
14             0.936667                 0.915        0.938333
49             0.602222                 0.000        0.500000
9              0.602222                 0.000        0.500000
45             0.602222                 0.000        0.500000
47             0.602222                 0.000        0.500000
7              0.602222                 0.000        0.500000
21             0.602222                 0.000        0.500000
43             0.602222                 0.000        0.500000
5              0.602222                 0.000        0.500000
53             0.602222                 0.000        0.500000
55             0.602222                 0.000        0.500000
3              0.602222                 0.000        0.500000
57             0.602222                 0.000        0.500000
51             0.602222                 0.000        0.500000
11             0.602222                 0.000        0.500000
41             0.602222                 0.000        0.500000
19             0.602222                 0.000        0.500000
39             0.602222                 0.000        0.500000
37             0.602222                 0.000        0.500000
13             0.602222                 0.000        0.500000
35             0.602222                 0.000        0.500000
33             0.602222                 0.000        0.500000
15             0.602222                 0.000        0.500000
31             0.602222                 0.000        0.500000
1              0.602222                 0.000        0.500000
29             0.602222                 0.000        0.500000
27             0.602222                 0.000        0.500000
17             0.602222                 0.000        0.500000
25             0.602222                 0.000        0.500000
23             0.602222                 0.000        0.500000
59             0.602222                 0.000        0.500000
2023-05-28 18:33:41,797 [INFO] Best model :
SVC(C=0.01, gamma=0.01, kernel='linear', random_state=42)
2023-05-28 18:33:41,802 [INFO] Save train_prediction_log data...
2023-05-28 18:33:41,806 [INFO] {'Data': 'train', 'ACC': '1.0 (93 / 93)', 'TP': 37, 'FP': 0, 'FN': 0, 'TN': 56, 'Precision': '1.0 (37 / 37 + 0)', 'Recall': '1.0 (37 / 37 + 0)', 'F1': '1.0 (2 * (1.0 * 1.0) / 1.0 + 1.0)', 'Specificity': '1.0 (56 / 56 + 0)', 'AUC': 1.0, 'r2': 1.0}
2023-05-28 18:33:41,810 [INFO] Save valid_prediction_log data...
2023-05-28 18:33:41,812 [INFO] {'Data': 'valid', 'ACC': '0.96 (22 / 23)', 'TP': 9, 'FP': 1, 'FN': 0, 'TN': 13, 'Precision': '0.9 (9 / 9 + 1)', 'Recall': '1.0 (9 / 9 + 0)', 'F1': '0.95 (2 * (1.0 * 0.9) / 1.0 + 0.9)', 'Specificity': '0.93 (13 / 13 + 1)', 'AUC': 0.96, 'r2': 0.82}
2023-05-28 18:33:41,821 [INFO] Save test_prediction_log data...
2023-05-28 18:33:41,824 [INFO] {'Data': 'test', 'ACC': '0.48 (11 / 23)', 'TP': 0, 'FP': 3, 'FN': 9, 'TN': 11, 'Precision': '0 (0 / 0 + 3)', 'Recall': '0 (0 / 0 + 9)', 'F1': '0 (2 * (0 * 0) / 0 + 0)', 'Specificity': '0.79 (11 / 11 + 3)', 'AUC': 0.39, 'r2': -1.19}
2023-05-28 18:33:41,827 [INFO] Save training_log data...
2023-05-28 18:33:41,828 [INFO] Save score_log data...
2023-05-28 18:33:41,829 [INFO] Time : 3.6854135990142822
