2023-05-27 01:04:30,340 [INFO] Train data : Vary_params_SH\DUD-E\ROCK1\nG1_20\ECFP4_512bits\MinMax\ROCK1_train_vector.tsv
2023-05-27 01:04:30,340 [INFO] Valid data : Vary_params_SH\DUD-E\ROCK1\nG1_20\ECFP4_512bits\MinMax\ROCK1_valid_vector.tsv
2023-05-27 01:04:30,340 [INFO] Output path : Vary_params_SH\DUD-E\ROCK1\nG1_20\ECFP4_512bits\MinMax\ROCK1_model\MLP
2023-05-27 01:04:30,340 [INFO] Model type : MLP
2023-05-27 01:04:30,340 [INFO] Use cores : 3
2023-05-27 01:04:30,373 [INFO] Start Learning model
2023-05-27 01:04:30,374 [INFO] Train : 130 | Valid : 25
2023-05-27 01:04:30,374 [INFO] Set parameters : {'hidden_layer_sizes': [(50,), (100,), (50, 50), (100, 100)], 'learning_rate': ['constant', 'invscaling', 'adaptive'], 'activation': ['relu', 'identity', 'logistic', 'tanh'], 'solver': ['adam', 'sgd', 'lbfgs'], 'alpha': [0.1, 0.01, 0.001], 'max_iter': [500, 1000], 'early_stopping': [True]}
2023-05-27 01:12:51,661 [INFO] GridSearchCV results :
     mean_valid_accuracy  mean_valid_precision  mean_valid_auc
188             0.946154              0.960714        0.946429
197             0.946154              0.960714        0.946429
194             0.946154              0.960714        0.946429
185             0.946154              0.960714        0.946429
191             0.946154              0.960714        0.946429
..                   ...                   ...             ...
208             0.461538              0.000000        0.500000
115             0.461538              0.000000        0.500000
205             0.461538              0.000000        0.500000
474             0.461538              0.000000        0.500000
495             0.461538              0.000000        0.500000

[864 rows x 3 columns]
2023-05-27 01:12:51,663 [INFO] Best model :
MLPClassifier(alpha=0.001, early_stopping=True, hidden_layer_sizes=(50, 50),
              max_iter=500, random_state=42, solver='lbfgs')
2023-05-27 01:12:51,670 [INFO] Save train_prediction_log data...
2023-05-27 01:12:51,675 [INFO] {'Data': 'train', 'ACC': '1.0 (130 / 130)', 'TP': 70, 'FP': 0, 'FN': 0, 'TN': 60, 'Precision': '1.0 (70 / 70 + 0)', 'Recall': '1.0 (70 / 70 + 0)', 'F1': '1.0 (2 * (1.0 * 1.0) / 1.0 + 1.0)', 'Specificity': '1.0 (60 / 60 + 0)', 'AUC': 1.0, 'r2': 1.0}
2023-05-27 01:12:51,682 [INFO] Save valid_prediction_log data...
2023-05-27 01:12:51,685 [INFO] {'Data': 'valid', 'ACC': '1.0 (25 / 25)', 'TP': 10, 'FP': 0, 'FN': 0, 'TN': 15, 'Precision': '1.0 (10 / 10 + 0)', 'Recall': '1.0 (10 / 10 + 0)', 'F1': '1.0 (2 * (1.0 * 1.0) / 1.0 + 1.0)', 'Specificity': '1.0 (15 / 15 + 0)', 'AUC': 1.0, 'r2': 1.0}
2023-05-27 01:12:51,705 [INFO] Save test_prediction_log data...
2023-05-27 01:12:51,708 [INFO] {'Data': 'test', 'ACC': '0.44 (11 / 25)', 'TP': 5, 'FP': 9, 'FN': 5, 'TN': 6, 'Precision': '0.36 (5 / 5 + 9)', 'Recall': '0.5 (5 / 5 + 5)', 'F1': '0.42 (2 * (0.5 * 0.36) / 0.5 + 0.36)', 'Specificity': '0.4 (6 / 6 + 9)', 'AUC': 0.45, 'r2': -1.33}
2023-05-27 01:12:51,711 [INFO] Save training_log data...
2023-05-27 01:12:51,902 [INFO] Save score_log data...
2023-05-27 01:12:51,904 [INFO] Time : 501.56346583366394
