2023-05-28 19:50:46,439 [INFO] Train data : Vary_params_CDK2_EGFR_LCK\DUD-E\EGFR\nG1_80\ECFP4_256bits\Standard\EGFR_train_vector.tsv
2023-05-28 19:50:46,439 [INFO] Valid data : Vary_params_CDK2_EGFR_LCK\DUD-E\EGFR\nG1_80\ECFP4_256bits\Standard\EGFR_valid_vector.tsv
2023-05-28 19:50:46,439 [INFO] Output path : Vary_params_CDK2_EGFR_LCK\DUD-E\EGFR\nG1_80\ECFP4_256bits\Standard\EGFR_model\SVM
2023-05-28 19:50:46,439 [INFO] Model type : SVM
2023-05-28 19:50:46,439 [INFO] Use cores : 19
2023-05-28 19:50:46,483 [INFO] Start Learning model
2023-05-28 19:50:46,483 [INFO] Train : 840 | Valid : 218
2023-05-28 19:50:46,483 [INFO] Set parameters : {'kernel': ['linear', 'rbf'], 'C': [0.01, 0.1, 1, 10, 100, 1000], 'gamma': [0.01, 0.1, 1, 100, 1000]}
2023-05-28 19:50:51,088 [INFO] GridSearchCV results :
    mean_valid_accuracy  mean_valid_precision  mean_valid_auc
31             0.948810              1.000000        0.932510
21             0.942857              1.000000        0.924597
51             0.948810              1.000000        0.932510
41             0.948810              1.000000        0.932510
0              0.973810              0.977830        0.969836
2              0.973810              0.977830        0.969836
4              0.973810              0.977830        0.969836
6              0.973810              0.977830        0.969836
8              0.973810              0.977830        0.969836
42             0.970238              0.959664        0.968772
32             0.970238              0.959664        0.968772
34             0.970238              0.959664        0.968772
36             0.970238              0.959664        0.968772
38             0.970238              0.959664        0.968772
40             0.970238              0.959664        0.968772
48             0.970238              0.959664        0.968772
44             0.970238              0.959664        0.968772
46             0.970238              0.959664        0.968772
26             0.970238              0.959664        0.968772
50             0.970238              0.959664        0.968772
52             0.970238              0.959664        0.968772
54             0.970238              0.959664        0.968772
56             0.970238              0.959664        0.968772
58             0.970238              0.959664        0.968772
28             0.970238              0.959664        0.968772
30             0.970238              0.959664        0.968772
18             0.970238              0.959664        0.968772
24             0.970238              0.959664        0.968772
14             0.970238              0.959664        0.968772
12             0.970238              0.959664        0.968772
22             0.970238              0.959664        0.968772
16             0.970238              0.959664        0.968772
20             0.970238              0.959664        0.968772
10             0.970238              0.959664        0.968772
11             0.626190              0.400000        0.506250
25             0.621429              0.000000        0.500000
49             0.621429              0.000000        0.500000
53             0.621429              0.000000        0.500000
9              0.621429              0.000000        0.500000
13             0.621429              0.000000        0.500000
7              0.621429              0.000000        0.500000
55             0.621429              0.000000        0.500000
5              0.621429              0.000000        0.500000
57             0.621429              0.000000        0.500000
3              0.621429              0.000000        0.500000
47             0.621429              0.000000        0.500000
43             0.621429              0.000000        0.500000
45             0.621429              0.000000        0.500000
27             0.621429              0.000000        0.500000
15             0.621429              0.000000        0.500000
17             0.621429              0.000000        0.500000
39             0.621429              0.000000        0.500000
37             0.621429              0.000000        0.500000
19             0.621429              0.000000        0.500000
35             0.621429              0.000000        0.500000
33             0.621429              0.000000        0.500000
23             0.621429              0.000000        0.500000
1              0.621429              0.000000        0.500000
29             0.621429              0.000000        0.500000
59             0.621429              0.000000        0.500000
2023-05-28 19:50:51,089 [INFO] Best model :
SVC(C=1, gamma=0.01, random_state=42)
2023-05-28 19:50:51,150 [INFO] Save train_prediction_log data...
2023-05-28 19:50:51,154 [INFO] {'Data': 'train', 'ACC': '1.0 (840 / 840)', 'TP': 318, 'FP': 0, 'FN': 0, 'TN': 522, 'Precision': '1.0 (318 / 318 + 0)', 'Recall': '1.0 (318 / 318 + 0)', 'F1': '1.0 (2 * (1.0 * 1.0) / 1.0 + 1.0)', 'Specificity': '1.0 (522 / 522 + 0)', 'AUC': 1.0, 'r2': 1.0}
2023-05-28 19:50:51,172 [INFO] Save valid_prediction_log data...
2023-05-28 19:50:51,174 [INFO] {'Data': 'valid', 'ACC': '0.99 (216 / 218)', 'TP': 85, 'FP': 0, 'FN': 2, 'TN': 131, 'Precision': '1.0 (85 / 85 + 0)', 'Recall': '0.98 (85 / 85 + 2)', 'F1': '0.99 (2 * (0.98 * 1.0) / 0.98 + 1.0)', 'Specificity': '1.0 (131 / 131 + 0)', 'AUC': 0.99, 'r2': 0.96}
2023-05-28 19:50:51,202 [INFO] Save test_prediction_log data...
2023-05-28 19:50:51,204 [INFO] {'Data': 'test', 'ACC': '0.64 (139 / 218)', 'TP': 18, 'FP': 10, 'FN': 69, 'TN': 121, 'Precision': '0.64 (18 / 18 + 10)', 'Recall': '0.21 (18 / 18 + 69)', 'F1': '0.32 (2 * (0.21 * 0.64) / 0.21 + 0.64)', 'Specificity': '0.92 (121 / 121 + 10)', 'AUC': 0.57, 'r2': -0.51}
2023-05-28 19:50:51,206 [INFO] Save training_log data...
2023-05-28 19:50:51,209 [INFO] Save score_log data...
2023-05-28 19:50:51,210 [INFO] Time : 4.770862102508545
