2023-05-27 18:01:04,525 [INFO] Train data : Vary_params\DUD-E\PLK1\nG1_20\ECFP6_512bits\Standard\PLK1_train_vector.tsv
2023-05-27 18:01:04,526 [INFO] Valid data : Vary_params\DUD-E\PLK1\nG1_20\ECFP6_512bits\Standard\PLK1_valid_vector.tsv
2023-05-27 18:01:04,526 [INFO] Output path : Vary_params\DUD-E\PLK1\nG1_20\ECFP6_512bits\Standard\PLK1_model\MLP
2023-05-27 18:01:04,526 [INFO] Model type : MLP
2023-05-27 18:01:04,526 [INFO] Use cores : 10
2023-05-27 18:01:04,555 [INFO] Start Learning model
2023-05-27 18:01:04,555 [INFO] Train : 144 | Valid : 28
2023-05-27 18:01:04,555 [INFO] Set parameters : {'hidden_layer_sizes': [(50,), (100,), (50, 50), (100, 100)], 'learning_rate': ['constant', 'invscaling', 'adaptive'], 'activation': ['relu', 'identity', 'logistic', 'tanh'], 'solver': ['adam', 'sgd', 'lbfgs'], 'alpha': [0.1, 0.01, 0.001], 'max_iter': [500, 1000], 'early_stopping': [True]}
2023-05-27 18:03:09,870 [INFO] GridSearchCV results :
     mean_valid_accuracy  mean_valid_precision  mean_valid_auc
863             0.959524                   1.0          0.9625
854             0.959524                   1.0          0.9625
788             0.959524                   1.0          0.9625
785             0.959524                   1.0          0.9625
782             0.959524                   1.0          0.9625
..                   ...                   ...             ...
628             0.472381                   0.0          0.5000
627             0.472381                   0.0          0.5000
625             0.472381                   0.0          0.5000
624             0.472381                   0.0          0.5000
468             0.472381                   0.0          0.5000

[864 rows x 3 columns]
2023-05-27 18:03:09,871 [INFO] Best model :
MLPClassifier(activation='logistic', alpha=0.001, early_stopping=True,
              hidden_layer_sizes=(100, 100), max_iter=500, random_state=42,
              solver='lbfgs')
2023-05-27 18:03:09,878 [INFO] Save train_prediction_log data...
2023-05-27 18:03:09,881 [INFO] {'Data': 'train', 'ACC': '1.0 (144 / 144)', 'TP': 76, 'FP': 0, 'FN': 0, 'TN': 68, 'Precision': '1.0 (76 / 76 + 0)', 'Recall': '1.0 (76 / 76 + 0)', 'F1': '1.0 (2 * (1.0 * 1.0) / 1.0 + 1.0)', 'Specificity': '1.0 (68 / 68 + 0)', 'AUC': 1.0, 'r2': 1.0}
2023-05-27 18:03:09,886 [INFO] Save valid_prediction_log data...
2023-05-27 18:03:09,887 [INFO] {'Data': 'valid', 'ACC': '0.96 (27 / 28)', 'TP': 11, 'FP': 1, 'FN': 0, 'TN': 16, 'Precision': '0.92 (11 / 11 + 1)', 'Recall': '1.0 (11 / 11 + 0)', 'F1': '0.96 (2 * (1.0 * 0.92) / 1.0 + 0.92)', 'Specificity': '0.94 (16 / 16 + 1)', 'AUC': 0.97, 'r2': 0.85}
2023-05-27 18:03:09,903 [INFO] Save test_prediction_log data...
2023-05-27 18:03:09,907 [INFO] {'Data': 'test', 'ACC': '0.71 (20 / 28)', 'TP': 5, 'FP': 2, 'FN': 6, 'TN': 15, 'Precision': '0.71 (5 / 5 + 2)', 'Recall': '0.45 (5 / 5 + 6)', 'F1': '0.55 (2 * (0.45 * 0.71) / 0.45 + 0.71)', 'Specificity': '0.88 (15 / 15 + 2)', 'AUC': 0.67, 'r2': -0.2}
2023-05-27 18:03:09,909 [INFO] Save training_log data...
2023-05-27 18:03:09,914 [INFO] Save score_log data...
2023-05-27 18:03:09,915 [INFO] Time : 125.39048838615417
