2023-05-29 07:07:40,038 [INFO] Train data : Vary_params_VGFR2\DUD-E\VGFR2\nG1_50\ECFP6_512bits\Standard\VGFR2_train_vector.tsv
2023-05-29 07:07:40,038 [INFO] Valid data : Vary_params_VGFR2\DUD-E\VGFR2\nG1_50\ECFP6_512bits\Standard\VGFR2_valid_vector.tsv
2023-05-29 07:07:40,039 [INFO] Output path : Vary_params_VGFR2\DUD-E\VGFR2\nG1_50\ECFP6_512bits\Standard\VGFR2_model\MLP
2023-05-29 07:07:40,039 [INFO] Model type : MLP
2023-05-29 07:07:40,039 [INFO] Use cores : 18
2023-05-29 07:07:40,157 [INFO] Start Learning model
2023-05-29 07:07:40,157 [INFO] Train : 717 | Valid : 180
2023-05-29 07:07:40,157 [INFO] Set parameters : {'hidden_layer_sizes': [(50,), (100,), (50, 50), (100, 100)], 'learning_rate': ['constant', 'invscaling', 'adaptive'], 'activation': ['relu', 'identity', 'logistic', 'tanh'], 'solver': ['adam', 'sgd', 'lbfgs'], 'alpha': [0.1, 0.01, 0.001], 'max_iter': [500, 1000], 'early_stopping': [True]}
2023-05-29 07:15:10,162 [INFO] GridSearchCV results :
     mean_valid_accuracy  mean_valid_precision  mean_valid_auc
549             0.913498              0.991806        0.893056
612             0.913498              0.991806        0.893056
627             0.913498              0.991806        0.893056
624             0.913498              0.991806        0.893056
621             0.913498              0.991806        0.893056
..                   ...                   ...             ...
565             0.599746              0.000000        0.500000
562             0.599746              0.000000        0.500000
559             0.599746              0.000000        0.500000
556             0.599746              0.000000        0.500000
475             0.599746              0.000000        0.500000

[864 rows x 3 columns]
2023-05-29 07:15:10,164 [INFO] Best model :
MLPClassifier(activation='logistic', alpha=0.01, early_stopping=True,
              hidden_layer_sizes=(50, 50), max_iter=500, random_state=42)
2023-05-29 07:15:10,180 [INFO] Save train_prediction_log data...
2023-05-29 07:15:10,185 [INFO] {'Data': 'train', 'ACC': '0.99 (708 / 717)', 'TP': 284, 'FP': 6, 'FN': 3, 'TN': 424, 'Precision': '0.98 (284 / 284 + 6)', 'Recall': '0.99 (284 / 284 + 3)', 'F1': '0.98 (2 * (0.99 * 0.98) / 0.99 + 0.98)', 'Specificity': '0.99 (424 / 424 + 6)', 'AUC': 0.99, 'r2': 0.95}
2023-05-29 07:15:10,192 [INFO] Save valid_prediction_log data...
2023-05-29 07:15:10,195 [INFO] {'Data': 'valid', 'ACC': '0.97 (175 / 180)', 'TP': 72, 'FP': 5, 'FN': 0, 'TN': 103, 'Precision': '0.94 (72 / 72 + 5)', 'Recall': '1.0 (72 / 72 + 0)', 'F1': '0.97 (2 * (1.0 * 0.94) / 1.0 + 0.94)', 'Specificity': '0.95 (103 / 103 + 5)', 'AUC': 0.98, 'r2': 0.88}
2023-05-29 07:15:10,244 [INFO] Save test_prediction_log data...
2023-05-29 07:15:10,247 [INFO] {'Data': 'test', 'ACC': '0.51 (92 / 180)', 'TP': 35, 'FP': 51, 'FN': 37, 'TN': 57, 'Precision': '0.41 (35 / 35 + 51)', 'Recall': '0.49 (35 / 35 + 37)', 'F1': '0.45 (2 * (0.49 * 0.41) / 0.49 + 0.41)', 'Specificity': '0.53 (57 / 57 + 51)', 'AUC': 0.51, 'r2': -1.04}
2023-05-29 07:15:10,253 [INFO] Save training_log data...
2023-05-29 07:15:10,260 [INFO] Save score_log data...
2023-05-29 07:15:10,261 [INFO] Time : 450.2233724594116
