2023-04-07 19:05:13,324 [INFO] Train data : D:\PARK\Lab\Database\ADis-QSAR_final\data\DUDE\KPCB\ECFP4_256bits\preprocessing\KPCB_train_vector.tsv
2023-04-07 19:05:13,325 [INFO] Test data : D:\PARK\Lab\Database\ADis-QSAR_final\data\DUDE\KPCB\ECFP4_256bits\preprocessing\KPCB_test_vector.tsv
2023-04-07 19:05:13,325 [INFO] Output path : D:\PARK\Lab\Database\ADis-QSAR_final\data\DUDE\KPCB\ECFP4_256bits\KPCB_model\XGB
2023-04-07 19:05:13,325 [INFO] Model type : XGB
2023-04-07 19:05:13,325 [INFO] Use cores : 10
2023-04-07 19:05:13,337 [INFO] Start Learning model
2023-04-07 19:05:13,337 [INFO] Train : 169 | Test : 42
2023-04-07 19:05:13,338 [INFO] Set parameters : {'max_depth': [4, 6, 8], 'learning_rate': [0.01, 0.2], 'n_estimators': [200, 600, 1000], 'gamma': [0, 1000], 'min_child_weight': [1, 3], 'subsample': [0.5, 1], 'colsample_bytree': [0.5, 1], 'objective': ['binary:logitraw'], 'eval_metric': ['auc', 'error']}
2023-04-07 19:09:56,808 [INFO] GridSearchCV results :
     mean_valid_accuracy  mean_valid_precision  mean_valid_auc
0               0.958456                0.9875        0.948571
185             0.958456                0.9875        0.949762
172             0.964338                0.9875        0.956905
175             0.952574                0.9875        0.941429
177             0.958456                0.9875        0.949762
..                   ...                   ...             ...
111             0.597794                0.0000        0.500000
112             0.597794                0.0000        0.500000
113             0.597794                0.0000        0.500000
114             0.597794                0.0000        0.500000
575             0.597794                0.0000        0.500000

[576 rows x 3 columns]
2023-04-07 19:09:56,810 [INFO] Best model :
XGBClassifier(base_score=0.5, booster='gbtree', callbacks=None,
              colsample_bylevel=1, colsample_bynode=1, colsample_bytree=0.5,
              early_stopping_rounds=None, enable_categorical=False,
              eval_metric='auc', gamma=0, gpu_id=-1, grow_policy='depthwise',
              importance_type=None, interaction_constraints='',
              learning_rate=0.01, max_bin=256, max_cat_to_onehot=4,
              max_delta_step=0, max_depth=4, max_leaves=0, min_child_weight=1,
              missing=nan, monotone_constraints='()', n_estimators=200,
              n_jobs=0, num_parallel_tree=1, objective='binary:logitraw',
              predictor='auto', random_state=42, reg_alpha=0, ...)
2023-04-07 19:09:56,818 [INFO] Save train_prediction_log data...
2023-04-07 19:09:56,822 [INFO] {'Data': 'train', 'ACC': '0.97 (164 / 169)', 'TP': 63, 'FP': 0, 'FN': 5, 'TN': 101, 'Precision': '1.0 (63 / 63 + 0)', 'Recall': '0.93 (63 / 63 + 5)', 'F1': '0.96 (2 * (0.93 * 1.0) / 0.93 + 1.0)', 'Specificity': '1.0 (101 / 101 + 0)', 'AUC': 0.96, 'r2': 0.88}
2023-04-07 19:09:56,829 [INFO] Save test_prediction_log data...
2023-04-07 19:09:56,831 [INFO] {'Data': 'test', 'ACC': '0.98 (41 / 42)', 'TP': 16, 'FP': 0, 'FN': 1, 'TN': 25, 'Precision': '1.0 (16 / 16 + 0)', 'Recall': '0.94 (16 / 16 + 1)', 'F1': '0.97 (2 * (0.94 * 1.0) / 0.94 + 1.0)', 'Specificity': '1.0 (25 / 25 + 0)', 'AUC': 0.97, 'r2': 0.9}
2023-04-07 19:09:56,844 [INFO] Save ext_prediction_log data...
2023-04-07 19:09:56,846 [INFO] {'Data': 'ext', 'ACC': '0.74 (31 / 42)', 'TP': 7, 'FP': 1, 'FN': 10, 'TN': 24, 'Precision': '0.88 (7 / 7 + 1)', 'Recall': '0.41 (7 / 7 + 10)', 'F1': '0.56 (2 * (0.41 * 0.88) / 0.41 + 0.88)', 'Specificity': '0.96 (24 / 24 + 1)', 'AUC': 0.69, 'r2': -0.09}
2023-04-07 19:09:56,851 [INFO] Save training_log data...
2023-04-07 19:09:56,856 [INFO] Save score_log data...
2023-04-07 19:09:56,856 [INFO] Time : 283.53242659568787
