2023-05-27 00:06:02,894 [INFO] Train data : Vary_params_SH\DUD-E\ROCK1\nG1_20\ECFP4_512bits\Standard\ROCK1_train_vector.tsv
2023-05-27 00:06:02,894 [INFO] Valid data : Vary_params_SH\DUD-E\ROCK1\nG1_20\ECFP4_512bits\Standard\ROCK1_valid_vector.tsv
2023-05-27 00:06:02,894 [INFO] Output path : Vary_params_SH\DUD-E\ROCK1\nG1_20\ECFP4_512bits\Standard\ROCK1_model\SVM
2023-05-27 00:06:02,894 [INFO] Model type : SVM
2023-05-27 00:06:02,894 [INFO] Use cores : 3
2023-05-27 00:06:02,940 [INFO] Start Learning model
2023-05-27 00:06:02,940 [INFO] Train : 130 | Valid : 25
2023-05-27 00:06:02,940 [INFO] Set parameters : {'kernel': ['linear', 'rbf'], 'C': [0.01, 0.1, 1, 10, 100, 1000], 'gamma': [0.01, 0.1, 1, 100, 1000]}
2023-05-27 00:06:08,046 [INFO] GridSearchCV results :
    mean_valid_accuracy  mean_valid_precision  mean_valid_auc
21             0.907692              0.970833        0.911905
41             0.907692              0.970833        0.911905
31             0.907692              0.970833        0.911905
51             0.907692              0.970833        0.911905
26             0.923077              0.930000        0.922619
28             0.923077              0.930000        0.922619
32             0.923077              0.930000        0.922619
34             0.923077              0.930000        0.922619
36             0.923077              0.930000        0.922619
38             0.923077              0.930000        0.922619
40             0.923077              0.930000        0.922619
0              0.923077              0.930000        0.922619
24             0.923077              0.930000        0.922619
44             0.923077              0.930000        0.922619
46             0.923077              0.930000        0.922619
48             0.923077              0.930000        0.922619
50             0.923077              0.930000        0.922619
52             0.923077              0.930000        0.922619
54             0.923077              0.930000        0.922619
56             0.923077              0.930000        0.922619
58             0.923077              0.930000        0.922619
42             0.923077              0.930000        0.922619
30             0.923077              0.930000        0.922619
12             0.923077              0.930000        0.922619
2              0.923077              0.930000        0.922619
20             0.923077              0.930000        0.922619
22             0.923077              0.930000        0.922619
4              0.923077              0.930000        0.922619
18             0.923077              0.930000        0.922619
8              0.923077              0.930000        0.922619
10             0.923077              0.930000        0.922619
16             0.923077              0.930000        0.922619
6              0.923077              0.930000        0.922619
14             0.923077              0.930000        0.922619
49             0.538462              0.538462        0.500000
9              0.538462              0.538462        0.500000
47             0.538462              0.538462        0.500000
5              0.538462              0.538462        0.500000
7              0.538462              0.538462        0.500000
53             0.538462              0.538462        0.500000
55             0.538462              0.538462        0.500000
3              0.538462              0.538462        0.500000
57             0.538462              0.538462        0.500000
45             0.538462              0.538462        0.500000
23             0.538462              0.538462        0.500000
43             0.538462              0.538462        0.500000
11             0.538462              0.538462        0.500000
13             0.538462              0.538462        0.500000
39             0.538462              0.538462        0.500000
37             0.538462              0.538462        0.500000
15             0.538462              0.538462        0.500000
35             0.538462              0.538462        0.500000
33             0.538462              0.538462        0.500000
17             0.538462              0.538462        0.500000
1              0.538462              0.538462        0.500000
29             0.538462              0.538462        0.500000
19             0.538462              0.538462        0.500000
27             0.538462              0.538462        0.500000
25             0.538462              0.538462        0.500000
59             0.538462              0.538462        0.500000
2023-05-27 00:06:08,048 [INFO] Best model :
SVC(C=1, gamma=0.01, random_state=42)
2023-05-27 00:06:08,062 [INFO] Save train_prediction_log data...
2023-05-27 00:06:08,067 [INFO] {'Data': 'train', 'ACC': '1.0 (130 / 130)', 'TP': 70, 'FP': 0, 'FN': 0, 'TN': 60, 'Precision': '1.0 (70 / 70 + 0)', 'Recall': '1.0 (70 / 70 + 0)', 'F1': '1.0 (2 * (1.0 * 1.0) / 1.0 + 1.0)', 'Specificity': '1.0 (60 / 60 + 0)', 'AUC': 1.0, 'r2': 1.0}
2023-05-27 00:06:08,074 [INFO] Save valid_prediction_log data...
2023-05-27 00:06:08,077 [INFO] {'Data': 'valid', 'ACC': '0.96 (24 / 25)', 'TP': 9, 'FP': 0, 'FN': 1, 'TN': 15, 'Precision': '1.0 (9 / 9 + 0)', 'Recall': '0.9 (9 / 9 + 1)', 'F1': '0.95 (2 * (0.9 * 1.0) / 0.9 + 1.0)', 'Specificity': '1.0 (15 / 15 + 0)', 'AUC': 0.95, 'r2': 0.83}
2023-05-27 00:06:08,102 [INFO] Save test_prediction_log data...
2023-05-27 00:06:08,105 [INFO] {'Data': 'test', 'ACC': '0.64 (16 / 25)', 'TP': 2, 'FP': 1, 'FN': 8, 'TN': 14, 'Precision': '0.67 (2 / 2 + 1)', 'Recall': '0.2 (2 / 2 + 8)', 'F1': '0.31 (2 * (0.2 * 0.67) / 0.2 + 0.67)', 'Specificity': '0.93 (14 / 14 + 1)', 'AUC': 0.57, 'r2': -0.5}
2023-05-27 00:06:08,124 [INFO] Save training_log data...
2023-05-27 00:06:08,126 [INFO] Save score_log data...
2023-05-27 00:06:08,127 [INFO] Time : 5.232413291931152
