2023-05-27 20:13:10,974 [INFO] Train data : Vary_params\DUD-E\AKT2\nG1_80\ECFP4_256bits\Standard\AKT2_train_vector.tsv
2023-05-27 20:13:10,974 [INFO] Valid data : Vary_params\DUD-E\AKT2\nG1_80\ECFP4_256bits\Standard\AKT2_valid_vector.tsv
2023-05-27 20:13:10,974 [INFO] Output path : Vary_params\DUD-E\AKT2\nG1_80\ECFP4_256bits\Standard\AKT2_model\XGB
2023-05-27 20:13:10,974 [INFO] Model type : XGB
2023-05-27 20:13:10,974 [INFO] Use cores : 11
2023-05-27 20:13:10,991 [INFO] Start Learning model
2023-05-27 20:13:10,991 [INFO] Train : 95 | Valid : 31
2023-05-27 20:13:10,992 [INFO] Set parameters : {'max_depth': [4, 6, 8], 'learning_rate': [0.01, 0.2], 'n_estimators': [200, 600, 1000], 'gamma': [0, 1000], 'min_child_weight': [1, 3], 'subsample': [0.5, 1], 'colsample_bytree': [0.5, 1], 'objective': ['binary:logitraw'], 'eval_metric': ['auc', 'error']}
2023-05-27 20:19:17,070 [INFO] GridSearchCV results :
     mean_valid_accuracy  mean_valid_precision  mean_valid_auc
497             1.000000                   1.0             1.0
485             1.000000                   1.0             1.0
351             1.000000                   1.0             1.0
349             1.000000                   1.0             1.0
493             1.000000                   1.0             1.0
..                   ...                   ...             ...
368             0.788889                   0.0             0.5
367             0.788889                   0.0             0.5
366             0.788889                   0.0             0.5
365             0.788889                   0.0             0.5
575             0.788889                   0.0             0.5

[576 rows x 3 columns]
2023-05-27 20:19:17,071 [INFO] Best model :
XGBClassifier(base_score=None, booster=None, callbacks=None,
              colsample_bylevel=None, colsample_bynode=None, colsample_bytree=1,
              early_stopping_rounds=None, enable_categorical=False,
              eval_metric='auc', feature_types=None, gamma=0, gpu_id=None,
              grow_policy=None, importance_type=None,
              interaction_constraints=None, learning_rate=0.2, max_bin=None,
              max_cat_threshold=None, max_cat_to_onehot=None,
              max_delta_step=None, max_depth=4, max_leaves=None,
              min_child_weight=1, missing=nan, monotone_constraints=None,
              n_estimators=200, n_jobs=0, num_parallel_tree=None,
              objective='binary:logitraw', predictor=None, ...)
2023-05-27 20:19:17,083 [INFO] Save train_prediction_log data...
2023-05-27 20:19:17,087 [INFO] {'Data': 'train', 'ACC': '1.0 (95 / 95)', 'TP': 20, 'FP': 0, 'FN': 0, 'TN': 75, 'Precision': '1.0 (20 / 20 + 0)', 'Recall': '1.0 (20 / 20 + 0)', 'F1': '1.0 (2 * (1.0 * 1.0) / 1.0 + 1.0)', 'Specificity': '1.0 (75 / 75 + 0)', 'AUC': 1.0, 'r2': 1.0}
2023-05-27 20:19:17,097 [INFO] Save valid_prediction_log data...
2023-05-27 20:19:17,101 [INFO] {'Data': 'valid', 'ACC': '0.97 (30 / 31)', 'TP': 11, 'FP': 0, 'FN': 1, 'TN': 19, 'Precision': '1.0 (11 / 11 + 0)', 'Recall': '0.92 (11 / 11 + 1)', 'F1': '0.96 (2 * (0.92 * 1.0) / 0.92 + 1.0)', 'Specificity': '1.0 (19 / 19 + 0)', 'AUC': 0.96, 'r2': 0.86}
2023-05-27 20:19:17,120 [INFO] Save test_prediction_log data...
2023-05-27 20:19:17,123 [INFO] {'Data': 'test', 'ACC': '0.77 (24 / 31)', 'TP': 8, 'FP': 3, 'FN': 4, 'TN': 16, 'Precision': '0.73 (8 / 8 + 3)', 'Recall': '0.67 (8 / 8 + 4)', 'F1': '0.7 (2 * (0.67 * 0.73) / 0.67 + 0.73)', 'Specificity': '0.84 (16 / 16 + 3)', 'AUC': 0.75, 'r2': 0.05}
2023-05-27 20:19:17,129 [INFO] Save training_log data...
2023-05-27 20:19:17,135 [INFO] Save score_log data...
2023-05-27 20:19:17,137 [INFO] Time : 366.1630141735077
