2023-05-30 09:53:35,673 [INFO] Train data : Vary_params_BRAF_MK14\DUD-E\MK14\nG1_50\ECFP6_256bits\Robust\MK14_train_vector.tsv
2023-05-30 09:53:35,673 [INFO] Valid data : Vary_params_BRAF_MK14\DUD-E\MK14\nG1_50\ECFP6_256bits\Robust\MK14_valid_vector.tsv
2023-05-30 09:53:35,673 [INFO] Output path : Vary_params_BRAF_MK14\DUD-E\MK14\nG1_50\ECFP6_256bits\Robust\MK14_model\RF
2023-05-30 09:53:35,673 [INFO] Model type : RF
2023-05-30 09:53:35,673 [INFO] Use cores : 10
2023-05-30 09:53:35,696 [INFO] Start Learning model
2023-05-30 09:53:35,696 [INFO] Train : 901 | Valid : 225
2023-05-30 09:53:35,696 [INFO] Set parameters : {'max_depth': [6, 8, 10, 12], 'max_features': ['sqrt', 'log2'], 'min_samples_leaf': [2, 4, 8, 10], 'min_samples_split': [2, 4, 8, 10], 'n_estimators': [200, 600, 1000]}
2023-05-30 10:00:05,850 [INFO] GridSearchCV results :
     mean_valid_accuracy  mean_valid_precision  mean_valid_auc
244             0.963407              0.988876        0.956019
241             0.963407              0.988876        0.956019
339             0.957863              0.988483        0.949074
336             0.957863              0.988483        0.949074
344             0.964518              0.988383        0.957407
..                   ...                   ...             ...
325             0.934518              0.925967        0.931019
40              0.933394              0.922625        0.930093
46              0.933394              0.922625        0.930093
43              0.933394              0.922625        0.930093
37              0.933394              0.922625        0.930093

[384 rows x 3 columns]
2023-05-30 10:00:05,851 [INFO] Best model :
RandomForestClassifier(class_weight='balanced', max_depth=10,
                       max_features='log2', min_samples_leaf=2,
                       n_estimators=600, random_state=42)
2023-05-30 10:00:05,925 [INFO] Save train_prediction_log data...
2023-05-30 10:00:05,928 [INFO] {'Data': 'train', 'ACC': '1.0 (901 / 901)', 'TP': 360, 'FP': 0, 'FN': 0, 'TN': 541, 'Precision': '1.0 (360 / 360 + 0)', 'Recall': '1.0 (360 / 360 + 0)', 'F1': '1.0 (2 * (1.0 * 1.0) / 1.0 + 1.0)', 'Specificity': '1.0 (541 / 541 + 0)', 'AUC': 1.0, 'r2': 1.0}
2023-05-30 10:00:05,972 [INFO] Save valid_prediction_log data...
2023-05-30 10:00:05,975 [INFO] {'Data': 'valid', 'ACC': '0.99 (223 / 225)', 'TP': 89, 'FP': 1, 'FN': 1, 'TN': 134, 'Precision': '0.99 (89 / 89 + 1)', 'Recall': '0.99 (89 / 89 + 1)', 'F1': '0.99 (2 * (0.99 * 0.99) / 0.99 + 0.99)', 'Specificity': '0.99 (134 / 134 + 1)', 'AUC': 0.99, 'r2': 0.96}
2023-05-30 10:00:06,028 [INFO] Save test_prediction_log data...
2023-05-30 10:00:06,030 [INFO] {'Data': 'test', 'ACC': '0.68 (152 / 225)', 'TP': 58, 'FP': 41, 'FN': 32, 'TN': 94, 'Precision': '0.59 (58 / 58 + 41)', 'Recall': '0.64 (58 / 58 + 32)', 'F1': '0.61 (2 * (0.64 * 0.59) / 0.64 + 0.59)', 'Specificity': '0.7 (94 / 94 + 41)', 'AUC': 0.67, 'r2': -0.35}
2023-05-30 10:00:06,518 [INFO] Save training_log data...
2023-05-30 10:00:06,520 [INFO] Save score_log data...
2023-05-30 10:00:06,521 [INFO] Time : 390.8483738899231
