2023-05-28 22:35:54,663 [INFO] Train data : Vary_params_ABL_BRAF_FGFR1\DUD-E\ABL1\nG1_80\ECFP4_256bits\MinMax\ABL1_train_vector.tsv
2023-05-28 22:35:54,663 [INFO] Valid data : Vary_params_ABL_BRAF_FGFR1\DUD-E\ABL1\nG1_80\ECFP4_256bits\MinMax\ABL1_valid_vector.tsv
2023-05-28 22:35:54,663 [INFO] Output path : Vary_params_ABL_BRAF_FGFR1\DUD-E\ABL1\nG1_80\ECFP4_256bits\MinMax\ABL1_model\XGB
2023-05-28 22:35:54,663 [INFO] Model type : XGB
2023-05-28 22:35:54,663 [INFO] Use cores : 19
2023-05-28 22:35:54,681 [INFO] Start Learning model
2023-05-28 22:35:54,681 [INFO] Train : 234 | Valid : 66
2023-05-28 22:35:54,681 [INFO] Set parameters : {'max_depth': [4, 6, 8], 'learning_rate': [0.01, 0.2], 'n_estimators': [200, 600, 1000], 'gamma': [0, 1000], 'min_child_weight': [1, 3], 'subsample': [0.5, 1], 'colsample_bytree': [0.5, 1], 'objective': ['binary:logitraw'], 'eval_metric': ['auc', 'error']}
2023-05-28 22:40:36,084 [INFO] GridSearchCV results :
     mean_valid_accuracy  mean_valid_precision  mean_valid_auc
165             0.970471                   1.0        0.954464
21              0.970471                   1.0        0.954464
481             0.970471                   1.0        0.954464
179             0.970471                   1.0        0.954464
177             0.970471                   1.0        0.954464
..                   ...                   ...             ...
374             0.675362                   0.0        0.500000
373             0.675362                   0.0        0.500000
372             0.675362                   0.0        0.500000
371             0.675362                   0.0        0.500000
575             0.675362                   0.0        0.500000

[576 rows x 3 columns]
2023-05-28 22:40:36,086 [INFO] Best model :
XGBClassifier(base_score=None, booster=None, callbacks=None,
              colsample_bylevel=None, colsample_bynode=None,
              colsample_bytree=0.5, early_stopping_rounds=None,
              enable_categorical=False, eval_metric='auc', feature_types=None,
              gamma=0, gpu_id=None, grow_policy=None, importance_type=None,
              interaction_constraints=None, learning_rate=0.01, max_bin=None,
              max_cat_threshold=None, max_cat_to_onehot=None,
              max_delta_step=None, max_depth=4, max_leaves=None,
              min_child_weight=1, missing=nan, monotone_constraints=None,
              n_estimators=600, n_jobs=0, num_parallel_tree=None,
              objective='binary:logitraw', predictor=None, ...)
2023-05-28 22:40:36,095 [INFO] Save train_prediction_log data...
2023-05-28 22:40:36,098 [INFO] {'Data': 'train', 'ACC': '0.99 (231 / 234)', 'TP': 73, 'FP': 0, 'FN': 3, 'TN': 158, 'Precision': '1.0 (73 / 73 + 0)', 'Recall': '0.96 (73 / 73 + 3)', 'F1': '0.98 (2 * (0.96 * 1.0) / 0.96 + 1.0)', 'Specificity': '1.0 (158 / 158 + 0)', 'AUC': 0.98, 'r2': 0.94}
2023-05-28 22:40:36,106 [INFO] Save valid_prediction_log data...
2023-05-28 22:40:36,108 [INFO] {'Data': 'valid', 'ACC': '1.0 (66 / 66)', 'TP': 26, 'FP': 0, 'FN': 0, 'TN': 40, 'Precision': '1.0 (26 / 26 + 0)', 'Recall': '1.0 (26 / 26 + 0)', 'F1': '1.0 (2 * (1.0 * 1.0) / 1.0 + 1.0)', 'Specificity': '1.0 (40 / 40 + 0)', 'AUC': 1.0, 'r2': 1.0}
2023-05-28 22:40:36,123 [INFO] Save test_prediction_log data...
2023-05-28 22:40:36,125 [INFO] {'Data': 'test', 'ACC': '0.64 (42 / 66)', 'TP': 8, 'FP': 6, 'FN': 18, 'TN': 34, 'Precision': '0.57 (8 / 8 + 6)', 'Recall': '0.31 (8 / 8 + 18)', 'F1': '0.4 (2 * (0.31 * 0.57) / 0.31 + 0.57)', 'Specificity': '0.85 (34 / 34 + 6)', 'AUC': 0.58, 'r2': -0.52}
2023-05-28 22:40:36,137 [INFO] Save training_log data...
2023-05-28 22:40:36,143 [INFO] Save score_log data...
2023-05-28 22:40:36,144 [INFO] Time : 281.4814805984497
