2023-05-28 16:19:12,836 [INFO] Train data : Vary_params_A\DUD-E\MK10\nG1_50\ECFP4_512bits\MinMax\MK10_train_vector.tsv
2023-05-28 16:19:12,836 [INFO] Valid data : Vary_params_A\DUD-E\MK10\nG1_50\ECFP4_512bits\MinMax\MK10_valid_vector.tsv
2023-05-28 16:19:12,836 [INFO] Output path : Vary_params_A\DUD-E\MK10\nG1_50\ECFP4_512bits\MinMax\MK10_model\MLP
2023-05-28 16:19:12,836 [INFO] Model type : MLP
2023-05-28 16:19:12,836 [INFO] Use cores : 3
2023-05-28 16:19:12,870 [INFO] Start Learning model
2023-05-28 16:19:12,870 [INFO] Train : 104 | Valid : 26
2023-05-28 16:19:12,870 [INFO] Set parameters : {'hidden_layer_sizes': [(50,), (100,), (50, 50), (100, 100)], 'learning_rate': ['constant', 'invscaling', 'adaptive'], 'activation': ['relu', 'identity', 'logistic', 'tanh'], 'solver': ['adam', 'sgd', 'lbfgs'], 'alpha': [0.1, 0.01, 0.001], 'max_iter': [500, 1000], 'early_stopping': [True]}
2023-05-28 16:27:19,068 [INFO] GridSearchCV results :
     mean_valid_accuracy  mean_valid_precision  mean_valid_auc
54              0.858182              0.966667        0.829167
57              0.858182              0.966667        0.829167
60              0.858182              0.966667        0.829167
63              0.858182              0.966667        0.829167
66              0.858182              0.966667        0.829167
..                   ...                   ...             ...
607             0.596364              0.000000        0.500000
610             0.596364              0.000000        0.500000
612             0.596364              0.000000        0.500000
613             0.596364              0.000000        0.500000
633             0.596364              0.000000        0.500000

[864 rows x 3 columns]
2023-05-28 16:27:19,070 [INFO] Best model :
MLPClassifier(alpha=0.1, early_stopping=True, hidden_layer_sizes=(100, 100),
              max_iter=500, random_state=42)
2023-05-28 16:27:19,077 [INFO] Save train_prediction_log data...
2023-05-28 16:27:19,082 [INFO] {'Data': 'train', 'ACC': '1.0 (104 / 104)', 'TP': 42, 'FP': 0, 'FN': 0, 'TN': 62, 'Precision': '1.0 (42 / 42 + 0)', 'Recall': '1.0 (42 / 42 + 0)', 'F1': '1.0 (2 * (1.0 * 1.0) / 1.0 + 1.0)', 'Specificity': '1.0 (62 / 62 + 0)', 'AUC': 1.0, 'r2': 1.0}
2023-05-28 16:27:19,089 [INFO] Save valid_prediction_log data...
2023-05-28 16:27:19,092 [INFO] {'Data': 'valid', 'ACC': '1.0 (26 / 26)', 'TP': 10, 'FP': 0, 'FN': 0, 'TN': 16, 'Precision': '1.0 (10 / 10 + 0)', 'Recall': '1.0 (10 / 10 + 0)', 'F1': '1.0 (2 * (1.0 * 1.0) / 1.0 + 1.0)', 'Specificity': '1.0 (16 / 16 + 0)', 'AUC': 1.0, 'r2': 1.0}
2023-05-28 16:27:19,113 [INFO] Save test_prediction_log data...
2023-05-28 16:27:19,116 [INFO] {'Data': 'test', 'ACC': '0.65 (17 / 26)', 'TP': 2, 'FP': 1, 'FN': 8, 'TN': 15, 'Precision': '0.67 (2 / 2 + 1)', 'Recall': '0.2 (2 / 2 + 8)', 'F1': '0.31 (2 * (0.2 * 0.67) / 0.2 + 0.67)', 'Specificity': '0.94 (15 / 15 + 1)', 'AUC': 0.57, 'r2': -0.46}
2023-05-28 16:27:19,122 [INFO] Save training_log data...
2023-05-28 16:27:19,129 [INFO] Save score_log data...
2023-05-28 16:27:19,131 [INFO] Time : 486.2942795753479
