2023-05-28 18:24:15,633 [INFO] Train data : Vary_params_A\DUD-E\MK10\nG1_50\ECFP6_256bits\MinMax\MK10_train_vector.tsv
2023-05-28 18:24:15,633 [INFO] Valid data : Vary_params_A\DUD-E\MK10\nG1_50\ECFP6_256bits\MinMax\MK10_valid_vector.tsv
2023-05-28 18:24:15,633 [INFO] Output path : Vary_params_A\DUD-E\MK10\nG1_50\ECFP6_256bits\MinMax\MK10_model\SVM
2023-05-28 18:24:15,633 [INFO] Model type : SVM
2023-05-28 18:24:15,633 [INFO] Use cores : 3
2023-05-28 18:24:15,652 [INFO] Start Learning model
2023-05-28 18:24:15,652 [INFO] Train : 104 | Valid : 26
2023-05-28 18:24:15,652 [INFO] Set parameters : {'kernel': ['linear', 'rbf'], 'C': [0.01, 0.1, 1, 10, 100, 1000], 'gamma': [0.01, 0.1, 1, 100, 1000]}
2023-05-28 18:24:20,187 [INFO] GridSearchCV results :
    mean_valid_accuracy  mean_valid_precision  mean_valid_auc
21             0.915455              0.946667        0.910000
41             0.950909              0.937143        0.954167
31             0.950909              0.937143        0.954167
51             0.950909              0.937143        0.954167
26             0.931818              0.917143        0.935833
28             0.931818              0.917143        0.935833
32             0.931818              0.917143        0.935833
34             0.931818              0.917143        0.935833
36             0.931818              0.917143        0.935833
38             0.931818              0.917143        0.935833
40             0.931818              0.917143        0.935833
0              0.913636              0.917143        0.915833
24             0.931818              0.917143        0.935833
44             0.931818              0.917143        0.935833
46             0.931818              0.917143        0.935833
48             0.931818              0.917143        0.935833
50             0.931818              0.917143        0.935833
52             0.931818              0.917143        0.935833
54             0.931818              0.917143        0.935833
56             0.931818              0.917143        0.935833
58             0.931818              0.917143        0.935833
42             0.931818              0.917143        0.935833
30             0.931818              0.917143        0.935833
12             0.931818              0.917143        0.935833
14             0.931818              0.917143        0.935833
2              0.913636              0.917143        0.915833
20             0.931818              0.917143        0.935833
4              0.913636              0.917143        0.915833
6              0.913636              0.917143        0.915833
8              0.913636              0.917143        0.915833
18             0.931818              0.917143        0.935833
10             0.931818              0.917143        0.935833
16             0.931818              0.917143        0.935833
22             0.931818              0.917143        0.935833
53             0.666364              0.400000        0.587500
33             0.666364              0.400000        0.587500
43             0.666364              0.400000        0.587500
23             0.636364              0.300000        0.550000
37             0.596364              0.000000        0.500000
39             0.596364              0.000000        0.500000
25             0.596364              0.000000        0.500000
57             0.596364              0.000000        0.500000
3              0.596364              0.000000        0.500000
55             0.596364              0.000000        0.500000
27             0.596364              0.000000        0.500000
19             0.596364              0.000000        0.500000
5              0.596364              0.000000        0.500000
29             0.596364              0.000000        0.500000
7              0.596364              0.000000        0.500000
49             0.596364              0.000000        0.500000
1              0.596364              0.000000        0.500000
47             0.596364              0.000000        0.500000
9              0.596364              0.000000        0.500000
45             0.596364              0.000000        0.500000
17             0.596364              0.000000        0.500000
35             0.596364              0.000000        0.500000
11             0.596364              0.000000        0.500000
15             0.596364              0.000000        0.500000
13             0.596364              0.000000        0.500000
59             0.596364              0.000000        0.500000
2023-05-28 18:24:20,190 [INFO] Best model :
SVC(C=1, gamma=0.01, random_state=42)
2023-05-28 18:24:20,197 [INFO] Save train_prediction_log data...
2023-05-28 18:24:20,202 [INFO] {'Data': 'train', 'ACC': '1.0 (104 / 104)', 'TP': 42, 'FP': 0, 'FN': 0, 'TN': 62, 'Precision': '1.0 (42 / 42 + 0)', 'Recall': '1.0 (42 / 42 + 0)', 'F1': '1.0 (2 * (1.0 * 1.0) / 1.0 + 1.0)', 'Specificity': '1.0 (62 / 62 + 0)', 'AUC': 1.0, 'r2': 1.0}
2023-05-28 18:24:20,208 [INFO] Save valid_prediction_log data...
2023-05-28 18:24:20,211 [INFO] {'Data': 'valid', 'ACC': '1.0 (26 / 26)', 'TP': 10, 'FP': 0, 'FN': 0, 'TN': 16, 'Precision': '1.0 (10 / 10 + 0)', 'Recall': '1.0 (10 / 10 + 0)', 'F1': '1.0 (2 * (1.0 * 1.0) / 1.0 + 1.0)', 'Specificity': '1.0 (16 / 16 + 0)', 'AUC': 1.0, 'r2': 1.0}
2023-05-28 18:24:20,224 [INFO] Save test_prediction_log data...
2023-05-28 18:24:20,227 [INFO] {'Data': 'test', 'ACC': '0.69 (18 / 26)', 'TP': 3, 'FP': 1, 'FN': 7, 'TN': 15, 'Precision': '0.75 (3 / 3 + 1)', 'Recall': '0.3 (3 / 3 + 7)', 'F1': '0.43 (2 * (0.3 * 0.75) / 0.3 + 0.75)', 'Specificity': '0.94 (15 / 15 + 1)', 'AUC': 0.62, 'r2': -0.3}
2023-05-28 18:24:20,230 [INFO] Save training_log data...
2023-05-28 18:24:20,233 [INFO] Save score_log data...
2023-05-28 18:24:20,234 [INFO] Time : 4.600698947906494
