2023-05-27 15:29:45,812 [INFO] Train data : Vary_params\DUD-E\PLK1\nG1_20\ECFP4_256bits\Robust\PLK1_train_vector.tsv
2023-05-27 15:29:45,812 [INFO] Valid data : Vary_params\DUD-E\PLK1\nG1_20\ECFP4_256bits\Robust\PLK1_valid_vector.tsv
2023-05-27 15:29:45,812 [INFO] Output path : Vary_params\DUD-E\PLK1\nG1_20\ECFP4_256bits\Robust\PLK1_model\SVM
2023-05-27 15:29:45,812 [INFO] Model type : SVM
2023-05-27 15:29:45,812 [INFO] Use cores : 10
2023-05-27 15:29:45,824 [INFO] Start Learning model
2023-05-27 15:29:45,824 [INFO] Train : 144 | Valid : 28
2023-05-27 15:29:45,824 [INFO] Set parameters : {'kernel': ['linear', 'rbf'], 'C': [0.01, 0.1, 1, 10, 100, 1000], 'gamma': [0.01, 0.1, 1, 100, 1000]}
2023-05-27 15:29:48,342 [INFO] GridSearchCV results :
    mean_valid_accuracy  mean_valid_precision  mean_valid_auc
0              0.799524              0.806706        0.797024
20             0.799524              0.806706        0.797024
24             0.799524              0.806706        0.797024
26             0.799524              0.806706        0.797024
28             0.799524              0.806706        0.797024
32             0.799524              0.806706        0.797024
34             0.799524              0.806706        0.797024
36             0.799524              0.806706        0.797024
38             0.799524              0.806706        0.797024
40             0.799524              0.806706        0.797024
42             0.799524              0.806706        0.797024
44             0.799524              0.806706        0.797024
46             0.799524              0.806706        0.797024
48             0.799524              0.806706        0.797024
50             0.799524              0.806706        0.797024
52             0.799524              0.806706        0.797024
54             0.799524              0.806706        0.797024
56             0.799524              0.806706        0.797024
58             0.799524              0.806706        0.797024
22             0.799524              0.806706        0.797024
30             0.799524              0.806706        0.797024
10             0.799524              0.806706        0.797024
2              0.799524              0.806706        0.797024
18             0.799524              0.806706        0.797024
8              0.799524              0.806706        0.797024
16             0.799524              0.806706        0.797024
4              0.799524              0.806706        0.797024
12             0.799524              0.806706        0.797024
6              0.799524              0.806706        0.797024
14             0.799524              0.806706        0.797024
49             0.527619              0.527619        0.500000
9              0.527619              0.527619        0.500000
45             0.527619              0.527619        0.500000
47             0.527619              0.527619        0.500000
7              0.527619              0.527619        0.500000
21             0.527619              0.527619        0.500000
43             0.527619              0.527619        0.500000
5              0.527619              0.527619        0.500000
53             0.527619              0.527619        0.500000
55             0.527619              0.527619        0.500000
3              0.527619              0.527619        0.500000
57             0.527619              0.527619        0.500000
51             0.527619              0.527619        0.500000
11             0.527619              0.527619        0.500000
41             0.527619              0.527619        0.500000
19             0.527619              0.527619        0.500000
39             0.527619              0.527619        0.500000
37             0.527619              0.527619        0.500000
13             0.527619              0.527619        0.500000
35             0.527619              0.527619        0.500000
33             0.527619              0.527619        0.500000
15             0.527619              0.527619        0.500000
31             0.527619              0.527619        0.500000
1              0.527619              0.527619        0.500000
29             0.527619              0.527619        0.500000
27             0.527619              0.527619        0.500000
17             0.527619              0.527619        0.500000
25             0.527619              0.527619        0.500000
23             0.527619              0.527619        0.500000
59             0.527619              0.527619        0.500000
2023-05-27 15:29:48,345 [INFO] Best model :
SVC(C=0.01, gamma=0.01, kernel='linear', random_state=42)
2023-05-27 15:29:48,349 [INFO] Save train_prediction_log data...
2023-05-27 15:29:48,352 [INFO] {'Data': 'train', 'ACC': '1.0 (144 / 144)', 'TP': 76, 'FP': 0, 'FN': 0, 'TN': 68, 'Precision': '1.0 (76 / 76 + 0)', 'Recall': '1.0 (76 / 76 + 0)', 'F1': '1.0 (2 * (1.0 * 1.0) / 1.0 + 1.0)', 'Specificity': '1.0 (68 / 68 + 0)', 'AUC': 1.0, 'r2': 1.0}
2023-05-27 15:29:48,355 [INFO] Save valid_prediction_log data...
2023-05-27 15:29:48,357 [INFO] {'Data': 'valid', 'ACC': '0.89 (25 / 28)', 'TP': 11, 'FP': 3, 'FN': 0, 'TN': 14, 'Precision': '0.79 (11 / 11 + 3)', 'Recall': '1.0 (11 / 11 + 0)', 'F1': '0.88 (2 * (1.0 * 0.79) / 1.0 + 0.79)', 'Specificity': '0.82 (14 / 14 + 3)', 'AUC': 0.91, 'r2': 0.55}
2023-05-27 15:29:48,366 [INFO] Save test_prediction_log data...
2023-05-27 15:29:48,368 [INFO] {'Data': 'test', 'ACC': '0.54 (15 / 28)', 'TP': 4, 'FP': 6, 'FN': 7, 'TN': 11, 'Precision': '0.4 (4 / 4 + 6)', 'Recall': '0.36 (4 / 4 + 7)', 'F1': '0.38 (2 * (0.36 * 0.4) / 0.36 + 0.4)', 'Specificity': '0.65 (11 / 11 + 6)', 'AUC': 0.51, 'r2': -0.95}
2023-05-27 15:29:48,370 [INFO] Save training_log data...
2023-05-27 15:29:48,371 [INFO] Save score_log data...
2023-05-27 15:29:48,372 [INFO] Time : 2.559629201889038
