2023-04-09 14:11:16,387 [INFO] Train data : D:\PARK\Lab\Database\ADis-QSAR_final\data\DUDE\WEE1\ECFP4_256bits\preprocessing\WEE1_train_vector.tsv
2023-04-09 14:11:16,387 [INFO] Test data : D:\PARK\Lab\Database\ADis-QSAR_final\data\DUDE\WEE1\ECFP4_256bits\preprocessing\WEE1_test_vector.tsv
2023-04-09 14:11:16,387 [INFO] Output path : D:\PARK\Lab\Database\ADis-QSAR_final\data\DUDE\WEE1\ECFP4_256bits\WEE1_model\XGB
2023-04-09 14:11:16,387 [INFO] Model type : XGB
2023-04-09 14:11:16,387 [INFO] Use cores : 10
2023-04-09 14:11:16,399 [INFO] Start Learning model
2023-04-09 14:11:16,399 [INFO] Train : 103 | Test : 25
2023-04-09 14:11:16,400 [INFO] Set parameters : {'max_depth': [4, 6, 8], 'learning_rate': [0.01, 0.2], 'n_estimators': [200, 600, 1000], 'gamma': [0, 1000], 'min_child_weight': [1, 3], 'subsample': [0.5, 1], 'colsample_bytree': [0.5, 1], 'objective': ['binary:logitraw'], 'eval_metric': ['auc', 'error']}
2023-04-09 14:14:49,960 [INFO] GridSearchCV results :
     mean_valid_accuracy  mean_valid_precision  mean_valid_auc
0               1.000000                   1.0             1.0
320             1.000000                   1.0             1.0
318             1.000000                   1.0             1.0
317             1.000000                   1.0             1.0
316             1.000000                   1.0             1.0
..                   ...                   ...             ...
99              0.592727                   0.0             0.5
100             0.592727                   0.0             0.5
101             0.592727                   0.0             0.5
102             0.592727                   0.0             0.5
575             0.592727                   0.0             0.5

[576 rows x 3 columns]
2023-04-09 14:14:49,963 [INFO] Best model :
XGBClassifier(base_score=0.5, booster='gbtree', callbacks=None,
              colsample_bylevel=1, colsample_bynode=1, colsample_bytree=0.5,
              early_stopping_rounds=None, enable_categorical=False,
              eval_metric='auc', gamma=0, gpu_id=-1, grow_policy='depthwise',
              importance_type=None, interaction_constraints='',
              learning_rate=0.01, max_bin=256, max_cat_to_onehot=4,
              max_delta_step=0, max_depth=4, max_leaves=0, min_child_weight=1,
              missing=nan, monotone_constraints='()', n_estimators=200,
              n_jobs=0, num_parallel_tree=1, objective='binary:logitraw',
              predictor='auto', random_state=42, reg_alpha=0, ...)
2023-04-09 14:14:49,970 [INFO] Save train_prediction_log data...
2023-04-09 14:14:49,973 [INFO] {'Data': 'train', 'ACC': '1.0 (103 / 103)', 'TP': 42, 'FP': 0, 'FN': 0, 'TN': 61, 'Precision': '1.0 (42 / 42 + 0)', 'Recall': '1.0 (42 / 42 + 0)', 'F1': '1.0 (2 * (1.0 * 1.0) / 1.0 + 1.0)', 'Specificity': '1.0 (61 / 61 + 0)', 'AUC': 1.0, 'r2': 1.0}
2023-04-09 14:14:49,980 [INFO] Save test_prediction_log data...
2023-04-09 14:14:49,982 [INFO] {'Data': 'test', 'ACC': '1.0 (25 / 25)', 'TP': 10, 'FP': 0, 'FN': 0, 'TN': 15, 'Precision': '1.0 (10 / 10 + 0)', 'Recall': '1.0 (10 / 10 + 0)', 'F1': '1.0 (2 * (1.0 * 1.0) / 1.0 + 1.0)', 'Specificity': '1.0 (15 / 15 + 0)', 'AUC': 1.0, 'r2': 1.0}
2023-04-09 14:14:49,997 [INFO] Save ext_prediction_log data...
2023-04-09 14:14:49,999 [INFO] {'Data': 'ext', 'ACC': '0.72 (18 / 25)', 'TP': 4, 'FP': 1, 'FN': 6, 'TN': 14, 'Precision': '0.8 (4 / 4 + 1)', 'Recall': '0.4 (4 / 4 + 6)', 'F1': '0.53 (2 * (0.4 * 0.8) / 0.4 + 0.8)', 'Specificity': '0.93 (14 / 14 + 1)', 'AUC': 0.67, 'r2': -0.17}
2023-04-09 14:14:50,004 [INFO] Save training_log data...
2023-04-09 14:14:50,007 [INFO] Save score_log data...
2023-04-09 14:14:50,008 [INFO] Time : 213.6216835975647
