2023-05-29 00:57:10,328 [INFO] Train data : Vary_params_CDK2_EGFR_LCK\DUD-E\LCK\nG1_20\ECFP4_256bits\Robust\LCK_train_vector.tsv
2023-05-29 00:57:10,328 [INFO] Valid data : Vary_params_CDK2_EGFR_LCK\DUD-E\LCK\nG1_20\ECFP4_256bits\Robust\LCK_valid_vector.tsv
2023-05-29 00:57:10,328 [INFO] Output path : Vary_params_CDK2_EGFR_LCK\DUD-E\LCK\nG1_20\ECFP4_256bits\Robust\LCK_model\RF
2023-05-29 00:57:10,328 [INFO] Model type : RF
2023-05-29 00:57:10,328 [INFO] Use cores : 19
2023-05-29 00:57:10,348 [INFO] Start Learning model
2023-05-29 00:57:10,348 [INFO] Train : 766 | Valid : 185
2023-05-29 00:57:10,348 [INFO] Set parameters : {'max_depth': [6, 8, 10, 12], 'max_features': ['sqrt', 'log2'], 'min_samples_leaf': [2, 4, 8, 10], 'min_samples_split': [2, 4, 8, 10], 'n_estimators': [200, 600, 1000]}
2023-05-29 01:00:33,228 [INFO] GridSearchCV results :
     mean_valid_accuracy  mean_valid_precision  mean_valid_auc
146             0.966148              0.993845        0.961105
292             0.964850              0.993845        0.959590
149             0.966148              0.993845        0.961105
289             0.964850              0.993845        0.959590
145             0.964867              0.993750        0.959615
..                   ...                   ...             ...
43              0.946548              0.958969        0.942431
36              0.942618              0.952841        0.938595
39              0.942618              0.952841        0.938595
42              0.942618              0.952841        0.938595
45              0.942618              0.952841        0.938595

[384 rows x 3 columns]
2023-05-29 01:00:33,229 [INFO] Best model :
RandomForestClassifier(class_weight='balanced', max_depth=8,
                       max_features='log2', min_samples_leaf=2,
                       n_estimators=1000, random_state=42)
2023-05-29 01:00:33,303 [INFO] Save train_prediction_log data...
2023-05-29 01:00:33,307 [INFO] {'Data': 'train', 'ACC': '0.98 (754 / 766)', 'TP': 312, 'FP': 0, 'FN': 12, 'TN': 442, 'Precision': '1.0 (312 / 312 + 0)', 'Recall': '0.96 (312 / 312 + 12)', 'F1': '0.98 (2 * (0.96 * 1.0) / 0.96 + 1.0)', 'Specificity': '1.0 (442 / 442 + 0)', 'AUC': 0.98, 'r2': 0.94}
2023-05-29 01:00:33,349 [INFO] Save valid_prediction_log data...
2023-05-29 01:00:33,353 [INFO] {'Data': 'valid', 'ACC': '1.0 (185 / 185)', 'TP': 74, 'FP': 0, 'FN': 0, 'TN': 111, 'Precision': '1.0 (74 / 74 + 0)', 'Recall': '1.0 (74 / 74 + 0)', 'F1': '1.0 (2 * (1.0 * 1.0) / 1.0 + 1.0)', 'Specificity': '1.0 (111 / 111 + 0)', 'AUC': 1.0, 'r2': 1.0}
2023-05-29 01:00:33,409 [INFO] Save test_prediction_log data...
2023-05-29 01:00:33,411 [INFO] {'Data': 'test', 'ACC': '0.69 (128 / 185)', 'TP': 42, 'FP': 25, 'FN': 32, 'TN': 86, 'Precision': '0.63 (42 / 42 + 25)', 'Recall': '0.57 (42 / 42 + 32)', 'F1': '0.6 (2 * (0.57 * 0.63) / 0.57 + 0.63)', 'Specificity': '0.77 (86 / 86 + 25)', 'AUC': 0.67, 'r2': -0.28}
2023-05-29 01:00:33,563 [INFO] Save training_log data...
2023-05-29 01:00:33,567 [INFO] Save score_log data...
2023-05-29 01:00:33,568 [INFO] Time : 203.24004435539246
