2023-05-28 14:16:55,545 [INFO] Train data : Vary_params_ABL_BRAF_FGFR1\DUD-E\ABL1\nG1_20\ECFP6_512bits\Robust\ABL1_train_vector.tsv
2023-05-28 14:16:55,545 [INFO] Valid data : Vary_params_ABL_BRAF_FGFR1\DUD-E\ABL1\nG1_20\ECFP6_512bits\Robust\ABL1_valid_vector.tsv
2023-05-28 14:16:55,545 [INFO] Output path : Vary_params_ABL_BRAF_FGFR1\DUD-E\ABL1\nG1_20\ECFP6_512bits\Robust\ABL1_model\SVM
2023-05-28 14:16:55,545 [INFO] Model type : SVM
2023-05-28 14:16:55,545 [INFO] Use cores : 18
2023-05-28 14:16:55,569 [INFO] Start Learning model
2023-05-28 14:16:55,569 [INFO] Train : 294 | Valid : 66
2023-05-28 14:16:55,569 [INFO] Set parameters : {'kernel': ['linear', 'rbf'], 'C': [0.01, 0.1, 1, 10, 100, 1000], 'gamma': [0.01, 0.1, 1, 100, 1000]}
2023-05-28 14:16:59,443 [INFO] GridSearchCV results :
    mean_valid_accuracy  mean_valid_precision  mean_valid_auc
0              0.888391              0.906415        0.887285
20             0.888391              0.906415        0.887285
24             0.888391              0.906415        0.887285
26             0.888391              0.906415        0.887285
28             0.888391              0.906415        0.887285
32             0.888391              0.906415        0.887285
34             0.888391              0.906415        0.887285
36             0.888391              0.906415        0.887285
38             0.888391              0.906415        0.887285
40             0.888391              0.906415        0.887285
42             0.888391              0.906415        0.887285
44             0.888391              0.906415        0.887285
46             0.888391              0.906415        0.887285
48             0.888391              0.906415        0.887285
50             0.888391              0.906415        0.887285
52             0.888391              0.906415        0.887285
54             0.888391              0.906415        0.887285
56             0.888391              0.906415        0.887285
58             0.888391              0.906415        0.887285
22             0.888391              0.906415        0.887285
30             0.888391              0.906415        0.887285
10             0.888391              0.906415        0.887285
2              0.888391              0.906415        0.887285
18             0.888391              0.906415        0.887285
8              0.888391              0.906415        0.887285
16             0.888391              0.906415        0.887285
4              0.888391              0.906415        0.887285
12             0.888391              0.906415        0.887285
6              0.888391              0.906415        0.887285
14             0.888391              0.906415        0.887285
49             0.537471              0.000000        0.500000
9              0.537471              0.000000        0.500000
45             0.537471              0.000000        0.500000
47             0.537471              0.000000        0.500000
7              0.537471              0.000000        0.500000
21             0.537471              0.000000        0.500000
43             0.537471              0.000000        0.500000
5              0.537471              0.000000        0.500000
53             0.537471              0.000000        0.500000
55             0.537471              0.000000        0.500000
3              0.537471              0.000000        0.500000
57             0.537471              0.000000        0.500000
51             0.537471              0.000000        0.500000
11             0.537471              0.000000        0.500000
41             0.537471              0.000000        0.500000
19             0.537471              0.000000        0.500000
39             0.537471              0.000000        0.500000
37             0.537471              0.000000        0.500000
13             0.537471              0.000000        0.500000
35             0.537471              0.000000        0.500000
33             0.537471              0.000000        0.500000
15             0.537471              0.000000        0.500000
31             0.537471              0.000000        0.500000
1              0.537471              0.000000        0.500000
29             0.537471              0.000000        0.500000
27             0.537471              0.000000        0.500000
17             0.537471              0.000000        0.500000
25             0.537471              0.000000        0.500000
23             0.537471              0.000000        0.500000
59             0.537471              0.000000        0.500000
2023-05-28 14:16:59,443 [INFO] Best model :
SVC(C=0.01, gamma=0.01, kernel='linear', random_state=42)
2023-05-28 14:16:59,453 [INFO] Save train_prediction_log data...
2023-05-28 14:16:59,453 [INFO] {'Data': 'train', 'ACC': '1.0 (294 / 294)', 'TP': 136, 'FP': 0, 'FN': 0, 'TN': 158, 'Precision': '1.0 (136 / 136 + 0)', 'Recall': '1.0 (136 / 136 + 0)', 'F1': '1.0 (2 * (1.0 * 1.0) / 1.0 + 1.0)', 'Specificity': '1.0 (158 / 158 + 0)', 'AUC': 1.0, 'r2': 1.0}
2023-05-28 14:16:59,463 [INFO] Save valid_prediction_log data...
2023-05-28 14:16:59,463 [INFO] {'Data': 'valid', 'ACC': '0.95 (63 / 66)', 'TP': 26, 'FP': 3, 'FN': 0, 'TN': 37, 'Precision': '0.9 (26 / 26 + 3)', 'Recall': '1.0 (26 / 26 + 0)', 'F1': '0.95 (2 * (1.0 * 0.9) / 1.0 + 0.9)', 'Specificity': '0.92 (37 / 37 + 3)', 'AUC': 0.96, 'r2': 0.81}
2023-05-28 14:16:59,473 [INFO] Save test_prediction_log data...
2023-05-28 14:16:59,473 [INFO] {'Data': 'test', 'ACC': '0.62 (41 / 66)', 'TP': 15, 'FP': 14, 'FN': 11, 'TN': 26, 'Precision': '0.52 (15 / 15 + 14)', 'Recall': '0.58 (15 / 15 + 11)', 'F1': '0.55 (2 * (0.58 * 0.52) / 0.58 + 0.52)', 'Specificity': '0.65 (26 / 26 + 14)', 'AUC': 0.61, 'r2': -0.59}
2023-05-28 14:16:59,473 [INFO] Save training_log data...
2023-05-28 14:16:59,473 [INFO] Save score_log data...
2023-05-28 14:16:59,483 [INFO] Time : 3.93784236907959
