2023-05-29 05:49:24,948 [INFO] Train data : Vary_params\DUD-E\KPCB\nG1_50\ECFP4_512bits\MinMax\KPCB_train_vector.tsv
2023-05-29 05:49:24,948 [INFO] Valid data : Vary_params\DUD-E\KPCB\nG1_50\ECFP4_512bits\MinMax\KPCB_valid_vector.tsv
2023-05-29 05:49:24,948 [INFO] Output path : Vary_params\DUD-E\KPCB\nG1_50\ECFP4_512bits\MinMax\KPCB_model\SVM
2023-05-29 05:49:24,948 [INFO] Model type : SVM
2023-05-29 05:49:24,948 [INFO] Use cores : 11
2023-05-29 05:49:24,973 [INFO] Start Learning model
2023-05-29 05:49:24,973 [INFO] Train : 168 | Valid : 42
2023-05-29 05:49:24,973 [INFO] Set parameters : {'kernel': ['linear', 'rbf'], 'C': [0.01, 0.1, 1, 10, 100, 1000], 'gamma': [0.01, 0.1, 1, 100, 1000]}
2023-05-29 05:49:28,779 [INFO] GridSearchCV results :
    mean_valid_accuracy  mean_valid_precision  mean_valid_auc
0              0.970588                   1.0        0.963095
24             0.988235                   1.0        0.985714
28             0.988235                   1.0        0.985714
31             0.988235                   1.0        0.985714
32             0.988235                   1.0        0.985714
33             0.892647                   1.0        0.865476
34             0.988235                   1.0        0.985714
36             0.988235                   1.0        0.985714
38             0.988235                   1.0        0.985714
40             0.988235                   1.0        0.985714
41             0.988235                   1.0        0.985714
42             0.988235                   1.0        0.985714
43             0.892647                   1.0        0.865476
44             0.988235                   1.0        0.985714
46             0.988235                   1.0        0.985714
48             0.988235                   1.0        0.985714
50             0.988235                   1.0        0.985714
51             0.988235                   1.0        0.985714
52             0.988235                   1.0        0.985714
53             0.892647                   1.0        0.865476
54             0.988235                   1.0        0.985714
56             0.988235                   1.0        0.985714
58             0.988235                   1.0        0.985714
26             0.988235                   1.0        0.985714
30             0.988235                   1.0        0.985714
10             0.988235                   1.0        0.985714
8              0.970588                   1.0        0.963095
2              0.970588                   1.0        0.963095
22             0.988235                   1.0        0.985714
21             0.976471                   1.0        0.971429
20             0.988235                   1.0        0.985714
12             0.988235                   1.0        0.985714
18             0.988235                   1.0        0.985714
4              0.970588                   1.0        0.963095
23             0.892647                   1.0        0.865476
6              0.970588                   1.0        0.963095
16             0.988235                   1.0        0.985714
14             0.988235                   1.0        0.985714
9              0.601471                   0.0        0.500000
49             0.601471                   0.0        0.500000
25             0.601471                   0.0        0.500000
7              0.601471                   0.0        0.500000
47             0.601471                   0.0        0.500000
55             0.601471                   0.0        0.500000
3              0.601471                   0.0        0.500000
57             0.601471                   0.0        0.500000
5              0.601471                   0.0        0.500000
13             0.601471                   0.0        0.500000
45             0.601471                   0.0        0.500000
11             0.601471                   0.0        0.500000
15             0.601471                   0.0        0.500000
39             0.601471                   0.0        0.500000
37             0.601471                   0.0        0.500000
17             0.601471                   0.0        0.500000
35             0.601471                   0.0        0.500000
19             0.601471                   0.0        0.500000
1              0.601471                   0.0        0.500000
29             0.601471                   0.0        0.500000
27             0.601471                   0.0        0.500000
59             0.601471                   0.0        0.500000
2023-05-29 05:49:28,781 [INFO] Best model :
SVC(C=0.01, gamma=0.01, kernel='linear', random_state=42)
2023-05-29 05:49:28,790 [INFO] Save train_prediction_log data...
2023-05-29 05:49:28,793 [INFO] {'Data': 'train', 'ACC': '0.98 (165 / 168)', 'TP': 64, 'FP': 0, 'FN': 3, 'TN': 101, 'Precision': '1.0 (64 / 64 + 0)', 'Recall': '0.96 (64 / 64 + 3)', 'F1': '0.98 (2 * (0.96 * 1.0) / 0.96 + 1.0)', 'Specificity': '1.0 (101 / 101 + 0)', 'AUC': 0.98, 'r2': 0.93}
2023-05-29 05:49:28,800 [INFO] Save valid_prediction_log data...
2023-05-29 05:49:28,802 [INFO] {'Data': 'valid', 'ACC': '1.0 (42 / 42)', 'TP': 17, 'FP': 0, 'FN': 0, 'TN': 25, 'Precision': '1.0 (17 / 17 + 0)', 'Recall': '1.0 (17 / 17 + 0)', 'F1': '1.0 (2 * (1.0 * 1.0) / 1.0 + 1.0)', 'Specificity': '1.0 (25 / 25 + 0)', 'AUC': 1.0, 'r2': 1.0}
2023-05-29 05:49:28,817 [INFO] Save test_prediction_log data...
2023-05-29 05:49:28,821 [INFO] {'Data': 'test', 'ACC': '0.76 (32 / 42)', 'TP': 8, 'FP': 1, 'FN': 9, 'TN': 24, 'Precision': '0.89 (8 / 8 + 1)', 'Recall': '0.47 (8 / 8 + 9)', 'F1': '0.62 (2 * (0.47 * 0.89) / 0.47 + 0.89)', 'Specificity': '0.96 (24 / 24 + 1)', 'AUC': 0.72, 'r2': 0.01}
2023-05-29 05:49:28,824 [INFO] Save training_log data...
2023-05-29 05:49:28,826 [INFO] Save score_log data...
2023-05-29 05:49:28,828 [INFO] Time : 3.8802571296691895
