2023-05-29 16:26:53,140 [INFO] Train data : Vary_params_BRAF_MK14\DUD-E\MK14\nG1_20\ECFP4_256bits\Standard\MK14_train_vector.tsv
2023-05-29 16:26:53,140 [INFO] Valid data : Vary_params_BRAF_MK14\DUD-E\MK14\nG1_20\ECFP4_256bits\Standard\MK14_valid_vector.tsv
2023-05-29 16:26:53,140 [INFO] Output path : Vary_params_BRAF_MK14\DUD-E\MK14\nG1_20\ECFP4_256bits\Standard\MK14_model\RF
2023-05-29 16:26:53,140 [INFO] Model type : RF
2023-05-29 16:26:53,140 [INFO] Use cores : 10
2023-05-29 16:26:53,188 [INFO] Start Learning model
2023-05-29 16:26:53,189 [INFO] Train : 931 | Valid : 225
2023-05-29 16:26:53,189 [INFO] Set parameters : {'max_depth': [6, 8, 10, 12], 'max_features': ['sqrt', 'log2'], 'min_samples_leaf': [2, 4, 8, 10], 'min_samples_split': [2, 4, 8, 10], 'n_estimators': [200, 600, 1000]}
2023-05-29 16:33:04,567 [INFO] GridSearchCV results :
     mean_valid_accuracy  mean_valid_precision  mean_valid_auc
243             0.968874              0.979720        0.965670
240             0.968874              0.979720        0.965670
241             0.972089              0.975026        0.970228
244             0.972089              0.975026        0.970228
242             0.972089              0.974962        0.970228
..                   ...                   ...             ...
37              0.947380              0.932253        0.947168
47              0.945230              0.931645        0.944604
38              0.945230              0.931645        0.944604
44              0.945230              0.931645        0.944604
41              0.945230              0.931645        0.944604

[384 rows x 3 columns]
2023-05-29 16:33:04,568 [INFO] Best model :
RandomForestClassifier(class_weight='balanced', max_depth=10,
                       max_features='log2', min_samples_leaf=2,
                       n_estimators=200, random_state=42)
2023-05-29 16:33:04,596 [INFO] Save train_prediction_log data...
2023-05-29 16:33:04,930 [INFO] {'Data': 'train', 'ACC': '1.0 (929 / 931)', 'TP': 388, 'FP': 0, 'FN': 2, 'TN': 541, 'Precision': '1.0 (388 / 388 + 0)', 'Recall': '0.99 (388 / 388 + 2)', 'F1': '0.99 (2 * (0.99 * 1.0) / 0.99 + 1.0)', 'Specificity': '1.0 (541 / 541 + 0)', 'AUC': 1.0, 'r2': 0.99}
2023-05-29 16:33:04,947 [INFO] Save valid_prediction_log data...
2023-05-29 16:33:04,949 [INFO] {'Data': 'valid', 'ACC': '0.99 (223 / 225)', 'TP': 89, 'FP': 1, 'FN': 1, 'TN': 134, 'Precision': '0.99 (89 / 89 + 1)', 'Recall': '0.99 (89 / 89 + 1)', 'F1': '0.99 (2 * (0.99 * 0.99) / 0.99 + 0.99)', 'Specificity': '0.99 (134 / 134 + 1)', 'AUC': 0.99, 'r2': 0.96}
2023-05-29 16:33:04,977 [INFO] Save test_prediction_log data...
2023-05-29 16:33:04,980 [INFO] {'Data': 'test', 'ACC': '0.66 (148 / 225)', 'TP': 62, 'FP': 49, 'FN': 28, 'TN': 86, 'Precision': '0.56 (62 / 62 + 49)', 'Recall': '0.69 (62 / 62 + 28)', 'F1': '0.62 (2 * (0.69 * 0.56) / 0.69 + 0.56)', 'Specificity': '0.64 (86 / 86 + 49)', 'AUC': 0.66, 'r2': -0.43}
2023-05-29 16:33:05,021 [INFO] Save training_log data...
2023-05-29 16:33:05,024 [INFO] Save score_log data...
2023-05-29 16:33:05,024 [INFO] Time : 371.8837764263153
