2023-05-30 02:07:17,685 [INFO] Train data : Baseline_noscale\DUD-E\MK10\ECFP4_256bits\MK10_raw_train.tsv
2023-05-30 02:07:17,685 [INFO] Valid data : Baseline_noscale\DUD-E\MK10\ECFP4_256bits\MK10_raw_valid.tsv
2023-05-30 02:07:17,685 [INFO] Output path : Baseline_noscale\DUD-E\MK10\ECFP4_256bits\MK10_model\SVM
2023-05-30 02:07:17,685 [INFO] Model type : SVM
2023-05-30 02:07:17,685 [INFO] Use cores : 12
2023-05-30 02:07:17,693 [INFO] Start Learning model
2023-05-30 02:07:17,694 [INFO] Train : 104 | Valid : 26
2023-05-30 02:07:17,694 [INFO] Set parameters : {'kernel': ['linear', 'rbf'], 'C': [0.01, 0.1, 1, 10, 100, 1000], 'gamma': [0.01, 0.1, 1, 100, 1000]}
2023-05-30 02:07:20,329 [INFO] GridSearchCV results :
    mean_valid_accuracy  mean_valid_precision  mean_valid_auc
21             0.913636              0.941667        0.910000
30             0.960909              0.940000        0.965000
26             0.960909              0.940000        0.965000
24             0.960909              0.940000        0.965000
32             0.960909              0.940000        0.965000
22             0.960909              0.940000        0.965000
20             0.960909              0.940000        0.965000
34             0.960909              0.940000        0.965000
18             0.960909              0.940000        0.965000
36             0.960909              0.940000        0.965000
16             0.960909              0.940000        0.965000
38             0.960909              0.940000        0.965000
14             0.960909              0.940000        0.965000
40             0.960909              0.940000        0.965000
12             0.960909              0.940000        0.965000
42             0.960909              0.940000        0.965000
10             0.960909              0.940000        0.965000
44             0.960909              0.940000        0.965000
46             0.960909              0.940000        0.965000
48             0.960909              0.940000        0.965000
50             0.960909              0.940000        0.965000
52             0.960909              0.940000        0.965000
54             0.960909              0.940000        0.965000
56             0.960909              0.940000        0.965000
58             0.960909              0.940000        0.965000
28             0.960909              0.940000        0.965000
0              0.903636              0.935000        0.897500
4              0.903636              0.935000        0.897500
8              0.903636              0.935000        0.897500
2              0.903636              0.935000        0.897500
6              0.903636              0.935000        0.897500
41             0.950909              0.926667        0.956667
31             0.950909              0.926667        0.956667
51             0.950909              0.926667        0.956667
53             0.822727              0.800000        0.785000
43             0.822727              0.800000        0.785000
33             0.822727              0.800000        0.785000
23             0.773636              0.700000        0.722500
55             0.596364              0.000000        0.500000
3              0.596364              0.000000        0.500000
5              0.596364              0.000000        0.500000
57             0.596364              0.000000        0.500000
49             0.596364              0.000000        0.500000
7              0.596364              0.000000        0.500000
47             0.596364              0.000000        0.500000
27             0.596364              0.000000        0.500000
45             0.596364              0.000000        0.500000
9              0.596364              0.000000        0.500000
25             0.596364              0.000000        0.500000
11             0.596364              0.000000        0.500000
13             0.596364              0.000000        0.500000
39             0.596364              0.000000        0.500000
15             0.596364              0.000000        0.500000
37             0.596364              0.000000        0.500000
17             0.596364              0.000000        0.500000
35             0.596364              0.000000        0.500000
19             0.596364              0.000000        0.500000
1              0.596364              0.000000        0.500000
29             0.596364              0.000000        0.500000
59             0.596364              0.000000        0.500000
2023-05-30 02:07:20,332 [INFO] Best model :
SVC(C=1, gamma=0.01, random_state=42)
2023-05-30 02:07:20,336 [INFO] Save train_prediction_log data...
2023-05-30 02:07:20,339 [INFO] {'Data': 'train', 'ACC': '0.99 (103 / 104)', 'TP': 41, 'FP': 0, 'FN': 1, 'TN': 62, 'Precision': '1.0 (41 / 41 + 0)', 'Recall': '0.98 (41 / 41 + 1)', 'F1': '0.99 (2 * (0.98 * 1.0) / 0.98 + 1.0)', 'Specificity': '1.0 (62 / 62 + 0)', 'AUC': 0.99, 'r2': 0.96}
2023-05-30 02:07:20,342 [INFO] Save valid_prediction_log data...
2023-05-30 02:07:20,343 [INFO] {'Data': 'valid', 'ACC': '1.0 (26 / 26)', 'TP': 10, 'FP': 0, 'FN': 0, 'TN': 16, 'Precision': '1.0 (10 / 10 + 0)', 'Recall': '1.0 (10 / 10 + 0)', 'F1': '1.0 (2 * (1.0 * 1.0) / 1.0 + 1.0)', 'Specificity': '1.0 (16 / 16 + 0)', 'AUC': 1.0, 'r2': 1.0}
2023-05-30 02:07:20,350 [INFO] Save test_prediction_log data...
2023-05-30 02:07:20,351 [INFO] {'Data': 'test', 'ACC': '0.69 (18 / 26)', 'TP': 4, 'FP': 2, 'FN': 6, 'TN': 14, 'Precision': '0.67 (4 / 4 + 2)', 'Recall': '0.4 (4 / 4 + 6)', 'F1': '0.5 (2 * (0.4 * 0.67) / 0.4 + 0.67)', 'Specificity': '0.88 (14 / 14 + 2)', 'AUC': 0.64, 'r2': -0.3}
2023-05-30 02:07:20,353 [INFO] Save training_log data...
2023-05-30 02:07:20,354 [INFO] Save score_log data...
2023-05-30 02:07:20,355 [INFO] Time : 2.6697962284088135
