2023-05-29 02:32:39,317 [INFO] Train data : Vary_params_CDK2_EGFR_LCK\DUD-E\LCK\nG1_20\ECFP4_512bits\Standard\LCK_train_vector.tsv
2023-05-29 02:32:39,317 [INFO] Valid data : Vary_params_CDK2_EGFR_LCK\DUD-E\LCK\nG1_20\ECFP4_512bits\Standard\LCK_valid_vector.tsv
2023-05-29 02:32:39,318 [INFO] Output path : Vary_params_CDK2_EGFR_LCK\DUD-E\LCK\nG1_20\ECFP4_512bits\Standard\LCK_model\RF
2023-05-29 02:32:39,318 [INFO] Model type : RF
2023-05-29 02:32:39,318 [INFO] Use cores : 19
2023-05-29 02:32:39,384 [INFO] Start Learning model
2023-05-29 02:32:39,385 [INFO] Train : 766 | Valid : 185
2023-05-29 02:32:39,385 [INFO] Set parameters : {'max_depth': [6, 8, 10, 12], 'max_features': ['sqrt', 'log2'], 'min_samples_leaf': [2, 4, 8, 10], 'min_samples_split': [2, 4, 8, 10], 'n_estimators': [200, 600, 1000]}
2023-05-29 02:36:14,459 [INFO] GridSearchCV results :
     mean_valid_accuracy  mean_valid_precision  mean_valid_auc
346             0.975290              0.996970        0.971474
345             0.976589              0.996970        0.972989
200             0.973975              0.996970        0.969912
154             0.972676              0.996970        0.968396
299             0.972676              0.996970        0.968396
..                   ...                   ...             ...
330             0.950393              0.968233        0.945789
42              0.945181              0.965428        0.940013
39              0.945181              0.965428        0.940013
45              0.945181              0.965428        0.940013
36              0.945181              0.965428        0.940013

[384 rows x 3 columns]
2023-05-29 02:36:14,460 [INFO] Best model :
RandomForestClassifier(class_weight='balanced', max_depth=8, min_samples_leaf=2,
                       min_samples_split=10, n_estimators=1000,
                       random_state=42)
2023-05-29 02:36:14,531 [INFO] Save train_prediction_log data...
2023-05-29 02:36:14,535 [INFO] {'Data': 'train', 'ACC': '0.98 (753 / 766)', 'TP': 311, 'FP': 0, 'FN': 13, 'TN': 442, 'Precision': '1.0 (311 / 311 + 0)', 'Recall': '0.96 (311 / 311 + 13)', 'F1': '0.98 (2 * (0.96 * 1.0) / 0.96 + 1.0)', 'Specificity': '1.0 (442 / 442 + 0)', 'AUC': 0.98, 'r2': 0.93}
2023-05-29 02:36:14,577 [INFO] Save valid_prediction_log data...
2023-05-29 02:36:14,580 [INFO] {'Data': 'valid', 'ACC': '1.0 (185 / 185)', 'TP': 74, 'FP': 0, 'FN': 0, 'TN': 111, 'Precision': '1.0 (74 / 74 + 0)', 'Recall': '1.0 (74 / 74 + 0)', 'F1': '1.0 (2 * (1.0 * 1.0) / 1.0 + 1.0)', 'Specificity': '1.0 (111 / 111 + 0)', 'AUC': 1.0, 'r2': 1.0}
2023-05-29 02:36:14,639 [INFO] Save test_prediction_log data...
2023-05-29 02:36:14,641 [INFO] {'Data': 'test', 'ACC': '0.74 (137 / 185)', 'TP': 48, 'FP': 22, 'FN': 26, 'TN': 89, 'Precision': '0.69 (48 / 48 + 22)', 'Recall': '0.65 (48 / 48 + 26)', 'F1': '0.67 (2 * (0.65 * 0.69) / 0.65 + 0.69)', 'Specificity': '0.8 (89 / 89 + 22)', 'AUC': 0.73, 'r2': -0.08}
2023-05-29 02:36:14,789 [INFO] Save training_log data...
2023-05-29 02:36:14,792 [INFO] Save score_log data...
2023-05-29 02:36:14,793 [INFO] Time : 215.47651386260986
