2023-05-27 00:16:06,155 [INFO] Train data : Vary_params\DUD-E\MET\nG1_50\ECFP4_512bits\Robust\MET_train_vector.tsv
2023-05-27 00:16:06,155 [INFO] Valid data : Vary_params\DUD-E\MET\nG1_50\ECFP4_512bits\Robust\MET_valid_vector.tsv
2023-05-27 00:16:06,155 [INFO] Output path : Vary_params\DUD-E\MET\nG1_50\ECFP4_512bits\Robust\MET_model\XGB
2023-05-27 00:16:06,155 [INFO] Model type : XGB
2023-05-27 00:16:06,155 [INFO] Use cores : 10
2023-05-27 00:16:06,179 [INFO] Start Learning model
2023-05-27 00:16:06,179 [INFO] Train : 196 | Valid : 49
2023-05-27 00:16:06,180 [INFO] Set parameters : {'max_depth': [4, 6, 8], 'learning_rate': [0.01, 0.2], 'n_estimators': [200, 600, 1000], 'gamma': [0, 1000], 'min_child_weight': [1, 3], 'subsample': [0.5, 1], 'colsample_bytree': [0.5, 1], 'objective': ['binary:logitraw'], 'eval_metric': ['auc', 'error']}
2023-05-27 00:29:20,740 [INFO] GridSearchCV results :
     mean_valid_accuracy  mean_valid_precision  mean_valid_auc
0               0.954737                   1.0         0.94375
180             0.965000                   1.0         0.95625
172             0.965000                   1.0         0.95625
170             0.965000                   1.0         0.95625
169             0.985000                   1.0         0.98125
..                   ...                   ...             ...
378             0.602105                   0.0         0.50000
377             0.602105                   0.0         0.50000
376             0.602105                   0.0         0.50000
375             0.602105                   0.0         0.50000
575             0.602105                   0.0         0.50000

[576 rows x 3 columns]
2023-05-27 00:29:20,742 [INFO] Best model :
XGBClassifier(base_score=None, booster=None, callbacks=None,
              colsample_bylevel=None, colsample_bynode=None,
              colsample_bytree=0.5, early_stopping_rounds=None,
              enable_categorical=False, eval_metric='auc', feature_types=None,
              gamma=0, gpu_id=None, grow_policy=None, importance_type=None,
              interaction_constraints=None, learning_rate=0.01, max_bin=None,
              max_cat_threshold=None, max_cat_to_onehot=None,
              max_delta_step=None, max_depth=4, max_leaves=None,
              min_child_weight=1, missing=nan, monotone_constraints=None,
              n_estimators=200, n_jobs=0, num_parallel_tree=None,
              objective='binary:logitraw', predictor=None, ...)
2023-05-27 00:29:20,757 [INFO] Save train_prediction_log data...
2023-05-27 00:29:20,761 [INFO] {'Data': 'train', 'ACC': '0.98 (193 / 196)', 'TP': 75, 'FP': 0, 'FN': 3, 'TN': 118, 'Precision': '1.0 (75 / 75 + 0)', 'Recall': '0.96 (75 / 75 + 3)', 'F1': '0.98 (2 * (0.96 * 1.0) / 0.96 + 1.0)', 'Specificity': '1.0 (118 / 118 + 0)', 'AUC': 0.98, 'r2': 0.94}
2023-05-27 00:29:20,774 [INFO] Save valid_prediction_log data...
2023-05-27 00:29:20,777 [INFO] {'Data': 'valid', 'ACC': '1.0 (49 / 49)', 'TP': 20, 'FP': 0, 'FN': 0, 'TN': 29, 'Precision': '1.0 (20 / 20 + 0)', 'Recall': '1.0 (20 / 20 + 0)', 'F1': '1.0 (2 * (1.0 * 1.0) / 1.0 + 1.0)', 'Specificity': '1.0 (29 / 29 + 0)', 'AUC': 1.0, 'r2': 1.0}
2023-05-27 00:29:20,802 [INFO] Save test_prediction_log data...
2023-05-27 00:29:20,806 [INFO] {'Data': 'test', 'ACC': '0.63 (31 / 49)', 'TP': 4, 'FP': 2, 'FN': 16, 'TN': 27, 'Precision': '0.67 (4 / 4 + 2)', 'Recall': '0.2 (4 / 4 + 16)', 'F1': '0.31 (2 * (0.2 * 0.67) / 0.2 + 0.67)', 'Specificity': '0.93 (27 / 27 + 2)', 'AUC': 0.57, 'r2': -0.52}
2023-05-27 00:29:20,810 [INFO] Save training_log data...
2023-05-27 00:29:20,814 [INFO] Save score_log data...
2023-05-27 00:29:20,815 [INFO] Time : 794.6593372821808
