2023-05-26 23:55:54,195 [INFO] Train data : Vary_params\DUD-E\MET\nG1_50\ECFP4_256bits\Standard\MET_train_vector.tsv
2023-05-26 23:55:54,196 [INFO] Valid data : Vary_params\DUD-E\MET\nG1_50\ECFP4_256bits\Standard\MET_valid_vector.tsv
2023-05-26 23:55:54,196 [INFO] Output path : Vary_params\DUD-E\MET\nG1_50\ECFP4_256bits\Standard\MET_model\SVM
2023-05-26 23:55:54,196 [INFO] Model type : SVM
2023-05-26 23:55:54,196 [INFO] Use cores : 10
2023-05-26 23:55:54,216 [INFO] Start Learning model
2023-05-26 23:55:54,216 [INFO] Train : 196 | Valid : 49
2023-05-26 23:55:54,216 [INFO] Set parameters : {'kernel': ['linear', 'rbf'], 'C': [0.01, 0.1, 1, 10, 100, 1000], 'gamma': [0.01, 0.1, 1, 100, 1000]}
2023-05-26 23:55:56,790 [INFO] GridSearchCV results :
    mean_valid_accuracy  mean_valid_precision  mean_valid_auc
21             0.884211              1.000000        0.856250
41             0.899211              1.000000        0.875000
31             0.899211              1.000000        0.875000
51             0.899211              1.000000        0.875000
26             0.974737              0.976389        0.972917
28             0.974737              0.976389        0.972917
32             0.974737              0.976389        0.972917
34             0.974737              0.976389        0.972917
36             0.974737              0.976389        0.972917
38             0.974737              0.976389        0.972917
40             0.974737              0.976389        0.972917
0              0.969737              0.976389        0.966667
24             0.974737              0.976389        0.972917
44             0.974737              0.976389        0.972917
46             0.974737              0.976389        0.972917
48             0.974737              0.976389        0.972917
50             0.974737              0.976389        0.972917
52             0.974737              0.976389        0.972917
54             0.974737              0.976389        0.972917
56             0.974737              0.976389        0.972917
58             0.974737              0.976389        0.972917
42             0.974737              0.976389        0.972917
30             0.974737              0.976389        0.972917
12             0.974737              0.976389        0.972917
2              0.969737              0.976389        0.966667
20             0.974737              0.976389        0.972917
22             0.974737              0.976389        0.972917
4              0.969737              0.976389        0.966667
18             0.974737              0.976389        0.972917
8              0.969737              0.976389        0.966667
10             0.974737              0.976389        0.972917
16             0.974737              0.976389        0.972917
6              0.969737              0.976389        0.966667
14             0.974737              0.976389        0.972917
49             0.602105              0.000000        0.500000
9              0.602105              0.000000        0.500000
47             0.602105              0.000000        0.500000
5              0.602105              0.000000        0.500000
7              0.602105              0.000000        0.500000
53             0.602105              0.000000        0.500000
55             0.602105              0.000000        0.500000
3              0.602105              0.000000        0.500000
57             0.602105              0.000000        0.500000
45             0.602105              0.000000        0.500000
23             0.602105              0.000000        0.500000
43             0.602105              0.000000        0.500000
11             0.602105              0.000000        0.500000
13             0.602105              0.000000        0.500000
39             0.602105              0.000000        0.500000
37             0.602105              0.000000        0.500000
15             0.602105              0.000000        0.500000
35             0.602105              0.000000        0.500000
33             0.602105              0.000000        0.500000
17             0.602105              0.000000        0.500000
1              0.602105              0.000000        0.500000
29             0.602105              0.000000        0.500000
19             0.602105              0.000000        0.500000
27             0.602105              0.000000        0.500000
25             0.602105              0.000000        0.500000
59             0.602105              0.000000        0.500000
2023-05-26 23:55:56,793 [INFO] Best model :
SVC(C=1, gamma=0.01, random_state=42)
2023-05-26 23:55:56,801 [INFO] Save train_prediction_log data...
2023-05-26 23:55:56,804 [INFO] {'Data': 'train', 'ACC': '1.0 (196 / 196)', 'TP': 78, 'FP': 0, 'FN': 0, 'TN': 118, 'Precision': '1.0 (78 / 78 + 0)', 'Recall': '1.0 (78 / 78 + 0)', 'F1': '1.0 (2 * (1.0 * 1.0) / 1.0 + 1.0)', 'Specificity': '1.0 (118 / 118 + 0)', 'AUC': 1.0, 'r2': 1.0}
2023-05-26 23:55:56,808 [INFO] Save valid_prediction_log data...
2023-05-26 23:55:56,811 [INFO] {'Data': 'valid', 'ACC': '0.98 (48 / 49)', 'TP': 19, 'FP': 0, 'FN': 1, 'TN': 29, 'Precision': '1.0 (19 / 19 + 0)', 'Recall': '0.95 (19 / 19 + 1)', 'F1': '0.97 (2 * (0.95 * 1.0) / 0.95 + 1.0)', 'Specificity': '1.0 (29 / 29 + 0)', 'AUC': 0.98, 'r2': 0.92}
2023-05-26 23:55:56,822 [INFO] Save test_prediction_log data...
2023-05-26 23:55:56,824 [INFO] {'Data': 'test', 'ACC': '0.61 (30 / 49)', 'TP': 1, 'FP': 0, 'FN': 19, 'TN': 29, 'Precision': '1.0 (1 / 1 + 0)', 'Recall': '0.05 (1 / 1 + 19)', 'F1': '0.1 (2 * (0.05 * 1.0) / 0.05 + 1.0)', 'Specificity': '1.0 (29 / 29 + 0)', 'AUC': 0.52, 'r2': -0.61}
2023-05-26 23:55:56,827 [INFO] Save training_log data...
2023-05-26 23:55:56,828 [INFO] Save score_log data...
2023-05-26 23:55:56,829 [INFO] Time : 2.6335620880126953
