2023-05-27 09:08:34,869 [INFO] Train data : Vary_params\DUD-E\AKT1\nG1_80\ECFP6_256bits\Standard\AKT1_train_vector.tsv
2023-05-27 09:08:34,869 [INFO] Valid data : Vary_params\DUD-E\AKT1\nG1_80\ECFP6_256bits\Standard\AKT1_valid_vector.tsv
2023-05-27 09:08:34,869 [INFO] Output path : Vary_params\DUD-E\AKT1\nG1_80\ECFP6_256bits\Standard\AKT1_model\SVM
2023-05-27 09:08:34,869 [INFO] Model type : SVM
2023-05-27 09:08:34,870 [INFO] Use cores : 11
2023-05-27 09:08:34,903 [INFO] Start Learning model
2023-05-27 09:08:34,903 [INFO] Train : 451 | Valid : 120
2023-05-27 09:08:34,903 [INFO] Set parameters : {'kernel': ['linear', 'rbf'], 'C': [0.01, 0.1, 1, 10, 100, 1000], 'gamma': [0.01, 0.1, 1, 100, 1000]}
2023-05-27 09:08:39,100 [INFO] GridSearchCV results :
    mean_valid_accuracy  mean_valid_precision  mean_valid_auc
31             0.942560              1.000000        0.921140
21             0.931498              1.000000        0.905699
51             0.942560              1.000000        0.921140
41             0.942560              1.000000        0.921140
0              0.966812              0.953227        0.965251
2              0.966812              0.953227        0.965251
4              0.966812              0.953227        0.965251
6              0.966812              0.953227        0.965251
8              0.966812              0.953227        0.965251
42             0.964541              0.932862        0.967362
32             0.964541              0.932862        0.967362
34             0.964541              0.932862        0.967362
36             0.964541              0.932862        0.967362
38             0.964541              0.932862        0.967362
40             0.964541              0.932862        0.967362
48             0.964541              0.932862        0.967362
44             0.964541              0.932862        0.967362
46             0.964541              0.932862        0.967362
26             0.964541              0.932862        0.967362
50             0.964541              0.932862        0.967362
52             0.964541              0.932862        0.967362
54             0.964541              0.932862        0.967362
56             0.964541              0.932862        0.967362
58             0.964541              0.932862        0.967362
28             0.964541              0.932862        0.967362
30             0.964541              0.932862        0.967362
18             0.964541              0.932862        0.967362
24             0.964541              0.932862        0.967362
14             0.964541              0.932862        0.967362
12             0.964541              0.932862        0.967362
22             0.964541              0.932862        0.967362
16             0.964541              0.932862        0.967362
20             0.964541              0.932862        0.967362
10             0.964541              0.932862        0.967362
25             0.640821              0.000000        0.500000
49             0.640821              0.000000        0.500000
11             0.640821              0.000000        0.500000
53             0.640821              0.000000        0.500000
9              0.640821              0.000000        0.500000
13             0.640821              0.000000        0.500000
7              0.640821              0.000000        0.500000
55             0.640821              0.000000        0.500000
5              0.640821              0.000000        0.500000
57             0.640821              0.000000        0.500000
3              0.640821              0.000000        0.500000
47             0.640821              0.000000        0.500000
43             0.640821              0.000000        0.500000
45             0.640821              0.000000        0.500000
27             0.640821              0.000000        0.500000
15             0.640821              0.000000        0.500000
17             0.640821              0.000000        0.500000
39             0.640821              0.000000        0.500000
37             0.640821              0.000000        0.500000
19             0.640821              0.000000        0.500000
35             0.640821              0.000000        0.500000
33             0.640821              0.000000        0.500000
23             0.640821              0.000000        0.500000
1              0.640821              0.000000        0.500000
29             0.640821              0.000000        0.500000
59             0.640821              0.000000        0.500000
2023-05-27 09:08:39,109 [INFO] Best model :
SVC(C=1, gamma=0.01, random_state=42)
2023-05-27 09:08:39,142 [INFO] Save train_prediction_log data...
2023-05-27 09:08:39,148 [INFO] {'Data': 'train', 'ACC': '1.0 (451 / 451)', 'TP': 162, 'FP': 0, 'FN': 0, 'TN': 289, 'Precision': '1.0 (162 / 162 + 0)', 'Recall': '1.0 (162 / 162 + 0)', 'F1': '1.0 (2 * (1.0 * 1.0) / 1.0 + 1.0)', 'Specificity': '1.0 (289 / 289 + 0)', 'AUC': 1.0, 'r2': 1.0}
2023-05-27 09:08:39,159 [INFO] Save valid_prediction_log data...
2023-05-27 09:08:39,162 [INFO] {'Data': 'valid', 'ACC': '0.99 (119 / 120)', 'TP': 47, 'FP': 0, 'FN': 1, 'TN': 72, 'Precision': '1.0 (47 / 47 + 0)', 'Recall': '0.98 (47 / 47 + 1)', 'F1': '0.99 (2 * (0.98 * 1.0) / 0.98 + 1.0)', 'Specificity': '1.0 (72 / 72 + 0)', 'AUC': 0.99, 'r2': 0.97}
2023-05-27 09:08:39,183 [INFO] Save test_prediction_log data...
2023-05-27 09:08:39,187 [INFO] {'Data': 'test', 'ACC': '0.68 (81 / 120)', 'TP': 10, 'FP': 1, 'FN': 38, 'TN': 71, 'Precision': '0.91 (10 / 10 + 1)', 'Recall': '0.21 (10 / 10 + 38)', 'F1': '0.34 (2 * (0.21 * 0.91) / 0.21 + 0.91)', 'Specificity': '0.99 (71 / 71 + 1)', 'AUC': 0.6, 'r2': -0.35}
2023-05-27 09:08:39,189 [INFO] Save training_log data...
2023-05-27 09:08:39,191 [INFO] Save score_log data...
2023-05-27 09:08:39,193 [INFO] Time : 4.324000120162964
