2023-05-28 21:51:43,293 [INFO] Train data : Vary_params_FGFR1\DUD-E\FGFR1\nG1_50\ECFP4_512bits\MinMax\FGFR1_train_vector.tsv
2023-05-28 21:51:43,293 [INFO] Valid data : Vary_params_FGFR1\DUD-E\FGFR1\nG1_50\ECFP4_512bits\MinMax\FGFR1_valid_vector.tsv
2023-05-28 21:51:43,293 [INFO] Output path : Vary_params_FGFR1\DUD-E\FGFR1\nG1_50\ECFP4_512bits\MinMax\FGFR1_model\SVM
2023-05-28 21:51:43,293 [INFO] Model type : SVM
2023-05-28 21:51:43,293 [INFO] Use cores : 10
2023-05-28 21:51:43,317 [INFO] Start Learning model
2023-05-28 21:51:43,317 [INFO] Train : 173 | Valid : 43
2023-05-28 21:51:43,317 [INFO] Set parameters : {'kernel': ['linear', 'rbf'], 'C': [0.01, 0.1, 1, 10, 100, 1000], 'gamma': [0.01, 0.1, 1, 100, 1000]}
2023-05-28 21:51:49,915 [INFO] GridSearchCV results :
    mean_valid_accuracy  mean_valid_precision  mean_valid_auc
0              0.947386                   1.0        0.935714
24             0.976797                   1.0        0.971429
28             0.976797                   1.0        0.971429
31             0.976797                   1.0        0.971429
32             0.976797                   1.0        0.971429
33             0.832026                   1.0        0.791667
34             0.976797                   1.0        0.971429
36             0.976797                   1.0        0.971429
38             0.976797                   1.0        0.971429
40             0.976797                   1.0        0.971429
41             0.976797                   1.0        0.971429
42             0.976797                   1.0        0.971429
43             0.832026                   1.0        0.791667
44             0.976797                   1.0        0.971429
46             0.976797                   1.0        0.971429
48             0.976797                   1.0        0.971429
50             0.976797                   1.0        0.971429
51             0.976797                   1.0        0.971429
52             0.976797                   1.0        0.971429
53             0.832026                   1.0        0.791667
54             0.976797                   1.0        0.971429
56             0.976797                   1.0        0.971429
58             0.976797                   1.0        0.971429
26             0.976797                   1.0        0.971429
30             0.976797                   1.0        0.971429
10             0.976797                   1.0        0.971429
8              0.947386                   1.0        0.935714
2              0.947386                   1.0        0.935714
22             0.976797                   1.0        0.971429
21             0.965033                   1.0        0.957143
20             0.976797                   1.0        0.971429
12             0.976797                   1.0        0.971429
18             0.976797                   1.0        0.971429
4              0.947386                   1.0        0.935714
23             0.802941                   1.0        0.754762
6              0.947386                   1.0        0.935714
16             0.976797                   1.0        0.971429
14             0.976797                   1.0        0.971429
9              0.600980                   0.0        0.500000
49             0.600980                   0.0        0.500000
25             0.600980                   0.0        0.500000
7              0.600980                   0.0        0.500000
47             0.600980                   0.0        0.500000
55             0.600980                   0.0        0.500000
3              0.600980                   0.0        0.500000
57             0.600980                   0.0        0.500000
5              0.600980                   0.0        0.500000
13             0.600980                   0.0        0.500000
45             0.600980                   0.0        0.500000
11             0.600980                   0.0        0.500000
15             0.600980                   0.0        0.500000
39             0.600980                   0.0        0.500000
37             0.600980                   0.0        0.500000
17             0.600980                   0.0        0.500000
35             0.600980                   0.0        0.500000
19             0.600980                   0.0        0.500000
1              0.600980                   0.0        0.500000
29             0.600980                   0.0        0.500000
27             0.600980                   0.0        0.500000
59             0.600980                   0.0        0.500000
2023-05-28 21:51:49,917 [INFO] Best model :
SVC(C=0.01, gamma=0.01, kernel='linear', random_state=42)
2023-05-28 21:51:49,927 [INFO] Save train_prediction_log data...
2023-05-28 21:51:49,932 [INFO] {'Data': 'train', 'ACC': '0.99 (172 / 173)', 'TP': 68, 'FP': 0, 'FN': 1, 'TN': 104, 'Precision': '1.0 (68 / 68 + 0)', 'Recall': '0.99 (68 / 68 + 1)', 'F1': '0.99 (2 * (0.99 * 1.0) / 0.99 + 1.0)', 'Specificity': '1.0 (104 / 104 + 0)', 'AUC': 0.99, 'r2': 0.98}
2023-05-28 21:51:49,939 [INFO] Save valid_prediction_log data...
2023-05-28 21:51:49,942 [INFO] {'Data': 'valid', 'ACC': '1.0 (43 / 43)', 'TP': 17, 'FP': 0, 'FN': 0, 'TN': 26, 'Precision': '1.0 (17 / 17 + 0)', 'Recall': '1.0 (17 / 17 + 0)', 'F1': '1.0 (2 * (1.0 * 1.0) / 1.0 + 1.0)', 'Specificity': '1.0 (26 / 26 + 0)', 'AUC': 1.0, 'r2': 1.0}
2023-05-28 21:51:49,959 [INFO] Save test_prediction_log data...
2023-05-28 21:51:49,963 [INFO] {'Data': 'test', 'ACC': '0.65 (28 / 43)', 'TP': 6, 'FP': 4, 'FN': 11, 'TN': 22, 'Precision': '0.6 (6 / 6 + 4)', 'Recall': '0.35 (6 / 6 + 11)', 'F1': '0.44 (2 * (0.35 * 0.6) / 0.35 + 0.6)', 'Specificity': '0.85 (22 / 22 + 4)', 'AUC': 0.6, 'r2': -0.46}
2023-05-28 21:51:49,966 [INFO] Save training_log data...
2023-05-28 21:51:49,968 [INFO] Save score_log data...
2023-05-28 21:51:49,969 [INFO] Time : 6.676037073135376
