2023-05-27 15:14:42,957 [INFO] Train data : Vary_params\DUD-E\AKT2\nG1_20\ECFP6_512bits\Standard\AKT2_train_vector.tsv
2023-05-27 15:14:42,958 [INFO] Valid data : Vary_params\DUD-E\AKT2\nG1_20\ECFP6_512bits\Standard\AKT2_valid_vector.tsv
2023-05-27 15:14:42,958 [INFO] Output path : Vary_params\DUD-E\AKT2\nG1_20\ECFP6_512bits\Standard\AKT2_model\RF
2023-05-27 15:14:42,958 [INFO] Model type : RF
2023-05-27 15:14:42,958 [INFO] Use cores : 11
2023-05-27 15:14:43,004 [INFO] Start Learning model
2023-05-27 15:14:43,004 [INFO] Train : 155 | Valid : 31
2023-05-27 15:14:43,004 [INFO] Set parameters : {'max_depth': [6, 8, 10, 12], 'max_features': ['sqrt', 'log2'], 'min_samples_leaf': [2, 4, 8, 10], 'min_samples_split': [2, 4, 8, 10], 'n_estimators': [200, 600, 1000]}
2023-05-27 15:20:20,750 [INFO] GridSearchCV results :
     mean_valid_accuracy  mean_valid_precision  mean_valid_auc
57              0.974583              1.000000        0.975000
48              0.968333              1.000000        0.968750
54              0.968333              1.000000        0.968750
53              0.968333              1.000000        0.968750
52              0.974583              1.000000        0.975000
..                   ...                   ...             ...
228             0.948750              0.966667        0.948214
132             0.948750              0.966667        0.948214
231             0.948750              0.966667        0.948214
36              0.948750              0.966667        0.948214
324             0.948750              0.966667        0.948214

[384 rows x 3 columns]
2023-05-27 15:20:20,752 [INFO] Best model :
RandomForestClassifier(class_weight='balanced', max_depth=6,
                       max_features='log2', min_samples_leaf=2,
                       n_estimators=200, random_state=42)
2023-05-27 15:20:20,771 [INFO] Save train_prediction_log data...
2023-05-27 15:20:20,775 [INFO] {'Data': 'train', 'ACC': '0.99 (154 / 155)', 'TP': 79, 'FP': 0, 'FN': 1, 'TN': 75, 'Precision': '1.0 (79 / 79 + 0)', 'Recall': '0.99 (79 / 79 + 1)', 'F1': '0.99 (2 * (0.99 * 1.0) / 0.99 + 1.0)', 'Specificity': '1.0 (75 / 75 + 0)', 'AUC': 0.99, 'r2': 0.97}
2023-05-27 15:20:20,791 [INFO] Save valid_prediction_log data...
2023-05-27 15:20:20,793 [INFO] {'Data': 'valid', 'ACC': '1.0 (31 / 31)', 'TP': 12, 'FP': 0, 'FN': 0, 'TN': 19, 'Precision': '1.0 (12 / 12 + 0)', 'Recall': '1.0 (12 / 12 + 0)', 'F1': '1.0 (2 * (1.0 * 1.0) / 1.0 + 1.0)', 'Specificity': '1.0 (19 / 19 + 0)', 'AUC': 1.0, 'r2': 1.0}
2023-05-27 15:20:20,834 [INFO] Save test_prediction_log data...
2023-05-27 15:20:20,837 [INFO] {'Data': 'test', 'ACC': '0.74 (23 / 31)', 'TP': 8, 'FP': 4, 'FN': 4, 'TN': 15, 'Precision': '0.67 (8 / 8 + 4)', 'Recall': '0.67 (8 / 8 + 4)', 'F1': '0.67 (2 * (0.67 * 0.67) / 0.67 + 0.67)', 'Specificity': '0.79 (15 / 15 + 4)', 'AUC': 0.73, 'r2': -0.09}
2023-05-27 15:20:20,880 [INFO] Save training_log data...
2023-05-27 15:20:20,883 [INFO] Save score_log data...
2023-05-27 15:20:20,884 [INFO] Time : 337.92701625823975
