2023-05-27 16:11:14,137 [INFO] Train data : Vary_params\DUD-E\PLK1\nG1_20\ECFP4_512bits\Robust\PLK1_train_vector.tsv
2023-05-27 16:11:14,137 [INFO] Valid data : Vary_params\DUD-E\PLK1\nG1_20\ECFP4_512bits\Robust\PLK1_valid_vector.tsv
2023-05-27 16:11:14,137 [INFO] Output path : Vary_params\DUD-E\PLK1\nG1_20\ECFP4_512bits\Robust\PLK1_model\SVM
2023-05-27 16:11:14,137 [INFO] Model type : SVM
2023-05-27 16:11:14,138 [INFO] Use cores : 10
2023-05-27 16:11:14,159 [INFO] Start Learning model
2023-05-27 16:11:14,159 [INFO] Train : 144 | Valid : 28
2023-05-27 16:11:14,159 [INFO] Set parameters : {'kernel': ['linear', 'rbf'], 'C': [0.01, 0.1, 1, 10, 100, 1000], 'gamma': [0.01, 0.1, 1, 100, 1000]}
2023-05-27 16:11:16,930 [INFO] GridSearchCV results :
    mean_valid_accuracy  mean_valid_precision  mean_valid_auc
0              0.924762              0.913889         0.92381
20             0.924762              0.913889         0.92381
24             0.924762              0.913889         0.92381
26             0.924762              0.913889         0.92381
28             0.924762              0.913889         0.92381
32             0.924762              0.913889         0.92381
34             0.924762              0.913889         0.92381
36             0.924762              0.913889         0.92381
38             0.924762              0.913889         0.92381
40             0.924762              0.913889         0.92381
42             0.924762              0.913889         0.92381
44             0.924762              0.913889         0.92381
46             0.924762              0.913889         0.92381
48             0.924762              0.913889         0.92381
50             0.924762              0.913889         0.92381
52             0.924762              0.913889         0.92381
54             0.924762              0.913889         0.92381
56             0.924762              0.913889         0.92381
58             0.924762              0.913889         0.92381
22             0.924762              0.913889         0.92381
30             0.924762              0.913889         0.92381
10             0.924762              0.913889         0.92381
2              0.924762              0.913889         0.92381
18             0.924762              0.913889         0.92381
8              0.924762              0.913889         0.92381
16             0.924762              0.913889         0.92381
4              0.924762              0.913889         0.92381
12             0.924762              0.913889         0.92381
6              0.924762              0.913889         0.92381
14             0.924762              0.913889         0.92381
49             0.527619              0.527619         0.50000
9              0.527619              0.527619         0.50000
45             0.527619              0.527619         0.50000
47             0.527619              0.527619         0.50000
7              0.527619              0.527619         0.50000
21             0.527619              0.527619         0.50000
43             0.527619              0.527619         0.50000
5              0.527619              0.527619         0.50000
53             0.527619              0.527619         0.50000
55             0.527619              0.527619         0.50000
3              0.527619              0.527619         0.50000
57             0.527619              0.527619         0.50000
51             0.527619              0.527619         0.50000
11             0.527619              0.527619         0.50000
41             0.527619              0.527619         0.50000
19             0.527619              0.527619         0.50000
39             0.527619              0.527619         0.50000
37             0.527619              0.527619         0.50000
13             0.527619              0.527619         0.50000
35             0.527619              0.527619         0.50000
33             0.527619              0.527619         0.50000
15             0.527619              0.527619         0.50000
31             0.527619              0.527619         0.50000
1              0.527619              0.527619         0.50000
29             0.527619              0.527619         0.50000
27             0.527619              0.527619         0.50000
17             0.527619              0.527619         0.50000
25             0.527619              0.527619         0.50000
23             0.527619              0.527619         0.50000
59             0.527619              0.527619         0.50000
2023-05-27 16:11:16,933 [INFO] Best model :
SVC(C=0.01, gamma=0.01, kernel='linear', random_state=42)
2023-05-27 16:11:16,939 [INFO] Save train_prediction_log data...
2023-05-27 16:11:16,942 [INFO] {'Data': 'train', 'ACC': '1.0 (144 / 144)', 'TP': 76, 'FP': 0, 'FN': 0, 'TN': 68, 'Precision': '1.0 (76 / 76 + 0)', 'Recall': '1.0 (76 / 76 + 0)', 'F1': '1.0 (2 * (1.0 * 1.0) / 1.0 + 1.0)', 'Specificity': '1.0 (68 / 68 + 0)', 'AUC': 1.0, 'r2': 1.0}
2023-05-27 16:11:16,946 [INFO] Save valid_prediction_log data...
2023-05-27 16:11:16,949 [INFO] {'Data': 'valid', 'ACC': '1.0 (28 / 28)', 'TP': 11, 'FP': 0, 'FN': 0, 'TN': 17, 'Precision': '1.0 (11 / 11 + 0)', 'Recall': '1.0 (11 / 11 + 0)', 'F1': '1.0 (2 * (1.0 * 1.0) / 1.0 + 1.0)', 'Specificity': '1.0 (17 / 17 + 0)', 'AUC': 1.0, 'r2': 1.0}
2023-05-27 16:11:16,962 [INFO] Save test_prediction_log data...
2023-05-27 16:11:16,965 [INFO] {'Data': 'test', 'ACC': '0.71 (20 / 28)', 'TP': 5, 'FP': 2, 'FN': 6, 'TN': 15, 'Precision': '0.71 (5 / 5 + 2)', 'Recall': '0.45 (5 / 5 + 6)', 'F1': '0.55 (2 * (0.45 * 0.71) / 0.45 + 0.71)', 'Specificity': '0.88 (15 / 15 + 2)', 'AUC': 0.67, 'r2': -0.2}
2023-05-27 16:11:16,967 [INFO] Save training_log data...
2023-05-27 16:11:16,968 [INFO] Save score_log data...
2023-05-27 16:11:16,969 [INFO] Time : 2.832000255584717
