2023-05-28 14:24:43,263 [INFO] Train data : Vary_params_A\DUD-E\MK10\nG1_50\ECFP4_512bits\Robust\MK10_train_vector.tsv
2023-05-28 14:24:43,263 [INFO] Valid data : Vary_params_A\DUD-E\MK10\nG1_50\ECFP4_512bits\Robust\MK10_valid_vector.tsv
2023-05-28 14:24:43,263 [INFO] Output path : Vary_params_A\DUD-E\MK10\nG1_50\ECFP4_512bits\Robust\MK10_model\MLP
2023-05-28 14:24:43,263 [INFO] Model type : MLP
2023-05-28 14:24:43,263 [INFO] Use cores : 3
2023-05-28 14:24:43,296 [INFO] Start Learning model
2023-05-28 14:24:43,297 [INFO] Train : 104 | Valid : 26
2023-05-28 14:24:43,297 [INFO] Set parameters : {'hidden_layer_sizes': [(50,), (100,), (50, 50), (100, 100)], 'learning_rate': ['constant', 'invscaling', 'adaptive'], 'activation': ['relu', 'identity', 'logistic', 'tanh'], 'solver': ['adam', 'sgd', 'lbfgs'], 'alpha': [0.1, 0.01, 0.001], 'max_iter': [500, 1000], 'early_stopping': [True]}
2023-05-28 14:34:30,674 [INFO] GridSearchCV results :
     mean_valid_accuracy  mean_valid_precision  mean_valid_auc
465             0.870000                 0.975        0.846667
462             0.870000                 0.975        0.846667
459             0.870000                 0.975        0.846667
456             0.870000                 0.975        0.846667
453             0.870000                 0.975        0.846667
..                   ...                   ...             ...
637             0.596364                 0.000        0.500000
634             0.596364                 0.000        0.500000
631             0.596364                 0.000        0.500000
628             0.596364                 0.000        0.500000
496             0.596364                 0.000        0.500000

[864 rows x 3 columns]
2023-05-28 14:34:30,676 [INFO] Best model :
MLPClassifier(activation='logistic', alpha=0.1, early_stopping=True,
              max_iter=500, random_state=42)
2023-05-28 14:34:30,684 [INFO] Save train_prediction_log data...
2023-05-28 14:34:30,689 [INFO] {'Data': 'train', 'ACC': '0.98 (102 / 104)', 'TP': 40, 'FP': 0, 'FN': 2, 'TN': 62, 'Precision': '1.0 (40 / 40 + 0)', 'Recall': '0.95 (40 / 40 + 2)', 'F1': '0.97 (2 * (0.95 * 1.0) / 0.95 + 1.0)', 'Specificity': '1.0 (62 / 62 + 0)', 'AUC': 0.98, 'r2': 0.92}
2023-05-28 14:34:30,696 [INFO] Save valid_prediction_log data...
2023-05-28 14:34:30,699 [INFO] {'Data': 'valid', 'ACC': '0.85 (22 / 26)', 'TP': 9, 'FP': 3, 'FN': 1, 'TN': 13, 'Precision': '0.75 (9 / 9 + 3)', 'Recall': '0.9 (9 / 9 + 1)', 'F1': '0.82 (2 * (0.9 * 0.75) / 0.9 + 0.75)', 'Specificity': '0.81 (13 / 13 + 3)', 'AUC': 0.86, 'r2': 0.35}
2023-05-28 14:34:30,720 [INFO] Save test_prediction_log data...
2023-05-28 14:34:30,723 [INFO] {'Data': 'test', 'ACC': '0.69 (18 / 26)', 'TP': 4, 'FP': 2, 'FN': 6, 'TN': 14, 'Precision': '0.67 (4 / 4 + 2)', 'Recall': '0.4 (4 / 4 + 6)', 'F1': '0.5 (2 * (0.4 * 0.67) / 0.4 + 0.67)', 'Specificity': '0.88 (14 / 14 + 2)', 'AUC': 0.64, 'r2': -0.3}
2023-05-28 14:34:30,728 [INFO] Save training_log data...
2023-05-28 14:34:30,736 [INFO] Save score_log data...
2023-05-28 14:34:30,738 [INFO] Time : 587.4742474555969
