2023-05-28 02:05:51,894 [INFO] Train data : Vary_params_SH\DUD-E\TGFR1\nG1_20\ECFP4_256bits\Standard\TGFR1_train_vector.tsv
2023-05-28 02:05:51,894 [INFO] Valid data : Vary_params_SH\DUD-E\TGFR1\nG1_20\ECFP4_256bits\Standard\TGFR1_valid_vector.tsv
2023-05-28 02:05:51,894 [INFO] Output path : Vary_params_SH\DUD-E\TGFR1\nG1_20\ECFP4_256bits\Standard\TGFR1_model\MLP
2023-05-28 02:05:51,894 [INFO] Model type : MLP
2023-05-28 02:05:51,894 [INFO] Use cores : 3
2023-05-28 02:05:51,927 [INFO] Start Learning model
2023-05-28 02:05:51,927 [INFO] Train : 194 | Valid : 41
2023-05-28 02:05:51,927 [INFO] Set parameters : {'hidden_layer_sizes': [(50,), (100,), (50, 50), (100, 100)], 'learning_rate': ['constant', 'invscaling', 'adaptive'], 'activation': ['relu', 'identity', 'logistic', 'tanh'], 'solver': ['adam', 'sgd', 'lbfgs'], 'alpha': [0.1, 0.01, 0.001], 'max_iter': [500, 1000], 'early_stopping': [True]}
2023-05-28 02:10:57,742 [INFO] GridSearchCV results :
     mean_valid_accuracy  mean_valid_precision  mean_valid_auc
642             0.912895                   1.0        0.913889
471             0.948684                   1.0        0.949444
468             0.948684                   1.0        0.949444
489             0.928421                   1.0        0.929444
492             0.928421                   1.0        0.929444
..                   ...                   ...             ...
595             0.505263                   0.0        0.500000
598             0.505263                   0.0        0.500000
601             0.505263                   0.0        0.500000
604             0.505263                   0.0        0.500000
457             0.505263                   0.0        0.500000

[864 rows x 3 columns]
2023-05-28 02:10:57,743 [INFO] Best model :
MLPClassifier(activation='logistic', alpha=0.1, early_stopping=True,
              hidden_layer_sizes=(50, 50), max_iter=500, random_state=42)
2023-05-28 02:10:57,751 [INFO] Save train_prediction_log data...
2023-05-28 02:10:57,755 [INFO] {'Data': 'train', 'ACC': '0.97 (188 / 194)', 'TP': 90, 'FP': 0, 'FN': 6, 'TN': 98, 'Precision': '1.0 (90 / 90 + 0)', 'Recall': '0.94 (90 / 90 + 6)', 'F1': '0.97 (2 * (0.94 * 1.0) / 0.94 + 1.0)', 'Specificity': '1.0 (98 / 98 + 0)', 'AUC': 0.97, 'r2': 0.88}
2023-05-28 02:10:57,760 [INFO] Save valid_prediction_log data...
2023-05-28 02:10:57,763 [INFO] {'Data': 'valid', 'ACC': '0.95 (39 / 41)', 'TP': 14, 'FP': 0, 'FN': 2, 'TN': 25, 'Precision': '1.0 (14 / 14 + 0)', 'Recall': '0.88 (14 / 14 + 2)', 'F1': '0.94 (2 * (0.88 * 1.0) / 0.88 + 1.0)', 'Specificity': '1.0 (25 / 25 + 0)', 'AUC': 0.94, 'r2': 0.8}
2023-05-28 02:10:57,780 [INFO] Save test_prediction_log data...
2023-05-28 02:10:57,783 [INFO] {'Data': 'test', 'ACC': '0.63 (26 / 41)', 'TP': 6, 'FP': 5, 'FN': 10, 'TN': 20, 'Precision': '0.55 (6 / 6 + 5)', 'Recall': '0.38 (6 / 6 + 10)', 'F1': '0.45 (2 * (0.38 * 0.55) / 0.38 + 0.55)', 'Specificity': '0.8 (20 / 20 + 5)', 'AUC': 0.59, 'r2': -0.54}
2023-05-28 02:10:57,787 [INFO] Save training_log data...
2023-05-28 02:10:58,011 [INFO] Save score_log data...
2023-05-28 02:10:58,012 [INFO] Time : 306.11791372299194
