2023-05-28 00:00:11,492 [INFO] Train data : Vary_params\DUD-E\PLK1\nG1_80\ECFP6_256bits\Standard\PLK1_train_vector.tsv
2023-05-28 00:00:11,492 [INFO] Valid data : Vary_params\DUD-E\PLK1\nG1_80\ECFP6_256bits\Standard\PLK1_valid_vector.tsv
2023-05-28 00:00:11,492 [INFO] Output path : Vary_params\DUD-E\PLK1\nG1_80\ECFP6_256bits\Standard\PLK1_model\SVM
2023-05-28 00:00:11,492 [INFO] Model type : SVM
2023-05-28 00:00:11,492 [INFO] Use cores : 10
2023-05-28 00:00:11,517 [INFO] Start Learning model
2023-05-28 00:00:11,517 [INFO] Train : 84 | Valid : 28
2023-05-28 00:00:11,517 [INFO] Set parameters : {'kernel': ['linear', 'rbf'], 'C': [0.01, 0.1, 1, 10, 100, 1000], 'gamma': [0.01, 0.1, 1, 100, 1000]}
2023-05-28 00:00:17,337 [INFO] GridSearchCV results :
    mean_valid_accuracy  mean_valid_precision  mean_valid_auc
0              0.931944                   0.7           0.825
20             0.931944                   0.7           0.825
24             0.931944                   0.7           0.825
26             0.931944                   0.7           0.825
28             0.931944                   0.7           0.825
32             0.931944                   0.7           0.825
34             0.931944                   0.7           0.825
36             0.931944                   0.7           0.825
38             0.931944                   0.7           0.825
40             0.931944                   0.7           0.825
42             0.931944                   0.7           0.825
44             0.931944                   0.7           0.825
46             0.931944                   0.7           0.825
48             0.931944                   0.7           0.825
50             0.931944                   0.7           0.825
52             0.931944                   0.7           0.825
54             0.931944                   0.7           0.825
56             0.931944                   0.7           0.825
58             0.931944                   0.7           0.825
22             0.931944                   0.7           0.825
30             0.931944                   0.7           0.825
2              0.931944                   0.7           0.825
18             0.931944                   0.7           0.825
10             0.931944                   0.7           0.825
8              0.931944                   0.7           0.825
16             0.931944                   0.7           0.825
4              0.931944                   0.7           0.825
12             0.931944                   0.7           0.825
14             0.931944                   0.7           0.825
6              0.931944                   0.7           0.825
21             0.872222                   0.5           0.675
41             0.872222                   0.5           0.675
31             0.872222                   0.5           0.675
51             0.872222                   0.5           0.675
7              0.811111                   0.0           0.500
47             0.811111                   0.0           0.500
5              0.811111                   0.0           0.500
49             0.811111                   0.0           0.500
9              0.811111                   0.0           0.500
53             0.811111                   0.0           0.500
55             0.811111                   0.0           0.500
3              0.811111                   0.0           0.500
57             0.811111                   0.0           0.500
45             0.811111                   0.0           0.500
11             0.811111                   0.0           0.500
43             0.811111                   0.0           0.500
19             0.811111                   0.0           0.500
39             0.811111                   0.0           0.500
37             0.811111                   0.0           0.500
13             0.811111                   0.0           0.500
35             0.811111                   0.0           0.500
33             0.811111                   0.0           0.500
15             0.811111                   0.0           0.500
1              0.811111                   0.0           0.500
29             0.811111                   0.0           0.500
27             0.811111                   0.0           0.500
17             0.811111                   0.0           0.500
25             0.811111                   0.0           0.500
23             0.811111                   0.0           0.500
59             0.811111                   0.0           0.500
2023-05-28 00:00:17,343 [INFO] Best model :
SVC(C=0.01, gamma=0.01, kernel='linear', random_state=42)
2023-05-28 00:00:17,351 [INFO] Save train_prediction_log data...
2023-05-28 00:00:17,355 [INFO] {'Data': 'train', 'ACC': '1.0 (84 / 84)', 'TP': 16, 'FP': 0, 'FN': 0, 'TN': 68, 'Precision': '1.0 (16 / 16 + 0)', 'Recall': '1.0 (16 / 16 + 0)', 'F1': '1.0 (2 * (1.0 * 1.0) / 1.0 + 1.0)', 'Specificity': '1.0 (68 / 68 + 0)', 'AUC': 1.0, 'r2': 1.0}
2023-05-28 00:00:17,362 [INFO] Save valid_prediction_log data...
2023-05-28 00:00:17,370 [INFO] {'Data': 'valid', 'ACC': '1.0 (28 / 28)', 'TP': 11, 'FP': 0, 'FN': 0, 'TN': 17, 'Precision': '1.0 (11 / 11 + 0)', 'Recall': '1.0 (11 / 11 + 0)', 'F1': '1.0 (2 * (1.0 * 1.0) / 1.0 + 1.0)', 'Specificity': '1.0 (17 / 17 + 0)', 'AUC': 1.0, 'r2': 1.0}
2023-05-28 00:00:17,394 [INFO] Save test_prediction_log data...
2023-05-28 00:00:17,398 [INFO] {'Data': 'test', 'ACC': '0.68 (19 / 28)', 'TP': 3, 'FP': 1, 'FN': 8, 'TN': 16, 'Precision': '0.75 (3 / 3 + 1)', 'Recall': '0.27 (3 / 3 + 8)', 'F1': '0.4 (2 * (0.27 * 0.75) / 0.27 + 0.75)', 'Specificity': '0.94 (16 / 16 + 1)', 'AUC': 0.61, 'r2': -0.35}
2023-05-28 00:00:17,401 [INFO] Save training_log data...
2023-05-28 00:00:17,402 [INFO] Save score_log data...
2023-05-28 00:00:17,404 [INFO] Time : 5.912020206451416
