2023-05-26 23:15:18,865 [INFO] Train data : Vary_params_A\DUD-E\JAK2\nG1_20\ECFP4_512bits\Standard\JAK2_train_vector.tsv
2023-05-26 23:15:18,865 [INFO] Valid data : Vary_params_A\DUD-E\JAK2\nG1_20\ECFP4_512bits\Standard\JAK2_valid_vector.tsv
2023-05-26 23:15:18,865 [INFO] Output path : Vary_params_A\DUD-E\JAK2\nG1_20\ECFP4_512bits\Standard\JAK2_model\MLP
2023-05-26 23:15:18,865 [INFO] Model type : MLP
2023-05-26 23:15:18,865 [INFO] Use cores : 3
2023-05-26 23:15:18,917 [INFO] Start Learning model
2023-05-26 23:15:18,917 [INFO] Train : 142 | Valid : 28
2023-05-26 23:15:18,917 [INFO] Set parameters : {'hidden_layer_sizes': [(50,), (100,), (50, 50), (100, 100)], 'learning_rate': ['constant', 'invscaling', 'adaptive'], 'activation': ['relu', 'identity', 'logistic', 'tanh'], 'solver': ['adam', 'sgd', 'lbfgs'], 'alpha': [0.1, 0.01, 0.001], 'max_iter': [500, 1000], 'early_stopping': [True]}
2023-05-26 23:23:13,630 [INFO] GridSearchCV results :
     mean_valid_accuracy  mean_valid_precision  mean_valid_auc
638             0.971905                  0.98        0.970833
644             0.971905                  0.98        0.970833
623             0.937143                  0.98        0.939583
620             0.937143                  0.98        0.939583
617             0.937143                  0.98        0.939583
..                   ...                   ...             ...
46              0.464762                  0.00        0.492857
612             0.471905                  0.00        0.500000
613             0.471905                  0.00        0.500000
615             0.471905                  0.00        0.500000
621             0.471905                  0.00        0.500000

[864 rows x 3 columns]
2023-05-26 23:23:13,631 [INFO] Best model :
MLPClassifier(activation='logistic', alpha=0.001, early_stopping=True,
              hidden_layer_sizes=(50, 50), max_iter=500, random_state=42,
              solver='lbfgs')
2023-05-26 23:23:13,640 [INFO] Save train_prediction_log data...
2023-05-26 23:23:13,645 [INFO] {'Data': 'train', 'ACC': '1.0 (142 / 142)', 'TP': 75, 'FP': 0, 'FN': 0, 'TN': 67, 'Precision': '1.0 (75 / 75 + 0)', 'Recall': '1.0 (75 / 75 + 0)', 'F1': '1.0 (2 * (1.0 * 1.0) / 1.0 + 1.0)', 'Specificity': '1.0 (67 / 67 + 0)', 'AUC': 1.0, 'r2': 1.0}
2023-05-26 23:23:13,655 [INFO] Save valid_prediction_log data...
2023-05-26 23:23:13,660 [INFO] {'Data': 'valid', 'ACC': '1.0 (28 / 28)', 'TP': 11, 'FP': 0, 'FN': 0, 'TN': 17, 'Precision': '1.0 (11 / 11 + 0)', 'Recall': '1.0 (11 / 11 + 0)', 'F1': '1.0 (2 * (1.0 * 1.0) / 1.0 + 1.0)', 'Specificity': '1.0 (17 / 17 + 0)', 'AUC': 1.0, 'r2': 1.0}
2023-05-26 23:23:13,692 [INFO] Save test_prediction_log data...
2023-05-26 23:23:13,696 [INFO] {'Data': 'test', 'ACC': '0.43 (12 / 28)', 'TP': 4, 'FP': 9, 'FN': 7, 'TN': 8, 'Precision': '0.31 (4 / 4 + 9)', 'Recall': '0.36 (4 / 4 + 7)', 'F1': '0.33 (2 * (0.36 * 0.31) / 0.36 + 0.31)', 'Specificity': '0.47 (8 / 8 + 9)', 'AUC': 0.42, 'r2': -1.4}
2023-05-26 23:23:13,701 [INFO] Save training_log data...
2023-05-26 23:23:13,710 [INFO] Save score_log data...
2023-05-26 23:23:13,712 [INFO] Time : 474.84739804267883
