2023-05-26 19:46:14,403 [INFO] Train data : Vary_params_A\DUD-E\JAK2\nG1_20\ECFP4_256bits\Robust\JAK2_train_vector.tsv
2023-05-26 19:46:14,403 [INFO] Valid data : Vary_params_A\DUD-E\JAK2\nG1_20\ECFP4_256bits\Robust\JAK2_valid_vector.tsv
2023-05-26 19:46:14,403 [INFO] Output path : Vary_params_A\DUD-E\JAK2\nG1_20\ECFP4_256bits\Robust\JAK2_model\MLP
2023-05-26 19:46:14,404 [INFO] Model type : MLP
2023-05-26 19:46:14,404 [INFO] Use cores : 3
2023-05-26 19:46:14,423 [INFO] Start Learning model
2023-05-26 19:46:14,423 [INFO] Train : 142 | Valid : 28
2023-05-26 19:46:14,423 [INFO] Set parameters : {'hidden_layer_sizes': [(50,), (100,), (50, 50), (100, 100)], 'learning_rate': ['constant', 'invscaling', 'adaptive'], 'activation': ['relu', 'identity', 'logistic', 'tanh'], 'solver': ['adam', 'sgd', 'lbfgs'], 'alpha': [0.1, 0.01, 0.001], 'max_iter': [500, 1000], 'early_stopping': [True]}
2023-05-26 19:51:58,974 [INFO] GridSearchCV results :
     mean_valid_accuracy  mean_valid_precision  mean_valid_auc
734             0.902381              0.930992        0.903571
737             0.902381              0.930992        0.903571
725             0.902381              0.930992        0.903571
728             0.902381              0.930992        0.903571
731             0.902381              0.930992        0.903571
..                   ...                   ...             ...
460             0.485238              0.515476        0.503274
457             0.485238              0.515476        0.503274
532             0.485238              0.515476        0.503274
601             0.485238              0.515476        0.503274
529             0.485238              0.515476        0.503274

[864 rows x 3 columns]
2023-05-26 19:51:58,976 [INFO] Best model :
MLPClassifier(activation='tanh', alpha=0.01, early_stopping=True,
              hidden_layer_sizes=(50,), max_iter=500, random_state=42,
              solver='lbfgs')
2023-05-26 19:51:58,982 [INFO] Save train_prediction_log data...
2023-05-26 19:51:58,989 [INFO] {'Data': 'train', 'ACC': '1.0 (142 / 142)', 'TP': 75, 'FP': 0, 'FN': 0, 'TN': 67, 'Precision': '1.0 (75 / 75 + 0)', 'Recall': '1.0 (75 / 75 + 0)', 'F1': '1.0 (2 * (1.0 * 1.0) / 1.0 + 1.0)', 'Specificity': '1.0 (67 / 67 + 0)', 'AUC': 1.0, 'r2': 1.0}
2023-05-26 19:51:58,997 [INFO] Save valid_prediction_log data...
2023-05-26 19:51:59,001 [INFO] {'Data': 'valid', 'ACC': '0.96 (27 / 28)', 'TP': 11, 'FP': 1, 'FN': 0, 'TN': 16, 'Precision': '0.92 (11 / 11 + 1)', 'Recall': '1.0 (11 / 11 + 0)', 'F1': '0.96 (2 * (1.0 * 0.92) / 1.0 + 0.92)', 'Specificity': '0.94 (16 / 16 + 1)', 'AUC': 0.97, 'r2': 0.85}
2023-05-26 19:51:59,014 [INFO] Save test_prediction_log data...
2023-05-26 19:51:59,017 [INFO] {'Data': 'test', 'ACC': '0.54 (15 / 28)', 'TP': 6, 'FP': 8, 'FN': 5, 'TN': 9, 'Precision': '0.43 (6 / 6 + 8)', 'Recall': '0.55 (6 / 6 + 5)', 'F1': '0.48 (2 * (0.55 * 0.43) / 0.55 + 0.43)', 'Specificity': '0.53 (9 / 9 + 8)', 'AUC': 0.54, 'r2': -0.95}
2023-05-26 19:51:59,020 [INFO] Save training_log data...
2023-05-26 19:51:59,028 [INFO] Save score_log data...
2023-05-26 19:51:59,028 [INFO] Time : 344.6254918575287
