2023-05-28 12:59:27,718 [INFO] Train data : Vary_params_IGF1R_KIT\DUD-E\KIT\nG1_20\ECFP4_256bits\Standard\KIT_train_vector.tsv
2023-05-28 12:59:27,718 [INFO] Valid data : Vary_params_IGF1R_KIT\DUD-E\KIT\nG1_20\ECFP4_256bits\Standard\KIT_valid_vector.tsv
2023-05-28 12:59:27,718 [INFO] Output path : Vary_params_IGF1R_KIT\DUD-E\KIT\nG1_20\ECFP4_256bits\Standard\KIT_model\XGB
2023-05-28 12:59:27,718 [INFO] Model type : XGB
2023-05-28 12:59:27,718 [INFO] Use cores : 10
2023-05-28 12:59:27,740 [INFO] Start Learning model
2023-05-28 12:59:27,740 [INFO] Train : 262 | Valid : 58
2023-05-28 12:59:27,741 [INFO] Set parameters : {'max_depth': [4, 6, 8], 'learning_rate': [0.01, 0.2], 'n_estimators': [200, 600, 1000], 'gamma': [0, 1000], 'min_child_weight': [1, 3], 'subsample': [0.5, 1], 'colsample_bytree': [0.5, 1], 'objective': ['binary:logitraw'], 'eval_metric': ['auc', 'error']}
2023-05-28 13:08:55,454 [INFO] GridSearchCV results :
     mean_valid_accuracy  mean_valid_precision  mean_valid_auc
1               0.928063                   1.0        0.924359
145             0.928063                   1.0        0.924359
157             0.939459                   1.0        0.936538
25              0.939459                   1.0        0.936538
169             0.939459                   1.0        0.936538
..                   ...                   ...             ...
106             0.530627                   0.0        0.500000
107             0.530627                   0.0        0.500000
108             0.530627                   0.0        0.500000
109             0.530627                   0.0        0.500000
575             0.530627                   0.0        0.500000

[576 rows x 3 columns]
2023-05-28 13:08:55,455 [INFO] Best model :
XGBClassifier(base_score=None, booster=None, callbacks=None,
              colsample_bylevel=None, colsample_bynode=None,
              colsample_bytree=0.5, early_stopping_rounds=None,
              enable_categorical=False, eval_metric='auc', feature_types=None,
              gamma=0, gpu_id=None, grow_policy=None, importance_type=None,
              interaction_constraints=None, learning_rate=0.01, max_bin=None,
              max_cat_threshold=None, max_cat_to_onehot=None,
              max_delta_step=None, max_depth=4, max_leaves=None,
              min_child_weight=1, missing=nan, monotone_constraints=None,
              n_estimators=200, n_jobs=0, num_parallel_tree=None,
              objective='binary:logitraw', predictor=None, ...)
2023-05-28 13:08:55,464 [INFO] Save train_prediction_log data...
2023-05-28 13:08:55,468 [INFO] {'Data': 'train', 'ACC': '0.97 (255 / 262)', 'TP': 116, 'FP': 0, 'FN': 7, 'TN': 139, 'Precision': '1.0 (116 / 116 + 0)', 'Recall': '0.94 (116 / 116 + 7)', 'F1': '0.97 (2 * (0.94 * 1.0) / 0.94 + 1.0)', 'Specificity': '1.0 (139 / 139 + 0)', 'AUC': 0.97, 'r2': 0.89}
2023-05-28 13:08:55,476 [INFO] Save valid_prediction_log data...
2023-05-28 13:08:55,478 [INFO] {'Data': 'valid', 'ACC': '0.97 (56 / 58)', 'TP': 23, 'FP': 2, 'FN': 0, 'TN': 33, 'Precision': '0.92 (23 / 23 + 2)', 'Recall': '1.0 (23 / 23 + 0)', 'F1': '0.96 (2 * (1.0 * 0.92) / 1.0 + 0.92)', 'Specificity': '0.94 (33 / 33 + 2)', 'AUC': 0.97, 'r2': 0.86}
2023-05-28 13:08:55,497 [INFO] Save test_prediction_log data...
2023-05-28 13:08:55,500 [INFO] {'Data': 'test', 'ACC': '0.71 (41 / 58)', 'TP': 11, 'FP': 5, 'FN': 12, 'TN': 30, 'Precision': '0.69 (11 / 11 + 5)', 'Recall': '0.48 (11 / 11 + 12)', 'F1': '0.57 (2 * (0.48 * 0.69) / 0.48 + 0.69)', 'Specificity': '0.86 (30 / 30 + 5)', 'AUC': 0.67, 'r2': -0.22}
2023-05-28 13:08:55,504 [INFO] Save training_log data...
2023-05-28 13:08:55,509 [INFO] Save score_log data...
2023-05-28 13:08:55,509 [INFO] Time : 567.7915167808533
