2023-05-27 17:33:46,779 [INFO] Train data : Vary_params_CDK2_EGFR_LCK\DUD-E\CDK2\nG1_20\ECFP6_512bits\Standard\CDK2_train_vector.tsv
2023-05-27 17:33:46,779 [INFO] Valid data : Vary_params_CDK2_EGFR_LCK\DUD-E\CDK2\nG1_20\ECFP6_512bits\Standard\CDK2_valid_vector.tsv
2023-05-27 17:33:46,779 [INFO] Output path : Vary_params_CDK2_EGFR_LCK\DUD-E\CDK2\nG1_20\ECFP6_512bits\Standard\CDK2_model\MLP
2023-05-27 17:33:46,779 [INFO] Model type : MLP
2023-05-27 17:33:46,779 [INFO] Use cores : 19
2023-05-27 17:33:46,857 [INFO] Start Learning model
2023-05-27 17:33:46,858 [INFO] Train : 878 | Valid : 212
2023-05-27 17:33:46,858 [INFO] Set parameters : {'hidden_layer_sizes': [(50,), (100,), (50, 50), (100, 100)], 'learning_rate': ['constant', 'invscaling', 'adaptive'], 'activation': ['relu', 'identity', 'logistic', 'tanh'], 'solver': ['adam', 'sgd', 'lbfgs'], 'alpha': [0.1, 0.01, 0.001], 'max_iter': [500, 1000], 'early_stopping': [True]}
2023-05-27 17:39:32,700 [INFO] GridSearchCV results :
     mean_valid_accuracy  mean_valid_precision  mean_valid_auc
471             0.893992              0.919537        0.885416
474             0.893992              0.919537        0.885416
477             0.893992              0.919537        0.885416
480             0.893992              0.919537        0.885416
483             0.893992              0.919537        0.885416
..                   ...                   ...             ...
544             0.579728              0.000000        0.500000
541             0.579728              0.000000        0.500000
502             0.579728              0.000000        0.500000
499             0.579728              0.000000        0.500000
190             0.576319              0.000000        0.497059

[864 rows x 3 columns]
2023-05-27 17:39:32,701 [INFO] Best model :
MLPClassifier(activation='logistic', alpha=0.1, early_stopping=True,
              hidden_layer_sizes=(50, 50), max_iter=500, random_state=42)
2023-05-27 17:39:32,712 [INFO] Save train_prediction_log data...
2023-05-27 17:39:32,715 [INFO] {'Data': 'train', 'ACC': '0.94 (828 / 878)', 'TP': 334, 'FP': 15, 'FN': 35, 'TN': 494, 'Precision': '0.96 (334 / 334 + 15)', 'Recall': '0.91 (334 / 334 + 35)', 'F1': '0.93 (2 * (0.91 * 0.96) / 0.91 + 0.96)', 'Specificity': '0.97 (494 / 494 + 15)', 'AUC': 0.94, 'r2': 0.77}
2023-05-27 17:39:32,721 [INFO] Save valid_prediction_log data...
2023-05-27 17:39:32,723 [INFO] {'Data': 'valid', 'ACC': '0.94 (199 / 212)', 'TP': 84, 'FP': 12, 'FN': 1, 'TN': 115, 'Precision': '0.88 (84 / 84 + 12)', 'Recall': '0.99 (84 / 84 + 1)', 'F1': '0.93 (2 * (0.99 * 0.88) / 0.99 + 0.88)', 'Specificity': '0.91 (115 / 115 + 12)', 'AUC': 0.95, 'r2': 0.74}
2023-05-27 17:39:32,750 [INFO] Save test_prediction_log data...
2023-05-27 17:39:32,752 [INFO] {'Data': 'test', 'ACC': '0.6 (127 / 212)', 'TP': 61, 'FP': 61, 'FN': 24, 'TN': 66, 'Precision': '0.5 (61 / 61 + 61)', 'Recall': '0.72 (61 / 61 + 24)', 'F1': '0.59 (2 * (0.72 * 0.5) / 0.72 + 0.5)', 'Specificity': '0.52 (66 / 66 + 61)', 'AUC': 0.62, 'r2': -0.67}
2023-05-27 17:39:32,755 [INFO] Save training_log data...
2023-05-27 17:39:32,760 [INFO] Save score_log data...
2023-05-27 17:39:32,761 [INFO] Time : 345.98219108581543
