2023-05-26 17:28:23,153 [INFO] Train data : Vary_params\DUD-E\MAPK2\nG1_80\ECFP4_256bits\MinMax\MAPK2_train_vector.tsv
2023-05-26 17:28:23,155 [INFO] Valid data : Vary_params\DUD-E\MAPK2\nG1_80\ECFP4_256bits\MinMax\MAPK2_valid_vector.tsv
2023-05-26 17:28:23,155 [INFO] Output path : Vary_params\DUD-E\MAPK2\nG1_80\ECFP4_256bits\MinMax\MAPK2_model\MLP
2023-05-26 17:28:23,155 [INFO] Model type : MLP
2023-05-26 17:28:23,155 [INFO] Use cores : 10
2023-05-26 17:28:23,166 [INFO] Start Learning model
2023-05-26 17:28:23,166 [INFO] Train : 72 | Valid : 25
2023-05-26 17:28:23,166 [INFO] Set parameters : {'hidden_layer_sizes': [(50,), (100,), (50, 50), (100, 100)], 'learning_rate': ['constant', 'invscaling', 'adaptive'], 'activation': ['relu', 'identity', 'logistic', 'tanh'], 'solver': ['adam', 'sgd', 'lbfgs'], 'alpha': [0.1, 0.01, 0.001], 'max_iter': [500, 1000], 'early_stopping': [True]}
2023-05-26 17:29:23,710 [INFO] GridSearchCV results :
     mean_valid_accuracy  mean_valid_precision  mean_valid_auc
680             0.973214                   0.9        0.925000
443             0.973214                   0.9        0.925000
110             0.973214                   0.9        0.925000
479             0.973214                   0.9        0.925000
113             0.973214                   0.9        0.925000
..                   ...                   ...             ...
559             0.848214                   0.0        0.500000
558             0.848214                   0.0        0.500000
556             0.848214                   0.0        0.500000
555             0.848214                   0.0        0.500000
432             0.735714                   0.0        0.433333

[864 rows x 3 columns]
2023-05-26 17:29:23,711 [INFO] Best model :
MLPClassifier(alpha=0.1, early_stopping=True, hidden_layer_sizes=(50,),
              max_iter=500, random_state=42, solver='lbfgs')
2023-05-26 17:29:23,714 [INFO] Save train_prediction_log data...
2023-05-26 17:29:23,717 [INFO] {'Data': 'train', 'ACC': '1.0 (72 / 72)', 'TP': 11, 'FP': 0, 'FN': 0, 'TN': 61, 'Precision': '1.0 (11 / 11 + 0)', 'Recall': '1.0 (11 / 11 + 0)', 'F1': '1.0 (2 * (1.0 * 1.0) / 1.0 + 1.0)', 'Specificity': '1.0 (61 / 61 + 0)', 'AUC': 1.0, 'r2': 1.0}
2023-05-26 17:29:23,721 [INFO] Save valid_prediction_log data...
2023-05-26 17:29:23,722 [INFO] {'Data': 'valid', 'ACC': '1.0 (25 / 25)', 'TP': 10, 'FP': 0, 'FN': 0, 'TN': 15, 'Precision': '1.0 (10 / 10 + 0)', 'Recall': '1.0 (10 / 10 + 0)', 'F1': '1.0 (2 * (1.0 * 1.0) / 1.0 + 1.0)', 'Specificity': '1.0 (15 / 15 + 0)', 'AUC': 1.0, 'r2': 1.0}
2023-05-26 17:29:23,731 [INFO] Save test_prediction_log data...
2023-05-26 17:29:23,734 [INFO] {'Data': 'test', 'ACC': '0.72 (18 / 25)', 'TP': 4, 'FP': 1, 'FN': 6, 'TN': 14, 'Precision': '0.8 (4 / 4 + 1)', 'Recall': '0.4 (4 / 4 + 6)', 'F1': '0.53 (2 * (0.4 * 0.8) / 0.4 + 0.8)', 'Specificity': '0.93 (14 / 14 + 1)', 'AUC': 0.67, 'r2': -0.17}
2023-05-26 17:29:23,736 [INFO] Save training_log data...
2023-05-26 17:29:23,741 [INFO] Save score_log data...
2023-05-26 17:29:23,742 [INFO] Time : 60.58851647377014
