2023-05-30 04:17:22,857 [INFO] Train data : Baseline_noscale_DUDE\DUD-E\IGF1R\ECFP6_256bits\IGF1R_raw_train.tsv
2023-05-30 04:17:22,857 [INFO] Valid data : Baseline_noscale_DUDE\DUD-E\IGF1R\ECFP6_256bits\IGF1R_raw_valid.tsv
2023-05-30 04:17:22,857 [INFO] Output path : Baseline_noscale_DUDE\DUD-E\IGF1R\ECFP6_256bits\IGF1R_model\XGB
2023-05-30 04:17:22,857 [INFO] Model type : XGB
2023-05-30 04:17:22,857 [INFO] Use cores : 12
2023-05-30 04:17:22,866 [INFO] Start Learning model
2023-05-30 04:17:22,866 [INFO] Train : 196 | Valid : 49
2023-05-30 04:17:22,867 [INFO] Set parameters : {'max_depth': [4, 6, 8], 'learning_rate': [0.01, 0.2], 'n_estimators': [200, 600, 1000], 'gamma': [0, 1000], 'min_child_weight': [1, 3], 'subsample': [0.5, 1], 'colsample_bytree': [0.5, 1], 'objective': ['binary:logitraw'], 'eval_metric': ['auc', 'error']}
2023-05-30 04:22:17,359 [INFO] GridSearchCV results :
     mean_valid_accuracy  mean_valid_precision  mean_valid_auc
0               0.979737                   1.0         0.97500
48              0.989737                   1.0         0.98750
330             0.995000                   1.0         0.99375
312             0.979737                   1.0         0.97500
300             0.979737                   1.0         0.97500
..                   ...                   ...             ...
107             0.602105                   0.0         0.50000
108             0.602105                   0.0         0.50000
109             0.602105                   0.0         0.50000
110             0.602105                   0.0         0.50000
575             0.602105                   0.0         0.50000

[576 rows x 3 columns]
2023-05-30 04:22:17,360 [INFO] Best model :
XGBClassifier(base_score=None, booster=None, callbacks=None,
              colsample_bylevel=None, colsample_bynode=None,
              colsample_bytree=0.5, early_stopping_rounds=None,
              enable_categorical=False, eval_metric='auc', feature_types=None,
              gamma=0, gpu_id=None, grow_policy=None, importance_type=None,
              interaction_constraints=None, learning_rate=0.01, max_bin=None,
              max_cat_threshold=None, max_cat_to_onehot=None,
              max_delta_step=None, max_depth=4, max_leaves=None,
              min_child_weight=1, missing=nan, monotone_constraints=None,
              n_estimators=200, n_jobs=0, num_parallel_tree=None,
              objective='binary:logitraw', predictor=None, ...)
2023-05-30 04:22:17,369 [INFO] Save train_prediction_log data...
2023-05-30 04:22:17,372 [INFO] {'Data': 'train', 'ACC': '1.0 (196 / 196)', 'TP': 78, 'FP': 0, 'FN': 0, 'TN': 118, 'Precision': '1.0 (78 / 78 + 0)', 'Recall': '1.0 (78 / 78 + 0)', 'F1': '1.0 (2 * (1.0 * 1.0) / 1.0 + 1.0)', 'Specificity': '1.0 (118 / 118 + 0)', 'AUC': 1.0, 'r2': 1.0}
2023-05-30 04:22:17,380 [INFO] Save valid_prediction_log data...
2023-05-30 04:22:17,382 [INFO] {'Data': 'valid', 'ACC': '1.0 (49 / 49)', 'TP': 20, 'FP': 0, 'FN': 0, 'TN': 29, 'Precision': '1.0 (20 / 20 + 0)', 'Recall': '1.0 (20 / 20 + 0)', 'F1': '1.0 (2 * (1.0 * 1.0) / 1.0 + 1.0)', 'Specificity': '1.0 (29 / 29 + 0)', 'AUC': 1.0, 'r2': 1.0}
2023-05-30 04:22:17,394 [INFO] Save test_prediction_log data...
2023-05-30 04:22:17,396 [INFO] {'Data': 'test', 'ACC': '0.63 (31 / 49)', 'TP': 4, 'FP': 2, 'FN': 16, 'TN': 27, 'Precision': '0.67 (4 / 4 + 2)', 'Recall': '0.2 (4 / 4 + 16)', 'F1': '0.31 (2 * (0.2 * 0.67) / 0.2 + 0.67)', 'Specificity': '0.93 (27 / 27 + 2)', 'AUC': 0.57, 'r2': -0.52}
2023-05-30 04:22:17,401 [INFO] Save training_log data...
2023-05-30 04:22:17,406 [INFO] Save score_log data...
2023-05-30 04:22:17,407 [INFO] Time : 294.5498757362366
