2023-05-29 08:02:11,578 [INFO] Train data : Vary_params_CDK2_EGFR_LCK\DUD-E\LCK\nG1_50\ECFP4_512bits\Robust\LCK_train_vector.tsv
2023-05-29 08:02:11,578 [INFO] Valid data : Vary_params_CDK2_EGFR_LCK\DUD-E\LCK\nG1_50\ECFP4_512bits\Robust\LCK_valid_vector.tsv
2023-05-29 08:02:11,578 [INFO] Output path : Vary_params_CDK2_EGFR_LCK\DUD-E\LCK\nG1_50\ECFP4_512bits\Robust\LCK_model\SVM
2023-05-29 08:02:11,578 [INFO] Model type : SVM
2023-05-29 08:02:11,578 [INFO] Use cores : 19
2023-05-29 08:02:11,613 [INFO] Start Learning model
2023-05-29 08:02:11,613 [INFO] Train : 736 | Valid : 185
2023-05-29 08:02:11,613 [INFO] Set parameters : {'kernel': ['linear', 'rbf'], 'C': [0.01, 0.1, 1, 10, 100, 1000], 'gamma': [0.01, 0.1, 1, 100, 1000]}
2023-05-29 08:02:20,712 [INFO] GridSearchCV results :
    mean_valid_accuracy  mean_valid_precision  mean_valid_auc
0              0.951074              0.938071         0.94971
20             0.951074              0.938071         0.94971
24             0.951074              0.938071         0.94971
26             0.951074              0.938071         0.94971
28             0.951074              0.938071         0.94971
32             0.951074              0.938071         0.94971
34             0.951074              0.938071         0.94971
36             0.951074              0.938071         0.94971
38             0.951074              0.938071         0.94971
40             0.951074              0.938071         0.94971
42             0.951074              0.938071         0.94971
44             0.951074              0.938071         0.94971
46             0.951074              0.938071         0.94971
48             0.951074              0.938071         0.94971
50             0.951074              0.938071         0.94971
52             0.951074              0.938071         0.94971
54             0.951074              0.938071         0.94971
56             0.951074              0.938071         0.94971
58             0.951074              0.938071         0.94971
22             0.951074              0.938071         0.94971
30             0.951074              0.938071         0.94971
10             0.951074              0.938071         0.94971
2              0.951074              0.938071         0.94971
18             0.951074              0.938071         0.94971
8              0.951074              0.938071         0.94971
16             0.951074              0.938071         0.94971
4              0.951074              0.938071         0.94971
12             0.951074              0.938071         0.94971
6              0.951074              0.938071         0.94971
14             0.951074              0.938071         0.94971
49             0.600555              0.000000         0.50000
9              0.600555              0.000000         0.50000
45             0.600555              0.000000         0.50000
47             0.600555              0.000000         0.50000
7              0.600555              0.000000         0.50000
21             0.600555              0.000000         0.50000
43             0.600555              0.000000         0.50000
5              0.600555              0.000000         0.50000
53             0.600555              0.000000         0.50000
55             0.600555              0.000000         0.50000
3              0.600555              0.000000         0.50000
57             0.600555              0.000000         0.50000
51             0.600555              0.000000         0.50000
11             0.600555              0.000000         0.50000
41             0.600555              0.000000         0.50000
19             0.600555              0.000000         0.50000
39             0.600555              0.000000         0.50000
37             0.600555              0.000000         0.50000
13             0.600555              0.000000         0.50000
35             0.600555              0.000000         0.50000
33             0.600555              0.000000         0.50000
15             0.600555              0.000000         0.50000
31             0.600555              0.000000         0.50000
1              0.600555              0.000000         0.50000
29             0.600555              0.000000         0.50000
27             0.600555              0.000000         0.50000
17             0.600555              0.000000         0.50000
25             0.600555              0.000000         0.50000
23             0.600555              0.000000         0.50000
59             0.600555              0.000000         0.50000
2023-05-29 08:02:20,713 [INFO] Best model :
SVC(C=0.01, gamma=0.01, kernel='linear', random_state=42)
2023-05-29 08:02:20,726 [INFO] Save train_prediction_log data...
2023-05-29 08:02:20,730 [INFO] {'Data': 'train', 'ACC': '1.0 (736 / 736)', 'TP': 294, 'FP': 0, 'FN': 0, 'TN': 442, 'Precision': '1.0 (294 / 294 + 0)', 'Recall': '1.0 (294 / 294 + 0)', 'F1': '1.0 (2 * (1.0 * 1.0) / 1.0 + 1.0)', 'Specificity': '1.0 (442 / 442 + 0)', 'AUC': 1.0, 'r2': 1.0}
2023-05-29 08:02:20,736 [INFO] Save valid_prediction_log data...
2023-05-29 08:02:20,738 [INFO] {'Data': 'valid', 'ACC': '0.96 (177 / 185)', 'TP': 73, 'FP': 7, 'FN': 1, 'TN': 104, 'Precision': '0.91 (73 / 73 + 7)', 'Recall': '0.99 (73 / 73 + 1)', 'F1': '0.95 (2 * (0.99 * 0.91) / 0.99 + 0.91)', 'Specificity': '0.94 (104 / 104 + 7)', 'AUC': 0.96, 'r2': 0.82}
2023-05-29 08:02:20,756 [INFO] Save test_prediction_log data...
2023-05-29 08:02:20,759 [INFO] {'Data': 'test', 'ACC': '0.67 (124 / 185)', 'TP': 51, 'FP': 38, 'FN': 23, 'TN': 73, 'Precision': '0.57 (51 / 51 + 38)', 'Recall': '0.69 (51 / 51 + 23)', 'F1': '0.62 (2 * (0.69 * 0.57) / 0.69 + 0.57)', 'Specificity': '0.66 (73 / 73 + 38)', 'AUC': 0.67, 'r2': -0.37}
2023-05-29 08:02:20,761 [INFO] Save training_log data...
2023-05-29 08:02:20,764 [INFO] Save score_log data...
2023-05-29 08:02:20,765 [INFO] Time : 9.187888383865356
