2023-05-28 18:35:34,062 [INFO] Train data : Vary_params_IGF1R_KIT\DUD-E\KIT\nG1_50\ECFP4_512bits\MinMax\KIT_train_vector.tsv
2023-05-28 18:35:34,062 [INFO] Valid data : Vary_params_IGF1R_KIT\DUD-E\KIT\nG1_50\ECFP4_512bits\MinMax\KIT_valid_vector.tsv
2023-05-28 18:35:34,062 [INFO] Output path : Vary_params_IGF1R_KIT\DUD-E\KIT\nG1_50\ECFP4_512bits\MinMax\KIT_model\XGB
2023-05-28 18:35:34,062 [INFO] Model type : XGB
2023-05-28 18:35:34,062 [INFO] Use cores : 10
2023-05-28 18:35:34,085 [INFO] Start Learning model
2023-05-28 18:35:34,085 [INFO] Train : 232 | Valid : 58
2023-05-28 18:35:34,086 [INFO] Set parameters : {'max_depth': [4, 6, 8], 'learning_rate': [0.01, 0.2], 'n_estimators': [200, 600, 1000], 'gamma': [0, 1000], 'min_child_weight': [1, 3], 'subsample': [0.5, 1], 'colsample_bytree': [0.5, 1], 'objective': ['binary:logitraw'], 'eval_metric': ['auc', 'error']}
2023-05-28 18:51:03,346 [INFO] GridSearchCV results :
     mean_valid_accuracy  mean_valid_precision  mean_valid_auc
0               0.926812                   1.0        0.908889
15              0.965580                   1.0        0.956667
31              0.930978                   1.0        0.913889
171             0.965580                   1.0        0.956667
169             0.948188                   1.0        0.934444
..                   ...                   ...             ...
263             0.599275                   0.0        0.500000
262             0.599275                   0.0        0.500000
261             0.599275                   0.0        0.500000
260             0.599275                   0.0        0.500000
575             0.599275                   0.0        0.500000

[576 rows x 3 columns]
2023-05-28 18:51:03,348 [INFO] Best model :
XGBClassifier(base_score=None, booster=None, callbacks=None,
              colsample_bylevel=None, colsample_bynode=None,
              colsample_bytree=0.5, early_stopping_rounds=None,
              enable_categorical=False, eval_metric='auc', feature_types=None,
              gamma=0, gpu_id=None, grow_policy=None, importance_type=None,
              interaction_constraints=None, learning_rate=0.01, max_bin=None,
              max_cat_threshold=None, max_cat_to_onehot=None,
              max_delta_step=None, max_depth=4, max_leaves=None,
              min_child_weight=1, missing=nan, monotone_constraints=None,
              n_estimators=200, n_jobs=0, num_parallel_tree=None,
              objective='binary:logitraw', predictor=None, ...)
2023-05-28 18:51:03,363 [INFO] Save train_prediction_log data...
2023-05-28 18:51:03,367 [INFO] {'Data': 'train', 'ACC': '0.99 (230 / 232)', 'TP': 91, 'FP': 0, 'FN': 2, 'TN': 139, 'Precision': '1.0 (91 / 91 + 0)', 'Recall': '0.98 (91 / 91 + 2)', 'F1': '0.99 (2 * (0.98 * 1.0) / 0.98 + 1.0)', 'Specificity': '1.0 (139 / 139 + 0)', 'AUC': 0.99, 'r2': 0.96}
2023-05-28 18:51:03,382 [INFO] Save valid_prediction_log data...
2023-05-28 18:51:03,384 [INFO] {'Data': 'valid', 'ACC': '0.98 (57 / 58)', 'TP': 23, 'FP': 1, 'FN': 0, 'TN': 34, 'Precision': '0.96 (23 / 23 + 1)', 'Recall': '1.0 (23 / 23 + 0)', 'F1': '0.98 (2 * (1.0 * 0.96) / 1.0 + 0.96)', 'Specificity': '0.97 (34 / 34 + 1)', 'AUC': 0.99, 'r2': 0.93}
2023-05-28 18:51:03,409 [INFO] Save test_prediction_log data...
2023-05-28 18:51:03,412 [INFO] {'Data': 'test', 'ACC': '0.69 (40 / 58)', 'TP': 8, 'FP': 3, 'FN': 15, 'TN': 32, 'Precision': '0.73 (8 / 8 + 3)', 'Recall': '0.35 (8 / 8 + 15)', 'F1': '0.47 (2 * (0.35 * 0.73) / 0.35 + 0.73)', 'Specificity': '0.91 (32 / 32 + 3)', 'AUC': 0.63, 'r2': -0.3}
2023-05-28 18:51:03,416 [INFO] Save training_log data...
2023-05-28 18:51:03,420 [INFO] Save score_log data...
2023-05-28 18:51:03,421 [INFO] Time : 929.3594155311584
