2023-05-29 08:40:02,236 [INFO] Train data : Vary_params_VGFR2\DUD-E\VGFR2\nG1_80\ECFP4_256bits\Robust\VGFR2_train_vector.tsv
2023-05-29 08:40:02,236 [INFO] Valid data : Vary_params_VGFR2\DUD-E\VGFR2\nG1_80\ECFP4_256bits\Robust\VGFR2_valid_vector.tsv
2023-05-29 08:40:02,236 [INFO] Output path : Vary_params_VGFR2\DUD-E\VGFR2\nG1_80\ECFP4_256bits\Robust\VGFR2_model\SVM
2023-05-29 08:40:02,236 [INFO] Model type : SVM
2023-05-29 08:40:02,236 [INFO] Use cores : 18
2023-05-29 08:40:02,261 [INFO] Start Learning model
2023-05-29 08:40:02,261 [INFO] Train : 687 | Valid : 180
2023-05-29 08:40:02,261 [INFO] Set parameters : {'kernel': ['linear', 'rbf'], 'C': [0.01, 0.1, 1, 10, 100, 1000], 'gamma': [0.01, 0.1, 1, 100, 1000]}
2023-05-29 08:40:08,823 [INFO] GridSearchCV results :
    mean_valid_accuracy  mean_valid_precision  mean_valid_auc
0              0.865899              0.803542        0.863816
20             0.865899              0.803542        0.863816
24             0.865899              0.803542        0.863816
26             0.865899              0.803542        0.863816
28             0.865899              0.803542        0.863816
32             0.865899              0.803542        0.863816
34             0.865899              0.803542        0.863816
36             0.865899              0.803542        0.863816
38             0.865899              0.803542        0.863816
40             0.865899              0.803542        0.863816
42             0.865899              0.803542        0.863816
44             0.865899              0.803542        0.863816
46             0.865899              0.803542        0.863816
48             0.865899              0.803542        0.863816
50             0.865899              0.803542        0.863816
52             0.865899              0.803542        0.863816
54             0.865899              0.803542        0.863816
56             0.865899              0.803542        0.863816
58             0.865899              0.803542        0.863816
22             0.865899              0.803542        0.863816
30             0.865899              0.803542        0.863816
10             0.865899              0.803542        0.863816
2              0.865899              0.803542        0.863816
18             0.865899              0.803542        0.863816
8              0.865899              0.803542        0.863816
16             0.865899              0.803542        0.863816
4              0.865899              0.803542        0.863816
12             0.865899              0.803542        0.863816
6              0.865899              0.803542        0.863816
14             0.865899              0.803542        0.863816
49             0.625938              0.000000        0.500000
9              0.625938              0.000000        0.500000
45             0.625938              0.000000        0.500000
47             0.625938              0.000000        0.500000
7              0.625938              0.000000        0.500000
21             0.625938              0.000000        0.500000
43             0.625938              0.000000        0.500000
5              0.625938              0.000000        0.500000
53             0.625938              0.000000        0.500000
55             0.625938              0.000000        0.500000
3              0.625938              0.000000        0.500000
57             0.625938              0.000000        0.500000
51             0.625938              0.000000        0.500000
11             0.625938              0.000000        0.500000
41             0.625938              0.000000        0.500000
19             0.625938              0.000000        0.500000
39             0.625938              0.000000        0.500000
37             0.625938              0.000000        0.500000
13             0.625938              0.000000        0.500000
35             0.625938              0.000000        0.500000
33             0.625938              0.000000        0.500000
15             0.625938              0.000000        0.500000
31             0.625938              0.000000        0.500000
1              0.625938              0.000000        0.500000
29             0.625938              0.000000        0.500000
27             0.625938              0.000000        0.500000
17             0.625938              0.000000        0.500000
25             0.625938              0.000000        0.500000
23             0.625938              0.000000        0.500000
59             0.625938              0.000000        0.500000
2023-05-29 08:40:08,825 [INFO] Best model :
SVC(C=0.01, gamma=0.01, kernel='linear', random_state=42)
2023-05-29 08:40:08,838 [INFO] Save train_prediction_log data...
2023-05-29 08:40:08,842 [INFO] {'Data': 'train', 'ACC': '1.0 (687 / 687)', 'TP': 257, 'FP': 0, 'FN': 0, 'TN': 430, 'Precision': '1.0 (257 / 257 + 0)', 'Recall': '1.0 (257 / 257 + 0)', 'F1': '1.0 (2 * (1.0 * 1.0) / 1.0 + 1.0)', 'Specificity': '1.0 (430 / 430 + 0)', 'AUC': 1.0, 'r2': 1.0}
2023-05-29 08:40:08,848 [INFO] Save valid_prediction_log data...
2023-05-29 08:40:08,851 [INFO] {'Data': 'valid', 'ACC': '0.9 (162 / 180)', 'TP': 69, 'FP': 15, 'FN': 3, 'TN': 93, 'Precision': '0.82 (69 / 69 + 15)', 'Recall': '0.96 (69 / 69 + 3)', 'F1': '0.88 (2 * (0.96 * 0.82) / 0.96 + 0.82)', 'Specificity': '0.86 (93 / 93 + 15)', 'AUC': 0.91, 'r2': 0.58}
2023-05-29 08:40:08,871 [INFO] Save test_prediction_log data...
2023-05-29 08:40:08,874 [INFO] {'Data': 'test', 'ACC': '0.56 (100 / 180)', 'TP': 31, 'FP': 39, 'FN': 41, 'TN': 69, 'Precision': '0.44 (31 / 31 + 39)', 'Recall': '0.43 (31 / 31 + 41)', 'F1': '0.43 (2 * (0.43 * 0.44) / 0.43 + 0.44)', 'Specificity': '0.64 (69 / 69 + 39)', 'AUC': 0.53, 'r2': -0.85}
2023-05-29 08:40:08,876 [INFO] Save training_log data...
2023-05-29 08:40:08,878 [INFO] Save score_log data...
2023-05-29 08:40:08,879 [INFO] Time : 6.643622875213623
