2023-05-27 11:55:21,295 [INFO] Train data : Vary_params\DUD-E\AKT1\nG1_80\ECFP6_512bits\MinMax\AKT1_train_vector.tsv
2023-05-27 11:55:21,295 [INFO] Valid data : Vary_params\DUD-E\AKT1\nG1_80\ECFP6_512bits\MinMax\AKT1_valid_vector.tsv
2023-05-27 11:55:21,295 [INFO] Output path : Vary_params\DUD-E\AKT1\nG1_80\ECFP6_512bits\MinMax\AKT1_model\MLP
2023-05-27 11:55:21,295 [INFO] Model type : MLP
2023-05-27 11:55:21,295 [INFO] Use cores : 11
2023-05-27 11:55:21,332 [INFO] Start Learning model
2023-05-27 11:55:21,332 [INFO] Train : 451 | Valid : 120
2023-05-27 11:55:21,332 [INFO] Set parameters : {'hidden_layer_sizes': [(50,), (100,), (50, 50), (100, 100)], 'learning_rate': ['constant', 'invscaling', 'adaptive'], 'activation': ['relu', 'identity', 'logistic', 'tanh'], 'solver': ['adam', 'sgd', 'lbfgs'], 'alpha': [0.1, 0.01, 0.001], 'max_iter': [500, 1000], 'early_stopping': [True]}
2023-05-27 12:02:33,682 [INFO] GridSearchCV results :
     mean_valid_accuracy  mean_valid_precision  mean_valid_auc
0               0.944638                   1.0        0.923713
428             0.986715                   1.0        0.981618
425             0.986715                   1.0        0.981618
423             0.982415                   1.0        0.975919
422             0.986715                   1.0        0.981618
..                   ...                   ...             ...
598             0.640821                   0.0        0.500000
58              0.638599                   0.0        0.498276
601             0.640821                   0.0        0.500000
604             0.640821                   0.0        0.500000
499             0.640821                   0.0        0.500000

[864 rows x 3 columns]
2023-05-27 12:02:33,684 [INFO] Best model :
MLPClassifier(alpha=0.1, early_stopping=True, hidden_layer_sizes=(50,),
              max_iter=500, random_state=42)
2023-05-27 12:02:33,692 [INFO] Save train_prediction_log data...
2023-05-27 12:02:33,696 [INFO] {'Data': 'train', 'ACC': '0.96 (433 / 451)', 'TP': 146, 'FP': 2, 'FN': 16, 'TN': 287, 'Precision': '0.99 (146 / 146 + 2)', 'Recall': '0.9 (146 / 146 + 16)', 'F1': '0.94 (2 * (0.9 * 0.99) / 0.9 + 0.99)', 'Specificity': '0.99 (287 / 287 + 2)', 'AUC': 0.95, 'r2': 0.83}
2023-05-27 12:02:33,701 [INFO] Save valid_prediction_log data...
2023-05-27 12:02:33,705 [INFO] {'Data': 'valid', 'ACC': '0.99 (119 / 120)', 'TP': 47, 'FP': 0, 'FN': 1, 'TN': 72, 'Precision': '1.0 (47 / 47 + 0)', 'Recall': '0.98 (47 / 47 + 1)', 'F1': '0.99 (2 * (0.98 * 1.0) / 0.98 + 1.0)', 'Specificity': '1.0 (72 / 72 + 0)', 'AUC': 0.99, 'r2': 0.97}
2023-05-27 12:02:33,727 [INFO] Save test_prediction_log data...
2023-05-27 12:02:33,730 [INFO] {'Data': 'test', 'ACC': '0.58 (70 / 120)', 'TP': 10, 'FP': 12, 'FN': 38, 'TN': 60, 'Precision': '0.45 (10 / 10 + 12)', 'Recall': '0.21 (10 / 10 + 38)', 'F1': '0.29 (2 * (0.21 * 0.45) / 0.21 + 0.45)', 'Specificity': '0.83 (60 / 60 + 12)', 'AUC': 0.52, 'r2': -0.74}
2023-05-27 12:02:33,733 [INFO] Save training_log data...
2023-05-27 12:02:33,739 [INFO] Save score_log data...
2023-05-27 12:02:33,741 [INFO] Time : 432.4462432861328
