2023-05-27 23:24:39,545 [INFO] Train data : Vary_params\DUD-E\AKT2\nG1_80\ECFP6_512bits\MinMax\AKT2_train_vector.tsv
2023-05-27 23:24:39,546 [INFO] Valid data : Vary_params\DUD-E\AKT2\nG1_80\ECFP6_512bits\MinMax\AKT2_valid_vector.tsv
2023-05-27 23:24:39,546 [INFO] Output path : Vary_params\DUD-E\AKT2\nG1_80\ECFP6_512bits\MinMax\AKT2_model\MLP
2023-05-27 23:24:39,546 [INFO] Model type : MLP
2023-05-27 23:24:39,546 [INFO] Use cores : 11
2023-05-27 23:24:39,570 [INFO] Start Learning model
2023-05-27 23:24:39,570 [INFO] Train : 95 | Valid : 31
2023-05-27 23:24:39,570 [INFO] Set parameters : {'hidden_layer_sizes': [(50,), (100,), (50, 50), (100, 100)], 'learning_rate': ['constant', 'invscaling', 'adaptive'], 'activation': ['relu', 'identity', 'logistic', 'tanh'], 'solver': ['adam', 'sgd', 'lbfgs'], 'alpha': [0.1, 0.01, 0.001], 'max_iter': [500, 1000], 'early_stopping': [True]}
2023-05-27 23:28:19,785 [INFO] GridSearchCV results :
     mean_valid_accuracy  mean_valid_precision  mean_valid_auc
863             1.000000                   1.0           1.000
272             1.000000                   1.0           1.000
293             0.990000                   1.0           0.975
629             0.990000                   1.0           0.975
290             0.990000                   1.0           0.975
..                   ...                   ...             ...
594             0.788889                   0.0           0.500
133             0.788889                   0.0           0.500
130             0.788889                   0.0           0.500
127             0.788889                   0.0           0.500
451             0.788889                   0.0           0.500

[864 rows x 3 columns]
2023-05-27 23:28:19,787 [INFO] Best model :
MLPClassifier(alpha=0.1, early_stopping=True, hidden_layer_sizes=(50,),
              max_iter=500, random_state=42, solver='lbfgs')
2023-05-27 23:28:19,794 [INFO] Save train_prediction_log data...
2023-05-27 23:28:19,805 [INFO] {'Data': 'train', 'ACC': '1.0 (95 / 95)', 'TP': 20, 'FP': 0, 'FN': 0, 'TN': 75, 'Precision': '1.0 (20 / 20 + 0)', 'Recall': '1.0 (20 / 20 + 0)', 'F1': '1.0 (2 * (1.0 * 1.0) / 1.0 + 1.0)', 'Specificity': '1.0 (75 / 75 + 0)', 'AUC': 1.0, 'r2': 1.0}
2023-05-27 23:28:19,813 [INFO] Save valid_prediction_log data...
2023-05-27 23:28:19,816 [INFO] {'Data': 'valid', 'ACC': '1.0 (31 / 31)', 'TP': 12, 'FP': 0, 'FN': 0, 'TN': 19, 'Precision': '1.0 (12 / 12 + 0)', 'Recall': '1.0 (12 / 12 + 0)', 'F1': '1.0 (2 * (1.0 * 1.0) / 1.0 + 1.0)', 'Specificity': '1.0 (19 / 19 + 0)', 'AUC': 1.0, 'r2': 1.0}
2023-05-27 23:28:19,837 [INFO] Save test_prediction_log data...
2023-05-27 23:28:19,840 [INFO] {'Data': 'test', 'ACC': '0.81 (25 / 31)', 'TP': 7, 'FP': 1, 'FN': 5, 'TN': 18, 'Precision': '0.88 (7 / 7 + 1)', 'Recall': '0.58 (7 / 7 + 5)', 'F1': '0.7 (2 * (0.58 * 0.88) / 0.58 + 0.88)', 'Specificity': '0.95 (18 / 18 + 1)', 'AUC': 0.77, 'r2': 0.18}
2023-05-27 23:28:19,842 [INFO] Save training_log data...
2023-05-27 23:28:19,847 [INFO] Save score_log data...
2023-05-27 23:28:19,848 [INFO] Time : 220.30297780036926
