2023-05-28 17:44:43,221 [INFO] Train data : Vary_params_A\DUD-E\MK10\nG1_50\ECFP6_256bits\Standard\MK10_train_vector.tsv
2023-05-28 17:44:43,221 [INFO] Valid data : Vary_params_A\DUD-E\MK10\nG1_50\ECFP6_256bits\Standard\MK10_valid_vector.tsv
2023-05-28 17:44:43,221 [INFO] Output path : Vary_params_A\DUD-E\MK10\nG1_50\ECFP6_256bits\Standard\MK10_model\SVM
2023-05-28 17:44:43,221 [INFO] Model type : SVM
2023-05-28 17:44:43,221 [INFO] Use cores : 3
2023-05-28 17:44:43,247 [INFO] Start Learning model
2023-05-28 17:44:43,248 [INFO] Train : 104 | Valid : 26
2023-05-28 17:44:43,248 [INFO] Set parameters : {'kernel': ['linear', 'rbf'], 'C': [0.01, 0.1, 1, 10, 100, 1000], 'gamma': [0.01, 0.1, 1, 100, 1000]}
2023-05-28 17:44:47,804 [INFO] GridSearchCV results :
    mean_valid_accuracy  mean_valid_precision  mean_valid_auc
0              0.941818              0.937143        0.944167
20             0.941818              0.937143        0.944167
24             0.941818              0.937143        0.944167
26             0.941818              0.937143        0.944167
28             0.941818              0.937143        0.944167
32             0.941818              0.937143        0.944167
34             0.941818              0.937143        0.944167
36             0.941818              0.937143        0.944167
38             0.941818              0.937143        0.944167
40             0.941818              0.937143        0.944167
42             0.941818              0.937143        0.944167
44             0.941818              0.937143        0.944167
46             0.941818              0.937143        0.944167
48             0.941818              0.937143        0.944167
50             0.941818              0.937143        0.944167
52             0.941818              0.937143        0.944167
54             0.941818              0.937143        0.944167
56             0.941818              0.937143        0.944167
58             0.941818              0.937143        0.944167
22             0.941818              0.937143        0.944167
30             0.941818              0.937143        0.944167
2              0.941818              0.937143        0.944167
18             0.941818              0.937143        0.944167
10             0.941818              0.937143        0.944167
8              0.941818              0.937143        0.944167
16             0.941818              0.937143        0.944167
4              0.941818              0.937143        0.944167
12             0.941818              0.937143        0.944167
14             0.941818              0.937143        0.944167
6              0.941818              0.937143        0.944167
41             0.821818              0.900000        0.782500
31             0.821818              0.900000        0.782500
51             0.821818              0.900000        0.782500
21             0.763636              0.600000        0.712500
7              0.596364              0.000000        0.500000
47             0.596364              0.000000        0.500000
5              0.596364              0.000000        0.500000
49             0.596364              0.000000        0.500000
9              0.596364              0.000000        0.500000
53             0.596364              0.000000        0.500000
55             0.596364              0.000000        0.500000
3              0.596364              0.000000        0.500000
57             0.596364              0.000000        0.500000
45             0.596364              0.000000        0.500000
11             0.596364              0.000000        0.500000
43             0.596364              0.000000        0.500000
19             0.596364              0.000000        0.500000
39             0.596364              0.000000        0.500000
37             0.596364              0.000000        0.500000
13             0.596364              0.000000        0.500000
35             0.596364              0.000000        0.500000
33             0.596364              0.000000        0.500000
15             0.596364              0.000000        0.500000
1              0.596364              0.000000        0.500000
29             0.596364              0.000000        0.500000
27             0.596364              0.000000        0.500000
17             0.596364              0.000000        0.500000
25             0.596364              0.000000        0.500000
23             0.596364              0.000000        0.500000
59             0.596364              0.000000        0.500000
2023-05-28 17:44:47,806 [INFO] Best model :
SVC(C=0.01, gamma=0.01, kernel='linear', random_state=42)
2023-05-28 17:44:47,811 [INFO] Save train_prediction_log data...
2023-05-28 17:44:47,815 [INFO] {'Data': 'train', 'ACC': '1.0 (104 / 104)', 'TP': 42, 'FP': 0, 'FN': 0, 'TN': 62, 'Precision': '1.0 (42 / 42 + 0)', 'Recall': '1.0 (42 / 42 + 0)', 'F1': '1.0 (2 * (1.0 * 1.0) / 1.0 + 1.0)', 'Specificity': '1.0 (62 / 62 + 0)', 'AUC': 1.0, 'r2': 1.0}
2023-05-28 17:44:47,820 [INFO] Save valid_prediction_log data...
2023-05-28 17:44:47,824 [INFO] {'Data': 'valid', 'ACC': '0.96 (25 / 26)', 'TP': 10, 'FP': 1, 'FN': 0, 'TN': 15, 'Precision': '0.91 (10 / 10 + 1)', 'Recall': '1.0 (10 / 10 + 0)', 'F1': '0.95 (2 * (1.0 * 0.91) / 1.0 + 0.91)', 'Specificity': '0.94 (15 / 15 + 1)', 'AUC': 0.97, 'r2': 0.84}
2023-05-28 17:44:47,839 [INFO] Save test_prediction_log data...
2023-05-28 17:44:47,843 [INFO] {'Data': 'test', 'ACC': '0.62 (16 / 26)', 'TP': 3, 'FP': 3, 'FN': 7, 'TN': 13, 'Precision': '0.5 (3 / 3 + 3)', 'Recall': '0.3 (3 / 3 + 7)', 'F1': '0.37 (2 * (0.3 * 0.5) / 0.3 + 0.5)', 'Specificity': '0.81 (13 / 13 + 3)', 'AUC': 0.56, 'r2': -0.62}
2023-05-28 17:44:47,847 [INFO] Save training_log data...
2023-05-28 17:44:47,850 [INFO] Save score_log data...
2023-05-28 17:44:47,852 [INFO] Time : 4.631616830825806
