2023-05-28 11:34:33,659 [INFO] Train data : AF_Baseline\DUD-E\VGFR2\ECFP4_256bits\Robust\VGFR2_train.tsv
2023-05-28 11:34:33,659 [INFO] Valid data : AF_Baseline\DUD-E\VGFR2\ECFP4_256bits\Robust\VGFR2_valid.tsv
2023-05-28 11:34:33,659 [INFO] Output path : AF_Baseline\DUD-E\VGFR2\ECFP4_256bits\Robust\VGFR2_model\MLP
2023-05-28 11:34:33,659 [INFO] Model type : MLP
2023-05-28 11:34:33,659 [INFO] Use cores : 12
2023-05-28 11:34:33,677 [INFO] Start Learning model
2023-05-28 11:34:33,677 [INFO] Train : 717 | Valid : 180
2023-05-28 11:34:33,677 [INFO] Set parameters : {'hidden_layer_sizes': [(50,), (100,), (50, 50), (100, 100)], 'learning_rate': ['constant', 'invscaling', 'adaptive'], 'activation': ['relu', 'identity', 'logistic', 'tanh'], 'solver': ['adam', 'sgd', 'lbfgs'], 'alpha': [0.1, 0.01, 0.001], 'max_iter': [500, 1000], 'early_stopping': [True]}
2023-05-28 11:37:13,278 [INFO] GridSearchCV results :
     mean_valid_accuracy  mean_valid_precision  mean_valid_auc
606             0.942782              0.992725        0.929571
594             0.942782              0.992725        0.929571
609             0.942782              0.992725        0.929571
603             0.942782              0.992725        0.929571
600             0.942782              0.992725        0.929571
..                   ...                   ...             ...
562             0.599746              0.000000        0.500000
571             0.599746              0.000000        0.500000
574             0.599746              0.000000        0.500000
577             0.598357              0.000000        0.498837
480             0.599746              0.000000        0.500000

[864 rows x 3 columns]
2023-05-28 11:37:13,279 [INFO] Best model :
MLPClassifier(activation='logistic', alpha=0.001, early_stopping=True,
              max_iter=500, random_state=42)
2023-05-28 11:37:13,288 [INFO] Save train_prediction_log data...
2023-05-28 11:37:13,291 [INFO] {'Data': 'train', 'ACC': '0.98 (700 / 717)', 'TP': 274, 'FP': 4, 'FN': 13, 'TN': 426, 'Precision': '0.99 (274 / 274 + 4)', 'Recall': '0.95 (274 / 274 + 13)', 'F1': '0.97 (2 * (0.95 * 0.99) / 0.95 + 0.99)', 'Specificity': '0.99 (426 / 426 + 4)', 'AUC': 0.97, 'r2': 0.9}
2023-05-28 11:37:13,296 [INFO] Save valid_prediction_log data...
2023-05-28 11:37:13,298 [INFO] {'Data': 'valid', 'ACC': '0.96 (173 / 180)', 'TP': 71, 'FP': 6, 'FN': 1, 'TN': 102, 'Precision': '0.92 (71 / 71 + 6)', 'Recall': '0.99 (71 / 71 + 1)', 'F1': '0.95 (2 * (0.99 * 0.92) / 0.99 + 0.92)', 'Specificity': '0.94 (102 / 102 + 6)', 'AUC': 0.97, 'r2': 0.84}
2023-05-28 11:37:13,308 [INFO] Save test_prediction_log data...
2023-05-28 11:37:13,310 [INFO] {'Data': 'test', 'ACC': '0.52 (93 / 180)', 'TP': 35, 'FP': 50, 'FN': 37, 'TN': 58, 'Precision': '0.41 (35 / 35 + 50)', 'Recall': '0.49 (35 / 35 + 37)', 'F1': '0.45 (2 * (0.49 * 0.41) / 0.49 + 0.41)', 'Specificity': '0.54 (58 / 58 + 50)', 'AUC': 0.51, 'r2': -1.01}
2023-05-28 11:37:13,312 [INFO] Save training_log data...
2023-05-28 11:37:13,316 [INFO] Save score_log data...
2023-05-28 11:37:13,317 [INFO] Time : 159.65798592567444
