2023-05-27 00:47:03,232 [INFO] Train data : Vary_params\DUD-E\AKT1\nG1_50\ECFP6_256bits\MinMax\AKT1_train_vector.tsv
2023-05-27 00:47:03,232 [INFO] Valid data : Vary_params\DUD-E\AKT1\nG1_50\ECFP6_256bits\MinMax\AKT1_valid_vector.tsv
2023-05-27 00:47:03,232 [INFO] Output path : Vary_params\DUD-E\AKT1\nG1_50\ECFP6_256bits\MinMax\AKT1_model\MLP
2023-05-27 00:47:03,232 [INFO] Model type : MLP
2023-05-27 00:47:03,232 [INFO] Use cores : 11
2023-05-27 00:47:03,252 [INFO] Start Learning model
2023-05-27 00:47:03,252 [INFO] Train : 481 | Valid : 120
2023-05-27 00:47:03,252 [INFO] Set parameters : {'hidden_layer_sizes': [(50,), (100,), (50, 50), (100, 100)], 'learning_rate': ['constant', 'invscaling', 'adaptive'], 'activation': ['relu', 'identity', 'logistic', 'tanh'], 'solver': ['adam', 'sgd', 'lbfgs'], 'alpha': [0.1, 0.01, 0.001], 'max_iter': [500, 1000], 'early_stopping': [True]}
2023-05-27 00:51:31,754 [INFO] GridSearchCV results :
     mean_valid_accuracy  mean_valid_precision  mean_valid_auc
432             0.875553              0.994737        0.845907
585             0.875553              0.994737        0.845907
435             0.875553              0.994737        0.845907
438             0.875553              0.994737        0.845907
441             0.875553              0.994737        0.845907
..                   ...                   ...             ...
555             0.600850              0.000000        0.500000
556             0.600850              0.000000        0.500000
559             0.600850              0.000000        0.500000
562             0.600850              0.000000        0.500000
468             0.600850              0.000000        0.500000

[864 rows x 3 columns]
2023-05-27 00:51:31,756 [INFO] Best model :
MLPClassifier(activation='logistic', alpha=0.1, early_stopping=True,
              hidden_layer_sizes=(50,), max_iter=500, random_state=42)
2023-05-27 00:51:31,765 [INFO] Save train_prediction_log data...
2023-05-27 00:51:31,770 [INFO] {'Data': 'train', 'ACC': '0.9 (431 / 481)', 'TP': 143, 'FP': 1, 'FN': 49, 'TN': 288, 'Precision': '0.99 (143 / 143 + 1)', 'Recall': '0.74 (143 / 143 + 49)', 'F1': '0.85 (2 * (0.74 * 0.99) / 0.74 + 0.99)', 'Specificity': '1.0 (288 / 288 + 1)', 'AUC': 0.87, 'r2': 0.57}
2023-05-27 00:51:31,774 [INFO] Save valid_prediction_log data...
2023-05-27 00:51:31,777 [INFO] {'Data': 'valid', 'ACC': '0.98 (117 / 120)', 'TP': 45, 'FP': 0, 'FN': 3, 'TN': 72, 'Precision': '1.0 (45 / 45 + 0)', 'Recall': '0.94 (45 / 45 + 3)', 'F1': '0.97 (2 * (0.94 * 1.0) / 0.94 + 1.0)', 'Specificity': '1.0 (72 / 72 + 0)', 'AUC': 0.97, 'r2': 0.9}
2023-05-27 00:51:31,793 [INFO] Save test_prediction_log data...
2023-05-27 00:51:31,797 [INFO] {'Data': 'test', 'ACC': '0.64 (77 / 120)', 'TP': 9, 'FP': 4, 'FN': 39, 'TN': 68, 'Precision': '0.69 (9 / 9 + 4)', 'Recall': '0.19 (9 / 9 + 39)', 'F1': '0.3 (2 * (0.19 * 0.69) / 0.19 + 0.69)', 'Specificity': '0.94 (68 / 68 + 4)', 'AUC': 0.57, 'r2': -0.49}
2023-05-27 00:51:31,802 [INFO] Save training_log data...
2023-05-27 00:51:31,809 [INFO] Save score_log data...
2023-05-27 00:51:31,810 [INFO] Time : 268.5785720348358
