2023-05-28 22:01:15,971 [INFO] Train data : Vary_params_FGFR1\DUD-E\FGFR1\nG1_50\ECFP6_256bits\Robust\FGFR1_train_vector.tsv
2023-05-28 22:01:15,971 [INFO] Valid data : Vary_params_FGFR1\DUD-E\FGFR1\nG1_50\ECFP6_256bits\Robust\FGFR1_valid_vector.tsv
2023-05-28 22:01:15,971 [INFO] Output path : Vary_params_FGFR1\DUD-E\FGFR1\nG1_50\ECFP6_256bits\Robust\FGFR1_model\XGB
2023-05-28 22:01:15,971 [INFO] Model type : XGB
2023-05-28 22:01:15,971 [INFO] Use cores : 10
2023-05-28 22:01:15,985 [INFO] Start Learning model
2023-05-28 22:01:15,985 [INFO] Train : 173 | Valid : 43
2023-05-28 22:01:15,986 [INFO] Set parameters : {'max_depth': [4, 6, 8], 'learning_rate': [0.01, 0.2], 'n_estimators': [200, 600, 1000], 'gamma': [0, 1000], 'min_child_weight': [1, 3], 'subsample': [0.5, 1], 'colsample_bytree': [0.5, 1], 'objective': ['binary:logitraw'], 'eval_metric': ['auc', 'error']}
2023-05-28 22:11:59,117 [INFO] GridSearchCV results :
     mean_valid_accuracy  mean_valid_precision  mean_valid_auc
0               0.930719              0.985714        0.916883
144             0.930719              0.985714        0.916883
172             0.947386              0.985714        0.938312
171             0.947712              0.985714        0.938312
170             0.947386              0.985714        0.938312
..                   ...                   ...             ...
106             0.600980              0.000000        0.500000
107             0.600980              0.000000        0.500000
108             0.600980              0.000000        0.500000
109             0.600980              0.000000        0.500000
575             0.600980              0.000000        0.500000

[576 rows x 3 columns]
2023-05-28 22:11:59,172 [INFO] Best model :
XGBClassifier(base_score=None, booster=None, callbacks=None,
              colsample_bylevel=None, colsample_bynode=None,
              colsample_bytree=0.5, early_stopping_rounds=None,
              enable_categorical=False, eval_metric='auc', feature_types=None,
              gamma=0, gpu_id=None, grow_policy=None, importance_type=None,
              interaction_constraints=None, learning_rate=0.01, max_bin=None,
              max_cat_threshold=None, max_cat_to_onehot=None,
              max_delta_step=None, max_depth=4, max_leaves=None,
              min_child_weight=1, missing=nan, monotone_constraints=None,
              n_estimators=200, n_jobs=0, num_parallel_tree=None,
              objective='binary:logitraw', predictor=None, ...)
2023-05-28 22:11:59,187 [INFO] Save train_prediction_log data...
2023-05-28 22:11:59,192 [INFO] {'Data': 'train', 'ACC': '0.98 (170 / 173)', 'TP': 66, 'FP': 0, 'FN': 3, 'TN': 104, 'Precision': '1.0 (66 / 66 + 0)', 'Recall': '0.96 (66 / 66 + 3)', 'F1': '0.98 (2 * (0.96 * 1.0) / 0.96 + 1.0)', 'Specificity': '1.0 (104 / 104 + 0)', 'AUC': 0.98, 'r2': 0.93}
2023-05-28 22:11:59,206 [INFO] Save valid_prediction_log data...
2023-05-28 22:11:59,210 [INFO] {'Data': 'valid', 'ACC': '1.0 (43 / 43)', 'TP': 17, 'FP': 0, 'FN': 0, 'TN': 26, 'Precision': '1.0 (17 / 17 + 0)', 'Recall': '1.0 (17 / 17 + 0)', 'F1': '1.0 (2 * (1.0 * 1.0) / 1.0 + 1.0)', 'Specificity': '1.0 (26 / 26 + 0)', 'AUC': 1.0, 'r2': 1.0}
2023-05-28 22:11:59,237 [INFO] Save test_prediction_log data...
2023-05-28 22:11:59,241 [INFO] {'Data': 'test', 'ACC': '0.63 (27 / 43)', 'TP': 4, 'FP': 3, 'FN': 13, 'TN': 23, 'Precision': '0.57 (4 / 4 + 3)', 'Recall': '0.24 (4 / 4 + 13)', 'F1': '0.34 (2 * (0.24 * 0.57) / 0.24 + 0.57)', 'Specificity': '0.88 (23 / 23 + 3)', 'AUC': 0.56, 'r2': -0.56}
2023-05-28 22:11:59,252 [INFO] Save training_log data...
2023-05-28 22:11:59,257 [INFO] Save score_log data...
2023-05-28 22:11:59,258 [INFO] Time : 643.2873773574829
