2023-05-29 10:01:23,655 [INFO] Train data : Vary_params_BRAF_MK14\DUD-E\BRAF\nG1_80\ECFP4_512bits\Robust\BRAF_train_vector.tsv
2023-05-29 10:01:23,655 [INFO] Valid data : Vary_params_BRAF_MK14\DUD-E\BRAF\nG1_80\ECFP4_512bits\Robust\BRAF_valid_vector.tsv
2023-05-29 10:01:23,655 [INFO] Output path : Vary_params_BRAF_MK14\DUD-E\BRAF\nG1_80\ECFP4_512bits\Robust\BRAF_model\SVM
2023-05-29 10:01:23,655 [INFO] Model type : SVM
2023-05-29 10:01:23,656 [INFO] Use cores : 12
2023-05-29 10:01:23,679 [INFO] Start Learning model
2023-05-29 10:01:23,679 [INFO] Train : 171 | Valid : 50
2023-05-29 10:01:23,679 [INFO] Set parameters : {'kernel': ['linear', 'rbf'], 'C': [0.01, 0.1, 1, 10, 100, 1000], 'gamma': [0.01, 0.1, 1, 100, 1000]}
2023-05-29 10:01:26,809 [INFO] GridSearchCV results :
    mean_valid_accuracy  mean_valid_precision  mean_valid_auc
0              0.994118                   1.0            0.99
20             0.994118                   1.0            0.99
24             0.994118                   1.0            0.99
26             0.994118                   1.0            0.99
28             0.994118                   1.0            0.99
32             0.994118                   1.0            0.99
34             0.994118                   1.0            0.99
36             0.994118                   1.0            0.99
38             0.994118                   1.0            0.99
40             0.994118                   1.0            0.99
42             0.994118                   1.0            0.99
44             0.994118                   1.0            0.99
46             0.994118                   1.0            0.99
48             0.994118                   1.0            0.99
50             0.994118                   1.0            0.99
52             0.994118                   1.0            0.99
54             0.994118                   1.0            0.99
56             0.994118                   1.0            0.99
58             0.994118                   1.0            0.99
22             0.994118                   1.0            0.99
30             0.994118                   1.0            0.99
10             0.994118                   1.0            0.99
2              0.994118                   1.0            0.99
18             0.994118                   1.0            0.99
8              0.994118                   1.0            0.99
16             0.994118                   1.0            0.99
4              0.994118                   1.0            0.99
12             0.994118                   1.0            0.99
6              0.994118                   1.0            0.99
14             0.994118                   1.0            0.99
49             0.707516                   0.0            0.50
9              0.707516                   0.0            0.50
45             0.707516                   0.0            0.50
47             0.707516                   0.0            0.50
7              0.707516                   0.0            0.50
21             0.707516                   0.0            0.50
43             0.707516                   0.0            0.50
5              0.707516                   0.0            0.50
53             0.707516                   0.0            0.50
55             0.707516                   0.0            0.50
3              0.707516                   0.0            0.50
57             0.707516                   0.0            0.50
51             0.707516                   0.0            0.50
11             0.707516                   0.0            0.50
41             0.707516                   0.0            0.50
19             0.707516                   0.0            0.50
39             0.707516                   0.0            0.50
37             0.707516                   0.0            0.50
13             0.707516                   0.0            0.50
35             0.707516                   0.0            0.50
33             0.707516                   0.0            0.50
15             0.707516                   0.0            0.50
31             0.707516                   0.0            0.50
1              0.707516                   0.0            0.50
29             0.707516                   0.0            0.50
27             0.707516                   0.0            0.50
17             0.707516                   0.0            0.50
25             0.707516                   0.0            0.50
23             0.707516                   0.0            0.50
59             0.707516                   0.0            0.50
2023-05-29 10:01:26,810 [INFO] Best model :
SVC(C=0.01, gamma=0.01, kernel='linear', random_state=42)
2023-05-29 10:01:26,816 [INFO] Save train_prediction_log data...
2023-05-29 10:01:26,818 [INFO] {'Data': 'train', 'ACC': '1.0 (171 / 171)', 'TP': 50, 'FP': 0, 'FN': 0, 'TN': 121, 'Precision': '1.0 (50 / 50 + 0)', 'Recall': '1.0 (50 / 50 + 0)', 'F1': '1.0 (2 * (1.0 * 1.0) / 1.0 + 1.0)', 'Specificity': '1.0 (121 / 121 + 0)', 'AUC': 1.0, 'r2': 1.0}
2023-05-29 10:01:26,823 [INFO] Save valid_prediction_log data...
2023-05-29 10:01:26,825 [INFO] {'Data': 'valid', 'ACC': '1.0 (50 / 50)', 'TP': 20, 'FP': 0, 'FN': 0, 'TN': 30, 'Precision': '1.0 (20 / 20 + 0)', 'Recall': '1.0 (20 / 20 + 0)', 'F1': '1.0 (2 * (1.0 * 1.0) / 1.0 + 1.0)', 'Specificity': '1.0 (30 / 30 + 0)', 'AUC': 1.0, 'r2': 1.0}
2023-05-29 10:01:26,838 [INFO] Save test_prediction_log data...
2023-05-29 10:01:26,840 [INFO] {'Data': 'test', 'ACC': '0.66 (33 / 50)', 'TP': 7, 'FP': 4, 'FN': 13, 'TN': 26, 'Precision': '0.64 (7 / 7 + 4)', 'Recall': '0.35 (7 / 7 + 13)', 'F1': '0.45 (2 * (0.35 * 0.64) / 0.35 + 0.64)', 'Specificity': '0.87 (26 / 26 + 4)', 'AUC': 0.61, 'r2': -0.42}
2023-05-29 10:01:26,843 [INFO] Save training_log data...
2023-05-29 10:01:26,844 [INFO] Save score_log data...
2023-05-29 10:01:26,845 [INFO] Time : 3.1895766258239746
