2023-05-29 05:13:48,429 [INFO] Train data : Vary_params_BRAF_MK14\DUD-E\BRAF\nG1_20\ECFP6_512bits\MinMax\BRAF_train_vector.tsv
2023-05-29 05:13:48,429 [INFO] Valid data : Vary_params_BRAF_MK14\DUD-E\BRAF\nG1_20\ECFP6_512bits\MinMax\BRAF_valid_vector.tsv
2023-05-29 05:13:48,429 [INFO] Output path : Vary_params_BRAF_MK14\DUD-E\BRAF\nG1_20\ECFP6_512bits\MinMax\BRAF_model\MLP
2023-05-29 05:13:48,429 [INFO] Model type : MLP
2023-05-29 05:13:48,429 [INFO] Use cores : 12
2023-05-29 05:13:48,454 [INFO] Start Learning model
2023-05-29 05:13:48,454 [INFO] Train : 231 | Valid : 50
2023-05-29 05:13:48,454 [INFO] Set parameters : {'hidden_layer_sizes': [(50,), (100,), (50, 50), (100, 100)], 'learning_rate': ['constant', 'invscaling', 'adaptive'], 'activation': ['relu', 'identity', 'logistic', 'tanh'], 'solver': ['adam', 'sgd', 'lbfgs'], 'alpha': [0.1, 0.01, 0.001], 'max_iter': [500, 1000], 'early_stopping': [True]}
2023-05-29 05:19:29,532 [INFO] GridSearchCV results :
     mean_valid_accuracy  mean_valid_precision  mean_valid_auc
104             0.995652                   1.0        0.995455
164             0.995652                   1.0        0.995455
170             0.995652                   1.0        0.995455
195             0.913225                   1.0        0.909091
176             0.995652                   1.0        0.995455
..                   ...                   ...             ...
199             0.519384                   0.0        0.495833
553             0.523732                   0.0        0.500000
552             0.523732                   0.0        0.500000
550             0.523732                   0.0        0.500000
37              0.523732                   0.0        0.500000

[864 rows x 3 columns]
2023-05-29 05:19:29,533 [INFO] Best model :
MLPClassifier(alpha=0.1, early_stopping=True, hidden_layer_sizes=(50, 50),
              max_iter=500, random_state=42)
2023-05-29 05:19:29,539 [INFO] Save train_prediction_log data...
2023-05-29 05:19:29,542 [INFO] {'Data': 'train', 'ACC': '1.0 (231 / 231)', 'TP': 110, 'FP': 0, 'FN': 0, 'TN': 121, 'Precision': '1.0 (110 / 110 + 0)', 'Recall': '1.0 (110 / 110 + 0)', 'F1': '1.0 (2 * (1.0 * 1.0) / 1.0 + 1.0)', 'Specificity': '1.0 (121 / 121 + 0)', 'AUC': 1.0, 'r2': 1.0}
2023-05-29 05:19:29,546 [INFO] Save valid_prediction_log data...
2023-05-29 05:19:29,866 [INFO] {'Data': 'valid', 'ACC': '1.0 (50 / 50)', 'TP': 20, 'FP': 0, 'FN': 0, 'TN': 30, 'Precision': '1.0 (20 / 20 + 0)', 'Recall': '1.0 (20 / 20 + 0)', 'F1': '1.0 (2 * (1.0 * 1.0) / 1.0 + 1.0)', 'Specificity': '1.0 (30 / 30 + 0)', 'AUC': 1.0, 'r2': 1.0}
2023-05-29 05:19:29,879 [INFO] Save test_prediction_log data...
2023-05-29 05:19:29,882 [INFO] {'Data': 'test', 'ACC': '0.6 (30 / 50)', 'TP': 6, 'FP': 6, 'FN': 14, 'TN': 24, 'Precision': '0.5 (6 / 6 + 6)', 'Recall': '0.3 (6 / 6 + 14)', 'F1': '0.37 (2 * (0.3 * 0.5) / 0.3 + 0.5)', 'Specificity': '0.8 (24 / 24 + 6)', 'AUC': 0.55, 'r2': -0.67}
2023-05-29 05:19:29,885 [INFO] Save training_log data...
2023-05-29 05:19:29,890 [INFO] Save score_log data...
2023-05-29 05:19:29,891 [INFO] Time : 341.4605779647827
