2023-05-29 15:18:10,510 [INFO] Train data : Vary_params_BRAF_MK14\DUD-E\BRAF\nG1_80\ECFP6_512bits\Standard\BRAF_train_vector.tsv
2023-05-29 15:18:10,510 [INFO] Valid data : Vary_params_BRAF_MK14\DUD-E\BRAF\nG1_80\ECFP6_512bits\Standard\BRAF_valid_vector.tsv
2023-05-29 15:18:10,510 [INFO] Output path : Vary_params_BRAF_MK14\DUD-E\BRAF\nG1_80\ECFP6_512bits\Standard\BRAF_model\SVM
2023-05-29 15:18:10,510 [INFO] Model type : SVM
2023-05-29 15:18:10,511 [INFO] Use cores : 10
2023-05-29 15:18:10,543 [INFO] Start Learning model
2023-05-29 15:18:10,543 [INFO] Train : 171 | Valid : 50
2023-05-29 15:18:10,543 [INFO] Set parameters : {'kernel': ['linear', 'rbf'], 'C': [0.01, 0.1, 1, 10, 100, 1000], 'gamma': [0.01, 0.1, 1, 100, 1000]}
2023-05-29 15:18:13,610 [INFO] GridSearchCV results :
    mean_valid_accuracy  mean_valid_precision  mean_valid_auc
0              0.988562                   1.0            0.98
20             0.988562                   1.0            0.98
24             0.988562                   1.0            0.98
26             0.988562                   1.0            0.98
28             0.988562                   1.0            0.98
32             0.988562                   1.0            0.98
34             0.988562                   1.0            0.98
36             0.988562                   1.0            0.98
38             0.988562                   1.0            0.98
40             0.988562                   1.0            0.98
42             0.988562                   1.0            0.98
44             0.988562                   1.0            0.98
46             0.988562                   1.0            0.98
48             0.988562                   1.0            0.98
50             0.988562                   1.0            0.98
52             0.988562                   1.0            0.98
54             0.988562                   1.0            0.98
56             0.988562                   1.0            0.98
58             0.988562                   1.0            0.98
22             0.988562                   1.0            0.98
30             0.988562                   1.0            0.98
10             0.988562                   1.0            0.98
2              0.988562                   1.0            0.98
18             0.988562                   1.0            0.98
8              0.988562                   1.0            0.98
16             0.988562                   1.0            0.98
4              0.988562                   1.0            0.98
12             0.988562                   1.0            0.98
6              0.988562                   1.0            0.98
14             0.988562                   1.0            0.98
49             0.707516                   0.0            0.50
9              0.707516                   0.0            0.50
45             0.707516                   0.0            0.50
47             0.707516                   0.0            0.50
7              0.707516                   0.0            0.50
21             0.707516                   0.0            0.50
43             0.707516                   0.0            0.50
5              0.707516                   0.0            0.50
53             0.707516                   0.0            0.50
55             0.707516                   0.0            0.50
3              0.707516                   0.0            0.50
57             0.707516                   0.0            0.50
51             0.707516                   0.0            0.50
11             0.707516                   0.0            0.50
41             0.707516                   0.0            0.50
19             0.707516                   0.0            0.50
39             0.707516                   0.0            0.50
37             0.707516                   0.0            0.50
13             0.707516                   0.0            0.50
35             0.707516                   0.0            0.50
33             0.707516                   0.0            0.50
15             0.707516                   0.0            0.50
31             0.707516                   0.0            0.50
1              0.707516                   0.0            0.50
29             0.707516                   0.0            0.50
27             0.707516                   0.0            0.50
17             0.707516                   0.0            0.50
25             0.707516                   0.0            0.50
23             0.707516                   0.0            0.50
59             0.707516                   0.0            0.50
2023-05-29 15:18:13,611 [INFO] Best model :
SVC(C=0.01, gamma=0.01, kernel='linear', random_state=42)
2023-05-29 15:18:13,617 [INFO] Save train_prediction_log data...
2023-05-29 15:18:13,620 [INFO] {'Data': 'train', 'ACC': '1.0 (171 / 171)', 'TP': 50, 'FP': 0, 'FN': 0, 'TN': 121, 'Precision': '1.0 (50 / 50 + 0)', 'Recall': '1.0 (50 / 50 + 0)', 'F1': '1.0 (2 * (1.0 * 1.0) / 1.0 + 1.0)', 'Specificity': '1.0 (121 / 121 + 0)', 'AUC': 1.0, 'r2': 1.0}
2023-05-29 15:18:13,625 [INFO] Save valid_prediction_log data...
2023-05-29 15:18:13,627 [INFO] {'Data': 'valid', 'ACC': '1.0 (50 / 50)', 'TP': 20, 'FP': 0, 'FN': 0, 'TN': 30, 'Precision': '1.0 (20 / 20 + 0)', 'Recall': '1.0 (20 / 20 + 0)', 'F1': '1.0 (2 * (1.0 * 1.0) / 1.0 + 1.0)', 'Specificity': '1.0 (30 / 30 + 0)', 'AUC': 1.0, 'r2': 1.0}
2023-05-29 15:18:13,644 [INFO] Save test_prediction_log data...
2023-05-29 15:18:13,646 [INFO] {'Data': 'test', 'ACC': '0.6 (30 / 50)', 'TP': 5, 'FP': 5, 'FN': 15, 'TN': 25, 'Precision': '0.5 (5 / 5 + 5)', 'Recall': '0.25 (5 / 5 + 15)', 'F1': '0.33 (2 * (0.25 * 0.5) / 0.25 + 0.5)', 'Specificity': '0.83 (25 / 25 + 5)', 'AUC': 0.54, 'r2': -0.67}
2023-05-29 15:18:13,648 [INFO] Save training_log data...
2023-05-29 15:18:13,650 [INFO] Save score_log data...
2023-05-29 15:18:13,650 [INFO] Time : 3.140026092529297
