2023-05-27 20:32:51,649 [INFO] Train data : Vary_params\DUD-E\AKT2\nG1_80\ECFP4_256bits\MinMax\AKT2_train_vector.tsv
2023-05-27 20:32:51,649 [INFO] Valid data : Vary_params\DUD-E\AKT2\nG1_80\ECFP4_256bits\MinMax\AKT2_valid_vector.tsv
2023-05-27 20:32:51,649 [INFO] Output path : Vary_params\DUD-E\AKT2\nG1_80\ECFP4_256bits\MinMax\AKT2_model\MLP
2023-05-27 20:32:51,649 [INFO] Model type : MLP
2023-05-27 20:32:51,650 [INFO] Use cores : 11
2023-05-27 20:32:51,662 [INFO] Start Learning model
2023-05-27 20:32:51,663 [INFO] Train : 95 | Valid : 31
2023-05-27 20:32:51,663 [INFO] Set parameters : {'hidden_layer_sizes': [(50,), (100,), (50, 50), (100, 100)], 'learning_rate': ['constant', 'invscaling', 'adaptive'], 'activation': ['relu', 'identity', 'logistic', 'tanh'], 'solver': ['adam', 'sgd', 'lbfgs'], 'alpha': [0.1, 0.01, 0.001], 'max_iter': [500, 1000], 'early_stopping': [True]}
2023-05-27 20:34:48,883 [INFO] GridSearchCV results :
     mean_valid_accuracy  mean_valid_precision  mean_valid_auc
863             0.978889                   1.0        0.950000
269             0.990000                   1.0        0.975000
275             1.000000                   1.0        1.000000
278             1.000000                   1.0        1.000000
281             1.000000                   1.0        1.000000
..                   ...                   ...             ...
483             0.788889                   0.0        0.500000
481             0.788889                   0.0        0.500000
684             0.778889                   0.0        0.493750
480             0.788889                   0.0        0.500000
432             0.747778                   0.0        0.474107

[864 rows x 3 columns]
2023-05-27 20:34:48,885 [INFO] Best model :
MLPClassifier(alpha=0.1, early_stopping=True, hidden_layer_sizes=(50,),
              max_iter=500, random_state=42, solver='lbfgs')
2023-05-27 20:34:48,890 [INFO] Save train_prediction_log data...
2023-05-27 20:34:48,895 [INFO] {'Data': 'train', 'ACC': '1.0 (95 / 95)', 'TP': 20, 'FP': 0, 'FN': 0, 'TN': 75, 'Precision': '1.0 (20 / 20 + 0)', 'Recall': '1.0 (20 / 20 + 0)', 'F1': '1.0 (2 * (1.0 * 1.0) / 1.0 + 1.0)', 'Specificity': '1.0 (75 / 75 + 0)', 'AUC': 1.0, 'r2': 1.0}
2023-05-27 20:34:48,900 [INFO] Save valid_prediction_log data...
2023-05-27 20:34:48,903 [INFO] {'Data': 'valid', 'ACC': '1.0 (31 / 31)', 'TP': 12, 'FP': 0, 'FN': 0, 'TN': 19, 'Precision': '1.0 (12 / 12 + 0)', 'Recall': '1.0 (12 / 12 + 0)', 'F1': '1.0 (2 * (1.0 * 1.0) / 1.0 + 1.0)', 'Specificity': '1.0 (19 / 19 + 0)', 'AUC': 1.0, 'r2': 1.0}
2023-05-27 20:34:48,916 [INFO] Save test_prediction_log data...
2023-05-27 20:34:48,919 [INFO] {'Data': 'test', 'ACC': '0.77 (24 / 31)', 'TP': 7, 'FP': 2, 'FN': 5, 'TN': 17, 'Precision': '0.78 (7 / 7 + 2)', 'Recall': '0.58 (7 / 7 + 5)', 'F1': '0.67 (2 * (0.58 * 0.78) / 0.58 + 0.78)', 'Specificity': '0.89 (17 / 17 + 2)', 'AUC': 0.74, 'r2': 0.05}
2023-05-27 20:34:48,922 [INFO] Save training_log data...
2023-05-27 20:34:48,928 [INFO] Save score_log data...
2023-05-27 20:34:48,930 [INFO] Time : 117.28121876716614
