2023-05-27 09:08:41,230 [INFO] Train data : Vary_params\DUD-E\AKT1\nG1_80\ECFP6_256bits\Standard\AKT1_train_vector.tsv
2023-05-27 09:08:41,230 [INFO] Valid data : Vary_params\DUD-E\AKT1\nG1_80\ECFP6_256bits\Standard\AKT1_valid_vector.tsv
2023-05-27 09:08:41,230 [INFO] Output path : Vary_params\DUD-E\AKT1\nG1_80\ECFP6_256bits\Standard\AKT1_model\MLP
2023-05-27 09:08:41,230 [INFO] Model type : MLP
2023-05-27 09:08:41,230 [INFO] Use cores : 11
2023-05-27 09:08:41,263 [INFO] Start Learning model
2023-05-27 09:08:41,263 [INFO] Train : 451 | Valid : 120
2023-05-27 09:08:41,263 [INFO] Set parameters : {'hidden_layer_sizes': [(50,), (100,), (50, 50), (100, 100)], 'learning_rate': ['constant', 'invscaling', 'adaptive'], 'activation': ['relu', 'identity', 'logistic', 'tanh'], 'solver': ['adam', 'sgd', 'lbfgs'], 'alpha': [0.1, 0.01, 0.001], 'max_iter': [500, 1000], 'early_stopping': [True]}
2023-05-27 09:12:23,575 [INFO] GridSearchCV results :
     mean_valid_accuracy  mean_valid_precision  mean_valid_auc
531             0.902657              0.994118         0.86721
597             0.902657              0.994118         0.86721
465             0.902657              0.994118         0.86721
462             0.902657              0.994118         0.86721
522             0.902657              0.994118         0.86721
..                   ...                   ...             ...
454             0.640821              0.000000         0.50000
487             0.640821              0.000000         0.50000
535             0.640821              0.000000         0.50000
490             0.640821              0.000000         0.50000
529             0.640821              0.000000         0.50000

[864 rows x 3 columns]
2023-05-27 09:12:23,576 [INFO] Best model :
MLPClassifier(activation='logistic', alpha=0.1, early_stopping=True,
              max_iter=500, random_state=42)
2023-05-27 09:12:23,584 [INFO] Save train_prediction_log data...
2023-05-27 09:12:23,588 [INFO] {'Data': 'train', 'ACC': '0.96 (431 / 451)', 'TP': 144, 'FP': 2, 'FN': 18, 'TN': 287, 'Precision': '0.99 (144 / 144 + 2)', 'Recall': '0.89 (144 / 144 + 18)', 'F1': '0.94 (2 * (0.89 * 0.99) / 0.89 + 0.99)', 'Specificity': '0.99 (287 / 287 + 2)', 'AUC': 0.94, 'r2': 0.81}
2023-05-27 09:12:23,594 [INFO] Save valid_prediction_log data...
2023-05-27 09:12:23,597 [INFO] {'Data': 'valid', 'ACC': '0.99 (119 / 120)', 'TP': 47, 'FP': 0, 'FN': 1, 'TN': 72, 'Precision': '1.0 (47 / 47 + 0)', 'Recall': '0.98 (47 / 47 + 1)', 'F1': '0.99 (2 * (0.98 * 1.0) / 0.98 + 1.0)', 'Specificity': '1.0 (72 / 72 + 0)', 'AUC': 0.99, 'r2': 0.97}
2023-05-27 09:12:23,612 [INFO] Save test_prediction_log data...
2023-05-27 09:12:23,616 [INFO] {'Data': 'test', 'ACC': '0.67 (80 / 120)', 'TP': 11, 'FP': 3, 'FN': 37, 'TN': 69, 'Precision': '0.79 (11 / 11 + 3)', 'Recall': '0.23 (11 / 11 + 37)', 'F1': '0.36 (2 * (0.23 * 0.79) / 0.23 + 0.79)', 'Specificity': '0.96 (69 / 69 + 3)', 'AUC': 0.59, 'r2': -0.39}
2023-05-27 09:12:23,620 [INFO] Save training_log data...
2023-05-27 09:12:23,626 [INFO] Save score_log data...
2023-05-27 09:12:23,627 [INFO] Time : 222.39711213111877
