2023-05-27 15:34:06,004 [INFO] Train data : Vary_params_SH\DUD-E\ROCK1\nG1_50\ECFP6_512bits\MinMax\ROCK1_train_vector.tsv
2023-05-27 15:34:06,004 [INFO] Valid data : Vary_params_SH\DUD-E\ROCK1\nG1_50\ECFP6_512bits\MinMax\ROCK1_valid_vector.tsv
2023-05-27 15:34:06,004 [INFO] Output path : Vary_params_SH\DUD-E\ROCK1\nG1_50\ECFP6_512bits\MinMax\ROCK1_model\SVM
2023-05-27 15:34:06,004 [INFO] Model type : SVM
2023-05-27 15:34:06,004 [INFO] Use cores : 3
2023-05-27 15:34:06,037 [INFO] Start Learning model
2023-05-27 15:34:06,038 [INFO] Train : 100 | Valid : 25
2023-05-27 15:34:06,038 [INFO] Set parameters : {'kernel': ['linear', 'rbf'], 'C': [0.01, 0.1, 1, 10, 100, 1000], 'gamma': [0.01, 0.1, 1, 100, 1000]}
2023-05-27 15:34:11,016 [INFO] GridSearchCV results :
    mean_valid_accuracy  mean_valid_precision  mean_valid_auc
31                 0.97                 1.000        0.962500
21                 0.97                 1.000        0.962500
51                 0.97                 1.000        0.962500
41                 0.97                 1.000        0.962500
0                  0.97                 0.980        0.966667
2                  0.97                 0.980        0.966667
4                  0.97                 0.980        0.966667
6                  0.97                 0.980        0.966667
8                  0.97                 0.980        0.966667
42                 0.97                 0.975        0.966667
32                 0.97                 0.975        0.966667
34                 0.97                 0.975        0.966667
36                 0.97                 0.975        0.966667
38                 0.97                 0.975        0.966667
40                 0.97                 0.975        0.966667
48                 0.97                 0.975        0.966667
44                 0.97                 0.975        0.966667
46                 0.97                 0.975        0.966667
26                 0.97                 0.975        0.966667
50                 0.97                 0.975        0.966667
52                 0.97                 0.975        0.966667
54                 0.97                 0.975        0.966667
56                 0.97                 0.975        0.966667
58                 0.97                 0.975        0.966667
28                 0.97                 0.975        0.966667
30                 0.97                 0.975        0.966667
12                 0.97                 0.975        0.966667
18                 0.97                 0.975        0.966667
24                 0.97                 0.975        0.966667
14                 0.97                 0.975        0.966667
10                 0.97                 0.975        0.966667
16                 0.97                 0.975        0.966667
22                 0.97                 0.975        0.966667
20                 0.97                 0.975        0.966667
53                 0.66                 0.400        0.575000
43                 0.66                 0.400        0.575000
33                 0.66                 0.400        0.575000
23                 0.62                 0.200        0.525000
47                 0.60                 0.000        0.500000
7                  0.60                 0.000        0.500000
5                  0.60                 0.000        0.500000
9                  0.60                 0.000        0.500000
57                 0.60                 0.000        0.500000
11                 0.60                 0.000        0.500000
3                  0.60                 0.000        0.500000
49                 0.60                 0.000        0.500000
55                 0.60                 0.000        0.500000
25                 0.60                 0.000        0.500000
13                 0.60                 0.000        0.500000
45                 0.60                 0.000        0.500000
27                 0.60                 0.000        0.500000
15                 0.60                 0.000        0.500000
17                 0.60                 0.000        0.500000
39                 0.60                 0.000        0.500000
37                 0.60                 0.000        0.500000
19                 0.60                 0.000        0.500000
35                 0.60                 0.000        0.500000
1                  0.60                 0.000        0.500000
29                 0.60                 0.000        0.500000
59                 0.60                 0.000        0.500000
2023-05-27 15:34:11,019 [INFO] Best model :
SVC(C=1, gamma=0.01, random_state=42)
2023-05-27 15:34:11,031 [INFO] Save train_prediction_log data...
2023-05-27 15:34:11,036 [INFO] {'Data': 'train', 'ACC': '1.0 (100 / 100)', 'TP': 40, 'FP': 0, 'FN': 0, 'TN': 60, 'Precision': '1.0 (40 / 40 + 0)', 'Recall': '1.0 (40 / 40 + 0)', 'F1': '1.0 (2 * (1.0 * 1.0) / 1.0 + 1.0)', 'Specificity': '1.0 (60 / 60 + 0)', 'AUC': 1.0, 'r2': 1.0}
2023-05-27 15:34:11,043 [INFO] Save valid_prediction_log data...
2023-05-27 15:34:11,046 [INFO] {'Data': 'valid', 'ACC': '1.0 (25 / 25)', 'TP': 10, 'FP': 0, 'FN': 0, 'TN': 15, 'Precision': '1.0 (10 / 10 + 0)', 'Recall': '1.0 (10 / 10 + 0)', 'F1': '1.0 (2 * (1.0 * 1.0) / 1.0 + 1.0)', 'Specificity': '1.0 (15 / 15 + 0)', 'AUC': 1.0, 'r2': 1.0}
2023-05-27 15:34:11,067 [INFO] Save test_prediction_log data...
2023-05-27 15:34:11,070 [INFO] {'Data': 'test', 'ACC': '0.56 (14 / 25)', 'TP': 2, 'FP': 3, 'FN': 8, 'TN': 12, 'Precision': '0.4 (2 / 2 + 3)', 'Recall': '0.2 (2 / 2 + 8)', 'F1': '0.27 (2 * (0.2 * 0.4) / 0.2 + 0.4)', 'Specificity': '0.8 (12 / 12 + 3)', 'AUC': 0.5, 'r2': -0.83}
2023-05-27 15:34:11,073 [INFO] Save training_log data...
2023-05-27 15:34:11,075 [INFO] Save score_log data...
2023-05-27 15:34:11,076 [INFO] Time : 5.072246074676514
