2023-05-28 02:42:16,281 [INFO] Train data : Vary_params_A\DUD-E\MK10\nG1_20\ECFP4_256bits\MinMax\MK10_train_vector.tsv
2023-05-28 02:42:16,281 [INFO] Valid data : Vary_params_A\DUD-E\MK10\nG1_20\ECFP4_256bits\MinMax\MK10_valid_vector.tsv
2023-05-28 02:42:16,281 [INFO] Output path : Vary_params_A\DUD-E\MK10\nG1_20\ECFP4_256bits\MinMax\MK10_model\XGB
2023-05-28 02:42:16,281 [INFO] Model type : XGB
2023-05-28 02:42:16,281 [INFO] Use cores : 3
2023-05-28 02:42:16,301 [INFO] Start Learning model
2023-05-28 02:42:16,301 [INFO] Train : 134 | Valid : 26
2023-05-28 02:42:16,302 [INFO] Set parameters : {'max_depth': [4, 6, 8], 'learning_rate': [0.01, 0.2], 'n_estimators': [200, 600, 1000], 'gamma': [0, 1000], 'min_child_weight': [1, 3], 'subsample': [0.5, 1], 'colsample_bytree': [0.5, 1], 'objective': ['binary:logitraw'], 'eval_metric': ['auc', 'error']}
2023-05-28 03:02:13,276 [INFO] GridSearchCV results :
     mean_valid_accuracy  mean_valid_precision  mean_valid_auc
17              0.903297              0.957143        0.907143
161             0.903297              0.957143        0.907143
304             0.910440              0.956548        0.913393
290             0.903297              0.956548        0.907143
314             0.903297              0.956548        0.907143
..                   ...                   ...             ...
109             0.462637              0.000000        0.500000
110             0.462637              0.000000        0.500000
111             0.462637              0.000000        0.500000
112             0.462637              0.000000        0.500000
575             0.462637              0.000000        0.500000

[576 rows x 3 columns]
2023-05-28 03:02:13,278 [INFO] Best model :
XGBClassifier(base_score=None, booster=None, callbacks=None,
              colsample_bylevel=None, colsample_bynode=None,
              colsample_bytree=0.5, early_stopping_rounds=None,
              enable_categorical=False, eval_metric='auc', feature_types=None,
              gamma=0, gpu_id=None, grow_policy=None, importance_type=None,
              interaction_constraints=None, learning_rate=0.01, max_bin=None,
              max_cat_threshold=None, max_cat_to_onehot=None,
              max_delta_step=None, max_depth=6, max_leaves=None,
              min_child_weight=1, missing=nan, monotone_constraints=None,
              n_estimators=1000, n_jobs=0, num_parallel_tree=None,
              objective='binary:logitraw', predictor=None, ...)
2023-05-28 03:02:13,289 [INFO] Save train_prediction_log data...
2023-05-28 03:02:13,294 [INFO] {'Data': 'train', 'ACC': '1.0 (134 / 134)', 'TP': 72, 'FP': 0, 'FN': 0, 'TN': 62, 'Precision': '1.0 (72 / 72 + 0)', 'Recall': '1.0 (72 / 72 + 0)', 'F1': '1.0 (2 * (1.0 * 1.0) / 1.0 + 1.0)', 'Specificity': '1.0 (62 / 62 + 0)', 'AUC': 1.0, 'r2': 1.0}
2023-05-28 03:02:13,304 [INFO] Save valid_prediction_log data...
2023-05-28 03:02:13,307 [INFO] {'Data': 'valid', 'ACC': '0.92 (24 / 26)', 'TP': 10, 'FP': 2, 'FN': 0, 'TN': 14, 'Precision': '0.83 (10 / 10 + 2)', 'Recall': '1.0 (10 / 10 + 0)', 'F1': '0.91 (2 * (1.0 * 0.83) / 1.0 + 0.83)', 'Specificity': '0.88 (14 / 14 + 2)', 'AUC': 0.94, 'r2': 0.68}
2023-05-28 03:02:13,325 [INFO] Save test_prediction_log data...
2023-05-28 03:02:13,328 [INFO] {'Data': 'test', 'ACC': '0.69 (18 / 26)', 'TP': 5, 'FP': 3, 'FN': 5, 'TN': 13, 'Precision': '0.62 (5 / 5 + 3)', 'Recall': '0.5 (5 / 5 + 5)', 'F1': '0.55 (2 * (0.5 * 0.62) / 0.5 + 0.62)', 'Specificity': '0.81 (13 / 13 + 3)', 'AUC': 0.66, 'r2': -0.3}
2023-05-28 03:02:13,545 [INFO] Save training_log data...
2023-05-28 03:02:13,554 [INFO] Save score_log data...
2023-05-28 03:02:13,556 [INFO] Time : 1197.2750113010406
