2023-05-28 18:28:28,425 [INFO] Train data : Vary_params_CDK2_EGFR_LCK\DUD-E\EGFR\nG1_50\ECFP6_512bits\Standard\EGFR_train_vector.tsv
2023-05-28 18:28:28,425 [INFO] Valid data : Vary_params_CDK2_EGFR_LCK\DUD-E\EGFR\nG1_50\ECFP6_512bits\Standard\EGFR_valid_vector.tsv
2023-05-28 18:28:28,425 [INFO] Output path : Vary_params_CDK2_EGFR_LCK\DUD-E\EGFR\nG1_50\ECFP6_512bits\Standard\EGFR_model\SVM
2023-05-28 18:28:28,425 [INFO] Model type : SVM
2023-05-28 18:28:28,426 [INFO] Use cores : 19
2023-05-28 18:28:28,502 [INFO] Start Learning model
2023-05-28 18:28:28,502 [INFO] Train : 870 | Valid : 218
2023-05-28 18:28:28,502 [INFO] Set parameters : {'kernel': ['linear', 'rbf'], 'C': [0.01, 0.1, 1, 10, 100, 1000], 'gamma': [0.01, 0.1, 1, 100, 1000]}
2023-05-28 18:28:40,147 [INFO] GridSearchCV results :
    mean_valid_accuracy  mean_valid_precision  mean_valid_auc
41             0.651724               1.00000        0.564748
31             0.651724               1.00000        0.564748
51             0.651724               1.00000        0.564748
0              0.963218               0.95691        0.961322
26             0.963218               0.95691        0.961322
28             0.963218               0.95691        0.961322
32             0.963218               0.95691        0.961322
34             0.963218               0.95691        0.961322
36             0.963218               0.95691        0.961322
38             0.963218               0.95691        0.961322
40             0.963218               0.95691        0.961322
42             0.963218               0.95691        0.961322
22             0.963218               0.95691        0.961322
44             0.963218               0.95691        0.961322
46             0.963218               0.95691        0.961322
48             0.963218               0.95691        0.961322
50             0.963218               0.95691        0.961322
52             0.963218               0.95691        0.961322
54             0.963218               0.95691        0.961322
56             0.963218               0.95691        0.961322
58             0.963218               0.95691        0.961322
24             0.963218               0.95691        0.961322
30             0.963218               0.95691        0.961322
12             0.963218               0.95691        0.961322
2              0.963218               0.95691        0.961322
20             0.963218               0.95691        0.961322
4              0.963218               0.95691        0.961322
18             0.963218               0.95691        0.961322
8              0.963218               0.95691        0.961322
10             0.963218               0.95691        0.961322
16             0.963218               0.95691        0.961322
6              0.963218               0.95691        0.961322
14             0.963218               0.95691        0.961322
21             0.627586               0.80000        0.534412
49             0.600000               0.00000        0.500000
9              0.600000               0.00000        0.500000
47             0.600000               0.00000        0.500000
5              0.600000               0.00000        0.500000
7              0.600000               0.00000        0.500000
53             0.600000               0.00000        0.500000
55             0.600000               0.00000        0.500000
3              0.600000               0.00000        0.500000
57             0.600000               0.00000        0.500000
45             0.600000               0.00000        0.500000
23             0.600000               0.00000        0.500000
43             0.600000               0.00000        0.500000
11             0.600000               0.00000        0.500000
13             0.600000               0.00000        0.500000
39             0.600000               0.00000        0.500000
37             0.600000               0.00000        0.500000
15             0.600000               0.00000        0.500000
35             0.600000               0.00000        0.500000
33             0.600000               0.00000        0.500000
17             0.600000               0.00000        0.500000
1              0.600000               0.00000        0.500000
29             0.600000               0.00000        0.500000
19             0.600000               0.00000        0.500000
27             0.600000               0.00000        0.500000
25             0.600000               0.00000        0.500000
59             0.600000               0.00000        0.500000
2023-05-28 18:28:40,148 [INFO] Best model :
SVC(C=10, gamma=0.01, random_state=42)
2023-05-28 18:28:40,258 [INFO] Save train_prediction_log data...
2023-05-28 18:28:40,262 [INFO] {'Data': 'train', 'ACC': '1.0 (870 / 870)', 'TP': 348, 'FP': 0, 'FN': 0, 'TN': 522, 'Precision': '1.0 (348 / 348 + 0)', 'Recall': '1.0 (348 / 348 + 0)', 'F1': '1.0 (2 * (1.0 * 1.0) / 1.0 + 1.0)', 'Specificity': '1.0 (522 / 522 + 0)', 'AUC': 1.0, 'r2': 1.0}
2023-05-28 18:28:40,293 [INFO] Save valid_prediction_log data...
2023-05-28 18:28:40,295 [INFO] {'Data': 'valid', 'ACC': '0.73 (160 / 218)', 'TP': 29, 'FP': 0, 'FN': 58, 'TN': 131, 'Precision': '1.0 (29 / 29 + 0)', 'Recall': '0.33 (29 / 29 + 58)', 'F1': '0.5 (2 * (0.33 * 1.0) / 0.33 + 1.0)', 'Specificity': '1.0 (131 / 131 + 0)', 'AUC': 0.67, 'r2': -0.11}
2023-05-28 18:28:40,347 [INFO] Save test_prediction_log data...
2023-05-28 18:28:40,350 [INFO] {'Data': 'test', 'ACC': '0.61 (133 / 218)', 'TP': 3, 'FP': 1, 'FN': 84, 'TN': 130, 'Precision': '0.75 (3 / 3 + 1)', 'Recall': '0.03 (3 / 3 + 84)', 'F1': '0.06 (2 * (0.03 * 0.75) / 0.03 + 0.75)', 'Specificity': '0.99 (130 / 130 + 1)', 'AUC': 0.51, 'r2': -0.63}
2023-05-28 18:28:40,352 [INFO] Save training_log data...
2023-05-28 18:28:40,355 [INFO] Save score_log data...
2023-05-28 18:28:40,357 [INFO] Time : 11.932050704956055
