2023-05-28 11:20:28,315 [INFO] Train data : Vary_params_IGF1R_KIT\DUD-E\IGF1R\nG1_80\ECFP6_256bits\Standard\IGF1R_train_vector.tsv
2023-05-28 11:20:28,316 [INFO] Valid data : Vary_params_IGF1R_KIT\DUD-E\IGF1R\nG1_80\ECFP6_256bits\Standard\IGF1R_valid_vector.tsv
2023-05-28 11:20:28,316 [INFO] Output path : Vary_params_IGF1R_KIT\DUD-E\IGF1R\nG1_80\ECFP6_256bits\Standard\IGF1R_model\SVM
2023-05-28 11:20:28,316 [INFO] Model type : SVM
2023-05-28 11:20:28,316 [INFO] Use cores : 10
2023-05-28 11:20:28,334 [INFO] Start Learning model
2023-05-28 11:20:28,334 [INFO] Train : 166 | Valid : 49
2023-05-28 11:20:28,334 [INFO] Set parameters : {'kernel': ['linear', 'rbf'], 'C': [0.01, 0.1, 1, 10, 100, 1000], 'gamma': [0.01, 0.1, 1, 100, 1000]}
2023-05-28 11:20:30,605 [INFO] GridSearchCV results :
    mean_valid_accuracy  mean_valid_precision  mean_valid_auc
21             0.844853              1.000000        0.735000
41             0.875000              1.000000        0.787500
31             0.875000              1.000000        0.787500
51             0.875000              1.000000        0.787500
26             0.981985              0.966667        0.981288
28             0.981985              0.966667        0.981288
32             0.981985              0.966667        0.981288
34             0.981985              0.966667        0.981288
36             0.981985              0.966667        0.981288
38             0.981985              0.966667        0.981288
40             0.981985              0.966667        0.981288
0              0.981985              0.966667        0.981288
24             0.981985              0.966667        0.981288
44             0.981985              0.966667        0.981288
46             0.981985              0.966667        0.981288
48             0.981985              0.966667        0.981288
50             0.981985              0.966667        0.981288
52             0.981985              0.966667        0.981288
54             0.981985              0.966667        0.981288
56             0.981985              0.966667        0.981288
58             0.981985              0.966667        0.981288
42             0.981985              0.966667        0.981288
30             0.981985              0.966667        0.981288
12             0.981985              0.966667        0.981288
2              0.981985              0.966667        0.981288
20             0.981985              0.966667        0.981288
22             0.981985              0.966667        0.981288
4              0.981985              0.966667        0.981288
18             0.981985              0.966667        0.981288
8              0.981985              0.966667        0.981288
10             0.981985              0.966667        0.981288
16             0.981985              0.966667        0.981288
6              0.981985              0.966667        0.981288
14             0.981985              0.966667        0.981288
49             0.711029              0.000000        0.500000
9              0.711029              0.000000        0.500000
47             0.711029              0.000000        0.500000
5              0.711029              0.000000        0.500000
7              0.711029              0.000000        0.500000
53             0.711029              0.000000        0.500000
55             0.711029              0.000000        0.500000
3              0.711029              0.000000        0.500000
57             0.711029              0.000000        0.500000
45             0.711029              0.000000        0.500000
23             0.711029              0.000000        0.500000
43             0.711029              0.000000        0.500000
11             0.711029              0.000000        0.500000
13             0.711029              0.000000        0.500000
39             0.711029              0.000000        0.500000
37             0.711029              0.000000        0.500000
15             0.711029              0.000000        0.500000
35             0.711029              0.000000        0.500000
33             0.711029              0.000000        0.500000
17             0.711029              0.000000        0.500000
1              0.711029              0.000000        0.500000
29             0.711029              0.000000        0.500000
19             0.711029              0.000000        0.500000
27             0.711029              0.000000        0.500000
25             0.711029              0.000000        0.500000
59             0.711029              0.000000        0.500000
2023-05-28 11:20:30,606 [INFO] Best model :
SVC(C=1, gamma=0.01, random_state=42)
2023-05-28 11:20:30,612 [INFO] Save train_prediction_log data...
2023-05-28 11:20:30,615 [INFO] {'Data': 'train', 'ACC': '1.0 (166 / 166)', 'TP': 48, 'FP': 0, 'FN': 0, 'TN': 118, 'Precision': '1.0 (48 / 48 + 0)', 'Recall': '1.0 (48 / 48 + 0)', 'F1': '1.0 (2 * (1.0 * 1.0) / 1.0 + 1.0)', 'Specificity': '1.0 (118 / 118 + 0)', 'AUC': 1.0, 'r2': 1.0}
2023-05-28 11:20:30,619 [INFO] Save valid_prediction_log data...
2023-05-28 11:20:30,621 [INFO] {'Data': 'valid', 'ACC': '0.9 (44 / 49)', 'TP': 15, 'FP': 0, 'FN': 5, 'TN': 29, 'Precision': '1.0 (15 / 15 + 0)', 'Recall': '0.75 (15 / 15 + 5)', 'F1': '0.86 (2 * (0.75 * 1.0) / 0.75 + 1.0)', 'Specificity': '1.0 (29 / 29 + 0)', 'AUC': 0.88, 'r2': 0.58}
2023-05-28 11:20:30,633 [INFO] Save test_prediction_log data...
2023-05-28 11:20:30,635 [INFO] {'Data': 'test', 'ACC': '0.61 (30 / 49)', 'TP': 1, 'FP': 0, 'FN': 19, 'TN': 29, 'Precision': '1.0 (1 / 1 + 0)', 'Recall': '0.05 (1 / 1 + 19)', 'F1': '0.1 (2 * (0.05 * 1.0) / 0.05 + 1.0)', 'Specificity': '1.0 (29 / 29 + 0)', 'AUC': 0.52, 'r2': -0.61}
2023-05-28 11:20:30,637 [INFO] Save training_log data...
2023-05-28 11:20:30,638 [INFO] Save score_log data...
2023-05-28 11:20:30,638 [INFO] Time : 2.3236637115478516
