2023-05-29 03:14:28,981 [INFO] Train data : Vary_params_BRAF_MK14\DUD-E\BRAF\nG1_20\ECFP4_512bits\MinMax\BRAF_train_vector.tsv
2023-05-29 03:14:28,981 [INFO] Valid data : Vary_params_BRAF_MK14\DUD-E\BRAF\nG1_20\ECFP4_512bits\MinMax\BRAF_valid_vector.tsv
2023-05-29 03:14:28,981 [INFO] Output path : Vary_params_BRAF_MK14\DUD-E\BRAF\nG1_20\ECFP4_512bits\MinMax\BRAF_model\MLP
2023-05-29 03:14:28,981 [INFO] Model type : MLP
2023-05-29 03:14:28,981 [INFO] Use cores : 12
2023-05-29 03:14:29,005 [INFO] Start Learning model
2023-05-29 03:14:29,005 [INFO] Train : 231 | Valid : 50
2023-05-29 03:14:29,005 [INFO] Set parameters : {'hidden_layer_sizes': [(50,), (100,), (50, 50), (100, 100)], 'learning_rate': ['constant', 'invscaling', 'adaptive'], 'activation': ['relu', 'identity', 'logistic', 'tanh'], 'solver': ['adam', 'sgd', 'lbfgs'], 'alpha': [0.1, 0.01, 0.001], 'max_iter': [500, 1000], 'early_stopping': [True]}
2023-05-29 03:20:13,782 [INFO] GridSearchCV results :
     mean_valid_accuracy  mean_valid_precision  mean_valid_auc
659             0.995652                   1.0        0.995455
224             0.995652                   1.0        0.995455
245             0.995652                   1.0        0.995455
242             0.995652                   1.0        0.995455
239             0.995652                   1.0        0.995455
..                   ...                   ...             ...
540             0.523732                   0.0        0.500000
624             0.523732                   0.0        0.500000
486             0.523732                   0.0        0.500000
487             0.523732                   0.0        0.500000
109             0.523732                   0.0        0.500000

[864 rows x 3 columns]
2023-05-29 03:20:13,783 [INFO] Best model :
MLPClassifier(alpha=0.1, early_stopping=True, hidden_layer_sizes=(50,),
              max_iter=500, random_state=42, solver='lbfgs')
2023-05-29 03:20:13,790 [INFO] Save train_prediction_log data...
2023-05-29 03:20:13,794 [INFO] {'Data': 'train', 'ACC': '1.0 (231 / 231)', 'TP': 110, 'FP': 0, 'FN': 0, 'TN': 121, 'Precision': '1.0 (110 / 110 + 0)', 'Recall': '1.0 (110 / 110 + 0)', 'F1': '1.0 (2 * (1.0 * 1.0) / 1.0 + 1.0)', 'Specificity': '1.0 (121 / 121 + 0)', 'AUC': 1.0, 'r2': 1.0}
2023-05-29 03:20:13,801 [INFO] Save valid_prediction_log data...
2023-05-29 03:20:13,804 [INFO] {'Data': 'valid', 'ACC': '1.0 (50 / 50)', 'TP': 20, 'FP': 0, 'FN': 0, 'TN': 30, 'Precision': '1.0 (20 / 20 + 0)', 'Recall': '1.0 (20 / 20 + 0)', 'F1': '1.0 (2 * (1.0 * 1.0) / 1.0 + 1.0)', 'Specificity': '1.0 (30 / 30 + 0)', 'AUC': 1.0, 'r2': 1.0}
2023-05-29 03:20:13,823 [INFO] Save test_prediction_log data...
2023-05-29 03:20:13,826 [INFO] {'Data': 'test', 'ACC': '0.64 (32 / 50)', 'TP': 10, 'FP': 8, 'FN': 10, 'TN': 22, 'Precision': '0.56 (10 / 10 + 8)', 'Recall': '0.5 (10 / 10 + 10)', 'F1': '0.53 (2 * (0.5 * 0.56) / 0.5 + 0.56)', 'Specificity': '0.73 (22 / 22 + 8)', 'AUC': 0.62, 'r2': -0.5}
2023-05-29 03:20:14,141 [INFO] Save training_log data...
2023-05-29 03:20:14,146 [INFO] Save score_log data...
2023-05-29 03:20:14,147 [INFO] Time : 345.16560196876526
