2023-05-29 05:29:21,936 [INFO] Train data : Vary_params\DUD-E\KPCB\nG1_50\ECFP4_512bits\MinMax\KPCB_train_vector.tsv
2023-05-29 05:29:21,936 [INFO] Valid data : Vary_params\DUD-E\KPCB\nG1_50\ECFP4_512bits\MinMax\KPCB_valid_vector.tsv
2023-05-29 05:29:21,936 [INFO] Output path : Vary_params\DUD-E\KPCB\nG1_50\ECFP4_512bits\MinMax\KPCB_model\RF
2023-05-29 05:29:21,936 [INFO] Model type : RF
2023-05-29 05:29:21,937 [INFO] Use cores : 11
2023-05-29 05:29:21,997 [INFO] Start Learning model
2023-05-29 05:29:21,997 [INFO] Train : 168 | Valid : 42
2023-05-29 05:29:21,997 [INFO] Set parameters : {'max_depth': [6, 8, 10, 12], 'max_features': ['sqrt', 'log2'], 'min_samples_leaf': [2, 4, 8, 10], 'min_samples_split': [2, 4, 8, 10], 'n_estimators': [200, 600, 1000]}
2023-05-29 05:34:59,152 [INFO] GridSearchCV results :
     mean_valid_accuracy  mean_valid_precision  mean_valid_auc
0               0.988235              1.000000        0.985714
247             0.982353              1.000000        0.978571
256             0.970588              1.000000        0.963095
255             0.970588              1.000000        0.963095
254             0.970588              1.000000        0.963095
..                   ...                   ...             ...
81              0.958824              0.983333        0.950952
360             0.958824              0.983333        0.950952
264             0.958824              0.983333        0.950952
75              0.958824              0.983333        0.950952
78              0.958824              0.983333        0.950952

[384 rows x 3 columns]
2023-05-29 05:34:59,154 [INFO] Best model :
RandomForestClassifier(class_weight='balanced', max_depth=6, min_samples_leaf=2,
                       n_estimators=200, random_state=42)
2023-05-29 05:34:59,172 [INFO] Save train_prediction_log data...
2023-05-29 05:34:59,177 [INFO] {'Data': 'train', 'ACC': '0.99 (166 / 168)', 'TP': 65, 'FP': 0, 'FN': 2, 'TN': 101, 'Precision': '1.0 (65 / 65 + 0)', 'Recall': '0.97 (65 / 65 + 2)', 'F1': '0.98 (2 * (0.97 * 1.0) / 0.97 + 1.0)', 'Specificity': '1.0 (101 / 101 + 0)', 'AUC': 0.99, 'r2': 0.95}
2023-05-29 05:34:59,193 [INFO] Save valid_prediction_log data...
2023-05-29 05:34:59,196 [INFO] {'Data': 'valid', 'ACC': '1.0 (42 / 42)', 'TP': 17, 'FP': 0, 'FN': 0, 'TN': 25, 'Precision': '1.0 (17 / 17 + 0)', 'Recall': '1.0 (17 / 17 + 0)', 'F1': '1.0 (2 * (1.0 * 1.0) / 1.0 + 1.0)', 'Specificity': '1.0 (25 / 25 + 0)', 'AUC': 1.0, 'r2': 1.0}
2023-05-29 05:34:59,232 [INFO] Save test_prediction_log data...
2023-05-29 05:34:59,236 [INFO] {'Data': 'test', 'ACC': '0.76 (32 / 42)', 'TP': 8, 'FP': 1, 'FN': 9, 'TN': 24, 'Precision': '0.89 (8 / 8 + 1)', 'Recall': '0.47 (8 / 8 + 9)', 'F1': '0.62 (2 * (0.47 * 0.89) / 0.47 + 0.89)', 'Specificity': '0.96 (24 / 24 + 1)', 'AUC': 0.72, 'r2': 0.01}
2023-05-29 05:34:59,280 [INFO] Save training_log data...
2023-05-29 05:34:59,283 [INFO] Save score_log data...
2023-05-29 05:34:59,285 [INFO] Time : 337.3489534854889
