2023-05-28 13:25:25,599 [INFO] Train data : Vary_params_IGF1R_KIT\DUD-E\KIT\nG1_20\ECFP4_256bits\MinMax\KIT_train_vector.tsv
2023-05-28 13:25:25,599 [INFO] Valid data : Vary_params_IGF1R_KIT\DUD-E\KIT\nG1_20\ECFP4_256bits\MinMax\KIT_valid_vector.tsv
2023-05-28 13:25:25,599 [INFO] Output path : Vary_params_IGF1R_KIT\DUD-E\KIT\nG1_20\ECFP4_256bits\MinMax\KIT_model\MLP
2023-05-28 13:25:25,599 [INFO] Model type : MLP
2023-05-28 13:25:25,599 [INFO] Use cores : 10
2023-05-28 13:25:25,615 [INFO] Start Learning model
2023-05-28 13:25:25,615 [INFO] Train : 262 | Valid : 58
2023-05-28 13:25:25,615 [INFO] Set parameters : {'hidden_layer_sizes': [(50,), (100,), (50, 50), (100, 100)], 'learning_rate': ['constant', 'invscaling', 'adaptive'], 'activation': ['relu', 'identity', 'logistic', 'tanh'], 'solver': ['adam', 'sgd', 'lbfgs'], 'alpha': [0.1, 0.01, 0.001], 'max_iter': [500, 1000], 'early_stopping': [True]}
2023-05-28 13:27:18,793 [INFO] GridSearchCV results :
     mean_valid_accuracy  mean_valid_precision  mean_valid_auc
254             0.962393              0.992308        0.961813
488             0.962393              0.992308        0.961813
494             0.962393              0.992308        0.961813
701             0.962393              0.992308        0.961813
698             0.962393              0.992308        0.961813
..                   ...                   ...             ...
628             0.530627              0.000000        0.500000
595             0.530627              0.000000        0.500000
457             0.530627              0.000000        0.500000
532             0.530627              0.000000        0.500000
478             0.530627              0.000000        0.500000

[864 rows x 3 columns]
2023-05-28 13:27:18,794 [INFO] Best model :
MLPClassifier(alpha=0.1, early_stopping=True, hidden_layer_sizes=(100, 100),
              max_iter=500, random_state=42, solver='lbfgs')
2023-05-28 13:27:18,799 [INFO] Save train_prediction_log data...
2023-05-28 13:27:18,802 [INFO] {'Data': 'train', 'ACC': '1.0 (262 / 262)', 'TP': 123, 'FP': 0, 'FN': 0, 'TN': 139, 'Precision': '1.0 (123 / 123 + 0)', 'Recall': '1.0 (123 / 123 + 0)', 'F1': '1.0 (2 * (1.0 * 1.0) / 1.0 + 1.0)', 'Specificity': '1.0 (139 / 139 + 0)', 'AUC': 1.0, 'r2': 1.0}
2023-05-28 13:27:18,805 [INFO] Save valid_prediction_log data...
2023-05-28 13:27:18,807 [INFO] {'Data': 'valid', 'ACC': '0.93 (54 / 58)', 'TP': 23, 'FP': 4, 'FN': 0, 'TN': 31, 'Precision': '0.85 (23 / 23 + 4)', 'Recall': '1.0 (23 / 23 + 0)', 'F1': '0.92 (2 * (1.0 * 0.85) / 1.0 + 0.85)', 'Specificity': '0.89 (31 / 31 + 4)', 'AUC': 0.94, 'r2': 0.71}
2023-05-28 13:27:18,817 [INFO] Save test_prediction_log data...
2023-05-28 13:27:18,819 [INFO] {'Data': 'test', 'ACC': '0.69 (40 / 58)', 'TP': 19, 'FP': 14, 'FN': 4, 'TN': 21, 'Precision': '0.58 (19 / 19 + 14)', 'Recall': '0.83 (19 / 19 + 4)', 'F1': '0.68 (2 * (0.83 * 0.58) / 0.83 + 0.58)', 'Specificity': '0.6 (21 / 21 + 14)', 'AUC': 0.71, 'r2': -0.3}
2023-05-28 13:27:18,821 [INFO] Save training_log data...
2023-05-28 13:27:18,826 [INFO] Save score_log data...
2023-05-28 13:27:18,826 [INFO] Time : 113.22629809379578
