2023-05-29 04:07:03,404 [INFO] Train data : Vary_params_CDK2_EGFR_LCK\DUD-E\LCK\nG1_20\ECFP6_256bits\Standard\LCK_train_vector.tsv
2023-05-29 04:07:03,404 [INFO] Valid data : Vary_params_CDK2_EGFR_LCK\DUD-E\LCK\nG1_20\ECFP6_256bits\Standard\LCK_valid_vector.tsv
2023-05-29 04:07:03,405 [INFO] Output path : Vary_params_CDK2_EGFR_LCK\DUD-E\LCK\nG1_20\ECFP6_256bits\Standard\LCK_model\XGB
2023-05-29 04:07:03,405 [INFO] Model type : XGB
2023-05-29 04:07:03,405 [INFO] Use cores : 19
2023-05-29 04:07:03,441 [INFO] Start Learning model
2023-05-29 04:07:03,441 [INFO] Train : 766 | Valid : 185
2023-05-29 04:07:03,442 [INFO] Set parameters : {'max_depth': [4, 6, 8], 'learning_rate': [0.01, 0.2], 'n_estimators': [200, 600, 1000], 'gamma': [0, 1000], 'min_child_weight': [1, 3], 'subsample': [0.5, 1], 'colsample_bytree': [0.5, 1], 'objective': ['binary:logitraw'], 'eval_metric': ['auc', 'error']}
2023-05-29 04:21:09,368 [INFO] GridSearchCV results :
     mean_valid_accuracy  mean_valid_precision  mean_valid_auc
16              0.950513              0.981522        0.944299
160             0.950513              0.981522        0.944299
172             0.953093              0.981434        0.947330
28              0.953093              0.981434        0.947330
304             0.953076              0.981428        0.947235
..                   ...                   ...             ...
363             0.577033              0.000000        0.500000
362             0.577033              0.000000        0.500000
361             0.577033              0.000000        0.500000
360             0.577033              0.000000        0.500000
575             0.577033              0.000000        0.500000

[576 rows x 3 columns]
2023-05-29 04:21:09,370 [INFO] Best model :
XGBClassifier(base_score=None, booster=None, callbacks=None,
              colsample_bylevel=None, colsample_bynode=None,
              colsample_bytree=0.5, early_stopping_rounds=None,
              enable_categorical=False, eval_metric='auc', feature_types=None,
              gamma=0, gpu_id=None, grow_policy=None, importance_type=None,
              interaction_constraints=None, learning_rate=0.01, max_bin=None,
              max_cat_threshold=None, max_cat_to_onehot=None,
              max_delta_step=None, max_depth=6, max_leaves=None,
              min_child_weight=1, missing=nan, monotone_constraints=None,
              n_estimators=1000, n_jobs=0, num_parallel_tree=None,
              objective='binary:logitraw', predictor=None, ...)
2023-05-29 04:21:09,383 [INFO] Save train_prediction_log data...
2023-05-29 04:21:09,387 [INFO] {'Data': 'train', 'ACC': '1.0 (765 / 766)', 'TP': 323, 'FP': 0, 'FN': 1, 'TN': 442, 'Precision': '1.0 (323 / 323 + 0)', 'Recall': '1.0 (323 / 323 + 1)', 'F1': '1.0 (2 * (1.0 * 1.0) / 1.0 + 1.0)', 'Specificity': '1.0 (442 / 442 + 0)', 'AUC': 1.0, 'r2': 0.99}
2023-05-29 04:21:09,397 [INFO] Save valid_prediction_log data...
2023-05-29 04:21:09,400 [INFO] {'Data': 'valid', 'ACC': '0.99 (184 / 185)', 'TP': 74, 'FP': 1, 'FN': 0, 'TN': 110, 'Precision': '0.99 (74 / 74 + 1)', 'Recall': '1.0 (74 / 74 + 0)', 'F1': '0.99 (2 * (1.0 * 0.99) / 1.0 + 0.99)', 'Specificity': '0.99 (110 / 110 + 1)', 'AUC': 1.0, 'r2': 0.98}
2023-05-29 04:21:09,423 [INFO] Save test_prediction_log data...
2023-05-29 04:21:09,426 [INFO] {'Data': 'test', 'ACC': '0.7 (130 / 185)', 'TP': 43, 'FP': 24, 'FN': 31, 'TN': 87, 'Precision': '0.64 (43 / 43 + 24)', 'Recall': '0.58 (43 / 43 + 31)', 'F1': '0.61 (2 * (0.58 * 0.64) / 0.58 + 0.64)', 'Specificity': '0.78 (87 / 87 + 24)', 'AUC': 0.68, 'r2': -0.24}
2023-05-29 04:21:09,446 [INFO] Save training_log data...
2023-05-29 04:21:09,451 [INFO] Save score_log data...
2023-05-29 04:21:09,453 [INFO] Time : 846.0478827953339
