2023-05-27 20:36:35,676 [INFO] Train data : Vary_params_A\DUD-E\JAK2\nG1_80\ECFP6_256bits\Robust\JAK2_train_vector.tsv
2023-05-27 20:36:35,676 [INFO] Valid data : Vary_params_A\DUD-E\JAK2\nG1_80\ECFP6_256bits\Robust\JAK2_valid_vector.tsv
2023-05-27 20:36:35,676 [INFO] Output path : Vary_params_A\DUD-E\JAK2\nG1_80\ECFP6_256bits\Robust\JAK2_model\XGB
2023-05-27 20:36:35,676 [INFO] Model type : XGB
2023-05-27 20:36:35,676 [INFO] Use cores : 3
2023-05-27 20:36:35,694 [INFO] Start Learning model
2023-05-27 20:36:35,694 [INFO] Train : 82 | Valid : 28
2023-05-27 20:36:35,696 [INFO] Set parameters : {'max_depth': [4, 6, 8], 'learning_rate': [0.01, 0.2], 'n_estimators': [200, 600, 1000], 'gamma': [0, 1000], 'min_child_weight': [1, 3], 'subsample': [0.5, 1], 'colsample_bytree': [0.5, 1], 'objective': ['binary:logitraw'], 'eval_metric': ['auc', 'error']}
2023-05-27 20:52:22,813 [INFO] GridSearchCV results :
     mean_valid_accuracy  mean_valid_precision  mean_valid_auc
290             0.952778                   1.0           0.900
434             0.952778                   1.0           0.900
458             0.952778                   1.0           0.900
332             0.963889                   1.0           0.925
448             0.952778                   1.0           0.900
..                   ...                   ...             ...
376             0.818056                   0.0           0.500
375             0.818056                   0.0           0.500
374             0.818056                   0.0           0.500
373             0.818056                   0.0           0.500
575             0.818056                   0.0           0.500

[576 rows x 3 columns]
2023-05-27 20:52:22,814 [INFO] Best model :
XGBClassifier(base_score=None, booster=None, callbacks=None,
              colsample_bylevel=None, colsample_bynode=None,
              colsample_bytree=0.5, early_stopping_rounds=None,
              enable_categorical=False, eval_metric='auc', feature_types=None,
              gamma=0, gpu_id=None, grow_policy=None, importance_type=None,
              interaction_constraints=None, learning_rate=0.01, max_bin=None,
              max_cat_threshold=None, max_cat_to_onehot=None,
              max_delta_step=None, max_depth=4, max_leaves=None,
              min_child_weight=1, missing=nan, monotone_constraints=None,
              n_estimators=200, n_jobs=0, num_parallel_tree=None,
              objective='binary:logitraw', predictor=None, ...)
2023-05-27 20:52:22,826 [INFO] Save train_prediction_log data...
2023-05-27 20:52:22,831 [INFO] {'Data': 'train', 'ACC': '1.0 (82 / 82)', 'TP': 15, 'FP': 0, 'FN': 0, 'TN': 67, 'Precision': '1.0 (15 / 15 + 0)', 'Recall': '1.0 (15 / 15 + 0)', 'F1': '1.0 (2 * (1.0 * 1.0) / 1.0 + 1.0)', 'Specificity': '1.0 (67 / 67 + 0)', 'AUC': 1.0, 'r2': 1.0}
2023-05-27 20:52:22,840 [INFO] Save valid_prediction_log data...
2023-05-27 20:52:22,844 [INFO] {'Data': 'valid', 'ACC': '0.82 (23 / 28)', 'TP': 6, 'FP': 0, 'FN': 5, 'TN': 17, 'Precision': '1.0 (6 / 6 + 0)', 'Recall': '0.55 (6 / 6 + 5)', 'F1': '0.71 (2 * (0.55 * 1.0) / 0.55 + 1.0)', 'Specificity': '1.0 (17 / 17 + 0)', 'AUC': 0.77, 'r2': 0.25}
2023-05-27 20:52:22,861 [INFO] Save test_prediction_log data...
2023-05-27 20:52:22,864 [INFO] {'Data': 'test', 'ACC': '0.68 (19 / 28)', 'TP': 3, 'FP': 1, 'FN': 8, 'TN': 16, 'Precision': '0.75 (3 / 3 + 1)', 'Recall': '0.27 (3 / 3 + 8)', 'F1': '0.4 (2 * (0.27 * 0.75) / 0.27 + 0.75)', 'Specificity': '0.94 (16 / 16 + 1)', 'AUC': 0.61, 'r2': -0.35}
2023-05-27 20:52:22,869 [INFO] Save training_log data...
2023-05-27 20:52:22,874 [INFO] Save score_log data...
2023-05-27 20:52:22,876 [INFO] Time : 947.2004346847534
