2023-05-27 02:32:01,623 [INFO] Train data : Vary_params_A\DUD-E\JAK2\nG1_20\ECFP6_256bits\MinMax\JAK2_train_vector.tsv
2023-05-27 02:32:01,623 [INFO] Valid data : Vary_params_A\DUD-E\JAK2\nG1_20\ECFP6_256bits\MinMax\JAK2_valid_vector.tsv
2023-05-27 02:32:01,623 [INFO] Output path : Vary_params_A\DUD-E\JAK2\nG1_20\ECFP6_256bits\MinMax\JAK2_model\SVM
2023-05-27 02:32:01,623 [INFO] Model type : SVM
2023-05-27 02:32:01,624 [INFO] Use cores : 3
2023-05-27 02:32:01,643 [INFO] Start Learning model
2023-05-27 02:32:01,643 [INFO] Train : 142 | Valid : 28
2023-05-27 02:32:01,643 [INFO] Set parameters : {'kernel': ['linear', 'rbf'], 'C': [0.01, 0.1, 1, 10, 100, 1000], 'gamma': [0.01, 0.1, 1, 100, 1000]}
2023-05-27 02:32:06,364 [INFO] GridSearchCV results :
    mean_valid_accuracy  mean_valid_precision  mean_valid_auc
21             0.923333              0.954167        0.926488
0              0.916190              0.944444        0.919345
2              0.916190              0.944444        0.919345
4              0.916190              0.944444        0.919345
6              0.916190              0.944444        0.919345
8              0.916190              0.944444        0.919345
42             0.922857              0.923056        0.922619
31             0.915714              0.923056        0.916369
32             0.922857              0.923056        0.922619
34             0.922857              0.923056        0.922619
36             0.922857              0.923056        0.922619
38             0.922857              0.923056        0.922619
40             0.922857              0.923056        0.922619
41             0.915714              0.923056        0.916369
48             0.922857              0.923056        0.922619
44             0.922857              0.923056        0.922619
46             0.922857              0.923056        0.922619
26             0.922857              0.923056        0.922619
50             0.922857              0.923056        0.922619
51             0.915714              0.923056        0.916369
52             0.922857              0.923056        0.922619
54             0.922857              0.923056        0.922619
56             0.922857              0.923056        0.922619
58             0.922857              0.923056        0.922619
28             0.922857              0.923056        0.922619
30             0.922857              0.923056        0.922619
12             0.922857              0.923056        0.922619
18             0.922857              0.923056        0.922619
24             0.922857              0.923056        0.922619
14             0.922857              0.923056        0.922619
10             0.922857              0.923056        0.922619
16             0.922857              0.923056        0.922619
22             0.922857              0.923056        0.922619
20             0.922857              0.923056        0.922619
53             0.772857              0.795076        0.778274
43             0.772857              0.795076        0.778274
33             0.772857              0.795076        0.778274
23             0.737143              0.771008        0.742560
47             0.528095              0.528095        0.500000
7              0.528095              0.528095        0.500000
5              0.528095              0.528095        0.500000
9              0.528095              0.528095        0.500000
57             0.528095              0.528095        0.500000
11             0.528095              0.528095        0.500000
3              0.528095              0.528095        0.500000
49             0.528095              0.528095        0.500000
55             0.528095              0.528095        0.500000
25             0.528095              0.528095        0.500000
13             0.528095              0.528095        0.500000
45             0.528095              0.528095        0.500000
27             0.528095              0.528095        0.500000
15             0.528095              0.528095        0.500000
17             0.528095              0.528095        0.500000
39             0.528095              0.528095        0.500000
37             0.528095              0.528095        0.500000
19             0.528095              0.528095        0.500000
35             0.528095              0.528095        0.500000
1              0.528095              0.528095        0.500000
29             0.528095              0.528095        0.500000
59             0.528095              0.528095        0.500000
2023-05-27 02:32:06,366 [INFO] Best model :
SVC(C=1, gamma=0.01, random_state=42)
2023-05-27 02:32:06,375 [INFO] Save train_prediction_log data...
2023-05-27 02:32:06,381 [INFO] {'Data': 'train', 'ACC': '0.99 (141 / 142)', 'TP': 75, 'FP': 1, 'FN': 0, 'TN': 66, 'Precision': '0.99 (75 / 75 + 1)', 'Recall': '1.0 (75 / 75 + 0)', 'F1': '0.99 (2 * (1.0 * 0.99) / 1.0 + 0.99)', 'Specificity': '0.99 (66 / 66 + 1)', 'AUC': 0.99, 'r2': 0.97}
2023-05-27 02:32:06,387 [INFO] Save valid_prediction_log data...
2023-05-27 02:32:06,390 [INFO] {'Data': 'valid', 'ACC': '1.0 (28 / 28)', 'TP': 11, 'FP': 0, 'FN': 0, 'TN': 17, 'Precision': '1.0 (11 / 11 + 0)', 'Recall': '1.0 (11 / 11 + 0)', 'F1': '1.0 (2 * (1.0 * 1.0) / 1.0 + 1.0)', 'Specificity': '1.0 (17 / 17 + 0)', 'AUC': 1.0, 'r2': 1.0}
2023-05-27 02:32:06,406 [INFO] Save test_prediction_log data...
2023-05-27 02:32:06,410 [INFO] {'Data': 'test', 'ACC': '0.54 (15 / 28)', 'TP': 5, 'FP': 7, 'FN': 6, 'TN': 10, 'Precision': '0.42 (5 / 5 + 7)', 'Recall': '0.45 (5 / 5 + 6)', 'F1': '0.43 (2 * (0.45 * 0.42) / 0.45 + 0.42)', 'Specificity': '0.59 (10 / 10 + 7)', 'AUC': 0.52, 'r2': -0.95}
2023-05-27 02:32:06,414 [INFO] Save training_log data...
2023-05-27 02:32:06,418 [INFO] Save score_log data...
2023-05-27 02:32:06,419 [INFO] Time : 4.796177387237549
