2023-05-27 17:42:38,143 [INFO] Train data : Vary_params\DUD-E\PLK1\nG1_20\ECFP6_512bits\Robust\PLK1_train_vector.tsv
2023-05-27 17:42:38,143 [INFO] Valid data : Vary_params\DUD-E\PLK1\nG1_20\ECFP6_512bits\Robust\PLK1_valid_vector.tsv
2023-05-27 17:42:38,143 [INFO] Output path : Vary_params\DUD-E\PLK1\nG1_20\ECFP6_512bits\Robust\PLK1_model\MLP
2023-05-27 17:42:38,143 [INFO] Model type : MLP
2023-05-27 17:42:38,143 [INFO] Use cores : 10
2023-05-27 17:42:38,164 [INFO] Start Learning model
2023-05-27 17:42:38,164 [INFO] Train : 144 | Valid : 28
2023-05-27 17:42:38,165 [INFO] Set parameters : {'hidden_layer_sizes': [(50,), (100,), (50, 50), (100, 100)], 'learning_rate': ['constant', 'invscaling', 'adaptive'], 'activation': ['relu', 'identity', 'logistic', 'tanh'], 'solver': ['adam', 'sgd', 'lbfgs'], 'alpha': [0.1, 0.01, 0.001], 'max_iter': [500, 1000], 'early_stopping': [True]}
2023-05-27 17:45:06,114 [INFO] GridSearchCV results :
     mean_valid_accuracy  mean_valid_precision  mean_valid_auc
863             0.876667              0.927778        0.877976
848             0.876667              0.927778        0.877976
860             0.876667              0.927778        0.877976
857             0.876667              0.927778        0.877976
854             0.876667              0.927778        0.877976
..                   ...                   ...             ...
565             0.472381              0.000000        0.500000
562             0.472381              0.000000        0.500000
559             0.472381              0.000000        0.500000
556             0.472381              0.000000        0.500000
612             0.472381              0.000000        0.500000

[864 rows x 3 columns]
2023-05-27 17:45:06,115 [INFO] Best model :
MLPClassifier(activation='tanh', alpha=0.001, early_stopping=True,
              hidden_layer_sizes=(100, 100), max_iter=500, random_state=42,
              solver='lbfgs')
2023-05-27 17:45:06,120 [INFO] Save train_prediction_log data...
2023-05-27 17:45:06,123 [INFO] {'Data': 'train', 'ACC': '1.0 (144 / 144)', 'TP': 76, 'FP': 0, 'FN': 0, 'TN': 68, 'Precision': '1.0 (76 / 76 + 0)', 'Recall': '1.0 (76 / 76 + 0)', 'F1': '1.0 (2 * (1.0 * 1.0) / 1.0 + 1.0)', 'Specificity': '1.0 (68 / 68 + 0)', 'AUC': 1.0, 'r2': 1.0}
2023-05-27 17:45:06,128 [INFO] Save valid_prediction_log data...
2023-05-27 17:45:06,130 [INFO] {'Data': 'valid', 'ACC': '0.96 (27 / 28)', 'TP': 11, 'FP': 1, 'FN': 0, 'TN': 16, 'Precision': '0.92 (11 / 11 + 1)', 'Recall': '1.0 (11 / 11 + 0)', 'F1': '0.96 (2 * (1.0 * 0.92) / 1.0 + 0.92)', 'Specificity': '0.94 (16 / 16 + 1)', 'AUC': 0.97, 'r2': 0.85}
2023-05-27 17:45:06,143 [INFO] Save test_prediction_log data...
2023-05-27 17:45:06,146 [INFO] {'Data': 'test', 'ACC': '0.61 (17 / 28)', 'TP': 3, 'FP': 3, 'FN': 8, 'TN': 14, 'Precision': '0.5 (3 / 3 + 3)', 'Recall': '0.27 (3 / 3 + 8)', 'F1': '0.35 (2 * (0.27 * 0.5) / 0.27 + 0.5)', 'Specificity': '0.82 (14 / 14 + 3)', 'AUC': 0.55, 'r2': -0.65}
2023-05-27 17:45:06,148 [INFO] Save training_log data...
2023-05-27 17:45:06,152 [INFO] Save score_log data...
2023-05-27 17:45:06,153 [INFO] Time : 148.01033425331116
