2023-05-28 00:38:34,802 [INFO] Train data : Vary_params_SH\DUD-E\TGFR1\nG1_20\ECFP4_256bits\Robust\TGFR1_train_vector.tsv
2023-05-28 00:38:34,802 [INFO] Valid data : Vary_params_SH\DUD-E\TGFR1\nG1_20\ECFP4_256bits\Robust\TGFR1_valid_vector.tsv
2023-05-28 00:38:34,802 [INFO] Output path : Vary_params_SH\DUD-E\TGFR1\nG1_20\ECFP4_256bits\Robust\TGFR1_model\RF
2023-05-28 00:38:34,802 [INFO] Model type : RF
2023-05-28 00:38:34,802 [INFO] Use cores : 3
2023-05-28 00:38:34,837 [INFO] Start Learning model
2023-05-28 00:38:34,837 [INFO] Train : 194 | Valid : 41
2023-05-28 00:38:34,838 [INFO] Set parameters : {'max_depth': [6, 8, 10, 12], 'max_features': ['sqrt', 'log2'], 'min_samples_leaf': [2, 4, 8, 10], 'min_samples_split': [2, 4, 8, 10], 'n_estimators': [200, 600, 1000]}
2023-05-28 00:55:48,411 [INFO] GridSearchCV results :
     mean_valid_accuracy  mean_valid_precision  mean_valid_auc
0               0.985000              1.000000        0.985000
210             0.974737              1.000000        0.975000
198             0.980000              1.000000        0.980000
199             0.985000              1.000000        0.985000
200             0.985000              1.000000        0.985000
..                   ...                   ...             ...
218             0.969737              0.990000        0.970000
219             0.964474              0.990000        0.964444
220             0.969737              0.990000        0.970000
221             0.969737              0.990000        0.970000
9               0.975000              0.980909        0.975000

[384 rows x 3 columns]
2023-05-28 00:55:48,412 [INFO] Best model :
RandomForestClassifier(class_weight='balanced', max_depth=6, min_samples_leaf=2,
                       n_estimators=200, random_state=42)
2023-05-28 00:55:48,436 [INFO] Save train_prediction_log data...
2023-05-28 00:55:48,442 [INFO] {'Data': 'train', 'ACC': '1.0 (194 / 194)', 'TP': 96, 'FP': 0, 'FN': 0, 'TN': 98, 'Precision': '1.0 (96 / 96 + 0)', 'Recall': '1.0 (96 / 96 + 0)', 'F1': '1.0 (2 * (1.0 * 1.0) / 1.0 + 1.0)', 'Specificity': '1.0 (98 / 98 + 0)', 'AUC': 1.0, 'r2': 1.0}
2023-05-28 00:55:48,462 [INFO] Save valid_prediction_log data...
2023-05-28 00:55:48,465 [INFO] {'Data': 'valid', 'ACC': '1.0 (41 / 41)', 'TP': 16, 'FP': 0, 'FN': 0, 'TN': 25, 'Precision': '1.0 (16 / 16 + 0)', 'Recall': '1.0 (16 / 16 + 0)', 'F1': '1.0 (2 * (1.0 * 1.0) / 1.0 + 1.0)', 'Specificity': '1.0 (25 / 25 + 0)', 'AUC': 1.0, 'r2': 1.0}
2023-05-28 00:55:48,499 [INFO] Save test_prediction_log data...
2023-05-28 00:55:48,502 [INFO] {'Data': 'test', 'ACC': '0.66 (27 / 41)', 'TP': 8, 'FP': 6, 'FN': 8, 'TN': 19, 'Precision': '0.57 (8 / 8 + 6)', 'Recall': '0.5 (8 / 8 + 8)', 'F1': '0.53 (2 * (0.5 * 0.57) / 0.5 + 0.57)', 'Specificity': '0.76 (19 / 19 + 6)', 'AUC': 0.63, 'r2': -0.44}
2023-05-28 00:55:48,751 [INFO] Save training_log data...
2023-05-28 00:55:48,754 [INFO] Save score_log data...
2023-05-28 00:55:48,755 [INFO] Time : 1033.9528040885925
