2023-05-29 23:51:46,756 [INFO] Train data : Vary_params_BRAF_MK14\DUD-E\MK14\nG1_20\ECFP6_256bits\MinMax\MK14_train_vector.tsv
2023-05-29 23:51:46,757 [INFO] Valid data : Vary_params_BRAF_MK14\DUD-E\MK14\nG1_20\ECFP6_256bits\MinMax\MK14_valid_vector.tsv
2023-05-29 23:51:46,757 [INFO] Output path : Vary_params_BRAF_MK14\DUD-E\MK14\nG1_20\ECFP6_256bits\MinMax\MK14_model\MLP
2023-05-29 23:51:46,757 [INFO] Model type : MLP
2023-05-29 23:51:46,757 [INFO] Use cores : 10
2023-05-29 23:51:46,783 [INFO] Start Learning model
2023-05-29 23:51:46,784 [INFO] Train : 931 | Valid : 225
2023-05-29 23:51:46,784 [INFO] Set parameters : {'hidden_layer_sizes': [(50,), (100,), (50, 50), (100, 100)], 'learning_rate': ['constant', 'invscaling', 'adaptive'], 'activation': ['relu', 'identity', 'logistic', 'tanh'], 'solver': ['adam', 'sgd', 'lbfgs'], 'alpha': [0.1, 0.01, 0.001], 'max_iter': [500, 1000], 'early_stopping': [True]}
2023-05-30 00:00:38,581 [INFO] GridSearchCV results :
     mean_valid_accuracy  mean_valid_precision  mean_valid_auc
432             0.917319              0.948688        0.907709
435             0.917319              0.948688        0.907709
438             0.917319              0.948688        0.907709
441             0.917319              0.948688        0.907709
444             0.917319              0.948688        0.907709
..                   ...                   ...             ...
619             0.581091              0.000000        0.500000
538             0.581091              0.000000        0.500000
622             0.581091              0.000000        0.500000
541             0.581091              0.000000        0.500000
607             0.581091              0.000000        0.500000

[864 rows x 3 columns]
2023-05-30 00:00:38,582 [INFO] Best model :
MLPClassifier(activation='logistic', alpha=0.1, early_stopping=True,
              hidden_layer_sizes=(50,), max_iter=500, random_state=42)
2023-05-30 00:00:38,594 [INFO] Save train_prediction_log data...
2023-05-30 00:00:38,975 [INFO] {'Data': 'train', 'ACC': '0.95 (883 / 931)', 'TP': 356, 'FP': 14, 'FN': 34, 'TN': 527, 'Precision': '0.96 (356 / 356 + 14)', 'Recall': '0.91 (356 / 356 + 34)', 'F1': '0.93 (2 * (0.91 * 0.96) / 0.91 + 0.96)', 'Specificity': '0.97 (527 / 527 + 14)', 'AUC': 0.94, 'r2': 0.79}
2023-05-30 00:00:38,982 [INFO] Save valid_prediction_log data...
2023-05-30 00:00:38,984 [INFO] {'Data': 'valid', 'ACC': '0.94 (212 / 225)', 'TP': 85, 'FP': 8, 'FN': 5, 'TN': 127, 'Precision': '0.91 (85 / 85 + 8)', 'Recall': '0.94 (85 / 85 + 5)', 'F1': '0.92 (2 * (0.94 * 0.91) / 0.94 + 0.91)', 'Specificity': '0.94 (127 / 127 + 8)', 'AUC': 0.94, 'r2': 0.76}
2023-05-30 00:00:38,997 [INFO] Save test_prediction_log data...
2023-05-30 00:00:39,000 [INFO] {'Data': 'test', 'ACC': '0.64 (144 / 225)', 'TP': 62, 'FP': 53, 'FN': 28, 'TN': 82, 'Precision': '0.54 (62 / 62 + 53)', 'Recall': '0.69 (62 / 62 + 28)', 'F1': '0.61 (2 * (0.69 * 0.54) / 0.69 + 0.54)', 'Specificity': '0.61 (82 / 82 + 53)', 'AUC': 0.65, 'r2': -0.5}
2023-05-30 00:00:39,002 [INFO] Save training_log data...
2023-05-30 00:00:39,012 [INFO] Save score_log data...
2023-05-30 00:00:39,012 [INFO] Time : 532.2558083534241
