2023-05-27 12:47:30,917 [INFO] Train data : Vary_params\DUD-E\AKT2\nG1_20\ECFP4_256bits\MinMax\AKT2_train_vector.tsv
2023-05-27 12:47:30,917 [INFO] Valid data : Vary_params\DUD-E\AKT2\nG1_20\ECFP4_256bits\MinMax\AKT2_valid_vector.tsv
2023-05-27 12:47:30,917 [INFO] Output path : Vary_params\DUD-E\AKT2\nG1_20\ECFP4_256bits\MinMax\AKT2_model\SVM
2023-05-27 12:47:30,917 [INFO] Model type : SVM
2023-05-27 12:47:30,918 [INFO] Use cores : 11
2023-05-27 12:47:30,932 [INFO] Start Learning model
2023-05-27 12:47:30,932 [INFO] Train : 155 | Valid : 31
2023-05-27 12:47:30,932 [INFO] Set parameters : {'kernel': ['linear', 'rbf'], 'C': [0.01, 0.1, 1, 10, 100, 1000], 'gamma': [0.01, 0.1, 1, 100, 1000]}
2023-05-27 12:47:34,172 [INFO] GridSearchCV results :
    mean_valid_accuracy  mean_valid_precision  mean_valid_auc
43             0.975000              1.000000        0.975000
41             0.987500              1.000000        0.987500
23             0.968333              1.000000        0.968750
31             0.987500              1.000000        0.987500
53             0.975000              1.000000        0.975000
51             0.987500              1.000000        0.987500
33             0.975000              1.000000        0.975000
21             0.967917              0.988889        0.967857
32             0.974167              0.977778        0.973214
34             0.974167              0.977778        0.973214
36             0.974167              0.977778        0.973214
38             0.974167              0.977778        0.973214
40             0.974167              0.977778        0.973214
0              0.961250              0.977778        0.960714
42             0.974167              0.977778        0.973214
26             0.974167              0.977778        0.973214
44             0.974167              0.977778        0.973214
46             0.974167              0.977778        0.973214
48             0.974167              0.977778        0.973214
50             0.974167              0.977778        0.973214
52             0.974167              0.977778        0.973214
54             0.974167              0.977778        0.973214
56             0.974167              0.977778        0.973214
58             0.974167              0.977778        0.973214
28             0.974167              0.977778        0.973214
30             0.974167              0.977778        0.973214
12             0.974167              0.977778        0.973214
18             0.974167              0.977778        0.973214
8              0.961250              0.977778        0.960714
14             0.974167              0.977778        0.973214
6              0.961250              0.977778        0.960714
16             0.974167              0.977778        0.973214
10             0.974167              0.977778        0.973214
4              0.961250              0.977778        0.960714
20             0.974167              0.977778        0.973214
22             0.974167              0.977778        0.973214
2              0.961250              0.977778        0.960714
24             0.974167              0.977778        0.973214
3              0.516667              0.516667        0.500000
55             0.516667              0.516667        0.500000
5              0.516667              0.516667        0.500000
57             0.516667              0.516667        0.500000
7              0.516667              0.516667        0.500000
49             0.516667              0.516667        0.500000
9              0.516667              0.516667        0.500000
47             0.516667              0.516667        0.500000
25             0.516667              0.516667        0.500000
45             0.516667              0.516667        0.500000
11             0.516667              0.516667        0.500000
27             0.516667              0.516667        0.500000
13             0.516667              0.516667        0.500000
15             0.516667              0.516667        0.500000
39             0.516667              0.516667        0.500000
37             0.516667              0.516667        0.500000
17             0.516667              0.516667        0.500000
35             0.516667              0.516667        0.500000
19             0.516667              0.516667        0.500000
1              0.516667              0.516667        0.500000
29             0.516667              0.516667        0.500000
59             0.516667              0.516667        0.500000
2023-05-27 12:47:34,175 [INFO] Best model :
SVC(C=1, gamma=0.1, random_state=42)
2023-05-27 12:47:34,182 [INFO] Save train_prediction_log data...
2023-05-27 12:47:34,186 [INFO] {'Data': 'train', 'ACC': '1.0 (155 / 155)', 'TP': 80, 'FP': 0, 'FN': 0, 'TN': 75, 'Precision': '1.0 (80 / 80 + 0)', 'Recall': '1.0 (80 / 80 + 0)', 'F1': '1.0 (2 * (1.0 * 1.0) / 1.0 + 1.0)', 'Specificity': '1.0 (75 / 75 + 0)', 'AUC': 1.0, 'r2': 1.0}
2023-05-27 12:47:34,191 [INFO] Save valid_prediction_log data...
2023-05-27 12:47:34,193 [INFO] {'Data': 'valid', 'ACC': '1.0 (31 / 31)', 'TP': 12, 'FP': 0, 'FN': 0, 'TN': 19, 'Precision': '1.0 (12 / 12 + 0)', 'Recall': '1.0 (12 / 12 + 0)', 'F1': '1.0 (2 * (1.0 * 1.0) / 1.0 + 1.0)', 'Specificity': '1.0 (19 / 19 + 0)', 'AUC': 1.0, 'r2': 1.0}
2023-05-27 12:47:34,205 [INFO] Save test_prediction_log data...
2023-05-27 12:47:34,211 [INFO] {'Data': 'test', 'ACC': '0.84 (26 / 31)', 'TP': 7, 'FP': 0, 'FN': 5, 'TN': 19, 'Precision': '1.0 (7 / 7 + 0)', 'Recall': '0.58 (7 / 7 + 5)', 'F1': '0.73 (2 * (0.58 * 1.0) / 0.58 + 1.0)', 'Specificity': '1.0 (19 / 19 + 0)', 'AUC': 0.79, 'r2': 0.32}
2023-05-27 12:47:34,216 [INFO] Save training_log data...
2023-05-27 12:47:34,217 [INFO] Save score_log data...
2023-05-27 12:47:34,218 [INFO] Time : 3.3012125492095947
