2023-05-28 10:54:21,036 [INFO] Train data : AF_Baseline\DUD-E\MK14\ECFP4_256bits\Robust\MK14_train.tsv
2023-05-28 10:54:21,036 [INFO] Valid data : AF_Baseline\DUD-E\MK14\ECFP4_256bits\Robust\MK14_valid.tsv
2023-05-28 10:54:21,037 [INFO] Output path : AF_Baseline\DUD-E\MK14\ECFP4_256bits\Robust\MK14_model\SVM
2023-05-28 10:54:21,037 [INFO] Model type : SVM
2023-05-28 10:54:21,037 [INFO] Use cores : 12
2023-05-28 10:54:21,057 [INFO] Start Learning model
2023-05-28 10:54:21,057 [INFO] Train : 901 | Valid : 225
2023-05-28 10:54:21,057 [INFO] Set parameters : {'kernel': ['linear', 'rbf'], 'C': [0.01, 0.1, 1, 10, 100, 1000], 'gamma': [0.01, 0.1, 1, 100, 1000]}
2023-05-28 10:54:25,826 [INFO] GridSearchCV results :
    mean_valid_accuracy  mean_valid_precision  mean_valid_auc
53             0.899096              1.000000        0.873611
43             0.899096              1.000000        0.873611
23             0.883553              1.000000        0.854167
33             0.899096              1.000000        0.873611
11             0.858010              0.992500        0.823148
21             0.968938              0.962141        0.967609
31             0.973346              0.959767        0.973628
41             0.973346              0.959767        0.973628
51             0.973346              0.959767        0.973628
0              0.953382              0.945660        0.950943
6              0.953382              0.945660        0.950943
2              0.953382              0.945660        0.950943
4              0.953382              0.945660        0.950943
8              0.953382              0.945660        0.950943
10             0.953419              0.934657        0.952828
18             0.953419              0.934657        0.952828
16             0.953419              0.934657        0.952828
14             0.953419              0.934657        0.952828
12             0.953419              0.934657        0.952828
50             0.934505              0.914434        0.932904
54             0.934505              0.914434        0.932904
48             0.934505              0.914434        0.932904
46             0.934505              0.914434        0.932904
44             0.934505              0.914434        0.932904
52             0.934505              0.914434        0.932904
58             0.934505              0.914434        0.932904
42             0.934505              0.914434        0.932904
40             0.934505              0.914434        0.932904
38             0.934505              0.914434        0.932904
36             0.934505              0.914434        0.932904
34             0.934505              0.914434        0.932904
56             0.934505              0.914434        0.932904
30             0.934505              0.914434        0.932904
32             0.934505              0.914434        0.932904
28             0.934505              0.914434        0.932904
22             0.934505              0.914434        0.932904
24             0.934505              0.914434        0.932904
26             0.934505              0.914434        0.932904
20             0.934505              0.914434        0.932904
39             0.600440              0.000000        0.500000
17             0.600440              0.000000        0.500000
3              0.600440              0.000000        0.500000
57             0.600440              0.000000        0.500000
5              0.600440              0.000000        0.500000
55             0.600440              0.000000        0.500000
7              0.600440              0.000000        0.500000
9              0.600440              0.000000        0.500000
13             0.600440              0.000000        0.500000
15             0.600440              0.000000        0.500000
49             0.600440              0.000000        0.500000
27             0.600440              0.000000        0.500000
19             0.600440              0.000000        0.500000
47             0.600440              0.000000        0.500000
1              0.600440              0.000000        0.500000
45             0.600440              0.000000        0.500000
35             0.600440              0.000000        0.500000
29             0.600440              0.000000        0.500000
25             0.600440              0.000000        0.500000
37             0.600440              0.000000        0.500000
59             0.600440              0.000000        0.500000
2023-05-28 10:54:25,826 [INFO] Best model :
SVC(C=1, gamma=0.1, random_state=42)
2023-05-28 10:54:25,906 [INFO] Save train_prediction_log data...
2023-05-28 10:54:25,906 [INFO] {'Data': 'train', 'ACC': '1.0 (901 / 901)', 'TP': 360, 'FP': 0, 'FN': 0, 'TN': 541, 'Precision': '1.0 (360 / 360 + 0)', 'Recall': '1.0 (360 / 360 + 0)', 'F1': '1.0 (2 * (1.0 * 1.0) / 1.0 + 1.0)', 'Specificity': '1.0 (541 / 541 + 0)', 'AUC': 1.0, 'r2': 1.0}
2023-05-28 10:54:25,926 [INFO] Save valid_prediction_log data...
2023-05-28 10:54:25,926 [INFO] {'Data': 'valid', 'ACC': '0.99 (223 / 225)', 'TP': 88, 'FP': 0, 'FN': 2, 'TN': 135, 'Precision': '1.0 (88 / 88 + 0)', 'Recall': '0.98 (88 / 88 + 2)', 'F1': '0.99 (2 * (0.98 * 1.0) / 0.98 + 1.0)', 'Specificity': '1.0 (135 / 135 + 0)', 'AUC': 0.99, 'r2': 0.96}
2023-05-28 10:54:25,956 [INFO] Save test_prediction_log data...
2023-05-28 10:54:25,956 [INFO] {'Data': 'test', 'ACC': '0.7 (158 / 225)', 'TP': 34, 'FP': 11, 'FN': 56, 'TN': 124, 'Precision': '0.76 (34 / 34 + 11)', 'Recall': '0.38 (34 / 34 + 56)', 'F1': '0.51 (2 * (0.38 * 0.76) / 0.38 + 0.76)', 'Specificity': '0.92 (124 / 124 + 11)', 'AUC': 0.65, 'r2': -0.24}
2023-05-28 10:54:25,966 [INFO] Save training_log data...
2023-05-28 10:54:25,966 [INFO] Save score_log data...
2023-05-28 10:54:25,966 [INFO] Time : 4.930045127868652
