2023-05-28 23:37:03,448 [INFO] Train data : Vary_params_CDK2_EGFR_LCK\DUD-E\EGFR\nG1_80\ECFP6_512bits\Robust\EGFR_train_vector.tsv
2023-05-28 23:37:03,448 [INFO] Valid data : Vary_params_CDK2_EGFR_LCK\DUD-E\EGFR\nG1_80\ECFP6_512bits\Robust\EGFR_valid_vector.tsv
2023-05-28 23:37:03,448 [INFO] Output path : Vary_params_CDK2_EGFR_LCK\DUD-E\EGFR\nG1_80\ECFP6_512bits\Robust\EGFR_model\SVM
2023-05-28 23:37:03,448 [INFO] Model type : SVM
2023-05-28 23:37:03,448 [INFO] Use cores : 19
2023-05-28 23:37:03,483 [INFO] Start Learning model
2023-05-28 23:37:03,483 [INFO] Train : 840 | Valid : 218
2023-05-28 23:37:03,483 [INFO] Set parameters : {'kernel': ['linear', 'rbf'], 'C': [0.01, 0.1, 1, 10, 100, 1000], 'gamma': [0.01, 0.1, 1, 100, 1000]}
2023-05-28 23:37:14,583 [INFO] GridSearchCV results :
    mean_valid_accuracy  mean_valid_precision  mean_valid_auc
0              0.933333              0.902197        0.932253
20             0.933333              0.902197        0.932253
24             0.933333              0.902197        0.932253
26             0.933333              0.902197        0.932253
28             0.933333              0.902197        0.932253
32             0.933333              0.902197        0.932253
34             0.933333              0.902197        0.932253
36             0.933333              0.902197        0.932253
38             0.933333              0.902197        0.932253
40             0.933333              0.902197        0.932253
42             0.933333              0.902197        0.932253
44             0.933333              0.902197        0.932253
46             0.933333              0.902197        0.932253
48             0.933333              0.902197        0.932253
50             0.933333              0.902197        0.932253
52             0.933333              0.902197        0.932253
54             0.933333              0.902197        0.932253
56             0.933333              0.902197        0.932253
58             0.933333              0.902197        0.932253
22             0.933333              0.902197        0.932253
30             0.933333              0.902197        0.932253
10             0.933333              0.902197        0.932253
2              0.933333              0.902197        0.932253
18             0.933333              0.902197        0.932253
8              0.933333              0.902197        0.932253
16             0.933333              0.902197        0.932253
4              0.933333              0.902197        0.932253
12             0.933333              0.902197        0.932253
6              0.933333              0.902197        0.932253
14             0.933333              0.902197        0.932253
49             0.621429              0.000000        0.500000
9              0.621429              0.000000        0.500000
45             0.621429              0.000000        0.500000
47             0.621429              0.000000        0.500000
7              0.621429              0.000000        0.500000
21             0.621429              0.000000        0.500000
43             0.621429              0.000000        0.500000
5              0.621429              0.000000        0.500000
53             0.621429              0.000000        0.500000
55             0.621429              0.000000        0.500000
3              0.621429              0.000000        0.500000
57             0.621429              0.000000        0.500000
51             0.621429              0.000000        0.500000
11             0.621429              0.000000        0.500000
41             0.621429              0.000000        0.500000
19             0.621429              0.000000        0.500000
39             0.621429              0.000000        0.500000
37             0.621429              0.000000        0.500000
13             0.621429              0.000000        0.500000
35             0.621429              0.000000        0.500000
33             0.621429              0.000000        0.500000
15             0.621429              0.000000        0.500000
31             0.621429              0.000000        0.500000
1              0.621429              0.000000        0.500000
29             0.621429              0.000000        0.500000
27             0.621429              0.000000        0.500000
17             0.621429              0.000000        0.500000
25             0.621429              0.000000        0.500000
23             0.621429              0.000000        0.500000
59             0.621429              0.000000        0.500000
2023-05-28 23:37:14,584 [INFO] Best model :
SVC(C=0.01, gamma=0.01, kernel='linear', random_state=42)
2023-05-28 23:37:14,601 [INFO] Save train_prediction_log data...
2023-05-28 23:37:14,605 [INFO] {'Data': 'train', 'ACC': '1.0 (840 / 840)', 'TP': 318, 'FP': 0, 'FN': 0, 'TN': 522, 'Precision': '1.0 (318 / 318 + 0)', 'Recall': '1.0 (318 / 318 + 0)', 'F1': '1.0 (2 * (1.0 * 1.0) / 1.0 + 1.0)', 'Specificity': '1.0 (522 / 522 + 0)', 'AUC': 1.0, 'r2': 1.0}
2023-05-28 23:37:14,612 [INFO] Save valid_prediction_log data...
2023-05-28 23:37:14,614 [INFO] {'Data': 'valid', 'ACC': '0.92 (201 / 218)', 'TP': 84, 'FP': 14, 'FN': 3, 'TN': 117, 'Precision': '0.86 (84 / 84 + 14)', 'Recall': '0.97 (84 / 84 + 3)', 'F1': '0.91 (2 * (0.97 * 0.86) / 0.97 + 0.86)', 'Specificity': '0.89 (117 / 117 + 14)', 'AUC': 0.93, 'r2': 0.67}
2023-05-28 23:37:14,632 [INFO] Save test_prediction_log data...
2023-05-28 23:37:14,635 [INFO] {'Data': 'test', 'ACC': '0.6 (131 / 218)', 'TP': 44, 'FP': 44, 'FN': 43, 'TN': 87, 'Precision': '0.5 (44 / 44 + 44)', 'Recall': '0.51 (44 / 44 + 43)', 'F1': '0.5 (2 * (0.51 * 0.5) / 0.51 + 0.5)', 'Specificity': '0.66 (87 / 87 + 44)', 'AUC': 0.58, 'r2': -0.66}
2023-05-28 23:37:14,637 [INFO] Save training_log data...
2023-05-28 23:37:14,639 [INFO] Save score_log data...
2023-05-28 23:37:14,640 [INFO] Time : 11.191942691802979
