2023-05-28 04:22:52,807 [INFO] Train data : Vary_params_IGF1R_KIT\DUD-E\IGF1R\nG1_20\ECFP6_256bits\MinMax\IGF1R_train_vector.tsv
2023-05-28 04:22:52,807 [INFO] Valid data : Vary_params_IGF1R_KIT\DUD-E\IGF1R\nG1_20\ECFP6_256bits\MinMax\IGF1R_valid_vector.tsv
2023-05-28 04:22:52,807 [INFO] Output path : Vary_params_IGF1R_KIT\DUD-E\IGF1R\nG1_20\ECFP6_256bits\MinMax\IGF1R_model\MLP
2023-05-28 04:22:52,807 [INFO] Model type : MLP
2023-05-28 04:22:52,807 [INFO] Use cores : 10
2023-05-28 04:22:52,821 [INFO] Start Learning model
2023-05-28 04:22:52,821 [INFO] Train : 226 | Valid : 49
2023-05-28 04:22:52,821 [INFO] Set parameters : {'hidden_layer_sizes': [(50,), (100,), (50, 50), (100, 100)], 'learning_rate': ['constant', 'invscaling', 'adaptive'], 'activation': ['relu', 'identity', 'logistic', 'tanh'], 'solver': ['adam', 'sgd', 'lbfgs'], 'alpha': [0.1, 0.01, 0.001], 'max_iter': [500, 1000], 'early_stopping': [True]}
2023-05-28 04:24:34,526 [INFO] GridSearchCV results :
     mean_valid_accuracy  mean_valid_precision  mean_valid_auc
642             0.894664              0.982576        0.891212
567             0.899209              0.982576        0.895758
645             0.894664              0.982576        0.891212
639             0.894664              0.982576        0.891212
636             0.894664              0.982576        0.891212
..                   ...                   ...             ...
595             0.522134              0.000000        0.500000
544             0.522134              0.000000        0.500000
547             0.522134              0.000000        0.500000
556             0.522134              0.000000        0.500000
481             0.522134              0.000000        0.500000

[864 rows x 3 columns]
2023-05-28 04:24:34,528 [INFO] Best model :
MLPClassifier(activation='logistic', alpha=0.01, early_stopping=True,
              hidden_layer_sizes=(100, 100), max_iter=500, random_state=42)
2023-05-28 04:24:34,535 [INFO] Save train_prediction_log data...
2023-05-28 04:24:34,537 [INFO] {'Data': 'train', 'ACC': '0.96 (217 / 226)', 'TP': 101, 'FP': 2, 'FN': 7, 'TN': 116, 'Precision': '0.98 (101 / 101 + 2)', 'Recall': '0.94 (101 / 101 + 7)', 'F1': '0.96 (2 * (0.94 * 0.98) / 0.94 + 0.98)', 'Specificity': '0.98 (116 / 116 + 2)', 'AUC': 0.96, 'r2': 0.84}
2023-05-28 04:24:34,541 [INFO] Save valid_prediction_log data...
2023-05-28 04:24:34,543 [INFO] {'Data': 'valid', 'ACC': '1.0 (49 / 49)', 'TP': 20, 'FP': 0, 'FN': 0, 'TN': 29, 'Precision': '1.0 (20 / 20 + 0)', 'Recall': '1.0 (20 / 20 + 0)', 'F1': '1.0 (2 * (1.0 * 1.0) / 1.0 + 1.0)', 'Specificity': '1.0 (29 / 29 + 0)', 'AUC': 1.0, 'r2': 1.0}
2023-05-28 04:24:34,553 [INFO] Save test_prediction_log data...
2023-05-28 04:24:34,555 [INFO] {'Data': 'test', 'ACC': '0.57 (28 / 49)', 'TP': 4, 'FP': 5, 'FN': 16, 'TN': 24, 'Precision': '0.44 (4 / 4 + 5)', 'Recall': '0.2 (4 / 4 + 16)', 'F1': '0.28 (2 * (0.2 * 0.44) / 0.2 + 0.44)', 'Specificity': '0.83 (24 / 24 + 5)', 'AUC': 0.51, 'r2': -0.77}
2023-05-28 04:24:34,558 [INFO] Save training_log data...
2023-05-28 04:24:34,564 [INFO] Save score_log data...
2023-05-28 04:24:34,565 [INFO] Time : 101.75644278526306
