2023-05-28 20:42:34,854 [INFO] Train data : Vary_params_SH\DUD-E\TGFR1\nG1_50\ECFP6_512bits\Robust\TGFR1_train_vector.tsv
2023-05-28 20:42:34,854 [INFO] Valid data : Vary_params_SH\DUD-E\TGFR1\nG1_50\ECFP6_512bits\Robust\TGFR1_valid_vector.tsv
2023-05-28 20:42:34,854 [INFO] Output path : Vary_params_SH\DUD-E\TGFR1\nG1_50\ECFP6_512bits\Robust\TGFR1_model\SVM
2023-05-28 20:42:34,855 [INFO] Model type : SVM
2023-05-28 20:42:34,855 [INFO] Use cores : 3
2023-05-28 20:42:34,892 [INFO] Start Learning model
2023-05-28 20:42:34,892 [INFO] Train : 164 | Valid : 41
2023-05-28 20:42:34,892 [INFO] Set parameters : {'kernel': ['linear', 'rbf'], 'C': [0.01, 0.1, 1, 10, 100, 1000], 'gamma': [0.01, 0.1, 1, 100, 1000]}
2023-05-28 20:42:40,516 [INFO] GridSearchCV results :
    mean_valid_accuracy  mean_valid_precision  mean_valid_auc
0              0.982353                0.9875        0.980714
20             0.982353                0.9875        0.980714
24             0.982353                0.9875        0.980714
26             0.982353                0.9875        0.980714
28             0.982353                0.9875        0.980714
32             0.982353                0.9875        0.980714
34             0.982353                0.9875        0.980714
36             0.982353                0.9875        0.980714
38             0.982353                0.9875        0.980714
40             0.982353                0.9875        0.980714
42             0.982353                0.9875        0.980714
44             0.982353                0.9875        0.980714
46             0.982353                0.9875        0.980714
48             0.982353                0.9875        0.980714
50             0.982353                0.9875        0.980714
52             0.982353                0.9875        0.980714
54             0.982353                0.9875        0.980714
56             0.982353                0.9875        0.980714
58             0.982353                0.9875        0.980714
22             0.982353                0.9875        0.980714
30             0.982353                0.9875        0.980714
10             0.982353                0.9875        0.980714
2              0.982353                0.9875        0.980714
18             0.982353                0.9875        0.980714
8              0.982353                0.9875        0.980714
16             0.982353                0.9875        0.980714
4              0.982353                0.9875        0.980714
12             0.982353                0.9875        0.980714
6              0.982353                0.9875        0.980714
14             0.982353                0.9875        0.980714
49             0.597794                0.0000        0.500000
9              0.597794                0.0000        0.500000
45             0.597794                0.0000        0.500000
47             0.597794                0.0000        0.500000
7              0.597794                0.0000        0.500000
21             0.597794                0.0000        0.500000
43             0.597794                0.0000        0.500000
5              0.597794                0.0000        0.500000
53             0.597794                0.0000        0.500000
55             0.597794                0.0000        0.500000
3              0.597794                0.0000        0.500000
57             0.597794                0.0000        0.500000
51             0.597794                0.0000        0.500000
11             0.597794                0.0000        0.500000
41             0.597794                0.0000        0.500000
19             0.597794                0.0000        0.500000
39             0.597794                0.0000        0.500000
37             0.597794                0.0000        0.500000
13             0.597794                0.0000        0.500000
35             0.597794                0.0000        0.500000
33             0.597794                0.0000        0.500000
15             0.597794                0.0000        0.500000
31             0.597794                0.0000        0.500000
1              0.597794                0.0000        0.500000
29             0.597794                0.0000        0.500000
27             0.597794                0.0000        0.500000
17             0.597794                0.0000        0.500000
25             0.597794                0.0000        0.500000
23             0.597794                0.0000        0.500000
59             0.597794                0.0000        0.500000
2023-05-28 20:42:40,518 [INFO] Best model :
SVC(C=0.01, gamma=0.01, kernel='linear', random_state=42)
2023-05-28 20:42:40,527 [INFO] Save train_prediction_log data...
2023-05-28 20:42:40,532 [INFO] {'Data': 'train', 'ACC': '1.0 (164 / 164)', 'TP': 66, 'FP': 0, 'FN': 0, 'TN': 98, 'Precision': '1.0 (66 / 66 + 0)', 'Recall': '1.0 (66 / 66 + 0)', 'F1': '1.0 (2 * (1.0 * 1.0) / 1.0 + 1.0)', 'Specificity': '1.0 (98 / 98 + 0)', 'AUC': 1.0, 'r2': 1.0}
2023-05-28 20:42:40,539 [INFO] Save valid_prediction_log data...
2023-05-28 20:42:40,542 [INFO] {'Data': 'valid', 'ACC': '1.0 (41 / 41)', 'TP': 16, 'FP': 0, 'FN': 0, 'TN': 25, 'Precision': '1.0 (16 / 16 + 0)', 'Recall': '1.0 (16 / 16 + 0)', 'F1': '1.0 (2 * (1.0 * 1.0) / 1.0 + 1.0)', 'Specificity': '1.0 (25 / 25 + 0)', 'AUC': 1.0, 'r2': 1.0}
2023-05-28 20:42:40,563 [INFO] Save test_prediction_log data...
2023-05-28 20:42:40,567 [INFO] {'Data': 'test', 'ACC': '0.63 (26 / 41)', 'TP': 6, 'FP': 5, 'FN': 10, 'TN': 20, 'Precision': '0.55 (6 / 6 + 5)', 'Recall': '0.38 (6 / 6 + 10)', 'F1': '0.45 (2 * (0.38 * 0.55) / 0.38 + 0.55)', 'Specificity': '0.8 (20 / 20 + 5)', 'AUC': 0.59, 'r2': -0.54}
2023-05-28 20:42:40,570 [INFO] Save training_log data...
2023-05-28 20:42:40,571 [INFO] Save score_log data...
2023-05-28 20:42:40,572 [INFO] Time : 5.717500925064087
