2023-05-29 10:01:20,132 [INFO] Train data : Vary_params_CDK2_EGFR_LCK\DUD-E\LCK\nG1_50\ECFP6_256bits\MinMax\LCK_train_vector.tsv
2023-05-29 10:01:20,132 [INFO] Valid data : Vary_params_CDK2_EGFR_LCK\DUD-E\LCK\nG1_50\ECFP6_256bits\MinMax\LCK_valid_vector.tsv
2023-05-29 10:01:20,132 [INFO] Output path : Vary_params_CDK2_EGFR_LCK\DUD-E\LCK\nG1_50\ECFP6_256bits\MinMax\LCK_model\XGB
2023-05-29 10:01:20,132 [INFO] Model type : XGB
2023-05-29 10:01:20,132 [INFO] Use cores : 19
2023-05-29 10:01:20,152 [INFO] Start Learning model
2023-05-29 10:01:20,152 [INFO] Train : 736 | Valid : 185
2023-05-29 10:01:20,153 [INFO] Set parameters : {'max_depth': [4, 6, 8], 'learning_rate': [0.01, 0.2], 'n_estimators': [200, 600, 1000], 'gamma': [0, 1000], 'min_child_weight': [1, 3], 'subsample': [0.5, 1], 'colsample_bytree': [0.5, 1], 'objective': ['binary:logitraw'], 'eval_metric': ['auc', 'error']}
2023-05-29 10:14:45,389 [INFO] GridSearchCV results :
     mean_valid_accuracy  mean_valid_precision  mean_valid_auc
304             0.963310              0.986437        0.956457
460             0.963310              0.986437        0.956457
37              0.957886              0.986437        0.949675
316             0.963310              0.986437        0.956457
448             0.963310              0.986437        0.956457
..                   ...                   ...             ...
379             0.600555              0.000000        0.500000
378             0.600555              0.000000        0.500000
377             0.600555              0.000000        0.500000
376             0.600555              0.000000        0.500000
575             0.600555              0.000000        0.500000

[576 rows x 3 columns]
2023-05-29 10:14:45,390 [INFO] Best model :
XGBClassifier(base_score=None, booster=None, callbacks=None,
              colsample_bylevel=None, colsample_bynode=None,
              colsample_bytree=0.5, early_stopping_rounds=None,
              enable_categorical=False, eval_metric='auc', feature_types=None,
              gamma=0, gpu_id=None, grow_policy=None, importance_type=None,
              interaction_constraints=None, learning_rate=0.2, max_bin=None,
              max_cat_threshold=None, max_cat_to_onehot=None,
              max_delta_step=None, max_depth=4, max_leaves=None,
              min_child_weight=1, missing=nan, monotone_constraints=None,
              n_estimators=200, n_jobs=0, num_parallel_tree=None,
              objective='binary:logitraw', predictor=None, ...)
2023-05-29 10:14:45,401 [INFO] Save train_prediction_log data...
2023-05-29 10:14:45,405 [INFO] {'Data': 'train', 'ACC': '1.0 (736 / 736)', 'TP': 294, 'FP': 0, 'FN': 0, 'TN': 442, 'Precision': '1.0 (294 / 294 + 0)', 'Recall': '1.0 (294 / 294 + 0)', 'F1': '1.0 (2 * (1.0 * 1.0) / 1.0 + 1.0)', 'Specificity': '1.0 (442 / 442 + 0)', 'AUC': 1.0, 'r2': 1.0}
2023-05-29 10:14:45,413 [INFO] Save valid_prediction_log data...
2023-05-29 10:14:45,416 [INFO] {'Data': 'valid', 'ACC': '0.98 (182 / 185)', 'TP': 74, 'FP': 3, 'FN': 0, 'TN': 108, 'Precision': '0.96 (74 / 74 + 3)', 'Recall': '1.0 (74 / 74 + 0)', 'F1': '0.98 (2 * (1.0 * 0.96) / 1.0 + 0.96)', 'Specificity': '0.97 (108 / 108 + 3)', 'AUC': 0.99, 'r2': 0.93}
2023-05-29 10:14:45,433 [INFO] Save test_prediction_log data...
2023-05-29 10:14:45,436 [INFO] {'Data': 'test', 'ACC': '0.69 (128 / 185)', 'TP': 42, 'FP': 25, 'FN': 32, 'TN': 86, 'Precision': '0.63 (42 / 42 + 25)', 'Recall': '0.57 (42 / 42 + 32)', 'F1': '0.6 (2 * (0.57 * 0.63) / 0.57 + 0.63)', 'Specificity': '0.77 (86 / 86 + 25)', 'AUC': 0.67, 'r2': -0.28}
2023-05-29 10:14:45,441 [INFO] Save training_log data...
2023-05-29 10:14:45,446 [INFO] Save score_log data...
2023-05-29 10:14:45,447 [INFO] Time : 805.3149654865265
