2023-05-28 11:11:36,899 [INFO] Train data : Vary_params\DUD-E\WEE1\nG1_80\ECFP4_512bits\MinMax\WEE1_train_vector.tsv
2023-05-28 11:11:36,899 [INFO] Valid data : Vary_params\DUD-E\WEE1\nG1_80\ECFP4_512bits\MinMax\WEE1_valid_vector.tsv
2023-05-28 11:11:36,899 [INFO] Output path : Vary_params\DUD-E\WEE1\nG1_80\ECFP4_512bits\MinMax\WEE1_model\SVM
2023-05-28 11:11:36,899 [INFO] Model type : SVM
2023-05-28 11:11:36,899 [INFO] Use cores : 10
2023-05-28 11:11:36,925 [INFO] Start Learning model
2023-05-28 11:11:36,926 [INFO] Train : 71 | Valid : 25
2023-05-28 11:11:36,926 [INFO] Set parameters : {'kernel': ['linear', 'rbf'], 'C': [0.01, 0.1, 1, 10, 100, 1000], 'gamma': [0.01, 0.1, 1, 100, 1000]}
2023-05-28 11:11:43,457 [INFO] GridSearchCV results :
    mean_valid_accuracy  mean_valid_precision  mean_valid_auc
0              0.985714                   0.9            0.95
22             0.985714                   0.9            0.95
26             0.985714                   0.9            0.95
28             0.985714                   0.9            0.95
31             0.985714                   0.9            0.95
32             0.985714                   0.9            0.95
34             0.985714                   0.9            0.95
36             0.985714                   0.9            0.95
38             0.985714                   0.9            0.95
40             0.985714                   0.9            0.95
41             0.985714                   0.9            0.95
42             0.985714                   0.9            0.95
44             0.985714                   0.9            0.95
46             0.985714                   0.9            0.95
48             0.985714                   0.9            0.95
50             0.985714                   0.9            0.95
51             0.985714                   0.9            0.95
52             0.985714                   0.9            0.95
54             0.985714                   0.9            0.95
56             0.985714                   0.9            0.95
58             0.985714                   0.9            0.95
24             0.985714                   0.9            0.95
30             0.985714                   0.9            0.95
12             0.985714                   0.9            0.95
2              0.985714                   0.9            0.95
20             0.985714                   0.9            0.95
21             0.985714                   0.9            0.95
4              0.985714                   0.9            0.95
18             0.985714                   0.9            0.95
8              0.985714                   0.9            0.95
10             0.985714                   0.9            0.95
16             0.985714                   0.9            0.95
6              0.985714                   0.9            0.95
14             0.985714                   0.9            0.95
49             0.858929                   0.0            0.50
9              0.858929                   0.0            0.50
47             0.858929                   0.0            0.50
5              0.858929                   0.0            0.50
7              0.858929                   0.0            0.50
53             0.858929                   0.0            0.50
55             0.858929                   0.0            0.50
3              0.858929                   0.0            0.50
57             0.858929                   0.0            0.50
45             0.858929                   0.0            0.50
23             0.858929                   0.0            0.50
43             0.858929                   0.0            0.50
11             0.858929                   0.0            0.50
13             0.858929                   0.0            0.50
39             0.858929                   0.0            0.50
37             0.858929                   0.0            0.50
15             0.858929                   0.0            0.50
35             0.858929                   0.0            0.50
33             0.858929                   0.0            0.50
17             0.858929                   0.0            0.50
1              0.858929                   0.0            0.50
29             0.858929                   0.0            0.50
19             0.858929                   0.0            0.50
27             0.858929                   0.0            0.50
25             0.858929                   0.0            0.50
59             0.858929                   0.0            0.50
2023-05-28 11:11:43,459 [INFO] Best model :
SVC(C=0.01, gamma=0.01, kernel='linear', random_state=42)
2023-05-28 11:11:43,467 [INFO] Save train_prediction_log data...
2023-05-28 11:11:43,472 [INFO] {'Data': 'train', 'ACC': '1.0 (71 / 71)', 'TP': 10, 'FP': 0, 'FN': 0, 'TN': 61, 'Precision': '1.0 (10 / 10 + 0)', 'Recall': '1.0 (10 / 10 + 0)', 'F1': '1.0 (2 * (1.0 * 1.0) / 1.0 + 1.0)', 'Specificity': '1.0 (61 / 61 + 0)', 'AUC': 1.0, 'r2': 1.0}
2023-05-28 11:11:43,480 [INFO] Save valid_prediction_log data...
2023-05-28 11:11:43,483 [INFO] {'Data': 'valid', 'ACC': '1.0 (25 / 25)', 'TP': 10, 'FP': 0, 'FN': 0, 'TN': 15, 'Precision': '1.0 (10 / 10 + 0)', 'Recall': '1.0 (10 / 10 + 0)', 'F1': '1.0 (2 * (1.0 * 1.0) / 1.0 + 1.0)', 'Specificity': '1.0 (15 / 15 + 0)', 'AUC': 1.0, 'r2': 1.0}
2023-05-28 11:11:43,506 [INFO] Save test_prediction_log data...
2023-05-28 11:11:43,509 [INFO] {'Data': 'test', 'ACC': '0.68 (17 / 25)', 'TP': 3, 'FP': 1, 'FN': 7, 'TN': 14, 'Precision': '0.75 (3 / 3 + 1)', 'Recall': '0.3 (3 / 3 + 7)', 'F1': '0.43 (2 * (0.3 * 0.75) / 0.3 + 0.75)', 'Specificity': '0.93 (14 / 14 + 1)', 'AUC': 0.62, 'r2': -0.33}
2023-05-28 11:11:43,513 [INFO] Save training_log data...
2023-05-28 11:11:43,514 [INFO] Save score_log data...
2023-05-28 11:11:43,516 [INFO] Time : 6.61704158782959
