2023-05-27 11:21:38,604 [INFO] Train data : Vary_params_A\DUD-E\JAK2\nG1_50\ECFP6_256bits\Robust\JAK2_train_vector.tsv
2023-05-27 11:21:38,604 [INFO] Valid data : Vary_params_A\DUD-E\JAK2\nG1_50\ECFP6_256bits\Robust\JAK2_valid_vector.tsv
2023-05-27 11:21:38,604 [INFO] Output path : Vary_params_A\DUD-E\JAK2\nG1_50\ECFP6_256bits\Robust\JAK2_model\MLP
2023-05-27 11:21:38,604 [INFO] Model type : MLP
2023-05-27 11:21:38,604 [INFO] Use cores : 3
2023-05-27 11:21:38,624 [INFO] Start Learning model
2023-05-27 11:21:38,624 [INFO] Train : 112 | Valid : 28
2023-05-27 11:21:38,625 [INFO] Set parameters : {'hidden_layer_sizes': [(50,), (100,), (50, 50), (100, 100)], 'learning_rate': ['constant', 'invscaling', 'adaptive'], 'activation': ['relu', 'identity', 'logistic', 'tanh'], 'solver': ['adam', 'sgd', 'lbfgs'], 'alpha': [0.1, 0.01, 0.001], 'max_iter': [500, 1000], 'early_stopping': [True]}
2023-05-27 11:28:57,031 [INFO] GridSearchCV results :
     mean_valid_accuracy  mean_valid_precision  mean_valid_auc
797             0.883333              0.917143        0.875595
809             0.883333              0.917143        0.875595
794             0.883333              0.917143        0.875595
800             0.883333              0.917143        0.875595
803             0.883333              0.917143        0.875595
..                   ...                   ...             ...
646             0.589394              0.154167        0.512262
574             0.589394              0.154167        0.512262
571             0.589394              0.154167        0.512262
502             0.589394              0.154167        0.512262
643             0.589394              0.154167        0.512262

[864 rows x 3 columns]
2023-05-27 11:28:57,032 [INFO] Best model :
MLPClassifier(activation='tanh', alpha=0.001, early_stopping=True,
              hidden_layer_sizes=(50,), max_iter=500, random_state=42,
              solver='lbfgs')
2023-05-27 11:28:57,038 [INFO] Save train_prediction_log data...
2023-05-27 11:28:57,043 [INFO] {'Data': 'train', 'ACC': '1.0 (112 / 112)', 'TP': 45, 'FP': 0, 'FN': 0, 'TN': 67, 'Precision': '1.0 (45 / 45 + 0)', 'Recall': '1.0 (45 / 45 + 0)', 'F1': '1.0 (2 * (1.0 * 1.0) / 1.0 + 1.0)', 'Specificity': '1.0 (67 / 67 + 0)', 'AUC': 1.0, 'r2': 1.0}
2023-05-27 11:28:57,048 [INFO] Save valid_prediction_log data...
2023-05-27 11:28:57,051 [INFO] {'Data': 'valid', 'ACC': '0.93 (26 / 28)', 'TP': 10, 'FP': 1, 'FN': 1, 'TN': 16, 'Precision': '0.91 (10 / 10 + 1)', 'Recall': '0.91 (10 / 10 + 1)', 'F1': '0.91 (2 * (0.91 * 0.91) / 0.91 + 0.91)', 'Specificity': '0.94 (16 / 16 + 1)', 'AUC': 0.93, 'r2': 0.7}
2023-05-27 11:28:57,064 [INFO] Save test_prediction_log data...
2023-05-27 11:28:57,068 [INFO] {'Data': 'test', 'ACC': '0.64 (18 / 28)', 'TP': 4, 'FP': 3, 'FN': 7, 'TN': 14, 'Precision': '0.57 (4 / 4 + 3)', 'Recall': '0.36 (4 / 4 + 7)', 'F1': '0.44 (2 * (0.36 * 0.57) / 0.36 + 0.57)', 'Specificity': '0.82 (14 / 14 + 3)', 'AUC': 0.59, 'r2': -0.5}
2023-05-27 11:28:57,071 [INFO] Save training_log data...
2023-05-27 11:28:57,078 [INFO] Save score_log data...
2023-05-27 11:28:57,080 [INFO] Time : 438.4767315387726
