2023-05-30 03:06:03,685 [INFO] Train data : Baseline_noscale_DUDE\DUD-E\FAK1\ECFP6_512bits\FAK1_raw_train.tsv
2023-05-30 03:06:03,685 [INFO] Valid data : Baseline_noscale_DUDE\DUD-E\FAK1\ECFP6_512bits\FAK1_raw_valid.tsv
2023-05-30 03:06:03,685 [INFO] Output path : Baseline_noscale_DUDE\DUD-E\FAK1\ECFP6_512bits\FAK1_model\MLP
2023-05-30 03:06:03,685 [INFO] Model type : MLP
2023-05-30 03:06:03,686 [INFO] Use cores : 12
2023-05-30 03:06:03,699 [INFO] Start Learning model
2023-05-30 03:06:03,699 [INFO] Train : 93 | Valid : 23
2023-05-30 03:06:03,699 [INFO] Set parameters : {'hidden_layer_sizes': [(50,), (100,), (50, 50), (100, 100)], 'learning_rate': ['constant', 'invscaling', 'adaptive'], 'activation': ['relu', 'identity', 'logistic', 'tanh'], 'solver': ['adam', 'sgd', 'lbfgs'], 'alpha': [0.1, 0.01, 0.001], 'max_iter': [500, 1000], 'early_stopping': [True]}
2023-05-30 03:07:32,023 [INFO] GridSearchCV results :
     mean_valid_accuracy  mean_valid_precision  mean_valid_auc
863             0.990000                   1.0        0.987500
542             0.990000                   1.0        0.987500
233             0.990000                   1.0        0.987500
533             0.990000                   1.0        0.987500
534             0.893333                   1.0        0.870833
..                   ...                   ...             ...
565             0.602222                   0.0        0.500000
564             0.602222                   0.0        0.500000
214             0.602222                   0.0        0.500000
562             0.602222                   0.0        0.500000
612             0.602222                   0.0        0.500000

[864 rows x 3 columns]
2023-05-30 03:07:32,024 [INFO] Best model :
MLPClassifier(alpha=0.1, early_stopping=True, hidden_layer_sizes=(50,),
              max_iter=500, random_state=42, solver='lbfgs')
2023-05-30 03:07:32,029 [INFO] Save train_prediction_log data...
2023-05-30 03:07:32,032 [INFO] {'Data': 'train', 'ACC': '1.0 (93 / 93)', 'TP': 37, 'FP': 0, 'FN': 0, 'TN': 56, 'Precision': '1.0 (37 / 37 + 0)', 'Recall': '1.0 (37 / 37 + 0)', 'F1': '1.0 (2 * (1.0 * 1.0) / 1.0 + 1.0)', 'Specificity': '1.0 (56 / 56 + 0)', 'AUC': 1.0, 'r2': 1.0}
2023-05-30 03:07:32,036 [INFO] Save valid_prediction_log data...
2023-05-30 03:07:32,037 [INFO] {'Data': 'valid', 'ACC': '1.0 (23 / 23)', 'TP': 9, 'FP': 0, 'FN': 0, 'TN': 14, 'Precision': '1.0 (9 / 9 + 0)', 'Recall': '1.0 (9 / 9 + 0)', 'F1': '1.0 (2 * (1.0 * 1.0) / 1.0 + 1.0)', 'Specificity': '1.0 (14 / 14 + 0)', 'AUC': 1.0, 'r2': 1.0}
2023-05-30 03:07:32,047 [INFO] Save test_prediction_log data...
2023-05-30 03:07:32,049 [INFO] {'Data': 'test', 'ACC': '0.61 (14 / 23)', 'TP': 0, 'FP': 0, 'FN': 9, 'TN': 14, 'Precision': '0 (0 / 0 + 0)', 'Recall': '0 (0 / 0 + 9)', 'F1': '0 (2 * (0 * 0) / 0 + 0)', 'Specificity': '1.0 (14 / 14 + 0)', 'AUC': 0.5, 'r2': -0.64}
2023-05-30 03:07:32,051 [INFO] Save training_log data...
2023-05-30 03:07:32,056 [INFO] Save score_log data...
2023-05-30 03:07:32,057 [INFO] Time : 88.37232518196106
