2023-05-28 21:59:39,689 [INFO] Train data : Vary_params_VGFR2\DUD-E\VGFR2\nG1_20\ECFP6_512bits\Standard\VGFR2_train_vector.tsv
2023-05-28 21:59:39,690 [INFO] Valid data : Vary_params_VGFR2\DUD-E\VGFR2\nG1_20\ECFP6_512bits\Standard\VGFR2_valid_vector.tsv
2023-05-28 21:59:39,690 [INFO] Output path : Vary_params_VGFR2\DUD-E\VGFR2\nG1_20\ECFP6_512bits\Standard\VGFR2_model\SVM
2023-05-28 21:59:39,690 [INFO] Model type : SVM
2023-05-28 21:59:39,690 [INFO] Use cores : 18
2023-05-28 21:59:39,798 [INFO] Start Learning model
2023-05-28 21:59:39,798 [INFO] Train : 747 | Valid : 180
2023-05-28 21:59:39,798 [INFO] Set parameters : {'kernel': ['linear', 'rbf'], 'C': [0.01, 0.1, 1, 10, 100, 1000], 'gamma': [0.01, 0.1, 1, 100, 1000]}
2023-05-28 22:00:00,781 [INFO] GridSearchCV results :
    mean_valid_accuracy  mean_valid_precision  mean_valid_auc
41             0.666865              1.000000        0.607762
31             0.666865              1.000000        0.607762
51             0.666865              1.000000        0.607762
0              0.963874              0.956814        0.963308
26             0.963874              0.956814        0.963308
28             0.963874              0.956814        0.963308
32             0.963874              0.956814        0.963308
34             0.963874              0.956814        0.963308
36             0.963874              0.956814        0.963308
38             0.963874              0.956814        0.963308
40             0.963874              0.956814        0.963308
42             0.963874              0.956814        0.963308
22             0.963874              0.956814        0.963308
44             0.963874              0.956814        0.963308
46             0.963874              0.956814        0.963308
48             0.963874              0.956814        0.963308
50             0.963874              0.956814        0.963308
52             0.963874              0.956814        0.963308
54             0.963874              0.956814        0.963308
56             0.963874              0.956814        0.963308
58             0.963874              0.956814        0.963308
24             0.963874              0.956814        0.963308
30             0.963874              0.956814        0.963308
12             0.963874              0.956814        0.963308
2              0.963874              0.956814        0.963308
20             0.963874              0.956814        0.963308
4              0.963874              0.956814        0.963308
18             0.963874              0.956814        0.963308
8              0.963874              0.956814        0.963308
10             0.963874              0.956814        0.963308
16             0.963874              0.956814        0.963308
6              0.963874              0.956814        0.963308
14             0.963874              0.956814        0.963308
21             0.626649              0.900000        0.560282
49             0.575658              0.000000        0.500000
9              0.575658              0.000000        0.500000
47             0.575658              0.000000        0.500000
5              0.575658              0.000000        0.500000
7              0.575658              0.000000        0.500000
53             0.575658              0.000000        0.500000
55             0.575658              0.000000        0.500000
3              0.575658              0.000000        0.500000
57             0.575658              0.000000        0.500000
45             0.575658              0.000000        0.500000
23             0.575658              0.000000        0.500000
43             0.575658              0.000000        0.500000
11             0.575658              0.000000        0.500000
13             0.575658              0.000000        0.500000
39             0.575658              0.000000        0.500000
37             0.575658              0.000000        0.500000
15             0.575658              0.000000        0.500000
35             0.575658              0.000000        0.500000
33             0.575658              0.000000        0.500000
17             0.575658              0.000000        0.500000
1              0.575658              0.000000        0.500000
29             0.575658              0.000000        0.500000
19             0.575658              0.000000        0.500000
27             0.575658              0.000000        0.500000
25             0.575658              0.000000        0.500000
59             0.575658              0.000000        0.500000
2023-05-28 22:00:00,783 [INFO] Best model :
SVC(C=10, gamma=0.01, random_state=42)
2023-05-28 22:00:00,941 [INFO] Save train_prediction_log data...
2023-05-28 22:00:00,945 [INFO] {'Data': 'train', 'ACC': '1.0 (747 / 747)', 'TP': 317, 'FP': 0, 'FN': 0, 'TN': 430, 'Precision': '1.0 (317 / 317 + 0)', 'Recall': '1.0 (317 / 317 + 0)', 'F1': '1.0 (2 * (1.0 * 1.0) / 1.0 + 1.0)', 'Specificity': '1.0 (430 / 430 + 0)', 'AUC': 1.0, 'r2': 1.0}
2023-05-28 22:00:00,989 [INFO] Save valid_prediction_log data...
2023-05-28 22:00:00,991 [INFO] {'Data': 'valid', 'ACC': '0.84 (152 / 180)', 'TP': 44, 'FP': 0, 'FN': 28, 'TN': 108, 'Precision': '1.0 (44 / 44 + 0)', 'Recall': '0.61 (44 / 44 + 28)', 'F1': '0.76 (2 * (0.61 * 1.0) / 0.61 + 1.0)', 'Specificity': '1.0 (108 / 108 + 0)', 'AUC': 0.81, 'r2': 0.35}
2023-05-28 22:00:01,055 [INFO] Save test_prediction_log data...
2023-05-28 22:00:01,058 [INFO] {'Data': 'test', 'ACC': '0.61 (110 / 180)', 'TP': 3, 'FP': 1, 'FN': 69, 'TN': 107, 'Precision': '0.75 (3 / 3 + 1)', 'Recall': '0.04 (3 / 3 + 69)', 'F1': '0.08 (2 * (0.04 * 0.75) / 0.04 + 0.75)', 'Specificity': '0.99 (107 / 107 + 1)', 'AUC': 0.52, 'r2': -0.62}
2023-05-28 22:00:01,062 [INFO] Save training_log data...
2023-05-28 22:00:01,067 [INFO] Save score_log data...
2023-05-28 22:00:01,068 [INFO] Time : 21.378347396850586
