2023-05-27 22:10:27,763 [INFO] Train data : Vary_params_A\DUD-E\JAK2\nG1_80\ECFP6_256bits\MinMax\JAK2_train_vector.tsv
2023-05-27 22:10:27,763 [INFO] Valid data : Vary_params_A\DUD-E\JAK2\nG1_80\ECFP6_256bits\MinMax\JAK2_valid_vector.tsv
2023-05-27 22:10:27,763 [INFO] Output path : Vary_params_A\DUD-E\JAK2\nG1_80\ECFP6_256bits\MinMax\JAK2_model\SVM
2023-05-27 22:10:27,763 [INFO] Model type : SVM
2023-05-27 22:10:27,763 [INFO] Use cores : 3
2023-05-27 22:10:27,782 [INFO] Start Learning model
2023-05-27 22:10:27,782 [INFO] Train : 82 | Valid : 28
2023-05-27 22:10:27,782 [INFO] Set parameters : {'kernel': ['linear', 'rbf'], 'C': [0.01, 0.1, 1, 10, 100, 1000], 'gamma': [0.01, 0.1, 1, 100, 1000]}
2023-05-27 22:10:32,199 [INFO] GridSearchCV results :
    mean_valid_accuracy  mean_valid_precision  mean_valid_auc
31             0.952778                  1.00        0.900000
41             0.952778                  1.00        0.900000
51             0.952778                  1.00        0.900000
26             0.940278                  0.95        0.892857
32             0.940278                  0.95        0.892857
24             0.940278                  0.95        0.892857
34             0.940278                  0.95        0.892857
22             0.940278                  0.95        0.892857
36             0.940278                  0.95        0.892857
20             0.940278                  0.95        0.892857
38             0.940278                  0.95        0.892857
18             0.940278                  0.95        0.892857
40             0.940278                  0.95        0.892857
16             0.940278                  0.95        0.892857
30             0.940278                  0.95        0.892857
28             0.940278                  0.95        0.892857
42             0.940278                  0.95        0.892857
12             0.940278                  0.95        0.892857
44             0.940278                  0.95        0.892857
10             0.940278                  0.95        0.892857
46             0.940278                  0.95        0.892857
48             0.940278                  0.95        0.892857
50             0.940278                  0.95        0.892857
52             0.940278                  0.95        0.892857
54             0.940278                  0.95        0.892857
56             0.940278                  0.95        0.892857
58             0.940278                  0.95        0.892857
14             0.940278                  0.95        0.892857
0              0.941667                  0.90        0.875000
2              0.941667                  0.90        0.875000
4              0.941667                  0.90        0.875000
21             0.941667                  0.90        0.875000
6              0.941667                  0.90        0.875000
8              0.941667                  0.90        0.875000
29             0.818056                  0.00        0.500000
45             0.818056                  0.00        0.500000
57             0.818056                  0.00        0.500000
3              0.818056                  0.00        0.500000
55             0.818056                  0.00        0.500000
53             0.818056                  0.00        0.500000
5              0.818056                  0.00        0.500000
7              0.818056                  0.00        0.500000
49             0.818056                  0.00        0.500000
47             0.818056                  0.00        0.500000
9              0.818056                  0.00        0.500000
11             0.818056                  0.00        0.500000
1              0.818056                  0.00        0.500000
43             0.818056                  0.00        0.500000
13             0.818056                  0.00        0.500000
15             0.818056                  0.00        0.500000
17             0.818056                  0.00        0.500000
39             0.818056                  0.00        0.500000
19             0.818056                  0.00        0.500000
37             0.818056                  0.00        0.500000
35             0.818056                  0.00        0.500000
23             0.818056                  0.00        0.500000
33             0.818056                  0.00        0.500000
25             0.818056                  0.00        0.500000
27             0.818056                  0.00        0.500000
59             0.818056                  0.00        0.500000
2023-05-27 22:10:32,201 [INFO] Best model :
SVC(C=10, gamma=0.01, random_state=42)
2023-05-27 22:10:32,210 [INFO] Save train_prediction_log data...
2023-05-27 22:10:32,216 [INFO] {'Data': 'train', 'ACC': '1.0 (82 / 82)', 'TP': 15, 'FP': 0, 'FN': 0, 'TN': 67, 'Precision': '1.0 (15 / 15 + 0)', 'Recall': '1.0 (15 / 15 + 0)', 'F1': '1.0 (2 * (1.0 * 1.0) / 1.0 + 1.0)', 'Specificity': '1.0 (67 / 67 + 0)', 'AUC': 1.0, 'r2': 1.0}
2023-05-27 22:10:32,224 [INFO] Save valid_prediction_log data...
2023-05-27 22:10:32,228 [INFO] {'Data': 'valid', 'ACC': '0.82 (23 / 28)', 'TP': 6, 'FP': 0, 'FN': 5, 'TN': 17, 'Precision': '1.0 (6 / 6 + 0)', 'Recall': '0.55 (6 / 6 + 5)', 'F1': '0.71 (2 * (0.55 * 1.0) / 0.55 + 1.0)', 'Specificity': '1.0 (17 / 17 + 0)', 'AUC': 0.77, 'r2': 0.25}
2023-05-27 22:10:32,244 [INFO] Save test_prediction_log data...
2023-05-27 22:10:32,248 [INFO] {'Data': 'test', 'ACC': '0.64 (18 / 28)', 'TP': 1, 'FP': 0, 'FN': 10, 'TN': 17, 'Precision': '1.0 (1 / 1 + 0)', 'Recall': '0.09 (1 / 1 + 10)', 'F1': '0.17 (2 * (0.09 * 1.0) / 0.09 + 1.0)', 'Specificity': '1.0 (17 / 17 + 0)', 'AUC': 0.55, 'r2': -0.5}
2023-05-27 22:10:32,252 [INFO] Save training_log data...
2023-05-27 22:10:32,256 [INFO] Save score_log data...
2023-05-27 22:10:32,258 [INFO] Time : 4.494982004165649
