2023-05-28 08:10:56,109 [INFO] Train data : Vary_params_CDK2_EGFR_LCK\DUD-E\EGFR\nG1_20\ECFP4_256bits\MinMax\EGFR_train_vector.tsv
2023-05-28 08:10:56,110 [INFO] Valid data : Vary_params_CDK2_EGFR_LCK\DUD-E\EGFR\nG1_20\ECFP4_256bits\MinMax\EGFR_valid_vector.tsv
2023-05-28 08:10:56,110 [INFO] Output path : Vary_params_CDK2_EGFR_LCK\DUD-E\EGFR\nG1_20\ECFP4_256bits\MinMax\EGFR_model\SVM
2023-05-28 08:10:56,110 [INFO] Model type : SVM
2023-05-28 08:10:56,110 [INFO] Use cores : 19
2023-05-28 08:10:56,131 [INFO] Start Learning model
2023-05-28 08:10:56,132 [INFO] Train : 900 | Valid : 218
2023-05-28 08:10:56,132 [INFO] Set parameters : {'kernel': ['linear', 'rbf'], 'C': [0.01, 0.1, 1, 10, 100, 1000], 'gamma': [0.01, 0.1, 1, 100, 1000]}
2023-05-28 08:11:01,024 [INFO] GridSearchCV results :
    mean_valid_accuracy  mean_valid_precision  mean_valid_auc
43             0.916667              1.000000        0.900782
23             0.904444              1.000000        0.886131
53             0.916667              1.000000        0.900782
11             0.923333              1.000000        0.908784
33             0.916667              1.000000        0.900782
0              0.954444              0.997297        0.946212
2              0.954444              0.997297        0.946212
4              0.954444              0.997297        0.946212
6              0.954444              0.997297        0.946212
8              0.954444              0.997297        0.946212
21             0.962222              0.993665        0.955848
51             0.958889              0.953397        0.957748
41             0.958889              0.953397        0.957748
31             0.958889              0.953397        0.957748
14             0.945556              0.940191        0.943713
18             0.945556              0.940191        0.943713
10             0.945556              0.940191        0.943713
16             0.945556              0.940191        0.943713
12             0.945556              0.940191        0.943713
50             0.940000              0.922168        0.940005
48             0.940000              0.922168        0.940005
46             0.940000              0.922168        0.940005
44             0.940000              0.922168        0.940005
52             0.940000              0.922168        0.940005
56             0.940000              0.922168        0.940005
42             0.940000              0.922168        0.940005
58             0.940000              0.922168        0.940005
40             0.940000              0.922168        0.940005
38             0.940000              0.922168        0.940005
36             0.940000              0.922168        0.940005
34             0.940000              0.922168        0.940005
54             0.940000              0.922168        0.940005
30             0.940000              0.922168        0.940005
32             0.940000              0.922168        0.940005
28             0.940000              0.922168        0.940005
22             0.940000              0.922168        0.940005
24             0.940000              0.922168        0.940005
26             0.940000              0.922168        0.940005
20             0.940000              0.922168        0.940005
39             0.580000              0.000000        0.500000
17             0.580000              0.000000        0.500000
3              0.580000              0.000000        0.500000
57             0.580000              0.000000        0.500000
5              0.580000              0.000000        0.500000
55             0.580000              0.000000        0.500000
7              0.580000              0.000000        0.500000
9              0.580000              0.000000        0.500000
13             0.580000              0.000000        0.500000
15             0.580000              0.000000        0.500000
49             0.580000              0.000000        0.500000
27             0.580000              0.000000        0.500000
19             0.580000              0.000000        0.500000
47             0.580000              0.000000        0.500000
1              0.580000              0.000000        0.500000
45             0.580000              0.000000        0.500000
35             0.580000              0.000000        0.500000
29             0.580000              0.000000        0.500000
25             0.580000              0.000000        0.500000
37             0.580000              0.000000        0.500000
59             0.580000              0.000000        0.500000
2023-05-28 08:11:01,025 [INFO] Best model :
SVC(C=0.1, gamma=0.01, random_state=42)
2023-05-28 08:11:01,079 [INFO] Save train_prediction_log data...
2023-05-28 08:11:01,083 [INFO] {'Data': 'train', 'ACC': '0.93 (837 / 900)', 'TP': 315, 'FP': 0, 'FN': 63, 'TN': 522, 'Precision': '1.0 (315 / 315 + 0)', 'Recall': '0.83 (315 / 315 + 63)', 'F1': '0.91 (2 * (0.83 * 1.0) / 0.83 + 1.0)', 'Specificity': '1.0 (522 / 522 + 0)', 'AUC': 0.92, 'r2': 0.71}
2023-05-28 08:11:01,098 [INFO] Save valid_prediction_log data...
2023-05-28 08:11:01,100 [INFO] {'Data': 'valid', 'ACC': '0.95 (207 / 218)', 'TP': 76, 'FP': 0, 'FN': 11, 'TN': 131, 'Precision': '1.0 (76 / 76 + 0)', 'Recall': '0.87 (76 / 76 + 11)', 'F1': '0.93 (2 * (0.87 * 1.0) / 0.87 + 1.0)', 'Specificity': '1.0 (131 / 131 + 0)', 'AUC': 0.94, 'r2': 0.79}
2023-05-28 08:11:01,122 [INFO] Save test_prediction_log data...
2023-05-28 08:11:01,124 [INFO] {'Data': 'test', 'ACC': '0.67 (147 / 218)', 'TP': 35, 'FP': 19, 'FN': 52, 'TN': 112, 'Precision': '0.65 (35 / 35 + 19)', 'Recall': '0.4 (35 / 35 + 52)', 'F1': '0.5 (2 * (0.4 * 0.65) / 0.4 + 0.65)', 'Specificity': '0.85 (112 / 112 + 19)', 'AUC': 0.63, 'r2': -0.36}
2023-05-28 08:11:01,126 [INFO] Save training_log data...
2023-05-28 08:11:01,129 [INFO] Save score_log data...
2023-05-28 08:11:01,129 [INFO] Time : 5.0203447341918945
