2023-05-30 01:12:29,065 [INFO] Train data : Baseline_noscale\DUD-E\MAPK2\ECFP6_512bits\MAPK2_raw_train.tsv
2023-05-30 01:12:29,065 [INFO] Valid data : Baseline_noscale\DUD-E\MAPK2\ECFP6_512bits\MAPK2_raw_valid.tsv
2023-05-30 01:12:29,066 [INFO] Output path : Baseline_noscale\DUD-E\MAPK2\ECFP6_512bits\MAPK2_model\MLP
2023-05-30 01:12:29,066 [INFO] Model type : MLP
2023-05-30 01:12:29,066 [INFO] Use cores : 12
2023-05-30 01:12:29,080 [INFO] Start Learning model
2023-05-30 01:12:29,080 [INFO] Train : 102 | Valid : 25
2023-05-30 01:12:29,080 [INFO] Set parameters : {'hidden_layer_sizes': [(50,), (100,), (50, 50), (100, 100)], 'learning_rate': ['constant', 'invscaling', 'adaptive'], 'activation': ['relu', 'identity', 'logistic', 'tanh'], 'solver': ['adam', 'sgd', 'lbfgs'], 'alpha': [0.1, 0.01, 0.001], 'max_iter': [500, 1000], 'early_stopping': [True]}
2023-05-30 01:14:05,185 [INFO] GridSearchCV results :
     mean_valid_accuracy  mean_valid_precision  mean_valid_auc
603             0.873636                   1.0          0.8475
647             0.970909                   1.0          0.9650
459             0.873636                   1.0          0.8475
132             0.911818                   1.0          0.8925
278             0.970909                   1.0          0.9650
..                   ...                   ...             ...
193             0.598182                   0.0          0.5000
196             0.598182                   0.0          0.5000
466             0.598182                   0.0          0.5000
199             0.598182                   0.0          0.5000
481             0.598182                   0.0          0.5000

[864 rows x 3 columns]
2023-05-30 01:14:05,187 [INFO] Best model :
MLPClassifier(alpha=0.1, early_stopping=True, max_iter=500, random_state=42,
              solver='lbfgs')
2023-05-30 01:14:05,191 [INFO] Save train_prediction_log data...
2023-05-30 01:14:05,194 [INFO] {'Data': 'train', 'ACC': '1.0 (102 / 102)', 'TP': 41, 'FP': 0, 'FN': 0, 'TN': 61, 'Precision': '1.0 (41 / 41 + 0)', 'Recall': '1.0 (41 / 41 + 0)', 'F1': '1.0 (2 * (1.0 * 1.0) / 1.0 + 1.0)', 'Specificity': '1.0 (61 / 61 + 0)', 'AUC': 1.0, 'r2': 1.0}
2023-05-30 01:14:05,199 [INFO] Save valid_prediction_log data...
2023-05-30 01:14:05,200 [INFO] {'Data': 'valid', 'ACC': '1.0 (25 / 25)', 'TP': 10, 'FP': 0, 'FN': 0, 'TN': 15, 'Precision': '1.0 (10 / 10 + 0)', 'Recall': '1.0 (10 / 10 + 0)', 'F1': '1.0 (2 * (1.0 * 1.0) / 1.0 + 1.0)', 'Specificity': '1.0 (15 / 15 + 0)', 'AUC': 1.0, 'r2': 1.0}
2023-05-30 01:14:05,211 [INFO] Save test_prediction_log data...
2023-05-30 01:14:05,212 [INFO] {'Data': 'test', 'ACC': '0.76 (19 / 25)', 'TP': 5, 'FP': 1, 'FN': 5, 'TN': 14, 'Precision': '0.83 (5 / 5 + 1)', 'Recall': '0.5 (5 / 5 + 5)', 'F1': '0.62 (2 * (0.5 * 0.83) / 0.5 + 0.83)', 'Specificity': '0.93 (14 / 14 + 1)', 'AUC': 0.72, 'r2': 0.0}
2023-05-30 01:14:05,214 [INFO] Save training_log data...
2023-05-30 01:14:05,218 [INFO] Save score_log data...
2023-05-30 01:14:05,218 [INFO] Time : 96.15350556373596
