2023-05-29 02:52:16,992 [INFO] Train data : Vary_params\DUD-E\KPCB\nG1_20\ECFP6_512bits\Robust\KPCB_train_vector.tsv
2023-05-29 02:52:16,992 [INFO] Valid data : Vary_params\DUD-E\KPCB\nG1_20\ECFP6_512bits\Robust\KPCB_valid_vector.tsv
2023-05-29 02:52:16,992 [INFO] Output path : Vary_params\DUD-E\KPCB\nG1_20\ECFP6_512bits\Robust\KPCB_model\MLP
2023-05-29 02:52:16,992 [INFO] Model type : MLP
2023-05-29 02:52:16,992 [INFO] Use cores : 11
2023-05-29 02:52:17,018 [INFO] Start Learning model
2023-05-29 02:52:17,018 [INFO] Train : 198 | Valid : 42
2023-05-29 02:52:17,018 [INFO] Set parameters : {'hidden_layer_sizes': [(50,), (100,), (50, 50), (100, 100)], 'learning_rate': ['constant', 'invscaling', 'adaptive'], 'activation': ['relu', 'identity', 'logistic', 'tanh'], 'solver': ['adam', 'sgd', 'lbfgs'], 'alpha': [0.1, 0.01, 0.001], 'max_iter': [500, 1000], 'early_stopping': [True]}
2023-05-29 02:57:16,056 [INFO] GridSearchCV results :
     mean_valid_accuracy  mean_valid_precision  mean_valid_auc
497             0.939737              0.955152        0.939444
494             0.939737              0.955152        0.939444
491             0.939737              0.955152        0.939444
503             0.939737              0.955152        0.939444
500             0.939737              0.955152        0.939444
..                   ...                   ...             ...
477             0.510263              0.000000        0.500000
543             0.510263              0.000000        0.500000
571             0.510263              0.000000        0.500000
480             0.510263              0.000000        0.500000
637             0.510263              0.000000        0.500000

[864 rows x 3 columns]
2023-05-29 02:57:16,058 [INFO] Best model :
MLPClassifier(activation='logistic', alpha=0.1, early_stopping=True,
              hidden_layer_sizes=(100, 100), max_iter=500, random_state=42,
              solver='lbfgs')
2023-05-29 02:57:16,067 [INFO] Save train_prediction_log data...
2023-05-29 02:57:16,071 [INFO] {'Data': 'train', 'ACC': '1.0 (198 / 198)', 'TP': 97, 'FP': 0, 'FN': 0, 'TN': 101, 'Precision': '1.0 (97 / 97 + 0)', 'Recall': '1.0 (97 / 97 + 0)', 'F1': '1.0 (2 * (1.0 * 1.0) / 1.0 + 1.0)', 'Specificity': '1.0 (101 / 101 + 0)', 'AUC': 1.0, 'r2': 1.0}
2023-05-29 02:57:16,076 [INFO] Save valid_prediction_log data...
2023-05-29 02:57:16,080 [INFO] {'Data': 'valid', 'ACC': '1.0 (42 / 42)', 'TP': 17, 'FP': 0, 'FN': 0, 'TN': 25, 'Precision': '1.0 (17 / 17 + 0)', 'Recall': '1.0 (17 / 17 + 0)', 'F1': '1.0 (2 * (1.0 * 1.0) / 1.0 + 1.0)', 'Specificity': '1.0 (25 / 25 + 0)', 'AUC': 1.0, 'r2': 1.0}
2023-05-29 02:57:16,101 [INFO] Save test_prediction_log data...
2023-05-29 02:57:16,112 [INFO] {'Data': 'test', 'ACC': '0.79 (33 / 42)', 'TP': 10, 'FP': 2, 'FN': 7, 'TN': 23, 'Precision': '0.83 (10 / 10 + 2)', 'Recall': '0.59 (10 / 10 + 7)', 'F1': '0.69 (2 * (0.59 * 0.83) / 0.59 + 0.83)', 'Specificity': '0.92 (23 / 23 + 2)', 'AUC': 0.75, 'r2': 0.11}
2023-05-29 02:57:16,115 [INFO] Save training_log data...
2023-05-29 02:57:16,122 [INFO] Save score_log data...
2023-05-29 02:57:16,123 [INFO] Time : 299.13133001327515
