2023-05-28 22:21:53,564 [INFO] Train data : Vary_params_ABL_BRAF_FGFR1\DUD-E\ABL1\nG1_80\ECFP4_256bits\Robust\ABL1_train_vector.tsv
2023-05-28 22:21:53,564 [INFO] Valid data : Vary_params_ABL_BRAF_FGFR1\DUD-E\ABL1\nG1_80\ECFP4_256bits\Robust\ABL1_valid_vector.tsv
2023-05-28 22:21:53,564 [INFO] Output path : Vary_params_ABL_BRAF_FGFR1\DUD-E\ABL1\nG1_80\ECFP4_256bits\Robust\ABL1_model\MLP
2023-05-28 22:21:53,564 [INFO] Model type : MLP
2023-05-28 22:21:53,564 [INFO] Use cores : 19
2023-05-28 22:21:53,577 [INFO] Start Learning model
2023-05-28 22:21:53,577 [INFO] Train : 234 | Valid : 66
2023-05-28 22:21:53,577 [INFO] Set parameters : {'hidden_layer_sizes': [(50,), (100,), (50, 50), (100, 100)], 'learning_rate': ['constant', 'invscaling', 'adaptive'], 'activation': ['relu', 'identity', 'logistic', 'tanh'], 'solver': ['adam', 'sgd', 'lbfgs'], 'alpha': [0.1, 0.01, 0.001], 'max_iter': [500, 1000], 'early_stopping': [True]}
2023-05-28 22:24:23,432 [INFO] GridSearchCV results :
     mean_valid_accuracy  mean_valid_precision  mean_valid_auc
734             0.949638              0.954167        0.936399
731             0.949638              0.954167        0.936399
728             0.949638              0.954167        0.936399
725             0.949638              0.954167        0.936399
722             0.949638              0.954167        0.936399
..                   ...                   ...             ...
480             0.662500              0.000000        0.490625
549             0.662500              0.000000        0.490625
555             0.662500              0.000000        0.490625
477             0.662500              0.000000        0.490625
552             0.662500              0.000000        0.490625

[864 rows x 3 columns]
2023-05-28 22:24:23,433 [INFO] Best model :
MLPClassifier(activation='tanh', alpha=0.01, early_stopping=True,
              hidden_layer_sizes=(50,), max_iter=500, random_state=42,
              solver='lbfgs')
2023-05-28 22:24:23,437 [INFO] Save train_prediction_log data...
2023-05-28 22:24:23,440 [INFO] {'Data': 'train', 'ACC': '1.0 (234 / 234)', 'TP': 76, 'FP': 0, 'FN': 0, 'TN': 158, 'Precision': '1.0 (76 / 76 + 0)', 'Recall': '1.0 (76 / 76 + 0)', 'F1': '1.0 (2 * (1.0 * 1.0) / 1.0 + 1.0)', 'Specificity': '1.0 (158 / 158 + 0)', 'AUC': 1.0, 'r2': 1.0}
2023-05-28 22:24:23,443 [INFO] Save valid_prediction_log data...
2023-05-28 22:24:23,445 [INFO] {'Data': 'valid', 'ACC': '0.97 (64 / 66)', 'TP': 25, 'FP': 1, 'FN': 1, 'TN': 39, 'Precision': '0.96 (25 / 25 + 1)', 'Recall': '0.96 (25 / 25 + 1)', 'F1': '0.96 (2 * (0.96 * 0.96) / 0.96 + 0.96)', 'Specificity': '0.98 (39 / 39 + 1)', 'AUC': 0.97, 'r2': 0.87}
2023-05-28 22:24:23,453 [INFO] Save test_prediction_log data...
2023-05-28 22:24:23,455 [INFO] {'Data': 'test', 'ACC': '0.56 (37 / 66)', 'TP': 4, 'FP': 7, 'FN': 22, 'TN': 33, 'Precision': '0.36 (4 / 4 + 7)', 'Recall': '0.15 (4 / 4 + 22)', 'F1': '0.21 (2 * (0.15 * 0.36) / 0.15 + 0.36)', 'Specificity': '0.82 (33 / 33 + 7)', 'AUC': 0.49, 'r2': -0.84}
2023-05-28 22:24:23,457 [INFO] Save training_log data...
2023-05-28 22:24:23,461 [INFO] Save score_log data...
2023-05-28 22:24:23,461 [INFO] Time : 149.89693665504456
