2023-05-27 17:36:21,424 [INFO] Train data : Vary_params_A\DUD-E\JAK2\nG1_80\ECFP4_256bits\MinMax\JAK2_train_vector.tsv
2023-05-27 17:36:21,424 [INFO] Valid data : Vary_params_A\DUD-E\JAK2\nG1_80\ECFP4_256bits\MinMax\JAK2_valid_vector.tsv
2023-05-27 17:36:21,424 [INFO] Output path : Vary_params_A\DUD-E\JAK2\nG1_80\ECFP4_256bits\MinMax\JAK2_model\MLP
2023-05-27 17:36:21,424 [INFO] Model type : MLP
2023-05-27 17:36:21,424 [INFO] Use cores : 3
2023-05-27 17:36:21,443 [INFO] Start Learning model
2023-05-27 17:36:21,443 [INFO] Train : 82 | Valid : 28
2023-05-27 17:36:21,443 [INFO] Set parameters : {'hidden_layer_sizes': [(50,), (100,), (50, 50), (100, 100)], 'learning_rate': ['constant', 'invscaling', 'adaptive'], 'activation': ['relu', 'identity', 'logistic', 'tanh'], 'solver': ['adam', 'sgd', 'lbfgs'], 'alpha': [0.1, 0.01, 0.001], 'max_iter': [500, 1000], 'early_stopping': [True]}
2023-05-27 17:40:55,935 [INFO] GridSearchCV results :
     mean_valid_accuracy  mean_valid_precision  mean_valid_auc
455             0.965278                   1.0           0.925
440             0.965278                   1.0           0.925
251             0.965278                   1.0           0.925
434             0.965278                   1.0           0.925
71              0.965278                   1.0           0.925
..                   ...                   ...             ...
532             0.818056                   0.0           0.500
531             0.818056                   0.0           0.500
529             0.818056                   0.0           0.500
528             0.818056                   0.0           0.500
603             0.818056                   0.0           0.500

[864 rows x 3 columns]
2023-05-27 17:40:55,938 [INFO] Best model :
MLPClassifier(alpha=0.1, early_stopping=True, hidden_layer_sizes=(50,),
              max_iter=500, random_state=42, solver='lbfgs')
2023-05-27 17:40:55,944 [INFO] Save train_prediction_log data...
2023-05-27 17:40:55,949 [INFO] {'Data': 'train', 'ACC': '1.0 (82 / 82)', 'TP': 15, 'FP': 0, 'FN': 0, 'TN': 67, 'Precision': '1.0 (15 / 15 + 0)', 'Recall': '1.0 (15 / 15 + 0)', 'F1': '1.0 (2 * (1.0 * 1.0) / 1.0 + 1.0)', 'Specificity': '1.0 (67 / 67 + 0)', 'AUC': 1.0, 'r2': 1.0}
2023-05-27 17:40:55,954 [INFO] Save valid_prediction_log data...
2023-05-27 17:40:55,958 [INFO] {'Data': 'valid', 'ACC': '0.96 (27 / 28)', 'TP': 10, 'FP': 0, 'FN': 1, 'TN': 17, 'Precision': '1.0 (10 / 10 + 0)', 'Recall': '0.91 (10 / 10 + 1)', 'F1': '0.95 (2 * (0.91 * 1.0) / 0.91 + 1.0)', 'Specificity': '1.0 (17 / 17 + 0)', 'AUC': 0.95, 'r2': 0.85}
2023-05-27 17:40:55,970 [INFO] Save test_prediction_log data...
2023-05-27 17:40:55,974 [INFO] {'Data': 'test', 'ACC': '0.57 (16 / 28)', 'TP': 0, 'FP': 1, 'FN': 11, 'TN': 16, 'Precision': '0 (0 / 0 + 1)', 'Recall': '0 (0 / 0 + 11)', 'F1': '0 (2 * (0 * 0) / 0 + 0)', 'Specificity': '0.94 (16 / 16 + 1)', 'AUC': 0.47, 'r2': -0.8}
2023-05-27 17:40:55,977 [INFO] Save training_log data...
2023-05-27 17:40:55,984 [INFO] Save score_log data...
2023-05-27 17:40:55,986 [INFO] Time : 274.56089663505554
