2023-05-27 18:14:07,424 [INFO] Train data : Vary_params_CDK2_EGFR_LCK\DUD-E\CDK2\nG1_20\ECFP6_512bits\MinMax\CDK2_train_vector.tsv
2023-05-27 18:14:07,425 [INFO] Valid data : Vary_params_CDK2_EGFR_LCK\DUD-E\CDK2\nG1_20\ECFP6_512bits\MinMax\CDK2_valid_vector.tsv
2023-05-27 18:14:07,425 [INFO] Output path : Vary_params_CDK2_EGFR_LCK\DUD-E\CDK2\nG1_20\ECFP6_512bits\MinMax\CDK2_model\SVM
2023-05-27 18:14:07,425 [INFO] Model type : SVM
2023-05-27 18:14:07,425 [INFO] Use cores : 19
2023-05-27 18:14:07,459 [INFO] Start Learning model
2023-05-27 18:14:07,460 [INFO] Train : 878 | Valid : 212
2023-05-27 18:14:07,460 [INFO] Set parameters : {'kernel': ['linear', 'rbf'], 'C': [0.01, 0.1, 1, 10, 100, 1000], 'gamma': [0.01, 0.1, 1, 100, 1000]}
2023-05-27 18:14:19,632 [INFO] GridSearchCV results :
    mean_valid_accuracy  mean_valid_precision  mean_valid_auc
53             0.647022              1.000000        0.580030
43             0.647022              1.000000        0.580030
33             0.647022              1.000000        0.580030
11             0.659522              1.000000        0.594970
21             0.927051              0.938521        0.921988
31             0.936194              0.924764        0.935023
41             0.936194              0.924764        0.935023
51             0.936194              0.924764        0.935023
0              0.911089              0.921894        0.905256
8              0.911089              0.921894        0.905256
2              0.911089              0.921894        0.905256
4              0.911089              0.921894        0.905256
6              0.911089              0.921894        0.905256
23             0.615125              0.900000        0.542080
18             0.905447              0.873729        0.905917
10             0.905447              0.873729        0.905917
16             0.905447              0.873729        0.905917
14             0.905447              0.873729        0.905917
12             0.905447              0.873729        0.905917
50             0.896343              0.861316        0.896923
56             0.896343              0.861316        0.896923
48             0.896343              0.861316        0.896923
52             0.896343              0.861316        0.896923
44             0.896343              0.861316        0.896923
58             0.896343              0.861316        0.896923
42             0.896343              0.861316        0.896923
54             0.896343              0.861316        0.896923
40             0.896343              0.861316        0.896923
38             0.896343              0.861316        0.896923
36             0.896343              0.861316        0.896923
34             0.896343              0.861316        0.896923
46             0.896343              0.861316        0.896923
30             0.896343              0.861316        0.896923
32             0.896343              0.861316        0.896923
28             0.896343              0.861316        0.896923
22             0.896343              0.861316        0.896923
24             0.896343              0.861316        0.896923
26             0.896343              0.861316        0.896923
20             0.896343              0.861316        0.896923
39             0.579728              0.000000        0.500000
17             0.579728              0.000000        0.500000
3              0.579728              0.000000        0.500000
57             0.579728              0.000000        0.500000
5              0.579728              0.000000        0.500000
55             0.579728              0.000000        0.500000
7              0.579728              0.000000        0.500000
9              0.579728              0.000000        0.500000
13             0.579728              0.000000        0.500000
15             0.579728              0.000000        0.500000
49             0.579728              0.000000        0.500000
27             0.579728              0.000000        0.500000
19             0.579728              0.000000        0.500000
47             0.579728              0.000000        0.500000
1              0.579728              0.000000        0.500000
45             0.579728              0.000000        0.500000
35             0.579728              0.000000        0.500000
29             0.579728              0.000000        0.500000
25             0.579728              0.000000        0.500000
37             0.579728              0.000000        0.500000
59             0.579728              0.000000        0.500000
2023-05-27 18:14:19,633 [INFO] Best model :
SVC(C=0.1, gamma=0.01, random_state=42)
2023-05-27 18:14:19,733 [INFO] Save train_prediction_log data...
2023-05-27 18:14:19,736 [INFO] {'Data': 'train', 'ACC': '0.74 (647 / 878)', 'TP': 138, 'FP': 0, 'FN': 231, 'TN': 509, 'Precision': '1.0 (138 / 138 + 0)', 'Recall': '0.37 (138 / 138 + 231)', 'F1': '0.54 (2 * (0.37 * 1.0) / 0.37 + 1.0)', 'Specificity': '1.0 (509 / 509 + 0)', 'AUC': 0.69, 'r2': -0.08}
2023-05-27 18:14:19,763 [INFO] Save valid_prediction_log data...
2023-05-27 18:14:19,766 [INFO] {'Data': 'valid', 'ACC': '0.84 (178 / 212)', 'TP': 51, 'FP': 0, 'FN': 34, 'TN': 127, 'Precision': '1.0 (51 / 51 + 0)', 'Recall': '0.6 (51 / 51 + 34)', 'F1': '0.75 (2 * (0.6 * 1.0) / 0.6 + 1.0)', 'Specificity': '1.0 (127 / 127 + 0)', 'AUC': 0.8, 'r2': 0.33}
2023-05-27 18:14:19,802 [INFO] Save test_prediction_log data...
2023-05-27 18:14:19,805 [INFO] {'Data': 'test', 'ACC': '0.63 (133 / 212)', 'TP': 10, 'FP': 4, 'FN': 75, 'TN': 123, 'Precision': '0.71 (10 / 10 + 4)', 'Recall': '0.12 (10 / 10 + 75)', 'F1': '0.21 (2 * (0.12 * 0.71) / 0.12 + 0.71)', 'Specificity': '0.97 (123 / 123 + 4)', 'AUC': 0.54, 'r2': -0.55}
2023-05-27 18:14:19,808 [INFO] Save training_log data...
2023-05-27 18:14:19,810 [INFO] Save score_log data...
2023-05-27 18:14:19,811 [INFO] Time : 12.387048482894897
