2023-05-26 12:50:03,472 [INFO] Train data : Vary_params\DUD-E\MAPK2\nG1_20\ECFP6_256bits\Robust\MAPK2_train_vector.tsv
2023-05-26 12:50:03,472 [INFO] Valid data : Vary_params\DUD-E\MAPK2\nG1_20\ECFP6_256bits\Robust\MAPK2_valid_vector.tsv
2023-05-26 12:50:03,473 [INFO] Output path : Vary_params\DUD-E\MAPK2\nG1_20\ECFP6_256bits\Robust\MAPK2_model\SVM
2023-05-26 12:50:03,473 [INFO] Model type : SVM
2023-05-26 12:50:03,473 [INFO] Use cores : 10
2023-05-26 12:50:03,485 [INFO] Start Learning model
2023-05-26 12:50:03,485 [INFO] Train : 132 | Valid : 25
2023-05-26 12:50:03,485 [INFO] Set parameters : {'kernel': ['linear', 'rbf'], 'C': [0.01, 0.1, 1, 10, 100, 1000], 'gamma': [0.01, 0.1, 1, 100, 1000]}
2023-05-26 12:50:05,978 [INFO] GridSearchCV results :
    mean_valid_accuracy  mean_valid_precision  mean_valid_auc
0              0.828022              0.827778        0.825595
20             0.828022              0.827778        0.825595
24             0.828022              0.827778        0.825595
26             0.828022              0.827778        0.825595
28             0.828022              0.827778        0.825595
32             0.828022              0.827778        0.825595
34             0.828022              0.827778        0.825595
36             0.828022              0.827778        0.825595
38             0.828022              0.827778        0.825595
40             0.828022              0.827778        0.825595
42             0.828022              0.827778        0.825595
44             0.828022              0.827778        0.825595
46             0.828022              0.827778        0.825595
48             0.828022              0.827778        0.825595
50             0.828022              0.827778        0.825595
52             0.828022              0.827778        0.825595
54             0.828022              0.827778        0.825595
56             0.828022              0.827778        0.825595
58             0.828022              0.827778        0.825595
22             0.828022              0.827778        0.825595
30             0.828022              0.827778        0.825595
10             0.828022              0.827778        0.825595
2              0.828022              0.827778        0.825595
18             0.828022              0.827778        0.825595
8              0.828022              0.827778        0.825595
16             0.828022              0.827778        0.825595
4              0.828022              0.827778        0.825595
12             0.828022              0.827778        0.825595
6              0.828022              0.827778        0.825595
14             0.828022              0.827778        0.825595
49             0.537912              0.537912        0.500000
9              0.537912              0.537912        0.500000
45             0.537912              0.537912        0.500000
47             0.537912              0.537912        0.500000
7              0.537912              0.537912        0.500000
21             0.537912              0.537912        0.500000
43             0.537912              0.537912        0.500000
5              0.537912              0.537912        0.500000
53             0.537912              0.537912        0.500000
55             0.537912              0.537912        0.500000
3              0.537912              0.537912        0.500000
57             0.537912              0.537912        0.500000
51             0.537912              0.537912        0.500000
11             0.537912              0.537912        0.500000
41             0.537912              0.537912        0.500000
19             0.537912              0.537912        0.500000
39             0.537912              0.537912        0.500000
37             0.537912              0.537912        0.500000
13             0.537912              0.537912        0.500000
35             0.537912              0.537912        0.500000
33             0.537912              0.537912        0.500000
15             0.537912              0.537912        0.500000
31             0.537912              0.537912        0.500000
1              0.537912              0.537912        0.500000
29             0.537912              0.537912        0.500000
27             0.537912              0.537912        0.500000
17             0.537912              0.537912        0.500000
25             0.537912              0.537912        0.500000
23             0.537912              0.537912        0.500000
59             0.537912              0.537912        0.500000
2023-05-26 12:50:05,981 [INFO] Best model :
SVC(C=0.01, gamma=0.01, kernel='linear', random_state=42)
2023-05-26 12:50:05,985 [INFO] Save train_prediction_log data...
2023-05-26 12:50:05,988 [INFO] {'Data': 'train', 'ACC': '1.0 (132 / 132)', 'TP': 71, 'FP': 0, 'FN': 0, 'TN': 61, 'Precision': '1.0 (71 / 71 + 0)', 'Recall': '1.0 (71 / 71 + 0)', 'F1': '1.0 (2 * (1.0 * 1.0) / 1.0 + 1.0)', 'Specificity': '1.0 (61 / 61 + 0)', 'AUC': 1.0, 'r2': 1.0}
2023-05-26 12:50:05,991 [INFO] Save valid_prediction_log data...
2023-05-26 12:50:05,993 [INFO] {'Data': 'valid', 'ACC': '0.88 (22 / 25)', 'TP': 10, 'FP': 3, 'FN': 0, 'TN': 12, 'Precision': '0.77 (10 / 10 + 3)', 'Recall': '1.0 (10 / 10 + 0)', 'F1': '0.87 (2 * (1.0 * 0.77) / 1.0 + 0.77)', 'Specificity': '0.8 (12 / 12 + 3)', 'AUC': 0.9, 'r2': 0.5}
2023-05-26 12:50:06,001 [INFO] Save test_prediction_log data...
2023-05-26 12:50:06,003 [INFO] {'Data': 'test', 'ACC': '0.68 (17 / 25)', 'TP': 6, 'FP': 4, 'FN': 4, 'TN': 11, 'Precision': '0.6 (6 / 6 + 4)', 'Recall': '0.6 (6 / 6 + 4)', 'F1': '0.6 (2 * (0.6 * 0.6) / 0.6 + 0.6)', 'Specificity': '0.73 (11 / 11 + 4)', 'AUC': 0.67, 'r2': -0.33}
2023-05-26 12:50:06,005 [INFO] Save training_log data...
2023-05-26 12:50:06,006 [INFO] Save score_log data...
2023-05-26 12:50:06,007 [INFO] Time : 2.534998655319214
