2023-05-31 00:42:06,698 [INFO] Train data : Vary_params_BRAF_MK14\DUD-E\MK14\nG1_80\ECFP6_256bits\MinMax\MK14_train_vector.tsv
2023-05-31 00:42:06,698 [INFO] Valid data : Vary_params_BRAF_MK14\DUD-E\MK14\nG1_80\ECFP6_256bits\MinMax\MK14_valid_vector.tsv
2023-05-31 00:42:06,698 [INFO] Output path : Vary_params_BRAF_MK14\DUD-E\MK14\nG1_80\ECFP6_256bits\MinMax\MK14_model\SVM
2023-05-31 00:42:06,698 [INFO] Model type : SVM
2023-05-31 00:42:06,698 [INFO] Use cores : 10
2023-05-31 00:42:06,726 [INFO] Start Learning model
2023-05-31 00:42:06,726 [INFO] Train : 871 | Valid : 225
2023-05-31 00:42:06,726 [INFO] Set parameters : {'kernel': ['linear', 'rbf'], 'C': [0.01, 0.1, 1, 10, 100, 1000], 'gamma': [0.01, 0.1, 1, 100, 1000]}
2023-05-31 00:42:12,768 [INFO] GridSearchCV results :
    mean_valid_accuracy  mean_valid_precision  mean_valid_auc
53             0.675000              1.000000        0.571212
33             0.675000              1.000000        0.571212
43             0.675000              1.000000        0.571212
11             0.716445              1.000000        0.625758
21             0.957563              0.968368        0.949848
31             0.962134              0.955909        0.958855
41             0.962134              0.955909        0.958855
51             0.962134              0.955909        0.958855
0              0.941484              0.944156        0.933350
8              0.941484              0.944156        0.933350
6              0.941484              0.944156        0.933350
2              0.941484              0.944156        0.933350
4              0.941484              0.944156        0.933350
10             0.926528              0.894808        0.924899
18             0.926528              0.894808        0.924899
16             0.926528              0.894808        0.924899
14             0.926528              0.894808        0.924899
12             0.926528              0.894808        0.924899
32             0.910475              0.868916        0.909579
50             0.910475              0.868916        0.909579
48             0.910475              0.868916        0.909579
52             0.910475              0.868916        0.909579
56             0.910475              0.868916        0.909579
44             0.910475              0.868916        0.909579
42             0.910475              0.868916        0.909579
58             0.910475              0.868916        0.909579
40             0.910475              0.868916        0.909579
38             0.910475              0.868916        0.909579
36             0.910475              0.868916        0.909579
34             0.910475              0.868916        0.909579
54             0.910475              0.868916        0.909579
46             0.910475              0.868916        0.909579
30             0.910475              0.868916        0.909579
20             0.910475              0.868916        0.909579
28             0.910475              0.868916        0.909579
26             0.910475              0.868916        0.909579
24             0.910475              0.868916        0.909579
22             0.910475              0.868916        0.909579
23             0.648642              0.800000        0.536364
49             0.621121              0.000000        0.500000
3              0.621121              0.000000        0.500000
57             0.621121              0.000000        0.500000
5              0.621121              0.000000        0.500000
55             0.621121              0.000000        0.500000
7              0.621121              0.000000        0.500000
9              0.621121              0.000000        0.500000
13             0.621121              0.000000        0.500000
15             0.621121              0.000000        0.500000
17             0.621121              0.000000        0.500000
1              0.621121              0.000000        0.500000
19             0.621121              0.000000        0.500000
47             0.621121              0.000000        0.500000
29             0.621121              0.000000        0.500000
45             0.621121              0.000000        0.500000
25             0.621121              0.000000        0.500000
39             0.621121              0.000000        0.500000
27             0.621121              0.000000        0.500000
37             0.621121              0.000000        0.500000
35             0.621121              0.000000        0.500000
59             0.621121              0.000000        0.500000
2023-05-31 00:42:12,770 [INFO] Best model :
SVC(C=0.1, gamma=0.01, random_state=42)
2023-05-31 00:42:12,843 [INFO] Save train_prediction_log data...
2023-05-31 00:42:12,846 [INFO] {'Data': 'train', 'ACC': '0.8 (698 / 871)', 'TP': 157, 'FP': 0, 'FN': 173, 'TN': 541, 'Precision': '1.0 (157 / 157 + 0)', 'Recall': '0.48 (157 / 157 + 173)', 'F1': '0.65 (2 * (0.48 * 1.0) / 0.48 + 1.0)', 'Specificity': '1.0 (541 / 541 + 0)', 'AUC': 0.74, 'r2': 0.16}
2023-05-31 00:42:12,867 [INFO] Save valid_prediction_log data...
2023-05-31 00:42:12,869 [INFO] {'Data': 'valid', 'ACC': '0.82 (185 / 225)', 'TP': 50, 'FP': 0, 'FN': 40, 'TN': 135, 'Precision': '1.0 (50 / 50 + 0)', 'Recall': '0.56 (50 / 50 + 40)', 'F1': '0.72 (2 * (0.56 * 1.0) / 0.56 + 1.0)', 'Specificity': '1.0 (135 / 135 + 0)', 'AUC': 0.78, 'r2': 0.26}
2023-05-31 00:42:12,898 [INFO] Save test_prediction_log data...
2023-05-31 00:42:12,900 [INFO] {'Data': 'test', 'ACC': '0.62 (139 / 225)', 'TP': 10, 'FP': 6, 'FN': 80, 'TN': 129, 'Precision': '0.62 (10 / 10 + 6)', 'Recall': '0.11 (10 / 10 + 80)', 'F1': '0.19 (2 * (0.11 * 0.62) / 0.11 + 0.62)', 'Specificity': '0.96 (129 / 129 + 6)', 'AUC': 0.53, 'r2': -0.59}
2023-05-31 00:42:12,903 [INFO] Save training_log data...
2023-05-31 00:42:12,904 [INFO] Save score_log data...
2023-05-31 00:42:12,905 [INFO] Time : 6.206970691680908
