2023-05-28 14:51:03,234 [INFO] Train data : Vary_params_CDK2_EGFR_LCK\DUD-E\EGFR\nG1_50\ECFP4_512bits\Robust\EGFR_train_vector.tsv
2023-05-28 14:51:03,234 [INFO] Valid data : Vary_params_CDK2_EGFR_LCK\DUD-E\EGFR\nG1_50\ECFP4_512bits\Robust\EGFR_valid_vector.tsv
2023-05-28 14:51:03,234 [INFO] Output path : Vary_params_CDK2_EGFR_LCK\DUD-E\EGFR\nG1_50\ECFP4_512bits\Robust\EGFR_model\MLP
2023-05-28 14:51:03,234 [INFO] Model type : MLP
2023-05-28 14:51:03,234 [INFO] Use cores : 19
2023-05-28 14:51:03,270 [INFO] Start Learning model
2023-05-28 14:51:03,270 [INFO] Train : 870 | Valid : 218
2023-05-28 14:51:03,270 [INFO] Set parameters : {'hidden_layer_sizes': [(50,), (100,), (50, 50), (100, 100)], 'learning_rate': ['constant', 'invscaling', 'adaptive'], 'activation': ['relu', 'identity', 'logistic', 'tanh'], 'solver': ['adam', 'sgd', 'lbfgs'], 'alpha': [0.1, 0.01, 0.001], 'max_iter': [500, 1000], 'early_stopping': [True]}
2023-05-28 14:57:29,056 [INFO] GridSearchCV results :
     mean_valid_accuracy  mean_valid_precision  mean_valid_auc
552             0.947126              0.986695        0.935962
624             0.947126              0.986695        0.935962
621             0.947126              0.986695        0.935962
618             0.947126              0.986695        0.935962
615             0.947126              0.986695        0.935962
..                   ...                   ...             ...
499             0.600000              0.000000        0.500000
616             0.600000              0.000000        0.500000
502             0.600000              0.000000        0.500000
613             0.600000              0.000000        0.500000
571             0.600000              0.000000        0.500000

[864 rows x 3 columns]
2023-05-28 14:57:29,057 [INFO] Best model :
MLPClassifier(activation='logistic', alpha=0.01, early_stopping=True,
              hidden_layer_sizes=(50, 50), max_iter=500, random_state=42)
2023-05-28 14:57:29,067 [INFO] Save train_prediction_log data...
2023-05-28 14:57:29,071 [INFO] {'Data': 'train', 'ACC': '0.99 (860 / 870)', 'TP': 339, 'FP': 1, 'FN': 9, 'TN': 521, 'Precision': '1.0 (339 / 339 + 1)', 'Recall': '0.97 (339 / 339 + 9)', 'F1': '0.98 (2 * (0.97 * 1.0) / 0.97 + 1.0)', 'Specificity': '1.0 (521 / 521 + 1)', 'AUC': 0.99, 'r2': 0.95}
2023-05-28 14:57:29,076 [INFO] Save valid_prediction_log data...
2023-05-28 14:57:29,077 [INFO] {'Data': 'valid', 'ACC': '0.98 (213 / 218)', 'TP': 82, 'FP': 0, 'FN': 5, 'TN': 131, 'Precision': '1.0 (82 / 82 + 0)', 'Recall': '0.94 (82 / 82 + 5)', 'F1': '0.97 (2 * (0.94 * 1.0) / 0.94 + 1.0)', 'Specificity': '1.0 (131 / 131 + 0)', 'AUC': 0.97, 'r2': 0.9}
2023-05-28 14:57:29,094 [INFO] Save test_prediction_log data...
2023-05-28 14:57:29,097 [INFO] {'Data': 'test', 'ACC': '0.66 (144 / 218)', 'TP': 32, 'FP': 19, 'FN': 55, 'TN': 112, 'Precision': '0.63 (32 / 32 + 19)', 'Recall': '0.37 (32 / 32 + 55)', 'F1': '0.47 (2 * (0.37 * 0.63) / 0.37 + 0.63)', 'Specificity': '0.85 (112 / 112 + 19)', 'AUC': 0.61, 'r2': -0.42}
2023-05-28 14:57:29,099 [INFO] Save training_log data...
2023-05-28 14:57:29,105 [INFO] Save score_log data...
2023-05-28 14:57:29,106 [INFO] Time : 385.8723657131195
