2023-05-30 00:44:16,495 [INFO] Train data : Baseline_noscale\DUD-E\MAPK2\ECFP4_256bits\MAPK2_raw_train.tsv
2023-05-30 00:44:16,495 [INFO] Valid data : Baseline_noscale\DUD-E\MAPK2\ECFP4_256bits\MAPK2_raw_valid.tsv
2023-05-30 00:44:16,495 [INFO] Output path : Baseline_noscale\DUD-E\MAPK2\ECFP4_256bits\MAPK2_model\SVM
2023-05-30 00:44:16,495 [INFO] Model type : SVM
2023-05-30 00:44:16,495 [INFO] Use cores : 12
2023-05-30 00:44:16,504 [INFO] Start Learning model
2023-05-30 00:44:16,504 [INFO] Train : 102 | Valid : 25
2023-05-30 00:44:16,504 [INFO] Set parameters : {'kernel': ['linear', 'rbf'], 'C': [0.01, 0.1, 1, 10, 100, 1000], 'gamma': [0.01, 0.1, 1, 100, 1000]}
2023-05-30 00:44:19,130 [INFO] GridSearchCV results :
    mean_valid_accuracy  mean_valid_precision  mean_valid_auc
0              0.910909              1.000000        0.890000
53             0.853636              1.000000        0.820000
33             0.853636              1.000000        0.820000
41             0.960909              1.000000        0.952500
23             0.834545              1.000000        0.795000
43             0.853636              1.000000        0.820000
21             0.930909              1.000000        0.915000
51             0.960909              1.000000        0.952500
31             0.960909              1.000000        0.952500
8              0.910909              1.000000        0.890000
2              0.910909              1.000000        0.890000
4              0.910909              1.000000        0.890000
6              0.910909              1.000000        0.890000
18             0.930909              0.946667        0.927500
10             0.930909              0.946667        0.927500
16             0.930909              0.946667        0.927500
14             0.930909              0.946667        0.927500
12             0.930909              0.946667        0.927500
32             0.920909              0.926667        0.919167
48             0.920909              0.926667        0.919167
50             0.920909              0.926667        0.919167
46             0.920909              0.926667        0.919167
54             0.920909              0.926667        0.919167
56             0.920909              0.926667        0.919167
42             0.920909              0.926667        0.919167
58             0.920909              0.926667        0.919167
40             0.920909              0.926667        0.919167
38             0.920909              0.926667        0.919167
36             0.920909              0.926667        0.919167
34             0.920909              0.926667        0.919167
52             0.920909              0.926667        0.919167
44             0.920909              0.926667        0.919167
30             0.920909              0.926667        0.919167
28             0.920909              0.926667        0.919167
26             0.920909              0.926667        0.919167
24             0.920909              0.926667        0.919167
22             0.920909              0.926667        0.919167
20             0.920909              0.926667        0.919167
1              0.598182              0.000000        0.500000
49             0.598182              0.000000        0.500000
3              0.598182              0.000000        0.500000
57             0.598182              0.000000        0.500000
5              0.598182              0.000000        0.500000
55             0.598182              0.000000        0.500000
7              0.598182              0.000000        0.500000
9              0.598182              0.000000        0.500000
11             0.598182              0.000000        0.500000
13             0.598182              0.000000        0.500000
15             0.598182              0.000000        0.500000
19             0.598182              0.000000        0.500000
17             0.598182              0.000000        0.500000
47             0.598182              0.000000        0.500000
29             0.598182              0.000000        0.500000
45             0.598182              0.000000        0.500000
25             0.598182              0.000000        0.500000
39             0.598182              0.000000        0.500000
27             0.598182              0.000000        0.500000
37             0.598182              0.000000        0.500000
35             0.598182              0.000000        0.500000
59             0.598182              0.000000        0.500000
2023-05-30 00:44:19,131 [INFO] Best model :
SVC(C=0.01, gamma=0.01, kernel='linear', random_state=42)
2023-05-30 00:44:19,135 [INFO] Save train_prediction_log data...
2023-05-30 00:44:19,137 [INFO] {'Data': 'train', 'ACC': '0.96 (98 / 102)', 'TP': 37, 'FP': 0, 'FN': 4, 'TN': 61, 'Precision': '1.0 (37 / 37 + 0)', 'Recall': '0.9 (37 / 37 + 4)', 'F1': '0.95 (2 * (0.9 * 1.0) / 0.9 + 1.0)', 'Specificity': '1.0 (61 / 61 + 0)', 'AUC': 0.95, 'r2': 0.84}
2023-05-30 00:44:19,142 [INFO] Save valid_prediction_log data...
2023-05-30 00:44:19,143 [INFO] {'Data': 'valid', 'ACC': '0.96 (24 / 25)', 'TP': 10, 'FP': 1, 'FN': 0, 'TN': 14, 'Precision': '0.91 (10 / 10 + 1)', 'Recall': '1.0 (10 / 10 + 0)', 'F1': '0.95 (2 * (1.0 * 0.91) / 1.0 + 0.91)', 'Specificity': '0.93 (14 / 14 + 1)', 'AUC': 0.97, 'r2': 0.83}
2023-05-30 00:44:19,149 [INFO] Save test_prediction_log data...
2023-05-30 00:44:19,151 [INFO] {'Data': 'test', 'ACC': '0.72 (18 / 25)', 'TP': 4, 'FP': 1, 'FN': 6, 'TN': 14, 'Precision': '0.8 (4 / 4 + 1)', 'Recall': '0.4 (4 / 4 + 6)', 'F1': '0.53 (2 * (0.4 * 0.8) / 0.4 + 0.8)', 'Specificity': '0.93 (14 / 14 + 1)', 'AUC': 0.67, 'r2': -0.17}
2023-05-30 00:44:19,153 [INFO] Save training_log data...
2023-05-30 00:44:19,154 [INFO] Save score_log data...
2023-05-30 00:44:19,155 [INFO] Time : 2.66031813621521
