2023-05-28 17:36:43,434 [INFO] Train data : Vary_params_VGFR2\DUD-E\VGFR2\nG1_20\ECFP4_512bits\MinMax\VGFR2_train_vector.tsv
2023-05-28 17:36:43,434 [INFO] Valid data : Vary_params_VGFR2\DUD-E\VGFR2\nG1_20\ECFP4_512bits\MinMax\VGFR2_valid_vector.tsv
2023-05-28 17:36:43,434 [INFO] Output path : Vary_params_VGFR2\DUD-E\VGFR2\nG1_20\ECFP4_512bits\MinMax\VGFR2_model\XGB
2023-05-28 17:36:43,434 [INFO] Model type : XGB
2023-05-28 17:36:43,434 [INFO] Use cores : 18
2023-05-28 17:36:43,485 [INFO] Start Learning model
2023-05-28 17:36:43,485 [INFO] Train : 747 | Valid : 180
2023-05-28 17:36:43,487 [INFO] Set parameters : {'max_depth': [4, 6, 8], 'learning_rate': [0.01, 0.2], 'n_estimators': [200, 600, 1000], 'gamma': [0, 1000], 'min_child_weight': [1, 3], 'subsample': [0.5, 1], 'colsample_bytree': [0.5, 1], 'objective': ['binary:logitraw'], 'eval_metric': ['auc', 'error']}
2023-05-28 18:17:48,333 [INFO] GridSearchCV results :
     mean_valid_accuracy  mean_valid_precision  mean_valid_auc
158             0.973279              0.987286        0.970248
14              0.973279              0.987286        0.970248
171             0.971928              0.984659        0.969085
27              0.971928              0.984659        0.969085
31              0.961207              0.984603        0.956484
..                   ...                   ...             ...
103             0.575658              0.000000        0.500000
104             0.575658              0.000000        0.500000
105             0.575658              0.000000        0.500000
106             0.575658              0.000000        0.500000
575             0.575658              0.000000        0.500000

[576 rows x 3 columns]
2023-05-28 18:17:48,335 [INFO] Best model :
XGBClassifier(base_score=None, booster=None, callbacks=None,
              colsample_bylevel=None, colsample_bynode=None,
              colsample_bytree=0.5, early_stopping_rounds=None,
              enable_categorical=False, eval_metric='auc', feature_types=None,
              gamma=0, gpu_id=None, grow_policy=None, importance_type=None,
              interaction_constraints=None, learning_rate=0.01, max_bin=None,
              max_cat_threshold=None, max_cat_to_onehot=None,
              max_delta_step=None, max_depth=6, max_leaves=None,
              min_child_weight=1, missing=nan, monotone_constraints=None,
              n_estimators=600, n_jobs=0, num_parallel_tree=None,
              objective='binary:logitraw', predictor=None, ...)
2023-05-28 18:17:48,362 [INFO] Save train_prediction_log data...
2023-05-28 18:17:48,369 [INFO] {'Data': 'train', 'ACC': '1.0 (745 / 747)', 'TP': 315, 'FP': 0, 'FN': 2, 'TN': 430, 'Precision': '1.0 (315 / 315 + 0)', 'Recall': '0.99 (315 / 315 + 2)', 'F1': '0.99 (2 * (0.99 * 1.0) / 0.99 + 1.0)', 'Specificity': '1.0 (430 / 430 + 0)', 'AUC': 1.0, 'r2': 0.99}
2023-05-28 18:17:48,390 [INFO] Save valid_prediction_log data...
2023-05-28 18:17:48,394 [INFO] {'Data': 'valid', 'ACC': '0.99 (178 / 180)', 'TP': 72, 'FP': 2, 'FN': 0, 'TN': 106, 'Precision': '0.97 (72 / 72 + 2)', 'Recall': '1.0 (72 / 72 + 0)', 'F1': '0.98 (2 * (1.0 * 0.97) / 1.0 + 0.97)', 'Specificity': '0.98 (106 / 106 + 2)', 'AUC': 0.99, 'r2': 0.95}
2023-05-28 18:17:48,442 [INFO] Save test_prediction_log data...
2023-05-28 18:17:48,446 [INFO] {'Data': 'test', 'ACC': '0.57 (103 / 180)', 'TP': 35, 'FP': 40, 'FN': 37, 'TN': 68, 'Precision': '0.47 (35 / 35 + 40)', 'Recall': '0.49 (35 / 35 + 37)', 'F1': '0.48 (2 * (0.49 * 0.47) / 0.49 + 0.47)', 'Specificity': '0.63 (68 / 68 + 40)', 'AUC': 0.56, 'r2': -0.78}
2023-05-28 18:17:48,458 [INFO] Save training_log data...
2023-05-28 18:17:53,191 [INFO] Save score_log data...
2023-05-28 18:17:53,191 [INFO] Time : 2469.7574615478516
