2023-05-30 08:49:30,394 [INFO] Train data : Baseline_noscale\DUD-E\VGFR2\ECFP6_256bits\VGFR2_raw_train.tsv
2023-05-30 08:49:30,394 [INFO] Valid data : Baseline_noscale\DUD-E\VGFR2\ECFP6_256bits\VGFR2_raw_valid.tsv
2023-05-30 08:49:30,395 [INFO] Output path : Baseline_noscale\DUD-E\VGFR2\ECFP6_256bits\VGFR2_model\XGB
2023-05-30 08:49:30,395 [INFO] Model type : XGB
2023-05-30 08:49:30,395 [INFO] Use cores : 12
2023-05-30 08:49:30,409 [INFO] Start Learning model
2023-05-30 08:49:30,409 [INFO] Train : 717 | Valid : 180
2023-05-30 08:49:30,410 [INFO] Set parameters : {'max_depth': [4, 6, 8], 'learning_rate': [0.01, 0.2], 'n_estimators': [200, 600, 1000], 'gamma': [0, 1000], 'min_child_weight': [1, 3], 'subsample': [0.5, 1], 'colsample_bytree': [0.5, 1], 'objective': ['binary:logitraw'], 'eval_metric': ['auc', 'error']}
2023-05-30 09:06:13,014 [INFO] GridSearchCV results :
     mean_valid_accuracy  mean_valid_precision  mean_valid_auc
156             0.930282              0.980343        0.915861
168             0.928893              0.980343        0.914137
12              0.930282              0.980343        0.915861
24              0.928893              0.980343        0.914137
160             0.954010              0.978515        0.946164
..                   ...                   ...             ...
102             0.599746              0.000000        0.500000
103             0.599746              0.000000        0.500000
104             0.599746              0.000000        0.500000
105             0.599746              0.000000        0.500000
575             0.599746              0.000000        0.500000

[576 rows x 3 columns]
2023-05-30 09:06:13,015 [INFO] Best model :
XGBClassifier(base_score=None, booster=None, callbacks=None,
              colsample_bylevel=None, colsample_bynode=None,
              colsample_bytree=0.5, early_stopping_rounds=None,
              enable_categorical=False, eval_metric='auc', feature_types=None,
              gamma=0, gpu_id=None, grow_policy=None, importance_type=None,
              interaction_constraints=None, learning_rate=0.01, max_bin=None,
              max_cat_threshold=None, max_cat_to_onehot=None,
              max_delta_step=None, max_depth=6, max_leaves=None,
              min_child_weight=1, missing=nan, monotone_constraints=None,
              n_estimators=200, n_jobs=0, num_parallel_tree=None,
              objective='binary:logitraw', predictor=None, ...)
2023-05-30 09:06:13,028 [INFO] Save train_prediction_log data...
2023-05-30 09:06:13,032 [INFO] {'Data': 'train', 'ACC': '0.99 (712 / 717)', 'TP': 282, 'FP': 0, 'FN': 5, 'TN': 430, 'Precision': '1.0 (282 / 282 + 0)', 'Recall': '0.98 (282 / 282 + 5)', 'F1': '0.99 (2 * (0.98 * 1.0) / 0.98 + 1.0)', 'Specificity': '1.0 (430 / 430 + 0)', 'AUC': 0.99, 'r2': 0.97}
2023-05-30 09:06:13,041 [INFO] Save valid_prediction_log data...
2023-05-30 09:06:13,043 [INFO] {'Data': 'valid', 'ACC': '0.99 (178 / 180)', 'TP': 71, 'FP': 1, 'FN': 1, 'TN': 107, 'Precision': '0.99 (71 / 71 + 1)', 'Recall': '0.99 (71 / 71 + 1)', 'F1': '0.99 (2 * (0.99 * 0.99) / 0.99 + 0.99)', 'Specificity': '0.99 (107 / 107 + 1)', 'AUC': 0.99, 'r2': 0.95}
2023-05-30 09:06:13,057 [INFO] Save test_prediction_log data...
2023-05-30 09:06:13,060 [INFO] {'Data': 'test', 'ACC': '0.57 (103 / 180)', 'TP': 21, 'FP': 26, 'FN': 51, 'TN': 82, 'Precision': '0.45 (21 / 21 + 26)', 'Recall': '0.29 (21 / 21 + 51)', 'F1': '0.35 (2 * (0.29 * 0.45) / 0.29 + 0.45)', 'Specificity': '0.76 (82 / 82 + 26)', 'AUC': 0.53, 'r2': -0.78}
2023-05-30 09:06:13,065 [INFO] Save training_log data...
2023-05-30 09:06:13,431 [INFO] Save score_log data...
2023-05-30 09:06:13,432 [INFO] Time : 1003.0383920669556
