2023-05-29 03:30:14,360 [INFO] Train data : Vary_params\DUD-E\KPCB\nG1_20\ECFP6_512bits\MinMax\KPCB_train_vector.tsv
2023-05-29 03:30:14,360 [INFO] Valid data : Vary_params\DUD-E\KPCB\nG1_20\ECFP6_512bits\MinMax\KPCB_valid_vector.tsv
2023-05-29 03:30:14,360 [INFO] Output path : Vary_params\DUD-E\KPCB\nG1_20\ECFP6_512bits\MinMax\KPCB_model\XGB
2023-05-29 03:30:14,360 [INFO] Model type : XGB
2023-05-29 03:30:14,360 [INFO] Use cores : 11
2023-05-29 03:30:14,386 [INFO] Start Learning model
2023-05-29 03:30:14,386 [INFO] Train : 198 | Valid : 42
2023-05-29 03:30:14,387 [INFO] Set parameters : {'max_depth': [4, 6, 8], 'learning_rate': [0.01, 0.2], 'n_estimators': [200, 600, 1000], 'gamma': [0, 1000], 'min_child_weight': [1, 3], 'subsample': [0.5, 1], 'colsample_bytree': [0.5, 1], 'objective': ['binary:logitraw'], 'eval_metric': ['auc', 'error']}
2023-05-29 03:47:07,531 [INFO] GridSearchCV results :
     mean_valid_accuracy  mean_valid_precision  mean_valid_auc
60              0.950000                  0.98            0.95
48              0.950000                  0.98            0.95
204             0.950000                  0.98            0.95
180             0.950000                  0.98            0.95
192             0.950000                  0.98            0.95
..                   ...                   ...             ...
108             0.510263                  0.00            0.50
109             0.510263                  0.00            0.50
110             0.510263                  0.00            0.50
111             0.510263                  0.00            0.50
575             0.510263                  0.00            0.50

[576 rows x 3 columns]
2023-05-29 03:47:07,533 [INFO] Best model :
XGBClassifier(base_score=None, booster=None, callbacks=None,
              colsample_bylevel=None, colsample_bynode=None,
              colsample_bytree=0.5, early_stopping_rounds=None,
              enable_categorical=False, eval_metric='auc', feature_types=None,
              gamma=0, gpu_id=None, grow_policy=None, importance_type=None,
              interaction_constraints=None, learning_rate=0.2, max_bin=None,
              max_cat_threshold=None, max_cat_to_onehot=None,
              max_delta_step=None, max_depth=4, max_leaves=None,
              min_child_weight=1, missing=nan, monotone_constraints=None,
              n_estimators=200, n_jobs=0, num_parallel_tree=None,
              objective='binary:logitraw', predictor=None, ...)
2023-05-29 03:47:07,552 [INFO] Save train_prediction_log data...
2023-05-29 03:47:07,557 [INFO] {'Data': 'train', 'ACC': '1.0 (198 / 198)', 'TP': 97, 'FP': 0, 'FN': 0, 'TN': 101, 'Precision': '1.0 (97 / 97 + 0)', 'Recall': '1.0 (97 / 97 + 0)', 'F1': '1.0 (2 * (1.0 * 1.0) / 1.0 + 1.0)', 'Specificity': '1.0 (101 / 101 + 0)', 'AUC': 1.0, 'r2': 1.0}
2023-05-29 03:47:07,574 [INFO] Save valid_prediction_log data...
2023-05-29 03:47:07,577 [INFO] {'Data': 'valid', 'ACC': '1.0 (42 / 42)', 'TP': 17, 'FP': 0, 'FN': 0, 'TN': 25, 'Precision': '1.0 (17 / 17 + 0)', 'Recall': '1.0 (17 / 17 + 0)', 'F1': '1.0 (2 * (1.0 * 1.0) / 1.0 + 1.0)', 'Specificity': '1.0 (25 / 25 + 0)', 'AUC': 1.0, 'r2': 1.0}
2023-05-29 03:47:07,610 [INFO] Save test_prediction_log data...
2023-05-29 03:47:07,614 [INFO] {'Data': 'test', 'ACC': '0.79 (33 / 42)', 'TP': 11, 'FP': 3, 'FN': 6, 'TN': 22, 'Precision': '0.79 (11 / 11 + 3)', 'Recall': '0.65 (11 / 11 + 6)', 'F1': '0.71 (2 * (0.65 * 0.79) / 0.65 + 0.79)', 'Specificity': '0.88 (22 / 22 + 3)', 'AUC': 0.76, 'r2': 0.11}
2023-05-29 03:47:07,619 [INFO] Save training_log data...
2023-05-29 03:47:07,623 [INFO] Save score_log data...
2023-05-29 03:47:07,625 [INFO] Time : 1013.2651772499084
