2023-05-28 15:33:58,859 [INFO] Train data : Vary_params_IGF1R_KIT\DUD-E\KIT\nG1_20\ECFP6_256bits\MinMax\KIT_train_vector.tsv
2023-05-28 15:33:58,859 [INFO] Valid data : Vary_params_IGF1R_KIT\DUD-E\KIT\nG1_20\ECFP6_256bits\MinMax\KIT_valid_vector.tsv
2023-05-28 15:33:58,859 [INFO] Output path : Vary_params_IGF1R_KIT\DUD-E\KIT\nG1_20\ECFP6_256bits\MinMax\KIT_model\MLP
2023-05-28 15:33:58,859 [INFO] Model type : MLP
2023-05-28 15:33:58,859 [INFO] Use cores : 10
2023-05-28 15:33:58,873 [INFO] Start Learning model
2023-05-28 15:33:58,873 [INFO] Train : 262 | Valid : 58
2023-05-28 15:33:58,873 [INFO] Set parameters : {'hidden_layer_sizes': [(50,), (100,), (50, 50), (100, 100)], 'learning_rate': ['constant', 'invscaling', 'adaptive'], 'activation': ['relu', 'identity', 'logistic', 'tanh'], 'solver': ['adam', 'sgd', 'lbfgs'], 'alpha': [0.1, 0.01, 0.001], 'max_iter': [500, 1000], 'early_stopping': [True]}
2023-05-28 15:35:59,450 [INFO] GridSearchCV results :
     mean_valid_accuracy  mean_valid_precision  mean_valid_auc
486             0.913105              0.978022        0.909249
501             0.913105              0.978022        0.909249
492             0.913105              0.978022        0.909249
489             0.913105              0.978022        0.909249
495             0.913105              0.978022        0.909249
..                   ...                   ...             ...
604             0.530627              0.000000        0.500000
613             0.530627              0.000000        0.500000
616             0.530627              0.000000        0.500000
625             0.530627              0.000000        0.500000
457             0.530627              0.000000        0.500000

[864 rows x 3 columns]
2023-05-28 15:35:59,451 [INFO] Best model :
MLPClassifier(activation='logistic', alpha=0.1, early_stopping=True,
              hidden_layer_sizes=(100, 100), max_iter=500, random_state=42)
2023-05-28 15:35:59,459 [INFO] Save train_prediction_log data...
2023-05-28 15:35:59,462 [INFO] {'Data': 'train', 'ACC': '0.94 (246 / 262)', 'TP': 107, 'FP': 0, 'FN': 16, 'TN': 139, 'Precision': '1.0 (107 / 107 + 0)', 'Recall': '0.87 (107 / 107 + 16)', 'F1': '0.93 (2 * (0.87 * 1.0) / 0.87 + 1.0)', 'Specificity': '1.0 (139 / 139 + 0)', 'AUC': 0.93, 'r2': 0.75}
2023-05-28 15:35:59,467 [INFO] Save valid_prediction_log data...
2023-05-28 15:35:59,469 [INFO] {'Data': 'valid', 'ACC': '1.0 (58 / 58)', 'TP': 23, 'FP': 0, 'FN': 0, 'TN': 35, 'Precision': '1.0 (23 / 23 + 0)', 'Recall': '1.0 (23 / 23 + 0)', 'F1': '1.0 (2 * (1.0 * 1.0) / 1.0 + 1.0)', 'Specificity': '1.0 (35 / 35 + 0)', 'AUC': 1.0, 'r2': 1.0}
2023-05-28 15:35:59,480 [INFO] Save test_prediction_log data...
2023-05-28 15:35:59,482 [INFO] {'Data': 'test', 'ACC': '0.66 (38 / 58)', 'TP': 10, 'FP': 7, 'FN': 13, 'TN': 28, 'Precision': '0.59 (10 / 10 + 7)', 'Recall': '0.43 (10 / 10 + 13)', 'F1': '0.5 (2 * (0.43 * 0.59) / 0.43 + 0.59)', 'Specificity': '0.8 (28 / 28 + 7)', 'AUC': 0.62, 'r2': -0.44}
2023-05-28 15:35:59,509 [INFO] Save training_log data...
2023-05-28 15:35:59,513 [INFO] Save score_log data...
2023-05-28 15:35:59,514 [INFO] Time : 120.6550931930542
