2023-05-29 04:03:12,525 [INFO] Train data : Vary_params_VGFR2\DUD-E\VGFR2\nG1_50\ECFP6_256bits\Robust\VGFR2_train_vector.tsv
2023-05-29 04:03:12,525 [INFO] Valid data : Vary_params_VGFR2\DUD-E\VGFR2\nG1_50\ECFP6_256bits\Robust\VGFR2_valid_vector.tsv
2023-05-29 04:03:12,526 [INFO] Output path : Vary_params_VGFR2\DUD-E\VGFR2\nG1_50\ECFP6_256bits\Robust\VGFR2_model\SVM
2023-05-29 04:03:12,526 [INFO] Model type : SVM
2023-05-29 04:03:12,526 [INFO] Use cores : 18
2023-05-29 04:03:12,552 [INFO] Start Learning model
2023-05-29 04:03:12,552 [INFO] Train : 717 | Valid : 180
2023-05-29 04:03:12,552 [INFO] Set parameters : {'kernel': ['linear', 'rbf'], 'C': [0.01, 0.1, 1, 10, 100, 1000], 'gamma': [0.01, 0.1, 1, 100, 1000]}
2023-05-29 04:03:20,349 [INFO] GridSearchCV results :
    mean_valid_accuracy  mean_valid_precision  mean_valid_auc
0              0.796362               0.73526        0.792698
20             0.796362               0.73526        0.792698
24             0.796362               0.73526        0.792698
26             0.796362               0.73526        0.792698
28             0.796362               0.73526        0.792698
32             0.796362               0.73526        0.792698
34             0.796362               0.73526        0.792698
36             0.796362               0.73526        0.792698
38             0.796362               0.73526        0.792698
40             0.796362               0.73526        0.792698
42             0.796362               0.73526        0.792698
44             0.796362               0.73526        0.792698
46             0.796362               0.73526        0.792698
48             0.796362               0.73526        0.792698
50             0.796362               0.73526        0.792698
52             0.796362               0.73526        0.792698
54             0.796362               0.73526        0.792698
56             0.796362               0.73526        0.792698
58             0.796362               0.73526        0.792698
22             0.796362               0.73526        0.792698
30             0.796362               0.73526        0.792698
10             0.796362               0.73526        0.792698
2              0.796362               0.73526        0.792698
18             0.796362               0.73526        0.792698
8              0.796362               0.73526        0.792698
16             0.796362               0.73526        0.792698
4              0.796362               0.73526        0.792698
12             0.796362               0.73526        0.792698
6              0.796362               0.73526        0.792698
14             0.796362               0.73526        0.792698
49             0.599746               0.00000        0.500000
9              0.599746               0.00000        0.500000
45             0.599746               0.00000        0.500000
47             0.599746               0.00000        0.500000
7              0.599746               0.00000        0.500000
21             0.599746               0.00000        0.500000
43             0.599746               0.00000        0.500000
5              0.599746               0.00000        0.500000
53             0.599746               0.00000        0.500000
55             0.599746               0.00000        0.500000
3              0.599746               0.00000        0.500000
57             0.599746               0.00000        0.500000
51             0.599746               0.00000        0.500000
11             0.599746               0.00000        0.500000
41             0.599746               0.00000        0.500000
19             0.599746               0.00000        0.500000
39             0.599746               0.00000        0.500000
37             0.599746               0.00000        0.500000
13             0.599746               0.00000        0.500000
35             0.599746               0.00000        0.500000
33             0.599746               0.00000        0.500000
15             0.599746               0.00000        0.500000
31             0.599746               0.00000        0.500000
1              0.599746               0.00000        0.500000
29             0.599746               0.00000        0.500000
27             0.599746               0.00000        0.500000
17             0.599746               0.00000        0.500000
25             0.599746               0.00000        0.500000
23             0.599746               0.00000        0.500000
59             0.599746               0.00000        0.500000
2023-05-29 04:03:20,350 [INFO] Best model :
SVC(C=0.01, gamma=0.01, kernel='linear', random_state=42)
2023-05-29 04:03:20,365 [INFO] Save train_prediction_log data...
2023-05-29 04:03:20,370 [INFO] {'Data': 'train', 'ACC': '1.0 (717 / 717)', 'TP': 287, 'FP': 0, 'FN': 0, 'TN': 430, 'Precision': '1.0 (287 / 287 + 0)', 'Recall': '1.0 (287 / 287 + 0)', 'F1': '1.0 (2 * (1.0 * 1.0) / 1.0 + 1.0)', 'Specificity': '1.0 (430 / 430 + 0)', 'AUC': 1.0, 'r2': 1.0}
2023-05-29 04:03:20,376 [INFO] Save valid_prediction_log data...
2023-05-29 04:03:20,379 [INFO] {'Data': 'valid', 'ACC': '0.82 (148 / 180)', 'TP': 58, 'FP': 18, 'FN': 14, 'TN': 90, 'Precision': '0.76 (58 / 58 + 18)', 'Recall': '0.81 (58 / 58 + 14)', 'F1': '0.78 (2 * (0.81 * 0.76) / 0.81 + 0.76)', 'Specificity': '0.83 (90 / 90 + 18)', 'AUC': 0.82, 'r2': 0.26}
2023-05-29 04:03:20,395 [INFO] Save test_prediction_log data...
2023-05-29 04:03:20,398 [INFO] {'Data': 'test', 'ACC': '0.6 (108 / 180)', 'TP': 32, 'FP': 32, 'FN': 40, 'TN': 76, 'Precision': '0.5 (32 / 32 + 32)', 'Recall': '0.44 (32 / 32 + 40)', 'F1': '0.47 (2 * (0.44 * 0.5) / 0.44 + 0.5)', 'Specificity': '0.7 (76 / 76 + 32)', 'AUC': 0.57, 'r2': -0.67}
2023-05-29 04:03:20,401 [INFO] Save training_log data...
2023-05-29 04:03:20,403 [INFO] Save score_log data...
2023-05-29 04:03:20,404 [INFO] Time : 7.879359722137451
