2023-05-28 12:30:48,938 [INFO] Train data : Vary_params_ABL_BRAF_FGFR1\DUD-E\ABL1\nG1_20\ECFP4_256bits\MinMax\ABL1_train_vector.tsv
2023-05-28 12:30:48,938 [INFO] Valid data : Vary_params_ABL_BRAF_FGFR1\DUD-E\ABL1\nG1_20\ECFP4_256bits\MinMax\ABL1_valid_vector.tsv
2023-05-28 12:30:48,938 [INFO] Output path : Vary_params_ABL_BRAF_FGFR1\DUD-E\ABL1\nG1_20\ECFP4_256bits\MinMax\ABL1_model\XGB
2023-05-28 12:30:48,938 [INFO] Model type : XGB
2023-05-28 12:30:48,938 [INFO] Use cores : 18
2023-05-28 12:30:48,951 [INFO] Start Learning model
2023-05-28 12:30:48,951 [INFO] Train : 294 | Valid : 66
2023-05-28 12:30:48,952 [INFO] Set parameters : {'max_depth': [4, 6, 8], 'learning_rate': [0.01, 0.2], 'n_estimators': [200, 600, 1000], 'gamma': [0, 1000], 'min_child_weight': [1, 3], 'subsample': [0.5, 1], 'colsample_bytree': [0.5, 1], 'objective': ['binary:logitraw'], 'eval_metric': ['auc', 'error']}
2023-05-28 12:36:47,948 [INFO] GridSearchCV results :
     mean_valid_accuracy  mean_valid_precision  mean_valid_auc
30              0.864943              0.970000        0.855698
174             0.864943              0.970000        0.855698
162             0.864943              0.970000        0.855698
18              0.864943              0.970000        0.855698
438             0.878161              0.965833        0.870222
..                   ...                   ...             ...
99              0.537471              0.000000        0.500000
100             0.537471              0.000000        0.500000
101             0.537471              0.000000        0.500000
102             0.537471              0.000000        0.500000
575             0.537471              0.000000        0.500000

[576 rows x 3 columns]
2023-05-28 12:36:47,948 [INFO] Best model :
XGBClassifier(base_score=None, booster=None, callbacks=None,
              colsample_bylevel=None, colsample_bynode=None,
              colsample_bytree=0.5, early_stopping_rounds=None,
              enable_categorical=False, eval_metric='auc', feature_types=None,
              gamma=0, gpu_id=None, grow_policy=None, importance_type=None,
              interaction_constraints=None, learning_rate=0.01, max_bin=None,
              max_cat_threshold=None, max_cat_to_onehot=None,
              max_delta_step=None, max_depth=6, max_leaves=None,
              min_child_weight=3, missing=nan, monotone_constraints=None,
              n_estimators=200, n_jobs=0, num_parallel_tree=None,
              objective='binary:logitraw', predictor=None, ...)
2023-05-28 12:36:47,958 [INFO] Save train_prediction_log data...
2023-05-28 12:36:47,958 [INFO] {'Data': 'train', 'ACC': '0.91 (268 / 294)', 'TP': 110, 'FP': 0, 'FN': 26, 'TN': 158, 'Precision': '1.0 (110 / 110 + 0)', 'Recall': '0.81 (110 / 110 + 26)', 'F1': '0.9 (2 * (0.81 * 1.0) / 0.81 + 1.0)', 'Specificity': '1.0 (158 / 158 + 0)', 'AUC': 0.9, 'r2': 0.64}
2023-05-28 12:36:47,968 [INFO] Save valid_prediction_log data...
2023-05-28 12:36:47,968 [INFO] {'Data': 'valid', 'ACC': '1.0 (66 / 66)', 'TP': 26, 'FP': 0, 'FN': 0, 'TN': 40, 'Precision': '1.0 (26 / 26 + 0)', 'Recall': '1.0 (26 / 26 + 0)', 'F1': '1.0 (2 * (1.0 * 1.0) / 1.0 + 1.0)', 'Specificity': '1.0 (40 / 40 + 0)', 'AUC': 1.0, 'r2': 1.0}
2023-05-28 12:36:47,988 [INFO] Save test_prediction_log data...
2023-05-28 12:36:47,988 [INFO] {'Data': 'test', 'ACC': '0.58 (38 / 66)', 'TP': 9, 'FP': 11, 'FN': 17, 'TN': 29, 'Precision': '0.45 (9 / 9 + 11)', 'Recall': '0.35 (9 / 9 + 17)', 'F1': '0.39 (2 * (0.35 * 0.45) / 0.35 + 0.45)', 'Specificity': '0.72 (29 / 29 + 11)', 'AUC': 0.54, 'r2': -0.78}
2023-05-28 12:36:47,988 [INFO] Save training_log data...
2023-05-28 12:36:48,311 [INFO] Save score_log data...
2023-05-28 12:36:48,311 [INFO] Time : 359.3728060722351
