2023-05-28 00:52:31,734 [INFO] Train data : Vary_params_CDK2_EGFR_LCK\DUD-E\CDK2\nG1_80\ECFP4_256bits\Robust\CDK2_train_vector.tsv
2023-05-28 00:52:31,734 [INFO] Valid data : Vary_params_CDK2_EGFR_LCK\DUD-E\CDK2\nG1_80\ECFP4_256bits\Robust\CDK2_valid_vector.tsv
2023-05-28 00:52:31,734 [INFO] Output path : Vary_params_CDK2_EGFR_LCK\DUD-E\CDK2\nG1_80\ECFP4_256bits\Robust\CDK2_model\XGB
2023-05-28 00:52:31,734 [INFO] Model type : XGB
2023-05-28 00:52:31,734 [INFO] Use cores : 19
2023-05-28 00:52:31,753 [INFO] Start Learning model
2023-05-28 00:52:31,753 [INFO] Train : 818 | Valid : 212
2023-05-28 00:52:31,754 [INFO] Set parameters : {'max_depth': [4, 6, 8], 'learning_rate': [0.01, 0.2], 'n_estimators': [200, 600, 1000], 'gamma': [0, 1000], 'min_child_weight': [1, 3], 'subsample': [0.5, 1], 'colsample_bytree': [0.5, 1], 'objective': ['binary:logitraw'], 'eval_metric': ['auc', 'error']}
2023-05-28 01:07:36,828 [INFO] GridSearchCV results :
     mean_valid_accuracy  mean_valid_precision  mean_valid_auc
158             0.952334              0.976283        0.941471
14              0.952334              0.976283        0.941471
171             0.952304              0.974966        0.942157
27              0.952304              0.974966        0.942157
174             0.915703              0.974244        0.893083
..                   ...                   ...             ...
263             0.622252              0.000000        0.500000
262             0.622252              0.000000        0.500000
261             0.622252              0.000000        0.500000
260             0.622252              0.000000        0.500000
575             0.622252              0.000000        0.500000

[576 rows x 3 columns]
2023-05-28 01:07:36,830 [INFO] Best model :
XGBClassifier(base_score=None, booster=None, callbacks=None,
              colsample_bylevel=None, colsample_bynode=None,
              colsample_bytree=0.5, early_stopping_rounds=None,
              enable_categorical=False, eval_metric='auc', feature_types=None,
              gamma=0, gpu_id=None, grow_policy=None, importance_type=None,
              interaction_constraints=None, learning_rate=0.01, max_bin=None,
              max_cat_threshold=None, max_cat_to_onehot=None,
              max_delta_step=None, max_depth=6, max_leaves=None,
              min_child_weight=1, missing=nan, monotone_constraints=None,
              n_estimators=600, n_jobs=0, num_parallel_tree=None,
              objective='binary:logitraw', predictor=None, ...)
2023-05-28 01:07:36,848 [INFO] Save train_prediction_log data...
2023-05-28 01:07:36,854 [INFO] {'Data': 'train', 'ACC': '1.0 (816 / 818)', 'TP': 307, 'FP': 0, 'FN': 2, 'TN': 509, 'Precision': '1.0 (307 / 307 + 0)', 'Recall': '0.99 (307 / 307 + 2)', 'F1': '0.99 (2 * (0.99 * 1.0) / 0.99 + 1.0)', 'Specificity': '1.0 (509 / 509 + 0)', 'AUC': 1.0, 'r2': 0.99}
2023-05-28 01:07:36,868 [INFO] Save valid_prediction_log data...
2023-05-28 01:07:36,872 [INFO] {'Data': 'valid', 'ACC': '0.98 (208 / 212)', 'TP': 85, 'FP': 4, 'FN': 0, 'TN': 123, 'Precision': '0.96 (85 / 85 + 4)', 'Recall': '1.0 (85 / 85 + 0)', 'F1': '0.98 (2 * (1.0 * 0.96) / 1.0 + 0.96)', 'Specificity': '0.97 (123 / 123 + 4)', 'AUC': 0.98, 'r2': 0.92}
2023-05-28 01:07:36,900 [INFO] Save test_prediction_log data...
2023-05-28 01:07:36,904 [INFO] {'Data': 'test', 'ACC': '0.65 (138 / 212)', 'TP': 63, 'FP': 52, 'FN': 22, 'TN': 75, 'Precision': '0.55 (63 / 63 + 52)', 'Recall': '0.74 (63 / 63 + 22)', 'F1': '0.63 (2 * (0.74 * 0.55) / 0.74 + 0.55)', 'Specificity': '0.59 (75 / 75 + 52)', 'AUC': 0.67, 'r2': -0.45}
2023-05-28 01:07:36,918 [INFO] Save training_log data...
2023-05-28 01:07:36,923 [INFO] Save score_log data...
2023-05-28 01:07:36,924 [INFO] Time : 905.1905267238617
