2023-05-26 20:49:37,661 [INFO] Train data : Vary_params_SH\DUD-E\ROCK1\nG1_20\ECFP4_256bits\Robust\ROCK1_train_vector.tsv
2023-05-26 20:49:37,661 [INFO] Valid data : Vary_params_SH\DUD-E\ROCK1\nG1_20\ECFP4_256bits\Robust\ROCK1_valid_vector.tsv
2023-05-26 20:49:37,661 [INFO] Output path : Vary_params_SH\DUD-E\ROCK1\nG1_20\ECFP4_256bits\Robust\ROCK1_model\SVM
2023-05-26 20:49:37,661 [INFO] Model type : SVM
2023-05-26 20:49:37,661 [INFO] Use cores : 3
2023-05-26 20:49:37,680 [INFO] Start Learning model
2023-05-26 20:49:37,680 [INFO] Train : 130 | Valid : 25
2023-05-26 20:49:37,680 [INFO] Set parameters : {'kernel': ['linear', 'rbf'], 'C': [0.01, 0.1, 1, 10, 100, 1000], 'gamma': [0.01, 0.1, 1, 100, 1000]}
2023-05-26 20:49:41,805 [INFO] GridSearchCV results :
    mean_valid_accuracy  mean_valid_precision  mean_valid_auc
0              0.907692              0.900556        0.903571
20             0.907692              0.900556        0.903571
24             0.907692              0.900556        0.903571
26             0.907692              0.900556        0.903571
28             0.907692              0.900556        0.903571
32             0.907692              0.900556        0.903571
34             0.907692              0.900556        0.903571
36             0.907692              0.900556        0.903571
38             0.907692              0.900556        0.903571
40             0.907692              0.900556        0.903571
42             0.907692              0.900556        0.903571
44             0.907692              0.900556        0.903571
46             0.907692              0.900556        0.903571
48             0.907692              0.900556        0.903571
50             0.907692              0.900556        0.903571
52             0.907692              0.900556        0.903571
54             0.907692              0.900556        0.903571
56             0.907692              0.900556        0.903571
58             0.907692              0.900556        0.903571
22             0.907692              0.900556        0.903571
30             0.907692              0.900556        0.903571
10             0.907692              0.900556        0.903571
2              0.907692              0.900556        0.903571
18             0.907692              0.900556        0.903571
8              0.907692              0.900556        0.903571
16             0.907692              0.900556        0.903571
4              0.907692              0.900556        0.903571
12             0.907692              0.900556        0.903571
6              0.907692              0.900556        0.903571
14             0.907692              0.900556        0.903571
49             0.538462              0.538462        0.500000
9              0.538462              0.538462        0.500000
45             0.538462              0.538462        0.500000
47             0.538462              0.538462        0.500000
7              0.538462              0.538462        0.500000
21             0.538462              0.538462        0.500000
43             0.538462              0.538462        0.500000
5              0.538462              0.538462        0.500000
53             0.538462              0.538462        0.500000
55             0.538462              0.538462        0.500000
3              0.538462              0.538462        0.500000
57             0.538462              0.538462        0.500000
51             0.538462              0.538462        0.500000
11             0.538462              0.538462        0.500000
41             0.538462              0.538462        0.500000
19             0.538462              0.538462        0.500000
39             0.538462              0.538462        0.500000
37             0.538462              0.538462        0.500000
13             0.538462              0.538462        0.500000
35             0.538462              0.538462        0.500000
33             0.538462              0.538462        0.500000
15             0.538462              0.538462        0.500000
31             0.538462              0.538462        0.500000
1              0.538462              0.538462        0.500000
29             0.538462              0.538462        0.500000
27             0.538462              0.538462        0.500000
17             0.538462              0.538462        0.500000
25             0.538462              0.538462        0.500000
23             0.538462              0.538462        0.500000
59             0.538462              0.538462        0.500000
2023-05-26 20:49:41,807 [INFO] Best model :
SVC(C=0.01, gamma=0.01, kernel='linear', random_state=42)
2023-05-26 20:49:41,814 [INFO] Save train_prediction_log data...
2023-05-26 20:49:41,820 [INFO] {'Data': 'train', 'ACC': '1.0 (130 / 130)', 'TP': 70, 'FP': 0, 'FN': 0, 'TN': 60, 'Precision': '1.0 (70 / 70 + 0)', 'Recall': '1.0 (70 / 70 + 0)', 'F1': '1.0 (2 * (1.0 * 1.0) / 1.0 + 1.0)', 'Specificity': '1.0 (60 / 60 + 0)', 'AUC': 1.0, 'r2': 1.0}
2023-05-26 20:49:41,826 [INFO] Save valid_prediction_log data...
2023-05-26 20:49:41,830 [INFO] {'Data': 'valid', 'ACC': '0.96 (24 / 25)', 'TP': 10, 'FP': 1, 'FN': 0, 'TN': 14, 'Precision': '0.91 (10 / 10 + 1)', 'Recall': '1.0 (10 / 10 + 0)', 'F1': '0.95 (2 * (1.0 * 0.91) / 1.0 + 0.91)', 'Specificity': '0.93 (14 / 14 + 1)', 'AUC': 0.97, 'r2': 0.83}
2023-05-26 20:49:41,844 [INFO] Save test_prediction_log data...
2023-05-26 20:49:41,847 [INFO] {'Data': 'test', 'ACC': '0.56 (14 / 25)', 'TP': 5, 'FP': 6, 'FN': 5, 'TN': 9, 'Precision': '0.45 (5 / 5 + 6)', 'Recall': '0.5 (5 / 5 + 5)', 'F1': '0.47 (2 * (0.5 * 0.45) / 0.5 + 0.45)', 'Specificity': '0.6 (9 / 9 + 6)', 'AUC': 0.55, 'r2': -0.83}
2023-05-26 20:49:41,863 [INFO] Save training_log data...
2023-05-26 20:49:41,865 [INFO] Save score_log data...
2023-05-26 20:49:41,867 [INFO] Time : 4.206763505935669
