2023-05-30 08:04:54,726 [INFO] Train data : Baseline_noscale\DUD-E\VGFR2\ECFP4_256bits\VGFR2_raw_train.tsv
2023-05-30 08:04:54,726 [INFO] Valid data : Baseline_noscale\DUD-E\VGFR2\ECFP4_256bits\VGFR2_raw_valid.tsv
2023-05-30 08:04:54,726 [INFO] Output path : Baseline_noscale\DUD-E\VGFR2\ECFP4_256bits\VGFR2_model\MLP
2023-05-30 08:04:54,726 [INFO] Model type : MLP
2023-05-30 08:04:54,726 [INFO] Use cores : 12
2023-05-30 08:04:54,740 [INFO] Start Learning model
2023-05-30 08:04:54,740 [INFO] Train : 717 | Valid : 180
2023-05-30 08:04:54,740 [INFO] Set parameters : {'hidden_layer_sizes': [(50,), (100,), (50, 50), (100, 100)], 'learning_rate': ['constant', 'invscaling', 'adaptive'], 'activation': ['relu', 'identity', 'logistic', 'tanh'], 'solver': ['adam', 'sgd', 'lbfgs'], 'alpha': [0.1, 0.01, 0.001], 'max_iter': [500, 1000], 'early_stopping': [True]}
2023-05-30 08:07:36,240 [INFO] GridSearchCV results :
     mean_valid_accuracy  mean_valid_precision  mean_valid_auc
456             0.938654              0.996154        0.923960
603             0.933118              0.996154        0.917125
606             0.933118              0.996154        0.917125
525             0.931710              0.996154        0.915340
522             0.931710              0.996154        0.915340
..                   ...                   ...             ...
526             0.599746              0.000000        0.500000
529             0.599746              0.000000        0.500000
616             0.599746              0.000000        0.500000
532             0.599746              0.000000        0.500000
505             0.598357              0.000000        0.498837

[864 rows x 3 columns]
2023-05-30 08:07:36,241 [INFO] Best model :
MLPClassifier(activation='logistic', alpha=0.1, early_stopping=True,
              max_iter=500, random_state=42)
2023-05-30 08:07:36,251 [INFO] Save train_prediction_log data...
2023-05-30 08:07:36,254 [INFO] {'Data': 'train', 'ACC': '0.97 (697 / 717)', 'TP': 273, 'FP': 6, 'FN': 14, 'TN': 424, 'Precision': '0.98 (273 / 273 + 6)', 'Recall': '0.95 (273 / 273 + 14)', 'F1': '0.96 (2 * (0.95 * 0.98) / 0.95 + 0.98)', 'Specificity': '0.99 (424 / 424 + 6)', 'AUC': 0.97, 'r2': 0.88}
2023-05-30 08:07:36,259 [INFO] Save valid_prediction_log data...
2023-05-30 08:07:36,261 [INFO] {'Data': 'valid', 'ACC': '0.96 (172 / 180)', 'TP': 71, 'FP': 7, 'FN': 1, 'TN': 101, 'Precision': '0.91 (71 / 71 + 7)', 'Recall': '0.99 (71 / 71 + 1)', 'F1': '0.95 (2 * (0.99 * 0.91) / 0.99 + 0.91)', 'Specificity': '0.94 (101 / 101 + 7)', 'AUC': 0.96, 'r2': 0.81}
2023-05-30 08:07:36,270 [INFO] Save test_prediction_log data...
2023-05-30 08:07:36,272 [INFO] {'Data': 'test', 'ACC': '0.52 (93 / 180)', 'TP': 36, 'FP': 51, 'FN': 36, 'TN': 57, 'Precision': '0.41 (36 / 36 + 51)', 'Recall': '0.5 (36 / 36 + 36)', 'F1': '0.45 (2 * (0.5 * 0.41) / 0.5 + 0.41)', 'Specificity': '0.53 (57 / 57 + 51)', 'AUC': 0.51, 'r2': -1.01}
2023-05-30 08:07:36,274 [INFO] Save training_log data...
2023-05-30 08:07:36,278 [INFO] Save score_log data...
2023-05-30 08:07:36,279 [INFO] Time : 161.55340194702148
