2023-05-29 14:13:07,929 [INFO] Train data : Vary_params_VGFR2\DUD-E\VGFR2\nG1_80\ECFP6_256bits\MinMax\VGFR2_train_vector.tsv
2023-05-29 14:13:07,929 [INFO] Valid data : Vary_params_VGFR2\DUD-E\VGFR2\nG1_80\ECFP6_256bits\MinMax\VGFR2_valid_vector.tsv
2023-05-29 14:13:07,929 [INFO] Output path : Vary_params_VGFR2\DUD-E\VGFR2\nG1_80\ECFP6_256bits\MinMax\VGFR2_model\SVM
2023-05-29 14:13:07,929 [INFO] Model type : SVM
2023-05-29 14:13:07,929 [INFO] Use cores : 18
2023-05-29 14:13:07,958 [INFO] Start Learning model
2023-05-29 14:13:07,959 [INFO] Train : 687 | Valid : 180
2023-05-29 14:13:07,959 [INFO] Set parameters : {'kernel': ['linear', 'rbf'], 'C': [0.01, 0.1, 1, 10, 100, 1000], 'gamma': [0.01, 0.1, 1, 100, 1000]}
2023-05-29 14:13:13,753 [INFO] GridSearchCV results :
    mean_valid_accuracy  mean_valid_precision  mean_valid_auc
53             0.714940              1.000000        0.619462
43             0.714940              1.000000        0.619462
23             0.669714              1.000000        0.558769
33             0.714940              1.000000        0.619462
11             0.658014              1.000000        0.543000
21             0.966496              0.980114        0.959032
31             0.966432              0.957108        0.963671
41             0.966432              0.957108        0.963671
51             0.966432              0.957108        0.963671
0              0.950448              0.952297        0.943200
6              0.950448              0.952297        0.943200
2              0.950448              0.952297        0.943200
4              0.950448              0.952297        0.943200
8              0.950448              0.952297        0.943200
10             0.937255              0.900995        0.937297
18             0.937255              0.900995        0.937297
16             0.937255              0.900995        0.937297
14             0.937255              0.900995        0.937297
12             0.937255              0.900995        0.937297
50             0.918329              0.874980        0.917465
54             0.918329              0.874980        0.917465
48             0.918329              0.874980        0.917465
46             0.918329              0.874980        0.917465
44             0.918329              0.874980        0.917465
52             0.918329              0.874980        0.917465
58             0.918329              0.874980        0.917465
42             0.918329              0.874980        0.917465
40             0.918329              0.874980        0.917465
38             0.918329              0.874980        0.917465
36             0.918329              0.874980        0.917465
34             0.918329              0.874980        0.917465
56             0.918329              0.874980        0.917465
30             0.918329              0.874980        0.917465
32             0.918329              0.874980        0.917465
28             0.918329              0.874980        0.917465
22             0.918329              0.874980        0.917465
24             0.918329              0.874980        0.917465
26             0.918329              0.874980        0.917465
20             0.918329              0.874980        0.917465
39             0.625938              0.000000        0.500000
17             0.625938              0.000000        0.500000
3              0.625938              0.000000        0.500000
57             0.625938              0.000000        0.500000
5              0.625938              0.000000        0.500000
55             0.625938              0.000000        0.500000
7              0.625938              0.000000        0.500000
9              0.625938              0.000000        0.500000
13             0.625938              0.000000        0.500000
15             0.625938              0.000000        0.500000
49             0.625938              0.000000        0.500000
27             0.625938              0.000000        0.500000
19             0.625938              0.000000        0.500000
47             0.625938              0.000000        0.500000
1              0.625938              0.000000        0.500000
45             0.625938              0.000000        0.500000
35             0.625938              0.000000        0.500000
29             0.625938              0.000000        0.500000
25             0.625938              0.000000        0.500000
37             0.625938              0.000000        0.500000
59             0.625938              0.000000        0.500000
2023-05-29 14:13:13,754 [INFO] Best model :
SVC(C=0.1, gamma=0.01, random_state=42)
2023-05-29 14:13:13,832 [INFO] Save train_prediction_log data...
2023-05-29 14:13:13,837 [INFO] {'Data': 'train', 'ACC': '0.74 (505 / 687)', 'TP': 75, 'FP': 0, 'FN': 182, 'TN': 430, 'Precision': '1.0 (75 / 75 + 0)', 'Recall': '0.29 (75 / 75 + 182)', 'F1': '0.45 (2 * (0.29 * 1.0) / 0.29 + 1.0)', 'Specificity': '1.0 (430 / 430 + 0)', 'AUC': 0.65, 'r2': -0.13}
2023-05-29 14:13:13,858 [INFO] Save valid_prediction_log data...
2023-05-29 14:13:13,860 [INFO] {'Data': 'valid', 'ACC': '0.71 (128 / 180)', 'TP': 20, 'FP': 0, 'FN': 52, 'TN': 108, 'Precision': '1.0 (20 / 20 + 0)', 'Recall': '0.28 (20 / 20 + 52)', 'F1': '0.44 (2 * (0.28 * 1.0) / 0.28 + 1.0)', 'Specificity': '1.0 (108 / 108 + 0)', 'AUC': 0.64, 'r2': -0.2}
2023-05-29 14:13:13,891 [INFO] Save test_prediction_log data...
2023-05-29 14:13:13,894 [INFO] {'Data': 'test', 'ACC': '0.6 (108 / 180)', 'TP': 1, 'FP': 1, 'FN': 71, 'TN': 107, 'Precision': '0.5 (1 / 1 + 1)', 'Recall': '0.01 (1 / 1 + 71)', 'F1': '0.02 (2 * (0.01 * 0.5) / 0.01 + 0.5)', 'Specificity': '0.99 (107 / 107 + 1)', 'AUC': 0.5, 'r2': -0.67}
2023-05-29 14:13:13,896 [INFO] Save training_log data...
2023-05-29 14:13:13,898 [INFO] Save score_log data...
2023-05-29 14:13:13,899 [INFO] Time : 5.9700727462768555
