2023-05-27 08:22:09,896 [INFO] Train data : Vary_params\DUD-E\MP2K1\nG1_20\ECFP6_256bits\Standard\MP2K1_train_vector.tsv
2023-05-27 08:22:09,896 [INFO] Valid data : Vary_params\DUD-E\MP2K1\nG1_20\ECFP6_256bits\Standard\MP2K1_valid_vector.tsv
2023-05-27 08:22:09,896 [INFO] Output path : Vary_params\DUD-E\MP2K1\nG1_20\ECFP6_256bits\Standard\MP2K1_model\SVM
2023-05-27 08:22:09,896 [INFO] Model type : SVM
2023-05-27 08:22:09,896 [INFO] Use cores : 10
2023-05-27 08:22:09,915 [INFO] Start Learning model
2023-05-27 08:22:09,915 [INFO] Train : 172 | Valid : 35
2023-05-27 08:22:09,915 [INFO] Set parameters : {'kernel': ['linear', 'rbf'], 'C': [0.01, 0.1, 1, 10, 100, 1000], 'gamma': [0.01, 0.1, 1, 100, 1000]}
2023-05-27 08:22:12,463 [INFO] GridSearchCV results :
    mean_valid_accuracy  mean_valid_precision  mean_valid_auc
51             0.880065              1.000000        0.883333
21             0.880065              1.000000        0.883333
31             0.880065              1.000000        0.883333
41             0.880065              1.000000        0.883333
30             0.913072              0.937500        0.915278
16             0.913072              0.937500        0.915278
32             0.913072              0.937500        0.915278
26             0.913072              0.937500        0.915278
34             0.913072              0.937500        0.915278
24             0.913072              0.937500        0.915278
36             0.913072              0.937500        0.915278
22             0.913072              0.937500        0.915278
20             0.913072              0.937500        0.915278
38             0.913072              0.937500        0.915278
18             0.913072              0.937500        0.915278
40             0.913072              0.937500        0.915278
14             0.913072              0.937500        0.915278
42             0.913072              0.937500        0.915278
12             0.913072              0.937500        0.915278
44             0.913072              0.937500        0.915278
10             0.913072              0.937500        0.915278
46             0.913072              0.937500        0.915278
48             0.913072              0.937500        0.915278
50             0.913072              0.937500        0.915278
52             0.913072              0.937500        0.915278
54             0.913072              0.937500        0.915278
56             0.913072              0.937500        0.915278
58             0.913072              0.937500        0.915278
28             0.913072              0.937500        0.915278
0              0.901307              0.935714        0.904167
2              0.901307              0.935714        0.904167
4              0.901307              0.935714        0.904167
6              0.901307              0.935714        0.904167
8              0.901307              0.935714        0.904167
1              0.505882              0.505882        0.500000
29             0.505882              0.505882        0.500000
57             0.505882              0.505882        0.500000
3              0.505882              0.505882        0.500000
55             0.505882              0.505882        0.500000
53             0.505882              0.505882        0.500000
5              0.505882              0.505882        0.500000
7              0.505882              0.505882        0.500000
49             0.505882              0.505882        0.500000
47             0.505882              0.505882        0.500000
9              0.505882              0.505882        0.500000
45             0.505882              0.505882        0.500000
11             0.505882              0.505882        0.500000
43             0.505882              0.505882        0.500000
13             0.505882              0.505882        0.500000
15             0.505882              0.505882        0.500000
17             0.505882              0.505882        0.500000
39             0.505882              0.505882        0.500000
19             0.505882              0.505882        0.500000
37             0.505882              0.505882        0.500000
23             0.505882              0.505882        0.500000
35             0.505882              0.505882        0.500000
25             0.505882              0.505882        0.500000
33             0.505882              0.505882        0.500000
27             0.505882              0.505882        0.500000
59             0.505882              0.505882        0.500000
2023-05-27 08:22:12,464 [INFO] Best model :
SVC(C=1, gamma=0.01, random_state=42)
2023-05-27 08:22:12,471 [INFO] Save train_prediction_log data...
2023-05-27 08:22:12,474 [INFO] {'Data': 'train', 'ACC': '1.0 (172 / 172)', 'TP': 87, 'FP': 0, 'FN': 0, 'TN': 85, 'Precision': '1.0 (87 / 87 + 0)', 'Recall': '1.0 (87 / 87 + 0)', 'F1': '1.0 (2 * (1.0 * 1.0) / 1.0 + 1.0)', 'Specificity': '1.0 (85 / 85 + 0)', 'AUC': 1.0, 'r2': 1.0}
2023-05-27 08:22:12,478 [INFO] Save valid_prediction_log data...
2023-05-27 08:22:12,480 [INFO] {'Data': 'valid', 'ACC': '1.0 (35 / 35)', 'TP': 14, 'FP': 0, 'FN': 0, 'TN': 21, 'Precision': '1.0 (14 / 14 + 0)', 'Recall': '1.0 (14 / 14 + 0)', 'F1': '1.0 (2 * (1.0 * 1.0) / 1.0 + 1.0)', 'Specificity': '1.0 (21 / 21 + 0)', 'AUC': 1.0, 'r2': 1.0}
2023-05-27 08:22:12,489 [INFO] Save test_prediction_log data...
2023-05-27 08:22:12,491 [INFO] {'Data': 'test', 'ACC': '0.71 (25 / 35)', 'TP': 4, 'FP': 0, 'FN': 10, 'TN': 21, 'Precision': '1.0 (4 / 4 + 0)', 'Recall': '0.29 (4 / 4 + 10)', 'F1': '0.45 (2 * (0.29 * 1.0) / 0.29 + 1.0)', 'Specificity': '1.0 (21 / 21 + 0)', 'AUC': 0.64, 'r2': -0.19}
2023-05-27 08:22:12,493 [INFO] Save training_log data...
2023-05-27 08:22:12,495 [INFO] Save score_log data...
2023-05-27 08:22:12,495 [INFO] Time : 2.5990002155303955
