2023-05-29 15:35:09,374 [INFO] Train data : Vary_params_CDK2_EGFR_LCK\DUD-E\LCK\nG1_80\ECFP6_512bits\Robust\LCK_train_vector.tsv
2023-05-29 15:35:09,374 [INFO] Valid data : Vary_params_CDK2_EGFR_LCK\DUD-E\LCK\nG1_80\ECFP6_512bits\Robust\LCK_valid_vector.tsv
2023-05-29 15:35:09,374 [INFO] Output path : Vary_params_CDK2_EGFR_LCK\DUD-E\LCK\nG1_80\ECFP6_512bits\Robust\LCK_model\RF
2023-05-29 15:35:09,374 [INFO] Model type : RF
2023-05-29 15:35:09,374 [INFO] Use cores : 19
2023-05-29 15:35:09,408 [INFO] Start Learning model
2023-05-29 15:35:09,408 [INFO] Train : 706 | Valid : 185
2023-05-29 15:35:09,408 [INFO] Set parameters : {'max_depth': [6, 8, 10, 12], 'max_features': ['sqrt', 'log2'], 'min_samples_leaf': [2, 4, 8, 10], 'min_samples_split': [2, 4, 8, 10], 'n_estimators': [200, 600, 1000]}
2023-05-29 15:38:40,576 [INFO] GridSearchCV results :
     mean_valid_accuracy  mean_valid_precision  mean_valid_auc
192             0.973119              1.000000        0.964316
289             0.974547              1.000000        0.966239
118             0.973099              1.000000        0.964245
119             0.968873              1.000000        0.958689
263             0.964648              1.000000        0.953063
..                   ...                   ...             ...
273             0.961771              0.979890        0.952962
42              0.961751              0.976403        0.953677
39              0.961751              0.976403        0.953677
36              0.961751              0.976403        0.953677
45              0.961751              0.976403        0.953677

[384 rows x 3 columns]
2023-05-29 15:38:40,577 [INFO] Best model :
RandomForestClassifier(class_weight='balanced', max_depth=6, min_samples_leaf=2,
                       n_estimators=600, random_state=42)
2023-05-29 15:38:40,619 [INFO] Save train_prediction_log data...
2023-05-29 15:38:40,622 [INFO] {'Data': 'train', 'ACC': '0.99 (702 / 706)', 'TP': 260, 'FP': 0, 'FN': 4, 'TN': 442, 'Precision': '1.0 (260 / 260 + 0)', 'Recall': '0.98 (260 / 260 + 4)', 'F1': '0.99 (2 * (0.98 * 1.0) / 0.98 + 1.0)', 'Specificity': '1.0 (442 / 442 + 0)', 'AUC': 0.99, 'r2': 0.98}
2023-05-29 15:38:40,648 [INFO] Save valid_prediction_log data...
2023-05-29 15:38:40,652 [INFO] {'Data': 'valid', 'ACC': '1.0 (185 / 185)', 'TP': 74, 'FP': 0, 'FN': 0, 'TN': 111, 'Precision': '1.0 (74 / 74 + 0)', 'Recall': '1.0 (74 / 74 + 0)', 'F1': '1.0 (2 * (1.0 * 1.0) / 1.0 + 1.0)', 'Specificity': '1.0 (111 / 111 + 0)', 'AUC': 1.0, 'r2': 1.0}
2023-05-29 15:38:40,701 [INFO] Save test_prediction_log data...
2023-05-29 15:38:40,703 [INFO] {'Data': 'test', 'ACC': '0.72 (134 / 185)', 'TP': 39, 'FP': 16, 'FN': 35, 'TN': 95, 'Precision': '0.71 (39 / 39 + 16)', 'Recall': '0.53 (39 / 39 + 35)', 'F1': '0.61 (2 * (0.53 * 0.71) / 0.53 + 0.71)', 'Specificity': '0.86 (95 / 95 + 16)', 'AUC': 0.69, 'r2': -0.15}
2023-05-29 15:38:40,793 [INFO] Save training_log data...
2023-05-29 15:38:40,797 [INFO] Save score_log data...
2023-05-29 15:38:40,798 [INFO] Time : 211.42302584648132
