2023-05-28 03:17:00,149 [INFO] Train data : Vary_params\DUD-E\WEE1\nG1_20\ECFP4_512bits\MinMax\WEE1_train_vector.tsv
2023-05-28 03:17:00,149 [INFO] Valid data : Vary_params\DUD-E\WEE1\nG1_20\ECFP4_512bits\MinMax\WEE1_valid_vector.tsv
2023-05-28 03:17:00,149 [INFO] Output path : Vary_params\DUD-E\WEE1\nG1_20\ECFP4_512bits\MinMax\WEE1_model\XGB
2023-05-28 03:17:00,149 [INFO] Model type : XGB
2023-05-28 03:17:00,149 [INFO] Use cores : 10
2023-05-28 03:17:00,178 [INFO] Start Learning model
2023-05-28 03:17:00,178 [INFO] Train : 131 | Valid : 25
2023-05-28 03:17:00,179 [INFO] Set parameters : {'max_depth': [4, 6, 8], 'learning_rate': [0.01, 0.2], 'n_estimators': [200, 600, 1000], 'gamma': [0, 1000], 'min_child_weight': [1, 3], 'subsample': [0.5, 1], 'colsample_bytree': [0.5, 1], 'objective': ['binary:logitraw'], 'eval_metric': ['auc', 'error']}
2023-05-28 03:30:10,359 [INFO] GridSearchCV results :
     mean_valid_accuracy  mean_valid_precision  mean_valid_auc
0               0.992308                   1.0        0.992857
305             1.000000                   1.0        1.000000
315             1.000000                   1.0        1.000000
314             1.000000                   1.0        1.000000
312             1.000000                   1.0        1.000000
..                   ...                   ...             ...
98              0.465385                   0.0        0.500000
99              0.465385                   0.0        0.500000
100             0.465385                   0.0        0.500000
101             0.465385                   0.0        0.500000
575             0.465385                   0.0        0.500000

[576 rows x 3 columns]
2023-05-28 03:30:10,362 [INFO] Best model :
XGBClassifier(base_score=None, booster=None, callbacks=None,
              colsample_bylevel=None, colsample_bynode=None,
              colsample_bytree=0.5, early_stopping_rounds=None,
              enable_categorical=False, eval_metric='auc', feature_types=None,
              gamma=0, gpu_id=None, grow_policy=None, importance_type=None,
              interaction_constraints=None, learning_rate=0.01, max_bin=None,
              max_cat_threshold=None, max_cat_to_onehot=None,
              max_delta_step=None, max_depth=4, max_leaves=None,
              min_child_weight=1, missing=nan, monotone_constraints=None,
              n_estimators=200, n_jobs=0, num_parallel_tree=None,
              objective='binary:logitraw', predictor=None, ...)
2023-05-28 03:30:10,379 [INFO] Save train_prediction_log data...
2023-05-28 03:30:10,383 [INFO] {'Data': 'train', 'ACC': '1.0 (131 / 131)', 'TP': 70, 'FP': 0, 'FN': 0, 'TN': 61, 'Precision': '1.0 (70 / 70 + 0)', 'Recall': '1.0 (70 / 70 + 0)', 'F1': '1.0 (2 * (1.0 * 1.0) / 1.0 + 1.0)', 'Specificity': '1.0 (61 / 61 + 0)', 'AUC': 1.0, 'r2': 1.0}
2023-05-28 03:30:10,411 [INFO] Save valid_prediction_log data...
2023-05-28 03:30:10,414 [INFO] {'Data': 'valid', 'ACC': '1.0 (25 / 25)', 'TP': 10, 'FP': 0, 'FN': 0, 'TN': 15, 'Precision': '1.0 (10 / 10 + 0)', 'Recall': '1.0 (10 / 10 + 0)', 'F1': '1.0 (2 * (1.0 * 1.0) / 1.0 + 1.0)', 'Specificity': '1.0 (15 / 15 + 0)', 'AUC': 1.0, 'r2': 1.0}
2023-05-28 03:30:10,476 [INFO] Save test_prediction_log data...
2023-05-28 03:30:10,480 [INFO] {'Data': 'test', 'ACC': '0.72 (18 / 25)', 'TP': 4, 'FP': 1, 'FN': 6, 'TN': 14, 'Precision': '0.8 (4 / 4 + 1)', 'Recall': '0.4 (4 / 4 + 6)', 'F1': '0.53 (2 * (0.4 * 0.8) / 0.4 + 0.8)', 'Specificity': '0.93 (14 / 14 + 1)', 'AUC': 0.67, 'r2': -0.17}
2023-05-28 03:30:10,506 [INFO] Save training_log data...
2023-05-28 03:30:10,513 [INFO] Save score_log data...
2023-05-28 03:30:10,514 [INFO] Time : 790.3649392127991
