2023-05-27 14:38:26,471 [INFO] Train data : Vary_params_SH\DUD-E\ROCK1\nG1_50\ECFP6_512bits\Standard\ROCK1_train_vector.tsv
2023-05-27 14:38:26,471 [INFO] Valid data : Vary_params_SH\DUD-E\ROCK1\nG1_50\ECFP6_512bits\Standard\ROCK1_valid_vector.tsv
2023-05-27 14:38:26,471 [INFO] Output path : Vary_params_SH\DUD-E\ROCK1\nG1_50\ECFP6_512bits\Standard\ROCK1_model\MLP
2023-05-27 14:38:26,471 [INFO] Model type : MLP
2023-05-27 14:38:26,471 [INFO] Use cores : 3
2023-05-27 14:38:26,516 [INFO] Start Learning model
2023-05-27 14:38:26,516 [INFO] Train : 100 | Valid : 25
2023-05-27 14:38:26,516 [INFO] Set parameters : {'hidden_layer_sizes': [(50,), (100,), (50, 50), (100, 100)], 'learning_rate': ['constant', 'invscaling', 'adaptive'], 'activation': ['relu', 'identity', 'logistic', 'tanh'], 'solver': ['adam', 'sgd', 'lbfgs'], 'alpha': [0.1, 0.01, 0.001], 'max_iter': [500, 1000], 'early_stopping': [True]}
2023-05-27 14:45:42,721 [INFO] GridSearchCV results :
     mean_valid_accuracy  mean_valid_precision  mean_valid_auc
257                 0.95                   1.0        0.937500
224                 0.97                   1.0        0.962500
236                 0.97                   1.0        0.962500
686                 0.97                   1.0        0.962500
221                 0.97                   1.0        0.962500
..                   ...                   ...             ...
646                 0.60                   0.0        0.500000
46                  0.59                   0.0        0.491667
555                 0.60                   0.0        0.500000
463                 0.58                   0.0        0.483333
526                 0.58                   0.0        0.483333

[864 rows x 3 columns]
2023-05-27 14:45:42,722 [INFO] Best model :
MLPClassifier(alpha=0.1, early_stopping=True, hidden_layer_sizes=(50, 50),
              max_iter=500, random_state=42, solver='lbfgs')
2023-05-27 14:45:42,730 [INFO] Save train_prediction_log data...
2023-05-27 14:45:42,734 [INFO] {'Data': 'train', 'ACC': '1.0 (100 / 100)', 'TP': 40, 'FP': 0, 'FN': 0, 'TN': 60, 'Precision': '1.0 (40 / 40 + 0)', 'Recall': '1.0 (40 / 40 + 0)', 'F1': '1.0 (2 * (1.0 * 1.0) / 1.0 + 1.0)', 'Specificity': '1.0 (60 / 60 + 0)', 'AUC': 1.0, 'r2': 1.0}
2023-05-27 14:45:42,741 [INFO] Save valid_prediction_log data...
2023-05-27 14:45:42,744 [INFO] {'Data': 'valid', 'ACC': '1.0 (25 / 25)', 'TP': 10, 'FP': 0, 'FN': 0, 'TN': 15, 'Precision': '1.0 (10 / 10 + 0)', 'Recall': '1.0 (10 / 10 + 0)', 'F1': '1.0 (2 * (1.0 * 1.0) / 1.0 + 1.0)', 'Specificity': '1.0 (15 / 15 + 0)', 'AUC': 1.0, 'r2': 1.0}
2023-05-27 14:45:42,769 [INFO] Save test_prediction_log data...
2023-05-27 14:45:42,772 [INFO] {'Data': 'test', 'ACC': '0.56 (14 / 25)', 'TP': 2, 'FP': 3, 'FN': 8, 'TN': 12, 'Precision': '0.4 (2 / 2 + 3)', 'Recall': '0.2 (2 / 2 + 8)', 'F1': '0.27 (2 * (0.2 * 0.4) / 0.2 + 0.4)', 'Specificity': '0.8 (12 / 12 + 3)', 'AUC': 0.5, 'r2': -0.83}
2023-05-27 14:45:42,775 [INFO] Save training_log data...
2023-05-27 14:45:42,975 [INFO] Save score_log data...
2023-05-27 14:45:42,977 [INFO] Time : 436.505393743515
