2023-05-28 23:08:59,365 [INFO] Train data : Vary_params_ABL_BRAF_FGFR1\DUD-E\ABL1\nG1_80\ECFP4_512bits\Standard\ABL1_train_vector.tsv
2023-05-28 23:08:59,365 [INFO] Valid data : Vary_params_ABL_BRAF_FGFR1\DUD-E\ABL1\nG1_80\ECFP4_512bits\Standard\ABL1_valid_vector.tsv
2023-05-28 23:08:59,365 [INFO] Output path : Vary_params_ABL_BRAF_FGFR1\DUD-E\ABL1\nG1_80\ECFP4_512bits\Standard\ABL1_model\SVM
2023-05-28 23:08:59,365 [INFO] Model type : SVM
2023-05-28 23:08:59,365 [INFO] Use cores : 19
2023-05-28 23:08:59,397 [INFO] Start Learning model
2023-05-28 23:08:59,398 [INFO] Train : 234 | Valid : 66
2023-05-28 23:08:59,398 [INFO] Set parameters : {'kernel': ['linear', 'rbf'], 'C': [0.01, 0.1, 1, 10, 100, 1000], 'gamma': [0.01, 0.1, 1, 100, 1000]}
2023-05-28 23:09:03,183 [INFO] GridSearchCV results :
    mean_valid_accuracy  mean_valid_precision  mean_valid_auc
0              0.961957                0.9625        0.953125
20             0.961957                0.9625        0.953125
24             0.961957                0.9625        0.953125
26             0.961957                0.9625        0.953125
28             0.961957                0.9625        0.953125
32             0.961957                0.9625        0.953125
34             0.961957                0.9625        0.953125
36             0.961957                0.9625        0.953125
38             0.961957                0.9625        0.953125
40             0.961957                0.9625        0.953125
42             0.961957                0.9625        0.953125
44             0.961957                0.9625        0.953125
46             0.961957                0.9625        0.953125
48             0.961957                0.9625        0.953125
50             0.961957                0.9625        0.953125
52             0.961957                0.9625        0.953125
54             0.961957                0.9625        0.953125
56             0.961957                0.9625        0.953125
58             0.961957                0.9625        0.953125
22             0.961957                0.9625        0.953125
30             0.961957                0.9625        0.953125
8              0.961957                0.9625        0.953125
14             0.961957                0.9625        0.953125
2              0.961957                0.9625        0.953125
18             0.961957                0.9625        0.953125
10             0.961957                0.9625        0.953125
16             0.961957                0.9625        0.953125
4              0.961957                0.9625        0.953125
12             0.961957                0.9625        0.953125
6              0.961957                0.9625        0.953125
41             0.713768                0.7000        0.559821
31             0.713768                0.7000        0.559821
51             0.713768                0.7000        0.559821
43             0.683877                0.2000        0.513393
21             0.683877                0.2000        0.513393
53             0.683877                0.2000        0.513393
33             0.683877                0.2000        0.513393
45             0.675362                0.0000        0.500000
5              0.675362                0.0000        0.500000
49             0.675362                0.0000        0.500000
7              0.675362                0.0000        0.500000
47             0.675362                0.0000        0.500000
55             0.675362                0.0000        0.500000
3              0.675362                0.0000        0.500000
57             0.675362                0.0000        0.500000
11             0.675362                0.0000        0.500000
9              0.675362                0.0000        0.500000
19             0.675362                0.0000        0.500000
39             0.675362                0.0000        0.500000
37             0.675362                0.0000        0.500000
13             0.675362                0.0000        0.500000
35             0.675362                0.0000        0.500000
15             0.675362                0.0000        0.500000
1              0.675362                0.0000        0.500000
29             0.675362                0.0000        0.500000
27             0.675362                0.0000        0.500000
17             0.675362                0.0000        0.500000
25             0.675362                0.0000        0.500000
23             0.675362                0.0000        0.500000
59             0.675362                0.0000        0.500000
2023-05-28 23:09:03,185 [INFO] Best model :
SVC(C=0.01, gamma=0.01, kernel='linear', random_state=42)
2023-05-28 23:09:03,191 [INFO] Save train_prediction_log data...
2023-05-28 23:09:03,194 [INFO] {'Data': 'train', 'ACC': '1.0 (234 / 234)', 'TP': 76, 'FP': 0, 'FN': 0, 'TN': 158, 'Precision': '1.0 (76 / 76 + 0)', 'Recall': '1.0 (76 / 76 + 0)', 'F1': '1.0 (2 * (1.0 * 1.0) / 1.0 + 1.0)', 'Specificity': '1.0 (158 / 158 + 0)', 'AUC': 1.0, 'r2': 1.0}
2023-05-28 23:09:03,199 [INFO] Save valid_prediction_log data...
2023-05-28 23:09:03,200 [INFO] {'Data': 'valid', 'ACC': '0.97 (64 / 66)', 'TP': 26, 'FP': 2, 'FN': 0, 'TN': 38, 'Precision': '0.93 (26 / 26 + 2)', 'Recall': '1.0 (26 / 26 + 0)', 'F1': '0.96 (2 * (1.0 * 0.93) / 1.0 + 0.93)', 'Specificity': '0.95 (38 / 38 + 2)', 'AUC': 0.98, 'r2': 0.87}
2023-05-28 23:09:03,216 [INFO] Save test_prediction_log data...
2023-05-28 23:09:03,218 [INFO] {'Data': 'test', 'ACC': '0.62 (41 / 66)', 'TP': 8, 'FP': 7, 'FN': 18, 'TN': 33, 'Precision': '0.53 (8 / 8 + 7)', 'Recall': '0.31 (8 / 8 + 18)', 'F1': '0.39 (2 * (0.31 * 0.53) / 0.31 + 0.53)', 'Specificity': '0.82 (33 / 33 + 7)', 'AUC': 0.57, 'r2': -0.59}
2023-05-28 23:09:03,220 [INFO] Save training_log data...
2023-05-28 23:09:03,221 [INFO] Save score_log data...
2023-05-28 23:09:03,222 [INFO] Time : 3.8576197624206543
