2023-05-29 09:13:22,720 [INFO] Train data : Vary_params\DUD-E\KPCB\nG1_80\ECFP4_512bits\Standard\KPCB_train_vector.tsv
2023-05-29 09:13:22,720 [INFO] Valid data : Vary_params\DUD-E\KPCB\nG1_80\ECFP4_512bits\Standard\KPCB_valid_vector.tsv
2023-05-29 09:13:22,720 [INFO] Output path : Vary_params\DUD-E\KPCB\nG1_80\ECFP4_512bits\Standard\KPCB_model\XGB
2023-05-29 09:13:22,720 [INFO] Model type : XGB
2023-05-29 09:13:22,720 [INFO] Use cores : 11
2023-05-29 09:13:22,757 [INFO] Start Learning model
2023-05-29 09:13:22,757 [INFO] Train : 138 | Valid : 42
2023-05-29 09:13:22,758 [INFO] Set parameters : {'max_depth': [4, 6, 8], 'learning_rate': [0.01, 0.2], 'n_estimators': [200, 600, 1000], 'gamma': [0, 1000], 'min_child_weight': [1, 3], 'subsample': [0.5, 1], 'colsample_bytree': [0.5, 1], 'objective': ['binary:logitraw'], 'eval_metric': ['auc', 'error']}
2023-05-29 09:26:02,968 [INFO] GridSearchCV results :
     mean_valid_accuracy  mean_valid_precision  mean_valid_auc
0               0.963736                   1.0        0.933333
201             0.971429                   1.0        0.950000
346             0.985714                   1.0        0.975000
204             0.985714                   1.0        0.975000
344             0.985714                   1.0        0.975000
..                   ...                   ...             ...
367             0.732418                   0.0        0.500000
366             0.732418                   0.0        0.500000
365             0.732418                   0.0        0.500000
364             0.732418                   0.0        0.500000
575             0.732418                   0.0        0.500000

[576 rows x 3 columns]
2023-05-29 09:26:02,970 [INFO] Best model :
XGBClassifier(base_score=None, booster=None, callbacks=None,
              colsample_bylevel=None, colsample_bynode=None,
              colsample_bytree=0.5, early_stopping_rounds=None,
              enable_categorical=False, eval_metric='auc', feature_types=None,
              gamma=0, gpu_id=None, grow_policy=None, importance_type=None,
              interaction_constraints=None, learning_rate=0.01, max_bin=None,
              max_cat_threshold=None, max_cat_to_onehot=None,
              max_delta_step=None, max_depth=4, max_leaves=None,
              min_child_weight=1, missing=nan, monotone_constraints=None,
              n_estimators=200, n_jobs=0, num_parallel_tree=None,
              objective='binary:logitraw', predictor=None, ...)
2023-05-29 09:26:02,988 [INFO] Save train_prediction_log data...
2023-05-29 09:26:02,994 [INFO] {'Data': 'train', 'ACC': '1.0 (138 / 138)', 'TP': 37, 'FP': 0, 'FN': 0, 'TN': 101, 'Precision': '1.0 (37 / 37 + 0)', 'Recall': '1.0 (37 / 37 + 0)', 'F1': '1.0 (2 * (1.0 * 1.0) / 1.0 + 1.0)', 'Specificity': '1.0 (101 / 101 + 0)', 'AUC': 1.0, 'r2': 1.0}
2023-05-29 09:26:03,011 [INFO] Save valid_prediction_log data...
2023-05-29 09:26:03,014 [INFO] {'Data': 'valid', 'ACC': '0.95 (40 / 42)', 'TP': 17, 'FP': 2, 'FN': 0, 'TN': 23, 'Precision': '0.89 (17 / 17 + 2)', 'Recall': '1.0 (17 / 17 + 0)', 'F1': '0.94 (2 * (1.0 * 0.89) / 1.0 + 0.89)', 'Specificity': '0.92 (23 / 23 + 2)', 'AUC': 0.96, 'r2': 0.8}
2023-05-29 09:26:03,050 [INFO] Save test_prediction_log data...
2023-05-29 09:26:03,053 [INFO] {'Data': 'test', 'ACC': '0.67 (28 / 42)', 'TP': 5, 'FP': 2, 'FN': 12, 'TN': 23, 'Precision': '0.71 (5 / 5 + 2)', 'Recall': '0.29 (5 / 5 + 12)', 'F1': '0.41 (2 * (0.29 * 0.71) / 0.29 + 0.71)', 'Specificity': '0.92 (23 / 23 + 2)', 'AUC': 0.61, 'r2': -0.38}
2023-05-29 09:26:03,058 [INFO] Save training_log data...
2023-05-29 09:26:03,063 [INFO] Save score_log data...
2023-05-29 09:26:03,064 [INFO] Time : 760.3436615467072
