2023-05-28 18:00:48,489 [INFO] Train data : Vary_params_CDK2_EGFR_LCK\DUD-E\EGFR\nG1_50\ECFP6_512bits\Standard\EGFR_train_vector.tsv
2023-05-28 18:00:48,489 [INFO] Valid data : Vary_params_CDK2_EGFR_LCK\DUD-E\EGFR\nG1_50\ECFP6_512bits\Standard\EGFR_valid_vector.tsv
2023-05-28 18:00:48,490 [INFO] Output path : Vary_params_CDK2_EGFR_LCK\DUD-E\EGFR\nG1_50\ECFP6_512bits\Standard\EGFR_model\XGB
2023-05-28 18:00:48,490 [INFO] Model type : XGB
2023-05-28 18:00:48,490 [INFO] Use cores : 19
2023-05-28 18:00:48,564 [INFO] Start Learning model
2023-05-28 18:00:48,564 [INFO] Train : 870 | Valid : 218
2023-05-28 18:00:48,565 [INFO] Set parameters : {'max_depth': [4, 6, 8], 'learning_rate': [0.01, 0.2], 'n_estimators': [200, 600, 1000], 'gamma': [0, 1000], 'min_child_weight': [1, 3], 'subsample': [0.5, 1], 'colsample_bytree': [0.5, 1], 'objective': ['binary:logitraw'], 'eval_metric': ['auc', 'error']}
2023-05-28 18:28:17,140 [INFO] GridSearchCV results :
     mean_valid_accuracy  mean_valid_precision  mean_valid_auc
0               0.950575              0.997059        0.938786
156             0.954023              0.997059        0.943198
168             0.954023              0.997059        0.943198
144             0.950575              0.997059        0.938786
24              0.954023              0.997059        0.943198
..                   ...                   ...             ...
378             0.600000              0.000000        0.500000
377             0.600000              0.000000        0.500000
376             0.600000              0.000000        0.500000
375             0.600000              0.000000        0.500000
575             0.600000              0.000000        0.500000

[576 rows x 3 columns]
2023-05-28 18:28:17,141 [INFO] Best model :
XGBClassifier(base_score=None, booster=None, callbacks=None,
              colsample_bylevel=None, colsample_bynode=None,
              colsample_bytree=0.5, early_stopping_rounds=None,
              enable_categorical=False, eval_metric='auc', feature_types=None,
              gamma=0, gpu_id=None, grow_policy=None, importance_type=None,
              interaction_constraints=None, learning_rate=0.01, max_bin=None,
              max_cat_threshold=None, max_cat_to_onehot=None,
              max_delta_step=None, max_depth=4, max_leaves=None,
              min_child_weight=1, missing=nan, monotone_constraints=None,
              n_estimators=200, n_jobs=0, num_parallel_tree=None,
              objective='binary:logitraw', predictor=None, ...)
2023-05-28 18:28:17,158 [INFO] Save train_prediction_log data...
2023-05-28 18:28:17,162 [INFO] {'Data': 'train', 'ACC': '0.97 (840 / 870)', 'TP': 318, 'FP': 0, 'FN': 30, 'TN': 522, 'Precision': '1.0 (318 / 318 + 0)', 'Recall': '0.91 (318 / 318 + 30)', 'F1': '0.95 (2 * (0.91 * 1.0) / 0.91 + 1.0)', 'Specificity': '1.0 (522 / 522 + 0)', 'AUC': 0.96, 'r2': 0.86}
2023-05-28 18:28:17,175 [INFO] Save valid_prediction_log data...
2023-05-28 18:28:17,178 [INFO] {'Data': 'valid', 'ACC': '0.97 (212 / 218)', 'TP': 81, 'FP': 0, 'FN': 6, 'TN': 131, 'Precision': '1.0 (81 / 81 + 0)', 'Recall': '0.93 (81 / 81 + 6)', 'F1': '0.96 (2 * (0.93 * 1.0) / 0.93 + 1.0)', 'Specificity': '1.0 (131 / 131 + 0)', 'AUC': 0.97, 'r2': 0.89}
2023-05-28 18:28:17,218 [INFO] Save test_prediction_log data...
2023-05-28 18:28:17,221 [INFO] {'Data': 'test', 'ACC': '0.64 (140 / 218)', 'TP': 36, 'FP': 27, 'FN': 51, 'TN': 104, 'Precision': '0.57 (36 / 36 + 27)', 'Recall': '0.41 (36 / 36 + 51)', 'F1': '0.48 (2 * (0.41 * 0.57) / 0.41 + 0.57)', 'Specificity': '0.79 (104 / 104 + 27)', 'AUC': 0.6, 'r2': -0.49}
2023-05-28 18:28:17,226 [INFO] Save training_log data...
2023-05-28 18:28:26,687 [INFO] Save score_log data...
2023-05-28 18:28:26,689 [INFO] Time : 1658.2001650333405
