2023-05-28 14:59:42,648 [INFO] Train data : Vary_params_IGF1R_KIT\DUD-E\KIT\nG1_20\ECFP6_256bits\Robust\KIT_train_vector.tsv
2023-05-28 14:59:42,648 [INFO] Valid data : Vary_params_IGF1R_KIT\DUD-E\KIT\nG1_20\ECFP6_256bits\Robust\KIT_valid_vector.tsv
2023-05-28 14:59:42,648 [INFO] Output path : Vary_params_IGF1R_KIT\DUD-E\KIT\nG1_20\ECFP6_256bits\Robust\KIT_model\SVM
2023-05-28 14:59:42,648 [INFO] Model type : SVM
2023-05-28 14:59:42,648 [INFO] Use cores : 10
2023-05-28 14:59:42,662 [INFO] Start Learning model
2023-05-28 14:59:42,662 [INFO] Train : 262 | Valid : 58
2023-05-28 14:59:42,662 [INFO] Set parameters : {'kernel': ['linear', 'rbf'], 'C': [0.01, 0.1, 1, 10, 100, 1000], 'gamma': [0.01, 0.1, 1, 100, 1000]}
2023-05-28 14:59:45,146 [INFO] GridSearchCV results :
    mean_valid_accuracy  mean_valid_precision  mean_valid_auc
0              0.779060              0.745806        0.782463
20             0.779060              0.745806        0.782463
24             0.779060              0.745806        0.782463
26             0.779060              0.745806        0.782463
28             0.779060              0.745806        0.782463
32             0.779060              0.745806        0.782463
34             0.779060              0.745806        0.782463
36             0.779060              0.745806        0.782463
38             0.779060              0.745806        0.782463
40             0.779060              0.745806        0.782463
42             0.779060              0.745806        0.782463
44             0.779060              0.745806        0.782463
46             0.779060              0.745806        0.782463
48             0.779060              0.745806        0.782463
50             0.779060              0.745806        0.782463
52             0.779060              0.745806        0.782463
54             0.779060              0.745806        0.782463
56             0.779060              0.745806        0.782463
58             0.779060              0.745806        0.782463
22             0.779060              0.745806        0.782463
30             0.779060              0.745806        0.782463
10             0.779060              0.745806        0.782463
2              0.779060              0.745806        0.782463
18             0.779060              0.745806        0.782463
8              0.779060              0.745806        0.782463
16             0.779060              0.745806        0.782463
4              0.779060              0.745806        0.782463
12             0.779060              0.745806        0.782463
6              0.779060              0.745806        0.782463
14             0.779060              0.745806        0.782463
49             0.530627              0.000000        0.500000
9              0.530627              0.000000        0.500000
45             0.530627              0.000000        0.500000
47             0.530627              0.000000        0.500000
7              0.530627              0.000000        0.500000
21             0.530627              0.000000        0.500000
43             0.530627              0.000000        0.500000
5              0.530627              0.000000        0.500000
53             0.530627              0.000000        0.500000
55             0.530627              0.000000        0.500000
3              0.530627              0.000000        0.500000
57             0.530627              0.000000        0.500000
51             0.530627              0.000000        0.500000
11             0.530627              0.000000        0.500000
41             0.530627              0.000000        0.500000
19             0.530627              0.000000        0.500000
39             0.530627              0.000000        0.500000
37             0.530627              0.000000        0.500000
13             0.530627              0.000000        0.500000
35             0.530627              0.000000        0.500000
33             0.530627              0.000000        0.500000
15             0.530627              0.000000        0.500000
31             0.530627              0.000000        0.500000
1              0.530627              0.000000        0.500000
29             0.530627              0.000000        0.500000
27             0.530627              0.000000        0.500000
17             0.530627              0.000000        0.500000
25             0.530627              0.000000        0.500000
23             0.530627              0.000000        0.500000
59             0.530627              0.000000        0.500000
2023-05-28 14:59:45,147 [INFO] Best model :
SVC(C=0.01, gamma=0.01, kernel='linear', random_state=42)
2023-05-28 14:59:45,152 [INFO] Save train_prediction_log data...
2023-05-28 14:59:45,155 [INFO] {'Data': 'train', 'ACC': '1.0 (262 / 262)', 'TP': 123, 'FP': 0, 'FN': 0, 'TN': 139, 'Precision': '1.0 (123 / 123 + 0)', 'Recall': '1.0 (123 / 123 + 0)', 'F1': '1.0 (2 * (1.0 * 1.0) / 1.0 + 1.0)', 'Specificity': '1.0 (139 / 139 + 0)', 'AUC': 1.0, 'r2': 1.0}
2023-05-28 14:59:45,158 [INFO] Save valid_prediction_log data...
2023-05-28 14:59:45,160 [INFO] {'Data': 'valid', 'ACC': '0.78 (45 / 58)', 'TP': 23, 'FP': 13, 'FN': 0, 'TN': 22, 'Precision': '0.64 (23 / 23 + 13)', 'Recall': '1.0 (23 / 23 + 0)', 'F1': '0.78 (2 * (1.0 * 0.64) / 1.0 + 0.64)', 'Specificity': '0.63 (22 / 22 + 13)', 'AUC': 0.81, 'r2': 0.06}
2023-05-28 14:59:45,169 [INFO] Save test_prediction_log data...
2023-05-28 14:59:45,171 [INFO] {'Data': 'test', 'ACC': '0.55 (32 / 58)', 'TP': 11, 'FP': 14, 'FN': 12, 'TN': 21, 'Precision': '0.44 (11 / 11 + 14)', 'Recall': '0.48 (11 / 11 + 12)', 'F1': '0.46 (2 * (0.48 * 0.44) / 0.48 + 0.44)', 'Specificity': '0.6 (21 / 21 + 14)', 'AUC': 0.54, 'r2': -0.87}
2023-05-28 14:59:45,173 [INFO] Save training_log data...
2023-05-28 14:59:45,174 [INFO] Save score_log data...
2023-05-28 14:59:45,175 [INFO] Time : 2.526962995529175
