2023-05-29 09:46:24,095 [INFO] Train data : Vary_params_VGFR2\DUD-E\VGFR2\nG1_80\ECFP4_256bits\MinMax\VGFR2_train_vector.tsv
2023-05-29 09:46:24,096 [INFO] Valid data : Vary_params_VGFR2\DUD-E\VGFR2\nG1_80\ECFP4_256bits\MinMax\VGFR2_valid_vector.tsv
2023-05-29 09:46:24,096 [INFO] Output path : Vary_params_VGFR2\DUD-E\VGFR2\nG1_80\ECFP4_256bits\MinMax\VGFR2_model\MLP
2023-05-29 09:46:24,096 [INFO] Model type : MLP
2023-05-29 09:46:24,096 [INFO] Use cores : 18
2023-05-29 09:46:24,123 [INFO] Start Learning model
2023-05-29 09:46:24,123 [INFO] Train : 687 | Valid : 180
2023-05-29 09:46:24,123 [INFO] Set parameters : {'hidden_layer_sizes': [(50,), (100,), (50, 50), (100, 100)], 'learning_rate': ['constant', 'invscaling', 'adaptive'], 'activation': ['relu', 'identity', 'logistic', 'tanh'], 'solver': ['adam', 'sgd', 'lbfgs'], 'alpha': [0.1, 0.01, 0.001], 'max_iter': [500, 1000], 'early_stopping': [True]}
2023-05-29 09:51:05,720 [INFO] GridSearchCV results :
     mean_valid_accuracy  mean_valid_precision  mean_valid_auc
606             0.944672              0.995833        0.926760
465             0.944693              0.995833        0.926837
450             0.944693              0.995833        0.926837
603             0.944672              0.995833        0.926760
453             0.944693              0.995833        0.926837
..                   ...                   ...             ...
508             0.621590              0.000000        0.496512
505             0.621590              0.000000        0.496512
502             0.625938              0.000000        0.500000
501             0.625938              0.000000        0.500000
540             0.625938              0.000000        0.500000

[864 rows x 3 columns]
2023-05-29 09:51:05,723 [INFO] Best model :
MLPClassifier(activation='logistic', alpha=0.1, early_stopping=True,
              max_iter=500, random_state=42)
2023-05-29 09:51:05,739 [INFO] Save train_prediction_log data...
2023-05-29 09:51:05,745 [INFO] {'Data': 'train', 'ACC': '0.96 (660 / 687)', 'TP': 232, 'FP': 2, 'FN': 25, 'TN': 428, 'Precision': '0.99 (232 / 232 + 2)', 'Recall': '0.9 (232 / 232 + 25)', 'F1': '0.94 (2 * (0.9 * 0.99) / 0.9 + 0.99)', 'Specificity': '1.0 (428 / 428 + 2)', 'AUC': 0.95, 'r2': 0.83}
2023-05-29 09:51:05,753 [INFO] Save valid_prediction_log data...
2023-05-29 09:51:05,756 [INFO] {'Data': 'valid', 'ACC': '0.97 (174 / 180)', 'TP': 68, 'FP': 2, 'FN': 4, 'TN': 106, 'Precision': '0.97 (68 / 68 + 2)', 'Recall': '0.94 (68 / 68 + 4)', 'F1': '0.95 (2 * (0.94 * 0.97) / 0.94 + 0.97)', 'Specificity': '0.98 (106 / 106 + 2)', 'AUC': 0.96, 'r2': 0.86}
2023-05-29 09:51:05,779 [INFO] Save test_prediction_log data...
2023-05-29 09:51:05,784 [INFO] {'Data': 'test', 'ACC': '0.55 (99 / 180)', 'TP': 27, 'FP': 36, 'FN': 45, 'TN': 72, 'Precision': '0.43 (27 / 27 + 36)', 'Recall': '0.38 (27 / 27 + 45)', 'F1': '0.4 (2 * (0.38 * 0.43) / 0.38 + 0.43)', 'Specificity': '0.67 (72 / 72 + 36)', 'AUC': 0.52, 'r2': -0.87}
2023-05-29 09:51:05,789 [INFO] Save training_log data...
2023-05-29 09:51:05,795 [INFO] Save score_log data...
2023-05-29 09:51:05,796 [INFO] Time : 281.7002384662628
