2023-05-27 23:24:33,999 [INFO] Train data : Vary_params\DUD-E\AKT2\nG1_80\ECFP6_512bits\MinMax\AKT2_train_vector.tsv
2023-05-27 23:24:33,999 [INFO] Valid data : Vary_params\DUD-E\AKT2\nG1_80\ECFP6_512bits\MinMax\AKT2_valid_vector.tsv
2023-05-27 23:24:33,999 [INFO] Output path : Vary_params\DUD-E\AKT2\nG1_80\ECFP6_512bits\MinMax\AKT2_model\SVM
2023-05-27 23:24:33,999 [INFO] Model type : SVM
2023-05-27 23:24:33,999 [INFO] Use cores : 11
2023-05-27 23:24:34,023 [INFO] Start Learning model
2023-05-27 23:24:34,023 [INFO] Train : 95 | Valid : 31
2023-05-27 23:24:34,023 [INFO] Set parameters : {'kernel': ['linear', 'rbf'], 'C': [0.01, 0.1, 1, 10, 100, 1000], 'gamma': [0.01, 0.1, 1, 100, 1000]}
2023-05-27 23:24:37,472 [INFO] GridSearchCV results :
    mean_valid_accuracy  mean_valid_precision  mean_valid_auc
30             1.000000                   1.0           1.000
28             1.000000                   1.0           1.000
26             1.000000                   1.0           1.000
32             1.000000                   1.0           1.000
24             1.000000                   1.0           1.000
34             1.000000                   1.0           1.000
22             1.000000                   1.0           1.000
36             1.000000                   1.0           1.000
20             1.000000                   1.0           1.000
38             1.000000                   1.0           1.000
18             1.000000                   1.0           1.000
40             1.000000                   1.0           1.000
16             1.000000                   1.0           1.000
41             0.980000                   1.0           0.950
14             1.000000                   1.0           1.000
42             1.000000                   1.0           1.000
12             1.000000                   1.0           1.000
44             1.000000                   1.0           1.000
10             1.000000                   1.0           1.000
46             1.000000                   1.0           1.000
48             1.000000                   1.0           1.000
50             1.000000                   1.0           1.000
51             0.980000                   1.0           0.950
52             1.000000                   1.0           1.000
54             1.000000                   1.0           1.000
56             1.000000                   1.0           1.000
58             1.000000                   1.0           1.000
31             0.980000                   1.0           0.950
0              0.947778                   0.9           0.875
2              0.947778                   0.9           0.875
4              0.947778                   0.9           0.875
6              0.947778                   0.9           0.875
8              0.947778                   0.9           0.875
21             0.916667                   0.8           0.800
29             0.788889                   0.0           0.500
45             0.788889                   0.0           0.500
57             0.788889                   0.0           0.500
3              0.788889                   0.0           0.500
55             0.788889                   0.0           0.500
53             0.788889                   0.0           0.500
5              0.788889                   0.0           0.500
7              0.788889                   0.0           0.500
49             0.788889                   0.0           0.500
47             0.788889                   0.0           0.500
9              0.788889                   0.0           0.500
11             0.788889                   0.0           0.500
1              0.788889                   0.0           0.500
43             0.788889                   0.0           0.500
13             0.788889                   0.0           0.500
15             0.788889                   0.0           0.500
17             0.788889                   0.0           0.500
39             0.788889                   0.0           0.500
19             0.788889                   0.0           0.500
37             0.788889                   0.0           0.500
35             0.788889                   0.0           0.500
23             0.788889                   0.0           0.500
33             0.788889                   0.0           0.500
25             0.788889                   0.0           0.500
27             0.788889                   0.0           0.500
59             0.788889                   0.0           0.500
2023-05-27 23:24:37,482 [INFO] Best model :
SVC(C=0.1, gamma=0.01, kernel='linear', random_state=42)
2023-05-27 23:24:37,499 [INFO] Save train_prediction_log data...
2023-05-27 23:24:37,504 [INFO] {'Data': 'train', 'ACC': '1.0 (95 / 95)', 'TP': 20, 'FP': 0, 'FN': 0, 'TN': 75, 'Precision': '1.0 (20 / 20 + 0)', 'Recall': '1.0 (20 / 20 + 0)', 'F1': '1.0 (2 * (1.0 * 1.0) / 1.0 + 1.0)', 'Specificity': '1.0 (75 / 75 + 0)', 'AUC': 1.0, 'r2': 1.0}
2023-05-27 23:24:37,511 [INFO] Save valid_prediction_log data...
2023-05-27 23:24:37,514 [INFO] {'Data': 'valid', 'ACC': '1.0 (31 / 31)', 'TP': 12, 'FP': 0, 'FN': 0, 'TN': 19, 'Precision': '1.0 (12 / 12 + 0)', 'Recall': '1.0 (12 / 12 + 0)', 'F1': '1.0 (2 * (1.0 * 1.0) / 1.0 + 1.0)', 'Specificity': '1.0 (19 / 19 + 0)', 'AUC': 1.0, 'r2': 1.0}
2023-05-27 23:24:37,529 [INFO] Save test_prediction_log data...
2023-05-27 23:24:37,533 [INFO] {'Data': 'test', 'ACC': '0.81 (25 / 31)', 'TP': 7, 'FP': 1, 'FN': 5, 'TN': 18, 'Precision': '0.88 (7 / 7 + 1)', 'Recall': '0.58 (7 / 7 + 5)', 'F1': '0.7 (2 * (0.58 * 0.88) / 0.58 + 0.88)', 'Specificity': '0.95 (18 / 18 + 1)', 'AUC': 0.77, 'r2': 0.18}
2023-05-27 23:24:37,537 [INFO] Save training_log data...
2023-05-27 23:24:37,539 [INFO] Save score_log data...
2023-05-27 23:24:37,540 [INFO] Time : 3.5414910316467285
