2023-05-30 00:00:53,619 [INFO] Train data : Vary_params_BRAF_MK14\DUD-E\MK14\nG1_20\ECFP6_512bits\Robust\MK14_train_vector.tsv
2023-05-30 00:00:53,619 [INFO] Valid data : Vary_params_BRAF_MK14\DUD-E\MK14\nG1_20\ECFP6_512bits\Robust\MK14_valid_vector.tsv
2023-05-30 00:00:53,619 [INFO] Output path : Vary_params_BRAF_MK14\DUD-E\MK14\nG1_20\ECFP6_512bits\Robust\MK14_model\RF
2023-05-30 00:00:53,619 [INFO] Model type : RF
2023-05-30 00:00:53,619 [INFO] Use cores : 10
2023-05-30 00:00:53,668 [INFO] Start Learning model
2023-05-30 00:00:53,668 [INFO] Train : 931 | Valid : 225
2023-05-30 00:00:53,668 [INFO] Set parameters : {'max_depth': [6, 8, 10, 12], 'max_features': ['sqrt', 'log2'], 'min_samples_leaf': [2, 4, 8, 10], 'min_samples_split': [2, 4, 8, 10], 'n_estimators': [200, 600, 1000]}
2023-05-30 00:08:28,133 [INFO] GridSearchCV results :
     mean_valid_accuracy  mean_valid_precision  mean_valid_auc
246             0.969984              0.989859        0.965527
336             0.970007              0.989332        0.965544
339             0.970007              0.989332        0.965544
337             0.969973              0.987224        0.965883
340             0.969973              0.987224        0.965883
..                   ...                   ...             ...
44              0.945230              0.957864        0.940330
330             0.951682              0.953365        0.948735
327             0.951682              0.953365        0.948735
333             0.951682              0.953365        0.948735
324             0.951682              0.953365        0.948735

[384 rows x 3 columns]
2023-05-30 00:08:28,134 [INFO] Best model :
RandomForestClassifier(class_weight='balanced', max_depth=10,
                       max_features='log2', min_samples_leaf=2,
                       min_samples_split=8, n_estimators=200, random_state=42)
2023-05-30 00:08:28,166 [INFO] Save train_prediction_log data...
2023-05-30 00:08:28,170 [INFO] {'Data': 'train', 'ACC': '1.0 (930 / 931)', 'TP': 389, 'FP': 0, 'FN': 1, 'TN': 541, 'Precision': '1.0 (389 / 389 + 0)', 'Recall': '1.0 (389 / 389 + 1)', 'F1': '1.0 (2 * (1.0 * 1.0) / 1.0 + 1.0)', 'Specificity': '1.0 (541 / 541 + 0)', 'AUC': 1.0, 'r2': 1.0}
2023-05-30 00:08:28,189 [INFO] Save valid_prediction_log data...
2023-05-30 00:08:28,574 [INFO] {'Data': 'valid', 'ACC': '0.99 (222 / 225)', 'TP': 89, 'FP': 2, 'FN': 1, 'TN': 133, 'Precision': '0.98 (89 / 89 + 2)', 'Recall': '0.99 (89 / 89 + 1)', 'F1': '0.98 (2 * (0.99 * 0.98) / 0.99 + 0.98)', 'Specificity': '0.99 (133 / 133 + 2)', 'AUC': 0.99, 'r2': 0.94}
2023-05-30 00:08:28,628 [INFO] Save test_prediction_log data...
2023-05-30 00:08:28,631 [INFO] {'Data': 'test', 'ACC': '0.68 (154 / 225)', 'TP': 61, 'FP': 42, 'FN': 29, 'TN': 93, 'Precision': '0.59 (61 / 61 + 42)', 'Recall': '0.68 (61 / 61 + 29)', 'F1': '0.63 (2 * (0.68 * 0.59) / 0.68 + 0.59)', 'Specificity': '0.69 (93 / 93 + 42)', 'AUC': 0.68, 'r2': -0.31}
2023-05-30 00:08:28,677 [INFO] Save training_log data...
2023-05-30 00:08:28,680 [INFO] Save score_log data...
2023-05-30 00:08:28,681 [INFO] Time : 455.0621061325073
