2023-05-29 05:00:17,882 [INFO] Train data : Vary_params\DUD-E\KPCB\nG1_50\ECFP4_512bits\Robust\KPCB_train_vector.tsv
2023-05-29 05:00:17,884 [INFO] Valid data : Vary_params\DUD-E\KPCB\nG1_50\ECFP4_512bits\Robust\KPCB_valid_vector.tsv
2023-05-29 05:00:17,884 [INFO] Output path : Vary_params\DUD-E\KPCB\nG1_50\ECFP4_512bits\Robust\KPCB_model\MLP
2023-05-29 05:00:17,884 [INFO] Model type : MLP
2023-05-29 05:00:17,884 [INFO] Use cores : 11
2023-05-29 05:00:17,909 [INFO] Start Learning model
2023-05-29 05:00:17,909 [INFO] Train : 168 | Valid : 42
2023-05-29 05:00:17,909 [INFO] Set parameters : {'hidden_layer_sizes': [(50,), (100,), (50, 50), (100, 100)], 'learning_rate': ['constant', 'invscaling', 'adaptive'], 'activation': ['relu', 'identity', 'logistic', 'tanh'], 'solver': ['adam', 'sgd', 'lbfgs'], 'alpha': [0.1, 0.01, 0.001], 'max_iter': [500, 1000], 'early_stopping': [True]}
2023-05-29 05:05:17,084 [INFO] GridSearchCV results :
     mean_valid_accuracy  mean_valid_precision  mean_valid_auc
863             0.988235                   1.0        0.985714
527             0.988235                   1.0        0.985714
530             0.988235                   1.0        0.985714
531             0.940074                   1.0        0.925000
533             0.988235                   1.0        0.985714
..                   ...                   ...             ...
615             0.601471                   0.0        0.500000
496             0.601471                   0.0        0.500000
616             0.601471                   0.0        0.500000
618             0.601471                   0.0        0.500000
468             0.601471                   0.0        0.500000

[864 rows x 3 columns]
2023-05-29 05:05:17,085 [INFO] Best model :
MLPClassifier(activation='logistic', alpha=0.1, early_stopping=True,
              max_iter=500, random_state=42)
2023-05-29 05:05:17,095 [INFO] Save train_prediction_log data...
2023-05-29 05:05:17,099 [INFO] {'Data': 'train', 'ACC': '0.99 (167 / 168)', 'TP': 66, 'FP': 0, 'FN': 1, 'TN': 101, 'Precision': '1.0 (66 / 66 + 0)', 'Recall': '0.99 (66 / 66 + 1)', 'F1': '0.99 (2 * (0.99 * 1.0) / 0.99 + 1.0)', 'Specificity': '1.0 (101 / 101 + 0)', 'AUC': 0.99, 'r2': 0.98}
2023-05-29 05:05:17,104 [INFO] Save valid_prediction_log data...
2023-05-29 05:05:17,107 [INFO] {'Data': 'valid', 'ACC': '1.0 (42 / 42)', 'TP': 17, 'FP': 0, 'FN': 0, 'TN': 25, 'Precision': '1.0 (17 / 17 + 0)', 'Recall': '1.0 (17 / 17 + 0)', 'F1': '1.0 (2 * (1.0 * 1.0) / 1.0 + 1.0)', 'Specificity': '1.0 (25 / 25 + 0)', 'AUC': 1.0, 'r2': 1.0}
2023-05-29 05:05:17,124 [INFO] Save test_prediction_log data...
2023-05-29 05:05:17,128 [INFO] {'Data': 'test', 'ACC': '0.71 (30 / 42)', 'TP': 6, 'FP': 1, 'FN': 11, 'TN': 24, 'Precision': '0.86 (6 / 6 + 1)', 'Recall': '0.35 (6 / 6 + 11)', 'F1': '0.5 (2 * (0.35 * 0.86) / 0.35 + 0.86)', 'Specificity': '0.96 (24 / 24 + 1)', 'AUC': 0.66, 'r2': -0.19}
2023-05-29 05:05:17,133 [INFO] Save training_log data...
2023-05-29 05:05:17,139 [INFO] Save score_log data...
2023-05-29 05:05:17,140 [INFO] Time : 299.2572934627533
