2023-05-28 20:04:21,522 [INFO] Train data : Vary_params_IGF1R_KIT\DUD-E\KIT\nG1_50\ECFP6_512bits\Robust\KIT_train_vector.tsv
2023-05-28 20:04:21,523 [INFO] Valid data : Vary_params_IGF1R_KIT\DUD-E\KIT\nG1_50\ECFP6_512bits\Robust\KIT_valid_vector.tsv
2023-05-28 20:04:21,523 [INFO] Output path : Vary_params_IGF1R_KIT\DUD-E\KIT\nG1_50\ECFP6_512bits\Robust\KIT_model\MLP
2023-05-28 20:04:21,523 [INFO] Model type : MLP
2023-05-28 20:04:21,523 [INFO] Use cores : 10
2023-05-28 20:04:21,546 [INFO] Start Learning model
2023-05-28 20:04:21,546 [INFO] Train : 232 | Valid : 58
2023-05-28 20:04:21,546 [INFO] Set parameters : {'hidden_layer_sizes': [(50,), (100,), (50, 50), (100, 100)], 'learning_rate': ['constant', 'invscaling', 'adaptive'], 'activation': ['relu', 'identity', 'logistic', 'tanh'], 'solver': ['adam', 'sgd', 'lbfgs'], 'alpha': [0.1, 0.01, 0.001], 'max_iter': [500, 1000], 'early_stopping': [True]}
2023-05-28 20:08:58,402 [INFO] GridSearchCV results :
     mean_valid_accuracy  mean_valid_precision  mean_valid_auc
522             0.871377                   1.0        0.842222
501             0.849275                   1.0        0.814444
534             0.871377                   1.0        0.842222
531             0.871377                   1.0        0.842222
528             0.871377                   1.0        0.842222
..                   ...                   ...             ...
546             0.599275                   0.0        0.500000
547             0.599275                   0.0        0.500000
549             0.599275                   0.0        0.500000
550             0.599275                   0.0        0.500000
474             0.599275                   0.0        0.500000

[864 rows x 3 columns]
2023-05-28 20:08:58,404 [INFO] Best model :
MLPClassifier(activation='logistic', alpha=0.1, early_stopping=True,
              max_iter=500, random_state=42)
2023-05-28 20:08:58,410 [INFO] Save train_prediction_log data...
2023-05-28 20:08:58,413 [INFO] {'Data': 'train', 'ACC': '0.99 (229 / 232)', 'TP': 90, 'FP': 0, 'FN': 3, 'TN': 139, 'Precision': '1.0 (90 / 90 + 0)', 'Recall': '0.97 (90 / 90 + 3)', 'F1': '0.98 (2 * (0.97 * 1.0) / 0.97 + 1.0)', 'Specificity': '1.0 (139 / 139 + 0)', 'AUC': 0.98, 'r2': 0.95}
2023-05-28 20:08:58,418 [INFO] Save valid_prediction_log data...
2023-05-28 20:08:58,420 [INFO] {'Data': 'valid', 'ACC': '0.98 (57 / 58)', 'TP': 22, 'FP': 0, 'FN': 1, 'TN': 35, 'Precision': '1.0 (22 / 22 + 0)', 'Recall': '0.96 (22 / 22 + 1)', 'F1': '0.98 (2 * (0.96 * 1.0) / 0.96 + 1.0)', 'Specificity': '1.0 (35 / 35 + 0)', 'AUC': 0.98, 'r2': 0.93}
2023-05-28 20:08:58,434 [INFO] Save test_prediction_log data...
2023-05-28 20:08:58,436 [INFO] {'Data': 'test', 'ACC': '0.72 (42 / 58)', 'TP': 7, 'FP': 0, 'FN': 16, 'TN': 35, 'Precision': '1.0 (7 / 7 + 0)', 'Recall': '0.3 (7 / 7 + 16)', 'F1': '0.46 (2 * (0.3 * 1.0) / 0.3 + 1.0)', 'Specificity': '1.0 (35 / 35 + 0)', 'AUC': 0.65, 'r2': -0.15}
2023-05-28 20:08:58,439 [INFO] Save training_log data...
2023-05-28 20:08:58,443 [INFO] Save score_log data...
2023-05-28 20:08:58,444 [INFO] Time : 276.9216773509979
