2023-05-28 19:41:43,361 [INFO] Train data : Vary_params_ABL_BRAF_FGFR1\DUD-E\ABL1\nG1_50\ECFP6_512bits\Standard\ABL1_train_vector.tsv
2023-05-28 19:41:43,361 [INFO] Valid data : Vary_params_ABL_BRAF_FGFR1\DUD-E\ABL1\nG1_50\ECFP6_512bits\Standard\ABL1_valid_vector.tsv
2023-05-28 19:41:43,361 [INFO] Output path : Vary_params_ABL_BRAF_FGFR1\DUD-E\ABL1\nG1_50\ECFP6_512bits\Standard\ABL1_model\SVM
2023-05-28 19:41:43,361 [INFO] Model type : SVM
2023-05-28 19:41:43,361 [INFO] Use cores : 18
2023-05-28 19:41:43,395 [INFO] Start Learning model
2023-05-28 19:41:43,395 [INFO] Train : 264 | Valid : 66
2023-05-28 19:41:43,395 [INFO] Set parameters : {'kernel': ['linear', 'rbf'], 'C': [0.01, 0.1, 1, 10, 100, 1000], 'gamma': [0.01, 0.1, 1, 100, 1000]}
2023-05-28 19:41:47,079 [INFO] GridSearchCV results :
    mean_valid_accuracy  mean_valid_precision  mean_valid_auc
0              0.954986              0.964394        0.950682
20             0.954986              0.964394        0.950682
24             0.954986              0.964394        0.950682
26             0.954986              0.964394        0.950682
28             0.954986              0.964394        0.950682
32             0.954986              0.964394        0.950682
34             0.954986              0.964394        0.950682
36             0.954986              0.964394        0.950682
38             0.954986              0.964394        0.950682
40             0.954986              0.964394        0.950682
42             0.954986              0.964394        0.950682
44             0.954986              0.964394        0.950682
46             0.954986              0.964394        0.950682
48             0.954986              0.964394        0.950682
50             0.954986              0.964394        0.950682
52             0.954986              0.964394        0.950682
54             0.954986              0.964394        0.950682
56             0.954986              0.964394        0.950682
58             0.954986              0.964394        0.950682
22             0.954986              0.964394        0.950682
30             0.954986              0.964394        0.950682
2              0.954986              0.964394        0.950682
18             0.954986              0.964394        0.950682
10             0.954986              0.964394        0.950682
8              0.954986              0.964394        0.950682
16             0.954986              0.964394        0.950682
4              0.954986              0.964394        0.950682
12             0.954986              0.964394        0.950682
14             0.954986              0.964394        0.950682
6              0.954986              0.964394        0.950682
41             0.613675              0.400000        0.519091
31             0.613675              0.400000        0.519091
51             0.613675              0.400000        0.519091
21             0.598575              0.000000        0.500000
7              0.598575              0.000000        0.500000
47             0.598575              0.000000        0.500000
5              0.598575              0.000000        0.500000
49             0.598575              0.000000        0.500000
9              0.598575              0.000000        0.500000
53             0.598575              0.000000        0.500000
55             0.598575              0.000000        0.500000
3              0.598575              0.000000        0.500000
57             0.598575              0.000000        0.500000
45             0.598575              0.000000        0.500000
11             0.598575              0.000000        0.500000
43             0.598575              0.000000        0.500000
19             0.598575              0.000000        0.500000
39             0.598575              0.000000        0.500000
37             0.598575              0.000000        0.500000
13             0.598575              0.000000        0.500000
35             0.598575              0.000000        0.500000
33             0.598575              0.000000        0.500000
15             0.598575              0.000000        0.500000
1              0.598575              0.000000        0.500000
29             0.598575              0.000000        0.500000
27             0.598575              0.000000        0.500000
17             0.598575              0.000000        0.500000
25             0.598575              0.000000        0.500000
23             0.598575              0.000000        0.500000
59             0.598575              0.000000        0.500000
2023-05-28 19:41:47,079 [INFO] Best model :
SVC(C=0.01, gamma=0.01, kernel='linear', random_state=42)
2023-05-28 19:41:47,089 [INFO] Save train_prediction_log data...
2023-05-28 19:41:47,089 [INFO] {'Data': 'train', 'ACC': '1.0 (264 / 264)', 'TP': 106, 'FP': 0, 'FN': 0, 'TN': 158, 'Precision': '1.0 (106 / 106 + 0)', 'Recall': '1.0 (106 / 106 + 0)', 'F1': '1.0 (2 * (1.0 * 1.0) / 1.0 + 1.0)', 'Specificity': '1.0 (158 / 158 + 0)', 'AUC': 1.0, 'r2': 1.0}
2023-05-28 19:41:47,089 [INFO] Save valid_prediction_log data...
2023-05-28 19:41:47,099 [INFO] {'Data': 'valid', 'ACC': '0.95 (63 / 66)', 'TP': 26, 'FP': 3, 'FN': 0, 'TN': 37, 'Precision': '0.9 (26 / 26 + 3)', 'Recall': '1.0 (26 / 26 + 0)', 'F1': '0.95 (2 * (1.0 * 0.9) / 1.0 + 0.9)', 'Specificity': '0.92 (37 / 37 + 3)', 'AUC': 0.96, 'r2': 0.81}
2023-05-28 19:41:47,109 [INFO] Save test_prediction_log data...
2023-05-28 19:41:47,109 [INFO] {'Data': 'test', 'ACC': '0.61 (40 / 66)', 'TP': 11, 'FP': 11, 'FN': 15, 'TN': 29, 'Precision': '0.5 (11 / 11 + 11)', 'Recall': '0.42 (11 / 11 + 15)', 'F1': '0.46 (2 * (0.42 * 0.5) / 0.42 + 0.5)', 'Specificity': '0.72 (29 / 29 + 11)', 'AUC': 0.57, 'r2': -0.65}
2023-05-28 19:41:47,120 [INFO] Save training_log data...
2023-05-28 19:41:47,120 [INFO] Save score_log data...
2023-05-28 19:41:47,120 [INFO] Time : 3.7596826553344727
