2023-05-27 20:39:42,688 [INFO] Train data : Vary_params_SH\DUD-E\ROCK1\nG1_80\ECFP6_256bits\Robust\ROCK1_train_vector.tsv
2023-05-27 20:39:42,688 [INFO] Valid data : Vary_params_SH\DUD-E\ROCK1\nG1_80\ECFP6_256bits\Robust\ROCK1_valid_vector.tsv
2023-05-27 20:39:42,688 [INFO] Output path : Vary_params_SH\DUD-E\ROCK1\nG1_80\ECFP6_256bits\Robust\ROCK1_model\SVM
2023-05-27 20:39:42,688 [INFO] Model type : SVM
2023-05-27 20:39:42,688 [INFO] Use cores : 3
2023-05-27 20:39:42,706 [INFO] Start Learning model
2023-05-27 20:39:42,706 [INFO] Train : 70 | Valid : 25
2023-05-27 20:39:42,706 [INFO] Set parameters : {'kernel': ['linear', 'rbf'], 'C': [0.01, 0.1, 1, 10, 100, 1000], 'gamma': [0.01, 0.1, 1, 100, 1000]}
2023-05-27 20:39:46,706 [INFO] GridSearchCV results :
    mean_valid_accuracy  mean_valid_precision  mean_valid_auc
0              0.971429                   0.8             0.9
20             0.971429                   0.8             0.9
24             0.971429                   0.8             0.9
26             0.971429                   0.8             0.9
28             0.971429                   0.8             0.9
32             0.971429                   0.8             0.9
34             0.971429                   0.8             0.9
36             0.971429                   0.8             0.9
38             0.971429                   0.8             0.9
40             0.971429                   0.8             0.9
42             0.971429                   0.8             0.9
44             0.971429                   0.8             0.9
46             0.971429                   0.8             0.9
48             0.971429                   0.8             0.9
50             0.971429                   0.8             0.9
52             0.971429                   0.8             0.9
54             0.971429                   0.8             0.9
56             0.971429                   0.8             0.9
58             0.971429                   0.8             0.9
22             0.971429                   0.8             0.9
30             0.971429                   0.8             0.9
10             0.971429                   0.8             0.9
2              0.971429                   0.8             0.9
18             0.971429                   0.8             0.9
8              0.971429                   0.8             0.9
16             0.971429                   0.8             0.9
4              0.971429                   0.8             0.9
12             0.971429                   0.8             0.9
6              0.971429                   0.8             0.9
14             0.971429                   0.8             0.9
49             0.857143                   0.0             0.5
9              0.857143                   0.0             0.5
45             0.857143                   0.0             0.5
47             0.857143                   0.0             0.5
7              0.857143                   0.0             0.5
21             0.857143                   0.0             0.5
43             0.857143                   0.0             0.5
5              0.857143                   0.0             0.5
53             0.857143                   0.0             0.5
55             0.857143                   0.0             0.5
3              0.857143                   0.0             0.5
57             0.857143                   0.0             0.5
51             0.857143                   0.0             0.5
11             0.857143                   0.0             0.5
41             0.857143                   0.0             0.5
19             0.857143                   0.0             0.5
39             0.857143                   0.0             0.5
37             0.857143                   0.0             0.5
13             0.857143                   0.0             0.5
35             0.857143                   0.0             0.5
33             0.857143                   0.0             0.5
15             0.857143                   0.0             0.5
31             0.857143                   0.0             0.5
1              0.857143                   0.0             0.5
29             0.857143                   0.0             0.5
27             0.857143                   0.0             0.5
17             0.857143                   0.0             0.5
25             0.857143                   0.0             0.5
23             0.857143                   0.0             0.5
59             0.857143                   0.0             0.5
2023-05-27 20:39:46,708 [INFO] Best model :
SVC(C=0.01, gamma=0.01, kernel='linear', random_state=42)
2023-05-27 20:39:46,713 [INFO] Save train_prediction_log data...
2023-05-27 20:39:46,718 [INFO] {'Data': 'train', 'ACC': '1.0 (70 / 70)', 'TP': 10, 'FP': 0, 'FN': 0, 'TN': 60, 'Precision': '1.0 (10 / 10 + 0)', 'Recall': '1.0 (10 / 10 + 0)', 'F1': '1.0 (2 * (1.0 * 1.0) / 1.0 + 1.0)', 'Specificity': '1.0 (60 / 60 + 0)', 'AUC': 1.0, 'r2': 1.0}
2023-05-27 20:39:46,723 [INFO] Save valid_prediction_log data...
2023-05-27 20:39:46,726 [INFO] {'Data': 'valid', 'ACC': '0.88 (22 / 25)', 'TP': 7, 'FP': 0, 'FN': 3, 'TN': 15, 'Precision': '1.0 (7 / 7 + 0)', 'Recall': '0.7 (7 / 7 + 3)', 'F1': '0.82 (2 * (0.7 * 1.0) / 0.7 + 1.0)', 'Specificity': '1.0 (15 / 15 + 0)', 'AUC': 0.85, 'r2': 0.5}
2023-05-27 20:39:46,738 [INFO] Save test_prediction_log data...
2023-05-27 20:39:46,742 [INFO] {'Data': 'test', 'ACC': '0.6 (15 / 25)', 'TP': 2, 'FP': 2, 'FN': 8, 'TN': 13, 'Precision': '0.5 (2 / 2 + 2)', 'Recall': '0.2 (2 / 2 + 8)', 'F1': '0.29 (2 * (0.2 * 0.5) / 0.2 + 0.5)', 'Specificity': '0.87 (13 / 13 + 2)', 'AUC': 0.53, 'r2': -0.67}
2023-05-27 20:39:46,746 [INFO] Save training_log data...
2023-05-27 20:39:46,748 [INFO] Save score_log data...
2023-05-27 20:39:46,750 [INFO] Time : 4.062098979949951
