2023-05-30 04:12:16,454 [INFO] Train data : Baseline_noscale_DUDE\DUD-E\IGF1R\ECFP4_512bits\IGF1R_raw_train.tsv
2023-05-30 04:12:16,454 [INFO] Valid data : Baseline_noscale_DUDE\DUD-E\IGF1R\ECFP4_512bits\IGF1R_raw_valid.tsv
2023-05-30 04:12:16,454 [INFO] Output path : Baseline_noscale_DUDE\DUD-E\IGF1R\ECFP4_512bits\IGF1R_model\MLP
2023-05-30 04:12:16,454 [INFO] Model type : MLP
2023-05-30 04:12:16,454 [INFO] Use cores : 12
2023-05-30 04:12:16,470 [INFO] Start Learning model
2023-05-30 04:12:16,470 [INFO] Train : 196 | Valid : 49
2023-05-30 04:12:16,470 [INFO] Set parameters : {'hidden_layer_sizes': [(50,), (100,), (50, 50), (100, 100)], 'learning_rate': ['constant', 'invscaling', 'adaptive'], 'activation': ['relu', 'identity', 'logistic', 'tanh'], 'solver': ['adam', 'sgd', 'lbfgs'], 'alpha': [0.1, 0.01, 0.001], 'max_iter': [500, 1000], 'early_stopping': [True]}
2023-05-30 04:14:16,492 [INFO] GridSearchCV results :
     mean_valid_accuracy  mean_valid_precision  mean_valid_auc
863             0.995000                   1.0         0.99375
278             1.000000                   1.0         1.00000
656             1.000000                   1.0         1.00000
317             0.995000                   1.0         0.99375
659             1.000000                   1.0         1.00000
..                   ...                   ...             ...
214             0.602105                   0.0         0.50000
211             0.602105                   0.0         0.50000
529             0.602105                   0.0         0.50000
208             0.602105                   0.0         0.50000
493             0.602105                   0.0         0.50000

[864 rows x 3 columns]
2023-05-30 04:14:16,493 [INFO] Best model :
MLPClassifier(alpha=0.1, early_stopping=True, hidden_layer_sizes=(50,),
              max_iter=500, random_state=42, solver='lbfgs')
2023-05-30 04:14:16,498 [INFO] Save train_prediction_log data...
2023-05-30 04:14:16,501 [INFO] {'Data': 'train', 'ACC': '1.0 (196 / 196)', 'TP': 78, 'FP': 0, 'FN': 0, 'TN': 118, 'Precision': '1.0 (78 / 78 + 0)', 'Recall': '1.0 (78 / 78 + 0)', 'F1': '1.0 (2 * (1.0 * 1.0) / 1.0 + 1.0)', 'Specificity': '1.0 (118 / 118 + 0)', 'AUC': 1.0, 'r2': 1.0}
2023-05-30 04:14:16,505 [INFO] Save valid_prediction_log data...
2023-05-30 04:14:16,507 [INFO] {'Data': 'valid', 'ACC': '1.0 (49 / 49)', 'TP': 20, 'FP': 0, 'FN': 0, 'TN': 29, 'Precision': '1.0 (20 / 20 + 0)', 'Recall': '1.0 (20 / 20 + 0)', 'F1': '1.0 (2 * (1.0 * 1.0) / 1.0 + 1.0)', 'Specificity': '1.0 (29 / 29 + 0)', 'AUC': 1.0, 'r2': 1.0}
2023-05-30 04:14:16,518 [INFO] Save test_prediction_log data...
2023-05-30 04:14:16,520 [INFO] {'Data': 'test', 'ACC': '0.69 (34 / 49)', 'TP': 7, 'FP': 2, 'FN': 13, 'TN': 27, 'Precision': '0.78 (7 / 7 + 2)', 'Recall': '0.35 (7 / 7 + 13)', 'F1': '0.48 (2 * (0.35 * 0.78) / 0.35 + 0.78)', 'Specificity': '0.93 (27 / 27 + 2)', 'AUC': 0.64, 'r2': -0.27}
2023-05-30 04:14:16,522 [INFO] Save training_log data...
2023-05-30 04:14:16,527 [INFO] Save score_log data...
2023-05-30 04:14:16,529 [INFO] Time : 120.07520985603333
