2023-05-28 00:47:59,068 [INFO] Train data : Vary_params\DUD-E\CSF1R\nG1_20\ECFP4_512bits\Robust\CSF1R_train_vector.tsv
2023-05-28 00:47:59,068 [INFO] Valid data : Vary_params\DUD-E\CSF1R\nG1_20\ECFP4_512bits\Robust\CSF1R_valid_vector.tsv
2023-05-28 00:47:59,068 [INFO] Output path : Vary_params\DUD-E\CSF1R\nG1_20\ECFP4_512bits\Robust\CSF1R_model\SVM
2023-05-28 00:47:59,068 [INFO] Model type : SVM
2023-05-28 00:47:59,068 [INFO] Use cores : 11
2023-05-28 00:47:59,096 [INFO] Start Learning model
2023-05-28 00:47:59,096 [INFO] Train : 216 | Valid : 47
2023-05-28 00:47:59,096 [INFO] Set parameters : {'kernel': ['linear', 'rbf'], 'C': [0.01, 0.1, 1, 10, 100, 1000], 'gamma': [0.01, 0.1, 1, 100, 1000]}
2023-05-28 00:48:03,050 [INFO] GridSearchCV results :
    mean_valid_accuracy  mean_valid_precision  mean_valid_auc
0              0.916883              0.924009        0.917727
20             0.916883              0.924009        0.917727
24             0.916883              0.924009        0.917727
26             0.916883              0.924009        0.917727
28             0.916883              0.924009        0.917727
32             0.916883              0.924009        0.917727
34             0.916883              0.924009        0.917727
36             0.916883              0.924009        0.917727
38             0.916883              0.924009        0.917727
40             0.916883              0.924009        0.917727
42             0.916883              0.924009        0.917727
44             0.916883              0.924009        0.917727
46             0.916883              0.924009        0.917727
48             0.916883              0.924009        0.917727
50             0.916883              0.924009        0.917727
52             0.916883              0.924009        0.917727
54             0.916883              0.924009        0.917727
56             0.916883              0.924009        0.917727
58             0.916883              0.924009        0.917727
22             0.916883              0.924009        0.917727
30             0.916883              0.924009        0.917727
10             0.916883              0.924009        0.917727
2              0.916883              0.924009        0.917727
18             0.916883              0.924009        0.917727
8              0.916883              0.924009        0.917727
16             0.916883              0.924009        0.917727
4              0.916883              0.924009        0.917727
12             0.916883              0.924009        0.917727
6              0.916883              0.924009        0.917727
14             0.916883              0.924009        0.917727
49             0.518615              0.000000        0.500000
9              0.518615              0.000000        0.500000
45             0.518615              0.000000        0.500000
47             0.518615              0.000000        0.500000
7              0.518615              0.000000        0.500000
21             0.518615              0.000000        0.500000
43             0.518615              0.000000        0.500000
5              0.518615              0.000000        0.500000
53             0.518615              0.000000        0.500000
55             0.518615              0.000000        0.500000
3              0.518615              0.000000        0.500000
57             0.518615              0.000000        0.500000
51             0.518615              0.000000        0.500000
11             0.518615              0.000000        0.500000
41             0.518615              0.000000        0.500000
19             0.518615              0.000000        0.500000
39             0.518615              0.000000        0.500000
37             0.518615              0.000000        0.500000
13             0.518615              0.000000        0.500000
35             0.518615              0.000000        0.500000
33             0.518615              0.000000        0.500000
15             0.518615              0.000000        0.500000
31             0.518615              0.000000        0.500000
1              0.518615              0.000000        0.500000
29             0.518615              0.000000        0.500000
27             0.518615              0.000000        0.500000
17             0.518615              0.000000        0.500000
25             0.518615              0.000000        0.500000
23             0.518615              0.000000        0.500000
59             0.518615              0.000000        0.500000
2023-05-28 00:48:03,054 [INFO] Best model :
SVC(C=0.01, gamma=0.01, kernel='linear', random_state=42)
2023-05-28 00:48:03,077 [INFO] Save train_prediction_log data...
2023-05-28 00:48:03,085 [INFO] {'Data': 'train', 'ACC': '1.0 (216 / 216)', 'TP': 104, 'FP': 0, 'FN': 0, 'TN': 112, 'Precision': '1.0 (104 / 104 + 0)', 'Recall': '1.0 (104 / 104 + 0)', 'F1': '1.0 (2 * (1.0 * 1.0) / 1.0 + 1.0)', 'Specificity': '1.0 (112 / 112 + 0)', 'AUC': 1.0, 'r2': 1.0}
2023-05-28 00:48:03,091 [INFO] Save valid_prediction_log data...
2023-05-28 00:48:03,094 [INFO] {'Data': 'valid', 'ACC': '0.96 (45 / 47)', 'TP': 19, 'FP': 2, 'FN': 0, 'TN': 26, 'Precision': '0.9 (19 / 19 + 2)', 'Recall': '1.0 (19 / 19 + 0)', 'F1': '0.95 (2 * (1.0 * 0.9) / 1.0 + 0.9)', 'Specificity': '0.93 (26 / 26 + 2)', 'AUC': 0.96, 'r2': 0.82}
2023-05-28 00:48:03,110 [INFO] Save test_prediction_log data...
2023-05-28 00:48:03,114 [INFO] {'Data': 'test', 'ACC': '0.57 (27 / 47)', 'TP': 13, 'FP': 14, 'FN': 6, 'TN': 14, 'Precision': '0.48 (13 / 13 + 14)', 'Recall': '0.68 (13 / 13 + 6)', 'F1': '0.56 (2 * (0.68 * 0.48) / 0.68 + 0.48)', 'Specificity': '0.5 (14 / 14 + 14)', 'AUC': 0.59, 'r2': -0.77}
2023-05-28 00:48:03,117 [INFO] Save training_log data...
2023-05-28 00:48:03,118 [INFO] Save score_log data...
2023-05-28 00:48:03,120 [INFO] Time : 4.052083969116211
