2023-05-28 20:04:16,951 [INFO] Train data : Vary_params_IGF1R_KIT\DUD-E\KIT\nG1_50\ECFP6_512bits\Robust\KIT_train_vector.tsv
2023-05-28 20:04:16,951 [INFO] Valid data : Vary_params_IGF1R_KIT\DUD-E\KIT\nG1_50\ECFP6_512bits\Robust\KIT_valid_vector.tsv
2023-05-28 20:04:16,951 [INFO] Output path : Vary_params_IGF1R_KIT\DUD-E\KIT\nG1_50\ECFP6_512bits\Robust\KIT_model\SVM
2023-05-28 20:04:16,951 [INFO] Model type : SVM
2023-05-28 20:04:16,951 [INFO] Use cores : 10
2023-05-28 20:04:16,974 [INFO] Start Learning model
2023-05-28 20:04:16,974 [INFO] Train : 232 | Valid : 58
2023-05-28 20:04:16,974 [INFO] Set parameters : {'kernel': ['linear', 'rbf'], 'C': [0.01, 0.1, 1, 10, 100, 1000], 'gamma': [0.01, 0.1, 1, 100, 1000]}
2023-05-28 20:04:20,056 [INFO] GridSearchCV results :
    mean_valid_accuracy  mean_valid_precision  mean_valid_auc
0              0.909239              0.880934        0.909646
20             0.909239              0.880934        0.909646
24             0.909239              0.880934        0.909646
26             0.909239              0.880934        0.909646
28             0.909239              0.880934        0.909646
32             0.909239              0.880934        0.909646
34             0.909239              0.880934        0.909646
36             0.909239              0.880934        0.909646
38             0.909239              0.880934        0.909646
40             0.909239              0.880934        0.909646
42             0.909239              0.880934        0.909646
44             0.909239              0.880934        0.909646
46             0.909239              0.880934        0.909646
48             0.909239              0.880934        0.909646
50             0.909239              0.880934        0.909646
52             0.909239              0.880934        0.909646
54             0.909239              0.880934        0.909646
56             0.909239              0.880934        0.909646
58             0.909239              0.880934        0.909646
22             0.909239              0.880934        0.909646
30             0.909239              0.880934        0.909646
10             0.909239              0.880934        0.909646
2              0.909239              0.880934        0.909646
18             0.909239              0.880934        0.909646
8              0.909239              0.880934        0.909646
16             0.909239              0.880934        0.909646
4              0.909239              0.880934        0.909646
12             0.909239              0.880934        0.909646
6              0.909239              0.880934        0.909646
14             0.909239              0.880934        0.909646
49             0.599275              0.000000        0.500000
9              0.599275              0.000000        0.500000
45             0.599275              0.000000        0.500000
47             0.599275              0.000000        0.500000
7              0.599275              0.000000        0.500000
21             0.599275              0.000000        0.500000
43             0.599275              0.000000        0.500000
5              0.599275              0.000000        0.500000
53             0.599275              0.000000        0.500000
55             0.599275              0.000000        0.500000
3              0.599275              0.000000        0.500000
57             0.599275              0.000000        0.500000
51             0.599275              0.000000        0.500000
11             0.599275              0.000000        0.500000
41             0.599275              0.000000        0.500000
19             0.599275              0.000000        0.500000
39             0.599275              0.000000        0.500000
37             0.599275              0.000000        0.500000
13             0.599275              0.000000        0.500000
35             0.599275              0.000000        0.500000
33             0.599275              0.000000        0.500000
15             0.599275              0.000000        0.500000
31             0.599275              0.000000        0.500000
1              0.599275              0.000000        0.500000
29             0.599275              0.000000        0.500000
27             0.599275              0.000000        0.500000
17             0.599275              0.000000        0.500000
25             0.599275              0.000000        0.500000
23             0.599275              0.000000        0.500000
59             0.599275              0.000000        0.500000
2023-05-28 20:04:20,057 [INFO] Best model :
SVC(C=0.01, gamma=0.01, kernel='linear', random_state=42)
2023-05-28 20:04:20,064 [INFO] Save train_prediction_log data...
2023-05-28 20:04:20,067 [INFO] {'Data': 'train', 'ACC': '1.0 (232 / 232)', 'TP': 93, 'FP': 0, 'FN': 0, 'TN': 139, 'Precision': '1.0 (93 / 93 + 0)', 'Recall': '1.0 (93 / 93 + 0)', 'F1': '1.0 (2 * (1.0 * 1.0) / 1.0 + 1.0)', 'Specificity': '1.0 (139 / 139 + 0)', 'AUC': 1.0, 'r2': 1.0}
2023-05-28 20:04:20,071 [INFO] Save valid_prediction_log data...
2023-05-28 20:04:20,073 [INFO] {'Data': 'valid', 'ACC': '1.0 (58 / 58)', 'TP': 23, 'FP': 0, 'FN': 0, 'TN': 35, 'Precision': '1.0 (23 / 23 + 0)', 'Recall': '1.0 (23 / 23 + 0)', 'F1': '1.0 (2 * (1.0 * 1.0) / 1.0 + 1.0)', 'Specificity': '1.0 (35 / 35 + 0)', 'AUC': 1.0, 'r2': 1.0}
2023-05-28 20:04:20,087 [INFO] Save test_prediction_log data...
2023-05-28 20:04:20,089 [INFO] {'Data': 'test', 'ACC': '0.69 (40 / 58)', 'TP': 13, 'FP': 8, 'FN': 10, 'TN': 27, 'Precision': '0.62 (13 / 13 + 8)', 'Recall': '0.57 (13 / 13 + 10)', 'F1': '0.59 (2 * (0.57 * 0.62) / 0.57 + 0.62)', 'Specificity': '0.77 (27 / 27 + 8)', 'AUC': 0.67, 'r2': -0.3}
2023-05-28 20:04:20,090 [INFO] Save training_log data...
2023-05-28 20:04:20,092 [INFO] Save score_log data...
2023-05-28 20:04:20,092 [INFO] Time : 3.1410739421844482
