2023-05-29 06:48:15,723 [INFO] Train data : Vary_params_CDK2_EGFR_LCK\DUD-E\LCK\nG1_50\ECFP4_256bits\Robust\LCK_train_vector.tsv
2023-05-29 06:48:15,723 [INFO] Valid data : Vary_params_CDK2_EGFR_LCK\DUD-E\LCK\nG1_50\ECFP4_256bits\Robust\LCK_valid_vector.tsv
2023-05-29 06:48:15,723 [INFO] Output path : Vary_params_CDK2_EGFR_LCK\DUD-E\LCK\nG1_50\ECFP4_256bits\Robust\LCK_model\SVM
2023-05-29 06:48:15,723 [INFO] Model type : SVM
2023-05-29 06:48:15,723 [INFO] Use cores : 19
2023-05-29 06:48:15,741 [INFO] Start Learning model
2023-05-29 06:48:15,741 [INFO] Train : 736 | Valid : 185
2023-05-29 06:48:15,741 [INFO] Set parameters : {'kernel': ['linear', 'rbf'], 'C': [0.01, 0.1, 1, 10, 100, 1000], 'gamma': [0.01, 0.1, 1, 100, 1000]}
2023-05-29 06:48:19,998 [INFO] GridSearchCV results :
    mean_valid_accuracy  mean_valid_precision  mean_valid_auc
0              0.876305              0.831307         0.87565
20             0.876305              0.831307         0.87565
24             0.876305              0.831307         0.87565
26             0.876305              0.831307         0.87565
28             0.876305              0.831307         0.87565
32             0.876305              0.831307         0.87565
34             0.876305              0.831307         0.87565
36             0.876305              0.831307         0.87565
38             0.876305              0.831307         0.87565
40             0.876305              0.831307         0.87565
42             0.876305              0.831307         0.87565
44             0.876305              0.831307         0.87565
46             0.876305              0.831307         0.87565
48             0.876305              0.831307         0.87565
50             0.876305              0.831307         0.87565
52             0.876305              0.831307         0.87565
54             0.876305              0.831307         0.87565
56             0.876305              0.831307         0.87565
58             0.876305              0.831307         0.87565
22             0.876305              0.831307         0.87565
30             0.876305              0.831307         0.87565
10             0.876305              0.831307         0.87565
2              0.876305              0.831307         0.87565
18             0.876305              0.831307         0.87565
8              0.876305              0.831307         0.87565
16             0.876305              0.831307         0.87565
4              0.876305              0.831307         0.87565
12             0.876305              0.831307         0.87565
6              0.876305              0.831307         0.87565
14             0.876305              0.831307         0.87565
49             0.600555              0.000000         0.50000
9              0.600555              0.000000         0.50000
45             0.600555              0.000000         0.50000
47             0.600555              0.000000         0.50000
7              0.600555              0.000000         0.50000
21             0.600555              0.000000         0.50000
43             0.600555              0.000000         0.50000
5              0.600555              0.000000         0.50000
53             0.600555              0.000000         0.50000
55             0.600555              0.000000         0.50000
3              0.600555              0.000000         0.50000
57             0.600555              0.000000         0.50000
51             0.600555              0.000000         0.50000
11             0.600555              0.000000         0.50000
41             0.600555              0.000000         0.50000
19             0.600555              0.000000         0.50000
39             0.600555              0.000000         0.50000
37             0.600555              0.000000         0.50000
13             0.600555              0.000000         0.50000
35             0.600555              0.000000         0.50000
33             0.600555              0.000000         0.50000
15             0.600555              0.000000         0.50000
31             0.600555              0.000000         0.50000
1              0.600555              0.000000         0.50000
29             0.600555              0.000000         0.50000
27             0.600555              0.000000         0.50000
17             0.600555              0.000000         0.50000
25             0.600555              0.000000         0.50000
23             0.600555              0.000000         0.50000
59             0.600555              0.000000         0.50000
2023-05-29 06:48:19,999 [INFO] Best model :
SVC(C=0.01, gamma=0.01, kernel='linear', random_state=42)
2023-05-29 06:48:20,008 [INFO] Save train_prediction_log data...
2023-05-29 06:48:20,012 [INFO] {'Data': 'train', 'ACC': '1.0 (736 / 736)', 'TP': 294, 'FP': 0, 'FN': 0, 'TN': 442, 'Precision': '1.0 (294 / 294 + 0)', 'Recall': '1.0 (294 / 294 + 0)', 'F1': '1.0 (2 * (1.0 * 1.0) / 1.0 + 1.0)', 'Specificity': '1.0 (442 / 442 + 0)', 'AUC': 1.0, 'r2': 1.0}
2023-05-29 06:48:20,017 [INFO] Save valid_prediction_log data...
2023-05-29 06:48:20,019 [INFO] {'Data': 'valid', 'ACC': '0.89 (165 / 185)', 'TP': 70, 'FP': 16, 'FN': 4, 'TN': 95, 'Precision': '0.81 (70 / 70 + 16)', 'Recall': '0.95 (70 / 70 + 4)', 'F1': '0.87 (2 * (0.95 * 0.81) / 0.95 + 0.81)', 'Specificity': '0.86 (95 / 95 + 16)', 'AUC': 0.9, 'r2': 0.55}
2023-05-29 06:48:20,030 [INFO] Save test_prediction_log data...
2023-05-29 06:48:20,032 [INFO] {'Data': 'test', 'ACC': '0.63 (117 / 185)', 'TP': 48, 'FP': 42, 'FN': 26, 'TN': 69, 'Precision': '0.53 (48 / 48 + 42)', 'Recall': '0.65 (48 / 48 + 26)', 'F1': '0.58 (2 * (0.65 * 0.53) / 0.65 + 0.53)', 'Specificity': '0.62 (69 / 69 + 42)', 'AUC': 0.64, 'r2': -0.53}
2023-05-29 06:48:20,034 [INFO] Save training_log data...
2023-05-29 06:48:20,037 [INFO] Save score_log data...
2023-05-29 06:48:20,038 [INFO] Time : 4.314631938934326
