2023-05-28 20:29:55,292 [INFO] Train data : Vary_params_IGF1R_KIT\DUD-E\KIT\nG1_50\ECFP6_512bits\Standard\KIT_train_vector.tsv
2023-05-28 20:29:55,292 [INFO] Valid data : Vary_params_IGF1R_KIT\DUD-E\KIT\nG1_50\ECFP6_512bits\Standard\KIT_valid_vector.tsv
2023-05-28 20:29:55,292 [INFO] Output path : Vary_params_IGF1R_KIT\DUD-E\KIT\nG1_50\ECFP6_512bits\Standard\KIT_model\SVM
2023-05-28 20:29:55,292 [INFO] Model type : SVM
2023-05-28 20:29:55,292 [INFO] Use cores : 10
2023-05-28 20:29:55,328 [INFO] Start Learning model
2023-05-28 20:29:55,328 [INFO] Train : 232 | Valid : 58
2023-05-28 20:29:55,328 [INFO] Set parameters : {'kernel': ['linear', 'rbf'], 'C': [0.01, 0.1, 1, 10, 100, 1000], 'gamma': [0.01, 0.1, 1, 100, 1000]}
2023-05-28 20:29:58,379 [INFO] GridSearchCV results :
    mean_valid_accuracy  mean_valid_precision  mean_valid_auc
0              0.969746              0.967778        0.968175
20             0.969746              0.967778        0.968175
24             0.969746              0.967778        0.968175
26             0.969746              0.967778        0.968175
28             0.969746              0.967778        0.968175
32             0.969746              0.967778        0.968175
34             0.969746              0.967778        0.968175
36             0.969746              0.967778        0.968175
38             0.969746              0.967778        0.968175
40             0.969746              0.967778        0.968175
42             0.969746              0.967778        0.968175
44             0.969746              0.967778        0.968175
46             0.969746              0.967778        0.968175
48             0.969746              0.967778        0.968175
50             0.969746              0.967778        0.968175
52             0.969746              0.967778        0.968175
54             0.969746              0.967778        0.968175
56             0.969746              0.967778        0.968175
58             0.969746              0.967778        0.968175
22             0.969746              0.967778        0.968175
30             0.969746              0.967778        0.968175
2              0.969746              0.967778        0.968175
18             0.969746              0.967778        0.968175
10             0.969746              0.967778        0.968175
8              0.969746              0.967778        0.968175
16             0.969746              0.967778        0.968175
4              0.969746              0.967778        0.968175
12             0.969746              0.967778        0.968175
14             0.969746              0.967778        0.968175
6              0.969746              0.967778        0.968175
41             0.651087              0.700000        0.565556
31             0.651087              0.700000        0.565556
51             0.651087              0.700000        0.565556
21             0.599275              0.000000        0.500000
7              0.599275              0.000000        0.500000
47             0.599275              0.000000        0.500000
5              0.599275              0.000000        0.500000
49             0.599275              0.000000        0.500000
9              0.599275              0.000000        0.500000
53             0.599275              0.000000        0.500000
55             0.599275              0.000000        0.500000
3              0.599275              0.000000        0.500000
57             0.599275              0.000000        0.500000
45             0.599275              0.000000        0.500000
11             0.599275              0.000000        0.500000
43             0.599275              0.000000        0.500000
19             0.599275              0.000000        0.500000
39             0.599275              0.000000        0.500000
37             0.599275              0.000000        0.500000
13             0.599275              0.000000        0.500000
35             0.599275              0.000000        0.500000
33             0.599275              0.000000        0.500000
15             0.599275              0.000000        0.500000
1              0.599275              0.000000        0.500000
29             0.599275              0.000000        0.500000
27             0.599275              0.000000        0.500000
17             0.599275              0.000000        0.500000
25             0.599275              0.000000        0.500000
23             0.599275              0.000000        0.500000
59             0.599275              0.000000        0.500000
2023-05-28 20:29:58,380 [INFO] Best model :
SVC(C=0.01, gamma=0.01, kernel='linear', random_state=42)
2023-05-28 20:29:58,388 [INFO] Save train_prediction_log data...
2023-05-28 20:29:58,391 [INFO] {'Data': 'train', 'ACC': '1.0 (232 / 232)', 'TP': 93, 'FP': 0, 'FN': 0, 'TN': 139, 'Precision': '1.0 (93 / 93 + 0)', 'Recall': '1.0 (93 / 93 + 0)', 'F1': '1.0 (2 * (1.0 * 1.0) / 1.0 + 1.0)', 'Specificity': '1.0 (139 / 139 + 0)', 'AUC': 1.0, 'r2': 1.0}
2023-05-28 20:29:58,396 [INFO] Save valid_prediction_log data...
2023-05-28 20:29:58,398 [INFO] {'Data': 'valid', 'ACC': '0.98 (57 / 58)', 'TP': 23, 'FP': 1, 'FN': 0, 'TN': 34, 'Precision': '0.96 (23 / 23 + 1)', 'Recall': '1.0 (23 / 23 + 0)', 'F1': '0.98 (2 * (1.0 * 0.96) / 1.0 + 0.96)', 'Specificity': '0.97 (34 / 34 + 1)', 'AUC': 0.99, 'r2': 0.93}
2023-05-28 20:29:58,416 [INFO] Save test_prediction_log data...
2023-05-28 20:29:58,418 [INFO] {'Data': 'test', 'ACC': '0.72 (42 / 58)', 'TP': 15, 'FP': 8, 'FN': 8, 'TN': 27, 'Precision': '0.65 (15 / 15 + 8)', 'Recall': '0.65 (15 / 15 + 8)', 'F1': '0.65 (2 * (0.65 * 0.65) / 0.65 + 0.65)', 'Specificity': '0.77 (27 / 27 + 8)', 'AUC': 0.71, 'r2': -0.15}
2023-05-28 20:29:58,420 [INFO] Save training_log data...
2023-05-28 20:29:58,421 [INFO] Save score_log data...
2023-05-28 20:29:58,422 [INFO] Time : 3.1298468112945557
