2023-05-28 15:04:12,326 [INFO] Train data : Vary_params\DUD-E\FAK1\nG1_20\ECFP6_256bits\Robust\FAK1_train_vector.tsv
2023-05-28 15:04:12,327 [INFO] Valid data : Vary_params\DUD-E\FAK1\nG1_20\ECFP6_256bits\Robust\FAK1_valid_vector.tsv
2023-05-28 15:04:12,327 [INFO] Output path : Vary_params\DUD-E\FAK1\nG1_20\ECFP6_256bits\Robust\FAK1_model\SVM
2023-05-28 15:04:12,327 [INFO] Model type : SVM
2023-05-28 15:04:12,327 [INFO] Use cores : 11
2023-05-28 15:04:12,340 [INFO] Start Learning model
2023-05-28 15:04:12,340 [INFO] Train : 123 | Valid : 23
2023-05-28 15:04:12,340 [INFO] Set parameters : {'kernel': ['linear', 'rbf'], 'C': [0.01, 0.1, 1, 10, 100, 1000], 'gamma': [0.01, 0.1, 1, 100, 1000]}
2023-05-28 15:04:15,568 [INFO] GridSearchCV results :
    mean_valid_accuracy  mean_valid_precision  mean_valid_auc
0              0.925641              0.900198        0.917857
20             0.925641              0.900198        0.917857
24             0.925641              0.900198        0.917857
26             0.925641              0.900198        0.917857
28             0.925641              0.900198        0.917857
32             0.925641              0.900198        0.917857
34             0.925641              0.900198        0.917857
36             0.925641              0.900198        0.917857
38             0.925641              0.900198        0.917857
40             0.925641              0.900198        0.917857
42             0.925641              0.900198        0.917857
44             0.925641              0.900198        0.917857
46             0.925641              0.900198        0.917857
48             0.925641              0.900198        0.917857
50             0.925641              0.900198        0.917857
52             0.925641              0.900198        0.917857
54             0.925641              0.900198        0.917857
56             0.925641              0.900198        0.917857
58             0.925641              0.900198        0.917857
22             0.925641              0.900198        0.917857
30             0.925641              0.900198        0.917857
10             0.925641              0.900198        0.917857
2              0.925641              0.900198        0.917857
18             0.925641              0.900198        0.917857
8              0.925641              0.900198        0.917857
16             0.925641              0.900198        0.917857
4              0.925641              0.900198        0.917857
12             0.925641              0.900198        0.917857
6              0.925641              0.900198        0.917857
14             0.925641              0.900198        0.917857
49             0.544872              0.544872        0.500000
9              0.544872              0.544872        0.500000
45             0.544872              0.544872        0.500000
47             0.544872              0.544872        0.500000
7              0.544872              0.544872        0.500000
21             0.544872              0.544872        0.500000
43             0.544872              0.544872        0.500000
5              0.544872              0.544872        0.500000
53             0.544872              0.544872        0.500000
55             0.544872              0.544872        0.500000
3              0.544872              0.544872        0.500000
57             0.544872              0.544872        0.500000
51             0.544872              0.544872        0.500000
11             0.544872              0.544872        0.500000
41             0.544872              0.544872        0.500000
19             0.544872              0.544872        0.500000
39             0.544872              0.544872        0.500000
37             0.544872              0.544872        0.500000
13             0.544872              0.544872        0.500000
35             0.544872              0.544872        0.500000
33             0.544872              0.544872        0.500000
15             0.544872              0.544872        0.500000
31             0.544872              0.544872        0.500000
1              0.544872              0.544872        0.500000
29             0.544872              0.544872        0.500000
27             0.544872              0.544872        0.500000
17             0.544872              0.544872        0.500000
25             0.544872              0.544872        0.500000
23             0.544872              0.544872        0.500000
59             0.544872              0.544872        0.500000
2023-05-28 15:04:15,577 [INFO] Best model :
SVC(C=0.01, gamma=0.01, kernel='linear', random_state=42)
2023-05-28 15:04:15,582 [INFO] Save train_prediction_log data...
2023-05-28 15:04:15,589 [INFO] {'Data': 'train', 'ACC': '1.0 (123 / 123)', 'TP': 67, 'FP': 0, 'FN': 0, 'TN': 56, 'Precision': '1.0 (67 / 67 + 0)', 'Recall': '1.0 (67 / 67 + 0)', 'F1': '1.0 (2 * (1.0 * 1.0) / 1.0 + 1.0)', 'Specificity': '1.0 (56 / 56 + 0)', 'AUC': 1.0, 'r2': 1.0}
2023-05-28 15:04:15,602 [INFO] Save valid_prediction_log data...
2023-05-28 15:04:15,606 [INFO] {'Data': 'valid', 'ACC': '0.87 (20 / 23)', 'TP': 9, 'FP': 3, 'FN': 0, 'TN': 11, 'Precision': '0.75 (9 / 9 + 3)', 'Recall': '1.0 (9 / 9 + 0)', 'F1': '0.86 (2 * (1.0 * 0.75) / 1.0 + 0.75)', 'Specificity': '0.79 (11 / 11 + 3)', 'AUC': 0.89, 'r2': 0.45}
2023-05-28 15:04:15,620 [INFO] Save test_prediction_log data...
2023-05-28 15:04:15,628 [INFO] {'Data': 'test', 'ACC': '0.26 (6 / 23)', 'TP': 0, 'FP': 8, 'FN': 9, 'TN': 6, 'Precision': '0 (0 / 0 + 8)', 'Recall': '0 (0 / 0 + 9)', 'F1': '0 (2 * (0 * 0) / 0 + 0)', 'Specificity': '0.43 (6 / 6 + 8)', 'AUC': 0.21, 'r2': -2.1}
2023-05-28 15:04:15,634 [INFO] Save training_log data...
2023-05-28 15:04:15,637 [INFO] Save score_log data...
2023-05-28 15:04:15,638 [INFO] Time : 3.3119277954101562
