2023-05-26 20:49:44,078 [INFO] Train data : Vary_params_SH\DUD-E\ROCK1\nG1_20\ECFP4_256bits\Robust\ROCK1_train_vector.tsv
2023-05-26 20:49:44,078 [INFO] Valid data : Vary_params_SH\DUD-E\ROCK1\nG1_20\ECFP4_256bits\Robust\ROCK1_valid_vector.tsv
2023-05-26 20:49:44,078 [INFO] Output path : Vary_params_SH\DUD-E\ROCK1\nG1_20\ECFP4_256bits\Robust\ROCK1_model\MLP
2023-05-26 20:49:44,078 [INFO] Model type : MLP
2023-05-26 20:49:44,078 [INFO] Use cores : 3
2023-05-26 20:49:44,097 [INFO] Start Learning model
2023-05-26 20:49:44,097 [INFO] Train : 130 | Valid : 25
2023-05-26 20:49:44,097 [INFO] Set parameters : {'hidden_layer_sizes': [(50,), (100,), (50, 50), (100, 100)], 'learning_rate': ['constant', 'invscaling', 'adaptive'], 'activation': ['relu', 'identity', 'logistic', 'tanh'], 'solver': ['adam', 'sgd', 'lbfgs'], 'alpha': [0.1, 0.01, 0.001], 'max_iter': [500, 1000], 'early_stopping': [True]}
2023-05-26 20:54:52,938 [INFO] GridSearchCV results :
     mean_valid_accuracy  mean_valid_precision  mean_valid_auc
767             0.907692              0.960714        0.910714
773             0.907692              0.960714        0.910714
770             0.907692              0.960714        0.910714
764             0.907692              0.960714        0.910714
761             0.907692              0.960714        0.910714
..                   ...                   ...             ...
460             0.453846              0.366667        0.482143
532             0.453846              0.366667        0.482143
601             0.453846              0.366667        0.482143
604             0.453846              0.366667        0.482143
529             0.453846              0.366667        0.482143

[864 rows x 3 columns]
2023-05-26 20:54:52,940 [INFO] Best model :
MLPClassifier(activation='tanh', alpha=0.01, early_stopping=True,
              hidden_layer_sizes=(50, 50), max_iter=500, random_state=42,
              solver='lbfgs')
2023-05-26 20:54:52,946 [INFO] Save train_prediction_log data...
2023-05-26 20:54:52,950 [INFO] {'Data': 'train', 'ACC': '1.0 (130 / 130)', 'TP': 70, 'FP': 0, 'FN': 0, 'TN': 60, 'Precision': '1.0 (70 / 70 + 0)', 'Recall': '1.0 (70 / 70 + 0)', 'F1': '1.0 (2 * (1.0 * 1.0) / 1.0 + 1.0)', 'Specificity': '1.0 (60 / 60 + 0)', 'AUC': 1.0, 'r2': 1.0}
2023-05-26 20:54:52,955 [INFO] Save valid_prediction_log data...
2023-05-26 20:54:52,958 [INFO] {'Data': 'valid', 'ACC': '1.0 (25 / 25)', 'TP': 10, 'FP': 0, 'FN': 0, 'TN': 15, 'Precision': '1.0 (10 / 10 + 0)', 'Recall': '1.0 (10 / 10 + 0)', 'F1': '1.0 (2 * (1.0 * 1.0) / 1.0 + 1.0)', 'Specificity': '1.0 (15 / 15 + 0)', 'AUC': 1.0, 'r2': 1.0}
2023-05-26 20:54:52,971 [INFO] Save test_prediction_log data...
2023-05-26 20:54:52,974 [INFO] {'Data': 'test', 'ACC': '0.6 (15 / 25)', 'TP': 4, 'FP': 4, 'FN': 6, 'TN': 11, 'Precision': '0.5 (4 / 4 + 4)', 'Recall': '0.4 (4 / 4 + 6)', 'F1': '0.44 (2 * (0.4 * 0.5) / 0.4 + 0.5)', 'Specificity': '0.73 (11 / 11 + 4)', 'AUC': 0.57, 'r2': -0.67}
2023-05-26 20:54:52,977 [INFO] Save training_log data...
2023-05-26 20:54:53,193 [INFO] Save score_log data...
2023-05-26 20:54:53,194 [INFO] Time : 309.11644983291626
