2023-05-29 05:25:29,545 [INFO] Train data : Vary_params\DUD-E\KPCB\nG1_50\ECFP4_512bits\Standard\KPCB_train_vector.tsv
2023-05-29 05:25:29,545 [INFO] Valid data : Vary_params\DUD-E\KPCB\nG1_50\ECFP4_512bits\Standard\KPCB_valid_vector.tsv
2023-05-29 05:25:29,545 [INFO] Output path : Vary_params\DUD-E\KPCB\nG1_50\ECFP4_512bits\Standard\KPCB_model\MLP
2023-05-29 05:25:29,545 [INFO] Model type : MLP
2023-05-29 05:25:29,545 [INFO] Use cores : 11
2023-05-29 05:25:29,581 [INFO] Start Learning model
2023-05-29 05:25:29,581 [INFO] Train : 168 | Valid : 42
2023-05-29 05:25:29,581 [INFO] Set parameters : {'hidden_layer_sizes': [(50,), (100,), (50, 50), (100, 100)], 'learning_rate': ['constant', 'invscaling', 'adaptive'], 'activation': ['relu', 'identity', 'logistic', 'tanh'], 'solver': ['adam', 'sgd', 'lbfgs'], 'alpha': [0.1, 0.01, 0.001], 'max_iter': [500, 1000], 'early_stopping': [True]}
2023-05-29 05:29:19,136 [INFO] GridSearchCV results :
     mean_valid_accuracy  mean_valid_precision  mean_valid_auc
185             0.988235                   1.0        0.985714
689             0.988235                   1.0        0.985714
704             0.982353                   1.0        0.978571
567             0.863603                   1.0        0.827381
701             0.988235                   1.0        0.985714
..                   ...                   ...             ...
496             0.601471                   0.0        0.500000
493             0.601471                   0.0        0.500000
118             0.601471                   0.0        0.500000
490             0.601471                   0.0        0.500000
618             0.601471                   0.0        0.500000

[864 rows x 3 columns]
2023-05-29 05:29:19,138 [INFO] Best model :
MLPClassifier(alpha=0.1, early_stopping=True, hidden_layer_sizes=(50,),
              max_iter=500, random_state=42, solver='lbfgs')
2023-05-29 05:29:19,147 [INFO] Save train_prediction_log data...
2023-05-29 05:29:19,151 [INFO] {'Data': 'train', 'ACC': '1.0 (168 / 168)', 'TP': 67, 'FP': 0, 'FN': 0, 'TN': 101, 'Precision': '1.0 (67 / 67 + 0)', 'Recall': '1.0 (67 / 67 + 0)', 'F1': '1.0 (2 * (1.0 * 1.0) / 1.0 + 1.0)', 'Specificity': '1.0 (101 / 101 + 0)', 'AUC': 1.0, 'r2': 1.0}
2023-05-29 05:29:19,158 [INFO] Save valid_prediction_log data...
2023-05-29 05:29:19,161 [INFO] {'Data': 'valid', 'ACC': '1.0 (42 / 42)', 'TP': 17, 'FP': 0, 'FN': 0, 'TN': 25, 'Precision': '1.0 (17 / 17 + 0)', 'Recall': '1.0 (17 / 17 + 0)', 'F1': '1.0 (2 * (1.0 * 1.0) / 1.0 + 1.0)', 'Specificity': '1.0 (25 / 25 + 0)', 'AUC': 1.0, 'r2': 1.0}
2023-05-29 05:29:19,184 [INFO] Save test_prediction_log data...
2023-05-29 05:29:19,187 [INFO] {'Data': 'test', 'ACC': '0.76 (32 / 42)', 'TP': 9, 'FP': 2, 'FN': 8, 'TN': 23, 'Precision': '0.82 (9 / 9 + 2)', 'Recall': '0.53 (9 / 9 + 8)', 'F1': '0.64 (2 * (0.53 * 0.82) / 0.53 + 0.82)', 'Specificity': '0.92 (23 / 23 + 2)', 'AUC': 0.72, 'r2': 0.01}
2023-05-29 05:29:19,190 [INFO] Save training_log data...
2023-05-29 05:29:19,197 [INFO] Save score_log data...
2023-05-29 05:29:19,199 [INFO] Time : 229.65354585647583
