2023-05-26 11:59:16,257 [INFO] Train data : Baseline\DUD-E\MET\ECFP4_256bits\Robust\MET_train.tsv
2023-05-26 11:59:16,258 [INFO] Valid data : Baseline\DUD-E\MET\ECFP4_256bits\Robust\MET_valid.tsv
2023-05-26 11:59:16,258 [INFO] Output path : Baseline\DUD-E\MET\ECFP4_256bits\Robust\MET_model\MLP
2023-05-26 11:59:16,258 [INFO] Model type : MLP
2023-05-26 11:59:16,258 [INFO] Use cores : 12
2023-05-26 11:59:16,270 [INFO] Start Learning model
2023-05-26 11:59:16,270 [INFO] Train : 196 | Valid : 49
2023-05-26 11:59:16,270 [INFO] Set parameters : {'hidden_layer_sizes': [(50,), (100,), (50, 50), (100, 100)], 'learning_rate': ['constant', 'invscaling', 'adaptive'], 'activation': ['relu', 'identity', 'logistic', 'tanh'], 'solver': ['adam', 'sgd', 'lbfgs'], 'alpha': [0.1, 0.01, 0.001], 'max_iter': [500, 1000], 'early_stopping': [True]}
2023-05-26 12:00:22,521 [INFO] GridSearchCV results :
     mean_valid_accuracy  mean_valid_precision  mean_valid_auc
66              0.934211                   1.0        0.917857
108             0.893684                   1.0        0.866964
597             0.863947                   1.0        0.829464
102             0.918947                   1.0        0.899107
462             0.863947                   1.0        0.829464
..                   ...                   ...             ...
543             0.602105                   0.0        0.500000
544             0.602105                   0.0        0.500000
478             0.602105                   0.0        0.500000
546             0.602105                   0.0        0.500000
618             0.602105                   0.0        0.500000

[864 rows x 3 columns]
2023-05-26 12:00:22,522 [INFO] Best model :
MLPClassifier(alpha=0.1, early_stopping=True, max_iter=500, random_state=42)
2023-05-26 12:00:22,526 [INFO] Save train_prediction_log data...
2023-05-26 12:00:22,529 [INFO] {'Data': 'train', 'ACC': '0.97 (191 / 196)', 'TP': 73, 'FP': 0, 'FN': 5, 'TN': 118, 'Precision': '1.0 (73 / 73 + 0)', 'Recall': '0.94 (73 / 73 + 5)', 'F1': '0.97 (2 * (0.94 * 1.0) / 0.94 + 1.0)', 'Specificity': '1.0 (118 / 118 + 0)', 'AUC': 0.97, 'r2': 0.89}
2023-05-26 12:00:22,532 [INFO] Save valid_prediction_log data...
2023-05-26 12:00:22,534 [INFO] {'Data': 'valid', 'ACC': '0.98 (48 / 49)', 'TP': 19, 'FP': 0, 'FN': 1, 'TN': 29, 'Precision': '1.0 (19 / 19 + 0)', 'Recall': '0.95 (19 / 19 + 1)', 'F1': '0.97 (2 * (0.95 * 1.0) / 0.95 + 1.0)', 'Specificity': '1.0 (29 / 29 + 0)', 'AUC': 0.98, 'r2': 0.92}
2023-05-26 12:00:22,542 [INFO] Save test_prediction_log data...
2023-05-26 12:00:22,543 [INFO] {'Data': 'test', 'ACC': '0.65 (32 / 49)', 'TP': 4, 'FP': 1, 'FN': 16, 'TN': 28, 'Precision': '0.8 (4 / 4 + 1)', 'Recall': '0.2 (4 / 4 + 16)', 'F1': '0.32 (2 * (0.2 * 0.8) / 0.2 + 0.8)', 'Specificity': '0.97 (28 / 28 + 1)', 'AUC': 0.58, 'r2': -0.44}
2023-05-26 12:00:22,546 [INFO] Save training_log data...
2023-05-26 12:00:22,550 [INFO] Save score_log data...
2023-05-26 12:00:22,551 [INFO] Time : 66.29393887519836
