2023-05-26 19:54:14,759 [INFO] Train data : Vary_params\DUD-E\MET\nG1_20\ECFP4_256bits\Robust\MET_train_vector.tsv
2023-05-26 19:54:14,759 [INFO] Valid data : Vary_params\DUD-E\MET\nG1_20\ECFP4_256bits\Robust\MET_valid_vector.tsv
2023-05-26 19:54:14,759 [INFO] Output path : Vary_params\DUD-E\MET\nG1_20\ECFP4_256bits\Robust\MET_model\MLP
2023-05-26 19:54:14,759 [INFO] Model type : MLP
2023-05-26 19:54:14,759 [INFO] Use cores : 10
2023-05-26 19:54:14,774 [INFO] Start Learning model
2023-05-26 19:54:14,775 [INFO] Train : 226 | Valid : 49
2023-05-26 19:54:14,775 [INFO] Set parameters : {'hidden_layer_sizes': [(50,), (100,), (50, 50), (100, 100)], 'learning_rate': ['constant', 'invscaling', 'adaptive'], 'activation': ['relu', 'identity', 'logistic', 'tanh'], 'solver': ['adam', 'sgd', 'lbfgs'], 'alpha': [0.1, 0.01, 0.001], 'max_iter': [500, 1000], 'early_stopping': [True]}
2023-05-26 19:56:10,469 [INFO] GridSearchCV results :
     mean_valid_accuracy  mean_valid_precision  mean_valid_auc
495             0.889921              0.976623        0.885758
573             0.889921              0.976623        0.885758
630             0.889921              0.976623        0.885758
633             0.889921              0.976623        0.885758
636             0.889921              0.976623        0.885758
..                   ...                   ...             ...
460             0.468775              0.183333        0.450000
457             0.468775              0.183333        0.450000
529             0.468775              0.183333        0.450000
532             0.468775              0.183333        0.450000
604             0.468775              0.183333        0.450000

[864 rows x 3 columns]
2023-05-26 19:56:10,470 [INFO] Best model :
MLPClassifier(activation='logistic', alpha=0.1, early_stopping=True,
              hidden_layer_sizes=(100, 100), max_iter=500, random_state=42)
2023-05-26 19:56:10,478 [INFO] Save train_prediction_log data...
2023-05-26 19:56:10,481 [INFO] {'Data': 'train', 'ACC': '0.97 (219 / 226)', 'TP': 102, 'FP': 1, 'FN': 6, 'TN': 117, 'Precision': '0.99 (102 / 102 + 1)', 'Recall': '0.94 (102 / 102 + 6)', 'F1': '0.96 (2 * (0.94 * 0.99) / 0.94 + 0.99)', 'Specificity': '0.99 (117 / 117 + 1)', 'AUC': 0.97, 'r2': 0.88}
2023-05-26 19:56:10,485 [INFO] Save valid_prediction_log data...
2023-05-26 19:56:10,487 [INFO] {'Data': 'valid', 'ACC': '0.92 (45 / 49)', 'TP': 19, 'FP': 3, 'FN': 1, 'TN': 26, 'Precision': '0.86 (19 / 19 + 3)', 'Recall': '0.95 (19 / 19 + 1)', 'F1': '0.9 (2 * (0.95 * 0.86) / 0.95 + 0.86)', 'Specificity': '0.9 (26 / 26 + 3)', 'AUC': 0.92, 'r2': 0.66}
2023-05-26 19:56:10,497 [INFO] Save test_prediction_log data...
2023-05-26 19:56:10,499 [INFO] {'Data': 'test', 'ACC': '0.55 (27 / 49)', 'TP': 5, 'FP': 7, 'FN': 15, 'TN': 22, 'Precision': '0.42 (5 / 5 + 7)', 'Recall': '0.25 (5 / 5 + 15)', 'F1': '0.31 (2 * (0.25 * 0.42) / 0.25 + 0.42)', 'Specificity': '0.76 (22 / 22 + 7)', 'AUC': 0.5, 'r2': -0.86}
2023-05-26 19:56:10,502 [INFO] Save training_log data...
2023-05-26 19:56:10,507 [INFO] Save score_log data...
2023-05-26 19:56:10,508 [INFO] Time : 115.74892115592957
