2023-05-28 17:09:36,985 [INFO] Train data : Vary_params_IGF1R_KIT\DUD-E\KIT\nG1_50\ECFP4_256bits\Robust\KIT_train_vector.tsv
2023-05-28 17:09:36,985 [INFO] Valid data : Vary_params_IGF1R_KIT\DUD-E\KIT\nG1_50\ECFP4_256bits\Robust\KIT_valid_vector.tsv
2023-05-28 17:09:36,985 [INFO] Output path : Vary_params_IGF1R_KIT\DUD-E\KIT\nG1_50\ECFP4_256bits\Robust\KIT_model\SVM
2023-05-28 17:09:36,985 [INFO] Model type : SVM
2023-05-28 17:09:36,985 [INFO] Use cores : 10
2023-05-28 17:09:36,998 [INFO] Start Learning model
2023-05-28 17:09:36,998 [INFO] Train : 232 | Valid : 58
2023-05-28 17:09:36,998 [INFO] Set parameters : {'kernel': ['linear', 'rbf'], 'C': [0.01, 0.1, 1, 10, 100, 1000], 'gamma': [0.01, 0.1, 1, 100, 1000]}
2023-05-28 17:09:39,402 [INFO] GridSearchCV results :
    mean_valid_accuracy  mean_valid_precision  mean_valid_auc
0              0.913587              0.873636        0.916905
20             0.913587              0.873636        0.916905
24             0.913587              0.873636        0.916905
26             0.913587              0.873636        0.916905
28             0.913587              0.873636        0.916905
32             0.913587              0.873636        0.916905
34             0.913587              0.873636        0.916905
36             0.913587              0.873636        0.916905
38             0.913587              0.873636        0.916905
40             0.913587              0.873636        0.916905
42             0.913587              0.873636        0.916905
44             0.913587              0.873636        0.916905
46             0.913587              0.873636        0.916905
48             0.913587              0.873636        0.916905
50             0.913587              0.873636        0.916905
52             0.913587              0.873636        0.916905
54             0.913587              0.873636        0.916905
56             0.913587              0.873636        0.916905
58             0.913587              0.873636        0.916905
22             0.913587              0.873636        0.916905
30             0.913587              0.873636        0.916905
10             0.913587              0.873636        0.916905
2              0.913587              0.873636        0.916905
18             0.913587              0.873636        0.916905
8              0.913587              0.873636        0.916905
16             0.913587              0.873636        0.916905
4              0.913587              0.873636        0.916905
12             0.913587              0.873636        0.916905
6              0.913587              0.873636        0.916905
14             0.913587              0.873636        0.916905
49             0.599275              0.000000        0.500000
9              0.599275              0.000000        0.500000
45             0.599275              0.000000        0.500000
47             0.599275              0.000000        0.500000
7              0.599275              0.000000        0.500000
21             0.599275              0.000000        0.500000
43             0.599275              0.000000        0.500000
5              0.599275              0.000000        0.500000
53             0.599275              0.000000        0.500000
55             0.599275              0.000000        0.500000
3              0.599275              0.000000        0.500000
57             0.599275              0.000000        0.500000
51             0.599275              0.000000        0.500000
11             0.599275              0.000000        0.500000
41             0.599275              0.000000        0.500000
19             0.599275              0.000000        0.500000
39             0.599275              0.000000        0.500000
37             0.599275              0.000000        0.500000
13             0.599275              0.000000        0.500000
35             0.599275              0.000000        0.500000
33             0.599275              0.000000        0.500000
15             0.599275              0.000000        0.500000
31             0.599275              0.000000        0.500000
1              0.599275              0.000000        0.500000
29             0.599275              0.000000        0.500000
27             0.599275              0.000000        0.500000
17             0.599275              0.000000        0.500000
25             0.599275              0.000000        0.500000
23             0.599275              0.000000        0.500000
59             0.599275              0.000000        0.500000
2023-05-28 17:09:39,403 [INFO] Best model :
SVC(C=0.01, gamma=0.01, kernel='linear', random_state=42)
2023-05-28 17:09:39,408 [INFO] Save train_prediction_log data...
2023-05-28 17:09:39,411 [INFO] {'Data': 'train', 'ACC': '1.0 (232 / 232)', 'TP': 93, 'FP': 0, 'FN': 0, 'TN': 139, 'Precision': '1.0 (93 / 93 + 0)', 'Recall': '1.0 (93 / 93 + 0)', 'F1': '1.0 (2 * (1.0 * 1.0) / 1.0 + 1.0)', 'Specificity': '1.0 (139 / 139 + 0)', 'AUC': 1.0, 'r2': 1.0}
2023-05-28 17:09:39,414 [INFO] Save valid_prediction_log data...
2023-05-28 17:09:39,416 [INFO] {'Data': 'valid', 'ACC': '0.9 (52 / 58)', 'TP': 23, 'FP': 6, 'FN': 0, 'TN': 29, 'Precision': '0.79 (23 / 23 + 6)', 'Recall': '1.0 (23 / 23 + 0)', 'F1': '0.88 (2 * (1.0 * 0.79) / 1.0 + 0.79)', 'Specificity': '0.83 (29 / 29 + 6)', 'AUC': 0.91, 'r2': 0.57}
2023-05-28 17:09:39,424 [INFO] Save test_prediction_log data...
2023-05-28 17:09:39,426 [INFO] {'Data': 'test', 'ACC': '0.62 (36 / 58)', 'TP': 13, 'FP': 12, 'FN': 10, 'TN': 23, 'Precision': '0.52 (13 / 13 + 12)', 'Recall': '0.57 (13 / 13 + 10)', 'F1': '0.54 (2 * (0.57 * 0.52) / 0.57 + 0.52)', 'Specificity': '0.66 (23 / 23 + 12)', 'AUC': 0.61, 'r2': -0.59}
2023-05-28 17:09:39,427 [INFO] Save training_log data...
2023-05-28 17:09:39,429 [INFO] Save score_log data...
2023-05-28 17:09:39,429 [INFO] Time : 2.4443519115448
