2023-05-26 23:55:58,371 [INFO] Train data : Vary_params\DUD-E\MET\nG1_50\ECFP4_256bits\Standard\MET_train_vector.tsv
2023-05-26 23:55:58,371 [INFO] Valid data : Vary_params\DUD-E\MET\nG1_50\ECFP4_256bits\Standard\MET_valid_vector.tsv
2023-05-26 23:55:58,371 [INFO] Output path : Vary_params\DUD-E\MET\nG1_50\ECFP4_256bits\Standard\MET_model\MLP
2023-05-26 23:55:58,371 [INFO] Model type : MLP
2023-05-26 23:55:58,371 [INFO] Use cores : 10
2023-05-26 23:55:58,391 [INFO] Start Learning model
2023-05-26 23:55:58,391 [INFO] Train : 196 | Valid : 49
2023-05-26 23:55:58,391 [INFO] Set parameters : {'hidden_layer_sizes': [(50,), (100,), (50, 50), (100, 100)], 'learning_rate': ['constant', 'invscaling', 'adaptive'], 'activation': ['relu', 'identity', 'logistic', 'tanh'], 'solver': ['adam', 'sgd', 'lbfgs'], 'alpha': [0.1, 0.01, 0.001], 'max_iter': [500, 1000], 'early_stopping': [True]}
2023-05-26 23:57:19,713 [INFO] GridSearchCV results :
     mean_valid_accuracy  mean_valid_precision  mean_valid_auc
603             0.903947                   1.0        0.879464
104             0.989737                   1.0        0.987500
98              0.989737                   1.0        0.987500
450             0.914211                   1.0        0.891964
287             0.969737                   1.0        0.962500
..                   ...                   ...             ...
552             0.602105                   0.0        0.500000
546             0.602105                   0.0        0.500000
543             0.602105                   0.0        0.500000
540             0.602105                   0.0        0.500000
633             0.602105                   0.0        0.500000

[864 rows x 3 columns]
2023-05-26 23:57:19,714 [INFO] Best model :
MLPClassifier(alpha=0.01, early_stopping=True, max_iter=500, random_state=42,
              solver='lbfgs')
2023-05-26 23:57:19,719 [INFO] Save train_prediction_log data...
2023-05-26 23:57:19,722 [INFO] {'Data': 'train', 'ACC': '1.0 (196 / 196)', 'TP': 78, 'FP': 0, 'FN': 0, 'TN': 118, 'Precision': '1.0 (78 / 78 + 0)', 'Recall': '1.0 (78 / 78 + 0)', 'F1': '1.0 (2 * (1.0 * 1.0) / 1.0 + 1.0)', 'Specificity': '1.0 (118 / 118 + 0)', 'AUC': 1.0, 'r2': 1.0}
2023-05-26 23:57:19,725 [INFO] Save valid_prediction_log data...
2023-05-26 23:57:19,727 [INFO] {'Data': 'valid', 'ACC': '1.0 (49 / 49)', 'TP': 20, 'FP': 0, 'FN': 0, 'TN': 29, 'Precision': '1.0 (20 / 20 + 0)', 'Recall': '1.0 (20 / 20 + 0)', 'F1': '1.0 (2 * (1.0 * 1.0) / 1.0 + 1.0)', 'Specificity': '1.0 (29 / 29 + 0)', 'AUC': 1.0, 'r2': 1.0}
2023-05-26 23:57:19,738 [INFO] Save test_prediction_log data...
2023-05-26 23:57:19,743 [INFO] {'Data': 'test', 'ACC': '0.61 (30 / 49)', 'TP': 4, 'FP': 3, 'FN': 16, 'TN': 26, 'Precision': '0.57 (4 / 4 + 3)', 'Recall': '0.2 (4 / 4 + 16)', 'F1': '0.3 (2 * (0.2 * 0.57) / 0.2 + 0.57)', 'Specificity': '0.9 (26 / 26 + 3)', 'AUC': 0.55, 'r2': -0.61}
2023-05-26 23:57:19,745 [INFO] Save training_log data...
2023-05-26 23:57:19,749 [INFO] Save score_log data...
2023-05-26 23:57:19,750 [INFO] Time : 81.3789894580841
