2023-05-30 03:15:02,903 [INFO] Train data : Baseline_noscale_DUDE\DUD-E\FGFR1\ECFP4_256bits\FGFR1_raw_train.tsv
2023-05-30 03:15:02,903 [INFO] Valid data : Baseline_noscale_DUDE\DUD-E\FGFR1\ECFP4_256bits\FGFR1_raw_valid.tsv
2023-05-30 03:15:02,903 [INFO] Output path : Baseline_noscale_DUDE\DUD-E\FGFR1\ECFP4_256bits\FGFR1_model\SVM
2023-05-30 03:15:02,903 [INFO] Model type : SVM
2023-05-30 03:15:02,904 [INFO] Use cores : 12
2023-05-30 03:15:02,912 [INFO] Start Learning model
2023-05-30 03:15:02,912 [INFO] Train : 173 | Valid : 43
2023-05-30 03:15:02,913 [INFO] Set parameters : {'kernel': ['linear', 'rbf'], 'C': [0.01, 0.1, 1, 10, 100, 1000], 'gamma': [0.01, 0.1, 1, 100, 1000]}
2023-05-30 03:15:05,019 [INFO] GridSearchCV results :
    mean_valid_accuracy  mean_valid_precision  mean_valid_auc
0              0.953268              1.000000        0.942857
53             0.866993              1.000000        0.835714
33             0.866993              1.000000        0.835714
23             0.849673              1.000000        0.814286
21             0.953268              1.000000        0.942857
41             0.976797              1.000000        0.971429
43             0.866993              1.000000        0.835714
51             0.976797              1.000000        0.971429
31             0.976797              1.000000        0.971429
8              0.953268              1.000000        0.942857
2              0.953268              1.000000        0.942857
6              0.953268              1.000000        0.942857
4              0.953268              1.000000        0.942857
40             0.959804              0.971429        0.954740
32             0.959804              0.971429        0.954740
34             0.959804              0.971429        0.954740
58             0.959804              0.971429        0.954740
36             0.959804              0.971429        0.954740
38             0.959804              0.971429        0.954740
56             0.959804              0.971429        0.954740
52             0.959804              0.971429        0.954740
42             0.959804              0.971429        0.954740
44             0.959804              0.971429        0.954740
28             0.959804              0.971429        0.954740
48             0.959804              0.971429        0.954740
50             0.959804              0.971429        0.954740
54             0.959804              0.971429        0.954740
46             0.959804              0.971429        0.954740
30             0.959804              0.971429        0.954740
20             0.959804              0.971429        0.954740
14             0.959804              0.971429        0.954740
26             0.959804              0.971429        0.954740
12             0.959804              0.971429        0.954740
24             0.959804              0.971429        0.954740
22             0.959804              0.971429        0.954740
16             0.959804              0.971429        0.954740
10             0.959804              0.971429        0.954740
18             0.959804              0.971429        0.954740
9              0.600980              0.000000        0.500000
11             0.600980              0.000000        0.500000
29             0.600980              0.000000        0.500000
7              0.600980              0.000000        0.500000
13             0.600980              0.000000        0.500000
55             0.600980              0.000000        0.500000
5              0.600980              0.000000        0.500000
57             0.600980              0.000000        0.500000
3              0.600980              0.000000        0.500000
49             0.600980              0.000000        0.500000
15             0.600980              0.000000        0.500000
47             0.600980              0.000000        0.500000
45             0.600980              0.000000        0.500000
1              0.600980              0.000000        0.500000
17             0.600980              0.000000        0.500000
19             0.600980              0.000000        0.500000
39             0.600980              0.000000        0.500000
37             0.600980              0.000000        0.500000
35             0.600980              0.000000        0.500000
25             0.600980              0.000000        0.500000
27             0.600980              0.000000        0.500000
59             0.600980              0.000000        0.500000
2023-05-30 03:15:05,022 [INFO] Best model :
SVC(C=0.01, gamma=0.01, kernel='linear', random_state=42)
2023-05-30 03:15:05,026 [INFO] Save train_prediction_log data...
2023-05-30 03:15:05,029 [INFO] {'Data': 'train', 'ACC': '0.98 (170 / 173)', 'TP': 66, 'FP': 0, 'FN': 3, 'TN': 104, 'Precision': '1.0 (66 / 66 + 0)', 'Recall': '0.96 (66 / 66 + 3)', 'F1': '0.98 (2 * (0.96 * 1.0) / 0.96 + 1.0)', 'Specificity': '1.0 (104 / 104 + 0)', 'AUC': 0.98, 'r2': 0.93}
2023-05-30 03:15:05,032 [INFO] Save valid_prediction_log data...
2023-05-30 03:15:05,034 [INFO] {'Data': 'valid', 'ACC': '0.98 (42 / 43)', 'TP': 17, 'FP': 1, 'FN': 0, 'TN': 25, 'Precision': '0.94 (17 / 17 + 1)', 'Recall': '1.0 (17 / 17 + 0)', 'F1': '0.97 (2 * (1.0 * 0.94) / 1.0 + 0.94)', 'Specificity': '0.96 (25 / 25 + 1)', 'AUC': 0.98, 'r2': 0.9}
2023-05-30 03:15:05,041 [INFO] Save test_prediction_log data...
2023-05-30 03:15:05,042 [INFO] {'Data': 'test', 'ACC': '0.63 (27 / 43)', 'TP': 5, 'FP': 4, 'FN': 12, 'TN': 22, 'Precision': '0.56 (5 / 5 + 4)', 'Recall': '0.29 (5 / 5 + 12)', 'F1': '0.38 (2 * (0.29 * 0.56) / 0.29 + 0.56)', 'Specificity': '0.85 (22 / 22 + 4)', 'AUC': 0.57, 'r2': -0.56}
2023-05-30 03:15:05,044 [INFO] Save training_log data...
2023-05-30 03:15:05,045 [INFO] Save score_log data...
2023-05-30 03:15:05,046 [INFO] Time : 2.1433300971984863
