2023-05-27 06:50:00,070 [INFO] Train data : Vary_params_SH\DUD-E\ROCK1\nG1_50\ECFP4_256bits\Robust\ROCK1_train_vector.tsv
2023-05-27 06:50:00,070 [INFO] Valid data : Vary_params_SH\DUD-E\ROCK1\nG1_50\ECFP4_256bits\Robust\ROCK1_valid_vector.tsv
2023-05-27 06:50:00,070 [INFO] Output path : Vary_params_SH\DUD-E\ROCK1\nG1_50\ECFP4_256bits\Robust\ROCK1_model\MLP
2023-05-27 06:50:00,070 [INFO] Model type : MLP
2023-05-27 06:50:00,070 [INFO] Use cores : 3
2023-05-27 06:50:00,089 [INFO] Start Learning model
2023-05-27 06:50:00,089 [INFO] Train : 100 | Valid : 25
2023-05-27 06:50:00,089 [INFO] Set parameters : {'hidden_layer_sizes': [(50,), (100,), (50, 50), (100, 100)], 'learning_rate': ['constant', 'invscaling', 'adaptive'], 'activation': ['relu', 'identity', 'logistic', 'tanh'], 'solver': ['adam', 'sgd', 'lbfgs'], 'alpha': [0.1, 0.01, 0.001], 'max_iter': [500, 1000], 'early_stopping': [True]}
2023-05-27 06:55:31,178 [INFO] GridSearchCV results :
     mean_valid_accuracy  mean_valid_precision  mean_valid_auc
272                 0.95                  0.96        0.945833
281                 0.95                  0.96        0.945833
287                 0.95                  0.96        0.945833
278                 0.95                  0.96        0.945833
794                 0.95                  0.96        0.945833
..                   ...                   ...             ...
612                 0.59                  0.00        0.491667
615                 0.59                  0.00        0.491667
618                 0.59                  0.00        0.491667
621                 0.59                  0.00        0.491667
543                 0.59                  0.00        0.491667

[864 rows x 3 columns]
2023-05-27 06:55:31,180 [INFO] Best model :
MLPClassifier(activation='identity', alpha=0.1, early_stopping=True,
              hidden_layer_sizes=(100, 100), max_iter=500, random_state=42,
              solver='lbfgs')
2023-05-27 06:55:31,186 [INFO] Save train_prediction_log data...
2023-05-27 06:55:31,190 [INFO] {'Data': 'train', 'ACC': '1.0 (100 / 100)', 'TP': 40, 'FP': 0, 'FN': 0, 'TN': 60, 'Precision': '1.0 (40 / 40 + 0)', 'Recall': '1.0 (40 / 40 + 0)', 'F1': '1.0 (2 * (1.0 * 1.0) / 1.0 + 1.0)', 'Specificity': '1.0 (60 / 60 + 0)', 'AUC': 1.0, 'r2': 1.0}
2023-05-27 06:55:31,195 [INFO] Save valid_prediction_log data...
2023-05-27 06:55:31,198 [INFO] {'Data': 'valid', 'ACC': '0.88 (22 / 25)', 'TP': 10, 'FP': 3, 'FN': 0, 'TN': 12, 'Precision': '0.77 (10 / 10 + 3)', 'Recall': '1.0 (10 / 10 + 0)', 'F1': '0.87 (2 * (1.0 * 0.77) / 1.0 + 0.77)', 'Specificity': '0.8 (12 / 12 + 3)', 'AUC': 0.9, 'r2': 0.5}
2023-05-27 06:55:31,210 [INFO] Save test_prediction_log data...
2023-05-27 06:55:31,213 [INFO] {'Data': 'test', 'ACC': '0.76 (19 / 25)', 'TP': 5, 'FP': 1, 'FN': 5, 'TN': 14, 'Precision': '0.83 (5 / 5 + 1)', 'Recall': '0.5 (5 / 5 + 5)', 'F1': '0.62 (2 * (0.5 * 0.83) / 0.5 + 0.83)', 'Specificity': '0.93 (14 / 14 + 1)', 'AUC': 0.72, 'r2': 0.0}
2023-05-27 06:55:31,216 [INFO] Save training_log data...
2023-05-27 06:55:31,454 [INFO] Save score_log data...
2023-05-27 06:55:31,455 [INFO] Time : 331.3852689266205
