2023-05-27 01:41:28,408 [INFO] Train data : Vary_params\DUD-E\MET\nG1_50\ECFP6_256bits\Standard\MET_train_vector.tsv
2023-05-27 01:41:28,408 [INFO] Valid data : Vary_params\DUD-E\MET\nG1_50\ECFP6_256bits\Standard\MET_valid_vector.tsv
2023-05-27 01:41:28,408 [INFO] Output path : Vary_params\DUD-E\MET\nG1_50\ECFP6_256bits\Standard\MET_model\SVM
2023-05-27 01:41:28,408 [INFO] Model type : SVM
2023-05-27 01:41:28,408 [INFO] Use cores : 10
2023-05-27 01:41:28,428 [INFO] Start Learning model
2023-05-27 01:41:28,428 [INFO] Train : 196 | Valid : 49
2023-05-27 01:41:28,428 [INFO] Set parameters : {'kernel': ['linear', 'rbf'], 'C': [0.01, 0.1, 1, 10, 100, 1000], 'gamma': [0.01, 0.1, 1, 100, 1000]}
2023-05-27 01:41:31,006 [INFO] GridSearchCV results :
    mean_valid_accuracy  mean_valid_precision  mean_valid_auc
21             0.884211              1.000000        0.855357
41             0.909737              1.000000        0.887500
31             0.909737              1.000000        0.887500
51             0.909737              1.000000        0.887500
26             0.959474              0.950992        0.957955
28             0.959474              0.950992        0.957955
32             0.959474              0.950992        0.957955
34             0.959474              0.950992        0.957955
36             0.959474              0.950992        0.957955
38             0.959474              0.950992        0.957955
40             0.959474              0.950992        0.957955
0              0.959474              0.950992        0.957955
24             0.959474              0.950992        0.957955
44             0.959474              0.950992        0.957955
46             0.959474              0.950992        0.957955
48             0.959474              0.950992        0.957955
50             0.959474              0.950992        0.957955
52             0.959474              0.950992        0.957955
54             0.959474              0.950992        0.957955
56             0.959474              0.950992        0.957955
58             0.959474              0.950992        0.957955
42             0.959474              0.950992        0.957955
30             0.959474              0.950992        0.957955
12             0.959474              0.950992        0.957955
2              0.959474              0.950992        0.957955
20             0.959474              0.950992        0.957955
22             0.959474              0.950992        0.957955
4              0.959474              0.950992        0.957955
18             0.959474              0.950992        0.957955
8              0.959474              0.950992        0.957955
10             0.959474              0.950992        0.957955
16             0.959474              0.950992        0.957955
6              0.959474              0.950992        0.957955
14             0.959474              0.950992        0.957955
49             0.602105              0.000000        0.500000
9              0.602105              0.000000        0.500000
47             0.602105              0.000000        0.500000
5              0.602105              0.000000        0.500000
7              0.602105              0.000000        0.500000
53             0.602105              0.000000        0.500000
55             0.602105              0.000000        0.500000
3              0.602105              0.000000        0.500000
57             0.602105              0.000000        0.500000
45             0.602105              0.000000        0.500000
23             0.602105              0.000000        0.500000
43             0.602105              0.000000        0.500000
11             0.602105              0.000000        0.500000
13             0.602105              0.000000        0.500000
39             0.602105              0.000000        0.500000
37             0.602105              0.000000        0.500000
15             0.602105              0.000000        0.500000
35             0.602105              0.000000        0.500000
33             0.602105              0.000000        0.500000
17             0.602105              0.000000        0.500000
1              0.602105              0.000000        0.500000
29             0.602105              0.000000        0.500000
19             0.602105              0.000000        0.500000
27             0.602105              0.000000        0.500000
25             0.602105              0.000000        0.500000
59             0.602105              0.000000        0.500000
2023-05-27 01:41:31,008 [INFO] Best model :
SVC(C=1, gamma=0.01, random_state=42)
2023-05-27 01:41:31,016 [INFO] Save train_prediction_log data...
2023-05-27 01:41:31,019 [INFO] {'Data': 'train', 'ACC': '1.0 (196 / 196)', 'TP': 78, 'FP': 0, 'FN': 0, 'TN': 118, 'Precision': '1.0 (78 / 78 + 0)', 'Recall': '1.0 (78 / 78 + 0)', 'F1': '1.0 (2 * (1.0 * 1.0) / 1.0 + 1.0)', 'Specificity': '1.0 (118 / 118 + 0)', 'AUC': 1.0, 'r2': 1.0}
2023-05-27 01:41:31,024 [INFO] Save valid_prediction_log data...
2023-05-27 01:41:31,026 [INFO] {'Data': 'valid', 'ACC': '0.98 (48 / 49)', 'TP': 19, 'FP': 0, 'FN': 1, 'TN': 29, 'Precision': '1.0 (19 / 19 + 0)', 'Recall': '0.95 (19 / 19 + 1)', 'F1': '0.97 (2 * (0.95 * 1.0) / 0.95 + 1.0)', 'Specificity': '1.0 (29 / 29 + 0)', 'AUC': 0.98, 'r2': 0.92}
2023-05-27 01:41:31,038 [INFO] Save test_prediction_log data...
2023-05-27 01:41:31,040 [INFO] {'Data': 'test', 'ACC': '0.59 (29 / 49)', 'TP': 0, 'FP': 0, 'FN': 20, 'TN': 29, 'Precision': '0 (0 / 0 + 0)', 'Recall': '0 (0 / 0 + 20)', 'F1': '0 (2 * (0 * 0) / 0 + 0)', 'Specificity': '1.0 (29 / 29 + 0)', 'AUC': 0.5, 'r2': -0.69}
2023-05-27 01:41:31,042 [INFO] Save training_log data...
2023-05-27 01:41:31,043 [INFO] Save score_log data...
2023-05-27 01:41:31,044 [INFO] Time : 2.636575222015381
