2023-05-28 13:55:51,506 [INFO] Train data : Vary_params_CDK2_EGFR_LCK\DUD-E\EGFR\nG1_50\ECFP4_256bits\Standard\EGFR_train_vector.tsv
2023-05-28 13:55:51,506 [INFO] Valid data : Vary_params_CDK2_EGFR_LCK\DUD-E\EGFR\nG1_50\ECFP4_256bits\Standard\EGFR_valid_vector.tsv
2023-05-28 13:55:51,506 [INFO] Output path : Vary_params_CDK2_EGFR_LCK\DUD-E\EGFR\nG1_50\ECFP4_256bits\Standard\EGFR_model\SVM
2023-05-28 13:55:51,506 [INFO] Model type : SVM
2023-05-28 13:55:51,506 [INFO] Use cores : 19
2023-05-28 13:55:51,547 [INFO] Start Learning model
2023-05-28 13:55:51,547 [INFO] Train : 870 | Valid : 218
2023-05-28 13:55:51,547 [INFO] Set parameters : {'kernel': ['linear', 'rbf'], 'C': [0.01, 0.1, 1, 10, 100, 1000], 'gamma': [0.01, 0.1, 1, 100, 1000]}
2023-05-28 13:55:56,408 [INFO] GridSearchCV results :
    mean_valid_accuracy  mean_valid_precision  mean_valid_auc
31             0.924138              1.000000        0.905126
21             0.917241              1.000000        0.896471
51             0.924138              1.000000        0.905126
41             0.924138              1.000000        0.905126
0              0.952874              0.951023        0.949375
2              0.952874              0.951023        0.949375
4              0.952874              0.951023        0.949375
6              0.952874              0.951023        0.949375
8              0.952874              0.951023        0.949375
42             0.957471              0.949109        0.955550
32             0.957471              0.949109        0.955550
34             0.957471              0.949109        0.955550
36             0.957471              0.949109        0.955550
38             0.957471              0.949109        0.955550
40             0.957471              0.949109        0.955550
48             0.957471              0.949109        0.955550
44             0.957471              0.949109        0.955550
46             0.957471              0.949109        0.955550
26             0.957471              0.949109        0.955550
50             0.957471              0.949109        0.955550
52             0.957471              0.949109        0.955550
54             0.957471              0.949109        0.955550
56             0.957471              0.949109        0.955550
58             0.957471              0.949109        0.955550
28             0.957471              0.949109        0.955550
30             0.957471              0.949109        0.955550
18             0.957471              0.949109        0.955550
24             0.957471              0.949109        0.955550
14             0.957471              0.949109        0.955550
12             0.957471              0.949109        0.955550
22             0.957471              0.949109        0.955550
16             0.957471              0.949109        0.955550
20             0.957471              0.949109        0.955550
10             0.957471              0.949109        0.955550
11             0.606897              0.400000        0.508571
25             0.600000              0.000000        0.500000
49             0.600000              0.000000        0.500000
53             0.600000              0.000000        0.500000
9              0.600000              0.000000        0.500000
13             0.600000              0.000000        0.500000
7              0.600000              0.000000        0.500000
55             0.600000              0.000000        0.500000
5              0.600000              0.000000        0.500000
57             0.600000              0.000000        0.500000
3              0.600000              0.000000        0.500000
47             0.600000              0.000000        0.500000
43             0.600000              0.000000        0.500000
45             0.600000              0.000000        0.500000
27             0.600000              0.000000        0.500000
15             0.600000              0.000000        0.500000
17             0.600000              0.000000        0.500000
39             0.600000              0.000000        0.500000
37             0.600000              0.000000        0.500000
19             0.600000              0.000000        0.500000
35             0.600000              0.000000        0.500000
33             0.600000              0.000000        0.500000
23             0.600000              0.000000        0.500000
1              0.600000              0.000000        0.500000
29             0.600000              0.000000        0.500000
59             0.600000              0.000000        0.500000
2023-05-28 13:55:56,409 [INFO] Best model :
SVC(C=1, gamma=0.01, random_state=42)
2023-05-28 13:55:56,472 [INFO] Save train_prediction_log data...
2023-05-28 13:55:56,475 [INFO] {'Data': 'train', 'ACC': '1.0 (870 / 870)', 'TP': 348, 'FP': 0, 'FN': 0, 'TN': 522, 'Precision': '1.0 (348 / 348 + 0)', 'Recall': '1.0 (348 / 348 + 0)', 'F1': '1.0 (2 * (1.0 * 1.0) / 1.0 + 1.0)', 'Specificity': '1.0 (522 / 522 + 0)', 'AUC': 1.0, 'r2': 1.0}
2023-05-28 13:55:56,493 [INFO] Save valid_prediction_log data...
2023-05-28 13:55:56,495 [INFO] {'Data': 'valid', 'ACC': '0.99 (216 / 218)', 'TP': 85, 'FP': 0, 'FN': 2, 'TN': 131, 'Precision': '1.0 (85 / 85 + 0)', 'Recall': '0.98 (85 / 85 + 2)', 'F1': '0.99 (2 * (0.98 * 1.0) / 0.98 + 1.0)', 'Specificity': '1.0 (131 / 131 + 0)', 'AUC': 0.99, 'r2': 0.96}
2023-05-28 13:55:56,524 [INFO] Save test_prediction_log data...
2023-05-28 13:55:56,526 [INFO] {'Data': 'test', 'ACC': '0.63 (138 / 218)', 'TP': 19, 'FP': 12, 'FN': 68, 'TN': 119, 'Precision': '0.61 (19 / 19 + 12)', 'Recall': '0.22 (19 / 19 + 68)', 'F1': '0.32 (2 * (0.22 * 0.61) / 0.22 + 0.61)', 'Specificity': '0.91 (119 / 119 + 12)', 'AUC': 0.56, 'r2': -0.53}
2023-05-28 13:55:56,528 [INFO] Save training_log data...
2023-05-28 13:55:56,530 [INFO] Save score_log data...
2023-05-28 13:55:56,531 [INFO] Time : 5.025026082992554
