2023-05-30 03:00:34,664 [INFO] Train data : Baseline_noscale_DUDE\DUD-E\FAK1\ECFP6_512bits\FAK1_raw_train.tsv
2023-05-30 03:00:34,664 [INFO] Valid data : Baseline_noscale_DUDE\DUD-E\FAK1\ECFP6_512bits\FAK1_raw_valid.tsv
2023-05-30 03:00:34,664 [INFO] Output path : Baseline_noscale_DUDE\DUD-E\FAK1\ECFP6_512bits\FAK1_model\XGB
2023-05-30 03:00:34,664 [INFO] Model type : XGB
2023-05-30 03:00:34,664 [INFO] Use cores : 12
2023-05-30 03:00:34,689 [INFO] Start Learning model
2023-05-30 03:00:34,689 [INFO] Train : 93 | Valid : 23
2023-05-30 03:00:34,690 [INFO] Set parameters : {'max_depth': [4, 6, 8], 'learning_rate': [0.01, 0.2], 'n_estimators': [200, 600, 1000], 'gamma': [0, 1000], 'min_child_weight': [1, 3], 'subsample': [0.5, 1], 'colsample_bytree': [0.5, 1], 'objective': ['binary:logitraw'], 'eval_metric': ['auc', 'error']}
2023-05-30 03:05:58,487 [INFO] GridSearchCV results :
     mean_valid_accuracy  mean_valid_precision  mean_valid_auc
0               0.990000                   1.0          0.9875
306             0.990000                   1.0          0.9875
315             0.990000                   1.0          0.9875
314             0.990000                   1.0          0.9875
312             0.990000                   1.0          0.9875
..                   ...                   ...             ...
98              0.602222                   0.0          0.5000
99              0.602222                   0.0          0.5000
100             0.602222                   0.0          0.5000
101             0.602222                   0.0          0.5000
575             0.602222                   0.0          0.5000

[576 rows x 3 columns]
2023-05-30 03:05:58,489 [INFO] Best model :
XGBClassifier(base_score=None, booster=None, callbacks=None,
              colsample_bylevel=None, colsample_bynode=None,
              colsample_bytree=0.5, early_stopping_rounds=None,
              enable_categorical=False, eval_metric='auc', feature_types=None,
              gamma=0, gpu_id=None, grow_policy=None, importance_type=None,
              interaction_constraints=None, learning_rate=0.01, max_bin=None,
              max_cat_threshold=None, max_cat_to_onehot=None,
              max_delta_step=None, max_depth=4, max_leaves=None,
              min_child_weight=1, missing=nan, monotone_constraints=None,
              n_estimators=200, n_jobs=0, num_parallel_tree=None,
              objective='binary:logitraw', predictor=None, ...)
2023-05-30 03:05:58,501 [INFO] Save train_prediction_log data...
2023-05-30 03:05:58,504 [INFO] {'Data': 'train', 'ACC': '0.99 (92 / 93)', 'TP': 36, 'FP': 0, 'FN': 1, 'TN': 56, 'Precision': '1.0 (36 / 36 + 0)', 'Recall': '0.97 (36 / 36 + 1)', 'F1': '0.98 (2 * (0.97 * 1.0) / 0.97 + 1.0)', 'Specificity': '1.0 (56 / 56 + 0)', 'AUC': 0.99, 'r2': 0.96}
2023-05-30 03:05:58,515 [INFO] Save valid_prediction_log data...
2023-05-30 03:05:58,518 [INFO] {'Data': 'valid', 'ACC': '1.0 (23 / 23)', 'TP': 9, 'FP': 0, 'FN': 0, 'TN': 14, 'Precision': '1.0 (9 / 9 + 0)', 'Recall': '1.0 (9 / 9 + 0)', 'F1': '1.0 (2 * (1.0 * 1.0) / 1.0 + 1.0)', 'Specificity': '1.0 (14 / 14 + 0)', 'AUC': 1.0, 'r2': 1.0}
2023-05-30 03:05:58,538 [INFO] Save test_prediction_log data...
2023-05-30 03:05:58,540 [INFO] {'Data': 'test', 'ACC': '0.65 (15 / 23)', 'TP': 2, 'FP': 1, 'FN': 7, 'TN': 13, 'Precision': '0.67 (2 / 2 + 1)', 'Recall': '0.22 (2 / 2 + 7)', 'F1': '0.33 (2 * (0.22 * 0.67) / 0.22 + 0.67)', 'Specificity': '0.93 (13 / 13 + 1)', 'AUC': 0.58, 'r2': -0.46}
2023-05-30 03:05:58,545 [INFO] Save training_log data...
2023-05-30 03:05:58,550 [INFO] Save score_log data...
2023-05-30 03:05:58,551 [INFO] Time : 323.88701272010803
