2023-05-27 15:16:49,790 [INFO] Train data : Vary_params\DUD-E\MP2K1\nG1_80\ECFP6_512bits\MinMax\MP2K1_train_vector.tsv
2023-05-27 15:16:49,790 [INFO] Valid data : Vary_params\DUD-E\MP2K1\nG1_80\ECFP6_512bits\MinMax\MP2K1_valid_vector.tsv
2023-05-27 15:16:49,790 [INFO] Output path : Vary_params\DUD-E\MP2K1\nG1_80\ECFP6_512bits\MinMax\MP2K1_model\MLP
2023-05-27 15:16:49,790 [INFO] Model type : MLP
2023-05-27 15:16:49,790 [INFO] Use cores : 10
2023-05-27 15:16:49,811 [INFO] Start Learning model
2023-05-27 15:16:49,811 [INFO] Train : 112 | Valid : 35
2023-05-27 15:16:49,811 [INFO] Set parameters : {'hidden_layer_sizes': [(50,), (100,), (50, 50), (100, 100)], 'learning_rate': ['constant', 'invscaling', 'adaptive'], 'activation': ['relu', 'identity', 'logistic', 'tanh'], 'solver': ['adam', 'sgd', 'lbfgs'], 'alpha': [0.1, 0.01, 0.001], 'max_iter': [500, 1000], 'early_stopping': [True]}
2023-05-27 15:18:49,128 [INFO] GridSearchCV results :
     mean_valid_accuracy  mean_valid_precision  mean_valid_auc
863             0.990909                   1.0           0.975
524             0.990909                   1.0           0.975
233             0.990909                   1.0           0.975
509             1.000000                   1.0           1.000
512             1.000000                   1.0           1.000
..                   ...                   ...             ...
564             0.759091                   0.0           0.500
205             0.759091                   0.0           0.500
562             0.759091                   0.0           0.500
561             0.759091                   0.0           0.500
469             0.759091                   0.0           0.500

[864 rows x 3 columns]
2023-05-27 15:18:49,129 [INFO] Best model :
MLPClassifier(alpha=0.1, early_stopping=True, hidden_layer_sizes=(50,),
              max_iter=500, random_state=42, solver='lbfgs')
2023-05-27 15:18:49,134 [INFO] Save train_prediction_log data...
2023-05-27 15:18:49,137 [INFO] {'Data': 'train', 'ACC': '1.0 (112 / 112)', 'TP': 27, 'FP': 0, 'FN': 0, 'TN': 85, 'Precision': '1.0 (27 / 27 + 0)', 'Recall': '1.0 (27 / 27 + 0)', 'F1': '1.0 (2 * (1.0 * 1.0) / 1.0 + 1.0)', 'Specificity': '1.0 (85 / 85 + 0)', 'AUC': 1.0, 'r2': 1.0}
2023-05-27 15:18:49,141 [INFO] Save valid_prediction_log data...
2023-05-27 15:18:49,143 [INFO] {'Data': 'valid', 'ACC': '1.0 (35 / 35)', 'TP': 14, 'FP': 0, 'FN': 0, 'TN': 21, 'Precision': '1.0 (14 / 14 + 0)', 'Recall': '1.0 (14 / 14 + 0)', 'F1': '1.0 (2 * (1.0 * 1.0) / 1.0 + 1.0)', 'Specificity': '1.0 (21 / 21 + 0)', 'AUC': 1.0, 'r2': 1.0}
2023-05-27 15:18:49,157 [INFO] Save test_prediction_log data...
2023-05-27 15:18:49,160 [INFO] {'Data': 'test', 'ACC': '0.66 (23 / 35)', 'TP': 2, 'FP': 0, 'FN': 12, 'TN': 21, 'Precision': '1.0 (2 / 2 + 0)', 'Recall': '0.14 (2 / 2 + 12)', 'F1': '0.25 (2 * (0.14 * 1.0) / 0.14 + 1.0)', 'Specificity': '1.0 (21 / 21 + 0)', 'AUC': 0.57, 'r2': -0.43}
2023-05-27 15:18:49,163 [INFO] Save training_log data...
2023-05-27 15:18:49,167 [INFO] Save score_log data...
2023-05-27 15:18:49,168 [INFO] Time : 119.3782868385315
