2023-05-27 18:15:56,088 [INFO] Train data : Vary_params_SH\DUD-E\ROCK1\nG1_80\ECFP4_512bits\Robust\ROCK1_train_vector.tsv
2023-05-27 18:15:56,088 [INFO] Valid data : Vary_params_SH\DUD-E\ROCK1\nG1_80\ECFP4_512bits\Robust\ROCK1_valid_vector.tsv
2023-05-27 18:15:56,088 [INFO] Output path : Vary_params_SH\DUD-E\ROCK1\nG1_80\ECFP4_512bits\Robust\ROCK1_model\MLP
2023-05-27 18:15:56,088 [INFO] Model type : MLP
2023-05-27 18:15:56,088 [INFO] Use cores : 3
2023-05-27 18:15:56,120 [INFO] Start Learning model
2023-05-27 18:15:56,120 [INFO] Train : 70 | Valid : 25
2023-05-27 18:15:56,120 [INFO] Set parameters : {'hidden_layer_sizes': [(50,), (100,), (50, 50), (100, 100)], 'learning_rate': ['constant', 'invscaling', 'adaptive'], 'activation': ['relu', 'identity', 'logistic', 'tanh'], 'solver': ['adam', 'sgd', 'lbfgs'], 'alpha': [0.1, 0.01, 0.001], 'max_iter': [500, 1000], 'early_stopping': [True]}
2023-05-27 18:26:04,148 [INFO] GridSearchCV results :
     mean_valid_accuracy  mean_valid_precision  mean_valid_auc
653             1.000000                   1.0        1.000000
557             1.000000                   1.0        1.000000
569             1.000000                   1.0        1.000000
713             1.000000                   1.0        1.000000
716             1.000000                   1.0        1.000000
..                   ...                   ...             ...
139             0.800000                   0.0        0.466667
564             0.857143                   0.0        0.500000
565             0.857143                   0.0        0.500000
567             0.857143                   0.0        0.500000
142             0.800000                   0.0        0.466667

[864 rows x 3 columns]
2023-05-27 18:26:04,150 [INFO] Best model :
MLPClassifier(alpha=0.1, early_stopping=True, hidden_layer_sizes=(50,),
              max_iter=500, random_state=42, solver='lbfgs')
2023-05-27 18:26:04,157 [INFO] Save train_prediction_log data...
2023-05-27 18:26:04,161 [INFO] {'Data': 'train', 'ACC': '1.0 (70 / 70)', 'TP': 10, 'FP': 0, 'FN': 0, 'TN': 60, 'Precision': '1.0 (10 / 10 + 0)', 'Recall': '1.0 (10 / 10 + 0)', 'F1': '1.0 (2 * (1.0 * 1.0) / 1.0 + 1.0)', 'Specificity': '1.0 (60 / 60 + 0)', 'AUC': 1.0, 'r2': 1.0}
2023-05-27 18:26:04,168 [INFO] Save valid_prediction_log data...
2023-05-27 18:26:04,171 [INFO] {'Data': 'valid', 'ACC': '0.96 (24 / 25)', 'TP': 9, 'FP': 0, 'FN': 1, 'TN': 15, 'Precision': '1.0 (9 / 9 + 0)', 'Recall': '0.9 (9 / 9 + 1)', 'F1': '0.95 (2 * (0.9 * 1.0) / 0.9 + 1.0)', 'Specificity': '1.0 (15 / 15 + 0)', 'AUC': 0.95, 'r2': 0.83}
2023-05-27 18:26:04,192 [INFO] Save test_prediction_log data...
2023-05-27 18:26:04,195 [INFO] {'Data': 'test', 'ACC': '0.52 (13 / 25)', 'TP': 1, 'FP': 3, 'FN': 9, 'TN': 12, 'Precision': '0.25 (1 / 1 + 3)', 'Recall': '0.1 (1 / 1 + 9)', 'F1': '0.14 (2 * (0.1 * 0.25) / 0.1 + 0.25)', 'Specificity': '0.8 (12 / 12 + 3)', 'AUC': 0.45, 'r2': -1.0}
2023-05-27 18:26:04,198 [INFO] Save training_log data...
2023-05-27 18:26:04,424 [INFO] Save score_log data...
2023-05-27 18:26:04,425 [INFO] Time : 608.3369703292847
