2023-05-29 02:36:44,195 [INFO] Train data : Vary_params_FGFR1\DUD-E\FGFR1\nG1_80\ECFP6_256bits\Robust\FGFR1_train_vector.tsv
2023-05-29 02:36:44,196 [INFO] Valid data : Vary_params_FGFR1\DUD-E\FGFR1\nG1_80\ECFP6_256bits\Robust\FGFR1_valid_vector.tsv
2023-05-29 02:36:44,196 [INFO] Output path : Vary_params_FGFR1\DUD-E\FGFR1\nG1_80\ECFP6_256bits\Robust\FGFR1_model\MLP
2023-05-29 02:36:44,196 [INFO] Model type : MLP
2023-05-29 02:36:44,196 [INFO] Use cores : 10
2023-05-29 02:36:44,213 [INFO] Start Learning model
2023-05-29 02:36:44,213 [INFO] Train : 143 | Valid : 43
2023-05-29 02:36:44,213 [INFO] Set parameters : {'hidden_layer_sizes': [(50,), (100,), (50, 50), (100, 100)], 'learning_rate': ['constant', 'invscaling', 'adaptive'], 'activation': ['relu', 'identity', 'logistic', 'tanh'], 'solver': ['adam', 'sgd', 'lbfgs'], 'alpha': [0.1, 0.01, 0.001], 'max_iter': [500, 1000], 'early_stopping': [True]}
2023-05-29 02:39:47,786 [INFO] GridSearchCV results :
     mean_valid_accuracy  mean_valid_precision  mean_valid_auc
485             0.951429                  0.96        0.927500
680             0.951429                  0.96        0.927500
716             0.951429                  0.96        0.927500
713             0.951429                  0.96        0.927500
710             0.951429                  0.96        0.927500
..                   ...                   ...             ...
480             0.713810                  0.00        0.490909
546             0.713810                  0.00        0.490909
618             0.713810                  0.00        0.490909
540             0.713810                  0.00        0.490909
471             0.713810                  0.00        0.490909

[864 rows x 3 columns]
2023-05-29 02:39:47,788 [INFO] Best model :
MLPClassifier(activation='logistic', alpha=0.1, early_stopping=True,
              max_iter=500, random_state=42, solver='lbfgs')
2023-05-29 02:39:47,795 [INFO] Save train_prediction_log data...
2023-05-29 02:39:47,799 [INFO] {'Data': 'train', 'ACC': '1.0 (143 / 143)', 'TP': 39, 'FP': 0, 'FN': 0, 'TN': 104, 'Precision': '1.0 (39 / 39 + 0)', 'Recall': '1.0 (39 / 39 + 0)', 'F1': '1.0 (2 * (1.0 * 1.0) / 1.0 + 1.0)', 'Specificity': '1.0 (104 / 104 + 0)', 'AUC': 1.0, 'r2': 1.0}
2023-05-29 02:39:47,805 [INFO] Save valid_prediction_log data...
2023-05-29 02:39:47,809 [INFO] {'Data': 'valid', 'ACC': '1.0 (43 / 43)', 'TP': 17, 'FP': 0, 'FN': 0, 'TN': 26, 'Precision': '1.0 (17 / 17 + 0)', 'Recall': '1.0 (17 / 17 + 0)', 'F1': '1.0 (2 * (1.0 * 1.0) / 1.0 + 1.0)', 'Specificity': '1.0 (26 / 26 + 0)', 'AUC': 1.0, 'r2': 1.0}
2023-05-29 02:39:47,827 [INFO] Save test_prediction_log data...
2023-05-29 02:39:47,830 [INFO] {'Data': 'test', 'ACC': '0.72 (31 / 43)', 'TP': 6, 'FP': 1, 'FN': 11, 'TN': 25, 'Precision': '0.86 (6 / 6 + 1)', 'Recall': '0.35 (6 / 6 + 11)', 'F1': '0.5 (2 * (0.35 * 0.86) / 0.35 + 0.86)', 'Specificity': '0.96 (25 / 25 + 1)', 'AUC': 0.66, 'r2': -0.17}
2023-05-29 02:39:47,834 [INFO] Save training_log data...
2023-05-29 02:39:47,841 [INFO] Save score_log data...
2023-05-29 02:39:47,843 [INFO] Time : 183.64746737480164
