2023-05-28 22:21:48,106 [INFO] Train data : Vary_params_ABL_BRAF_FGFR1\DUD-E\ABL1\nG1_80\ECFP4_256bits\Robust\ABL1_train_vector.tsv
2023-05-28 22:21:48,106 [INFO] Valid data : Vary_params_ABL_BRAF_FGFR1\DUD-E\ABL1\nG1_80\ECFP4_256bits\Robust\ABL1_valid_vector.tsv
2023-05-28 22:21:48,106 [INFO] Output path : Vary_params_ABL_BRAF_FGFR1\DUD-E\ABL1\nG1_80\ECFP4_256bits\Robust\ABL1_model\SVM
2023-05-28 22:21:48,106 [INFO] Model type : SVM
2023-05-28 22:21:48,107 [INFO] Use cores : 19
2023-05-28 22:21:48,119 [INFO] Start Learning model
2023-05-28 22:21:48,119 [INFO] Train : 234 | Valid : 66
2023-05-28 22:21:48,119 [INFO] Set parameters : {'kernel': ['linear', 'rbf'], 'C': [0.01, 0.1, 1, 10, 100, 1000], 'gamma': [0.01, 0.1, 1, 100, 1000]}
2023-05-28 22:21:51,601 [INFO] GridSearchCV results :
    mean_valid_accuracy  mean_valid_precision  mean_valid_auc
0              0.919384              0.876944        0.914315
20             0.919384              0.876944        0.914315
24             0.919384              0.876944        0.914315
26             0.919384              0.876944        0.914315
28             0.919384              0.876944        0.914315
32             0.919384              0.876944        0.914315
34             0.919384              0.876944        0.914315
36             0.919384              0.876944        0.914315
38             0.919384              0.876944        0.914315
40             0.919384              0.876944        0.914315
42             0.919384              0.876944        0.914315
44             0.919384              0.876944        0.914315
46             0.919384              0.876944        0.914315
48             0.919384              0.876944        0.914315
50             0.919384              0.876944        0.914315
52             0.919384              0.876944        0.914315
54             0.919384              0.876944        0.914315
56             0.919384              0.876944        0.914315
58             0.919384              0.876944        0.914315
22             0.919384              0.876944        0.914315
30             0.919384              0.876944        0.914315
10             0.919384              0.876944        0.914315
2              0.919384              0.876944        0.914315
18             0.919384              0.876944        0.914315
12             0.919384              0.876944        0.914315
4              0.919384              0.876944        0.914315
16             0.919384              0.876944        0.914315
8              0.919384              0.876944        0.914315
6              0.919384              0.876944        0.914315
14             0.919384              0.876944        0.914315
47             0.683877              0.200000        0.513393
43             0.683877              0.200000        0.513393
45             0.683877              0.200000        0.513393
21             0.683877              0.200000        0.513393
49             0.683877              0.200000        0.513393
41             0.683877              0.200000        0.513393
53             0.683877              0.200000        0.513393
55             0.683877              0.200000        0.513393
57             0.683877              0.200000        0.513393
51             0.683877              0.200000        0.513393
59             0.683877              0.200000        0.513393
31             0.683877              0.200000        0.513393
29             0.683877              0.200000        0.513393
37             0.683877              0.200000        0.513393
23             0.683877              0.200000        0.513393
25             0.683877              0.200000        0.513393
35             0.683877              0.200000        0.513393
33             0.683877              0.200000        0.513393
39             0.683877              0.200000        0.513393
27             0.683877              0.200000        0.513393
3              0.675362              0.000000        0.500000
17             0.675362              0.000000        0.500000
19             0.675362              0.000000        0.500000
5              0.675362              0.000000        0.500000
1              0.675362              0.000000        0.500000
15             0.675362              0.000000        0.500000
7              0.675362              0.000000        0.500000
13             0.675362              0.000000        0.500000
9              0.675362              0.000000        0.500000
11             0.675362              0.000000        0.500000
2023-05-28 22:21:51,602 [INFO] Best model :
SVC(C=0.01, gamma=0.01, kernel='linear', random_state=42)
2023-05-28 22:21:51,607 [INFO] Save train_prediction_log data...
2023-05-28 22:21:51,610 [INFO] {'Data': 'train', 'ACC': '1.0 (234 / 234)', 'TP': 76, 'FP': 0, 'FN': 0, 'TN': 158, 'Precision': '1.0 (76 / 76 + 0)', 'Recall': '1.0 (76 / 76 + 0)', 'F1': '1.0 (2 * (1.0 * 1.0) / 1.0 + 1.0)', 'Specificity': '1.0 (158 / 158 + 0)', 'AUC': 1.0, 'r2': 1.0}
2023-05-28 22:21:51,613 [INFO] Save valid_prediction_log data...
2023-05-28 22:21:51,615 [INFO] {'Data': 'valid', 'ACC': '0.95 (63 / 66)', 'TP': 26, 'FP': 3, 'FN': 0, 'TN': 37, 'Precision': '0.9 (26 / 26 + 3)', 'Recall': '1.0 (26 / 26 + 0)', 'F1': '0.95 (2 * (1.0 * 0.9) / 1.0 + 0.9)', 'Specificity': '0.92 (37 / 37 + 3)', 'AUC': 0.96, 'r2': 0.81}
2023-05-28 22:21:51,623 [INFO] Save test_prediction_log data...
2023-05-28 22:21:51,625 [INFO] {'Data': 'test', 'ACC': '0.67 (44 / 66)', 'TP': 11, 'FP': 7, 'FN': 15, 'TN': 33, 'Precision': '0.61 (11 / 11 + 7)', 'Recall': '0.42 (11 / 11 + 15)', 'F1': '0.5 (2 * (0.42 * 0.61) / 0.42 + 0.61)', 'Specificity': '0.82 (33 / 33 + 7)', 'AUC': 0.62, 'r2': -0.4}
2023-05-28 22:21:51,627 [INFO] Save training_log data...
2023-05-28 22:21:51,628 [INFO] Save score_log data...
2023-05-28 22:21:51,629 [INFO] Time : 3.5230236053466797
