2023-05-28 23:37:30,990 [INFO] Train data : Vary_params_SH\DUD-E\TGFR1\nG1_80\ECFP4_256bits\Robust\TGFR1_train_vector.tsv
2023-05-28 23:37:30,990 [INFO] Valid data : Vary_params_SH\DUD-E\TGFR1\nG1_80\ECFP4_256bits\Robust\TGFR1_valid_vector.tsv
2023-05-28 23:37:30,990 [INFO] Output path : Vary_params_SH\DUD-E\TGFR1\nG1_80\ECFP4_256bits\Robust\TGFR1_model\MLP
2023-05-28 23:37:30,990 [INFO] Model type : MLP
2023-05-28 23:37:30,991 [INFO] Use cores : 3
2023-05-28 23:37:31,012 [INFO] Start Learning model
2023-05-28 23:37:31,012 [INFO] Train : 134 | Valid : 41
2023-05-28 23:37:31,012 [INFO] Set parameters : {'hidden_layer_sizes': [(50,), (100,), (50, 50), (100, 100)], 'learning_rate': ['constant', 'invscaling', 'adaptive'], 'activation': ['relu', 'identity', 'logistic', 'tanh'], 'solver': ['adam', 'sgd', 'lbfgs'], 'alpha': [0.1, 0.01, 0.001], 'max_iter': [500, 1000], 'early_stopping': [True]}
2023-05-28 23:44:46,703 [INFO] GridSearchCV results :
     mean_valid_accuracy  mean_valid_precision  mean_valid_auc
518             0.956044                 0.975          0.9325
506             0.956044                 0.975          0.9325
509             0.956044                 0.975          0.9325
512             0.956044                 0.975          0.9325
521             0.956044                 0.975          0.9325
..                   ...                   ...             ...
546             0.724176                 0.000          0.4950
621             0.724176                 0.000          0.4950
618             0.724176                 0.000          0.4950
645             0.731868                 0.000          0.5000
564             0.731868                 0.000          0.5000

[864 rows x 3 columns]
2023-05-28 23:44:46,705 [INFO] Best model :
MLPClassifier(activation='logistic', alpha=0.01, early_stopping=True,
              hidden_layer_sizes=(50,), max_iter=500, random_state=42,
              solver='lbfgs')
2023-05-28 23:44:46,711 [INFO] Save train_prediction_log data...
2023-05-28 23:44:46,715 [INFO] {'Data': 'train', 'ACC': '1.0 (134 / 134)', 'TP': 36, 'FP': 0, 'FN': 0, 'TN': 98, 'Precision': '1.0 (36 / 36 + 0)', 'Recall': '1.0 (36 / 36 + 0)', 'F1': '1.0 (2 * (1.0 * 1.0) / 1.0 + 1.0)', 'Specificity': '1.0 (98 / 98 + 0)', 'AUC': 1.0, 'r2': 1.0}
2023-05-28 23:44:46,720 [INFO] Save valid_prediction_log data...
2023-05-28 23:44:46,723 [INFO] {'Data': 'valid', 'ACC': '1.0 (41 / 41)', 'TP': 16, 'FP': 0, 'FN': 0, 'TN': 25, 'Precision': '1.0 (16 / 16 + 0)', 'Recall': '1.0 (16 / 16 + 0)', 'F1': '1.0 (2 * (1.0 * 1.0) / 1.0 + 1.0)', 'Specificity': '1.0 (25 / 25 + 0)', 'AUC': 1.0, 'r2': 1.0}
2023-05-28 23:44:46,736 [INFO] Save test_prediction_log data...
2023-05-28 23:44:46,739 [INFO] {'Data': 'test', 'ACC': '0.49 (20 / 41)', 'TP': 3, 'FP': 8, 'FN': 13, 'TN': 17, 'Precision': '0.27 (3 / 3 + 8)', 'Recall': '0.19 (3 / 3 + 13)', 'F1': '0.22 (2 * (0.19 * 0.27) / 0.19 + 0.27)', 'Specificity': '0.68 (17 / 17 + 8)', 'AUC': 0.43, 'r2': -1.15}
2023-05-28 23:44:46,742 [INFO] Save training_log data...
2023-05-28 23:44:46,959 [INFO] Save score_log data...
2023-05-28 23:44:46,960 [INFO] Time : 435.9697368144989
