2023-05-28 23:49:25,335 [INFO] Train data : Vary_params_CDK2_EGFR_LCK\DUD-E\EGFR\nG1_80\ECFP6_512bits\Standard\EGFR_train_vector.tsv
2023-05-28 23:49:25,335 [INFO] Valid data : Vary_params_CDK2_EGFR_LCK\DUD-E\EGFR\nG1_80\ECFP6_512bits\Standard\EGFR_valid_vector.tsv
2023-05-28 23:49:25,335 [INFO] Output path : Vary_params_CDK2_EGFR_LCK\DUD-E\EGFR\nG1_80\ECFP6_512bits\Standard\EGFR_model\XGB
2023-05-28 23:49:25,335 [INFO] Model type : XGB
2023-05-28 23:49:25,335 [INFO] Use cores : 19
2023-05-28 23:49:25,413 [INFO] Start Learning model
2023-05-28 23:49:25,413 [INFO] Train : 840 | Valid : 218
2023-05-28 23:49:25,414 [INFO] Set parameters : {'max_depth': [4, 6, 8], 'learning_rate': [0.01, 0.2], 'n_estimators': [200, 600, 1000], 'gamma': [0, 1000], 'min_child_weight': [1, 3], 'subsample': [0.5, 1], 'colsample_bytree': [0.5, 1], 'objective': ['binary:logitraw'], 'eval_metric': ['auc', 'error']}
2023-05-29 00:15:27,164 [INFO] GridSearchCV results :
     mean_valid_accuracy  mean_valid_precision  mean_valid_auc
0               0.955952              0.996774        0.942486
25              0.960714              0.996774        0.948887
26              0.966667              0.996774        0.956700
31              0.958333              0.996774        0.945661
144             0.955952              0.996774        0.942486
..                   ...                   ...             ...
263             0.621429              0.000000        0.500000
262             0.621429              0.000000        0.500000
261             0.621429              0.000000        0.500000
260             0.621429              0.000000        0.500000
575             0.621429              0.000000        0.500000

[576 rows x 3 columns]
2023-05-29 00:15:27,166 [INFO] Best model :
XGBClassifier(base_score=None, booster=None, callbacks=None,
              colsample_bylevel=None, colsample_bynode=None,
              colsample_bytree=0.5, early_stopping_rounds=None,
              enable_categorical=False, eval_metric='auc', feature_types=None,
              gamma=0, gpu_id=None, grow_policy=None, importance_type=None,
              interaction_constraints=None, learning_rate=0.01, max_bin=None,
              max_cat_threshold=None, max_cat_to_onehot=None,
              max_delta_step=None, max_depth=4, max_leaves=None,
              min_child_weight=1, missing=nan, monotone_constraints=None,
              n_estimators=200, n_jobs=0, num_parallel_tree=None,
              objective='binary:logitraw', predictor=None, ...)
2023-05-29 00:15:27,191 [INFO] Save train_prediction_log data...
2023-05-29 00:15:27,198 [INFO] {'Data': 'train', 'ACC': '0.97 (817 / 840)', 'TP': 295, 'FP': 0, 'FN': 23, 'TN': 522, 'Precision': '1.0 (295 / 295 + 0)', 'Recall': '0.93 (295 / 295 + 23)', 'F1': '0.96 (2 * (0.93 * 1.0) / 0.93 + 1.0)', 'Specificity': '1.0 (522 / 522 + 0)', 'AUC': 0.96, 'r2': 0.88}
2023-05-29 00:15:27,218 [INFO] Save valid_prediction_log data...
2023-05-29 00:15:27,222 [INFO] {'Data': 'valid', 'ACC': '0.97 (212 / 218)', 'TP': 81, 'FP': 0, 'FN': 6, 'TN': 131, 'Precision': '1.0 (81 / 81 + 0)', 'Recall': '0.93 (81 / 81 + 6)', 'F1': '0.96 (2 * (0.93 * 1.0) / 0.93 + 1.0)', 'Specificity': '1.0 (131 / 131 + 0)', 'AUC': 0.97, 'r2': 0.89}
2023-05-29 00:15:27,282 [INFO] Save test_prediction_log data...
2023-05-29 00:15:27,287 [INFO] {'Data': 'test', 'ACC': '0.67 (147 / 218)', 'TP': 34, 'FP': 18, 'FN': 53, 'TN': 113, 'Precision': '0.65 (34 / 34 + 18)', 'Recall': '0.39 (34 / 34 + 53)', 'F1': '0.49 (2 * (0.39 * 0.65) / 0.39 + 0.65)', 'Specificity': '0.86 (113 / 113 + 18)', 'AUC': 0.63, 'r2': -0.36}
2023-05-29 00:15:27,292 [INFO] Save training_log data...
2023-05-29 00:15:27,299 [INFO] Save score_log data...
2023-05-29 00:15:27,300 [INFO] Time : 1561.965093612671
