2023-05-30 17:13:59,737 [INFO] Train data : Vary_params_BRAF_MK14\DUD-E\MK14\nG1_80\ECFP4_256bits\Robust\MK14_train_vector.tsv
2023-05-30 17:13:59,737 [INFO] Valid data : Vary_params_BRAF_MK14\DUD-E\MK14\nG1_80\ECFP4_256bits\Robust\MK14_valid_vector.tsv
2023-05-30 17:13:59,737 [INFO] Output path : Vary_params_BRAF_MK14\DUD-E\MK14\nG1_80\ECFP4_256bits\Robust\MK14_model\SVM
2023-05-30 17:13:59,737 [INFO] Model type : SVM
2023-05-30 17:13:59,738 [INFO] Use cores : 10
2023-05-30 17:13:59,762 [INFO] Start Learning model
2023-05-30 17:13:59,762 [INFO] Train : 871 | Valid : 225
2023-05-30 17:13:59,762 [INFO] Set parameters : {'kernel': ['linear', 'rbf'], 'C': [0.01, 0.1, 1, 10, 100, 1000], 'gamma': [0.01, 0.1, 1, 100, 1000]}
2023-05-30 17:14:06,730 [INFO] GridSearchCV results :
    mean_valid_accuracy  mean_valid_precision  mean_valid_auc
0              0.895520              0.844317        0.895185
20             0.895520              0.844317        0.895185
24             0.895520              0.844317        0.895185
26             0.895520              0.844317        0.895185
28             0.895520              0.844317        0.895185
32             0.895520              0.844317        0.895185
34             0.895520              0.844317        0.895185
36             0.895520              0.844317        0.895185
38             0.895520              0.844317        0.895185
40             0.895520              0.844317        0.895185
42             0.895520              0.844317        0.895185
44             0.895520              0.844317        0.895185
46             0.895520              0.844317        0.895185
48             0.895520              0.844317        0.895185
50             0.895520              0.844317        0.895185
52             0.895520              0.844317        0.895185
54             0.895520              0.844317        0.895185
56             0.895520              0.844317        0.895185
58             0.895520              0.844317        0.895185
22             0.895520              0.844317        0.895185
30             0.895520              0.844317        0.895185
10             0.895520              0.844317        0.895185
2              0.895520              0.844317        0.895185
18             0.895520              0.844317        0.895185
8              0.895520              0.844317        0.895185
16             0.895520              0.844317        0.895185
4              0.895520              0.844317        0.895185
12             0.895520              0.844317        0.895185
6              0.895520              0.844317        0.895185
14             0.895520              0.844317        0.895185
49             0.621121              0.000000        0.500000
9              0.621121              0.000000        0.500000
45             0.621121              0.000000        0.500000
47             0.621121              0.000000        0.500000
7              0.621121              0.000000        0.500000
21             0.621121              0.000000        0.500000
43             0.621121              0.000000        0.500000
5              0.621121              0.000000        0.500000
53             0.621121              0.000000        0.500000
55             0.621121              0.000000        0.500000
3              0.621121              0.000000        0.500000
57             0.621121              0.000000        0.500000
51             0.621121              0.000000        0.500000
11             0.621121              0.000000        0.500000
41             0.621121              0.000000        0.500000
19             0.621121              0.000000        0.500000
39             0.621121              0.000000        0.500000
37             0.621121              0.000000        0.500000
13             0.621121              0.000000        0.500000
35             0.621121              0.000000        0.500000
33             0.621121              0.000000        0.500000
15             0.621121              0.000000        0.500000
31             0.621121              0.000000        0.500000
1              0.621121              0.000000        0.500000
29             0.621121              0.000000        0.500000
27             0.621121              0.000000        0.500000
17             0.621121              0.000000        0.500000
25             0.621121              0.000000        0.500000
23             0.621121              0.000000        0.500000
59             0.621121              0.000000        0.500000
2023-05-30 17:14:06,732 [INFO] Best model :
SVC(C=0.01, gamma=0.01, kernel='linear', random_state=42)
2023-05-30 17:14:06,744 [INFO] Save train_prediction_log data...
2023-05-30 17:14:06,761 [INFO] {'Data': 'train', 'ACC': '1.0 (871 / 871)', 'TP': 330, 'FP': 0, 'FN': 0, 'TN': 541, 'Precision': '1.0 (330 / 330 + 0)', 'Recall': '1.0 (330 / 330 + 0)', 'F1': '1.0 (2 * (1.0 * 1.0) / 1.0 + 1.0)', 'Specificity': '1.0 (541 / 541 + 0)', 'AUC': 1.0, 'r2': 1.0}
2023-05-30 17:14:06,768 [INFO] Save valid_prediction_log data...
2023-05-30 17:14:06,771 [INFO] {'Data': 'valid', 'ACC': '0.9 (203 / 225)', 'TP': 85, 'FP': 17, 'FN': 5, 'TN': 118, 'Precision': '0.83 (85 / 85 + 17)', 'Recall': '0.94 (85 / 85 + 5)', 'F1': '0.88 (2 * (0.94 * 0.83) / 0.94 + 0.83)', 'Specificity': '0.87 (118 / 118 + 17)', 'AUC': 0.91, 'r2': 0.59}
2023-05-30 17:14:06,784 [INFO] Save test_prediction_log data...
2023-05-30 17:14:06,787 [INFO] {'Data': 'test', 'ACC': '0.65 (146 / 225)', 'TP': 60, 'FP': 49, 'FN': 30, 'TN': 86, 'Precision': '0.55 (60 / 60 + 49)', 'Recall': '0.67 (60 / 60 + 30)', 'F1': '0.6 (2 * (0.67 * 0.55) / 0.67 + 0.55)', 'Specificity': '0.64 (86 / 86 + 49)', 'AUC': 0.65, 'r2': -0.46}
2023-05-30 17:14:06,789 [INFO] Save training_log data...
2023-05-30 17:14:06,790 [INFO] Save score_log data...
2023-05-30 17:14:06,791 [INFO] Time : 7.053802490234375
