2023-05-28 21:42:09,609 [INFO] Train data : Vary_params_IGF1R_KIT\DUD-E\KIT\nG1_80\ECFP4_512bits\Robust\KIT_train_vector.tsv
2023-05-28 21:42:09,609 [INFO] Valid data : Vary_params_IGF1R_KIT\DUD-E\KIT\nG1_80\ECFP4_512bits\Robust\KIT_valid_vector.tsv
2023-05-28 21:42:09,609 [INFO] Output path : Vary_params_IGF1R_KIT\DUD-E\KIT\nG1_80\ECFP4_512bits\Robust\KIT_model\RF
2023-05-28 21:42:09,609 [INFO] Model type : RF
2023-05-28 21:42:09,609 [INFO] Use cores : 10
2023-05-28 21:42:09,632 [INFO] Start Learning model
2023-05-28 21:42:09,632 [INFO] Train : 202 | Valid : 58
2023-05-28 21:42:09,632 [INFO] Set parameters : {'max_depth': [6, 8, 10, 12], 'max_features': ['sqrt', 'log2'], 'min_samples_leaf': [2, 4, 8, 10], 'min_samples_split': [2, 4, 8, 10], 'n_estimators': [200, 600, 1000]}
2023-05-28 21:47:15,500 [INFO] GridSearchCV results :
     mean_valid_accuracy  mean_valid_precision  mean_valid_auc
0               0.955238                 1.000        0.929762
206             0.950476                 1.000        0.922619
194             0.960238                 1.000        0.938095
195             0.960238                 1.000        0.938095
196             0.960238                 1.000        0.938095
..                   ...                   ...             ...
41              0.935714                 0.975        0.908333
42              0.935714                 0.975        0.908333
217             0.940476                 0.975        0.915476
239             0.935714                 0.975        0.908333
238             0.935714                 0.975        0.908333

[384 rows x 3 columns]
2023-05-28 21:47:15,501 [INFO] Best model :
RandomForestClassifier(class_weight='balanced', max_depth=6, min_samples_leaf=2,
                       n_estimators=200, random_state=42)
2023-05-28 21:47:15,516 [INFO] Save train_prediction_log data...
2023-05-28 21:47:15,519 [INFO] {'Data': 'train', 'ACC': '1.0 (201 / 202)', 'TP': 62, 'FP': 0, 'FN': 1, 'TN': 139, 'Precision': '1.0 (62 / 62 + 0)', 'Recall': '0.98 (62 / 62 + 1)', 'F1': '0.99 (2 * (0.98 * 1.0) / 0.98 + 1.0)', 'Specificity': '1.0 (139 / 139 + 0)', 'AUC': 0.99, 'r2': 0.98}
2023-05-28 21:47:15,530 [INFO] Save valid_prediction_log data...
2023-05-28 21:47:15,532 [INFO] {'Data': 'valid', 'ACC': '0.98 (57 / 58)', 'TP': 23, 'FP': 1, 'FN': 0, 'TN': 34, 'Precision': '0.96 (23 / 23 + 1)', 'Recall': '1.0 (23 / 23 + 0)', 'F1': '0.98 (2 * (1.0 * 0.96) / 1.0 + 0.96)', 'Specificity': '0.97 (34 / 34 + 1)', 'AUC': 0.99, 'r2': 0.93}
2023-05-28 21:47:15,553 [INFO] Save test_prediction_log data...
2023-05-28 21:47:15,555 [INFO] {'Data': 'test', 'ACC': '0.71 (41 / 58)', 'TP': 10, 'FP': 4, 'FN': 13, 'TN': 31, 'Precision': '0.71 (10 / 10 + 4)', 'Recall': '0.43 (10 / 10 + 13)', 'F1': '0.54 (2 * (0.43 * 0.71) / 0.43 + 0.71)', 'Specificity': '0.89 (31 / 31 + 4)', 'AUC': 0.66, 'r2': -0.22}
2023-05-28 21:47:15,589 [INFO] Save training_log data...
2023-05-28 21:47:15,591 [INFO] Save score_log data...
2023-05-28 21:47:15,592 [INFO] Time : 305.9832389354706
