2023-05-27 15:40:41,071 [INFO] Train data : Vary_params_A\DUD-E\JAK2\nG1_50\ECFP6_512bits\MinMax\JAK2_train_vector.tsv
2023-05-27 15:40:41,071 [INFO] Valid data : Vary_params_A\DUD-E\JAK2\nG1_50\ECFP6_512bits\MinMax\JAK2_valid_vector.tsv
2023-05-27 15:40:41,071 [INFO] Output path : Vary_params_A\DUD-E\JAK2\nG1_50\ECFP6_512bits\MinMax\JAK2_model\MLP
2023-05-27 15:40:41,071 [INFO] Model type : MLP
2023-05-27 15:40:41,071 [INFO] Use cores : 3
2023-05-27 15:40:41,105 [INFO] Start Learning model
2023-05-27 15:40:41,105 [INFO] Train : 112 | Valid : 28
2023-05-27 15:40:41,105 [INFO] Set parameters : {'hidden_layer_sizes': [(50,), (100,), (50, 50), (100, 100)], 'learning_rate': ['constant', 'invscaling', 'adaptive'], 'activation': ['relu', 'identity', 'logistic', 'tanh'], 'solver': ['adam', 'sgd', 'lbfgs'], 'alpha': [0.1, 0.01, 0.001], 'max_iter': [500, 1000], 'early_stopping': [True]}
2023-05-27 15:48:52,288 [INFO] GridSearchCV results :
     mean_valid_accuracy  mean_valid_precision  mean_valid_auc
138             0.937879                  0.98        0.932857
213             0.937879                  0.98        0.932857
54              0.937879                  0.98        0.932857
207             0.937879                  0.98        0.932857
57              0.937879                  0.98        0.932857
..                   ...                   ...             ...
208             0.598485                  0.00        0.500000
205             0.598485                  0.00        0.500000
202             0.598485                  0.00        0.500000
541             0.598485                  0.00        0.500000
451             0.598485                  0.00        0.500000

[864 rows x 3 columns]
2023-05-27 15:48:52,290 [INFO] Best model :
MLPClassifier(alpha=0.1, early_stopping=True, hidden_layer_sizes=(100, 100),
              max_iter=500, random_state=42)
2023-05-27 15:48:52,297 [INFO] Save train_prediction_log data...
2023-05-27 15:48:52,302 [INFO] {'Data': 'train', 'ACC': '0.99 (111 / 112)', 'TP': 44, 'FP': 0, 'FN': 1, 'TN': 67, 'Precision': '1.0 (44 / 44 + 0)', 'Recall': '0.98 (44 / 44 + 1)', 'F1': '0.99 (2 * (0.98 * 1.0) / 0.98 + 1.0)', 'Specificity': '1.0 (67 / 67 + 0)', 'AUC': 0.99, 'r2': 0.96}
2023-05-27 15:48:52,309 [INFO] Save valid_prediction_log data...
2023-05-27 15:48:52,312 [INFO] {'Data': 'valid', 'ACC': '1.0 (28 / 28)', 'TP': 11, 'FP': 0, 'FN': 0, 'TN': 17, 'Precision': '1.0 (11 / 11 + 0)', 'Recall': '1.0 (11 / 11 + 0)', 'F1': '1.0 (2 * (1.0 * 1.0) / 1.0 + 1.0)', 'Specificity': '1.0 (17 / 17 + 0)', 'AUC': 1.0, 'r2': 1.0}
2023-05-27 15:48:52,334 [INFO] Save test_prediction_log data...
2023-05-27 15:48:52,338 [INFO] {'Data': 'test', 'ACC': '0.61 (17 / 28)', 'TP': 1, 'FP': 1, 'FN': 10, 'TN': 16, 'Precision': '0.5 (1 / 1 + 1)', 'Recall': '0.09 (1 / 1 + 10)', 'F1': '0.15 (2 * (0.09 * 0.5) / 0.09 + 0.5)', 'Specificity': '0.94 (16 / 16 + 1)', 'AUC': 0.52, 'r2': -0.65}
2023-05-27 15:48:52,343 [INFO] Save training_log data...
2023-05-27 15:48:52,576 [INFO] Save score_log data...
2023-05-27 15:48:52,579 [INFO] Time : 491.50745368003845
