2023-05-29 04:24:25,457 [INFO] Train data : Vary_params_BRAF_MK14\DUD-E\BRAF\nG1_20\ECFP6_512bits\Robust\BRAF_train_vector.tsv
2023-05-29 04:24:25,457 [INFO] Valid data : Vary_params_BRAF_MK14\DUD-E\BRAF\nG1_20\ECFP6_512bits\Robust\BRAF_valid_vector.tsv
2023-05-29 04:24:25,457 [INFO] Output path : Vary_params_BRAF_MK14\DUD-E\BRAF\nG1_20\ECFP6_512bits\Robust\BRAF_model\MLP
2023-05-29 04:24:25,457 [INFO] Model type : MLP
2023-05-29 04:24:25,457 [INFO] Use cores : 12
2023-05-29 04:24:25,484 [INFO] Start Learning model
2023-05-29 04:24:25,484 [INFO] Train : 231 | Valid : 50
2023-05-29 04:24:25,484 [INFO] Set parameters : {'hidden_layer_sizes': [(50,), (100,), (50, 50), (100, 100)], 'learning_rate': ['constant', 'invscaling', 'adaptive'], 'activation': ['relu', 'identity', 'logistic', 'tanh'], 'solver': ['adam', 'sgd', 'lbfgs'], 'alpha': [0.1, 0.01, 0.001], 'max_iter': [500, 1000], 'early_stopping': [True]}
2023-05-29 04:31:01,540 [INFO] GridSearchCV results :
     mean_valid_accuracy  mean_valid_precision  mean_valid_auc
758             0.969746              0.991667        0.968561
845             0.969746              0.991667        0.968561
836             0.969746              0.991667        0.968561
839             0.969746              0.991667        0.968561
842             0.969746              0.991667        0.968561
..                   ...                   ...             ...
493             0.523732              0.000000        0.500000
496             0.523732              0.000000        0.500000
646             0.523732              0.000000        0.500000
499             0.523732              0.000000        0.500000
546             0.523732              0.000000        0.500000

[864 rows x 3 columns]
2023-05-29 04:31:01,542 [INFO] Best model :
MLPClassifier(activation='tanh', alpha=0.01, early_stopping=True,
              hidden_layer_sizes=(50, 50), max_iter=500, random_state=42,
              solver='lbfgs')
2023-05-29 04:31:01,547 [INFO] Save train_prediction_log data...
2023-05-29 04:31:01,551 [INFO] {'Data': 'train', 'ACC': '1.0 (231 / 231)', 'TP': 110, 'FP': 0, 'FN': 0, 'TN': 121, 'Precision': '1.0 (110 / 110 + 0)', 'Recall': '1.0 (110 / 110 + 0)', 'F1': '1.0 (2 * (1.0 * 1.0) / 1.0 + 1.0)', 'Specificity': '1.0 (121 / 121 + 0)', 'AUC': 1.0, 'r2': 1.0}
2023-05-29 04:31:01,557 [INFO] Save valid_prediction_log data...
2023-05-29 04:31:01,925 [INFO] {'Data': 'valid', 'ACC': '0.98 (49 / 50)', 'TP': 20, 'FP': 1, 'FN': 0, 'TN': 29, 'Precision': '0.95 (20 / 20 + 1)', 'Recall': '1.0 (20 / 20 + 0)', 'F1': '0.97 (2 * (1.0 * 0.95) / 1.0 + 0.95)', 'Specificity': '0.97 (29 / 29 + 1)', 'AUC': 0.98, 'r2': 0.92}
2023-05-29 04:31:01,942 [INFO] Save test_prediction_log data...
2023-05-29 04:31:01,944 [INFO] {'Data': 'test', 'ACC': '0.64 (32 / 50)', 'TP': 8, 'FP': 6, 'FN': 12, 'TN': 24, 'Precision': '0.57 (8 / 8 + 6)', 'Recall': '0.4 (8 / 8 + 12)', 'F1': '0.47 (2 * (0.4 * 0.57) / 0.4 + 0.57)', 'Specificity': '0.8 (24 / 24 + 6)', 'AUC': 0.6, 'r2': -0.5}
2023-05-29 04:31:01,946 [INFO] Save training_log data...
2023-05-29 04:31:01,964 [INFO] Save score_log data...
2023-05-29 04:31:01,965 [INFO] Time : 396.50841069221497
