2023-05-26 23:43:40,456 [INFO] Train data : Vary_params\DUD-E\MET\nG1_50\ECFP4_256bits\Standard\MET_train_vector.tsv
2023-05-26 23:43:40,456 [INFO] Valid data : Vary_params\DUD-E\MET\nG1_50\ECFP4_256bits\Standard\MET_valid_vector.tsv
2023-05-26 23:43:40,457 [INFO] Output path : Vary_params\DUD-E\MET\nG1_50\ECFP4_256bits\Standard\MET_model\RF
2023-05-26 23:43:40,457 [INFO] Model type : RF
2023-05-26 23:43:40,457 [INFO] Use cores : 10
2023-05-26 23:43:40,492 [INFO] Start Learning model
2023-05-26 23:43:40,493 [INFO] Train : 196 | Valid : 49
2023-05-26 23:43:40,493 [INFO] Set parameters : {'max_depth': [6, 8, 10, 12], 'max_features': ['sqrt', 'log2'], 'min_samples_leaf': [2, 4, 8, 10], 'min_samples_split': [2, 4, 8, 10], 'n_estimators': [200, 600, 1000]}
2023-05-26 23:48:24,324 [INFO] GridSearchCV results :
     mean_valid_accuracy  mean_valid_precision  mean_valid_auc
0               0.954737              1.000000        0.943750
244             0.949737              1.000000        0.937500
252             0.944737              1.000000        0.931250
251             0.949737              1.000000        0.937500
250             0.949737              1.000000        0.937500
..                   ...                   ...             ...
335             0.919737              0.983333        0.902083
334             0.919737              0.983333        0.902083
333             0.919737              0.983333        0.902083
332             0.919737              0.983333        0.902083
47              0.919737              0.983333        0.902083

[384 rows x 3 columns]
2023-05-26 23:48:24,325 [INFO] Best model :
RandomForestClassifier(class_weight='balanced', max_depth=6, min_samples_leaf=2,
                       n_estimators=200, random_state=42)
2023-05-26 23:48:24,338 [INFO] Save train_prediction_log data...
2023-05-26 23:48:24,341 [INFO] {'Data': 'train', 'ACC': '0.99 (195 / 196)', 'TP': 77, 'FP': 0, 'FN': 1, 'TN': 118, 'Precision': '1.0 (77 / 77 + 0)', 'Recall': '0.99 (77 / 77 + 1)', 'F1': '0.99 (2 * (0.99 * 1.0) / 0.99 + 1.0)', 'Specificity': '1.0 (118 / 118 + 0)', 'AUC': 0.99, 'r2': 0.98}
2023-05-26 23:48:24,351 [INFO] Save valid_prediction_log data...
2023-05-26 23:48:24,353 [INFO] {'Data': 'valid', 'ACC': '1.0 (49 / 49)', 'TP': 20, 'FP': 0, 'FN': 0, 'TN': 29, 'Precision': '1.0 (20 / 20 + 0)', 'Recall': '1.0 (20 / 20 + 0)', 'F1': '1.0 (2 * (1.0 * 1.0) / 1.0 + 1.0)', 'Specificity': '1.0 (29 / 29 + 0)', 'AUC': 1.0, 'r2': 1.0}
2023-05-26 23:48:24,382 [INFO] Save test_prediction_log data...
2023-05-26 23:48:24,385 [INFO] {'Data': 'test', 'ACC': '0.61 (30 / 49)', 'TP': 3, 'FP': 2, 'FN': 17, 'TN': 27, 'Precision': '0.6 (3 / 3 + 2)', 'Recall': '0.15 (3 / 3 + 17)', 'F1': '0.24 (2 * (0.15 * 0.6) / 0.15 + 0.6)', 'Specificity': '0.93 (27 / 27 + 2)', 'AUC': 0.54, 'r2': -0.61}
2023-05-26 23:48:24,419 [INFO] Save training_log data...
2023-05-26 23:48:24,421 [INFO] Save score_log data...
2023-05-26 23:48:24,422 [INFO] Time : 283.9664099216461
