2023-05-28 03:35:05,849 [INFO] Train data : Vary_params_IGF1R_KIT\DUD-E\IGF1R\nG1_20\ECFP4_512bits\MinMax\IGF1R_train_vector.tsv
2023-05-28 03:35:05,849 [INFO] Valid data : Vary_params_IGF1R_KIT\DUD-E\IGF1R\nG1_20\ECFP4_512bits\MinMax\IGF1R_valid_vector.tsv
2023-05-28 03:35:05,849 [INFO] Output path : Vary_params_IGF1R_KIT\DUD-E\IGF1R\nG1_20\ECFP4_512bits\MinMax\IGF1R_model\SVM
2023-05-28 03:35:05,849 [INFO] Model type : SVM
2023-05-28 03:35:05,849 [INFO] Use cores : 10
2023-05-28 03:35:05,872 [INFO] Start Learning model
2023-05-28 03:35:05,872 [INFO] Train : 226 | Valid : 49
2023-05-28 03:35:05,872 [INFO] Set parameters : {'kernel': ['linear', 'rbf'], 'C': [0.01, 0.1, 1, 10, 100, 1000], 'gamma': [0.01, 0.1, 1, 100, 1000]}
2023-05-28 03:35:08,653 [INFO] GridSearchCV results :
    mean_valid_accuracy  mean_valid_precision  mean_valid_auc
0              0.969565              1.000000        0.968182
53             0.885968              1.000000        0.881818
33             0.885968              1.000000        0.881818
23             0.877075              1.000000        0.872273
21             0.969565              1.000000        0.968182
41             0.969565              1.000000        0.968182
43             0.885968              1.000000        0.881818
51             0.969565              1.000000        0.968182
31             0.969565              1.000000        0.968182
8              0.969565              1.000000        0.968182
2              0.969565              1.000000        0.968182
6              0.969565              1.000000        0.968182
4              0.969565              1.000000        0.968182
40             0.969368              0.991667        0.968182
32             0.969368              0.991667        0.968182
34             0.969368              0.991667        0.968182
58             0.969368              0.991667        0.968182
36             0.969368              0.991667        0.968182
38             0.969368              0.991667        0.968182
56             0.969368              0.991667        0.968182
52             0.969368              0.991667        0.968182
42             0.969368              0.991667        0.968182
44             0.969368              0.991667        0.968182
28             0.969368              0.991667        0.968182
48             0.969368              0.991667        0.968182
50             0.969368              0.991667        0.968182
54             0.969368              0.991667        0.968182
46             0.969368              0.991667        0.968182
30             0.969368              0.991667        0.968182
20             0.969368              0.991667        0.968182
14             0.969368              0.991667        0.968182
26             0.969368              0.991667        0.968182
12             0.969368              0.991667        0.968182
24             0.969368              0.991667        0.968182
22             0.969368              0.991667        0.968182
16             0.969368              0.991667        0.968182
10             0.969368              0.991667        0.968182
18             0.969368              0.991667        0.968182
11             0.601976              0.800000        0.585000
9              0.522134              0.000000        0.500000
29             0.522134              0.000000        0.500000
7              0.522134              0.000000        0.500000
13             0.522134              0.000000        0.500000
55             0.522134              0.000000        0.500000
5              0.522134              0.000000        0.500000
57             0.522134              0.000000        0.500000
3              0.522134              0.000000        0.500000
49             0.522134              0.000000        0.500000
15             0.522134              0.000000        0.500000
47             0.522134              0.000000        0.500000
45             0.522134              0.000000        0.500000
1              0.522134              0.000000        0.500000
17             0.522134              0.000000        0.500000
19             0.522134              0.000000        0.500000
39             0.522134              0.000000        0.500000
37             0.522134              0.000000        0.500000
35             0.522134              0.000000        0.500000
25             0.522134              0.000000        0.500000
27             0.522134              0.000000        0.500000
59             0.522134              0.000000        0.500000
2023-05-28 03:35:08,654 [INFO] Best model :
SVC(C=0.01, gamma=0.01, kernel='linear', random_state=42)
2023-05-28 03:35:08,661 [INFO] Save train_prediction_log data...
2023-05-28 03:35:08,664 [INFO] {'Data': 'train', 'ACC': '0.99 (223 / 226)', 'TP': 105, 'FP': 0, 'FN': 3, 'TN': 118, 'Precision': '1.0 (105 / 105 + 0)', 'Recall': '0.97 (105 / 105 + 3)', 'F1': '0.98 (2 * (0.97 * 1.0) / 0.97 + 1.0)', 'Specificity': '1.0 (118 / 118 + 0)', 'AUC': 0.99, 'r2': 0.95}
2023-05-28 03:35:08,669 [INFO] Save valid_prediction_log data...
2023-05-28 03:35:08,670 [INFO] {'Data': 'valid', 'ACC': '1.0 (49 / 49)', 'TP': 20, 'FP': 0, 'FN': 0, 'TN': 29, 'Precision': '1.0 (20 / 20 + 0)', 'Recall': '1.0 (20 / 20 + 0)', 'F1': '1.0 (2 * (1.0 * 1.0) / 1.0 + 1.0)', 'Specificity': '1.0 (29 / 29 + 0)', 'AUC': 1.0, 'r2': 1.0}
2023-05-28 03:35:08,684 [INFO] Save test_prediction_log data...
2023-05-28 03:35:08,686 [INFO] {'Data': 'test', 'ACC': '0.71 (35 / 49)', 'TP': 7, 'FP': 1, 'FN': 13, 'TN': 28, 'Precision': '0.88 (7 / 7 + 1)', 'Recall': '0.35 (7 / 7 + 13)', 'F1': '0.5 (2 * (0.35 * 0.88) / 0.35 + 0.88)', 'Specificity': '0.97 (28 / 28 + 1)', 'AUC': 0.66, 'r2': -0.18}
2023-05-28 03:35:08,688 [INFO] Save training_log data...
2023-05-28 03:35:08,689 [INFO] Save score_log data...
2023-05-28 03:35:08,690 [INFO] Time : 2.840402364730835
