2023-05-30 05:19:18,848 [INFO] Train data : Vary_params_BRAF_MK14\DUD-E\MK14\nG1_50\ECFP4_256bits\Standard\MK14_train_vector.tsv
2023-05-30 05:19:18,848 [INFO] Valid data : Vary_params_BRAF_MK14\DUD-E\MK14\nG1_50\ECFP4_256bits\Standard\MK14_valid_vector.tsv
2023-05-30 05:19:18,848 [INFO] Output path : Vary_params_BRAF_MK14\DUD-E\MK14\nG1_50\ECFP4_256bits\Standard\MK14_model\MLP
2023-05-30 05:19:18,848 [INFO] Model type : MLP
2023-05-30 05:19:18,848 [INFO] Use cores : 10
2023-05-30 05:19:18,897 [INFO] Start Learning model
2023-05-30 05:19:18,897 [INFO] Train : 901 | Valid : 225
2023-05-30 05:19:18,898 [INFO] Set parameters : {'hidden_layer_sizes': [(50,), (100,), (50, 50), (100, 100)], 'learning_rate': ['constant', 'invscaling', 'adaptive'], 'activation': ['relu', 'identity', 'logistic', 'tanh'], 'solver': ['adam', 'sgd', 'lbfgs'], 'alpha': [0.1, 0.01, 0.001], 'max_iter': [500, 1000], 'early_stopping': [True]}
2023-05-30 05:25:37,591 [INFO] GridSearchCV results :
     mean_valid_accuracy  mean_valid_precision  mean_valid_auc
645             0.951197              0.965603        0.944461
636             0.951197              0.965603        0.944461
633             0.951197              0.965603        0.944461
642             0.951197              0.965603        0.944461
573             0.951197              0.965603        0.944461
..                   ...                   ...             ...
532             0.600440              0.000000        0.500000
454             0.600440              0.000000        0.500000
451             0.600440              0.000000        0.500000
538             0.600440              0.000000        0.500000
535             0.600440              0.000000        0.500000

[864 rows x 3 columns]
2023-05-30 05:25:37,592 [INFO] Best model :
MLPClassifier(activation='logistic', alpha=0.01, early_stopping=True,
              hidden_layer_sizes=(100, 100), max_iter=500, random_state=42)
2023-05-30 05:25:37,618 [INFO] Save train_prediction_log data...
2023-05-30 05:25:37,624 [INFO] {'Data': 'train', 'ACC': '0.98 (880 / 901)', 'TP': 347, 'FP': 8, 'FN': 13, 'TN': 533, 'Precision': '0.98 (347 / 347 + 8)', 'Recall': '0.96 (347 / 347 + 13)', 'F1': '0.97 (2 * (0.96 * 0.98) / 0.96 + 0.98)', 'Specificity': '0.99 (533 / 533 + 8)', 'AUC': 0.97, 'r2': 0.9}
2023-05-30 05:25:37,631 [INFO] Save valid_prediction_log data...
2023-05-30 05:25:37,634 [INFO] {'Data': 'valid', 'ACC': '0.96 (217 / 225)', 'TP': 89, 'FP': 7, 'FN': 1, 'TN': 128, 'Precision': '0.93 (89 / 89 + 7)', 'Recall': '0.99 (89 / 89 + 1)', 'F1': '0.96 (2 * (0.99 * 0.93) / 0.99 + 0.93)', 'Specificity': '0.95 (128 / 128 + 7)', 'AUC': 0.97, 'r2': 0.85}
2023-05-30 05:25:37,653 [INFO] Save test_prediction_log data...
2023-05-30 05:25:37,656 [INFO] {'Data': 'test', 'ACC': '0.66 (148 / 225)', 'TP': 66, 'FP': 53, 'FN': 24, 'TN': 82, 'Precision': '0.55 (66 / 66 + 53)', 'Recall': '0.73 (66 / 66 + 24)', 'F1': '0.63 (2 * (0.73 * 0.55) / 0.73 + 0.55)', 'Specificity': '0.61 (82 / 82 + 53)', 'AUC': 0.67, 'r2': -0.43}
2023-05-30 05:25:37,678 [INFO] Save training_log data...
2023-05-30 05:25:37,682 [INFO] Save score_log data...
2023-05-30 05:25:37,683 [INFO] Time : 378.835346698761
