2023-05-28 19:19:14,182 [INFO] Train data : Vary_params_A\DUD-E\MK10\nG1_50\ECFP6_512bits\Robust\MK10_train_vector.tsv
2023-05-28 19:19:14,182 [INFO] Valid data : Vary_params_A\DUD-E\MK10\nG1_50\ECFP6_512bits\Robust\MK10_valid_vector.tsv
2023-05-28 19:19:14,182 [INFO] Output path : Vary_params_A\DUD-E\MK10\nG1_50\ECFP6_512bits\Robust\MK10_model\MLP
2023-05-28 19:19:14,182 [INFO] Model type : MLP
2023-05-28 19:19:14,182 [INFO] Use cores : 3
2023-05-28 19:19:14,217 [INFO] Start Learning model
2023-05-28 19:19:14,217 [INFO] Train : 104 | Valid : 26
2023-05-28 19:19:14,217 [INFO] Set parameters : {'hidden_layer_sizes': [(50,), (100,), (50, 50), (100, 100)], 'learning_rate': ['constant', 'invscaling', 'adaptive'], 'activation': ['relu', 'identity', 'logistic', 'tanh'], 'solver': ['adam', 'sgd', 'lbfgs'], 'alpha': [0.1, 0.01, 0.001], 'max_iter': [500, 1000], 'early_stopping': [True]}
2023-05-28 19:30:42,171 [INFO] GridSearchCV results :
     mean_valid_accuracy  mean_valid_precision  mean_valid_auc
41              0.951818              0.926667        0.956667
38              0.951818              0.926667        0.956667
47              0.951818              0.926667        0.956667
50              0.951818              0.926667        0.956667
53              0.951818              0.926667        0.956667
..                   ...                   ...             ...
616             0.596364              0.000000        0.500000
499             0.596364              0.000000        0.500000
624             0.596364              0.000000        0.500000
544             0.596364              0.000000        0.500000
483             0.596364              0.000000        0.500000

[864 rows x 3 columns]
2023-05-28 19:30:42,173 [INFO] Best model :
MLPClassifier(alpha=0.1, early_stopping=True, hidden_layer_sizes=(50, 50),
              max_iter=500, random_state=42, solver='lbfgs')
2023-05-28 19:30:42,180 [INFO] Save train_prediction_log data...
2023-05-28 19:30:42,185 [INFO] {'Data': 'train', 'ACC': '1.0 (104 / 104)', 'TP': 42, 'FP': 0, 'FN': 0, 'TN': 62, 'Precision': '1.0 (42 / 42 + 0)', 'Recall': '1.0 (42 / 42 + 0)', 'F1': '1.0 (2 * (1.0 * 1.0) / 1.0 + 1.0)', 'Specificity': '1.0 (62 / 62 + 0)', 'AUC': 1.0, 'r2': 1.0}
2023-05-28 19:30:42,192 [INFO] Save valid_prediction_log data...
2023-05-28 19:30:42,195 [INFO] {'Data': 'valid', 'ACC': '0.96 (25 / 26)', 'TP': 10, 'FP': 1, 'FN': 0, 'TN': 15, 'Precision': '0.91 (10 / 10 + 1)', 'Recall': '1.0 (10 / 10 + 0)', 'F1': '0.95 (2 * (1.0 * 0.91) / 1.0 + 0.91)', 'Specificity': '0.94 (15 / 15 + 1)', 'AUC': 0.97, 'r2': 0.84}
2023-05-28 19:30:42,216 [INFO] Save test_prediction_log data...
2023-05-28 19:30:42,220 [INFO] {'Data': 'test', 'ACC': '0.81 (21 / 26)', 'TP': 5, 'FP': 0, 'FN': 5, 'TN': 16, 'Precision': '1.0 (5 / 5 + 0)', 'Recall': '0.5 (5 / 5 + 5)', 'F1': '0.67 (2 * (0.5 * 1.0) / 0.5 + 1.0)', 'Specificity': '1.0 (16 / 16 + 0)', 'AUC': 0.75, 'r2': 0.19}
2023-05-28 19:30:42,223 [INFO] Save training_log data...
2023-05-28 19:30:42,230 [INFO] Save score_log data...
2023-05-28 19:30:42,232 [INFO] Time : 688.0494043827057
