2023-05-27 12:35:25,078 [INFO] Train data : Vary_params_CDK2_EGFR_LCK\DUD-E\CDK2\nG1_20\ECFP4_256bits\Standard\CDK2_train_vector.tsv
2023-05-27 12:35:25,078 [INFO] Valid data : Vary_params_CDK2_EGFR_LCK\DUD-E\CDK2\nG1_20\ECFP4_256bits\Standard\CDK2_valid_vector.tsv
2023-05-27 12:35:25,078 [INFO] Output path : Vary_params_CDK2_EGFR_LCK\DUD-E\CDK2\nG1_20\ECFP4_256bits\Standard\CDK2_model\SVM
2023-05-27 12:35:25,078 [INFO] Model type : SVM
2023-05-27 12:35:25,079 [INFO] Use cores : 19
2023-05-27 12:35:25,130 [INFO] Start Learning model
2023-05-27 12:35:25,130 [INFO] Train : 878 | Valid : 212
2023-05-27 12:35:25,130 [INFO] Set parameters : {'kernel': ['linear', 'rbf'], 'C': [0.01, 0.1, 1, 10, 100, 1000], 'gamma': [0.01, 0.1, 1, 100, 1000]}
2023-05-27 12:35:30,293 [INFO] GridSearchCV results :
    mean_valid_accuracy  mean_valid_precision  mean_valid_auc
31             0.913493              0.997143        0.897518
51             0.913493              0.997143        0.897518
41             0.913493              0.997143        0.897518
21             0.905525              0.997059        0.888059
0              0.897466              0.874146        0.896457
2              0.897466              0.874146        0.896457
4              0.897466              0.874146        0.896457
6              0.897466              0.874146        0.896457
8              0.897466              0.874146        0.896457
42             0.859835              0.815427        0.861354
32             0.859835              0.815427        0.861354
34             0.859835              0.815427        0.861354
36             0.859835              0.815427        0.861354
38             0.859835              0.815427        0.861354
40             0.859835              0.815427        0.861354
48             0.859835              0.815427        0.861354
44             0.859835              0.815427        0.861354
46             0.859835              0.815427        0.861354
26             0.859835              0.815427        0.861354
50             0.859835              0.815427        0.861354
52             0.859835              0.815427        0.861354
54             0.859835              0.815427        0.861354
56             0.859835              0.815427        0.861354
58             0.859835              0.815427        0.861354
28             0.859835              0.815427        0.861354
30             0.859835              0.815427        0.861354
24             0.859835              0.815427        0.861354
22             0.859835              0.815427        0.861354
20             0.859835              0.815427        0.861354
18             0.858673              0.813807        0.860335
14             0.858673              0.813807        0.860335
12             0.858673              0.813807        0.860335
16             0.858673              0.813807        0.860335
10             0.858673              0.813807        0.860335
25             0.579728              0.000000        0.500000
49             0.579728              0.000000        0.500000
11             0.579728              0.000000        0.500000
53             0.579728              0.000000        0.500000
9              0.579728              0.000000        0.500000
13             0.579728              0.000000        0.500000
7              0.579728              0.000000        0.500000
55             0.579728              0.000000        0.500000
5              0.579728              0.000000        0.500000
57             0.579728              0.000000        0.500000
3              0.579728              0.000000        0.500000
47             0.579728              0.000000        0.500000
43             0.579728              0.000000        0.500000
45             0.579728              0.000000        0.500000
27             0.579728              0.000000        0.500000
15             0.579728              0.000000        0.500000
17             0.579728              0.000000        0.500000
39             0.579728              0.000000        0.500000
37             0.579728              0.000000        0.500000
19             0.579728              0.000000        0.500000
35             0.579728              0.000000        0.500000
33             0.579728              0.000000        0.500000
23             0.579728              0.000000        0.500000
1              0.579728              0.000000        0.500000
29             0.579728              0.000000        0.500000
59             0.579728              0.000000        0.500000
2023-05-27 12:35:30,294 [INFO] Best model :
SVC(C=10, gamma=0.01, random_state=42)
2023-05-27 12:35:30,363 [INFO] Save train_prediction_log data...
2023-05-27 12:35:30,366 [INFO] {'Data': 'train', 'ACC': '1.0 (878 / 878)', 'TP': 369, 'FP': 0, 'FN': 0, 'TN': 509, 'Precision': '1.0 (369 / 369 + 0)', 'Recall': '1.0 (369 / 369 + 0)', 'F1': '1.0 (2 * (1.0 * 1.0) / 1.0 + 1.0)', 'Specificity': '1.0 (509 / 509 + 0)', 'AUC': 1.0, 'r2': 1.0}
2023-05-27 12:35:30,386 [INFO] Save valid_prediction_log data...
2023-05-27 12:35:30,388 [INFO] {'Data': 'valid', 'ACC': '1.0 (211 / 212)', 'TP': 84, 'FP': 0, 'FN': 1, 'TN': 127, 'Precision': '1.0 (84 / 84 + 0)', 'Recall': '0.99 (84 / 84 + 1)', 'F1': '0.99 (2 * (0.99 * 1.0) / 0.99 + 1.0)', 'Specificity': '1.0 (127 / 127 + 0)', 'AUC': 0.99, 'r2': 0.98}
2023-05-27 12:35:30,417 [INFO] Save test_prediction_log data...
2023-05-27 12:35:30,419 [INFO] {'Data': 'test', 'ACC': '0.66 (140 / 212)', 'TP': 40, 'FP': 27, 'FN': 45, 'TN': 100, 'Precision': '0.6 (40 / 40 + 27)', 'Recall': '0.47 (40 / 40 + 45)', 'F1': '0.53 (2 * (0.47 * 0.6) / 0.47 + 0.6)', 'Specificity': '0.79 (100 / 100 + 27)', 'AUC': 0.63, 'r2': -0.41}
2023-05-27 12:35:30,421 [INFO] Save training_log data...
2023-05-27 12:35:30,424 [INFO] Save score_log data...
2023-05-27 12:35:30,425 [INFO] Time : 5.346152305603027
