2023-05-28 19:05:31,989 [INFO] Train data : Vary_params_CDK2_EGFR_LCK\DUD-E\EGFR\nG1_50\ECFP6_512bits\MinMax\EGFR_train_vector.tsv
2023-05-28 19:05:31,989 [INFO] Valid data : Vary_params_CDK2_EGFR_LCK\DUD-E\EGFR\nG1_50\ECFP6_512bits\MinMax\EGFR_valid_vector.tsv
2023-05-28 19:05:31,989 [INFO] Output path : Vary_params_CDK2_EGFR_LCK\DUD-E\EGFR\nG1_50\ECFP6_512bits\MinMax\EGFR_model\MLP
2023-05-28 19:05:31,989 [INFO] Model type : MLP
2023-05-28 19:05:31,989 [INFO] Use cores : 19
2023-05-28 19:05:32,028 [INFO] Start Learning model
2023-05-28 19:05:32,028 [INFO] Train : 870 | Valid : 218
2023-05-28 19:05:32,028 [INFO] Set parameters : {'hidden_layer_sizes': [(50,), (100,), (50, 50), (100, 100)], 'learning_rate': ['constant', 'invscaling', 'adaptive'], 'activation': ['relu', 'identity', 'logistic', 'tanh'], 'solver': ['adam', 'sgd', 'lbfgs'], 'alpha': [0.1, 0.01, 0.001], 'max_iter': [500, 1000], 'early_stopping': [True]}
2023-05-28 19:11:22,075 [INFO] GridSearchCV results :
     mean_valid_accuracy  mean_valid_precision  mean_valid_auc
459              0.94023              0.994113        0.926456
537              0.93908              0.994113        0.925028
453              0.94023              0.994113        0.926456
456              0.94023              0.994113        0.926456
594              0.93908              0.994113        0.925028
..                   ...                   ...             ...
637              0.60000              0.000000        0.500000
634              0.60000              0.000000        0.500000
631              0.60000              0.000000        0.500000
628              0.60000              0.000000        0.500000
547              0.60000              0.000000        0.500000

[864 rows x 3 columns]
2023-05-28 19:11:22,076 [INFO] Best model :
MLPClassifier(activation='logistic', alpha=0.1, early_stopping=True,
              max_iter=500, random_state=42)
2023-05-28 19:11:22,088 [INFO] Save train_prediction_log data...
2023-05-28 19:11:22,091 [INFO] {'Data': 'train', 'ACC': '0.97 (847 / 870)', 'TP': 328, 'FP': 3, 'FN': 20, 'TN': 519, 'Precision': '0.99 (328 / 328 + 3)', 'Recall': '0.94 (328 / 328 + 20)', 'F1': '0.96 (2 * (0.94 * 0.99) / 0.94 + 0.99)', 'Specificity': '0.99 (519 / 519 + 3)', 'AUC': 0.97, 'r2': 0.89}
2023-05-28 19:11:22,096 [INFO] Save valid_prediction_log data...
2023-05-28 19:11:22,099 [INFO] {'Data': 'valid', 'ACC': '0.97 (211 / 218)', 'TP': 82, 'FP': 2, 'FN': 5, 'TN': 129, 'Precision': '0.98 (82 / 82 + 2)', 'Recall': '0.94 (82 / 82 + 5)', 'F1': '0.96 (2 * (0.94 * 0.98) / 0.94 + 0.98)', 'Specificity': '0.98 (129 / 129 + 2)', 'AUC': 0.96, 'r2': 0.87}
2023-05-28 19:11:22,117 [INFO] Save test_prediction_log data...
2023-05-28 19:11:22,120 [INFO] {'Data': 'test', 'ACC': '0.67 (145 / 218)', 'TP': 36, 'FP': 22, 'FN': 51, 'TN': 109, 'Precision': '0.62 (36 / 36 + 22)', 'Recall': '0.41 (36 / 36 + 51)', 'F1': '0.49 (2 * (0.41 * 0.62) / 0.41 + 0.62)', 'Specificity': '0.83 (109 / 109 + 22)', 'AUC': 0.62, 'r2': -0.4}
2023-05-28 19:11:22,122 [INFO] Save training_log data...
2023-05-28 19:11:22,128 [INFO] Save score_log data...
2023-05-28 19:11:22,129 [INFO] Time : 350.1400146484375
