2023-05-28 04:45:53,075 [INFO] Train data : Vary_params_IGF1R_KIT\DUD-E\IGF1R\nG1_20\ECFP6_512bits\Robust\IGF1R_train_vector.tsv
2023-05-28 04:45:53,075 [INFO] Valid data : Vary_params_IGF1R_KIT\DUD-E\IGF1R\nG1_20\ECFP6_512bits\Robust\IGF1R_valid_vector.tsv
2023-05-28 04:45:53,075 [INFO] Output path : Vary_params_IGF1R_KIT\DUD-E\IGF1R\nG1_20\ECFP6_512bits\Robust\IGF1R_model\SVM
2023-05-28 04:45:53,076 [INFO] Model type : SVM
2023-05-28 04:45:53,076 [INFO] Use cores : 10
2023-05-28 04:45:53,098 [INFO] Start Learning model
2023-05-28 04:45:53,098 [INFO] Train : 226 | Valid : 49
2023-05-28 04:45:53,098 [INFO] Set parameters : {'kernel': ['linear', 'rbf'], 'C': [0.01, 0.1, 1, 10, 100, 1000], 'gamma': [0.01, 0.1, 1, 100, 1000]}
2023-05-28 04:45:55,929 [INFO] GridSearchCV results :
    mean_valid_accuracy  mean_valid_precision  mean_valid_auc
0              0.947431              0.957576        0.946591
20             0.947431              0.957576        0.946591
24             0.947431              0.957576        0.946591
26             0.947431              0.957576        0.946591
28             0.947431              0.957576        0.946591
32             0.947431              0.957576        0.946591
34             0.947431              0.957576        0.946591
36             0.947431              0.957576        0.946591
38             0.947431              0.957576        0.946591
40             0.947431              0.957576        0.946591
42             0.947431              0.957576        0.946591
44             0.947431              0.957576        0.946591
46             0.947431              0.957576        0.946591
48             0.947431              0.957576        0.946591
50             0.947431              0.957576        0.946591
52             0.947431              0.957576        0.946591
54             0.947431              0.957576        0.946591
56             0.947431              0.957576        0.946591
58             0.947431              0.957576        0.946591
22             0.947431              0.957576        0.946591
30             0.947431              0.957576        0.946591
10             0.947431              0.957576        0.946591
2              0.947431              0.957576        0.946591
18             0.947431              0.957576        0.946591
8              0.947431              0.957576        0.946591
16             0.947431              0.957576        0.946591
4              0.947431              0.957576        0.946591
12             0.947431              0.957576        0.946591
6              0.947431              0.957576        0.946591
14             0.947431              0.957576        0.946591
49             0.522134              0.000000        0.500000
9              0.522134              0.000000        0.500000
45             0.522134              0.000000        0.500000
47             0.522134              0.000000        0.500000
7              0.522134              0.000000        0.500000
21             0.522134              0.000000        0.500000
43             0.522134              0.000000        0.500000
5              0.522134              0.000000        0.500000
53             0.522134              0.000000        0.500000
55             0.522134              0.000000        0.500000
3              0.522134              0.000000        0.500000
57             0.522134              0.000000        0.500000
51             0.522134              0.000000        0.500000
11             0.522134              0.000000        0.500000
41             0.522134              0.000000        0.500000
19             0.522134              0.000000        0.500000
39             0.522134              0.000000        0.500000
37             0.522134              0.000000        0.500000
13             0.522134              0.000000        0.500000
35             0.522134              0.000000        0.500000
33             0.522134              0.000000        0.500000
15             0.522134              0.000000        0.500000
31             0.522134              0.000000        0.500000
1              0.522134              0.000000        0.500000
29             0.522134              0.000000        0.500000
27             0.522134              0.000000        0.500000
17             0.522134              0.000000        0.500000
25             0.522134              0.000000        0.500000
23             0.522134              0.000000        0.500000
59             0.522134              0.000000        0.500000
2023-05-28 04:45:55,930 [INFO] Best model :
SVC(C=0.01, gamma=0.01, kernel='linear', random_state=42)
2023-05-28 04:45:55,938 [INFO] Save train_prediction_log data...
2023-05-28 04:45:55,940 [INFO] {'Data': 'train', 'ACC': '1.0 (226 / 226)', 'TP': 108, 'FP': 0, 'FN': 0, 'TN': 118, 'Precision': '1.0 (108 / 108 + 0)', 'Recall': '1.0 (108 / 108 + 0)', 'F1': '1.0 (2 * (1.0 * 1.0) / 1.0 + 1.0)', 'Specificity': '1.0 (118 / 118 + 0)', 'AUC': 1.0, 'r2': 1.0}
2023-05-28 04:45:55,945 [INFO] Save valid_prediction_log data...
2023-05-28 04:45:55,947 [INFO] {'Data': 'valid', 'ACC': '0.98 (48 / 49)', 'TP': 20, 'FP': 1, 'FN': 0, 'TN': 28, 'Precision': '0.95 (20 / 20 + 1)', 'Recall': '1.0 (20 / 20 + 0)', 'F1': '0.97 (2 * (1.0 * 0.95) / 1.0 + 0.95)', 'Specificity': '0.97 (28 / 28 + 1)', 'AUC': 0.98, 'r2': 0.92}
2023-05-28 04:45:55,960 [INFO] Save test_prediction_log data...
2023-05-28 04:45:55,962 [INFO] {'Data': 'test', 'ACC': '0.59 (29 / 49)', 'TP': 6, 'FP': 6, 'FN': 14, 'TN': 23, 'Precision': '0.5 (6 / 6 + 6)', 'Recall': '0.3 (6 / 6 + 14)', 'F1': '0.37 (2 * (0.3 * 0.5) / 0.3 + 0.5)', 'Specificity': '0.79 (23 / 23 + 6)', 'AUC': 0.55, 'r2': -0.69}
2023-05-28 04:45:55,964 [INFO] Save training_log data...
2023-05-28 04:45:55,965 [INFO] Save score_log data...
2023-05-28 04:45:55,966 [INFO] Time : 2.891479015350342
