2023-05-28 09:01:42,783 [INFO] Train data : AF_Baseline\DUD-E\EGFR\ECFP4_256bits\Robust\EGFR_train.tsv
2023-05-28 09:01:42,783 [INFO] Valid data : AF_Baseline\DUD-E\EGFR\ECFP4_256bits\Robust\EGFR_valid.tsv
2023-05-28 09:01:42,783 [INFO] Output path : AF_Baseline\DUD-E\EGFR\ECFP4_256bits\Robust\EGFR_model\XGB
2023-05-28 09:01:42,783 [INFO] Model type : XGB
2023-05-28 09:01:42,783 [INFO] Use cores : 12
2023-05-28 09:01:42,803 [INFO] Start Learning model
2023-05-28 09:01:42,803 [INFO] Train : 870 | Valid : 218
2023-05-28 09:01:42,804 [INFO] Set parameters : {'max_depth': [4, 6, 8], 'learning_rate': [0.01, 0.2], 'n_estimators': [200, 600, 1000], 'gamma': [0, 1000], 'min_child_weight': [1, 3], 'subsample': [0.5, 1], 'colsample_bytree': [0.5, 1], 'objective': ['binary:logitraw'], 'eval_metric': ['auc', 'error']}
2023-05-28 09:19:41,832 [INFO] GridSearchCV results :
     mean_valid_accuracy  mean_valid_precision  mean_valid_auc
33              0.958621              0.997143        0.948870
158             0.958621              0.997143        0.948870
171             0.957471              0.997143        0.947484
170             0.958621              0.997143        0.948870
27              0.957471              0.997143        0.947484
..                   ...                   ...             ...
110             0.600000              0.000000        0.500000
111             0.600000              0.000000        0.500000
112             0.600000              0.000000        0.500000
113             0.600000              0.000000        0.500000
575             0.600000              0.000000        0.500000

[576 rows x 3 columns]
2023-05-28 09:19:41,834 [INFO] Best model :
XGBClassifier(base_score=None, booster=None, callbacks=None,
              colsample_bylevel=None, colsample_bynode=None,
              colsample_bytree=0.5, early_stopping_rounds=None,
              enable_categorical=False, eval_metric='auc', feature_types=None,
              gamma=0, gpu_id=None, grow_policy=None, importance_type=None,
              interaction_constraints=None, learning_rate=0.01, max_bin=None,
              max_cat_threshold=None, max_cat_to_onehot=None,
              max_delta_step=None, max_depth=4, max_leaves=None,
              min_child_weight=3, missing=nan, monotone_constraints=None,
              n_estimators=600, n_jobs=0, num_parallel_tree=None,
              objective='binary:logitraw', predictor=None, ...)
2023-05-28 09:19:41,846 [INFO] Save train_prediction_log data...
2023-05-28 09:19:41,850 [INFO] {'Data': 'train', 'ACC': '0.99 (863 / 870)', 'TP': 341, 'FP': 0, 'FN': 7, 'TN': 522, 'Precision': '1.0 (341 / 341 + 0)', 'Recall': '0.98 (341 / 341 + 7)', 'F1': '0.99 (2 * (0.98 * 1.0) / 0.98 + 1.0)', 'Specificity': '1.0 (522 / 522 + 0)', 'AUC': 0.99, 'r2': 0.97}
2023-05-28 09:19:41,859 [INFO] Save valid_prediction_log data...
2023-05-28 09:19:41,862 [INFO] {'Data': 'valid', 'ACC': '1.0 (217 / 218)', 'TP': 86, 'FP': 0, 'FN': 1, 'TN': 131, 'Precision': '1.0 (86 / 86 + 0)', 'Recall': '0.99 (86 / 86 + 1)', 'F1': '0.99 (2 * (0.99 * 1.0) / 0.99 + 1.0)', 'Specificity': '1.0 (131 / 131 + 0)', 'AUC': 0.99, 'r2': 0.98}
2023-05-28 09:19:41,880 [INFO] Save test_prediction_log data...
2023-05-28 09:19:41,882 [INFO] {'Data': 'test', 'ACC': '0.65 (142 / 218)', 'TP': 40, 'FP': 29, 'FN': 47, 'TN': 102, 'Precision': '0.58 (40 / 40 + 29)', 'Recall': '0.46 (40 / 40 + 47)', 'F1': '0.51 (2 * (0.46 * 0.58) / 0.46 + 0.58)', 'Specificity': '0.78 (102 / 102 + 29)', 'AUC': 0.62, 'r2': -0.45}
2023-05-28 09:19:41,894 [INFO] Save training_log data...
2023-05-28 09:19:42,253 [INFO] Save score_log data...
2023-05-28 09:19:42,254 [INFO] Time : 1079.4714181423187
