2023-05-28 00:21:07,977 [INFO] Train data : Vary_params\DUD-E\CSF1R\nG1_20\ECFP4_256bits\MinMax\CSF1R_train_vector.tsv
2023-05-28 00:21:07,978 [INFO] Valid data : Vary_params\DUD-E\CSF1R\nG1_20\ECFP4_256bits\MinMax\CSF1R_valid_vector.tsv
2023-05-28 00:21:07,978 [INFO] Output path : Vary_params\DUD-E\CSF1R\nG1_20\ECFP4_256bits\MinMax\CSF1R_model\SVM
2023-05-28 00:21:07,978 [INFO] Model type : SVM
2023-05-28 00:21:07,978 [INFO] Use cores : 11
2023-05-28 00:21:07,994 [INFO] Start Learning model
2023-05-28 00:21:07,994 [INFO] Train : 216 | Valid : 47
2023-05-28 00:21:07,995 [INFO] Set parameters : {'kernel': ['linear', 'rbf'], 'C': [0.01, 0.1, 1, 10, 100, 1000], 'gamma': [0.01, 0.1, 1, 100, 1000]}
2023-05-28 00:21:11,390 [INFO] GridSearchCV results :
    mean_valid_accuracy  mean_valid_precision  mean_valid_auc
33             0.889610              1.000000        0.887273
23             0.880519              1.000000        0.878182
53             0.889610              1.000000        0.887273
43             0.889610              1.000000        0.887273
0              0.940260              0.974615        0.939470
2              0.940260              0.974615        0.939470
4              0.940260              0.974615        0.939470
6              0.940260              0.974615        0.939470
8              0.940260              0.974615        0.939470
21             0.954545              0.974615        0.954470
51             0.949567              0.945322        0.949924
41             0.949567              0.945322        0.949924
31             0.949567              0.945322        0.949924
12             0.940260              0.927343        0.940833
18             0.940260              0.927343        0.940833
14             0.940260              0.927343        0.940833
10             0.940260              0.927343        0.940833
16             0.940260              0.927343        0.940833
48             0.935498              0.918252        0.936288
32             0.935498              0.918252        0.936288
46             0.935498              0.918252        0.936288
44             0.935498              0.918252        0.936288
52             0.935498              0.918252        0.936288
50             0.935498              0.918252        0.936288
54             0.935498              0.918252        0.936288
42             0.935498              0.918252        0.936288
56             0.935498              0.918252        0.936288
40             0.935498              0.918252        0.936288
38             0.935498              0.918252        0.936288
36             0.935498              0.918252        0.936288
34             0.935498              0.918252        0.936288
58             0.935498              0.918252        0.936288
30             0.935498              0.918252        0.936288
20             0.935498              0.918252        0.936288
28             0.935498              0.918252        0.936288
26             0.935498              0.918252        0.936288
24             0.935498              0.918252        0.936288
22             0.935498              0.918252        0.936288
55             0.527922              0.200000        0.509545
35             0.527922              0.200000        0.509545
45             0.527922              0.200000        0.509545
11             0.518615              0.000000        0.500000
9              0.518615              0.000000        0.500000
7              0.518615              0.000000        0.500000
1              0.518615              0.000000        0.500000
15             0.518615              0.000000        0.500000
5              0.518615              0.000000        0.500000
57             0.518615              0.000000        0.500000
3              0.518615              0.000000        0.500000
13             0.518615              0.000000        0.500000
19             0.518615              0.000000        0.500000
49             0.518615              0.000000        0.500000
17             0.518615              0.000000        0.500000
47             0.518615              0.000000        0.500000
29             0.518615              0.000000        0.500000
25             0.518615              0.000000        0.500000
39             0.518615              0.000000        0.500000
27             0.518615              0.000000        0.500000
37             0.518615              0.000000        0.500000
59             0.518615              0.000000        0.500000
2023-05-28 00:21:11,398 [INFO] Best model :
SVC(C=1, gamma=0.1, random_state=42)
2023-05-28 00:21:11,410 [INFO] Save train_prediction_log data...
2023-05-28 00:21:11,419 [INFO] {'Data': 'train', 'ACC': '1.0 (216 / 216)', 'TP': 104, 'FP': 0, 'FN': 0, 'TN': 112, 'Precision': '1.0 (104 / 104 + 0)', 'Recall': '1.0 (104 / 104 + 0)', 'F1': '1.0 (2 * (1.0 * 1.0) / 1.0 + 1.0)', 'Specificity': '1.0 (112 / 112 + 0)', 'AUC': 1.0, 'r2': 1.0}
2023-05-28 00:21:11,438 [INFO] Save valid_prediction_log data...
2023-05-28 00:21:11,443 [INFO] {'Data': 'valid', 'ACC': '0.98 (46 / 47)', 'TP': 18, 'FP': 0, 'FN': 1, 'TN': 28, 'Precision': '1.0 (18 / 18 + 0)', 'Recall': '0.95 (18 / 18 + 1)', 'F1': '0.97 (2 * (0.95 * 1.0) / 0.95 + 1.0)', 'Specificity': '1.0 (28 / 28 + 0)', 'AUC': 0.97, 'r2': 0.91}
2023-05-28 00:21:11,456 [INFO] Save test_prediction_log data...
2023-05-28 00:21:11,460 [INFO] {'Data': 'test', 'ACC': '0.66 (31 / 47)', 'TP': 5, 'FP': 2, 'FN': 14, 'TN': 26, 'Precision': '0.71 (5 / 5 + 2)', 'Recall': '0.26 (5 / 5 + 14)', 'F1': '0.38 (2 * (0.26 * 0.71) / 0.26 + 0.71)', 'Specificity': '0.93 (26 / 26 + 2)', 'AUC': 0.6, 'r2': -0.41}
2023-05-28 00:21:11,462 [INFO] Save training_log data...
2023-05-28 00:21:11,464 [INFO] Save score_log data...
2023-05-28 00:21:11,465 [INFO] Time : 3.48862624168396
