2023-05-29 21:30:00,977 [INFO] Train data : Vary_params_BRAF_MK14\DUD-E\MK14\nG1_20\ECFP4_512bits\MinMax\MK14_train_vector.tsv
2023-05-29 21:30:00,977 [INFO] Valid data : Vary_params_BRAF_MK14\DUD-E\MK14\nG1_20\ECFP4_512bits\MinMax\MK14_valid_vector.tsv
2023-05-29 21:30:00,977 [INFO] Output path : Vary_params_BRAF_MK14\DUD-E\MK14\nG1_20\ECFP4_512bits\MinMax\MK14_model\SVM
2023-05-29 21:30:00,977 [INFO] Model type : SVM
2023-05-29 21:30:00,977 [INFO] Use cores : 10
2023-05-29 21:30:01,023 [INFO] Start Learning model
2023-05-29 21:30:01,023 [INFO] Train : 931 | Valid : 225
2023-05-29 21:30:01,024 [INFO] Set parameters : {'kernel': ['linear', 'rbf'], 'C': [0.01, 0.1, 1, 10, 100, 1000], 'gamma': [0.01, 0.1, 1, 100, 1000]}
2023-05-29 21:30:21,703 [INFO] GridSearchCV results :
    mean_valid_accuracy  mean_valid_precision  mean_valid_auc
53             0.870064              1.000000        0.844872
43             0.870064              1.000000        0.844872
23             0.847495              1.000000        0.817949
33             0.870064              1.000000        0.844872
11             0.905548              0.989898        0.888265
21             0.986044              0.984994        0.985487
31             0.983894              0.979744        0.983635
41             0.983894              0.979744        0.983635
51             0.983894              0.979744        0.983635
0              0.976367              0.970025        0.976085
6              0.976367              0.970025        0.976085
2              0.976367              0.970025        0.976085
4              0.976367              0.970025        0.976085
8              0.976367              0.970025        0.976085
10             0.970991              0.959663        0.971099
18             0.970991              0.959663        0.971099
16             0.970991              0.959663        0.971099
14             0.970991              0.959663        0.971099
12             0.970991              0.959663        0.971099
50             0.968840              0.957343        0.968891
54             0.968840              0.957343        0.968891
48             0.968840              0.957343        0.968891
46             0.968840              0.957343        0.968891
44             0.968840              0.957343        0.968891
52             0.968840              0.957343        0.968891
58             0.968840              0.957343        0.968891
42             0.968840              0.957343        0.968891
40             0.968840              0.957343        0.968891
38             0.968840              0.957343        0.968891
36             0.968840              0.957343        0.968891
34             0.968840              0.957343        0.968891
56             0.968840              0.957343        0.968891
30             0.968840              0.957343        0.968891
32             0.968840              0.957343        0.968891
28             0.968840              0.957343        0.968891
22             0.968840              0.957343        0.968891
24             0.968840              0.957343        0.968891
26             0.968840              0.957343        0.968891
20             0.968840              0.957343        0.968891
39             0.581091              0.000000        0.500000
17             0.581091              0.000000        0.500000
3              0.581091              0.000000        0.500000
57             0.581091              0.000000        0.500000
5              0.581091              0.000000        0.500000
55             0.581091              0.000000        0.500000
7              0.581091              0.000000        0.500000
9              0.581091              0.000000        0.500000
13             0.581091              0.000000        0.500000
15             0.581091              0.000000        0.500000
49             0.581091              0.000000        0.500000
27             0.581091              0.000000        0.500000
19             0.581091              0.000000        0.500000
47             0.581091              0.000000        0.500000
1              0.581091              0.000000        0.500000
45             0.581091              0.000000        0.500000
35             0.581091              0.000000        0.500000
29             0.581091              0.000000        0.500000
25             0.581091              0.000000        0.500000
37             0.581091              0.000000        0.500000
59             0.581091              0.000000        0.500000
2023-05-29 21:30:21,704 [INFO] Best model :
SVC(C=1, gamma=0.1, random_state=42)
2023-05-29 21:30:21,867 [INFO] Save train_prediction_log data...
2023-05-29 21:30:21,871 [INFO] {'Data': 'train', 'ACC': '1.0 (931 / 931)', 'TP': 390, 'FP': 0, 'FN': 0, 'TN': 541, 'Precision': '1.0 (390 / 390 + 0)', 'Recall': '1.0 (390 / 390 + 0)', 'F1': '1.0 (2 * (1.0 * 1.0) / 1.0 + 1.0)', 'Specificity': '1.0 (541 / 541 + 0)', 'AUC': 1.0, 'r2': 1.0}
2023-05-29 21:30:21,912 [INFO] Save valid_prediction_log data...
2023-05-29 21:30:21,914 [INFO] {'Data': 'valid', 'ACC': '0.99 (223 / 225)', 'TP': 88, 'FP': 0, 'FN': 2, 'TN': 135, 'Precision': '1.0 (88 / 88 + 0)', 'Recall': '0.98 (88 / 88 + 2)', 'F1': '0.99 (2 * (0.98 * 1.0) / 0.98 + 1.0)', 'Specificity': '1.0 (135 / 135 + 0)', 'AUC': 0.99, 'r2': 0.96}
2023-05-29 21:30:21,970 [INFO] Save test_prediction_log data...
2023-05-29 21:30:21,972 [INFO] {'Data': 'test', 'ACC': '0.69 (155 / 225)', 'TP': 26, 'FP': 6, 'FN': 64, 'TN': 129, 'Precision': '0.81 (26 / 26 + 6)', 'Recall': '0.29 (26 / 26 + 64)', 'F1': '0.43 (2 * (0.29 * 0.81) / 0.29 + 0.81)', 'Specificity': '0.96 (129 / 129 + 6)', 'AUC': 0.62, 'r2': -0.3}
2023-05-29 21:30:21,990 [INFO] Save training_log data...
2023-05-29 21:30:21,991 [INFO] Save score_log data...
2023-05-29 21:30:21,992 [INFO] Time : 21.01531982421875
