2023-05-28 05:05:07,520 [INFO] Train data : Vary_params_CDK2_EGFR_LCK\DUD-E\CDK2\nG1_80\ECFP6_256bits\MinMax\CDK2_train_vector.tsv
2023-05-28 05:05:07,520 [INFO] Valid data : Vary_params_CDK2_EGFR_LCK\DUD-E\CDK2\nG1_80\ECFP6_256bits\MinMax\CDK2_valid_vector.tsv
2023-05-28 05:05:07,520 [INFO] Output path : Vary_params_CDK2_EGFR_LCK\DUD-E\CDK2\nG1_80\ECFP6_256bits\MinMax\CDK2_model\MLP
2023-05-28 05:05:07,520 [INFO] Model type : MLP
2023-05-28 05:05:07,520 [INFO] Use cores : 19
2023-05-28 05:05:07,543 [INFO] Start Learning model
2023-05-28 05:05:07,543 [INFO] Train : 818 | Valid : 212
2023-05-28 05:05:07,543 [INFO] Set parameters : {'hidden_layer_sizes': [(50,), (100,), (50, 50), (100, 100)], 'learning_rate': ['constant', 'invscaling', 'adaptive'], 'activation': ['relu', 'identity', 'logistic', 'tanh'], 'solver': ['adam', 'sgd', 'lbfgs'], 'alpha': [0.1, 0.01, 0.001], 'max_iter': [500, 1000], 'early_stopping': [True]}
2023-05-28 05:09:14,696 [INFO] GridSearchCV results :
     mean_valid_accuracy  mean_valid_precision  mean_valid_auc
432             0.860659              0.951111        0.824798
435             0.860659              0.951111        0.824798
438             0.860659              0.951111        0.824798
441             0.860659              0.951111        0.824798
444             0.860659              0.951111        0.824798
..                   ...                   ...             ...
607             0.622252              0.000000        0.500000
490             0.622252              0.000000        0.500000
474             0.622252              0.000000        0.500000
610             0.622252              0.000000        0.500000
502             0.622252              0.000000        0.500000

[864 rows x 3 columns]
2023-05-28 05:09:14,697 [INFO] Best model :
MLPClassifier(activation='logistic', alpha=0.1, early_stopping=True,
              hidden_layer_sizes=(50,), max_iter=500, random_state=42)
2023-05-28 05:09:14,705 [INFO] Save train_prediction_log data...
2023-05-28 05:09:14,708 [INFO] {'Data': 'train', 'ACC': '0.93 (758 / 818)', 'TP': 266, 'FP': 17, 'FN': 43, 'TN': 492, 'Precision': '0.94 (266 / 266 + 17)', 'Recall': '0.86 (266 / 266 + 43)', 'F1': '0.9 (2 * (0.86 * 0.94) / 0.86 + 0.94)', 'Specificity': '0.97 (492 / 492 + 17)', 'AUC': 0.91, 'r2': 0.69}
2023-05-28 05:09:14,712 [INFO] Save valid_prediction_log data...
2023-05-28 05:09:14,714 [INFO] {'Data': 'valid', 'ACC': '0.91 (193 / 212)', 'TP': 79, 'FP': 13, 'FN': 6, 'TN': 114, 'Precision': '0.86 (79 / 79 + 13)', 'Recall': '0.93 (79 / 79 + 6)', 'F1': '0.89 (2 * (0.93 * 0.86) / 0.93 + 0.86)', 'Specificity': '0.9 (114 / 114 + 13)', 'AUC': 0.91, 'r2': 0.63}
2023-05-28 05:09:14,725 [INFO] Save test_prediction_log data...
2023-05-28 05:09:14,727 [INFO] {'Data': 'test', 'ACC': '0.58 (123 / 212)', 'TP': 51, 'FP': 55, 'FN': 34, 'TN': 72, 'Precision': '0.48 (51 / 51 + 55)', 'Recall': '0.6 (51 / 51 + 34)', 'F1': '0.53 (2 * (0.6 * 0.48) / 0.6 + 0.48)', 'Specificity': '0.57 (72 / 72 + 55)', 'AUC': 0.58, 'r2': -0.75}
2023-05-28 05:09:14,729 [INFO] Save training_log data...
2023-05-28 05:09:14,735 [INFO] Save score_log data...
2023-05-28 05:09:14,736 [INFO] Time : 247.2157118320465
