2023-05-28 23:53:15,614 [INFO] Train data : Vary_params_ABL_BRAF_FGFR1\DUD-E\ABL1\nG1_80\ECFP6_256bits\MinMax\ABL1_train_vector.tsv
2023-05-28 23:53:15,614 [INFO] Valid data : Vary_params_ABL_BRAF_FGFR1\DUD-E\ABL1\nG1_80\ECFP6_256bits\MinMax\ABL1_valid_vector.tsv
2023-05-28 23:53:15,614 [INFO] Output path : Vary_params_ABL_BRAF_FGFR1\DUD-E\ABL1\nG1_80\ECFP6_256bits\MinMax\ABL1_model\MLP
2023-05-28 23:53:15,614 [INFO] Model type : MLP
2023-05-28 23:53:15,615 [INFO] Use cores : 19
2023-05-28 23:53:15,628 [INFO] Start Learning model
2023-05-28 23:53:15,628 [INFO] Train : 234 | Valid : 66
2023-05-28 23:53:15,628 [INFO] Set parameters : {'hidden_layer_sizes': [(50,), (100,), (50, 50), (100, 100)], 'learning_rate': ['constant', 'invscaling', 'adaptive'], 'activation': ['relu', 'identity', 'logistic', 'tanh'], 'solver': ['adam', 'sgd', 'lbfgs'], 'alpha': [0.1, 0.01, 0.001], 'max_iter': [500, 1000], 'early_stopping': [True]}
2023-05-28 23:54:42,156 [INFO] GridSearchCV results :
     mean_valid_accuracy  mean_valid_precision  mean_valid_auc
213             0.932609                   1.0        0.896429
141             0.932609                   1.0        0.896429
207             0.932609                   1.0        0.896429
204             0.932609                   1.0        0.896429
201             0.932609                   1.0        0.896429
..                   ...                   ...             ...
585             0.644928                   0.0        0.476875
588             0.644928                   0.0        0.476875
591             0.644928                   0.0        0.476875
594             0.675362                   0.0        0.500000
432             0.644928                   0.0        0.476875

[864 rows x 3 columns]
2023-05-28 23:54:42,157 [INFO] Best model :
MLPClassifier(alpha=0.1, early_stopping=True, hidden_layer_sizes=(100, 100),
              max_iter=500, random_state=42)
2023-05-28 23:54:42,161 [INFO] Save train_prediction_log data...
2023-05-28 23:54:42,164 [INFO] {'Data': 'train', 'ACC': '0.97 (226 / 234)', 'TP': 68, 'FP': 0, 'FN': 8, 'TN': 158, 'Precision': '1.0 (68 / 68 + 0)', 'Recall': '0.89 (68 / 68 + 8)', 'F1': '0.94 (2 * (0.89 * 1.0) / 0.89 + 1.0)', 'Specificity': '1.0 (158 / 158 + 0)', 'AUC': 0.95, 'r2': 0.84}
2023-05-28 23:54:42,168 [INFO] Save valid_prediction_log data...
2023-05-28 23:54:42,170 [INFO] {'Data': 'valid', 'ACC': '0.92 (61 / 66)', 'TP': 21, 'FP': 0, 'FN': 5, 'TN': 40, 'Precision': '1.0 (21 / 21 + 0)', 'Recall': '0.81 (21 / 21 + 5)', 'F1': '0.9 (2 * (0.81 * 1.0) / 0.81 + 1.0)', 'Specificity': '1.0 (40 / 40 + 0)', 'AUC': 0.9, 'r2': 0.68}
2023-05-28 23:54:42,178 [INFO] Save test_prediction_log data...
2023-05-28 23:54:42,180 [INFO] {'Data': 'test', 'ACC': '0.61 (40 / 66)', 'TP': 3, 'FP': 3, 'FN': 23, 'TN': 37, 'Precision': '0.5 (3 / 3 + 3)', 'Recall': '0.12 (3 / 3 + 23)', 'F1': '0.19 (2 * (0.12 * 0.5) / 0.12 + 0.5)', 'Specificity': '0.92 (37 / 37 + 3)', 'AUC': 0.52, 'r2': -0.65}
2023-05-28 23:54:42,183 [INFO] Save training_log data...
2023-05-28 23:54:42,187 [INFO] Save score_log data...
2023-05-28 23:54:42,188 [INFO] Time : 86.57470226287842
