2023-05-28 12:34:49,489 [INFO] Train data : Vary_params_IGF1R_KIT\DUD-E\IGF1R\nG1_80\ECFP6_512bits\MinMax\IGF1R_train_vector.tsv
2023-05-28 12:34:49,489 [INFO] Valid data : Vary_params_IGF1R_KIT\DUD-E\IGF1R\nG1_80\ECFP6_512bits\MinMax\IGF1R_valid_vector.tsv
2023-05-28 12:34:49,489 [INFO] Output path : Vary_params_IGF1R_KIT\DUD-E\IGF1R\nG1_80\ECFP6_512bits\MinMax\IGF1R_model\SVM
2023-05-28 12:34:49,489 [INFO] Model type : SVM
2023-05-28 12:34:49,489 [INFO] Use cores : 10
2023-05-28 12:34:49,509 [INFO] Start Learning model
2023-05-28 12:34:49,509 [INFO] Train : 166 | Valid : 49
2023-05-28 12:34:49,509 [INFO] Set parameters : {'kernel': ['linear', 'rbf'], 'C': [0.01, 0.1, 1, 10, 100, 1000], 'gamma': [0.01, 0.1, 1, 100, 1000]}
2023-05-28 12:34:52,086 [INFO] GridSearchCV results :
    mean_valid_accuracy  mean_valid_precision  mean_valid_auc
0              0.976471                   1.0          0.9600
22             1.000000                   1.0          1.0000
26             1.000000                   1.0          1.0000
28             1.000000                   1.0          1.0000
31             0.982353                   1.0          0.9700
32             1.000000                   1.0          1.0000
34             1.000000                   1.0          1.0000
36             1.000000                   1.0          1.0000
38             1.000000                   1.0          1.0000
40             1.000000                   1.0          1.0000
41             0.982353                   1.0          0.9700
42             1.000000                   1.0          1.0000
44             1.000000                   1.0          1.0000
46             1.000000                   1.0          1.0000
48             1.000000                   1.0          1.0000
50             1.000000                   1.0          1.0000
51             0.982353                   1.0          0.9700
52             1.000000                   1.0          1.0000
54             1.000000                   1.0          1.0000
56             1.000000                   1.0          1.0000
58             1.000000                   1.0          1.0000
24             1.000000                   1.0          1.0000
30             1.000000                   1.0          1.0000
12             1.000000                   1.0          1.0000
4              0.976471                   1.0          0.9600
21             0.970588                   1.0          0.9500
8              0.976471                   1.0          0.9600
14             1.000000                   1.0          1.0000
6              0.976471                   1.0          0.9600
18             1.000000                   1.0          1.0000
16             1.000000                   1.0          1.0000
20             1.000000                   1.0          1.0000
2              0.976471                   1.0          0.9600
10             1.000000                   1.0          1.0000
53             0.723162                   0.2          0.5225
33             0.723162                   0.2          0.5225
43             0.723162                   0.2          0.5225
55             0.711029                   0.0          0.5000
9              0.711029                   0.0          0.5000
5              0.711029                   0.0          0.5000
3              0.711029                   0.0          0.5000
7              0.711029                   0.0          0.5000
57             0.711029                   0.0          0.5000
49             0.711029                   0.0          0.5000
47             0.711029                   0.0          0.5000
23             0.711029                   0.0          0.5000
45             0.711029                   0.0          0.5000
11             0.711029                   0.0          0.5000
13             0.711029                   0.0          0.5000
39             0.711029                   0.0          0.5000
37             0.711029                   0.0          0.5000
15             0.711029                   0.0          0.5000
35             0.711029                   0.0          0.5000
17             0.711029                   0.0          0.5000
1              0.711029                   0.0          0.5000
29             0.711029                   0.0          0.5000
19             0.711029                   0.0          0.5000
27             0.711029                   0.0          0.5000
25             0.711029                   0.0          0.5000
59             0.711029                   0.0          0.5000
2023-05-28 12:34:52,087 [INFO] Best model :
SVC(C=0.01, gamma=0.01, kernel='linear', random_state=42)
2023-05-28 12:34:52,093 [INFO] Save train_prediction_log data...
2023-05-28 12:34:52,095 [INFO] {'Data': 'train', 'ACC': '1.0 (166 / 166)', 'TP': 48, 'FP': 0, 'FN': 0, 'TN': 118, 'Precision': '1.0 (48 / 48 + 0)', 'Recall': '1.0 (48 / 48 + 0)', 'F1': '1.0 (2 * (1.0 * 1.0) / 1.0 + 1.0)', 'Specificity': '1.0 (118 / 118 + 0)', 'AUC': 1.0, 'r2': 1.0}
2023-05-28 12:34:52,100 [INFO] Save valid_prediction_log data...
2023-05-28 12:34:52,102 [INFO] {'Data': 'valid', 'ACC': '1.0 (49 / 49)', 'TP': 20, 'FP': 0, 'FN': 0, 'TN': 29, 'Precision': '1.0 (20 / 20 + 0)', 'Recall': '1.0 (20 / 20 + 0)', 'F1': '1.0 (2 * (1.0 * 1.0) / 1.0 + 1.0)', 'Specificity': '1.0 (29 / 29 + 0)', 'AUC': 1.0, 'r2': 1.0}
2023-05-28 12:34:52,115 [INFO] Save test_prediction_log data...
2023-05-28 12:34:52,117 [INFO] {'Data': 'test', 'ACC': '0.65 (32 / 49)', 'TP': 4, 'FP': 1, 'FN': 16, 'TN': 28, 'Precision': '0.8 (4 / 4 + 1)', 'Recall': '0.2 (4 / 4 + 16)', 'F1': '0.32 (2 * (0.2 * 0.8) / 0.2 + 0.8)', 'Specificity': '0.97 (28 / 28 + 1)', 'AUC': 0.58, 'r2': -0.44}
2023-05-28 12:34:52,118 [INFO] Save training_log data...
2023-05-28 12:34:52,133 [INFO] Save score_log data...
2023-05-28 12:34:52,134 [INFO] Time : 2.64575457572937
