2023-05-29 06:18:49,583 [INFO] Train data : Vary_params_BRAF_MK14\DUD-E\BRAF\nG1_50\ECFP4_512bits\Robust\BRAF_train_vector.tsv
2023-05-29 06:18:49,583 [INFO] Valid data : Vary_params_BRAF_MK14\DUD-E\BRAF\nG1_50\ECFP4_512bits\Robust\BRAF_valid_vector.tsv
2023-05-29 06:18:49,583 [INFO] Output path : Vary_params_BRAF_MK14\DUD-E\BRAF\nG1_50\ECFP4_512bits\Robust\BRAF_model\SVM
2023-05-29 06:18:49,583 [INFO] Model type : SVM
2023-05-29 06:18:49,583 [INFO] Use cores : 12
2023-05-29 06:18:49,607 [INFO] Start Learning model
2023-05-29 06:18:49,607 [INFO] Train : 201 | Valid : 50
2023-05-29 06:18:49,607 [INFO] Set parameters : {'kernel': ['linear', 'rbf'], 'C': [0.01, 0.1, 1, 10, 100, 1000], 'gamma': [0.01, 0.1, 1, 100, 1000]}
2023-05-29 06:18:52,912 [INFO] GridSearchCV results :
    mean_valid_accuracy  mean_valid_precision  mean_valid_auc
0              0.970000              0.954167        0.970833
20             0.970000              0.954167        0.970833
24             0.970000              0.954167        0.970833
26             0.970000              0.954167        0.970833
28             0.970000              0.954167        0.970833
32             0.970000              0.954167        0.970833
34             0.970000              0.954167        0.970833
36             0.970000              0.954167        0.970833
38             0.970000              0.954167        0.970833
40             0.970000              0.954167        0.970833
42             0.970000              0.954167        0.970833
44             0.970000              0.954167        0.970833
46             0.970000              0.954167        0.970833
48             0.970000              0.954167        0.970833
50             0.970000              0.954167        0.970833
52             0.970000              0.954167        0.970833
54             0.970000              0.954167        0.970833
56             0.970000              0.954167        0.970833
58             0.970000              0.954167        0.970833
22             0.970000              0.954167        0.970833
30             0.970000              0.954167        0.970833
10             0.970000              0.954167        0.970833
2              0.970000              0.954167        0.970833
18             0.970000              0.954167        0.970833
8              0.970000              0.954167        0.970833
16             0.970000              0.954167        0.970833
4              0.970000              0.954167        0.970833
12             0.970000              0.954167        0.970833
6              0.970000              0.954167        0.970833
14             0.970000              0.954167        0.970833
49             0.601905              0.000000        0.500000
9              0.601905              0.000000        0.500000
45             0.601905              0.000000        0.500000
47             0.601905              0.000000        0.500000
7              0.601905              0.000000        0.500000
21             0.601905              0.000000        0.500000
43             0.601905              0.000000        0.500000
5              0.601905              0.000000        0.500000
53             0.601905              0.000000        0.500000
55             0.601905              0.000000        0.500000
3              0.601905              0.000000        0.500000
57             0.601905              0.000000        0.500000
51             0.601905              0.000000        0.500000
11             0.601905              0.000000        0.500000
41             0.601905              0.000000        0.500000
19             0.601905              0.000000        0.500000
39             0.601905              0.000000        0.500000
37             0.601905              0.000000        0.500000
13             0.601905              0.000000        0.500000
35             0.601905              0.000000        0.500000
33             0.601905              0.000000        0.500000
15             0.601905              0.000000        0.500000
31             0.601905              0.000000        0.500000
1              0.601905              0.000000        0.500000
29             0.601905              0.000000        0.500000
27             0.601905              0.000000        0.500000
17             0.601905              0.000000        0.500000
25             0.601905              0.000000        0.500000
23             0.601905              0.000000        0.500000
59             0.601905              0.000000        0.500000
2023-05-29 06:18:52,913 [INFO] Best model :
SVC(C=0.01, gamma=0.01, kernel='linear', random_state=42)
2023-05-29 06:18:52,919 [INFO] Save train_prediction_log data...
2023-05-29 06:18:52,922 [INFO] {'Data': 'train', 'ACC': '1.0 (201 / 201)', 'TP': 80, 'FP': 0, 'FN': 0, 'TN': 121, 'Precision': '1.0 (80 / 80 + 0)', 'Recall': '1.0 (80 / 80 + 0)', 'F1': '1.0 (2 * (1.0 * 1.0) / 1.0 + 1.0)', 'Specificity': '1.0 (121 / 121 + 0)', 'AUC': 1.0, 'r2': 1.0}
2023-05-29 06:18:52,927 [INFO] Save valid_prediction_log data...
2023-05-29 06:18:52,929 [INFO] {'Data': 'valid', 'ACC': '0.98 (49 / 50)', 'TP': 20, 'FP': 1, 'FN': 0, 'TN': 29, 'Precision': '0.95 (20 / 20 + 1)', 'Recall': '1.0 (20 / 20 + 0)', 'F1': '0.97 (2 * (1.0 * 0.95) / 1.0 + 0.95)', 'Specificity': '0.97 (29 / 29 + 1)', 'AUC': 0.98, 'r2': 0.92}
2023-05-29 06:18:52,943 [INFO] Save test_prediction_log data...
2023-05-29 06:18:52,946 [INFO] {'Data': 'test', 'ACC': '0.6 (30 / 50)', 'TP': 8, 'FP': 8, 'FN': 12, 'TN': 22, 'Precision': '0.5 (8 / 8 + 8)', 'Recall': '0.4 (8 / 8 + 12)', 'F1': '0.44 (2 * (0.4 * 0.5) / 0.4 + 0.5)', 'Specificity': '0.73 (22 / 22 + 8)', 'AUC': 0.57, 'r2': -0.67}
2023-05-29 06:18:52,948 [INFO] Save training_log data...
2023-05-29 06:18:52,949 [INFO] Save score_log data...
2023-05-29 06:18:52,950 [INFO] Time : 3.366546392440796
