2023-05-28 07:27:20,407 [INFO] Train data : Vary_params_CDK2_EGFR_LCK\DUD-E\EGFR\nG1_20\ECFP4_256bits\Robust\EGFR_train_vector.tsv
2023-05-28 07:27:20,407 [INFO] Valid data : Vary_params_CDK2_EGFR_LCK\DUD-E\EGFR\nG1_20\ECFP4_256bits\Robust\EGFR_valid_vector.tsv
2023-05-28 07:27:20,407 [INFO] Output path : Vary_params_CDK2_EGFR_LCK\DUD-E\EGFR\nG1_20\ECFP4_256bits\Robust\EGFR_model\MLP
2023-05-28 07:27:20,407 [INFO] Model type : MLP
2023-05-28 07:27:20,407 [INFO] Use cores : 19
2023-05-28 07:27:20,427 [INFO] Start Learning model
2023-05-28 07:27:20,427 [INFO] Train : 900 | Valid : 218
2023-05-28 07:27:20,427 [INFO] Set parameters : {'hidden_layer_sizes': [(50,), (100,), (50, 50), (100, 100)], 'learning_rate': ['constant', 'invscaling', 'adaptive'], 'activation': ['relu', 'identity', 'logistic', 'tanh'], 'solver': ['adam', 'sgd', 'lbfgs'], 'alpha': [0.1, 0.01, 0.001], 'max_iter': [500, 1000], 'early_stopping': [True]}
2023-05-28 07:30:49,762 [INFO] GridSearchCV results :
     mean_valid_accuracy  mean_valid_precision  mean_valid_auc
549             0.920000              0.944064        0.912333
618             0.920000              0.944064        0.912333
546             0.920000              0.944064        0.912333
552             0.920000              0.944064        0.912333
555             0.920000              0.944064        0.912333
..                   ...                   ...             ...
604             0.517778              0.182511        0.452609
457             0.517778              0.182511        0.452609
532             0.517778              0.182511        0.452609
529             0.517778              0.182511        0.452609
460             0.517778              0.182511        0.452609

[864 rows x 3 columns]
2023-05-28 07:30:49,763 [INFO] Best model :
MLPClassifier(activation='logistic', alpha=0.01, early_stopping=True,
              hidden_layer_sizes=(50, 50), max_iter=500, random_state=42)
2023-05-28 07:30:49,772 [INFO] Save train_prediction_log data...
2023-05-28 07:30:49,775 [INFO] {'Data': 'train', 'ACC': '0.98 (883 / 900)', 'TP': 365, 'FP': 4, 'FN': 13, 'TN': 518, 'Precision': '0.99 (365 / 365 + 4)', 'Recall': '0.97 (365 / 365 + 13)', 'F1': '0.98 (2 * (0.97 * 0.99) / 0.97 + 0.99)', 'Specificity': '0.99 (518 / 518 + 4)', 'AUC': 0.98, 'r2': 0.92}
2023-05-28 07:30:49,780 [INFO] Save valid_prediction_log data...
2023-05-28 07:30:49,782 [INFO] {'Data': 'valid', 'ACC': '0.95 (207 / 218)', 'TP': 84, 'FP': 8, 'FN': 3, 'TN': 123, 'Precision': '0.91 (84 / 84 + 8)', 'Recall': '0.97 (84 / 84 + 3)', 'F1': '0.94 (2 * (0.97 * 0.91) / 0.97 + 0.91)', 'Specificity': '0.94 (123 / 123 + 8)', 'AUC': 0.95, 'r2': 0.79}
2023-05-28 07:30:49,793 [INFO] Save test_prediction_log data...
2023-05-28 07:30:49,795 [INFO] {'Data': 'test', 'ACC': '0.6 (130 / 218)', 'TP': 42, 'FP': 43, 'FN': 45, 'TN': 88, 'Precision': '0.49 (42 / 42 + 43)', 'Recall': '0.48 (42 / 42 + 45)', 'F1': '0.48 (2 * (0.48 * 0.49) / 0.48 + 0.49)', 'Specificity': '0.67 (88 / 88 + 43)', 'AUC': 0.58, 'r2': -0.68}
2023-05-28 07:30:49,798 [INFO] Save training_log data...
2023-05-28 07:30:49,803 [INFO] Save score_log data...
2023-05-28 07:30:49,804 [INFO] Time : 209.39709448814392
