2023-05-28 08:15:36,263 [INFO] Train data : Vary_params\DUD-E\CSF1R\nG1_50\ECFP6_512bits\Standard\CSF1R_train_vector.tsv
2023-05-28 08:15:36,264 [INFO] Valid data : Vary_params\DUD-E\CSF1R\nG1_50\ECFP6_512bits\Standard\CSF1R_valid_vector.tsv
2023-05-28 08:15:36,264 [INFO] Output path : Vary_params\DUD-E\CSF1R\nG1_50\ECFP6_512bits\Standard\CSF1R_model\MLP
2023-05-28 08:15:36,264 [INFO] Model type : MLP
2023-05-28 08:15:36,264 [INFO] Use cores : 11
2023-05-28 08:15:36,301 [INFO] Start Learning model
2023-05-28 08:15:36,301 [INFO] Train : 186 | Valid : 47
2023-05-28 08:15:36,301 [INFO] Set parameters : {'hidden_layer_sizes': [(50,), (100,), (50, 50), (100, 100)], 'learning_rate': ['constant', 'invscaling', 'adaptive'], 'activation': ['relu', 'identity', 'logistic', 'tanh'], 'solver': ['adam', 'sgd', 'lbfgs'], 'alpha': [0.1, 0.01, 0.001], 'max_iter': [500, 1000], 'early_stopping': [True]}
2023-05-28 08:19:42,354 [INFO] GridSearchCV results :
     mean_valid_accuracy  mean_valid_precision  mean_valid_auc
284             0.903509                   1.0        0.881250
713             0.935673                   1.0        0.920536
281             0.903509                   1.0        0.881250
287             0.903509                   1.0        0.881250
278             0.903509                   1.0        0.881250
..                   ...                   ...             ...
46              0.602339                   0.0        0.500000
616             0.602339                   0.0        0.500000
43              0.602339                   0.0        0.500000
618             0.602339                   0.0        0.500000
540             0.602339                   0.0        0.500000

[864 rows x 3 columns]
2023-05-28 08:19:42,356 [INFO] Best model :
MLPClassifier(activation='identity', alpha=0.1, early_stopping=True,
              hidden_layer_sizes=(100, 100), max_iter=500, random_state=42,
              solver='lbfgs')
2023-05-28 08:19:42,363 [INFO] Save train_prediction_log data...
2023-05-28 08:19:42,368 [INFO] {'Data': 'train', 'ACC': '1.0 (186 / 186)', 'TP': 74, 'FP': 0, 'FN': 0, 'TN': 112, 'Precision': '1.0 (74 / 74 + 0)', 'Recall': '1.0 (74 / 74 + 0)', 'F1': '1.0 (2 * (1.0 * 1.0) / 1.0 + 1.0)', 'Specificity': '1.0 (112 / 112 + 0)', 'AUC': 1.0, 'r2': 1.0}
2023-05-28 08:19:42,374 [INFO] Save valid_prediction_log data...
2023-05-28 08:19:42,378 [INFO] {'Data': 'valid', 'ACC': '1.0 (47 / 47)', 'TP': 19, 'FP': 0, 'FN': 0, 'TN': 28, 'Precision': '1.0 (19 / 19 + 0)', 'Recall': '1.0 (19 / 19 + 0)', 'F1': '1.0 (2 * (1.0 * 1.0) / 1.0 + 1.0)', 'Specificity': '1.0 (28 / 28 + 0)', 'AUC': 1.0, 'r2': 1.0}
2023-05-28 08:19:42,401 [INFO] Save test_prediction_log data...
2023-05-28 08:19:42,405 [INFO] {'Data': 'test', 'ACC': '0.68 (32 / 47)', 'TP': 9, 'FP': 5, 'FN': 10, 'TN': 23, 'Precision': '0.64 (9 / 9 + 5)', 'Recall': '0.47 (9 / 9 + 10)', 'F1': '0.54 (2 * (0.47 * 0.64) / 0.47 + 0.64)', 'Specificity': '0.82 (23 / 23 + 5)', 'AUC': 0.65, 'r2': -0.33}
2023-05-28 08:19:42,407 [INFO] Save training_log data...
2023-05-28 08:19:42,415 [INFO] Save score_log data...
2023-05-28 08:19:42,416 [INFO] Time : 246.15244698524475
