2023-05-29 09:02:33,382 [INFO] Train data : Vary_params\DUD-E\KPCB\nG1_80\ECFP4_512bits\Robust\KPCB_train_vector.tsv
2023-05-29 09:02:33,382 [INFO] Valid data : Vary_params\DUD-E\KPCB\nG1_80\ECFP4_512bits\Robust\KPCB_valid_vector.tsv
2023-05-29 09:02:33,382 [INFO] Output path : Vary_params\DUD-E\KPCB\nG1_80\ECFP4_512bits\Robust\KPCB_model\MLP
2023-05-29 09:02:33,382 [INFO] Model type : MLP
2023-05-29 09:02:33,382 [INFO] Use cores : 11
2023-05-29 09:02:33,408 [INFO] Start Learning model
2023-05-29 09:02:33,408 [INFO] Train : 138 | Valid : 42
2023-05-29 09:02:33,408 [INFO] Set parameters : {'hidden_layer_sizes': [(50,), (100,), (50, 50), (100, 100)], 'learning_rate': ['constant', 'invscaling', 'adaptive'], 'activation': ['relu', 'identity', 'logistic', 'tanh'], 'solver': ['adam', 'sgd', 'lbfgs'], 'alpha': [0.1, 0.01, 0.001], 'max_iter': [500, 1000], 'early_stopping': [True]}
2023-05-29 09:07:46,207 [INFO] GridSearchCV results :
     mean_valid_accuracy  mean_valid_precision  mean_valid_auc
575             1.000000                   1.0           1.000
467             1.000000                   1.0           1.000
476             1.000000                   1.0           1.000
725             0.985714                   1.0           0.975
728             0.985714                   1.0           0.975
..                   ...                   ...             ...
645             0.732418                   0.0           0.500
555             0.732418                   0.0           0.500
543             0.732418                   0.0           0.500
643             0.732418                   0.0           0.500
639             0.732418                   0.0           0.500

[864 rows x 3 columns]
2023-05-29 09:07:46,209 [INFO] Best model :
MLPClassifier(alpha=0.1, early_stopping=True, hidden_layer_sizes=(50,),
              max_iter=500, random_state=42, solver='lbfgs')
2023-05-29 09:07:46,217 [INFO] Save train_prediction_log data...
2023-05-29 09:07:46,220 [INFO] {'Data': 'train', 'ACC': '1.0 (138 / 138)', 'TP': 37, 'FP': 0, 'FN': 0, 'TN': 101, 'Precision': '1.0 (37 / 37 + 0)', 'Recall': '1.0 (37 / 37 + 0)', 'F1': '1.0 (2 * (1.0 * 1.0) / 1.0 + 1.0)', 'Specificity': '1.0 (101 / 101 + 0)', 'AUC': 1.0, 'r2': 1.0}
2023-05-29 09:07:46,225 [INFO] Save valid_prediction_log data...
2023-05-29 09:07:46,228 [INFO] {'Data': 'valid', 'ACC': '0.98 (41 / 42)', 'TP': 17, 'FP': 1, 'FN': 0, 'TN': 24, 'Precision': '0.94 (17 / 17 + 1)', 'Recall': '1.0 (17 / 17 + 0)', 'F1': '0.97 (2 * (1.0 * 0.94) / 1.0 + 0.94)', 'Specificity': '0.96 (24 / 24 + 1)', 'AUC': 0.98, 'r2': 0.9}
2023-05-29 09:07:46,247 [INFO] Save test_prediction_log data...
2023-05-29 09:07:46,258 [INFO] {'Data': 'test', 'ACC': '0.71 (30 / 42)', 'TP': 8, 'FP': 3, 'FN': 9, 'TN': 22, 'Precision': '0.73 (8 / 8 + 3)', 'Recall': '0.47 (8 / 8 + 9)', 'F1': '0.57 (2 * (0.47 * 0.73) / 0.47 + 0.73)', 'Specificity': '0.88 (22 / 22 + 3)', 'AUC': 0.68, 'r2': -0.19}
2023-05-29 09:07:46,261 [INFO] Save training_log data...
2023-05-29 09:07:46,266 [INFO] Save score_log data...
2023-05-29 09:07:46,267 [INFO] Time : 312.88459873199463
