2023-05-27 14:42:42,879 [INFO] Train data : Vary_params_A\DUD-E\JAK2\nG1_50\ECFP6_512bits\Standard\JAK2_train_vector.tsv
2023-05-27 14:42:42,879 [INFO] Valid data : Vary_params_A\DUD-E\JAK2\nG1_50\ECFP6_512bits\Standard\JAK2_valid_vector.tsv
2023-05-27 14:42:42,880 [INFO] Output path : Vary_params_A\DUD-E\JAK2\nG1_50\ECFP6_512bits\Standard\JAK2_model\MLP
2023-05-27 14:42:42,880 [INFO] Model type : MLP
2023-05-27 14:42:42,880 [INFO] Use cores : 3
2023-05-27 14:42:42,926 [INFO] Start Learning model
2023-05-27 14:42:42,926 [INFO] Train : 112 | Valid : 28
2023-05-27 14:42:42,926 [INFO] Set parameters : {'hidden_layer_sizes': [(50,), (100,), (50, 50), (100, 100)], 'learning_rate': ['constant', 'invscaling', 'adaptive'], 'activation': ['relu', 'identity', 'logistic', 'tanh'], 'solver': ['adam', 'sgd', 'lbfgs'], 'alpha': [0.1, 0.01, 0.001], 'max_iter': [500, 1000], 'early_stopping': [True]}
2023-05-27 14:50:26,901 [INFO] GridSearchCV results :
     mean_valid_accuracy  mean_valid_precision  mean_valid_auc
146             0.991667                   1.0        0.990000
86              0.991667                   1.0        0.990000
668             0.964394                   1.0        0.960000
671             0.964394                   1.0        0.960000
674             0.964394                   1.0        0.960000
..                   ...                   ...             ...
612             0.598485                   0.0        0.500000
487             0.598485                   0.0        0.500000
109             0.589394                   0.0        0.491667
613             0.598485                   0.0        0.500000
468             0.598485                   0.0        0.500000

[864 rows x 3 columns]
2023-05-27 14:50:26,903 [INFO] Best model :
MLPClassifier(alpha=0.1, early_stopping=True, hidden_layer_sizes=(100, 100),
              max_iter=500, random_state=42)
2023-05-27 14:50:26,910 [INFO] Save train_prediction_log data...
2023-05-27 14:50:26,915 [INFO] {'Data': 'train', 'ACC': '1.0 (112 / 112)', 'TP': 45, 'FP': 0, 'FN': 0, 'TN': 67, 'Precision': '1.0 (45 / 45 + 0)', 'Recall': '1.0 (45 / 45 + 0)', 'F1': '1.0 (2 * (1.0 * 1.0) / 1.0 + 1.0)', 'Specificity': '1.0 (67 / 67 + 0)', 'AUC': 1.0, 'r2': 1.0}
2023-05-27 14:50:26,922 [INFO] Save valid_prediction_log data...
2023-05-27 14:50:26,925 [INFO] {'Data': 'valid', 'ACC': '1.0 (28 / 28)', 'TP': 11, 'FP': 0, 'FN': 0, 'TN': 17, 'Precision': '1.0 (11 / 11 + 0)', 'Recall': '1.0 (11 / 11 + 0)', 'F1': '1.0 (2 * (1.0 * 1.0) / 1.0 + 1.0)', 'Specificity': '1.0 (17 / 17 + 0)', 'AUC': 1.0, 'r2': 1.0}
2023-05-27 14:50:26,951 [INFO] Save test_prediction_log data...
2023-05-27 14:50:26,955 [INFO] {'Data': 'test', 'ACC': '0.61 (17 / 28)', 'TP': 1, 'FP': 1, 'FN': 10, 'TN': 16, 'Precision': '0.5 (1 / 1 + 1)', 'Recall': '0.09 (1 / 1 + 10)', 'F1': '0.15 (2 * (0.09 * 0.5) / 0.09 + 0.5)', 'Specificity': '0.94 (16 / 16 + 1)', 'AUC': 0.52, 'r2': -0.65}
2023-05-27 14:50:26,960 [INFO] Save training_log data...
2023-05-27 14:50:26,967 [INFO] Save score_log data...
2023-05-27 14:50:26,968 [INFO] Time : 464.0891213417053
