2023-05-27 12:16:21,778 [INFO] Train data : Vary_params\DUD-E\AKT2\nG1_20\ECFP4_256bits\Robust\AKT2_train_vector.tsv
2023-05-27 12:16:21,778 [INFO] Valid data : Vary_params\DUD-E\AKT2\nG1_20\ECFP4_256bits\Robust\AKT2_valid_vector.tsv
2023-05-27 12:16:21,778 [INFO] Output path : Vary_params\DUD-E\AKT2\nG1_20\ECFP4_256bits\Robust\AKT2_model\SVM
2023-05-27 12:16:21,778 [INFO] Model type : SVM
2023-05-27 12:16:21,778 [INFO] Use cores : 11
2023-05-27 12:16:21,792 [INFO] Start Learning model
2023-05-27 12:16:21,792 [INFO] Train : 155 | Valid : 31
2023-05-27 12:16:21,792 [INFO] Set parameters : {'kernel': ['linear', 'rbf'], 'C': [0.01, 0.1, 1, 10, 100, 1000], 'gamma': [0.01, 0.1, 1, 100, 1000]}
2023-05-27 12:16:25,070 [INFO] GridSearchCV results :
    mean_valid_accuracy  mean_valid_precision  mean_valid_auc
0              0.915833              0.906894          0.9125
20             0.915833              0.906894          0.9125
24             0.915833              0.906894          0.9125
26             0.915833              0.906894          0.9125
28             0.915833              0.906894          0.9125
32             0.915833              0.906894          0.9125
34             0.915833              0.906894          0.9125
36             0.915833              0.906894          0.9125
38             0.915833              0.906894          0.9125
40             0.915833              0.906894          0.9125
42             0.915833              0.906894          0.9125
44             0.915833              0.906894          0.9125
46             0.915833              0.906894          0.9125
48             0.915833              0.906894          0.9125
50             0.915833              0.906894          0.9125
52             0.915833              0.906894          0.9125
54             0.915833              0.906894          0.9125
56             0.915833              0.906894          0.9125
58             0.915833              0.906894          0.9125
22             0.915833              0.906894          0.9125
30             0.915833              0.906894          0.9125
10             0.915833              0.906894          0.9125
2              0.915833              0.906894          0.9125
18             0.915833              0.906894          0.9125
8              0.915833              0.906894          0.9125
16             0.915833              0.906894          0.9125
4              0.915833              0.906894          0.9125
12             0.915833              0.906894          0.9125
6              0.915833              0.906894          0.9125
14             0.915833              0.906894          0.9125
49             0.516667              0.516667          0.5000
9              0.516667              0.516667          0.5000
45             0.516667              0.516667          0.5000
47             0.516667              0.516667          0.5000
7              0.516667              0.516667          0.5000
21             0.516667              0.516667          0.5000
43             0.516667              0.516667          0.5000
5              0.516667              0.516667          0.5000
53             0.516667              0.516667          0.5000
55             0.516667              0.516667          0.5000
3              0.516667              0.516667          0.5000
57             0.516667              0.516667          0.5000
51             0.516667              0.516667          0.5000
11             0.516667              0.516667          0.5000
41             0.516667              0.516667          0.5000
19             0.516667              0.516667          0.5000
39             0.516667              0.516667          0.5000
37             0.516667              0.516667          0.5000
13             0.516667              0.516667          0.5000
35             0.516667              0.516667          0.5000
33             0.516667              0.516667          0.5000
15             0.516667              0.516667          0.5000
31             0.516667              0.516667          0.5000
1              0.516667              0.516667          0.5000
29             0.516667              0.516667          0.5000
27             0.516667              0.516667          0.5000
17             0.516667              0.516667          0.5000
25             0.516667              0.516667          0.5000
23             0.516667              0.516667          0.5000
59             0.516667              0.516667          0.5000
2023-05-27 12:16:25,074 [INFO] Best model :
SVC(C=0.01, gamma=0.01, kernel='linear', random_state=42)
2023-05-27 12:16:25,082 [INFO] Save train_prediction_log data...
2023-05-27 12:16:25,088 [INFO] {'Data': 'train', 'ACC': '1.0 (155 / 155)', 'TP': 80, 'FP': 0, 'FN': 0, 'TN': 75, 'Precision': '1.0 (80 / 80 + 0)', 'Recall': '1.0 (80 / 80 + 0)', 'F1': '1.0 (2 * (1.0 * 1.0) / 1.0 + 1.0)', 'Specificity': '1.0 (75 / 75 + 0)', 'AUC': 1.0, 'r2': 1.0}
2023-05-27 12:16:25,093 [INFO] Save valid_prediction_log data...
2023-05-27 12:16:25,096 [INFO] {'Data': 'valid', 'ACC': '0.94 (29 / 31)', 'TP': 12, 'FP': 2, 'FN': 0, 'TN': 17, 'Precision': '0.86 (12 / 12 + 2)', 'Recall': '1.0 (12 / 12 + 0)', 'F1': '0.92 (2 * (1.0 * 0.86) / 1.0 + 0.86)', 'Specificity': '0.89 (17 / 17 + 2)', 'AUC': 0.95, 'r2': 0.73}
2023-05-27 12:16:25,113 [INFO] Save test_prediction_log data...
2023-05-27 12:16:25,119 [INFO] {'Data': 'test', 'ACC': '0.61 (19 / 31)', 'TP': 8, 'FP': 8, 'FN': 4, 'TN': 11, 'Precision': '0.5 (8 / 8 + 8)', 'Recall': '0.67 (8 / 8 + 4)', 'F1': '0.57 (2 * (0.67 * 0.5) / 0.67 + 0.5)', 'Specificity': '0.58 (11 / 11 + 8)', 'AUC': 0.62, 'r2': -0.63}
2023-05-27 12:16:25,125 [INFO] Save training_log data...
2023-05-27 12:16:25,128 [INFO] Save score_log data...
2023-05-27 12:16:25,131 [INFO] Time : 3.352984666824341
