2023-05-29 02:36:16,412 [INFO] Train data : Vary_params_CDK2_EGFR_LCK\DUD-E\LCK\nG1_20\ECFP4_512bits\Standard\LCK_train_vector.tsv
2023-05-29 02:36:16,412 [INFO] Valid data : Vary_params_CDK2_EGFR_LCK\DUD-E\LCK\nG1_20\ECFP4_512bits\Standard\LCK_valid_vector.tsv
2023-05-29 02:36:16,412 [INFO] Output path : Vary_params_CDK2_EGFR_LCK\DUD-E\LCK\nG1_20\ECFP4_512bits\Standard\LCK_model\XGB
2023-05-29 02:36:16,412 [INFO] Model type : XGB
2023-05-29 02:36:16,412 [INFO] Use cores : 19
2023-05-29 02:36:16,489 [INFO] Start Learning model
2023-05-29 02:36:16,489 [INFO] Train : 766 | Valid : 185
2023-05-29 02:36:16,490 [INFO] Set parameters : {'max_depth': [4, 6, 8], 'learning_rate': [0.01, 0.2], 'n_estimators': [200, 600, 1000], 'gamma': [0, 1000], 'min_child_weight': [1, 3], 'subsample': [0.5, 1], 'colsample_bytree': [0.5, 1], 'objective': ['binary:logitraw'], 'eval_metric': ['auc', 'error']}
2023-05-29 03:01:14,646 [INFO] GridSearchCV results :
     mean_valid_accuracy  mean_valid_precision  mean_valid_auc
460             0.975273              0.987332        0.972658
448             0.975273              0.987332        0.972658
316             0.975273              0.987332        0.972658
304             0.975273              0.987332        0.972658
170             0.970079              0.987200        0.966550
..                   ...                   ...             ...
102             0.577033              0.000000        0.500000
103             0.577033              0.000000        0.500000
104             0.577033              0.000000        0.500000
105             0.577033              0.000000        0.500000
575             0.577033              0.000000        0.500000

[576 rows x 3 columns]
2023-05-29 03:01:14,648 [INFO] Best model :
XGBClassifier(base_score=None, booster=None, callbacks=None,
              colsample_bylevel=None, colsample_bynode=None, colsample_bytree=1,
              early_stopping_rounds=None, enable_categorical=False,
              eval_metric='auc', feature_types=None, gamma=0, gpu_id=None,
              grow_policy=None, importance_type=None,
              interaction_constraints=None, learning_rate=0.01, max_bin=None,
              max_cat_threshold=None, max_cat_to_onehot=None,
              max_delta_step=None, max_depth=6, max_leaves=None,
              min_child_weight=1, missing=nan, monotone_constraints=None,
              n_estimators=1000, n_jobs=0, num_parallel_tree=None,
              objective='binary:logitraw', predictor=None, ...)
2023-05-29 03:01:14,666 [INFO] Save train_prediction_log data...
2023-05-29 03:01:14,670 [INFO] {'Data': 'train', 'ACC': '0.99 (762 / 766)', 'TP': 320, 'FP': 0, 'FN': 4, 'TN': 442, 'Precision': '1.0 (320 / 320 + 0)', 'Recall': '0.99 (320 / 320 + 4)', 'F1': '0.99 (2 * (0.99 * 1.0) / 0.99 + 1.0)', 'Specificity': '1.0 (442 / 442 + 0)', 'AUC': 0.99, 'r2': 0.98}
2023-05-29 03:01:14,685 [INFO] Save valid_prediction_log data...
2023-05-29 03:01:14,688 [INFO] {'Data': 'valid', 'ACC': '0.99 (184 / 185)', 'TP': 74, 'FP': 1, 'FN': 0, 'TN': 110, 'Precision': '0.99 (74 / 74 + 1)', 'Recall': '1.0 (74 / 74 + 0)', 'F1': '0.99 (2 * (1.0 * 0.99) / 1.0 + 0.99)', 'Specificity': '0.99 (110 / 110 + 1)', 'AUC': 1.0, 'r2': 0.98}
2023-05-29 03:01:14,726 [INFO] Save test_prediction_log data...
2023-05-29 03:01:14,729 [INFO] {'Data': 'test', 'ACC': '0.7 (129 / 185)', 'TP': 51, 'FP': 33, 'FN': 23, 'TN': 78, 'Precision': '0.61 (51 / 51 + 33)', 'Recall': '0.69 (51 / 51 + 23)', 'F1': '0.65 (2 * (0.69 * 0.61) / 0.69 + 0.61)', 'Specificity': '0.7 (78 / 78 + 33)', 'AUC': 0.7, 'r2': -0.26}
2023-05-29 03:01:14,748 [INFO] Save training_log data...
2023-05-29 03:01:14,754 [INFO] Save score_log data...
2023-05-29 03:01:14,755 [INFO] Time : 1498.342967748642
