2023-05-27 14:15:28,716 [INFO] Train data : Vary_params\DUD-E\AKT2\nG1_20\ECFP6_256bits\Robust\AKT2_train_vector.tsv
2023-05-27 14:15:28,716 [INFO] Valid data : Vary_params\DUD-E\AKT2\nG1_20\ECFP6_256bits\Robust\AKT2_valid_vector.tsv
2023-05-27 14:15:28,716 [INFO] Output path : Vary_params\DUD-E\AKT2\nG1_20\ECFP6_256bits\Robust\AKT2_model\SVM
2023-05-27 14:15:28,717 [INFO] Model type : SVM
2023-05-27 14:15:28,717 [INFO] Use cores : 11
2023-05-27 14:15:28,729 [INFO] Start Learning model
2023-05-27 14:15:28,730 [INFO] Train : 155 | Valid : 31
2023-05-27 14:15:28,730 [INFO] Set parameters : {'kernel': ['linear', 'rbf'], 'C': [0.01, 0.1, 1, 10, 100, 1000], 'gamma': [0.01, 0.1, 1, 100, 1000]}
2023-05-27 14:15:32,006 [INFO] GridSearchCV results :
    mean_valid_accuracy  mean_valid_precision  mean_valid_auc
0              0.869583              0.863719        0.866964
20             0.869583              0.863719        0.866964
24             0.869583              0.863719        0.866964
26             0.869583              0.863719        0.866964
28             0.869583              0.863719        0.866964
32             0.869583              0.863719        0.866964
34             0.869583              0.863719        0.866964
36             0.869583              0.863719        0.866964
38             0.869583              0.863719        0.866964
40             0.869583              0.863719        0.866964
42             0.869583              0.863719        0.866964
44             0.869583              0.863719        0.866964
46             0.869583              0.863719        0.866964
48             0.869583              0.863719        0.866964
50             0.869583              0.863719        0.866964
52             0.869583              0.863719        0.866964
54             0.869583              0.863719        0.866964
56             0.869583              0.863719        0.866964
58             0.869583              0.863719        0.866964
22             0.869583              0.863719        0.866964
30             0.869583              0.863719        0.866964
10             0.869583              0.863719        0.866964
2              0.869583              0.863719        0.866964
18             0.869583              0.863719        0.866964
8              0.869583              0.863719        0.866964
16             0.869583              0.863719        0.866964
4              0.869583              0.863719        0.866964
12             0.869583              0.863719        0.866964
6              0.869583              0.863719        0.866964
14             0.869583              0.863719        0.866964
49             0.516667              0.516667        0.500000
9              0.516667              0.516667        0.500000
45             0.516667              0.516667        0.500000
47             0.516667              0.516667        0.500000
7              0.516667              0.516667        0.500000
21             0.516667              0.516667        0.500000
43             0.516667              0.516667        0.500000
5              0.516667              0.516667        0.500000
53             0.516667              0.516667        0.500000
55             0.516667              0.516667        0.500000
3              0.516667              0.516667        0.500000
57             0.516667              0.516667        0.500000
51             0.516667              0.516667        0.500000
11             0.516667              0.516667        0.500000
41             0.516667              0.516667        0.500000
19             0.516667              0.516667        0.500000
39             0.516667              0.516667        0.500000
37             0.516667              0.516667        0.500000
13             0.516667              0.516667        0.500000
35             0.516667              0.516667        0.500000
33             0.516667              0.516667        0.500000
15             0.516667              0.516667        0.500000
31             0.516667              0.516667        0.500000
1              0.516667              0.516667        0.500000
29             0.516667              0.516667        0.500000
27             0.516667              0.516667        0.500000
17             0.516667              0.516667        0.500000
25             0.516667              0.516667        0.500000
23             0.516667              0.516667        0.500000
59             0.516667              0.516667        0.500000
2023-05-27 14:15:32,017 [INFO] Best model :
SVC(C=0.01, gamma=0.01, kernel='linear', random_state=42)
2023-05-27 14:15:32,029 [INFO] Save train_prediction_log data...
2023-05-27 14:15:32,033 [INFO] {'Data': 'train', 'ACC': '1.0 (155 / 155)', 'TP': 80, 'FP': 0, 'FN': 0, 'TN': 75, 'Precision': '1.0 (80 / 80 + 0)', 'Recall': '1.0 (80 / 80 + 0)', 'F1': '1.0 (2 * (1.0 * 1.0) / 1.0 + 1.0)', 'Specificity': '1.0 (75 / 75 + 0)', 'AUC': 1.0, 'r2': 1.0}
2023-05-27 14:15:32,038 [INFO] Save valid_prediction_log data...
2023-05-27 14:15:32,041 [INFO] {'Data': 'valid', 'ACC': '0.74 (23 / 31)', 'TP': 12, 'FP': 8, 'FN': 0, 'TN': 11, 'Precision': '0.6 (12 / 12 + 8)', 'Recall': '1.0 (12 / 12 + 0)', 'F1': '0.75 (2 * (1.0 * 0.6) / 1.0 + 0.6)', 'Specificity': '0.58 (11 / 11 + 8)', 'AUC': 0.79, 'r2': -0.09}
2023-05-27 14:15:32,051 [INFO] Save test_prediction_log data...
2023-05-27 14:15:32,055 [INFO] {'Data': 'test', 'ACC': '0.65 (20 / 31)', 'TP': 10, 'FP': 9, 'FN': 2, 'TN': 10, 'Precision': '0.53 (10 / 10 + 9)', 'Recall': '0.83 (10 / 10 + 2)', 'F1': '0.65 (2 * (0.83 * 0.53) / 0.83 + 0.53)', 'Specificity': '0.53 (10 / 10 + 9)', 'AUC': 0.68, 'r2': -0.5}
2023-05-27 14:15:32,060 [INFO] Save training_log data...
2023-05-27 14:15:32,063 [INFO] Save score_log data...
2023-05-27 14:15:32,065 [INFO] Time : 3.349106788635254
