2023-05-28 22:40:38,872 [INFO] Train data : Vary_params_ABL_BRAF_FGFR1\DUD-E\ABL1\nG1_80\ECFP4_256bits\MinMax\ABL1_train_vector.tsv
2023-05-28 22:40:38,872 [INFO] Valid data : Vary_params_ABL_BRAF_FGFR1\DUD-E\ABL1\nG1_80\ECFP4_256bits\MinMax\ABL1_valid_vector.tsv
2023-05-28 22:40:38,872 [INFO] Output path : Vary_params_ABL_BRAF_FGFR1\DUD-E\ABL1\nG1_80\ECFP4_256bits\MinMax\ABL1_model\SVM
2023-05-28 22:40:38,872 [INFO] Model type : SVM
2023-05-28 22:40:38,872 [INFO] Use cores : 19
2023-05-28 22:40:38,892 [INFO] Start Learning model
2023-05-28 22:40:38,892 [INFO] Train : 234 | Valid : 66
2023-05-28 22:40:38,892 [INFO] Set parameters : {'kernel': ['linear', 'rbf'], 'C': [0.01, 0.1, 1, 10, 100, 1000], 'gamma': [0.01, 0.1, 1, 100, 1000]}
2023-05-28 22:40:42,286 [INFO] GridSearchCV results :
    mean_valid_accuracy  mean_valid_precision  mean_valid_auc
0              0.970471              1.000000        0.954464
2              0.970471              1.000000        0.954464
33             0.838406              1.000000        0.753571
4              0.970471              1.000000        0.954464
6              0.970471              1.000000        0.954464
23             0.795471              1.000000        0.687500
8              0.970471              1.000000        0.954464
53             0.838406              1.000000        0.753571
43             0.838406              1.000000        0.753571
21             0.970471              1.000000        0.954464
14             0.970290              0.976389        0.961399
41             0.970290              0.976389        0.961399
18             0.970290              0.976389        0.961399
16             0.970290              0.976389        0.961399
51             0.970290              0.976389        0.961399
12             0.970290              0.976389        0.961399
10             0.970290              0.976389        0.961399
31             0.970290              0.976389        0.961399
48             0.961594              0.949603        0.955149
46             0.961594              0.949603        0.955149
44             0.961594              0.949603        0.955149
52             0.961594              0.949603        0.955149
32             0.961594              0.949603        0.955149
50             0.961594              0.949603        0.955149
42             0.961594              0.949603        0.955149
56             0.961594              0.949603        0.955149
40             0.961594              0.949603        0.955149
38             0.961594              0.949603        0.955149
36             0.961594              0.949603        0.955149
34             0.961594              0.949603        0.955149
58             0.961594              0.949603        0.955149
54             0.961594              0.949603        0.955149
30             0.961594              0.949603        0.955149
22             0.961594              0.949603        0.955149
20             0.961594              0.949603        0.955149
28             0.961594              0.949603        0.955149
26             0.961594              0.949603        0.955149
24             0.961594              0.949603        0.955149
57             0.683877              0.200000        0.513393
49             0.683877              0.200000        0.513393
47             0.683877              0.200000        0.513393
29             0.683877              0.200000        0.513393
45             0.683877              0.200000        0.513393
59             0.683877              0.200000        0.513393
25             0.683877              0.200000        0.513393
39             0.683877              0.200000        0.513393
27             0.683877              0.200000        0.513393
37             0.683877              0.200000        0.513393
35             0.683877              0.200000        0.513393
55             0.683877              0.200000        0.513393
7              0.675362              0.000000        0.500000
3              0.675362              0.000000        0.500000
5              0.675362              0.000000        0.500000
1              0.675362              0.000000        0.500000
9              0.675362              0.000000        0.500000
11             0.675362              0.000000        0.500000
13             0.675362              0.000000        0.500000
15             0.675362              0.000000        0.500000
17             0.675362              0.000000        0.500000
19             0.675362              0.000000        0.500000
2023-05-28 22:40:42,287 [INFO] Best model :
SVC(C=0.01, gamma=0.01, kernel='linear', random_state=42)
2023-05-28 22:40:42,292 [INFO] Save train_prediction_log data...
2023-05-28 22:40:42,295 [INFO] {'Data': 'train', 'ACC': '0.97 (228 / 234)', 'TP': 70, 'FP': 0, 'FN': 6, 'TN': 158, 'Precision': '1.0 (70 / 70 + 0)', 'Recall': '0.92 (70 / 70 + 6)', 'F1': '0.96 (2 * (0.92 * 1.0) / 0.92 + 1.0)', 'Specificity': '1.0 (158 / 158 + 0)', 'AUC': 0.96, 'r2': 0.88}
2023-05-28 22:40:42,298 [INFO] Save valid_prediction_log data...
2023-05-28 22:40:42,300 [INFO] {'Data': 'valid', 'ACC': '1.0 (66 / 66)', 'TP': 26, 'FP': 0, 'FN': 0, 'TN': 40, 'Precision': '1.0 (26 / 26 + 0)', 'Recall': '1.0 (26 / 26 + 0)', 'F1': '1.0 (2 * (1.0 * 1.0) / 1.0 + 1.0)', 'Specificity': '1.0 (40 / 40 + 0)', 'AUC': 1.0, 'r2': 1.0}
2023-05-28 22:40:42,308 [INFO] Save test_prediction_log data...
2023-05-28 22:40:42,310 [INFO] {'Data': 'test', 'ACC': '0.67 (44 / 66)', 'TP': 6, 'FP': 2, 'FN': 20, 'TN': 38, 'Precision': '0.75 (6 / 6 + 2)', 'Recall': '0.23 (6 / 6 + 20)', 'F1': '0.35 (2 * (0.23 * 0.75) / 0.23 + 0.75)', 'Specificity': '0.95 (38 / 38 + 2)', 'AUC': 0.59, 'r2': -0.4}
2023-05-28 22:40:42,312 [INFO] Save training_log data...
2023-05-28 22:40:42,313 [INFO] Save score_log data...
2023-05-28 22:40:42,314 [INFO] Time : 3.441814422607422
