2023-05-29 00:36:45,388 [INFO] Train data : Vary_params_ABL_BRAF_FGFR1\DUD-E\ABL1\nG1_80\ECFP6_512bits\MinMax\ABL1_train_vector.tsv
2023-05-29 00:36:45,388 [INFO] Valid data : Vary_params_ABL_BRAF_FGFR1\DUD-E\ABL1\nG1_80\ECFP6_512bits\MinMax\ABL1_valid_vector.tsv
2023-05-29 00:36:45,389 [INFO] Output path : Vary_params_ABL_BRAF_FGFR1\DUD-E\ABL1\nG1_80\ECFP6_512bits\MinMax\ABL1_model\SVM
2023-05-29 00:36:45,389 [INFO] Model type : SVM
2023-05-29 00:36:45,389 [INFO] Use cores : 19
2023-05-29 00:36:45,410 [INFO] Start Learning model
2023-05-29 00:36:45,410 [INFO] Train : 234 | Valid : 66
2023-05-29 00:36:45,411 [INFO] Set parameters : {'kernel': ['linear', 'rbf'], 'C': [0.01, 0.1, 1, 10, 100, 1000], 'gamma': [0.01, 0.1, 1, 100, 1000]}
2023-05-29 00:36:49,237 [INFO] GridSearchCV results :
    mean_valid_accuracy  mean_valid_precision  mean_valid_auc
31             0.966123              0.987500        0.951339
51             0.966123              0.987500        0.951339
41             0.966123              0.987500        0.951339
0              0.953442              0.985714        0.931696
2              0.953442              0.985714        0.931696
4              0.953442              0.985714        0.931696
6              0.953442              0.985714        0.931696
21             0.949275              0.985714        0.925446
8              0.953442              0.985714        0.931696
42             0.970290              0.975000        0.961607
32             0.970290              0.975000        0.961607
34             0.970290              0.975000        0.961607
36             0.970290              0.975000        0.961607
38             0.970290              0.975000        0.961607
40             0.970290              0.975000        0.961607
48             0.970290              0.975000        0.961607
44             0.970290              0.975000        0.961607
46             0.970290              0.975000        0.961607
26             0.970290              0.975000        0.961607
50             0.970290              0.975000        0.961607
52             0.970290              0.975000        0.961607
54             0.970290              0.975000        0.961607
56             0.970290              0.975000        0.961607
58             0.970290              0.975000        0.961607
28             0.970290              0.975000        0.961607
30             0.970290              0.975000        0.961607
12             0.970290              0.975000        0.961607
18             0.970290              0.975000        0.961607
24             0.970290              0.975000        0.961607
14             0.970290              0.975000        0.961607
10             0.970290              0.975000        0.961607
16             0.970290              0.975000        0.961607
22             0.970290              0.975000        0.961607
20             0.970290              0.975000        0.961607
53             0.683877              0.200000        0.513393
43             0.683877              0.200000        0.513393
33             0.683877              0.200000        0.513393
23             0.683877              0.200000        0.513393
47             0.675362              0.000000        0.500000
7              0.675362              0.000000        0.500000
5              0.675362              0.000000        0.500000
9              0.675362              0.000000        0.500000
57             0.675362              0.000000        0.500000
11             0.675362              0.000000        0.500000
3              0.675362              0.000000        0.500000
49             0.675362              0.000000        0.500000
55             0.675362              0.000000        0.500000
25             0.675362              0.000000        0.500000
13             0.675362              0.000000        0.500000
45             0.675362              0.000000        0.500000
27             0.675362              0.000000        0.500000
15             0.675362              0.000000        0.500000
17             0.675362              0.000000        0.500000
39             0.675362              0.000000        0.500000
37             0.675362              0.000000        0.500000
19             0.675362              0.000000        0.500000
35             0.675362              0.000000        0.500000
1              0.675362              0.000000        0.500000
29             0.675362              0.000000        0.500000
59             0.675362              0.000000        0.500000
2023-05-29 00:36:49,238 [INFO] Best model :
SVC(C=10, gamma=0.01, random_state=42)
2023-05-29 00:36:49,248 [INFO] Save train_prediction_log data...
2023-05-29 00:36:49,251 [INFO] {'Data': 'train', 'ACC': '1.0 (234 / 234)', 'TP': 76, 'FP': 0, 'FN': 0, 'TN': 158, 'Precision': '1.0 (76 / 76 + 0)', 'Recall': '1.0 (76 / 76 + 0)', 'F1': '1.0 (2 * (1.0 * 1.0) / 1.0 + 1.0)', 'Specificity': '1.0 (158 / 158 + 0)', 'AUC': 1.0, 'r2': 1.0}
2023-05-29 00:36:49,256 [INFO] Save valid_prediction_log data...
2023-05-29 00:36:49,258 [INFO] {'Data': 'valid', 'ACC': '1.0 (66 / 66)', 'TP': 26, 'FP': 0, 'FN': 0, 'TN': 40, 'Precision': '1.0 (26 / 26 + 0)', 'Recall': '1.0 (26 / 26 + 0)', 'F1': '1.0 (2 * (1.0 * 1.0) / 1.0 + 1.0)', 'Specificity': '1.0 (40 / 40 + 0)', 'AUC': 1.0, 'r2': 1.0}
2023-05-29 00:36:49,274 [INFO] Save test_prediction_log data...
2023-05-29 00:36:49,276 [INFO] {'Data': 'test', 'ACC': '0.65 (43 / 66)', 'TP': 6, 'FP': 3, 'FN': 20, 'TN': 37, 'Precision': '0.67 (6 / 6 + 3)', 'Recall': '0.23 (6 / 6 + 20)', 'F1': '0.34 (2 * (0.23 * 0.67) / 0.23 + 0.67)', 'Specificity': '0.92 (37 / 37 + 3)', 'AUC': 0.58, 'r2': -0.46}
2023-05-29 00:36:49,278 [INFO] Save training_log data...
2023-05-29 00:36:49,279 [INFO] Save score_log data...
2023-05-29 00:36:49,279 [INFO] Time : 3.8900251388549805
