2023-05-28 19:28:47,653 [INFO] Train data : Vary_params_CDK2_EGFR_LCK\DUD-E\EGFR\nG1_80\ECFP4_256bits\Robust\EGFR_train_vector.tsv
2023-05-28 19:28:47,653 [INFO] Valid data : Vary_params_CDK2_EGFR_LCK\DUD-E\EGFR\nG1_80\ECFP4_256bits\Robust\EGFR_valid_vector.tsv
2023-05-28 19:28:47,653 [INFO] Output path : Vary_params_CDK2_EGFR_LCK\DUD-E\EGFR\nG1_80\ECFP4_256bits\Robust\EGFR_model\MLP
2023-05-28 19:28:47,653 [INFO] Model type : MLP
2023-05-28 19:28:47,653 [INFO] Use cores : 19
2023-05-28 19:28:47,672 [INFO] Start Learning model
2023-05-28 19:28:47,672 [INFO] Train : 840 | Valid : 218
2023-05-28 19:28:47,673 [INFO] Set parameters : {'hidden_layer_sizes': [(50,), (100,), (50, 50), (100, 100)], 'learning_rate': ['constant', 'invscaling', 'adaptive'], 'activation': ['relu', 'identity', 'logistic', 'tanh'], 'solver': ['adam', 'sgd', 'lbfgs'], 'alpha': [0.1, 0.01, 0.001], 'max_iter': [500, 1000], 'early_stopping': [True]}
2023-05-28 19:33:47,713 [INFO] GridSearchCV results :
     mean_valid_accuracy  mean_valid_precision  mean_valid_auc
636             0.932143              0.963944        0.916699
639             0.932143              0.963944        0.916699
642             0.932143              0.963944        0.916699
645             0.932143              0.963944        0.916699
633             0.932143              0.963944        0.916699
..                   ...                   ...             ...
559             0.622619              0.100000        0.501563
487             0.622619              0.100000        0.501563
490             0.622619              0.100000        0.501563
499             0.622619              0.100000        0.501563
574             0.622619              0.100000        0.501563

[864 rows x 3 columns]
2023-05-28 19:33:47,714 [INFO] Best model :
MLPClassifier(activation='logistic', alpha=0.001, early_stopping=True,
              hidden_layer_sizes=(100, 100), max_iter=500, random_state=42)
2023-05-28 19:33:47,732 [INFO] Save train_prediction_log data...
2023-05-28 19:33:47,735 [INFO] {'Data': 'train', 'ACC': '0.98 (826 / 840)', 'TP': 305, 'FP': 1, 'FN': 13, 'TN': 521, 'Precision': '1.0 (305 / 305 + 1)', 'Recall': '0.96 (305 / 305 + 13)', 'F1': '0.98 (2 * (0.96 * 1.0) / 0.96 + 1.0)', 'Specificity': '1.0 (521 / 521 + 1)', 'AUC': 0.98, 'r2': 0.93}
2023-05-28 19:33:47,741 [INFO] Save valid_prediction_log data...
2023-05-28 19:33:47,743 [INFO] {'Data': 'valid', 'ACC': '0.94 (204 / 218)', 'TP': 77, 'FP': 4, 'FN': 10, 'TN': 127, 'Precision': '0.95 (77 / 77 + 4)', 'Recall': '0.89 (77 / 77 + 10)', 'F1': '0.92 (2 * (0.89 * 0.95) / 0.89 + 0.95)', 'Specificity': '0.97 (127 / 127 + 4)', 'AUC': 0.93, 'r2': 0.73}
2023-05-28 19:33:47,755 [INFO] Save test_prediction_log data...
2023-05-28 19:33:47,758 [INFO] {'Data': 'test', 'ACC': '0.58 (126 / 218)', 'TP': 27, 'FP': 32, 'FN': 60, 'TN': 99, 'Precision': '0.46 (27 / 27 + 32)', 'Recall': '0.31 (27 / 27 + 60)', 'F1': '0.37 (2 * (0.31 * 0.46) / 0.31 + 0.46)', 'Specificity': '0.76 (99 / 99 + 32)', 'AUC': 0.53, 'r2': -0.76}
2023-05-28 19:33:47,760 [INFO] Save training_log data...
2023-05-28 19:33:47,766 [INFO] Save score_log data...
2023-05-28 19:33:47,767 [INFO] Time : 300.11387515068054
