2023-05-27 05:57:10,557 [INFO] Train data : Vary_params\DUD-E\MET\nG1_80\ECFP6_512bits\Standard\MET_train_vector.tsv
2023-05-27 05:57:10,557 [INFO] Valid data : Vary_params\DUD-E\MET\nG1_80\ECFP6_512bits\Standard\MET_valid_vector.tsv
2023-05-27 05:57:10,557 [INFO] Output path : Vary_params\DUD-E\MET\nG1_80\ECFP6_512bits\Standard\MET_model\SVM
2023-05-27 05:57:10,557 [INFO] Model type : SVM
2023-05-27 05:57:10,557 [INFO] Use cores : 10
2023-05-27 05:57:10,590 [INFO] Start Learning model
2023-05-27 05:57:10,590 [INFO] Train : 166 | Valid : 49
2023-05-27 05:57:10,590 [INFO] Set parameters : {'kernel': ['linear', 'rbf'], 'C': [0.01, 0.1, 1, 10, 100, 1000], 'gamma': [0.01, 0.1, 1, 100, 1000]}
2023-05-27 05:57:13,569 [INFO] GridSearchCV results :
    mean_valid_accuracy  mean_valid_precision  mean_valid_auc
0              0.988235                   1.0            0.98
20             0.988235                   1.0            0.98
24             0.988235                   1.0            0.98
26             0.988235                   1.0            0.98
28             0.988235                   1.0            0.98
32             0.988235                   1.0            0.98
34             0.988235                   1.0            0.98
36             0.988235                   1.0            0.98
38             0.988235                   1.0            0.98
40             0.988235                   1.0            0.98
42             0.988235                   1.0            0.98
44             0.988235                   1.0            0.98
46             0.988235                   1.0            0.98
48             0.988235                   1.0            0.98
50             0.988235                   1.0            0.98
52             0.988235                   1.0            0.98
54             0.988235                   1.0            0.98
56             0.988235                   1.0            0.98
58             0.988235                   1.0            0.98
22             0.988235                   1.0            0.98
30             0.988235                   1.0            0.98
10             0.988235                   1.0            0.98
2              0.988235                   1.0            0.98
18             0.988235                   1.0            0.98
8              0.988235                   1.0            0.98
16             0.988235                   1.0            0.98
4              0.988235                   1.0            0.98
12             0.988235                   1.0            0.98
6              0.988235                   1.0            0.98
14             0.988235                   1.0            0.98
49             0.711029                   0.0            0.50
9              0.711029                   0.0            0.50
45             0.711029                   0.0            0.50
47             0.711029                   0.0            0.50
7              0.711029                   0.0            0.50
21             0.711029                   0.0            0.50
43             0.711029                   0.0            0.50
5              0.711029                   0.0            0.50
53             0.711029                   0.0            0.50
55             0.711029                   0.0            0.50
3              0.711029                   0.0            0.50
57             0.711029                   0.0            0.50
51             0.711029                   0.0            0.50
11             0.711029                   0.0            0.50
41             0.711029                   0.0            0.50
19             0.711029                   0.0            0.50
39             0.711029                   0.0            0.50
37             0.711029                   0.0            0.50
13             0.711029                   0.0            0.50
35             0.711029                   0.0            0.50
33             0.711029                   0.0            0.50
15             0.711029                   0.0            0.50
31             0.711029                   0.0            0.50
1              0.711029                   0.0            0.50
29             0.711029                   0.0            0.50
27             0.711029                   0.0            0.50
17             0.711029                   0.0            0.50
25             0.711029                   0.0            0.50
23             0.711029                   0.0            0.50
59             0.711029                   0.0            0.50
2023-05-27 05:57:13,572 [INFO] Best model :
SVC(C=0.01, gamma=0.01, kernel='linear', random_state=42)
2023-05-27 05:57:13,578 [INFO] Save train_prediction_log data...
2023-05-27 05:57:13,581 [INFO] {'Data': 'train', 'ACC': '1.0 (166 / 166)', 'TP': 48, 'FP': 0, 'FN': 0, 'TN': 118, 'Precision': '1.0 (48 / 48 + 0)', 'Recall': '1.0 (48 / 48 + 0)', 'F1': '1.0 (2 * (1.0 * 1.0) / 1.0 + 1.0)', 'Specificity': '1.0 (118 / 118 + 0)', 'AUC': 1.0, 'r2': 1.0}
2023-05-27 05:57:13,586 [INFO] Save valid_prediction_log data...
2023-05-27 05:57:13,588 [INFO] {'Data': 'valid', 'ACC': '1.0 (49 / 49)', 'TP': 20, 'FP': 0, 'FN': 0, 'TN': 29, 'Precision': '1.0 (20 / 20 + 0)', 'Recall': '1.0 (20 / 20 + 0)', 'F1': '1.0 (2 * (1.0 * 1.0) / 1.0 + 1.0)', 'Specificity': '1.0 (29 / 29 + 0)', 'AUC': 1.0, 'r2': 1.0}
2023-05-27 05:57:13,605 [INFO] Save test_prediction_log data...
2023-05-27 05:57:13,607 [INFO] {'Data': 'test', 'ACC': '0.61 (30 / 49)', 'TP': 2, 'FP': 1, 'FN': 18, 'TN': 28, 'Precision': '0.67 (2 / 2 + 1)', 'Recall': '0.1 (2 / 2 + 18)', 'F1': '0.17 (2 * (0.1 * 0.67) / 0.1 + 0.67)', 'Specificity': '0.97 (28 / 28 + 1)', 'AUC': 0.53, 'r2': -0.61}
2023-05-27 05:57:13,609 [INFO] Save training_log data...
2023-05-27 05:57:13,611 [INFO] Save score_log data...
2023-05-27 05:57:13,611 [INFO] Time : 3.053999900817871
