2023-05-26 19:52:36,485 [INFO] Train data : Vary_params\DUD-E\AKT1\nG1_50\ECFP4_256bits\Robust\AKT1_train_vector.tsv
2023-05-26 19:52:36,485 [INFO] Valid data : Vary_params\DUD-E\AKT1\nG1_50\ECFP4_256bits\Robust\AKT1_valid_vector.tsv
2023-05-26 19:52:36,485 [INFO] Output path : Vary_params\DUD-E\AKT1\nG1_50\ECFP4_256bits\Robust\AKT1_model\SVM
2023-05-26 19:52:36,485 [INFO] Model type : SVM
2023-05-26 19:52:36,485 [INFO] Use cores : 11
2023-05-26 19:52:36,505 [INFO] Start Learning model
2023-05-26 19:52:36,505 [INFO] Train : 481 | Valid : 120
2023-05-26 19:52:36,505 [INFO] Set parameters : {'kernel': ['linear', 'rbf'], 'C': [0.01, 0.1, 1, 10, 100, 1000], 'gamma': [0.01, 0.1, 1, 100, 1000]}
2023-05-26 19:52:41,268 [INFO] GridSearchCV results :
    mean_valid_accuracy  mean_valid_precision  mean_valid_auc
0              0.950213              0.936021        0.949367
20             0.950213              0.936021        0.949367
24             0.950213              0.936021        0.949367
26             0.950213              0.936021        0.949367
28             0.950213              0.936021        0.949367
32             0.950213              0.936021        0.949367
34             0.950213              0.936021        0.949367
36             0.950213              0.936021        0.949367
38             0.950213              0.936021        0.949367
40             0.950213              0.936021        0.949367
42             0.950213              0.936021        0.949367
44             0.950213              0.936021        0.949367
46             0.950213              0.936021        0.949367
48             0.950213              0.936021        0.949367
50             0.950213              0.936021        0.949367
52             0.950213              0.936021        0.949367
54             0.950213              0.936021        0.949367
56             0.950213              0.936021        0.949367
58             0.950213              0.936021        0.949367
22             0.950213              0.936021        0.949367
30             0.950213              0.936021        0.949367
10             0.950213              0.936021        0.949367
2              0.950213              0.936021        0.949367
18             0.950213              0.936021        0.949367
8              0.950213              0.936021        0.949367
16             0.950213              0.936021        0.949367
4              0.950213              0.936021        0.949367
12             0.950213              0.936021        0.949367
6              0.950213              0.936021        0.949367
14             0.950213              0.936021        0.949367
49             0.600850              0.000000        0.500000
9              0.600850              0.000000        0.500000
45             0.600850              0.000000        0.500000
47             0.600850              0.000000        0.500000
7              0.600850              0.000000        0.500000
21             0.600850              0.000000        0.500000
43             0.600850              0.000000        0.500000
5              0.600850              0.000000        0.500000
53             0.600850              0.000000        0.500000
55             0.600850              0.000000        0.500000
3              0.600850              0.000000        0.500000
57             0.600850              0.000000        0.500000
51             0.600850              0.000000        0.500000
11             0.600850              0.000000        0.500000
41             0.600850              0.000000        0.500000
19             0.600850              0.000000        0.500000
39             0.600850              0.000000        0.500000
37             0.600850              0.000000        0.500000
13             0.600850              0.000000        0.500000
35             0.600850              0.000000        0.500000
33             0.600850              0.000000        0.500000
15             0.600850              0.000000        0.500000
31             0.600850              0.000000        0.500000
1              0.600850              0.000000        0.500000
29             0.600850              0.000000        0.500000
27             0.600850              0.000000        0.500000
17             0.600850              0.000000        0.500000
25             0.600850              0.000000        0.500000
23             0.600850              0.000000        0.500000
59             0.600850              0.000000        0.500000
2023-05-26 19:52:41,269 [INFO] Best model :
SVC(C=0.01, gamma=0.01, kernel='linear', random_state=42)
2023-05-26 19:52:41,278 [INFO] Save train_prediction_log data...
2023-05-26 19:52:41,282 [INFO] {'Data': 'train', 'ACC': '1.0 (481 / 481)', 'TP': 192, 'FP': 0, 'FN': 0, 'TN': 289, 'Precision': '1.0 (192 / 192 + 0)', 'Recall': '1.0 (192 / 192 + 0)', 'F1': '1.0 (2 * (1.0 * 1.0) / 1.0 + 1.0)', 'Specificity': '1.0 (289 / 289 + 0)', 'AUC': 1.0, 'r2': 1.0}
2023-05-26 19:52:41,287 [INFO] Save valid_prediction_log data...
2023-05-26 19:52:41,290 [INFO] {'Data': 'valid', 'ACC': '0.98 (117 / 120)', 'TP': 48, 'FP': 3, 'FN': 0, 'TN': 69, 'Precision': '0.94 (48 / 48 + 3)', 'Recall': '1.0 (48 / 48 + 0)', 'F1': '0.97 (2 * (1.0 * 0.94) / 1.0 + 0.94)', 'Specificity': '0.96 (69 / 69 + 3)', 'AUC': 0.98, 'r2': 0.9}
2023-05-26 19:52:41,305 [INFO] Save test_prediction_log data...
2023-05-26 19:52:41,308 [INFO] {'Data': 'test', 'ACC': '0.68 (81 / 120)', 'TP': 28, 'FP': 19, 'FN': 20, 'TN': 53, 'Precision': '0.6 (28 / 28 + 19)', 'Recall': '0.58 (28 / 28 + 20)', 'F1': '0.59 (2 * (0.58 * 0.6) / 0.58 + 0.6)', 'Specificity': '0.74 (53 / 53 + 19)', 'AUC': 0.66, 'r2': -0.35}
2023-05-26 19:52:41,311 [INFO] Save training_log data...
2023-05-26 19:52:41,313 [INFO] Save score_log data...
2023-05-26 19:52:41,314 [INFO] Time : 4.828383207321167
