2023-05-30 04:45:23,626 [INFO] Train data : Vary_params_BRAF_MK14\DUD-E\MK14\nG1_50\ECFP4_256bits\Standard\MK14_train_vector.tsv
2023-05-30 04:45:23,626 [INFO] Valid data : Vary_params_BRAF_MK14\DUD-E\MK14\nG1_50\ECFP4_256bits\Standard\MK14_valid_vector.tsv
2023-05-30 04:45:23,626 [INFO] Output path : Vary_params_BRAF_MK14\DUD-E\MK14\nG1_50\ECFP4_256bits\Standard\MK14_model\RF
2023-05-30 04:45:23,626 [INFO] Model type : RF
2023-05-30 04:45:23,626 [INFO] Use cores : 10
2023-05-30 04:45:23,675 [INFO] Start Learning model
2023-05-30 04:45:23,675 [INFO] Train : 901 | Valid : 225
2023-05-30 04:45:23,676 [INFO] Set parameters : {'max_depth': [6, 8, 10, 12], 'max_features': ['sqrt', 'log2'], 'min_samples_leaf': [2, 4, 8, 10], 'min_samples_split': [2, 4, 8, 10], 'n_estimators': [200, 600, 1000]}
2023-05-30 04:51:25,410 [INFO] GridSearchCV results :
     mean_valid_accuracy  mean_valid_precision  mean_valid_auc
241             0.968926              0.975244        0.965278
244             0.968926              0.975244        0.965278
345             0.966703              0.974824        0.962500
246             0.963370              0.972458        0.958796
243             0.966703              0.972186        0.962963
..                   ...                   ...             ...
228             0.941160              0.931542        0.938426
42              0.934518              0.925169        0.931035
45              0.934518              0.925169        0.931035
39              0.934518              0.925169        0.931035
36              0.934518              0.925169        0.931035

[384 rows x 3 columns]
2023-05-30 04:51:25,411 [INFO] Best model :
RandomForestClassifier(class_weight='balanced', max_depth=10,
                       max_features='log2', min_samples_leaf=2,
                       n_estimators=600, random_state=42)
2023-05-30 04:51:25,480 [INFO] Save train_prediction_log data...
2023-05-30 04:51:25,484 [INFO] {'Data': 'train', 'ACC': '1.0 (901 / 901)', 'TP': 360, 'FP': 0, 'FN': 0, 'TN': 541, 'Precision': '1.0 (360 / 360 + 0)', 'Recall': '1.0 (360 / 360 + 0)', 'F1': '1.0 (2 * (1.0 * 1.0) / 1.0 + 1.0)', 'Specificity': '1.0 (541 / 541 + 0)', 'AUC': 1.0, 'r2': 1.0}
2023-05-30 04:51:25,525 [INFO] Save valid_prediction_log data...
2023-05-30 04:51:25,527 [INFO] {'Data': 'valid', 'ACC': '1.0 (224 / 225)', 'TP': 89, 'FP': 0, 'FN': 1, 'TN': 135, 'Precision': '1.0 (89 / 89 + 0)', 'Recall': '0.99 (89 / 89 + 1)', 'F1': '0.99 (2 * (0.99 * 1.0) / 0.99 + 1.0)', 'Specificity': '1.0 (135 / 135 + 0)', 'AUC': 0.99, 'r2': 0.98}
2023-05-30 04:51:25,580 [INFO] Save test_prediction_log data...
2023-05-30 04:51:25,583 [INFO] {'Data': 'test', 'ACC': '0.66 (149 / 225)', 'TP': 61, 'FP': 47, 'FN': 29, 'TN': 88, 'Precision': '0.56 (61 / 61 + 47)', 'Recall': '0.68 (61 / 61 + 29)', 'F1': '0.61 (2 * (0.68 * 0.56) / 0.68 + 0.56)', 'Specificity': '0.65 (88 / 88 + 47)', 'AUC': 0.66, 'r2': -0.41}
2023-05-30 04:51:26,034 [INFO] Save training_log data...
2023-05-30 04:51:26,042 [INFO] Save score_log data...
2023-05-30 04:51:26,043 [INFO] Time : 362.4172103404999
