2023-05-26 12:21:31,974 [INFO] Train data : Baseline\DUD-E\WEE1\ECFP4_256bits\Robust\WEE1_train.tsv
2023-05-26 12:21:31,974 [INFO] Valid data : Baseline\DUD-E\WEE1\ECFP4_256bits\Robust\WEE1_valid.tsv
2023-05-26 12:21:31,974 [INFO] Output path : Baseline\DUD-E\WEE1\ECFP4_256bits\Robust\WEE1_model\MLP
2023-05-26 12:21:31,974 [INFO] Model type : MLP
2023-05-26 12:21:31,974 [INFO] Use cores : 12
2023-05-26 12:21:31,984 [INFO] Start Learning model
2023-05-26 12:21:31,984 [INFO] Train : 101 | Valid : 25
2023-05-26 12:21:31,984 [INFO] Set parameters : {'hidden_layer_sizes': [(50,), (100,), (50, 50), (100, 100)], 'learning_rate': ['constant', 'invscaling', 'adaptive'], 'activation': ['relu', 'identity', 'logistic', 'tanh'], 'solver': ['adam', 'sgd', 'lbfgs'], 'alpha': [0.1, 0.01, 0.001], 'max_iter': [500, 1000], 'early_stopping': [True]}
2023-05-26 12:22:15,708 [INFO] GridSearchCV results :
     mean_valid_accuracy  mean_valid_precision  mean_valid_auc
863             1.000000                   1.0        1.000000
192             0.940000                   1.0        0.925000
659             1.000000                   1.0        1.000000
662             1.000000                   1.0        1.000000
290             1.000000                   1.0        1.000000
..                   ...                   ...             ...
631             0.593636                   0.0        0.491667
630             0.603636                   0.0        0.500000
628             0.603636                   0.0        0.500000
627             0.603636                   0.0        0.500000
451             0.603636                   0.0        0.500000

[864 rows x 3 columns]
2023-05-26 12:22:15,709 [INFO] Best model :
MLPClassifier(alpha=0.1, early_stopping=True, hidden_layer_sizes=(50,),
              max_iter=500, random_state=42, solver='lbfgs')
2023-05-26 12:22:15,713 [INFO] Save train_prediction_log data...
2023-05-26 12:22:15,715 [INFO] {'Data': 'train', 'ACC': '1.0 (101 / 101)', 'TP': 40, 'FP': 0, 'FN': 0, 'TN': 61, 'Precision': '1.0 (40 / 40 + 0)', 'Recall': '1.0 (40 / 40 + 0)', 'F1': '1.0 (2 * (1.0 * 1.0) / 1.0 + 1.0)', 'Specificity': '1.0 (61 / 61 + 0)', 'AUC': 1.0, 'r2': 1.0}
2023-05-26 12:22:15,719 [INFO] Save valid_prediction_log data...
2023-05-26 12:22:15,720 [INFO] {'Data': 'valid', 'ACC': '1.0 (25 / 25)', 'TP': 10, 'FP': 0, 'FN': 0, 'TN': 15, 'Precision': '1.0 (10 / 10 + 0)', 'Recall': '1.0 (10 / 10 + 0)', 'F1': '1.0 (2 * (1.0 * 1.0) / 1.0 + 1.0)', 'Specificity': '1.0 (15 / 15 + 0)', 'AUC': 1.0, 'r2': 1.0}
2023-05-26 12:22:15,727 [INFO] Save test_prediction_log data...
2023-05-26 12:22:15,729 [INFO] {'Data': 'test', 'ACC': '0.76 (19 / 25)', 'TP': 5, 'FP': 1, 'FN': 5, 'TN': 14, 'Precision': '0.83 (5 / 5 + 1)', 'Recall': '0.5 (5 / 5 + 5)', 'F1': '0.62 (2 * (0.5 * 0.83) / 0.5 + 0.83)', 'Specificity': '0.93 (14 / 14 + 1)', 'AUC': 0.72, 'r2': 0.0}
2023-05-26 12:22:15,730 [INFO] Save training_log data...
2023-05-26 12:22:15,735 [INFO] Save score_log data...
2023-05-26 12:22:15,735 [INFO] Time : 43.76047968864441
