2023-05-28 18:50:29,910 [INFO] Train data : Vary_params_ABL_BRAF_FGFR1\DUD-E\ABL1\nG1_50\ECFP6_512bits\Standard\ABL1_train_vector.tsv
2023-05-28 18:50:29,910 [INFO] Valid data : Vary_params_ABL_BRAF_FGFR1\DUD-E\ABL1\nG1_50\ECFP6_512bits\Standard\ABL1_valid_vector.tsv
2023-05-28 18:50:29,910 [INFO] Output path : Vary_params_ABL_BRAF_FGFR1\DUD-E\ABL1\nG1_50\ECFP6_512bits\Standard\ABL1_model\XGB
2023-05-28 18:50:29,910 [INFO] Model type : XGB
2023-05-28 18:50:29,910 [INFO] Use cores : 18
2023-05-28 18:50:29,947 [INFO] Start Learning model
2023-05-28 18:50:29,947 [INFO] Train : 264 | Valid : 66
2023-05-28 18:50:29,948 [INFO] Set parameters : {'max_depth': [4, 6, 8], 'learning_rate': [0.01, 0.2], 'n_estimators': [200, 600, 1000], 'gamma': [0, 1000], 'min_child_weight': [1, 3], 'subsample': [0.5, 1], 'colsample_bytree': [0.5, 1], 'objective': ['binary:logitraw'], 'eval_metric': ['auc', 'error']}
2023-05-28 19:41:37,415 [INFO] GridSearchCV results :
     mean_valid_accuracy  mean_valid_precision  mean_valid_auc
18              0.893732              0.980000        0.870114
174             0.893732              0.980000        0.870114
30              0.893732              0.980000        0.870114
162             0.893732              0.980000        0.870114
26              0.920513              0.964603        0.905170
..                   ...                   ...             ...
106             0.598575              0.000000        0.500000
107             0.598575              0.000000        0.500000
108             0.598575              0.000000        0.500000
109             0.598575              0.000000        0.500000
575             0.598575              0.000000        0.500000

[576 rows x 3 columns]
2023-05-28 19:41:37,418 [INFO] Best model :
XGBClassifier(base_score=None, booster=None, callbacks=None,
              colsample_bylevel=None, colsample_bynode=None,
              colsample_bytree=0.5, early_stopping_rounds=None,
              enable_categorical=False, eval_metric='auc', feature_types=None,
              gamma=0, gpu_id=None, grow_policy=None, importance_type=None,
              interaction_constraints=None, learning_rate=0.01, max_bin=None,
              max_cat_threshold=None, max_cat_to_onehot=None,
              max_delta_step=None, max_depth=6, max_leaves=None,
              min_child_weight=3, missing=nan, monotone_constraints=None,
              n_estimators=200, n_jobs=0, num_parallel_tree=None,
              objective='binary:logitraw', predictor=None, ...)
2023-05-28 19:41:37,441 [INFO] Save train_prediction_log data...
2023-05-28 19:41:37,447 [INFO] {'Data': 'train', 'ACC': '0.94 (247 / 264)', 'TP': 90, 'FP': 1, 'FN': 16, 'TN': 157, 'Precision': '0.99 (90 / 90 + 1)', 'Recall': '0.85 (90 / 90 + 16)', 'F1': '0.91 (2 * (0.85 * 0.99) / 0.85 + 0.99)', 'Specificity': '0.99 (157 / 157 + 1)', 'AUC': 0.92, 'r2': 0.73}
2023-05-28 19:41:37,467 [INFO] Save valid_prediction_log data...
2023-05-28 19:41:37,471 [INFO] {'Data': 'valid', 'ACC': '1.0 (66 / 66)', 'TP': 26, 'FP': 0, 'FN': 0, 'TN': 40, 'Precision': '1.0 (26 / 26 + 0)', 'Recall': '1.0 (26 / 26 + 0)', 'F1': '1.0 (2 * (1.0 * 1.0) / 1.0 + 1.0)', 'Specificity': '1.0 (40 / 40 + 0)', 'AUC': 1.0, 'r2': 1.0}
2023-05-28 19:41:37,516 [INFO] Save test_prediction_log data...
2023-05-28 19:41:37,520 [INFO] {'Data': 'test', 'ACC': '0.65 (43 / 66)', 'TP': 11, 'FP': 8, 'FN': 15, 'TN': 32, 'Precision': '0.58 (11 / 11 + 8)', 'Recall': '0.42 (11 / 11 + 15)', 'F1': '0.49 (2 * (0.42 * 0.58) / 0.42 + 0.58)', 'Specificity': '0.8 (32 / 32 + 8)', 'AUC': 0.61, 'r2': -0.46}
2023-05-28 19:41:37,525 [INFO] Save training_log data...
2023-05-28 19:41:40,353 [INFO] Save score_log data...
2023-05-28 19:41:40,354 [INFO] Time : 3070.443416118622
