2023-05-29 04:21:17,249 [INFO] Train data : Vary_params_CDK2_EGFR_LCK\DUD-E\LCK\nG1_20\ECFP6_256bits\Standard\LCK_train_vector.tsv
2023-05-29 04:21:17,250 [INFO] Valid data : Vary_params_CDK2_EGFR_LCK\DUD-E\LCK\nG1_20\ECFP6_256bits\Standard\LCK_valid_vector.tsv
2023-05-29 04:21:17,250 [INFO] Output path : Vary_params_CDK2_EGFR_LCK\DUD-E\LCK\nG1_20\ECFP6_256bits\Standard\LCK_model\MLP
2023-05-29 04:21:17,250 [INFO] Model type : MLP
2023-05-29 04:21:17,250 [INFO] Use cores : 19
2023-05-29 04:21:17,286 [INFO] Start Learning model
2023-05-29 04:21:17,286 [INFO] Train : 766 | Valid : 185
2023-05-29 04:21:17,286 [INFO] Set parameters : {'hidden_layer_sizes': [(50,), (100,), (50, 50), (100, 100)], 'learning_rate': ['constant', 'invscaling', 'adaptive'], 'activation': ['relu', 'identity', 'logistic', 'tanh'], 'solver': ['adam', 'sgd', 'lbfgs'], 'alpha': [0.1, 0.01, 0.001], 'max_iter': [500, 1000], 'early_stopping': [True]}
2023-05-29 04:24:05,177 [INFO] GridSearchCV results :
     mean_valid_accuracy  mean_valid_precision  mean_valid_auc
483             0.909962              0.976409        0.896783
480             0.909962              0.976409        0.896783
477             0.909962              0.976409        0.896783
474             0.909962              0.976409        0.896783
471             0.909962              0.976409        0.896783
..                   ...                   ...             ...
460             0.577033              0.000000        0.500000
457             0.577033              0.000000        0.500000
532             0.577033              0.000000        0.500000
529             0.577033              0.000000        0.500000
604             0.577033              0.000000        0.500000

[864 rows x 3 columns]
2023-05-29 04:24:05,178 [INFO] Best model :
MLPClassifier(activation='logistic', alpha=0.1, early_stopping=True,
              hidden_layer_sizes=(50, 50), max_iter=500, random_state=42)
2023-05-29 04:24:05,187 [INFO] Save train_prediction_log data...
2023-05-29 04:24:05,190 [INFO] {'Data': 'train', 'ACC': '0.98 (747 / 766)', 'TP': 311, 'FP': 6, 'FN': 13, 'TN': 436, 'Precision': '0.98 (311 / 311 + 6)', 'Recall': '0.96 (311 / 311 + 13)', 'F1': '0.97 (2 * (0.96 * 0.98) / 0.96 + 0.98)', 'Specificity': '0.99 (436 / 436 + 6)', 'AUC': 0.97, 'r2': 0.9}
2023-05-29 04:24:05,195 [INFO] Save valid_prediction_log data...
2023-05-29 04:24:05,197 [INFO] {'Data': 'valid', 'ACC': '0.94 (173 / 185)', 'TP': 74, 'FP': 12, 'FN': 0, 'TN': 99, 'Precision': '0.86 (74 / 74 + 12)', 'Recall': '1.0 (74 / 74 + 0)', 'F1': '0.92 (2 * (1.0 * 0.86) / 1.0 + 0.86)', 'Specificity': '0.89 (99 / 99 + 12)', 'AUC': 0.95, 'r2': 0.73}
2023-05-29 04:24:05,212 [INFO] Save test_prediction_log data...
2023-05-29 04:24:05,215 [INFO] {'Data': 'test', 'ACC': '0.69 (128 / 185)', 'TP': 50, 'FP': 33, 'FN': 24, 'TN': 78, 'Precision': '0.6 (50 / 50 + 33)', 'Recall': '0.68 (50 / 50 + 24)', 'F1': '0.64 (2 * (0.68 * 0.6) / 0.68 + 0.6)', 'Specificity': '0.7 (78 / 78 + 33)', 'AUC': 0.69, 'r2': -0.28}
2023-05-29 04:24:05,218 [INFO] Save training_log data...
2023-05-29 04:24:05,223 [INFO] Save score_log data...
2023-05-29 04:24:05,224 [INFO] Time : 167.97469830513
