2023-05-29 11:23:57,134 [INFO] Train data : Vary_params\DUD-E\KPCB\nG1_80\ECFP6_512bits\Standard\KPCB_train_vector.tsv
2023-05-29 11:23:57,134 [INFO] Valid data : Vary_params\DUD-E\KPCB\nG1_80\ECFP6_512bits\Standard\KPCB_valid_vector.tsv
2023-05-29 11:23:57,134 [INFO] Output path : Vary_params\DUD-E\KPCB\nG1_80\ECFP6_512bits\Standard\KPCB_model\SVM
2023-05-29 11:23:57,134 [INFO] Model type : SVM
2023-05-29 11:23:57,134 [INFO] Use cores : 11
2023-05-29 11:23:57,168 [INFO] Start Learning model
2023-05-29 11:23:57,169 [INFO] Train : 138 | Valid : 42
2023-05-29 11:23:57,169 [INFO] Set parameters : {'kernel': ['linear', 'rbf'], 'C': [0.01, 0.1, 1, 10, 100, 1000], 'gamma': [0.01, 0.1, 1, 100, 1000]}
2023-05-29 11:24:00,936 [INFO] GridSearchCV results :
    mean_valid_accuracy  mean_valid_precision  mean_valid_auc
0              1.000000                   1.0        1.000000
20             1.000000                   1.0        1.000000
24             1.000000                   1.0        1.000000
26             1.000000                   1.0        1.000000
28             1.000000                   1.0        1.000000
32             1.000000                   1.0        1.000000
34             1.000000                   1.0        1.000000
36             1.000000                   1.0        1.000000
38             1.000000                   1.0        1.000000
40             1.000000                   1.0        1.000000
42             1.000000                   1.0        1.000000
44             1.000000                   1.0        1.000000
46             1.000000                   1.0        1.000000
48             1.000000                   1.0        1.000000
50             1.000000                   1.0        1.000000
52             1.000000                   1.0        1.000000
54             1.000000                   1.0        1.000000
56             1.000000                   1.0        1.000000
58             1.000000                   1.0        1.000000
22             1.000000                   1.0        1.000000
30             1.000000                   1.0        1.000000
2              1.000000                   1.0        1.000000
18             1.000000                   1.0        1.000000
10             1.000000                   1.0        1.000000
8              1.000000                   1.0        1.000000
16             1.000000                   1.0        1.000000
4              1.000000                   1.0        1.000000
12             1.000000                   1.0        1.000000
14             1.000000                   1.0        1.000000
6              1.000000                   1.0        1.000000
41             0.747253                   0.2        0.529167
31             0.747253                   0.2        0.529167
51             0.747253                   0.2        0.529167
21             0.732418                   0.0        0.500000
7              0.732418                   0.0        0.500000
47             0.732418                   0.0        0.500000
5              0.732418                   0.0        0.500000
49             0.732418                   0.0        0.500000
9              0.732418                   0.0        0.500000
53             0.732418                   0.0        0.500000
55             0.732418                   0.0        0.500000
3              0.732418                   0.0        0.500000
57             0.732418                   0.0        0.500000
45             0.732418                   0.0        0.500000
11             0.732418                   0.0        0.500000
43             0.732418                   0.0        0.500000
19             0.732418                   0.0        0.500000
39             0.732418                   0.0        0.500000
37             0.732418                   0.0        0.500000
13             0.732418                   0.0        0.500000
35             0.732418                   0.0        0.500000
33             0.732418                   0.0        0.500000
15             0.732418                   0.0        0.500000
1              0.732418                   0.0        0.500000
29             0.732418                   0.0        0.500000
27             0.732418                   0.0        0.500000
17             0.732418                   0.0        0.500000
25             0.732418                   0.0        0.500000
23             0.732418                   0.0        0.500000
59             0.732418                   0.0        0.500000
2023-05-29 11:24:00,938 [INFO] Best model :
SVC(C=0.01, gamma=0.01, kernel='linear', random_state=42)
2023-05-29 11:24:00,948 [INFO] Save train_prediction_log data...
2023-05-29 11:24:00,952 [INFO] {'Data': 'train', 'ACC': '1.0 (138 / 138)', 'TP': 37, 'FP': 0, 'FN': 0, 'TN': 101, 'Precision': '1.0 (37 / 37 + 0)', 'Recall': '1.0 (37 / 37 + 0)', 'F1': '1.0 (2 * (1.0 * 1.0) / 1.0 + 1.0)', 'Specificity': '1.0 (101 / 101 + 0)', 'AUC': 1.0, 'r2': 1.0}
2023-05-29 11:24:00,958 [INFO] Save valid_prediction_log data...
2023-05-29 11:24:00,961 [INFO] {'Data': 'valid', 'ACC': '1.0 (42 / 42)', 'TP': 17, 'FP': 0, 'FN': 0, 'TN': 25, 'Precision': '1.0 (17 / 17 + 0)', 'Recall': '1.0 (17 / 17 + 0)', 'F1': '1.0 (2 * (1.0 * 1.0) / 1.0 + 1.0)', 'Specificity': '1.0 (25 / 25 + 0)', 'AUC': 1.0, 'r2': 1.0}
2023-05-29 11:24:00,981 [INFO] Save test_prediction_log data...
2023-05-29 11:24:00,985 [INFO] {'Data': 'test', 'ACC': '0.76 (32 / 42)', 'TP': 8, 'FP': 1, 'FN': 9, 'TN': 24, 'Precision': '0.89 (8 / 8 + 1)', 'Recall': '0.47 (8 / 8 + 9)', 'F1': '0.62 (2 * (0.47 * 0.89) / 0.47 + 0.89)', 'Specificity': '0.96 (24 / 24 + 1)', 'AUC': 0.72, 'r2': 0.01}
2023-05-29 11:24:00,987 [INFO] Save training_log data...
2023-05-29 11:24:00,990 [INFO] Save score_log data...
2023-05-29 11:24:00,991 [INFO] Time : 3.8567488193511963
