2023-05-29 03:55:35,209 [INFO] Train data : Vary_params_SH\DUD-E\TGFR1\nG1_80\ECFP4_512bits\MinMax\TGFR1_train_vector.tsv
2023-05-29 03:55:35,209 [INFO] Valid data : Vary_params_SH\DUD-E\TGFR1\nG1_80\ECFP4_512bits\MinMax\TGFR1_valid_vector.tsv
2023-05-29 03:55:35,209 [INFO] Output path : Vary_params_SH\DUD-E\TGFR1\nG1_80\ECFP4_512bits\MinMax\TGFR1_model\MLP
2023-05-29 03:55:35,209 [INFO] Model type : MLP
2023-05-29 03:55:35,209 [INFO] Use cores : 3
2023-05-29 03:55:35,244 [INFO] Start Learning model
2023-05-29 03:55:35,244 [INFO] Train : 134 | Valid : 41
2023-05-29 03:55:35,244 [INFO] Set parameters : {'hidden_layer_sizes': [(50,), (100,), (50, 50), (100, 100)], 'learning_rate': ['constant', 'invscaling', 'adaptive'], 'activation': ['relu', 'identity', 'logistic', 'tanh'], 'solver': ['adam', 'sgd', 'lbfgs'], 'alpha': [0.1, 0.01, 0.001], 'max_iter': [500, 1000], 'early_stopping': [True]}
2023-05-29 04:03:36,158 [INFO] GridSearchCV results :
     mean_valid_accuracy  mean_valid_precision  mean_valid_auc
863             0.978022                   1.0          0.9625
638             0.978022                   1.0          0.9625
662             0.978022                   1.0          0.9625
296             0.985165                   1.0          0.9750
293             0.985165                   1.0          0.9750
..                   ...                   ...             ...
211             0.731868                   0.0          0.5000
208             0.731868                   0.0          0.5000
205             0.731868                   0.0          0.5000
202             0.731868                   0.0          0.5000
469             0.731868                   0.0          0.5000

[864 rows x 3 columns]
2023-05-29 04:03:36,160 [INFO] Best model :
MLPClassifier(alpha=0.1, early_stopping=True, hidden_layer_sizes=(50,),
              max_iter=500, random_state=42, solver='lbfgs')
2023-05-29 04:03:36,168 [INFO] Save train_prediction_log data...
2023-05-29 04:03:36,172 [INFO] {'Data': 'train', 'ACC': '1.0 (134 / 134)', 'TP': 36, 'FP': 0, 'FN': 0, 'TN': 98, 'Precision': '1.0 (36 / 36 + 0)', 'Recall': '1.0 (36 / 36 + 0)', 'F1': '1.0 (2 * (1.0 * 1.0) / 1.0 + 1.0)', 'Specificity': '1.0 (98 / 98 + 0)', 'AUC': 1.0, 'r2': 1.0}
2023-05-29 04:03:36,179 [INFO] Save valid_prediction_log data...
2023-05-29 04:03:36,182 [INFO] {'Data': 'valid', 'ACC': '1.0 (41 / 41)', 'TP': 16, 'FP': 0, 'FN': 0, 'TN': 25, 'Precision': '1.0 (16 / 16 + 0)', 'Recall': '1.0 (16 / 16 + 0)', 'F1': '1.0 (2 * (1.0 * 1.0) / 1.0 + 1.0)', 'Specificity': '1.0 (25 / 25 + 0)', 'AUC': 1.0, 'r2': 1.0}
2023-05-29 04:03:36,206 [INFO] Save test_prediction_log data...
2023-05-29 04:03:36,210 [INFO] {'Data': 'test', 'ACC': '0.59 (24 / 41)', 'TP': 6, 'FP': 7, 'FN': 10, 'TN': 18, 'Precision': '0.46 (6 / 6 + 7)', 'Recall': '0.38 (6 / 6 + 10)', 'F1': '0.42 (2 * (0.38 * 0.46) / 0.38 + 0.46)', 'Specificity': '0.72 (18 / 18 + 7)', 'AUC': 0.55, 'r2': -0.74}
2023-05-29 04:03:36,213 [INFO] Save training_log data...
2023-05-29 04:03:36,438 [INFO] Save score_log data...
2023-05-29 04:03:36,439 [INFO] Time : 481.22932863235474
