2023-05-29 06:25:55,622 [INFO] Train data : Vary_params_CDK2_EGFR_LCK\DUD-E\LCK\nG1_20\ECFP6_512bits\MinMax\LCK_train_vector.tsv
2023-05-29 06:25:55,622 [INFO] Valid data : Vary_params_CDK2_EGFR_LCK\DUD-E\LCK\nG1_20\ECFP6_512bits\MinMax\LCK_valid_vector.tsv
2023-05-29 06:25:55,622 [INFO] Output path : Vary_params_CDK2_EGFR_LCK\DUD-E\LCK\nG1_20\ECFP6_512bits\MinMax\LCK_model\SVM
2023-05-29 06:25:55,622 [INFO] Model type : SVM
2023-05-29 06:25:55,622 [INFO] Use cores : 19
2023-05-29 06:25:55,655 [INFO] Start Learning model
2023-05-29 06:25:55,655 [INFO] Train : 766 | Valid : 185
2023-05-29 06:25:55,655 [INFO] Set parameters : {'kernel': ['linear', 'rbf'], 'C': [0.01, 0.1, 1, 10, 100, 1000], 'gamma': [0.01, 0.1, 1, 100, 1000]}
2023-05-29 06:26:04,241 [INFO] GridSearchCV results :
    mean_valid_accuracy  mean_valid_precision  mean_valid_auc
43             0.685492              1.000000        0.628314
23             0.651470              1.000000        0.587973
53             0.685492              1.000000        0.628314
11             0.889115              1.000000        0.869081
33             0.685492              1.000000        0.628314
0              0.966148              0.982169        0.962762
2              0.966148              0.982169        0.962762
4              0.966148              0.982169        0.962762
6              0.966148              0.982169        0.962762
8              0.966148              0.982169        0.962762
21             0.967464              0.982169        0.964324
51             0.966131              0.975173        0.963545
41             0.966131              0.975173        0.963545
31             0.966131              0.975173        0.963545
14             0.953059              0.941795        0.953087
18             0.953059              0.941795        0.953087
10             0.953059              0.941795        0.953087
16             0.953059              0.941795        0.953087
12             0.953059              0.941795        0.953087
50             0.951777              0.941646        0.951572
48             0.951777              0.941646        0.951572
46             0.951777              0.941646        0.951572
44             0.951777              0.941646        0.951572
52             0.951777              0.941646        0.951572
56             0.951777              0.941646        0.951572
42             0.951777              0.941646        0.951572
58             0.951777              0.941646        0.951572
40             0.951777              0.941646        0.951572
38             0.951777              0.941646        0.951572
36             0.951777              0.941646        0.951572
34             0.951777              0.941646        0.951572
54             0.951777              0.941646        0.951572
30             0.951777              0.941646        0.951572
32             0.951777              0.941646        0.951572
28             0.951777              0.941646        0.951572
22             0.951777              0.941646        0.951572
24             0.951777              0.941646        0.951572
26             0.951777              0.941646        0.951572
20             0.951777              0.941646        0.951572
39             0.577033              0.000000        0.500000
17             0.577033              0.000000        0.500000
3              0.577033              0.000000        0.500000
57             0.577033              0.000000        0.500000
5              0.577033              0.000000        0.500000
55             0.577033              0.000000        0.500000
7              0.577033              0.000000        0.500000
9              0.577033              0.000000        0.500000
13             0.577033              0.000000        0.500000
15             0.577033              0.000000        0.500000
49             0.577033              0.000000        0.500000
27             0.577033              0.000000        0.500000
19             0.577033              0.000000        0.500000
47             0.577033              0.000000        0.500000
1              0.577033              0.000000        0.500000
45             0.577033              0.000000        0.500000
35             0.577033              0.000000        0.500000
29             0.577033              0.000000        0.500000
25             0.577033              0.000000        0.500000
37             0.577033              0.000000        0.500000
59             0.577033              0.000000        0.500000
2023-05-29 06:26:04,242 [INFO] Best model :
SVC(C=0.1, gamma=0.01, random_state=42)
2023-05-29 06:26:04,322 [INFO] Save train_prediction_log data...
2023-05-29 06:26:04,325 [INFO] {'Data': 'train', 'ACC': '0.92 (702 / 766)', 'TP': 260, 'FP': 0, 'FN': 64, 'TN': 442, 'Precision': '1.0 (260 / 260 + 0)', 'Recall': '0.8 (260 / 260 + 64)', 'F1': '0.89 (2 * (0.8 * 1.0) / 0.8 + 1.0)', 'Specificity': '1.0 (442 / 442 + 0)', 'AUC': 0.9, 'r2': 0.66}
2023-05-29 06:26:04,347 [INFO] Save valid_prediction_log data...
2023-05-29 06:26:04,349 [INFO] {'Data': 'valid', 'ACC': '0.95 (176 / 185)', 'TP': 65, 'FP': 0, 'FN': 9, 'TN': 111, 'Precision': '1.0 (65 / 65 + 0)', 'Recall': '0.88 (65 / 65 + 9)', 'F1': '0.94 (2 * (0.88 * 1.0) / 0.88 + 1.0)', 'Specificity': '1.0 (111 / 111 + 0)', 'AUC': 0.94, 'r2': 0.8}
2023-05-29 06:26:04,382 [INFO] Save test_prediction_log data...
2023-05-29 06:26:04,385 [INFO] {'Data': 'test', 'ACC': '0.71 (132 / 185)', 'TP': 27, 'FP': 6, 'FN': 47, 'TN': 105, 'Precision': '0.82 (27 / 27 + 6)', 'Recall': '0.36 (27 / 27 + 47)', 'F1': '0.5 (2 * (0.36 * 0.82) / 0.36 + 0.82)', 'Specificity': '0.95 (105 / 105 + 6)', 'AUC': 0.66, 'r2': -0.19}
2023-05-29 06:26:04,388 [INFO] Save training_log data...
2023-05-29 06:26:04,390 [INFO] Save score_log data...
2023-05-29 06:26:04,391 [INFO] Time : 8.768941402435303
