2023-05-29 05:25:18,583 [INFO] Train data : Vary_params_SH\DUD-E\TGFR1\nG1_80\ECFP6_256bits\Standard\TGFR1_train_vector.tsv
2023-05-29 05:25:18,583 [INFO] Valid data : Vary_params_SH\DUD-E\TGFR1\nG1_80\ECFP6_256bits\Standard\TGFR1_valid_vector.tsv
2023-05-29 05:25:18,583 [INFO] Output path : Vary_params_SH\DUD-E\TGFR1\nG1_80\ECFP6_256bits\Standard\TGFR1_model\SVM
2023-05-29 05:25:18,583 [INFO] Model type : SVM
2023-05-29 05:25:18,583 [INFO] Use cores : 3
2023-05-29 05:25:18,613 [INFO] Start Learning model
2023-05-29 05:25:18,613 [INFO] Train : 134 | Valid : 41
2023-05-29 05:25:18,613 [INFO] Set parameters : {'kernel': ['linear', 'rbf'], 'C': [0.01, 0.1, 1, 10, 100, 1000], 'gamma': [0.01, 0.1, 1, 100, 1000]}
2023-05-29 05:25:22,915 [INFO] GridSearchCV results :
    mean_valid_accuracy  mean_valid_precision  mean_valid_auc
0              0.970330                  0.98        0.956944
20             0.970330                  0.98        0.956944
24             0.970330                  0.98        0.956944
26             0.970330                  0.98        0.956944
28             0.970330                  0.98        0.956944
32             0.970330                  0.98        0.956944
34             0.970330                  0.98        0.956944
36             0.970330                  0.98        0.956944
38             0.970330                  0.98        0.956944
40             0.970330                  0.98        0.956944
42             0.970330                  0.98        0.956944
44             0.970330                  0.98        0.956944
46             0.970330                  0.98        0.956944
48             0.970330                  0.98        0.956944
50             0.970330                  0.98        0.956944
52             0.970330                  0.98        0.956944
54             0.970330                  0.98        0.956944
56             0.970330                  0.98        0.956944
58             0.970330                  0.98        0.956944
22             0.970330                  0.98        0.956944
30             0.970330                  0.98        0.956944
2              0.970330                  0.98        0.956944
18             0.970330                  0.98        0.956944
10             0.970330                  0.98        0.956944
8              0.970330                  0.98        0.956944
16             0.970330                  0.98        0.956944
4              0.970330                  0.98        0.956944
12             0.970330                  0.98        0.956944
14             0.970330                  0.98        0.956944
6              0.970330                  0.98        0.956944
21             0.777473                  0.60        0.591667
41             0.784615                  0.60        0.604167
31             0.784615                  0.60        0.604167
51             0.784615                  0.60        0.604167
7              0.731868                  0.00        0.500000
47             0.731868                  0.00        0.500000
5              0.731868                  0.00        0.500000
49             0.731868                  0.00        0.500000
9              0.731868                  0.00        0.500000
53             0.731868                  0.00        0.500000
55             0.731868                  0.00        0.500000
3              0.731868                  0.00        0.500000
57             0.731868                  0.00        0.500000
45             0.731868                  0.00        0.500000
11             0.731868                  0.00        0.500000
43             0.731868                  0.00        0.500000
19             0.731868                  0.00        0.500000
39             0.731868                  0.00        0.500000
37             0.731868                  0.00        0.500000
13             0.731868                  0.00        0.500000
35             0.731868                  0.00        0.500000
33             0.731868                  0.00        0.500000
15             0.731868                  0.00        0.500000
1              0.731868                  0.00        0.500000
29             0.731868                  0.00        0.500000
27             0.731868                  0.00        0.500000
17             0.731868                  0.00        0.500000
25             0.731868                  0.00        0.500000
23             0.731868                  0.00        0.500000
59             0.731868                  0.00        0.500000
2023-05-29 05:25:22,917 [INFO] Best model :
SVC(C=0.01, gamma=0.01, kernel='linear', random_state=42)
2023-05-29 05:25:22,925 [INFO] Save train_prediction_log data...
2023-05-29 05:25:22,931 [INFO] {'Data': 'train', 'ACC': '1.0 (134 / 134)', 'TP': 36, 'FP': 0, 'FN': 0, 'TN': 98, 'Precision': '1.0 (36 / 36 + 0)', 'Recall': '1.0 (36 / 36 + 0)', 'F1': '1.0 (2 * (1.0 * 1.0) / 1.0 + 1.0)', 'Specificity': '1.0 (98 / 98 + 0)', 'AUC': 1.0, 'r2': 1.0}
2023-05-29 05:25:22,937 [INFO] Save valid_prediction_log data...
2023-05-29 05:25:22,941 [INFO] {'Data': 'valid', 'ACC': '1.0 (41 / 41)', 'TP': 16, 'FP': 0, 'FN': 0, 'TN': 25, 'Precision': '1.0 (16 / 16 + 0)', 'Recall': '1.0 (16 / 16 + 0)', 'F1': '1.0 (2 * (1.0 * 1.0) / 1.0 + 1.0)', 'Specificity': '1.0 (25 / 25 + 0)', 'AUC': 1.0, 'r2': 1.0}
2023-05-29 05:25:22,959 [INFO] Save test_prediction_log data...
2023-05-29 05:25:22,962 [INFO] {'Data': 'test', 'ACC': '0.61 (25 / 41)', 'TP': 6, 'FP': 6, 'FN': 10, 'TN': 19, 'Precision': '0.5 (6 / 6 + 6)', 'Recall': '0.38 (6 / 6 + 10)', 'F1': '0.43 (2 * (0.38 * 0.5) / 0.38 + 0.5)', 'Specificity': '0.76 (19 / 19 + 6)', 'AUC': 0.57, 'r2': -0.64}
2023-05-29 05:25:22,965 [INFO] Save training_log data...
2023-05-29 05:25:22,967 [INFO] Save score_log data...
2023-05-29 05:25:22,968 [INFO] Time : 4.385500907897949
