2023-05-27 01:04:23,040 [INFO] Train data : Vary_params_SH\DUD-E\ROCK1\nG1_20\ECFP4_512bits\MinMax\ROCK1_train_vector.tsv
2023-05-27 01:04:23,040 [INFO] Valid data : Vary_params_SH\DUD-E\ROCK1\nG1_20\ECFP4_512bits\MinMax\ROCK1_valid_vector.tsv
2023-05-27 01:04:23,040 [INFO] Output path : Vary_params_SH\DUD-E\ROCK1\nG1_20\ECFP4_512bits\MinMax\ROCK1_model\SVM
2023-05-27 01:04:23,041 [INFO] Model type : SVM
2023-05-27 01:04:23,041 [INFO] Use cores : 3
2023-05-27 01:04:23,074 [INFO] Start Learning model
2023-05-27 01:04:23,074 [INFO] Train : 130 | Valid : 25
2023-05-27 01:04:23,074 [INFO] Set parameters : {'kernel': ['linear', 'rbf'], 'C': [0.01, 0.1, 1, 10, 100, 1000], 'gamma': [0.01, 0.1, 1, 100, 1000]}
2023-05-27 01:04:28,053 [INFO] GridSearchCV results :
    mean_valid_accuracy  mean_valid_precision  mean_valid_auc
43             0.930769              1.000000        0.935714
23             0.930769              1.000000        0.935714
53             0.930769              1.000000        0.935714
33             0.930769              1.000000        0.935714
6              0.938462              0.975000        0.940476
21             0.930769              0.975000        0.933333
0              0.938462              0.975000        0.940476
4              0.938462              0.975000        0.940476
2              0.938462              0.975000        0.940476
8              0.938462              0.975000        0.940476
34             0.938462              0.938492        0.936905
42             0.938462              0.938492        0.936905
32             0.938462              0.938492        0.936905
36             0.938462              0.938492        0.936905
38             0.938462              0.938492        0.936905
40             0.938462              0.938492        0.936905
41             0.938462              0.938492        0.936905
46             0.938462              0.938492        0.936905
44             0.938462              0.938492        0.936905
28             0.938462              0.938492        0.936905
48             0.938462              0.938492        0.936905
50             0.938462              0.938492        0.936905
51             0.938462              0.938492        0.936905
52             0.938462              0.938492        0.936905
54             0.938462              0.938492        0.936905
56             0.938462              0.938492        0.936905
58             0.938462              0.938492        0.936905
31             0.938462              0.938492        0.936905
30             0.938462              0.938492        0.936905
20             0.938462              0.938492        0.936905
14             0.938462              0.938492        0.936905
26             0.938462              0.938492        0.936905
12             0.938462              0.938492        0.936905
24             0.938462              0.938492        0.936905
22             0.938462              0.938492        0.936905
16             0.938462              0.938492        0.936905
10             0.938462              0.938492        0.936905
18             0.938462              0.938492        0.936905
9              0.538462              0.538462        0.500000
11             0.538462              0.538462        0.500000
29             0.538462              0.538462        0.500000
7              0.538462              0.538462        0.500000
13             0.538462              0.538462        0.500000
55             0.538462              0.538462        0.500000
5              0.538462              0.538462        0.500000
57             0.538462              0.538462        0.500000
3              0.538462              0.538462        0.500000
49             0.538462              0.538462        0.500000
15             0.538462              0.538462        0.500000
47             0.538462              0.538462        0.500000
45             0.538462              0.538462        0.500000
1              0.538462              0.538462        0.500000
17             0.538462              0.538462        0.500000
19             0.538462              0.538462        0.500000
39             0.538462              0.538462        0.500000
37             0.538462              0.538462        0.500000
35             0.538462              0.538462        0.500000
25             0.538462              0.538462        0.500000
27             0.538462              0.538462        0.500000
59             0.538462              0.538462        0.500000
2023-05-27 01:04:28,055 [INFO] Best model :
SVC(C=1, gamma=0.1, random_state=42)
2023-05-27 01:04:28,068 [INFO] Save train_prediction_log data...
2023-05-27 01:04:28,073 [INFO] {'Data': 'train', 'ACC': '1.0 (130 / 130)', 'TP': 70, 'FP': 0, 'FN': 0, 'TN': 60, 'Precision': '1.0 (70 / 70 + 0)', 'Recall': '1.0 (70 / 70 + 0)', 'F1': '1.0 (2 * (1.0 * 1.0) / 1.0 + 1.0)', 'Specificity': '1.0 (60 / 60 + 0)', 'AUC': 1.0, 'r2': 1.0}
2023-05-27 01:04:28,082 [INFO] Save valid_prediction_log data...
2023-05-27 01:04:28,085 [INFO] {'Data': 'valid', 'ACC': '0.96 (24 / 25)', 'TP': 9, 'FP': 0, 'FN': 1, 'TN': 15, 'Precision': '1.0 (9 / 9 + 0)', 'Recall': '0.9 (9 / 9 + 1)', 'F1': '0.95 (2 * (0.9 * 1.0) / 0.9 + 1.0)', 'Specificity': '1.0 (15 / 15 + 0)', 'AUC': 0.95, 'r2': 0.83}
2023-05-27 01:04:28,110 [INFO] Save test_prediction_log data...
2023-05-27 01:04:28,114 [INFO] {'Data': 'test', 'ACC': '0.6 (15 / 25)', 'TP': 1, 'FP': 1, 'FN': 9, 'TN': 14, 'Precision': '0.5 (1 / 1 + 1)', 'Recall': '0.1 (1 / 1 + 9)', 'F1': '0.17 (2 * (0.1 * 0.5) / 0.1 + 0.5)', 'Specificity': '0.93 (14 / 14 + 1)', 'AUC': 0.52, 'r2': -0.67}
2023-05-27 01:04:28,118 [INFO] Save training_log data...
2023-05-27 01:04:28,120 [INFO] Save score_log data...
2023-05-27 01:04:28,122 [INFO] Time : 5.081955432891846
