2023-05-29 00:07:23,327 [INFO] Train data : Vary_params\DUD-E\KPCB\nG1_20\ECFP4_256bits\MinMax\KPCB_train_vector.tsv
2023-05-29 00:07:23,327 [INFO] Valid data : Vary_params\DUD-E\KPCB\nG1_20\ECFP4_256bits\MinMax\KPCB_valid_vector.tsv
2023-05-29 00:07:23,327 [INFO] Output path : Vary_params\DUD-E\KPCB\nG1_20\ECFP4_256bits\MinMax\KPCB_model\SVM
2023-05-29 00:07:23,327 [INFO] Model type : SVM
2023-05-29 00:07:23,327 [INFO] Use cores : 11
2023-05-29 00:07:23,344 [INFO] Start Learning model
2023-05-29 00:07:23,344 [INFO] Train : 198 | Valid : 42
2023-05-29 00:07:23,344 [INFO] Set parameters : {'kernel': ['linear', 'rbf'], 'C': [0.01, 0.1, 1, 10, 100, 1000], 'gamma': [0.01, 0.1, 1, 100, 1000]}
2023-05-29 00:07:26,868 [INFO] GridSearchCV results :
    mean_valid_accuracy  mean_valid_precision  mean_valid_auc
41             0.945000              0.965152        0.945909
31             0.945000              0.965152        0.945909
51             0.945000              0.965152        0.945909
21             0.925000              0.965000        0.925455
0              0.920000              0.950000        0.921364
2              0.920000              0.950000        0.921364
4              0.920000              0.950000        0.921364
6              0.920000              0.950000        0.921364
8              0.920000              0.950000        0.921364
12             0.929737              0.930152        0.931364
18             0.929737              0.930152        0.931364
16             0.929737              0.930152        0.931364
14             0.929737              0.930152        0.931364
10             0.929737              0.930152        0.931364
50             0.914737              0.915291        0.916818
48             0.914737              0.915291        0.916818
52             0.914737              0.915291        0.916818
46             0.914737              0.915291        0.916818
54             0.914737              0.915291        0.916818
44             0.914737              0.915291        0.916818
42             0.914737              0.915291        0.916818
56             0.914737              0.915291        0.916818
58             0.914737              0.915291        0.916818
40             0.914737              0.915291        0.916818
38             0.914737              0.915291        0.916818
36             0.914737              0.915291        0.916818
34             0.914737              0.915291        0.916818
32             0.914737              0.915291        0.916818
30             0.914737              0.915291        0.916818
28             0.914737              0.915291        0.916818
26             0.914737              0.915291        0.916818
24             0.914737              0.915291        0.916818
22             0.914737              0.915291        0.916818
20             0.914737              0.915291        0.916818
33             0.894737              0.900000        0.894444
53             0.894737              0.900000        0.894444
23             0.884737              0.900000        0.884444
43             0.894737              0.900000        0.894444
11             0.570263              0.600000        0.561667
45             0.520526              0.200000        0.510556
35             0.520526              0.200000        0.510556
25             0.520526              0.200000        0.510556
55             0.520526              0.200000        0.510556
9              0.510263              0.000000        0.500000
7              0.510263              0.000000        0.500000
29             0.510263              0.000000        0.500000
13             0.510263              0.000000        0.500000
57             0.510263              0.000000        0.500000
3              0.510263              0.000000        0.500000
5              0.510263              0.000000        0.500000
19             0.510263              0.000000        0.500000
49             0.510263              0.000000        0.500000
15             0.510263              0.000000        0.500000
47             0.510263              0.000000        0.500000
17             0.510263              0.000000        0.500000
1              0.510263              0.000000        0.500000
39             0.510263              0.000000        0.500000
37             0.510263              0.000000        0.500000
27             0.510263              0.000000        0.500000
59             0.510263              0.000000        0.500000
2023-05-29 00:07:26,870 [INFO] Best model :
SVC(C=10, gamma=0.01, random_state=42)
2023-05-29 00:07:26,879 [INFO] Save train_prediction_log data...
2023-05-29 00:07:26,884 [INFO] {'Data': 'train', 'ACC': '1.0 (198 / 198)', 'TP': 97, 'FP': 0, 'FN': 0, 'TN': 101, 'Precision': '1.0 (97 / 97 + 0)', 'Recall': '1.0 (97 / 97 + 0)', 'F1': '1.0 (2 * (1.0 * 1.0) / 1.0 + 1.0)', 'Specificity': '1.0 (101 / 101 + 0)', 'AUC': 1.0, 'r2': 1.0}
2023-05-29 00:07:26,888 [INFO] Save valid_prediction_log data...
2023-05-29 00:07:26,891 [INFO] {'Data': 'valid', 'ACC': '1.0 (42 / 42)', 'TP': 17, 'FP': 0, 'FN': 0, 'TN': 25, 'Precision': '1.0 (17 / 17 + 0)', 'Recall': '1.0 (17 / 17 + 0)', 'F1': '1.0 (2 * (1.0 * 1.0) / 1.0 + 1.0)', 'Specificity': '1.0 (25 / 25 + 0)', 'AUC': 1.0, 'r2': 1.0}
2023-05-29 00:07:26,902 [INFO] Save test_prediction_log data...
2023-05-29 00:07:26,905 [INFO] {'Data': 'test', 'ACC': '0.79 (33 / 42)', 'TP': 10, 'FP': 2, 'FN': 7, 'TN': 23, 'Precision': '0.83 (10 / 10 + 2)', 'Recall': '0.59 (10 / 10 + 7)', 'F1': '0.69 (2 * (0.59 * 0.83) / 0.59 + 0.83)', 'Specificity': '0.92 (23 / 23 + 2)', 'AUC': 0.75, 'r2': 0.11}
2023-05-29 00:07:26,907 [INFO] Save training_log data...
2023-05-29 00:07:26,908 [INFO] Save score_log data...
2023-05-29 00:07:26,910 [INFO] Time : 3.582564353942871
