2023-05-29 06:01:46,046 [INFO] Train data : Vary_params_BRAF_MK14\DUD-E\BRAF\nG1_50\ECFP4_512bits\Robust\BRAF_train_vector.tsv
2023-05-29 06:01:46,046 [INFO] Valid data : Vary_params_BRAF_MK14\DUD-E\BRAF\nG1_50\ECFP4_512bits\Robust\BRAF_valid_vector.tsv
2023-05-29 06:01:46,046 [INFO] Output path : Vary_params_BRAF_MK14\DUD-E\BRAF\nG1_50\ECFP4_512bits\Robust\BRAF_model\RF
2023-05-29 06:01:46,046 [INFO] Model type : RF
2023-05-29 06:01:46,046 [INFO] Use cores : 12
2023-05-29 06:01:46,077 [INFO] Start Learning model
2023-05-29 06:01:46,077 [INFO] Train : 201 | Valid : 50
2023-05-29 06:01:46,077 [INFO] Set parameters : {'max_depth': [6, 8, 10, 12], 'max_features': ['sqrt', 'log2'], 'min_samples_leaf': [2, 4, 8, 10], 'min_samples_split': [2, 4, 8, 10], 'n_estimators': [200, 600, 1000]}
2023-05-29 06:06:00,950 [INFO] GridSearchCV results :
     mean_valid_accuracy  mean_valid_precision  mean_valid_auc
0               0.980238                   1.0         0.97500
1               0.975238                   1.0         0.96875
262             0.985000                   1.0         0.98125
261             0.980238                   1.0         0.97500
260             0.990000                   1.0         0.98750
..                   ...                   ...             ...
125             0.980000                   1.0         0.97500
124             0.975000                   1.0         0.96875
123             0.975000                   1.0         0.96875
122             0.980000                   1.0         0.97500
383             0.980000                   1.0         0.97500

[384 rows x 3 columns]
2023-05-29 06:06:00,951 [INFO] Best model :
RandomForestClassifier(class_weight='balanced', max_depth=6, min_samples_leaf=2,
                       n_estimators=200, random_state=42)
2023-05-29 06:06:00,967 [INFO] Save train_prediction_log data...
2023-05-29 06:06:00,970 [INFO] {'Data': 'train', 'ACC': '1.0 (200 / 201)', 'TP': 79, 'FP': 0, 'FN': 1, 'TN': 121, 'Precision': '1.0 (79 / 79 + 0)', 'Recall': '0.99 (79 / 79 + 1)', 'F1': '0.99 (2 * (0.99 * 1.0) / 0.99 + 1.0)', 'Specificity': '1.0 (121 / 121 + 0)', 'AUC': 0.99, 'r2': 0.98}
2023-05-29 06:06:00,984 [INFO] Save valid_prediction_log data...
2023-05-29 06:06:00,986 [INFO] {'Data': 'valid', 'ACC': '1.0 (50 / 50)', 'TP': 20, 'FP': 0, 'FN': 0, 'TN': 30, 'Precision': '1.0 (20 / 20 + 0)', 'Recall': '1.0 (20 / 20 + 0)', 'F1': '1.0 (2 * (1.0 * 1.0) / 1.0 + 1.0)', 'Specificity': '1.0 (30 / 30 + 0)', 'AUC': 1.0, 'r2': 1.0}
2023-05-29 06:06:01,008 [INFO] Save test_prediction_log data...
2023-05-29 06:06:01,028 [INFO] {'Data': 'test', 'ACC': '0.6 (30 / 50)', 'TP': 7, 'FP': 7, 'FN': 13, 'TN': 23, 'Precision': '0.5 (7 / 7 + 7)', 'Recall': '0.35 (7 / 7 + 13)', 'F1': '0.41 (2 * (0.35 * 0.5) / 0.35 + 0.5)', 'Specificity': '0.77 (23 / 23 + 7)', 'AUC': 0.56, 'r2': -0.67}
2023-05-29 06:06:01,065 [INFO] Save training_log data...
2023-05-29 06:06:01,067 [INFO] Save score_log data...
2023-05-29 06:06:01,068 [INFO] Time : 255.02144408226013
