2023-05-27 17:30:16,077 [INFO] Train data : Vary_params\DUD-E\AKT2\nG1_50\ECFP4_512bits\Standard\AKT2_train_vector.tsv
2023-05-27 17:30:16,077 [INFO] Valid data : Vary_params\DUD-E\AKT2\nG1_50\ECFP4_512bits\Standard\AKT2_valid_vector.tsv
2023-05-27 17:30:16,077 [INFO] Output path : Vary_params\DUD-E\AKT2\nG1_50\ECFP4_512bits\Standard\AKT2_model\SVM
2023-05-27 17:30:16,077 [INFO] Model type : SVM
2023-05-27 17:30:16,077 [INFO] Use cores : 11
2023-05-27 17:30:16,108 [INFO] Start Learning model
2023-05-27 17:30:16,109 [INFO] Train : 125 | Valid : 31
2023-05-27 17:30:16,109 [INFO] Set parameters : {'kernel': ['linear', 'rbf'], 'C': [0.01, 0.1, 1, 10, 100, 1000], 'gamma': [0.01, 0.1, 1, 100, 1000]}
2023-05-27 17:30:19,699 [INFO] GridSearchCV results :
    mean_valid_accuracy  mean_valid_precision  mean_valid_auc
0              0.991667                   1.0            0.99
20             0.991667                   1.0            0.99
24             0.991667                   1.0            0.99
26             0.991667                   1.0            0.99
28             0.991667                   1.0            0.99
32             0.991667                   1.0            0.99
34             0.991667                   1.0            0.99
36             0.991667                   1.0            0.99
38             0.991667                   1.0            0.99
40             0.991667                   1.0            0.99
42             0.991667                   1.0            0.99
44             0.991667                   1.0            0.99
46             0.991667                   1.0            0.99
48             0.991667                   1.0            0.99
50             0.991667                   1.0            0.99
52             0.991667                   1.0            0.99
54             0.991667                   1.0            0.99
56             0.991667                   1.0            0.99
58             0.991667                   1.0            0.99
22             0.991667                   1.0            0.99
30             0.991667                   1.0            0.99
2              0.991667                   1.0            0.99
18             0.991667                   1.0            0.99
10             0.991667                   1.0            0.99
8              0.991667                   1.0            0.99
16             0.991667                   1.0            0.99
4              0.991667                   1.0            0.99
12             0.991667                   1.0            0.99
14             0.991667                   1.0            0.99
6              0.991667                   1.0            0.99
41             0.623718                   0.2            0.53
31             0.623718                   0.2            0.53
51             0.623718                   0.2            0.53
21             0.607692                   0.1            0.51
7              0.599359                   0.0            0.50
47             0.599359                   0.0            0.50
5              0.599359                   0.0            0.50
49             0.599359                   0.0            0.50
9              0.599359                   0.0            0.50
53             0.599359                   0.0            0.50
55             0.599359                   0.0            0.50
3              0.599359                   0.0            0.50
57             0.599359                   0.0            0.50
45             0.599359                   0.0            0.50
11             0.599359                   0.0            0.50
43             0.599359                   0.0            0.50
19             0.599359                   0.0            0.50
39             0.599359                   0.0            0.50
37             0.599359                   0.0            0.50
13             0.599359                   0.0            0.50
35             0.599359                   0.0            0.50
33             0.599359                   0.0            0.50
15             0.599359                   0.0            0.50
1              0.599359                   0.0            0.50
29             0.599359                   0.0            0.50
27             0.599359                   0.0            0.50
17             0.599359                   0.0            0.50
25             0.599359                   0.0            0.50
23             0.599359                   0.0            0.50
59             0.599359                   0.0            0.50
2023-05-27 17:30:19,703 [INFO] Best model :
SVC(C=0.01, gamma=0.01, kernel='linear', random_state=42)
2023-05-27 17:30:19,718 [INFO] Save train_prediction_log data...
2023-05-27 17:30:19,727 [INFO] {'Data': 'train', 'ACC': '1.0 (125 / 125)', 'TP': 50, 'FP': 0, 'FN': 0, 'TN': 75, 'Precision': '1.0 (50 / 50 + 0)', 'Recall': '1.0 (50 / 50 + 0)', 'F1': '1.0 (2 * (1.0 * 1.0) / 1.0 + 1.0)', 'Specificity': '1.0 (75 / 75 + 0)', 'AUC': 1.0, 'r2': 1.0}
2023-05-27 17:30:19,743 [INFO] Save valid_prediction_log data...
2023-05-27 17:30:19,750 [INFO] {'Data': 'valid', 'ACC': '1.0 (31 / 31)', 'TP': 12, 'FP': 0, 'FN': 0, 'TN': 19, 'Precision': '1.0 (12 / 12 + 0)', 'Recall': '1.0 (12 / 12 + 0)', 'F1': '1.0 (2 * (1.0 * 1.0) / 1.0 + 1.0)', 'Specificity': '1.0 (19 / 19 + 0)', 'AUC': 1.0, 'r2': 1.0}
2023-05-27 17:30:19,801 [INFO] Save test_prediction_log data...
2023-05-27 17:30:19,807 [INFO] {'Data': 'test', 'ACC': '0.77 (24 / 31)', 'TP': 8, 'FP': 3, 'FN': 4, 'TN': 16, 'Precision': '0.73 (8 / 8 + 3)', 'Recall': '0.67 (8 / 8 + 4)', 'F1': '0.7 (2 * (0.67 * 0.73) / 0.67 + 0.73)', 'Specificity': '0.84 (16 / 16 + 3)', 'AUC': 0.75, 'r2': 0.05}
2023-05-27 17:30:19,812 [INFO] Save training_log data...
2023-05-27 17:30:19,814 [INFO] Save score_log data...
2023-05-27 17:30:19,816 [INFO] Time : 3.739212989807129
