2023-05-28 08:15:30,305 [INFO] Train data : Vary_params\DUD-E\CSF1R\nG1_50\ECFP6_512bits\Standard\CSF1R_train_vector.tsv
2023-05-28 08:15:30,305 [INFO] Valid data : Vary_params\DUD-E\CSF1R\nG1_50\ECFP6_512bits\Standard\CSF1R_valid_vector.tsv
2023-05-28 08:15:30,305 [INFO] Output path : Vary_params\DUD-E\CSF1R\nG1_50\ECFP6_512bits\Standard\CSF1R_model\SVM
2023-05-28 08:15:30,305 [INFO] Model type : SVM
2023-05-28 08:15:30,305 [INFO] Use cores : 11
2023-05-28 08:15:30,342 [INFO] Start Learning model
2023-05-28 08:15:30,342 [INFO] Train : 186 | Valid : 47
2023-05-28 08:15:30,342 [INFO] Set parameters : {'kernel': ['linear', 'rbf'], 'C': [0.01, 0.1, 1, 10, 100, 1000], 'gamma': [0.01, 0.1, 1, 100, 1000]}
2023-05-28 08:15:34,173 [INFO] GridSearchCV results :
    mean_valid_accuracy  mean_valid_precision  mean_valid_auc
0              0.962573              0.951389        0.962554
20             0.962573              0.951389        0.962554
24             0.962573              0.951389        0.962554
26             0.962573              0.951389        0.962554
28             0.962573              0.951389        0.962554
32             0.962573              0.951389        0.962554
34             0.962573              0.951389        0.962554
36             0.962573              0.951389        0.962554
38             0.962573              0.951389        0.962554
40             0.962573              0.951389        0.962554
42             0.962573              0.951389        0.962554
44             0.962573              0.951389        0.962554
46             0.962573              0.951389        0.962554
48             0.962573              0.951389        0.962554
50             0.962573              0.951389        0.962554
52             0.962573              0.951389        0.962554
54             0.962573              0.951389        0.962554
56             0.962573              0.951389        0.962554
58             0.962573              0.951389        0.962554
22             0.962573              0.951389        0.962554
30             0.962573              0.951389        0.962554
2              0.962573              0.951389        0.962554
18             0.962573              0.951389        0.962554
10             0.962573              0.951389        0.962554
8              0.962573              0.951389        0.962554
16             0.962573              0.951389        0.962554
4              0.962573              0.951389        0.962554
12             0.962573              0.951389        0.962554
14             0.962573              0.951389        0.962554
6              0.962573              0.951389        0.962554
41             0.612865              0.200000        0.514286
31             0.612865              0.200000        0.514286
51             0.612865              0.200000        0.514286
21             0.602339              0.000000        0.500000
7              0.602339              0.000000        0.500000
47             0.602339              0.000000        0.500000
5              0.602339              0.000000        0.500000
49             0.602339              0.000000        0.500000
9              0.602339              0.000000        0.500000
53             0.602339              0.000000        0.500000
55             0.602339              0.000000        0.500000
3              0.602339              0.000000        0.500000
57             0.602339              0.000000        0.500000
45             0.602339              0.000000        0.500000
11             0.602339              0.000000        0.500000
43             0.602339              0.000000        0.500000
19             0.602339              0.000000        0.500000
39             0.602339              0.000000        0.500000
37             0.602339              0.000000        0.500000
13             0.602339              0.000000        0.500000
35             0.602339              0.000000        0.500000
33             0.602339              0.000000        0.500000
15             0.602339              0.000000        0.500000
1              0.602339              0.000000        0.500000
29             0.602339              0.000000        0.500000
27             0.602339              0.000000        0.500000
17             0.602339              0.000000        0.500000
25             0.602339              0.000000        0.500000
23             0.602339              0.000000        0.500000
59             0.602339              0.000000        0.500000
2023-05-28 08:15:34,183 [INFO] Best model :
SVC(C=0.01, gamma=0.01, kernel='linear', random_state=42)
2023-05-28 08:15:34,199 [INFO] Save train_prediction_log data...
2023-05-28 08:15:34,204 [INFO] {'Data': 'train', 'ACC': '1.0 (186 / 186)', 'TP': 74, 'FP': 0, 'FN': 0, 'TN': 112, 'Precision': '1.0 (74 / 74 + 0)', 'Recall': '1.0 (74 / 74 + 0)', 'F1': '1.0 (2 * (1.0 * 1.0) / 1.0 + 1.0)', 'Specificity': '1.0 (112 / 112 + 0)', 'AUC': 1.0, 'r2': 1.0}
2023-05-28 08:15:34,212 [INFO] Save valid_prediction_log data...
2023-05-28 08:15:34,217 [INFO] {'Data': 'valid', 'ACC': '0.94 (44 / 47)', 'TP': 19, 'FP': 3, 'FN': 0, 'TN': 25, 'Precision': '0.86 (19 / 19 + 3)', 'Recall': '1.0 (19 / 19 + 0)', 'F1': '0.92 (2 * (1.0 * 0.86) / 1.0 + 0.86)', 'Specificity': '0.89 (25 / 25 + 3)', 'AUC': 0.95, 'r2': 0.73}
2023-05-28 08:15:34,239 [INFO] Save test_prediction_log data...
2023-05-28 08:15:34,242 [INFO] {'Data': 'test', 'ACC': '0.74 (35 / 47)', 'TP': 14, 'FP': 7, 'FN': 5, 'TN': 21, 'Precision': '0.67 (14 / 14 + 7)', 'Recall': '0.74 (14 / 14 + 5)', 'F1': '0.7 (2 * (0.74 * 0.67) / 0.74 + 0.67)', 'Specificity': '0.75 (21 / 21 + 7)', 'AUC': 0.74, 'r2': -0.06}
2023-05-28 08:15:34,244 [INFO] Save training_log data...
2023-05-28 08:15:34,245 [INFO] Save score_log data...
2023-05-28 08:15:34,246 [INFO] Time : 3.941053867340088
