2023-05-28 02:48:12,900 [INFO] Train data : Vary_params_IGF1R_KIT\DUD-E\IGF1R\nG1_20\ECFP4_512bits\Robust\IGF1R_train_vector.tsv
2023-05-28 02:48:12,900 [INFO] Valid data : Vary_params_IGF1R_KIT\DUD-E\IGF1R\nG1_20\ECFP4_512bits\Robust\IGF1R_valid_vector.tsv
2023-05-28 02:48:12,900 [INFO] Output path : Vary_params_IGF1R_KIT\DUD-E\IGF1R\nG1_20\ECFP4_512bits\Robust\IGF1R_model\MLP
2023-05-28 02:48:12,900 [INFO] Model type : MLP
2023-05-28 02:48:12,900 [INFO] Use cores : 10
2023-05-28 02:48:12,922 [INFO] Start Learning model
2023-05-28 02:48:12,922 [INFO] Train : 226 | Valid : 49
2023-05-28 02:48:12,922 [INFO] Set parameters : {'hidden_layer_sizes': [(50,), (100,), (50, 50), (100, 100)], 'learning_rate': ['constant', 'invscaling', 'adaptive'], 'activation': ['relu', 'identity', 'logistic', 'tanh'], 'solver': ['adam', 'sgd', 'lbfgs'], 'alpha': [0.1, 0.01, 0.001], 'max_iter': [500, 1000], 'early_stopping': [True]}
2023-05-28 02:51:08,503 [INFO] GridSearchCV results :
     mean_valid_accuracy  mean_valid_precision  mean_valid_auc
452             0.969368              0.991667        0.968182
578             0.969368              0.991667        0.968182
440             0.969368              0.991667        0.968182
443             0.969368              0.991667        0.968182
518             0.969368              0.991667        0.968182
..                   ...                   ...             ...
568             0.522134              0.000000        0.500000
468             0.522134              0.000000        0.500000
615             0.522134              0.000000        0.500000
616             0.522134              0.000000        0.500000
541             0.522134              0.000000        0.500000

[864 rows x 3 columns]
2023-05-28 02:51:08,504 [INFO] Best model :
MLPClassifier(activation='identity', alpha=0.1, early_stopping=True,
              hidden_layer_sizes=(50, 50), max_iter=500, random_state=42,
              solver='lbfgs')
2023-05-28 02:51:08,509 [INFO] Save train_prediction_log data...
2023-05-28 02:51:08,512 [INFO] {'Data': 'train', 'ACC': '1.0 (226 / 226)', 'TP': 108, 'FP': 0, 'FN': 0, 'TN': 118, 'Precision': '1.0 (108 / 108 + 0)', 'Recall': '1.0 (108 / 108 + 0)', 'F1': '1.0 (2 * (1.0 * 1.0) / 1.0 + 1.0)', 'Specificity': '1.0 (118 / 118 + 0)', 'AUC': 1.0, 'r2': 1.0}
2023-05-28 02:51:08,518 [INFO] Save valid_prediction_log data...
2023-05-28 02:51:08,520 [INFO] {'Data': 'valid', 'ACC': '1.0 (49 / 49)', 'TP': 20, 'FP': 0, 'FN': 0, 'TN': 29, 'Precision': '1.0 (20 / 20 + 0)', 'Recall': '1.0 (20 / 20 + 0)', 'F1': '1.0 (2 * (1.0 * 1.0) / 1.0 + 1.0)', 'Specificity': '1.0 (29 / 29 + 0)', 'AUC': 1.0, 'r2': 1.0}
2023-05-28 02:51:08,533 [INFO] Save test_prediction_log data...
2023-05-28 02:51:08,535 [INFO] {'Data': 'test', 'ACC': '0.69 (34 / 49)', 'TP': 12, 'FP': 7, 'FN': 8, 'TN': 22, 'Precision': '0.63 (12 / 12 + 7)', 'Recall': '0.6 (12 / 12 + 8)', 'F1': '0.61 (2 * (0.6 * 0.63) / 0.6 + 0.63)', 'Specificity': '0.76 (22 / 22 + 7)', 'AUC': 0.68, 'r2': -0.27}
2023-05-28 02:51:08,537 [INFO] Save training_log data...
2023-05-28 02:51:08,745 [INFO] Save score_log data...
2023-05-28 02:51:08,746 [INFO] Time : 175.84628915786743
