2023-05-29 07:15:13,648 [INFO] Train data : Vary_params_VGFR2\DUD-E\VGFR2\nG1_50\ECFP6_512bits\MinMax\VGFR2_train_vector.tsv
2023-05-29 07:15:13,649 [INFO] Valid data : Vary_params_VGFR2\DUD-E\VGFR2\nG1_50\ECFP6_512bits\MinMax\VGFR2_valid_vector.tsv
2023-05-29 07:15:13,649 [INFO] Output path : Vary_params_VGFR2\DUD-E\VGFR2\nG1_50\ECFP6_512bits\MinMax\VGFR2_model\RF
2023-05-29 07:15:13,649 [INFO] Model type : RF
2023-05-29 07:15:13,649 [INFO] Use cores : 18
2023-05-29 07:15:13,699 [INFO] Start Learning model
2023-05-29 07:15:13,699 [INFO] Train : 717 | Valid : 180
2023-05-29 07:15:13,699 [INFO] Set parameters : {'max_depth': [6, 8, 10, 12], 'max_features': ['sqrt', 'log2'], 'min_samples_leaf': [2, 4, 8, 10], 'min_samples_split': [2, 4, 8, 10], 'n_estimators': [200, 600, 1000]}
2023-05-29 07:21:26,087 [INFO] GridSearchCV results :
     mean_valid_accuracy  mean_valid_precision  mean_valid_auc
343             0.967938              1.000000        0.959975
148             0.965160              1.000000        0.956527
344             0.969327              1.000000        0.961700
341             0.966549              1.000000        0.958251
340             0.966549              1.000000        0.958251
..                   ...                   ...             ...
45              0.952523              0.965783        0.946500
85              0.955321              0.965641        0.950072
94              0.955321              0.965641        0.950072
91              0.955321              0.965641        0.950072
88              0.955321              0.965641        0.950072

[384 rows x 3 columns]
2023-05-29 07:21:26,088 [INFO] Best model :
RandomForestClassifier(class_weight='balanced', max_depth=8,
                       max_features='log2', min_samples_leaf=2,
                       n_estimators=600, random_state=42)
2023-05-29 07:21:26,165 [INFO] Save train_prediction_log data...
2023-05-29 07:21:26,169 [INFO] {'Data': 'train', 'ACC': '1.0 (714 / 717)', 'TP': 284, 'FP': 0, 'FN': 3, 'TN': 430, 'Precision': '1.0 (284 / 284 + 0)', 'Recall': '0.99 (284 / 284 + 3)', 'F1': '0.99 (2 * (0.99 * 1.0) / 0.99 + 1.0)', 'Specificity': '1.0 (430 / 430 + 0)', 'AUC': 0.99, 'r2': 0.98}
2023-05-29 07:21:26,222 [INFO] Save valid_prediction_log data...
2023-05-29 07:21:26,225 [INFO] {'Data': 'valid', 'ACC': '0.98 (177 / 180)', 'TP': 71, 'FP': 2, 'FN': 1, 'TN': 106, 'Precision': '0.97 (71 / 71 + 2)', 'Recall': '0.99 (71 / 71 + 1)', 'F1': '0.98 (2 * (0.99 * 0.97) / 0.99 + 0.97)', 'Specificity': '0.98 (106 / 106 + 2)', 'AUC': 0.98, 'r2': 0.93}
2023-05-29 07:21:26,294 [INFO] Save test_prediction_log data...
2023-05-29 07:21:26,297 [INFO] {'Data': 'test', 'ACC': '0.6 (108 / 180)', 'TP': 26, 'FP': 26, 'FN': 46, 'TN': 82, 'Precision': '0.5 (26 / 26 + 26)', 'Recall': '0.36 (26 / 26 + 46)', 'F1': '0.42 (2 * (0.36 * 0.5) / 0.36 + 0.5)', 'Specificity': '0.76 (82 / 82 + 26)', 'AUC': 0.56, 'r2': -0.67}
2023-05-29 07:21:26,458 [INFO] Save training_log data...
2023-05-29 07:21:26,461 [INFO] Save score_log data...
2023-05-29 07:21:26,462 [INFO] Time : 372.8142023086548
