2023-05-27 11:21:30,395 [INFO] Train data : Vary_params_A\DUD-E\JAK2\nG1_50\ECFP6_256bits\Robust\JAK2_train_vector.tsv
2023-05-27 11:21:30,395 [INFO] Valid data : Vary_params_A\DUD-E\JAK2\nG1_50\ECFP6_256bits\Robust\JAK2_valid_vector.tsv
2023-05-27 11:21:30,396 [INFO] Output path : Vary_params_A\DUD-E\JAK2\nG1_50\ECFP6_256bits\Robust\JAK2_model\SVM
2023-05-27 11:21:30,396 [INFO] Model type : SVM
2023-05-27 11:21:30,396 [INFO] Use cores : 3
2023-05-27 11:21:30,417 [INFO] Start Learning model
2023-05-27 11:21:30,417 [INFO] Train : 112 | Valid : 28
2023-05-27 11:21:30,417 [INFO] Set parameters : {'kernel': ['linear', 'rbf'], 'C': [0.01, 0.1, 1, 10, 100, 1000], 'gamma': [0.01, 0.1, 1, 100, 1000]}
2023-05-27 11:21:35,796 [INFO] GridSearchCV results :
    mean_valid_accuracy  mean_valid_precision  mean_valid_auc
0              0.891667              0.866667        0.895119
20             0.891667              0.866667        0.895119
24             0.891667              0.866667        0.895119
26             0.891667              0.866667        0.895119
28             0.891667              0.866667        0.895119
32             0.891667              0.866667        0.895119
34             0.891667              0.866667        0.895119
36             0.891667              0.866667        0.895119
38             0.891667              0.866667        0.895119
40             0.891667              0.866667        0.895119
42             0.891667              0.866667        0.895119
44             0.891667              0.866667        0.895119
46             0.891667              0.866667        0.895119
48             0.891667              0.866667        0.895119
50             0.891667              0.866667        0.895119
52             0.891667              0.866667        0.895119
54             0.891667              0.866667        0.895119
56             0.891667              0.866667        0.895119
58             0.891667              0.866667        0.895119
22             0.891667              0.866667        0.895119
30             0.891667              0.866667        0.895119
10             0.891667              0.866667        0.895119
2              0.891667              0.866667        0.895119
18             0.891667              0.866667        0.895119
8              0.891667              0.866667        0.895119
16             0.891667              0.866667        0.895119
4              0.891667              0.866667        0.895119
12             0.891667              0.866667        0.895119
6              0.891667              0.866667        0.895119
14             0.891667              0.866667        0.895119
49             0.598485              0.000000        0.500000
9              0.598485              0.000000        0.500000
45             0.598485              0.000000        0.500000
47             0.598485              0.000000        0.500000
7              0.598485              0.000000        0.500000
21             0.598485              0.000000        0.500000
43             0.598485              0.000000        0.500000
5              0.598485              0.000000        0.500000
53             0.598485              0.000000        0.500000
55             0.598485              0.000000        0.500000
3              0.598485              0.000000        0.500000
57             0.598485              0.000000        0.500000
51             0.598485              0.000000        0.500000
11             0.598485              0.000000        0.500000
41             0.598485              0.000000        0.500000
19             0.598485              0.000000        0.500000
39             0.598485              0.000000        0.500000
37             0.598485              0.000000        0.500000
13             0.598485              0.000000        0.500000
35             0.598485              0.000000        0.500000
33             0.598485              0.000000        0.500000
15             0.598485              0.000000        0.500000
31             0.598485              0.000000        0.500000
1              0.598485              0.000000        0.500000
29             0.598485              0.000000        0.500000
27             0.598485              0.000000        0.500000
17             0.598485              0.000000        0.500000
25             0.598485              0.000000        0.500000
23             0.598485              0.000000        0.500000
59             0.598485              0.000000        0.500000
2023-05-27 11:21:35,799 [INFO] Best model :
SVC(C=0.01, gamma=0.01, kernel='linear', random_state=42)
2023-05-27 11:21:35,805 [INFO] Save train_prediction_log data...
2023-05-27 11:21:35,809 [INFO] {'Data': 'train', 'ACC': '1.0 (112 / 112)', 'TP': 45, 'FP': 0, 'FN': 0, 'TN': 67, 'Precision': '1.0 (45 / 45 + 0)', 'Recall': '1.0 (45 / 45 + 0)', 'F1': '1.0 (2 * (1.0 * 1.0) / 1.0 + 1.0)', 'Specificity': '1.0 (67 / 67 + 0)', 'AUC': 1.0, 'r2': 1.0}
2023-05-27 11:21:35,815 [INFO] Save valid_prediction_log data...
2023-05-27 11:21:35,818 [INFO] {'Data': 'valid', 'ACC': '0.89 (25 / 28)', 'TP': 10, 'FP': 2, 'FN': 1, 'TN': 15, 'Precision': '0.83 (10 / 10 + 2)', 'Recall': '0.91 (10 / 10 + 1)', 'F1': '0.87 (2 * (0.91 * 0.83) / 0.91 + 0.83)', 'Specificity': '0.88 (15 / 15 + 2)', 'AUC': 0.9, 'r2': 0.55}
2023-05-27 11:21:35,831 [INFO] Save test_prediction_log data...
2023-05-27 11:21:35,835 [INFO] {'Data': 'test', 'ACC': '0.5 (14 / 28)', 'TP': 3, 'FP': 6, 'FN': 8, 'TN': 11, 'Precision': '0.33 (3 / 3 + 6)', 'Recall': '0.27 (3 / 3 + 8)', 'F1': '0.3 (2 * (0.27 * 0.33) / 0.27 + 0.33)', 'Specificity': '0.65 (11 / 11 + 6)', 'AUC': 0.46, 'r2': -1.1}
2023-05-27 11:21:35,838 [INFO] Save training_log data...
2023-05-27 11:21:35,840 [INFO] Save score_log data...
2023-05-27 11:21:35,841 [INFO] Time : 5.446538209915161
