2023-05-28 20:29:59,870 [INFO] Train data : Vary_params_IGF1R_KIT\DUD-E\KIT\nG1_50\ECFP6_512bits\Standard\KIT_train_vector.tsv
2023-05-28 20:29:59,870 [INFO] Valid data : Vary_params_IGF1R_KIT\DUD-E\KIT\nG1_50\ECFP6_512bits\Standard\KIT_valid_vector.tsv
2023-05-28 20:29:59,870 [INFO] Output path : Vary_params_IGF1R_KIT\DUD-E\KIT\nG1_50\ECFP6_512bits\Standard\KIT_model\MLP
2023-05-28 20:29:59,870 [INFO] Model type : MLP
2023-05-28 20:29:59,870 [INFO] Use cores : 10
2023-05-28 20:29:59,905 [INFO] Start Learning model
2023-05-28 20:29:59,906 [INFO] Train : 232 | Valid : 58
2023-05-28 20:29:59,906 [INFO] Set parameters : {'hidden_layer_sizes': [(50,), (100,), (50, 50), (100, 100)], 'learning_rate': ['constant', 'invscaling', 'adaptive'], 'activation': ['relu', 'identity', 'logistic', 'tanh'], 'solver': ['adam', 'sgd', 'lbfgs'], 'alpha': [0.1, 0.01, 0.001], 'max_iter': [500, 1000], 'early_stopping': [True]}
2023-05-28 20:32:55,106 [INFO] GridSearchCV results :
     mean_valid_accuracy  mean_valid_precision  mean_valid_auc
659             0.974275                   1.0        0.968333
686             0.974275                   1.0        0.968333
689             0.974275                   1.0        0.968333
692             0.974275                   1.0        0.968333
671             0.956884                   1.0        0.946667
..                   ...                   ...             ...
559             0.599275                   0.0        0.500000
562             0.599275                   0.0        0.500000
475             0.599275                   0.0        0.500000
474             0.599275                   0.0        0.500000
565             0.599275                   0.0        0.500000

[864 rows x 3 columns]
2023-05-28 20:32:55,107 [INFO] Best model :
MLPClassifier(activation='identity', alpha=0.1, early_stopping=True,
              hidden_layer_sizes=(100, 100), max_iter=500, random_state=42,
              solver='lbfgs')
2023-05-28 20:32:55,113 [INFO] Save train_prediction_log data...
2023-05-28 20:32:55,116 [INFO] {'Data': 'train', 'ACC': '1.0 (232 / 232)', 'TP': 93, 'FP': 0, 'FN': 0, 'TN': 139, 'Precision': '1.0 (93 / 93 + 0)', 'Recall': '1.0 (93 / 93 + 0)', 'F1': '1.0 (2 * (1.0 * 1.0) / 1.0 + 1.0)', 'Specificity': '1.0 (139 / 139 + 0)', 'AUC': 1.0, 'r2': 1.0}
2023-05-28 20:32:55,120 [INFO] Save valid_prediction_log data...
2023-05-28 20:32:55,122 [INFO] {'Data': 'valid', 'ACC': '0.98 (57 / 58)', 'TP': 22, 'FP': 0, 'FN': 1, 'TN': 35, 'Precision': '1.0 (22 / 22 + 0)', 'Recall': '0.96 (22 / 22 + 1)', 'F1': '0.98 (2 * (0.96 * 1.0) / 0.96 + 1.0)', 'Specificity': '1.0 (35 / 35 + 0)', 'AUC': 0.98, 'r2': 0.93}
2023-05-28 20:32:55,140 [INFO] Save test_prediction_log data...
2023-05-28 20:32:55,141 [INFO] {'Data': 'test', 'ACC': '0.66 (38 / 58)', 'TP': 4, 'FP': 1, 'FN': 19, 'TN': 34, 'Precision': '0.8 (4 / 4 + 1)', 'Recall': '0.17 (4 / 4 + 19)', 'F1': '0.28 (2 * (0.17 * 0.8) / 0.17 + 0.8)', 'Specificity': '0.97 (34 / 34 + 1)', 'AUC': 0.57, 'r2': -0.44}
2023-05-28 20:32:55,143 [INFO] Save training_log data...
2023-05-28 20:32:55,148 [INFO] Save score_log data...
2023-05-28 20:32:55,148 [INFO] Time : 175.2779896259308
