2023-05-29 11:54:54,379 [INFO] Train data : Vary_params_CDK2_EGFR_LCK\DUD-E\LCK\nG1_50\ECFP6_512bits\MinMax\LCK_train_vector.tsv
2023-05-29 11:54:54,380 [INFO] Valid data : Vary_params_CDK2_EGFR_LCK\DUD-E\LCK\nG1_50\ECFP6_512bits\MinMax\LCK_valid_vector.tsv
2023-05-29 11:54:54,380 [INFO] Output path : Vary_params_CDK2_EGFR_LCK\DUD-E\LCK\nG1_50\ECFP6_512bits\MinMax\LCK_model\MLP
2023-05-29 11:54:54,380 [INFO] Model type : MLP
2023-05-29 11:54:54,380 [INFO] Use cores : 19
2023-05-29 11:54:54,414 [INFO] Start Learning model
2023-05-29 11:54:54,414 [INFO] Train : 736 | Valid : 185
2023-05-29 11:54:54,414 [INFO] Set parameters : {'hidden_layer_sizes': [(50,), (100,), (50, 50), (100, 100)], 'learning_rate': ['constant', 'invscaling', 'adaptive'], 'activation': ['relu', 'identity', 'logistic', 'tanh'], 'solver': ['adam', 'sgd', 'lbfgs'], 'alpha': [0.1, 0.01, 0.001], 'max_iter': [500, 1000], 'early_stopping': [True]}
2023-05-29 12:00:03,816 [INFO] GridSearchCV results :
     mean_valid_accuracy  mean_valid_precision  mean_valid_auc
432             0.942873              0.996296        0.929094
435             0.942873              0.996296        0.929094
438             0.942873              0.996296        0.929094
441             0.942873              0.996296        0.929094
444             0.942873              0.996296        0.929094
..                   ...                   ...             ...
532             0.600555              0.000000        0.500000
43              0.600555              0.000000        0.500000
529             0.600555              0.000000        0.500000
526             0.600555              0.000000        0.500000
607             0.600555              0.000000        0.500000

[864 rows x 3 columns]
2023-05-29 12:00:03,817 [INFO] Best model :
MLPClassifier(activation='logistic', alpha=0.1, early_stopping=True,
              hidden_layer_sizes=(50,), max_iter=500, random_state=42)
2023-05-29 12:00:03,826 [INFO] Save train_prediction_log data...
2023-05-29 12:00:03,829 [INFO] {'Data': 'train', 'ACC': '0.96 (704 / 736)', 'TP': 262, 'FP': 0, 'FN': 32, 'TN': 442, 'Precision': '1.0 (262 / 262 + 0)', 'Recall': '0.89 (262 / 262 + 32)', 'F1': '0.94 (2 * (0.89 * 1.0) / 0.89 + 1.0)', 'Specificity': '1.0 (442 / 442 + 0)', 'AUC': 0.95, 'r2': 0.82}
2023-05-29 12:00:03,834 [INFO] Save valid_prediction_log data...
2023-05-29 12:00:03,836 [INFO] {'Data': 'valid', 'ACC': '0.97 (179 / 185)', 'TP': 70, 'FP': 2, 'FN': 4, 'TN': 109, 'Precision': '0.97 (70 / 70 + 2)', 'Recall': '0.95 (70 / 70 + 4)', 'F1': '0.96 (2 * (0.95 * 0.97) / 0.95 + 0.97)', 'Specificity': '0.98 (109 / 109 + 2)', 'AUC': 0.96, 'r2': 0.86}
2023-05-29 12:00:03,851 [INFO] Save test_prediction_log data...
2023-05-29 12:00:03,853 [INFO] {'Data': 'test', 'ACC': '0.65 (121 / 185)', 'TP': 28, 'FP': 18, 'FN': 46, 'TN': 93, 'Precision': '0.61 (28 / 28 + 18)', 'Recall': '0.38 (28 / 28 + 46)', 'F1': '0.47 (2 * (0.38 * 0.61) / 0.38 + 0.61)', 'Specificity': '0.84 (93 / 93 + 18)', 'AUC': 0.61, 'r2': -0.44}
2023-05-29 12:00:03,855 [INFO] Save training_log data...
2023-05-29 12:00:03,861 [INFO] Save score_log data...
2023-05-29 12:00:03,862 [INFO] Time : 309.4829947948456
