2023-05-28 10:51:04,031 [INFO] Train data : Vary_params_IGF1R_KIT\DUD-E\IGF1R\nG1_80\ECFP4_512bits\MinMax\IGF1R_train_vector.tsv
2023-05-28 10:51:04,031 [INFO] Valid data : Vary_params_IGF1R_KIT\DUD-E\IGF1R\nG1_80\ECFP4_512bits\MinMax\IGF1R_valid_vector.tsv
2023-05-28 10:51:04,031 [INFO] Output path : Vary_params_IGF1R_KIT\DUD-E\IGF1R\nG1_80\ECFP4_512bits\MinMax\IGF1R_model\SVM
2023-05-28 10:51:04,031 [INFO] Model type : SVM
2023-05-28 10:51:04,031 [INFO] Use cores : 10
2023-05-28 10:51:04,052 [INFO] Start Learning model
2023-05-28 10:51:04,052 [INFO] Train : 166 | Valid : 49
2023-05-28 10:51:04,052 [INFO] Set parameters : {'kernel': ['linear', 'rbf'], 'C': [0.01, 0.1, 1, 10, 100, 1000], 'gamma': [0.01, 0.1, 1, 100, 1000]}
2023-05-28 10:51:06,644 [INFO] GridSearchCV results :
    mean_valid_accuracy  mean_valid_precision  mean_valid_auc
0              0.988235                   1.0          0.9800
22             0.994118                   1.0          0.9900
26             0.994118                   1.0          0.9900
28             0.994118                   1.0          0.9900
31             0.994118                   1.0          0.9900
32             0.994118                   1.0          0.9900
34             0.994118                   1.0          0.9900
36             0.994118                   1.0          0.9900
38             0.994118                   1.0          0.9900
40             0.994118                   1.0          0.9900
41             0.994118                   1.0          0.9900
42             0.994118                   1.0          0.9900
44             0.994118                   1.0          0.9900
46             0.994118                   1.0          0.9900
48             0.994118                   1.0          0.9900
50             0.994118                   1.0          0.9900
51             0.994118                   1.0          0.9900
52             0.994118                   1.0          0.9900
54             0.994118                   1.0          0.9900
56             0.994118                   1.0          0.9900
58             0.994118                   1.0          0.9900
24             0.994118                   1.0          0.9900
30             0.994118                   1.0          0.9900
12             0.994118                   1.0          0.9900
14             0.994118                   1.0          0.9900
2              0.988235                   1.0          0.9800
20             0.994118                   1.0          0.9900
4              0.988235                   1.0          0.9800
6              0.988235                   1.0          0.9800
8              0.988235                   1.0          0.9800
18             0.994118                   1.0          0.9900
10             0.994118                   1.0          0.9900
16             0.994118                   1.0          0.9900
21             0.988235                   1.0          0.9800
53             0.783824                   0.9          0.6275
33             0.783824                   0.9          0.6275
43             0.783824                   0.9          0.6275
23             0.747426                   0.5          0.5650
37             0.711029                   0.0          0.5000
39             0.711029                   0.0          0.5000
25             0.711029                   0.0          0.5000
57             0.711029                   0.0          0.5000
3              0.711029                   0.0          0.5000
55             0.711029                   0.0          0.5000
27             0.711029                   0.0          0.5000
19             0.711029                   0.0          0.5000
5              0.711029                   0.0          0.5000
29             0.711029                   0.0          0.5000
7              0.711029                   0.0          0.5000
49             0.711029                   0.0          0.5000
1              0.711029                   0.0          0.5000
47             0.711029                   0.0          0.5000
9              0.711029                   0.0          0.5000
45             0.711029                   0.0          0.5000
17             0.711029                   0.0          0.5000
35             0.711029                   0.0          0.5000
11             0.711029                   0.0          0.5000
15             0.711029                   0.0          0.5000
13             0.711029                   0.0          0.5000
59             0.711029                   0.0          0.5000
2023-05-28 10:51:06,645 [INFO] Best model :
SVC(C=0.01, gamma=0.01, kernel='linear', random_state=42)
2023-05-28 10:51:06,651 [INFO] Save train_prediction_log data...
2023-05-28 10:51:06,654 [INFO] {'Data': 'train', 'ACC': '1.0 (166 / 166)', 'TP': 48, 'FP': 0, 'FN': 0, 'TN': 118, 'Precision': '1.0 (48 / 48 + 0)', 'Recall': '1.0 (48 / 48 + 0)', 'F1': '1.0 (2 * (1.0 * 1.0) / 1.0 + 1.0)', 'Specificity': '1.0 (118 / 118 + 0)', 'AUC': 1.0, 'r2': 1.0}
2023-05-28 10:51:06,659 [INFO] Save valid_prediction_log data...
2023-05-28 10:51:06,661 [INFO] {'Data': 'valid', 'ACC': '1.0 (49 / 49)', 'TP': 20, 'FP': 0, 'FN': 0, 'TN': 29, 'Precision': '1.0 (20 / 20 + 0)', 'Recall': '1.0 (20 / 20 + 0)', 'F1': '1.0 (2 * (1.0 * 1.0) / 1.0 + 1.0)', 'Specificity': '1.0 (29 / 29 + 0)', 'AUC': 1.0, 'r2': 1.0}
2023-05-28 10:51:06,675 [INFO] Save test_prediction_log data...
2023-05-28 10:51:06,677 [INFO] {'Data': 'test', 'ACC': '0.69 (34 / 49)', 'TP': 5, 'FP': 0, 'FN': 15, 'TN': 29, 'Precision': '1.0 (5 / 5 + 0)', 'Recall': '0.25 (5 / 5 + 15)', 'F1': '0.4 (2 * (0.25 * 1.0) / 0.25 + 1.0)', 'Specificity': '1.0 (29 / 29 + 0)', 'AUC': 0.62, 'r2': -0.27}
2023-05-28 10:51:06,678 [INFO] Save training_log data...
2023-05-28 10:51:06,680 [INFO] Save score_log data...
2023-05-28 10:51:06,680 [INFO] Time : 2.6483709812164307
