2023-05-29 14:51:57,071 [INFO] Train data : Vary_params_BRAF_MK14\DUD-E\BRAF\nG1_80\ECFP6_512bits\Robust\BRAF_train_vector.tsv
2023-05-29 14:51:57,071 [INFO] Valid data : Vary_params_BRAF_MK14\DUD-E\BRAF\nG1_80\ECFP6_512bits\Robust\BRAF_valid_vector.tsv
2023-05-29 14:51:57,071 [INFO] Output path : Vary_params_BRAF_MK14\DUD-E\BRAF\nG1_80\ECFP6_512bits\Robust\BRAF_model\SVM
2023-05-29 14:51:57,071 [INFO] Model type : SVM
2023-05-29 14:51:57,071 [INFO] Use cores : 10
2023-05-29 14:51:57,094 [INFO] Start Learning model
2023-05-29 14:51:57,095 [INFO] Train : 171 | Valid : 50
2023-05-29 14:51:57,095 [INFO] Set parameters : {'kernel': ['linear', 'rbf'], 'C': [0.01, 0.1, 1, 10, 100, 1000], 'gamma': [0.01, 0.1, 1, 100, 1000]}
2023-05-29 14:52:00,180 [INFO] GridSearchCV results :
    mean_valid_accuracy  mean_valid_precision  mean_valid_auc
0              0.971242              0.983333        0.955833
20             0.971242              0.983333        0.955833
24             0.971242              0.983333        0.955833
26             0.971242              0.983333        0.955833
28             0.971242              0.983333        0.955833
32             0.971242              0.983333        0.955833
34             0.971242              0.983333        0.955833
36             0.971242              0.983333        0.955833
38             0.971242              0.983333        0.955833
40             0.971242              0.983333        0.955833
42             0.971242              0.983333        0.955833
44             0.971242              0.983333        0.955833
46             0.971242              0.983333        0.955833
48             0.971242              0.983333        0.955833
50             0.971242              0.983333        0.955833
52             0.971242              0.983333        0.955833
54             0.971242              0.983333        0.955833
56             0.971242              0.983333        0.955833
58             0.971242              0.983333        0.955833
22             0.971242              0.983333        0.955833
30             0.971242              0.983333        0.955833
10             0.971242              0.983333        0.955833
2              0.971242              0.983333        0.955833
18             0.971242              0.983333        0.955833
8              0.971242              0.983333        0.955833
16             0.971242              0.983333        0.955833
4              0.971242              0.983333        0.955833
12             0.971242              0.983333        0.955833
6              0.971242              0.983333        0.955833
14             0.971242              0.983333        0.955833
49             0.707516              0.000000        0.500000
9              0.707516              0.000000        0.500000
45             0.707516              0.000000        0.500000
47             0.707516              0.000000        0.500000
7              0.707516              0.000000        0.500000
21             0.707516              0.000000        0.500000
43             0.707516              0.000000        0.500000
5              0.707516              0.000000        0.500000
53             0.707516              0.000000        0.500000
55             0.707516              0.000000        0.500000
3              0.707516              0.000000        0.500000
57             0.707516              0.000000        0.500000
51             0.707516              0.000000        0.500000
11             0.707516              0.000000        0.500000
41             0.707516              0.000000        0.500000
19             0.707516              0.000000        0.500000
39             0.707516              0.000000        0.500000
37             0.707516              0.000000        0.500000
13             0.707516              0.000000        0.500000
35             0.707516              0.000000        0.500000
33             0.707516              0.000000        0.500000
15             0.707516              0.000000        0.500000
31             0.707516              0.000000        0.500000
1              0.707516              0.000000        0.500000
29             0.707516              0.000000        0.500000
27             0.707516              0.000000        0.500000
17             0.707516              0.000000        0.500000
25             0.707516              0.000000        0.500000
23             0.707516              0.000000        0.500000
59             0.707516              0.000000        0.500000
2023-05-29 14:52:00,181 [INFO] Best model :
SVC(C=0.01, gamma=0.01, kernel='linear', random_state=42)
2023-05-29 14:52:00,187 [INFO] Save train_prediction_log data...
2023-05-29 14:52:00,191 [INFO] {'Data': 'train', 'ACC': '1.0 (171 / 171)', 'TP': 50, 'FP': 0, 'FN': 0, 'TN': 121, 'Precision': '1.0 (50 / 50 + 0)', 'Recall': '1.0 (50 / 50 + 0)', 'F1': '1.0 (2 * (1.0 * 1.0) / 1.0 + 1.0)', 'Specificity': '1.0 (121 / 121 + 0)', 'AUC': 1.0, 'r2': 1.0}
2023-05-29 14:52:00,195 [INFO] Save valid_prediction_log data...
2023-05-29 14:52:00,197 [INFO] {'Data': 'valid', 'ACC': '0.96 (48 / 50)', 'TP': 20, 'FP': 2, 'FN': 0, 'TN': 28, 'Precision': '0.91 (20 / 20 + 2)', 'Recall': '1.0 (20 / 20 + 0)', 'F1': '0.95 (2 * (1.0 * 0.91) / 1.0 + 0.91)', 'Specificity': '0.93 (28 / 28 + 2)', 'AUC': 0.97, 'r2': 0.83}
2023-05-29 14:52:00,212 [INFO] Save test_prediction_log data...
2023-05-29 14:52:00,214 [INFO] {'Data': 'test', 'ACC': '0.6 (30 / 50)', 'TP': 5, 'FP': 5, 'FN': 15, 'TN': 25, 'Precision': '0.5 (5 / 5 + 5)', 'Recall': '0.25 (5 / 5 + 15)', 'F1': '0.33 (2 * (0.25 * 0.5) / 0.25 + 0.5)', 'Specificity': '0.83 (25 / 25 + 5)', 'AUC': 0.54, 'r2': -0.67}
2023-05-29 14:52:00,216 [INFO] Save training_log data...
2023-05-29 14:52:00,218 [INFO] Save score_log data...
2023-05-29 14:52:00,218 [INFO] Time : 3.147113561630249
