2023-05-26 11:25:00,363 [INFO] Train data : Vary_params\DUD-E\MAPK2\nG1_20\ECFP4_256bits\Robust\MAPK2_train_vector.tsv
2023-05-26 11:25:00,363 [INFO] Valid data : Vary_params\DUD-E\MAPK2\nG1_20\ECFP4_256bits\Robust\MAPK2_valid_vector.tsv
2023-05-26 11:25:00,363 [INFO] Output path : Vary_params\DUD-E\MAPK2\nG1_20\ECFP4_256bits\Robust\MAPK2_model\SVM
2023-05-26 11:25:00,363 [INFO] Model type : SVM
2023-05-26 11:25:00,363 [INFO] Use cores : 10
2023-05-26 11:25:00,375 [INFO] Start Learning model
2023-05-26 11:25:00,375 [INFO] Train : 132 | Valid : 25
2023-05-26 11:25:00,375 [INFO] Set parameters : {'kernel': ['linear', 'rbf'], 'C': [0.01, 0.1, 1, 10, 100, 1000], 'gamma': [0.01, 0.1, 1, 100, 1000]}
2023-05-26 11:25:02,916 [INFO] GridSearchCV results :
    mean_valid_accuracy  mean_valid_precision  mean_valid_auc
0              0.878022              0.888056         0.87381
20             0.878022              0.888056         0.87381
24             0.878022              0.888056         0.87381
26             0.878022              0.888056         0.87381
28             0.878022              0.888056         0.87381
32             0.878022              0.888056         0.87381
34             0.878022              0.888056         0.87381
36             0.878022              0.888056         0.87381
38             0.878022              0.888056         0.87381
40             0.878022              0.888056         0.87381
42             0.878022              0.888056         0.87381
44             0.878022              0.888056         0.87381
46             0.878022              0.888056         0.87381
48             0.878022              0.888056         0.87381
50             0.878022              0.888056         0.87381
52             0.878022              0.888056         0.87381
54             0.878022              0.888056         0.87381
56             0.878022              0.888056         0.87381
58             0.878022              0.888056         0.87381
22             0.878022              0.888056         0.87381
30             0.878022              0.888056         0.87381
10             0.878022              0.888056         0.87381
2              0.878022              0.888056         0.87381
18             0.878022              0.888056         0.87381
8              0.878022              0.888056         0.87381
16             0.878022              0.888056         0.87381
4              0.878022              0.888056         0.87381
12             0.878022              0.888056         0.87381
6              0.878022              0.888056         0.87381
14             0.878022              0.888056         0.87381
49             0.537912              0.537912         0.50000
9              0.537912              0.537912         0.50000
45             0.537912              0.537912         0.50000
47             0.537912              0.537912         0.50000
7              0.537912              0.537912         0.50000
21             0.537912              0.537912         0.50000
43             0.537912              0.537912         0.50000
5              0.537912              0.537912         0.50000
53             0.537912              0.537912         0.50000
55             0.537912              0.537912         0.50000
3              0.537912              0.537912         0.50000
57             0.537912              0.537912         0.50000
51             0.537912              0.537912         0.50000
11             0.537912              0.537912         0.50000
41             0.537912              0.537912         0.50000
19             0.537912              0.537912         0.50000
39             0.537912              0.537912         0.50000
37             0.537912              0.537912         0.50000
13             0.537912              0.537912         0.50000
35             0.537912              0.537912         0.50000
33             0.537912              0.537912         0.50000
15             0.537912              0.537912         0.50000
31             0.537912              0.537912         0.50000
1              0.537912              0.537912         0.50000
29             0.537912              0.537912         0.50000
27             0.537912              0.537912         0.50000
17             0.537912              0.537912         0.50000
25             0.537912              0.537912         0.50000
23             0.537912              0.537912         0.50000
59             0.537912              0.537912         0.50000
2023-05-26 11:25:02,918 [INFO] Best model :
SVC(C=0.01, gamma=0.01, kernel='linear', random_state=42)
2023-05-26 11:25:02,923 [INFO] Save train_prediction_log data...
2023-05-26 11:25:02,926 [INFO] {'Data': 'train', 'ACC': '1.0 (132 / 132)', 'TP': 71, 'FP': 0, 'FN': 0, 'TN': 61, 'Precision': '1.0 (71 / 71 + 0)', 'Recall': '1.0 (71 / 71 + 0)', 'F1': '1.0 (2 * (1.0 * 1.0) / 1.0 + 1.0)', 'Specificity': '1.0 (61 / 61 + 0)', 'AUC': 1.0, 'r2': 1.0}
2023-05-26 11:25:02,929 [INFO] Save valid_prediction_log data...
2023-05-26 11:25:02,931 [INFO] {'Data': 'valid', 'ACC': '0.88 (22 / 25)', 'TP': 10, 'FP': 3, 'FN': 0, 'TN': 12, 'Precision': '0.77 (10 / 10 + 3)', 'Recall': '1.0 (10 / 10 + 0)', 'F1': '0.87 (2 * (1.0 * 0.77) / 1.0 + 0.77)', 'Specificity': '0.8 (12 / 12 + 3)', 'AUC': 0.9, 'r2': 0.5}
2023-05-26 11:25:02,940 [INFO] Save test_prediction_log data...
2023-05-26 11:25:02,942 [INFO] {'Data': 'test', 'ACC': '0.48 (12 / 25)', 'TP': 5, 'FP': 8, 'FN': 5, 'TN': 7, 'Precision': '0.38 (5 / 5 + 8)', 'Recall': '0.5 (5 / 5 + 5)', 'F1': '0.43 (2 * (0.5 * 0.38) / 0.5 + 0.38)', 'Specificity': '0.47 (7 / 7 + 8)', 'AUC': 0.48, 'r2': -1.17}
2023-05-26 11:25:02,944 [INFO] Save training_log data...
2023-05-26 11:25:02,945 [INFO] Save score_log data...
2023-05-26 11:25:02,946 [INFO] Time : 2.582533121109009
