2023-05-29 01:30:01,624 [INFO] Train data : Vary_params\DUD-E\KPCB\nG1_20\ECFP4_512bits\MinMax\KPCB_train_vector.tsv
2023-05-29 01:30:01,624 [INFO] Valid data : Vary_params\DUD-E\KPCB\nG1_20\ECFP4_512bits\MinMax\KPCB_valid_vector.tsv
2023-05-29 01:30:01,624 [INFO] Output path : Vary_params\DUD-E\KPCB\nG1_20\ECFP4_512bits\MinMax\KPCB_model\SVM
2023-05-29 01:30:01,624 [INFO] Model type : SVM
2023-05-29 01:30:01,624 [INFO] Use cores : 11
2023-05-29 01:30:01,652 [INFO] Start Learning model
2023-05-29 01:30:01,652 [INFO] Train : 198 | Valid : 42
2023-05-29 01:30:01,652 [INFO] Set parameters : {'kernel': ['linear', 'rbf'], 'C': [0.01, 0.1, 1, 10, 100, 1000], 'gamma': [0.01, 0.1, 1, 100, 1000]}
2023-05-29 01:30:05,676 [INFO] GridSearchCV results :
    mean_valid_accuracy  mean_valid_precision  mean_valid_auc
0              0.950000              1.000000        0.950000
2              0.950000              1.000000        0.950000
4              0.950000              1.000000        0.950000
6              0.950000              1.000000        0.950000
21             0.960000              1.000000        0.960000
8              0.950000              1.000000        0.950000
31             0.964737              0.990000        0.965000
51             0.964737              0.990000        0.965000
41             0.964737              0.990000        0.965000
42             0.949737              0.963333        0.950000
32             0.949737              0.963333        0.950000
34             0.949737              0.963333        0.950000
36             0.949737              0.963333        0.950000
38             0.949737              0.963333        0.950000
40             0.949737              0.963333        0.950000
48             0.949737              0.963333        0.950000
44             0.949737              0.963333        0.950000
46             0.949737              0.963333        0.950000
26             0.949737              0.963333        0.950000
50             0.949737              0.963333        0.950000
52             0.949737              0.963333        0.950000
54             0.949737              0.963333        0.950000
56             0.949737              0.963333        0.950000
58             0.949737              0.963333        0.950000
28             0.949737              0.963333        0.950000
30             0.949737              0.963333        0.950000
16             0.949737              0.963333        0.950000
24             0.949737              0.963333        0.950000
22             0.949737              0.963333        0.950000
20             0.949737              0.963333        0.950000
10             0.949737              0.963333        0.950000
12             0.949737              0.963333        0.950000
18             0.949737              0.963333        0.950000
14             0.949737              0.963333        0.950000
43             0.879737              0.900000        0.878889
53             0.879737              0.900000        0.878889
23             0.874474              0.900000        0.873333
33             0.879737              0.900000        0.878889
11             0.662632              0.900000        0.657222
55             0.520526              0.200000        0.510556
45             0.520526              0.200000        0.510556
25             0.520526              0.200000        0.510556
35             0.520526              0.200000        0.510556
27             0.510263              0.000000        0.500000
3              0.510263              0.000000        0.500000
57             0.510263              0.000000        0.500000
5              0.510263              0.000000        0.500000
29             0.510263              0.000000        0.500000
7              0.510263              0.000000        0.500000
1              0.510263              0.000000        0.500000
9              0.510263              0.000000        0.500000
15             0.510263              0.000000        0.500000
19             0.510263              0.000000        0.500000
49             0.510263              0.000000        0.500000
37             0.510263              0.000000        0.500000
47             0.510263              0.000000        0.500000
13             0.510263              0.000000        0.500000
39             0.510263              0.000000        0.500000
17             0.510263              0.000000        0.500000
59             0.510263              0.000000        0.500000
2023-05-29 01:30:05,685 [INFO] Best model :
SVC(C=0.01, gamma=0.01, kernel='linear', random_state=42)
2023-05-29 01:30:05,692 [INFO] Save train_prediction_log data...
2023-05-29 01:30:05,696 [INFO] {'Data': 'train', 'ACC': '0.98 (194 / 198)', 'TP': 93, 'FP': 0, 'FN': 4, 'TN': 101, 'Precision': '1.0 (93 / 93 + 0)', 'Recall': '0.96 (93 / 93 + 4)', 'F1': '0.98 (2 * (0.96 * 1.0) / 0.96 + 1.0)', 'Specificity': '1.0 (101 / 101 + 0)', 'AUC': 0.98, 'r2': 0.92}
2023-05-29 01:30:05,702 [INFO] Save valid_prediction_log data...
2023-05-29 01:30:05,706 [INFO] {'Data': 'valid', 'ACC': '1.0 (42 / 42)', 'TP': 17, 'FP': 0, 'FN': 0, 'TN': 25, 'Precision': '1.0 (17 / 17 + 0)', 'Recall': '1.0 (17 / 17 + 0)', 'F1': '1.0 (2 * (1.0 * 1.0) / 1.0 + 1.0)', 'Specificity': '1.0 (25 / 25 + 0)', 'AUC': 1.0, 'r2': 1.0}
2023-05-29 01:30:05,726 [INFO] Save test_prediction_log data...
2023-05-29 01:30:05,730 [INFO] {'Data': 'test', 'ACC': '0.76 (32 / 42)', 'TP': 9, 'FP': 2, 'FN': 8, 'TN': 23, 'Precision': '0.82 (9 / 9 + 2)', 'Recall': '0.53 (9 / 9 + 8)', 'F1': '0.64 (2 * (0.53 * 0.82) / 0.53 + 0.82)', 'Specificity': '0.92 (23 / 23 + 2)', 'AUC': 0.72, 'r2': 0.01}
2023-05-29 01:30:05,733 [INFO] Save training_log data...
2023-05-29 01:30:05,734 [INFO] Save score_log data...
2023-05-29 01:30:05,736 [INFO] Time : 4.111895799636841
