2023-05-27 13:40:35,221 [INFO] Train data : Vary_params\DUD-E\MP2K1\nG1_80\ECFP4_512bits\MinMax\MP2K1_train_vector.tsv
2023-05-27 13:40:35,222 [INFO] Valid data : Vary_params\DUD-E\MP2K1\nG1_80\ECFP4_512bits\MinMax\MP2K1_valid_vector.tsv
2023-05-27 13:40:35,222 [INFO] Output path : Vary_params\DUD-E\MP2K1\nG1_80\ECFP4_512bits\MinMax\MP2K1_model\RF
2023-05-27 13:40:35,222 [INFO] Model type : RF
2023-05-27 13:40:35,222 [INFO] Use cores : 10
2023-05-27 13:40:35,257 [INFO] Start Learning model
2023-05-27 13:40:35,257 [INFO] Train : 112 | Valid : 35
2023-05-27 13:40:35,257 [INFO] Set parameters : {'max_depth': [6, 8, 10, 12], 'max_features': ['sqrt', 'log2'], 'min_samples_leaf': [2, 4, 8, 10], 'min_samples_split': [2, 4, 8, 10], 'n_estimators': [200, 600, 1000]}
2023-05-27 13:45:07,613 [INFO] GridSearchCV results :
     mean_valid_accuracy  mean_valid_precision  mean_valid_auc
0               0.990909                   1.0        0.975000
227             0.946212                   1.0        0.883333
225             0.955303                   1.0        0.900000
224             0.946212                   1.0        0.883333
223             0.955303                   1.0        0.900000
..                   ...                   ...             ...
83              0.937121                   0.9        0.858333
81              0.946212                   0.9        0.875000
80              0.937121                   0.9        0.858333
78              0.946212                   0.9        0.875000
383             0.937121                   0.9        0.858333

[384 rows x 3 columns]
2023-05-27 13:45:07,614 [INFO] Best model :
RandomForestClassifier(class_weight='balanced', max_depth=6, min_samples_leaf=2,
                       n_estimators=200, random_state=42)
2023-05-27 13:45:07,626 [INFO] Save train_prediction_log data...
2023-05-27 13:45:07,629 [INFO] {'Data': 'train', 'ACC': '1.0 (112 / 112)', 'TP': 27, 'FP': 0, 'FN': 0, 'TN': 85, 'Precision': '1.0 (27 / 27 + 0)', 'Recall': '1.0 (27 / 27 + 0)', 'F1': '1.0 (2 * (1.0 * 1.0) / 1.0 + 1.0)', 'Specificity': '1.0 (85 / 85 + 0)', 'AUC': 1.0, 'r2': 1.0}
2023-05-27 13:45:07,640 [INFO] Save valid_prediction_log data...
2023-05-27 13:45:07,642 [INFO] {'Data': 'valid', 'ACC': '1.0 (35 / 35)', 'TP': 14, 'FP': 0, 'FN': 0, 'TN': 21, 'Precision': '1.0 (14 / 14 + 0)', 'Recall': '1.0 (14 / 14 + 0)', 'F1': '1.0 (2 * (1.0 * 1.0) / 1.0 + 1.0)', 'Specificity': '1.0 (21 / 21 + 0)', 'AUC': 1.0, 'r2': 1.0}
2023-05-27 13:45:07,667 [INFO] Save test_prediction_log data...
2023-05-27 13:45:07,672 [INFO] {'Data': 'test', 'ACC': '0.66 (23 / 35)', 'TP': 2, 'FP': 0, 'FN': 12, 'TN': 21, 'Precision': '1.0 (2 / 2 + 0)', 'Recall': '0.14 (2 / 2 + 12)', 'F1': '0.25 (2 * (0.14 * 1.0) / 0.14 + 1.0)', 'Specificity': '1.0 (21 / 21 + 0)', 'AUC': 0.57, 'r2': -0.43}
2023-05-27 13:45:07,707 [INFO] Save training_log data...
2023-05-27 13:45:07,709 [INFO] Save score_log data...
2023-05-27 13:45:07,710 [INFO] Time : 272.48907804489136
