2023-05-28 15:30:44,036 [INFO] Train data : Vary_params_A\DUD-E\MK10\nG1_50\ECFP4_512bits\MinMax\MK10_train_vector.tsv
2023-05-28 15:30:44,037 [INFO] Valid data : Vary_params_A\DUD-E\MK10\nG1_50\ECFP4_512bits\MinMax\MK10_valid_vector.tsv
2023-05-28 15:30:44,037 [INFO] Output path : Vary_params_A\DUD-E\MK10\nG1_50\ECFP4_512bits\MinMax\MK10_model\RF
2023-05-28 15:30:44,037 [INFO] Model type : RF
2023-05-28 15:30:44,037 [INFO] Use cores : 3
2023-05-28 15:30:44,086 [INFO] Start Learning model
2023-05-28 15:30:44,086 [INFO] Train : 104 | Valid : 26
2023-05-28 15:30:44,086 [INFO] Set parameters : {'max_depth': [6, 8, 10, 12], 'max_features': ['sqrt', 'log2'], 'min_samples_leaf': [2, 4, 8, 10], 'min_samples_split': [2, 4, 8, 10], 'n_estimators': [200, 600, 1000]}
2023-05-28 15:47:33,533 [INFO] GridSearchCV results :
     mean_valid_accuracy  mean_valid_precision  mean_valid_auc
0               0.943636                  0.98        0.936667
195             0.952727                  0.98        0.949167
152             0.961818                  0.98        0.959167
154             0.961818                  0.98        0.959167
155             0.961818                  0.98        0.959167
..                   ...                   ...             ...
134             0.912727                  0.91        0.910357
140             0.912727                  0.91        0.910357
335             0.912727                  0.91        0.910357
137             0.912727                  0.91        0.910357
326             0.912727                  0.91        0.910357

[384 rows x 3 columns]
2023-05-28 15:47:33,535 [INFO] Best model :
RandomForestClassifier(class_weight='balanced', max_depth=6, min_samples_leaf=2,
                       n_estimators=200, random_state=42)
2023-05-28 15:47:33,560 [INFO] Save train_prediction_log data...
2023-05-28 15:47:33,565 [INFO] {'Data': 'train', 'ACC': '1.0 (104 / 104)', 'TP': 42, 'FP': 0, 'FN': 0, 'TN': 62, 'Precision': '1.0 (42 / 42 + 0)', 'Recall': '1.0 (42 / 42 + 0)', 'F1': '1.0 (2 * (1.0 * 1.0) / 1.0 + 1.0)', 'Specificity': '1.0 (62 / 62 + 0)', 'AUC': 1.0, 'r2': 1.0}
2023-05-28 15:47:33,587 [INFO] Save valid_prediction_log data...
2023-05-28 15:47:33,591 [INFO] {'Data': 'valid', 'ACC': '1.0 (26 / 26)', 'TP': 10, 'FP': 0, 'FN': 0, 'TN': 16, 'Precision': '1.0 (10 / 10 + 0)', 'Recall': '1.0 (10 / 10 + 0)', 'F1': '1.0 (2 * (1.0 * 1.0) / 1.0 + 1.0)', 'Specificity': '1.0 (16 / 16 + 0)', 'AUC': 1.0, 'r2': 1.0}
2023-05-28 15:47:33,633 [INFO] Save test_prediction_log data...
2023-05-28 15:47:33,636 [INFO] {'Data': 'test', 'ACC': '0.69 (18 / 26)', 'TP': 3, 'FP': 1, 'FN': 7, 'TN': 15, 'Precision': '0.75 (3 / 3 + 1)', 'Recall': '0.3 (3 / 3 + 7)', 'F1': '0.43 (2 * (0.3 * 0.75) / 0.3 + 0.75)', 'Specificity': '0.94 (15 / 15 + 1)', 'AUC': 0.62, 'r2': -0.3}
2023-05-28 15:47:33,700 [INFO] Save training_log data...
2023-05-28 15:47:33,704 [INFO] Save score_log data...
2023-05-28 15:47:33,705 [INFO] Time : 1009.6691904067993
