2023-05-26 23:11:03,920 [INFO] Train data : Vary_params\DUD-E\MET\nG1_20\ECFP6_512bits\MinMax\MET_train_vector.tsv
2023-05-26 23:11:03,920 [INFO] Valid data : Vary_params\DUD-E\MET\nG1_20\ECFP6_512bits\MinMax\MET_valid_vector.tsv
2023-05-26 23:11:03,920 [INFO] Output path : Vary_params\DUD-E\MET\nG1_20\ECFP6_512bits\MinMax\MET_model\XGB
2023-05-26 23:11:03,920 [INFO] Model type : XGB
2023-05-26 23:11:03,920 [INFO] Use cores : 10
2023-05-26 23:11:03,944 [INFO] Start Learning model
2023-05-26 23:11:03,944 [INFO] Train : 226 | Valid : 49
2023-05-26 23:11:03,945 [INFO] Set parameters : {'max_depth': [4, 6, 8], 'learning_rate': [0.01, 0.2], 'n_estimators': [200, 600, 1000], 'gamma': [0, 1000], 'min_child_weight': [1, 3], 'subsample': [0.5, 1], 'colsample_bytree': [0.5, 1], 'objective': ['binary:logitraw'], 'eval_metric': ['auc', 'error']}
2023-05-26 23:26:19,653 [INFO] GridSearchCV results :
     mean_valid_accuracy  mean_valid_precision  mean_valid_auc
174             0.934783                   1.0        0.931818
162             0.934783                   1.0        0.931818
6               0.934783                   1.0        0.931818
150             0.934783                   1.0        0.931818
30              0.934783                   1.0        0.931818
..                   ...                   ...             ...
263             0.522134                   0.0        0.500000
262             0.522134                   0.0        0.500000
261             0.522134                   0.0        0.500000
260             0.522134                   0.0        0.500000
575             0.522134                   0.0        0.500000

[576 rows x 3 columns]
2023-05-26 23:26:19,655 [INFO] Best model :
XGBClassifier(base_score=None, booster=None, callbacks=None,
              colsample_bylevel=None, colsample_bynode=None,
              colsample_bytree=0.5, early_stopping_rounds=None,
              enable_categorical=False, eval_metric='auc', feature_types=None,
              gamma=0, gpu_id=None, grow_policy=None, importance_type=None,
              interaction_constraints=None, learning_rate=0.01, max_bin=None,
              max_cat_threshold=None, max_cat_to_onehot=None,
              max_delta_step=None, max_depth=4, max_leaves=None,
              min_child_weight=3, missing=nan, monotone_constraints=None,
              n_estimators=200, n_jobs=0, num_parallel_tree=None,
              objective='binary:logitraw', predictor=None, ...)
2023-05-26 23:26:19,670 [INFO] Save train_prediction_log data...
2023-05-26 23:26:19,674 [INFO] {'Data': 'train', 'ACC': '0.94 (213 / 226)', 'TP': 95, 'FP': 0, 'FN': 13, 'TN': 118, 'Precision': '1.0 (95 / 95 + 0)', 'Recall': '0.88 (95 / 95 + 13)', 'F1': '0.94 (2 * (0.88 * 1.0) / 0.88 + 1.0)', 'Specificity': '1.0 (118 / 118 + 0)', 'AUC': 0.94, 'r2': 0.77}
2023-05-26 23:26:19,687 [INFO] Save valid_prediction_log data...
2023-05-26 23:26:19,689 [INFO] {'Data': 'valid', 'ACC': '0.98 (48 / 49)', 'TP': 20, 'FP': 1, 'FN': 0, 'TN': 28, 'Precision': '0.95 (20 / 20 + 1)', 'Recall': '1.0 (20 / 20 + 0)', 'F1': '0.97 (2 * (1.0 * 0.95) / 1.0 + 0.95)', 'Specificity': '0.97 (28 / 28 + 1)', 'AUC': 0.98, 'r2': 0.92}
2023-05-26 23:26:19,715 [INFO] Save test_prediction_log data...
2023-05-26 23:26:19,719 [INFO] {'Data': 'test', 'ACC': '0.65 (32 / 49)', 'TP': 6, 'FP': 3, 'FN': 14, 'TN': 26, 'Precision': '0.67 (6 / 6 + 3)', 'Recall': '0.3 (6 / 6 + 14)', 'F1': '0.41 (2 * (0.3 * 0.67) / 0.3 + 0.67)', 'Specificity': '0.9 (26 / 26 + 3)', 'AUC': 0.6, 'r2': -0.44}
2023-05-26 23:26:19,723 [INFO] Save training_log data...
2023-05-26 23:26:19,727 [INFO] Save score_log data...
2023-05-26 23:26:19,728 [INFO] Time : 915.8079566955566
