2023-05-29 01:33:36,277 [INFO] Train data : Vary_params_VGFR2\DUD-E\VGFR2\nG1_50\ECFP4_512bits\Robust\VGFR2_train_vector.tsv
2023-05-29 01:33:36,277 [INFO] Valid data : Vary_params_VGFR2\DUD-E\VGFR2\nG1_50\ECFP4_512bits\Robust\VGFR2_valid_vector.tsv
2023-05-29 01:33:36,277 [INFO] Output path : Vary_params_VGFR2\DUD-E\VGFR2\nG1_50\ECFP4_512bits\Robust\VGFR2_model\SVM
2023-05-29 01:33:36,277 [INFO] Model type : SVM
2023-05-29 01:33:36,277 [INFO] Use cores : 18
2023-05-29 01:33:36,333 [INFO] Start Learning model
2023-05-29 01:33:36,333 [INFO] Train : 717 | Valid : 180
2023-05-29 01:33:36,333 [INFO] Set parameters : {'kernel': ['linear', 'rbf'], 'C': [0.01, 0.1, 1, 10, 100, 1000], 'gamma': [0.01, 0.1, 1, 100, 1000]}
2023-05-29 01:33:55,281 [INFO] GridSearchCV results :
    mean_valid_accuracy  mean_valid_precision  mean_valid_auc
0              0.963752              0.948278        0.964154
20             0.963752              0.948278        0.964154
24             0.963752              0.948278        0.964154
26             0.963752              0.948278        0.964154
28             0.963752              0.948278        0.964154
32             0.963752              0.948278        0.964154
34             0.963752              0.948278        0.964154
36             0.963752              0.948278        0.964154
38             0.963752              0.948278        0.964154
40             0.963752              0.948278        0.964154
42             0.963752              0.948278        0.964154
44             0.963752              0.948278        0.964154
46             0.963752              0.948278        0.964154
48             0.963752              0.948278        0.964154
50             0.963752              0.948278        0.964154
52             0.963752              0.948278        0.964154
54             0.963752              0.948278        0.964154
56             0.963752              0.948278        0.964154
58             0.963752              0.948278        0.964154
22             0.963752              0.948278        0.964154
30             0.963752              0.948278        0.964154
10             0.963752              0.948278        0.964154
2              0.963752              0.948278        0.964154
18             0.963752              0.948278        0.964154
8              0.963752              0.948278        0.964154
16             0.963752              0.948278        0.964154
4              0.963752              0.948278        0.964154
12             0.963752              0.948278        0.964154
6              0.963752              0.948278        0.964154
14             0.963752              0.948278        0.964154
49             0.599746              0.000000        0.500000
9              0.599746              0.000000        0.500000
45             0.599746              0.000000        0.500000
47             0.599746              0.000000        0.500000
7              0.599746              0.000000        0.500000
21             0.599746              0.000000        0.500000
43             0.599746              0.000000        0.500000
5              0.599746              0.000000        0.500000
53             0.599746              0.000000        0.500000
55             0.599746              0.000000        0.500000
3              0.599746              0.000000        0.500000
57             0.599746              0.000000        0.500000
51             0.599746              0.000000        0.500000
11             0.599746              0.000000        0.500000
41             0.599746              0.000000        0.500000
19             0.599746              0.000000        0.500000
39             0.599746              0.000000        0.500000
37             0.599746              0.000000        0.500000
13             0.599746              0.000000        0.500000
35             0.599746              0.000000        0.500000
33             0.599746              0.000000        0.500000
15             0.599746              0.000000        0.500000
31             0.599746              0.000000        0.500000
1              0.599746              0.000000        0.500000
29             0.599746              0.000000        0.500000
27             0.599746              0.000000        0.500000
17             0.599746              0.000000        0.500000
25             0.599746              0.000000        0.500000
23             0.599746              0.000000        0.500000
59             0.599746              0.000000        0.500000
2023-05-29 01:33:55,282 [INFO] Best model :
SVC(C=0.01, gamma=0.01, kernel='linear', random_state=42)
2023-05-29 01:33:55,306 [INFO] Save train_prediction_log data...
2023-05-29 01:33:55,310 [INFO] {'Data': 'train', 'ACC': '1.0 (717 / 717)', 'TP': 287, 'FP': 0, 'FN': 0, 'TN': 430, 'Precision': '1.0 (287 / 287 + 0)', 'Recall': '1.0 (287 / 287 + 0)', 'F1': '1.0 (2 * (1.0 * 1.0) / 1.0 + 1.0)', 'Specificity': '1.0 (430 / 430 + 0)', 'AUC': 1.0, 'r2': 1.0}
2023-05-29 01:33:55,320 [INFO] Save valid_prediction_log data...
2023-05-29 01:33:55,322 [INFO] {'Data': 'valid', 'ACC': '0.96 (173 / 180)', 'TP': 72, 'FP': 7, 'FN': 0, 'TN': 101, 'Precision': '0.91 (72 / 72 + 7)', 'Recall': '1.0 (72 / 72 + 0)', 'F1': '0.95 (2 * (1.0 * 0.91) / 1.0 + 0.91)', 'Specificity': '0.94 (101 / 101 + 7)', 'AUC': 0.97, 'r2': 0.84}
2023-05-29 01:33:55,349 [INFO] Save test_prediction_log data...
2023-05-29 01:33:55,352 [INFO] {'Data': 'test', 'ACC': '0.52 (93 / 180)', 'TP': 37, 'FP': 52, 'FN': 35, 'TN': 56, 'Precision': '0.42 (37 / 37 + 52)', 'Recall': '0.51 (37 / 37 + 35)', 'F1': '0.46 (2 * (0.51 * 0.42) / 0.51 + 0.42)', 'Specificity': '0.52 (56 / 56 + 52)', 'AUC': 0.52, 'r2': -1.01}
2023-05-29 01:33:55,355 [INFO] Save training_log data...
2023-05-29 01:33:55,356 [INFO] Save score_log data...
2023-05-29 01:33:55,358 [INFO] Time : 19.081539630889893
