2023-05-29 11:54:44,789 [INFO] Train data : Vary_params_CDK2_EGFR_LCK\DUD-E\LCK\nG1_50\ECFP6_512bits\MinMax\LCK_train_vector.tsv
2023-05-29 11:54:44,789 [INFO] Valid data : Vary_params_CDK2_EGFR_LCK\DUD-E\LCK\nG1_50\ECFP6_512bits\MinMax\LCK_valid_vector.tsv
2023-05-29 11:54:44,789 [INFO] Output path : Vary_params_CDK2_EGFR_LCK\DUD-E\LCK\nG1_50\ECFP6_512bits\MinMax\LCK_model\SVM
2023-05-29 11:54:44,789 [INFO] Model type : SVM
2023-05-29 11:54:44,789 [INFO] Use cores : 19
2023-05-29 11:54:44,822 [INFO] Start Learning model
2023-05-29 11:54:44,822 [INFO] Train : 736 | Valid : 185
2023-05-29 11:54:44,823 [INFO] Set parameters : {'kernel': ['linear', 'rbf'], 'C': [0.01, 0.1, 1, 10, 100, 1000], 'gamma': [0.01, 0.1, 1, 100, 1000]}
2023-05-29 11:54:52,610 [INFO] GridSearchCV results :
    mean_valid_accuracy  mean_valid_precision  mean_valid_auc
43             0.676675              1.000000        0.595402
23             0.638615              1.000000        0.547816
53             0.676675              1.000000        0.595402
11             0.854572              1.000000        0.817931
33             0.676675              1.000000        0.595402
21             0.974250              0.983319        0.970723
0              0.971548              0.983103        0.967389
2              0.971548              0.983103        0.967389
4              0.971548              0.983103        0.967389
6              0.971548              0.983103        0.967389
8              0.971548              0.983103        0.967389
51             0.976934              0.980100        0.974701
41             0.976934              0.980100        0.974701
31             0.976934              0.980100        0.974701
14             0.964698              0.963196        0.962288
18             0.964698              0.963196        0.962288
10             0.964698              0.963196        0.962288
16             0.964698              0.963196        0.962288
12             0.964698              0.963196        0.962288
50             0.963328              0.960242        0.961152
48             0.963328              0.960242        0.961152
46             0.963328              0.960242        0.961152
44             0.963328              0.960242        0.961152
52             0.963328              0.960242        0.961152
56             0.963328              0.960242        0.961152
42             0.963328              0.960242        0.961152
58             0.963328              0.960242        0.961152
40             0.963328              0.960242        0.961152
38             0.963328              0.960242        0.961152
36             0.963328              0.960242        0.961152
34             0.963328              0.960242        0.961152
54             0.963328              0.960242        0.961152
30             0.963328              0.960242        0.961152
32             0.963328              0.960242        0.961152
28             0.963328              0.960242        0.961152
22             0.963328              0.960242        0.961152
24             0.963328              0.960242        0.961152
26             0.963328              0.960242        0.961152
20             0.963328              0.960242        0.961152
39             0.600555              0.000000        0.500000
17             0.600555              0.000000        0.500000
3              0.600555              0.000000        0.500000
57             0.600555              0.000000        0.500000
5              0.600555              0.000000        0.500000
55             0.600555              0.000000        0.500000
7              0.600555              0.000000        0.500000
9              0.600555              0.000000        0.500000
13             0.600555              0.000000        0.500000
15             0.600555              0.000000        0.500000
49             0.600555              0.000000        0.500000
27             0.600555              0.000000        0.500000
19             0.600555              0.000000        0.500000
47             0.600555              0.000000        0.500000
1              0.600555              0.000000        0.500000
45             0.600555              0.000000        0.500000
35             0.600555              0.000000        0.500000
29             0.600555              0.000000        0.500000
25             0.600555              0.000000        0.500000
37             0.600555              0.000000        0.500000
59             0.600555              0.000000        0.500000
2023-05-29 11:54:52,611 [INFO] Best model :
SVC(C=0.1, gamma=0.01, random_state=42)
2023-05-29 11:54:52,681 [INFO] Save train_prediction_log data...
2023-05-29 11:54:52,685 [INFO] {'Data': 'train', 'ACC': '0.9 (666 / 736)', 'TP': 224, 'FP': 0, 'FN': 70, 'TN': 442, 'Precision': '1.0 (224 / 224 + 0)', 'Recall': '0.76 (224 / 224 + 70)', 'F1': '0.86 (2 * (0.76 * 1.0) / 0.76 + 1.0)', 'Specificity': '1.0 (442 / 442 + 0)', 'AUC': 0.88, 'r2': 0.6}
2023-05-29 11:54:52,706 [INFO] Save valid_prediction_log data...
2023-05-29 11:54:52,708 [INFO] {'Data': 'valid', 'ACC': '0.92 (171 / 185)', 'TP': 60, 'FP': 0, 'FN': 14, 'TN': 111, 'Precision': '1.0 (60 / 60 + 0)', 'Recall': '0.81 (60 / 60 + 14)', 'F1': '0.9 (2 * (0.81 * 1.0) / 0.81 + 1.0)', 'Specificity': '1.0 (111 / 111 + 0)', 'AUC': 0.91, 'r2': 0.68}
2023-05-29 11:54:52,741 [INFO] Save test_prediction_log data...
2023-05-29 11:54:52,743 [INFO] {'Data': 'test', 'ACC': '0.69 (127 / 185)', 'TP': 20, 'FP': 4, 'FN': 54, 'TN': 107, 'Precision': '0.83 (20 / 20 + 4)', 'Recall': '0.27 (20 / 20 + 54)', 'F1': '0.41 (2 * (0.27 * 0.83) / 0.27 + 0.83)', 'Specificity': '0.96 (107 / 107 + 4)', 'AUC': 0.62, 'r2': -0.31}
2023-05-29 11:54:52,746 [INFO] Save training_log data...
2023-05-29 11:54:52,748 [INFO] Save score_log data...
2023-05-29 11:54:52,749 [INFO] Time : 7.959337472915649
