2023-05-28 13:49:45,559 [INFO] Train data : Vary_params_ABL_BRAF_FGFR1\DUD-E\ABL1\nG1_20\ECFP6_256bits\Standard\ABL1_train_vector.tsv
2023-05-28 13:49:45,559 [INFO] Valid data : Vary_params_ABL_BRAF_FGFR1\DUD-E\ABL1\nG1_20\ECFP6_256bits\Standard\ABL1_valid_vector.tsv
2023-05-28 13:49:45,559 [INFO] Output path : Vary_params_ABL_BRAF_FGFR1\DUD-E\ABL1\nG1_20\ECFP6_256bits\Standard\ABL1_model\SVM
2023-05-28 13:49:45,559 [INFO] Model type : SVM
2023-05-28 13:49:45,559 [INFO] Use cores : 18
2023-05-28 13:49:45,580 [INFO] Start Learning model
2023-05-28 13:49:45,580 [INFO] Train : 294 | Valid : 66
2023-05-28 13:49:45,581 [INFO] Set parameters : {'kernel': ['linear', 'rbf'], 'C': [0.01, 0.1, 1, 10, 100, 1000], 'gamma': [0.01, 0.1, 1, 100, 1000]}
2023-05-28 13:49:49,010 [INFO] GridSearchCV results :
    mean_valid_accuracy  mean_valid_precision  mean_valid_auc
51             0.862069              1.000000        0.851099
21             0.835057              1.000000        0.821978
31             0.862069              1.000000        0.851099
41             0.862069              1.000000        0.851099
30             0.887816              0.880166        0.888164
16             0.887816              0.880166        0.888164
32             0.887816              0.880166        0.888164
26             0.887816              0.880166        0.888164
34             0.887816              0.880166        0.888164
24             0.887816              0.880166        0.888164
36             0.887816              0.880166        0.888164
22             0.887816              0.880166        0.888164
20             0.887816              0.880166        0.888164
38             0.887816              0.880166        0.888164
18             0.887816              0.880166        0.888164
40             0.887816              0.880166        0.888164
14             0.887816              0.880166        0.888164
42             0.887816              0.880166        0.888164
12             0.887816              0.880166        0.888164
44             0.887816              0.880166        0.888164
10             0.887816              0.880166        0.888164
46             0.887816              0.880166        0.888164
48             0.887816              0.880166        0.888164
50             0.887816              0.880166        0.888164
52             0.887816              0.880166        0.888164
54             0.887816              0.880166        0.888164
56             0.887816              0.880166        0.888164
58             0.887816              0.880166        0.888164
28             0.887816              0.880166        0.888164
0              0.884253              0.877489        0.884318
2              0.884253              0.877489        0.884318
4              0.884253              0.877489        0.884318
6              0.884253              0.877489        0.884318
8              0.884253              0.877489        0.884318
1              0.537471              0.000000        0.500000
29             0.537471              0.000000        0.500000
57             0.537471              0.000000        0.500000
3              0.537471              0.000000        0.500000
55             0.537471              0.000000        0.500000
53             0.537471              0.000000        0.500000
5              0.537471              0.000000        0.500000
7              0.537471              0.000000        0.500000
49             0.537471              0.000000        0.500000
47             0.537471              0.000000        0.500000
9              0.537471              0.000000        0.500000
45             0.537471              0.000000        0.500000
11             0.537471              0.000000        0.500000
43             0.537471              0.000000        0.500000
13             0.537471              0.000000        0.500000
15             0.537471              0.000000        0.500000
17             0.537471              0.000000        0.500000
39             0.537471              0.000000        0.500000
19             0.537471              0.000000        0.500000
37             0.537471              0.000000        0.500000
23             0.537471              0.000000        0.500000
35             0.537471              0.000000        0.500000
25             0.537471              0.000000        0.500000
33             0.537471              0.000000        0.500000
27             0.537471              0.000000        0.500000
59             0.537471              0.000000        0.500000
2023-05-28 13:49:49,010 [INFO] Best model :
SVC(C=1, gamma=0.01, random_state=42)
2023-05-28 13:49:49,021 [INFO] Save train_prediction_log data...
2023-05-28 13:49:49,024 [INFO] {'Data': 'train', 'ACC': '1.0 (294 / 294)', 'TP': 136, 'FP': 0, 'FN': 0, 'TN': 158, 'Precision': '1.0 (136 / 136 + 0)', 'Recall': '1.0 (136 / 136 + 0)', 'F1': '1.0 (2 * (1.0 * 1.0) / 1.0 + 1.0)', 'Specificity': '1.0 (158 / 158 + 0)', 'AUC': 1.0, 'r2': 1.0}
2023-05-28 13:49:49,028 [INFO] Save valid_prediction_log data...
2023-05-28 13:49:49,030 [INFO] {'Data': 'valid', 'ACC': '1.0 (66 / 66)', 'TP': 26, 'FP': 0, 'FN': 0, 'TN': 40, 'Precision': '1.0 (26 / 26 + 0)', 'Recall': '1.0 (26 / 26 + 0)', 'F1': '1.0 (2 * (1.0 * 1.0) / 1.0 + 1.0)', 'Specificity': '1.0 (40 / 40 + 0)', 'AUC': 1.0, 'r2': 1.0}
2023-05-28 13:49:49,043 [INFO] Save test_prediction_log data...
2023-05-28 13:49:49,046 [INFO] {'Data': 'test', 'ACC': '0.67 (44 / 66)', 'TP': 5, 'FP': 1, 'FN': 21, 'TN': 39, 'Precision': '0.83 (5 / 5 + 1)', 'Recall': '0.19 (5 / 5 + 21)', 'F1': '0.31 (2 * (0.19 * 0.83) / 0.19 + 0.83)', 'Specificity': '0.98 (39 / 39 + 1)', 'AUC': 0.58, 'r2': -0.4}
2023-05-28 13:49:49,047 [INFO] Save training_log data...
2023-05-28 13:49:49,050 [INFO] Save score_log data...
2023-05-28 13:49:49,051 [INFO] Time : 3.491177797317505
