2023-05-27 11:28:55,902 [INFO] Train data : Vary_params_SH\DUD-E\ROCK1\nG1_50\ECFP6_256bits\Robust\ROCK1_train_vector.tsv
2023-05-27 11:28:55,903 [INFO] Valid data : Vary_params_SH\DUD-E\ROCK1\nG1_50\ECFP6_256bits\Robust\ROCK1_valid_vector.tsv
2023-05-27 11:28:55,903 [INFO] Output path : Vary_params_SH\DUD-E\ROCK1\nG1_50\ECFP6_256bits\Robust\ROCK1_model\MLP
2023-05-27 11:28:55,903 [INFO] Model type : MLP
2023-05-27 11:28:55,903 [INFO] Use cores : 3
2023-05-27 11:28:55,921 [INFO] Start Learning model
2023-05-27 11:28:55,921 [INFO] Train : 100 | Valid : 25
2023-05-27 11:28:55,921 [INFO] Set parameters : {'hidden_layer_sizes': [(50,), (100,), (50, 50), (100, 100)], 'learning_rate': ['constant', 'invscaling', 'adaptive'], 'activation': ['relu', 'identity', 'logistic', 'tanh'], 'solver': ['adam', 'sgd', 'lbfgs'], 'alpha': [0.1, 0.01, 0.001], 'max_iter': [500, 1000], 'early_stopping': [True]}
2023-05-27 11:34:54,468 [INFO] GridSearchCV results :
     mean_valid_accuracy  mean_valid_precision  mean_valid_auc
746                 0.98                   1.0        0.975000
740                 0.98                   1.0        0.975000
755                 0.98                   1.0        0.975000
812                 0.95                   1.0        0.937500
752                 0.98                   1.0        0.975000
..                   ...                   ...             ...
618                 0.59                   0.0        0.491667
546                 0.59                   0.0        0.491667
549                 0.59                   0.0        0.491667
552                 0.59                   0.0        0.491667
543                 0.59                   0.0        0.491667

[864 rows x 3 columns]
2023-05-27 11:34:54,469 [INFO] Best model :
MLPClassifier(activation='tanh', alpha=0.01, early_stopping=True, max_iter=500,
              random_state=42, solver='lbfgs')
2023-05-27 11:34:54,475 [INFO] Save train_prediction_log data...
2023-05-27 11:34:54,479 [INFO] {'Data': 'train', 'ACC': '1.0 (100 / 100)', 'TP': 40, 'FP': 0, 'FN': 0, 'TN': 60, 'Precision': '1.0 (40 / 40 + 0)', 'Recall': '1.0 (40 / 40 + 0)', 'F1': '1.0 (2 * (1.0 * 1.0) / 1.0 + 1.0)', 'Specificity': '1.0 (60 / 60 + 0)', 'AUC': 1.0, 'r2': 1.0}
2023-05-27 11:34:54,484 [INFO] Save valid_prediction_log data...
2023-05-27 11:34:54,488 [INFO] {'Data': 'valid', 'ACC': '0.96 (24 / 25)', 'TP': 10, 'FP': 1, 'FN': 0, 'TN': 14, 'Precision': '0.91 (10 / 10 + 1)', 'Recall': '1.0 (10 / 10 + 0)', 'F1': '0.95 (2 * (1.0 * 0.91) / 1.0 + 0.91)', 'Specificity': '0.93 (14 / 14 + 1)', 'AUC': 0.97, 'r2': 0.83}
2023-05-27 11:34:54,501 [INFO] Save test_prediction_log data...
2023-05-27 11:34:54,503 [INFO] {'Data': 'test', 'ACC': '0.56 (14 / 25)', 'TP': 2, 'FP': 3, 'FN': 8, 'TN': 12, 'Precision': '0.4 (2 / 2 + 3)', 'Recall': '0.2 (2 / 2 + 8)', 'F1': '0.27 (2 * (0.2 * 0.4) / 0.2 + 0.4)', 'Specificity': '0.8 (12 / 12 + 3)', 'AUC': 0.5, 'r2': -0.83}
2023-05-27 11:34:54,506 [INFO] Save training_log data...
2023-05-27 11:34:54,844 [INFO] Save score_log data...
2023-05-27 11:34:54,846 [INFO] Time : 358.9443504810333
