2023-05-26 11:36:41,264 [INFO] Train data : Vary_params\DUD-E\MAPK2\nG1_20\ECFP4_256bits\Standard\MAPK2_train_vector.tsv
2023-05-26 11:36:41,264 [INFO] Valid data : Vary_params\DUD-E\MAPK2\nG1_20\ECFP4_256bits\Standard\MAPK2_valid_vector.tsv
2023-05-26 11:36:41,264 [INFO] Output path : Vary_params\DUD-E\MAPK2\nG1_20\ECFP4_256bits\Standard\MAPK2_model\SVM
2023-05-26 11:36:41,264 [INFO] Model type : SVM
2023-05-26 11:36:41,265 [INFO] Use cores : 10
2023-05-26 11:36:41,280 [INFO] Start Learning model
2023-05-26 11:36:41,281 [INFO] Train : 132 | Valid : 25
2023-05-26 11:36:41,281 [INFO] Set parameters : {'kernel': ['linear', 'rbf'], 'C': [0.01, 0.1, 1, 10, 100, 1000], 'gamma': [0.01, 0.1, 1, 100, 1000]}
2023-05-26 11:36:43,744 [INFO] GridSearchCV results :
    mean_valid_accuracy  mean_valid_precision  mean_valid_auc
21             0.940110              1.000000        0.942857
41             0.940110              1.000000        0.942857
31             0.940110              1.000000        0.942857
51             0.940110              1.000000        0.942857
26             0.931868              0.941667        0.929762
28             0.931868              0.941667        0.929762
32             0.931868              0.941667        0.929762
34             0.931868              0.941667        0.929762
36             0.931868              0.941667        0.929762
38             0.931868              0.941667        0.929762
40             0.931868              0.941667        0.929762
0              0.931868              0.941667        0.929762
24             0.931868              0.941667        0.929762
44             0.931868              0.941667        0.929762
46             0.931868              0.941667        0.929762
48             0.931868              0.941667        0.929762
50             0.931868              0.941667        0.929762
52             0.931868              0.941667        0.929762
54             0.931868              0.941667        0.929762
56             0.931868              0.941667        0.929762
58             0.931868              0.941667        0.929762
42             0.931868              0.941667        0.929762
30             0.931868              0.941667        0.929762
12             0.931868              0.941667        0.929762
2              0.931868              0.941667        0.929762
20             0.931868              0.941667        0.929762
22             0.931868              0.941667        0.929762
4              0.931868              0.941667        0.929762
18             0.931868              0.941667        0.929762
8              0.931868              0.941667        0.929762
10             0.931868              0.941667        0.929762
16             0.931868              0.941667        0.929762
6              0.931868              0.941667        0.929762
14             0.931868              0.941667        0.929762
49             0.537912              0.537912        0.500000
9              0.537912              0.537912        0.500000
47             0.537912              0.537912        0.500000
5              0.537912              0.537912        0.500000
7              0.537912              0.537912        0.500000
53             0.537912              0.537912        0.500000
55             0.537912              0.537912        0.500000
3              0.537912              0.537912        0.500000
57             0.537912              0.537912        0.500000
45             0.537912              0.537912        0.500000
23             0.537912              0.537912        0.500000
43             0.537912              0.537912        0.500000
11             0.537912              0.537912        0.500000
13             0.537912              0.537912        0.500000
39             0.537912              0.537912        0.500000
37             0.537912              0.537912        0.500000
15             0.537912              0.537912        0.500000
35             0.537912              0.537912        0.500000
33             0.537912              0.537912        0.500000
17             0.537912              0.537912        0.500000
1              0.537912              0.537912        0.500000
29             0.537912              0.537912        0.500000
19             0.537912              0.537912        0.500000
27             0.537912              0.537912        0.500000
25             0.537912              0.537912        0.500000
59             0.537912              0.537912        0.500000
2023-05-26 11:36:43,745 [INFO] Best model :
SVC(C=1, gamma=0.01, random_state=42)
2023-05-26 11:36:43,751 [INFO] Save train_prediction_log data...
2023-05-26 11:36:43,754 [INFO] {'Data': 'train', 'ACC': '1.0 (132 / 132)', 'TP': 71, 'FP': 0, 'FN': 0, 'TN': 61, 'Precision': '1.0 (71 / 71 + 0)', 'Recall': '1.0 (71 / 71 + 0)', 'F1': '1.0 (2 * (1.0 * 1.0) / 1.0 + 1.0)', 'Specificity': '1.0 (61 / 61 + 0)', 'AUC': 1.0, 'r2': 1.0}
2023-05-26 11:36:43,758 [INFO] Save valid_prediction_log data...
2023-05-26 11:36:43,760 [INFO] {'Data': 'valid', 'ACC': '1.0 (25 / 25)', 'TP': 10, 'FP': 0, 'FN': 0, 'TN': 15, 'Precision': '1.0 (10 / 10 + 0)', 'Recall': '1.0 (10 / 10 + 0)', 'F1': '1.0 (2 * (1.0 * 1.0) / 1.0 + 1.0)', 'Specificity': '1.0 (15 / 15 + 0)', 'AUC': 1.0, 'r2': 1.0}
2023-05-26 11:36:43,768 [INFO] Save test_prediction_log data...
2023-05-26 11:36:43,771 [INFO] {'Data': 'test', 'ACC': '0.72 (18 / 25)', 'TP': 3, 'FP': 0, 'FN': 7, 'TN': 15, 'Precision': '1.0 (3 / 3 + 0)', 'Recall': '0.3 (3 / 3 + 7)', 'F1': '0.46 (2 * (0.3 * 1.0) / 0.3 + 1.0)', 'Specificity': '1.0 (15 / 15 + 0)', 'AUC': 0.65, 'r2': -0.17}
2023-05-26 11:36:43,772 [INFO] Save training_log data...
2023-05-26 11:36:43,774 [INFO] Save score_log data...
2023-05-26 11:36:43,774 [INFO] Time : 2.510000467300415
