2023-05-28 13:54:17,177 [INFO] Train data : Vary_params_ABL_BRAF_FGFR1\DUD-E\ABL1\nG1_20\ECFP6_256bits\MinMax\ABL1_train_vector.tsv
2023-05-28 13:54:17,178 [INFO] Valid data : Vary_params_ABL_BRAF_FGFR1\DUD-E\ABL1\nG1_20\ECFP6_256bits\MinMax\ABL1_valid_vector.tsv
2023-05-28 13:54:17,178 [INFO] Output path : Vary_params_ABL_BRAF_FGFR1\DUD-E\ABL1\nG1_20\ECFP6_256bits\MinMax\ABL1_model\XGB
2023-05-28 13:54:17,178 [INFO] Model type : XGB
2023-05-28 13:54:17,178 [INFO] Use cores : 18
2023-05-28 13:54:17,191 [INFO] Start Learning model
2023-05-28 13:54:17,192 [INFO] Train : 294 | Valid : 66
2023-05-28 13:54:17,192 [INFO] Set parameters : {'max_depth': [4, 6, 8], 'learning_rate': [0.01, 0.2], 'n_estimators': [200, 600, 1000], 'gamma': [0, 1000], 'min_child_weight': [1, 3], 'subsample': [0.5, 1], 'colsample_bytree': [0.5, 1], 'objective': ['binary:logitraw'], 'eval_metric': ['auc', 'error']}
2023-05-28 14:00:24,588 [INFO] GridSearchCV results :
     mean_valid_accuracy  mean_valid_precision  mean_valid_auc
25              0.898851              0.974167        0.892578
157             0.898736              0.974167        0.892303
169             0.898851              0.974167        0.892578
13              0.898736              0.974167        0.892303
288             0.881724              0.964123        0.874343
..                   ...                   ...             ...
106             0.537471              0.000000        0.500000
107             0.537471              0.000000        0.500000
108             0.537471              0.000000        0.500000
109             0.537471              0.000000        0.500000
575             0.537471              0.000000        0.500000

[576 rows x 3 columns]
2023-05-28 14:00:24,590 [INFO] Best model :
XGBClassifier(base_score=None, booster=None, callbacks=None,
              colsample_bylevel=None, colsample_bynode=None,
              colsample_bytree=0.5, early_stopping_rounds=None,
              enable_categorical=False, eval_metric='auc', feature_types=None,
              gamma=0, gpu_id=None, grow_policy=None, importance_type=None,
              interaction_constraints=None, learning_rate=0.01, max_bin=None,
              max_cat_threshold=None, max_cat_to_onehot=None,
              max_delta_step=None, max_depth=6, max_leaves=None,
              min_child_weight=1, missing=nan, monotone_constraints=None,
              n_estimators=200, n_jobs=0, num_parallel_tree=None,
              objective='binary:logitraw', predictor=None, ...)
2023-05-28 14:00:24,599 [INFO] Save train_prediction_log data...
2023-05-28 14:00:24,603 [INFO] {'Data': 'train', 'ACC': '1.0 (294 / 294)', 'TP': 136, 'FP': 0, 'FN': 0, 'TN': 158, 'Precision': '1.0 (136 / 136 + 0)', 'Recall': '1.0 (136 / 136 + 0)', 'F1': '1.0 (2 * (1.0 * 1.0) / 1.0 + 1.0)', 'Specificity': '1.0 (158 / 158 + 0)', 'AUC': 1.0, 'r2': 1.0}
2023-05-28 14:00:24,611 [INFO] Save valid_prediction_log data...
2023-05-28 14:00:24,614 [INFO] {'Data': 'valid', 'ACC': '0.97 (64 / 66)', 'TP': 26, 'FP': 2, 'FN': 0, 'TN': 38, 'Precision': '0.93 (26 / 26 + 2)', 'Recall': '1.0 (26 / 26 + 0)', 'F1': '0.96 (2 * (1.0 * 0.93) / 1.0 + 0.93)', 'Specificity': '0.95 (38 / 38 + 2)', 'AUC': 0.98, 'r2': 0.87}
2023-05-28 14:00:24,628 [INFO] Save test_prediction_log data...
2023-05-28 14:00:24,630 [INFO] {'Data': 'test', 'ACC': '0.59 (39 / 66)', 'TP': 9, 'FP': 10, 'FN': 17, 'TN': 30, 'Precision': '0.47 (9 / 9 + 10)', 'Recall': '0.35 (9 / 9 + 17)', 'F1': '0.4 (2 * (0.35 * 0.47) / 0.35 + 0.47)', 'Specificity': '0.75 (30 / 30 + 10)', 'AUC': 0.55, 'r2': -0.71}
2023-05-28 14:00:24,636 [INFO] Save training_log data...
2023-05-28 14:00:24,994 [INFO] Save score_log data...
2023-05-28 14:00:24,995 [INFO] Time : 367.8175926208496
