2023-05-28 19:08:24,683 [INFO] Train data : Vary_params_IGF1R_KIT\DUD-E\KIT\nG1_50\ECFP6_256bits\Robust\KIT_train_vector.tsv
2023-05-28 19:08:24,683 [INFO] Valid data : Vary_params_IGF1R_KIT\DUD-E\KIT\nG1_50\ECFP6_256bits\Robust\KIT_valid_vector.tsv
2023-05-28 19:08:24,683 [INFO] Output path : Vary_params_IGF1R_KIT\DUD-E\KIT\nG1_50\ECFP6_256bits\Robust\KIT_model\SVM
2023-05-28 19:08:24,683 [INFO] Model type : SVM
2023-05-28 19:08:24,683 [INFO] Use cores : 10
2023-05-28 19:08:24,699 [INFO] Start Learning model
2023-05-28 19:08:24,699 [INFO] Train : 232 | Valid : 58
2023-05-28 19:08:24,699 [INFO] Set parameters : {'kernel': ['linear', 'rbf'], 'C': [0.01, 0.1, 1, 10, 100, 1000], 'gamma': [0.01, 0.1, 1, 100, 1000]}
2023-05-28 19:08:27,230 [INFO] GridSearchCV results :
    mean_valid_accuracy  mean_valid_precision  mean_valid_auc
0              0.832246              0.786205        0.835403
20             0.832246              0.786205        0.835403
24             0.832246              0.786205        0.835403
26             0.832246              0.786205        0.835403
28             0.832246              0.786205        0.835403
32             0.832246              0.786205        0.835403
34             0.832246              0.786205        0.835403
36             0.832246              0.786205        0.835403
38             0.832246              0.786205        0.835403
40             0.832246              0.786205        0.835403
42             0.832246              0.786205        0.835403
44             0.832246              0.786205        0.835403
46             0.832246              0.786205        0.835403
48             0.832246              0.786205        0.835403
50             0.832246              0.786205        0.835403
52             0.832246              0.786205        0.835403
54             0.832246              0.786205        0.835403
56             0.832246              0.786205        0.835403
58             0.832246              0.786205        0.835403
22             0.832246              0.786205        0.835403
30             0.832246              0.786205        0.835403
10             0.832246              0.786205        0.835403
2              0.832246              0.786205        0.835403
18             0.832246              0.786205        0.835403
8              0.832246              0.786205        0.835403
16             0.832246              0.786205        0.835403
4              0.832246              0.786205        0.835403
12             0.832246              0.786205        0.835403
6              0.832246              0.786205        0.835403
14             0.832246              0.786205        0.835403
49             0.599275              0.000000        0.500000
9              0.599275              0.000000        0.500000
45             0.599275              0.000000        0.500000
47             0.599275              0.000000        0.500000
7              0.599275              0.000000        0.500000
21             0.599275              0.000000        0.500000
43             0.599275              0.000000        0.500000
5              0.599275              0.000000        0.500000
53             0.599275              0.000000        0.500000
55             0.599275              0.000000        0.500000
3              0.599275              0.000000        0.500000
57             0.599275              0.000000        0.500000
51             0.599275              0.000000        0.500000
11             0.599275              0.000000        0.500000
41             0.599275              0.000000        0.500000
19             0.599275              0.000000        0.500000
39             0.599275              0.000000        0.500000
37             0.599275              0.000000        0.500000
13             0.599275              0.000000        0.500000
35             0.599275              0.000000        0.500000
33             0.599275              0.000000        0.500000
15             0.599275              0.000000        0.500000
31             0.599275              0.000000        0.500000
1              0.599275              0.000000        0.500000
29             0.599275              0.000000        0.500000
27             0.599275              0.000000        0.500000
17             0.599275              0.000000        0.500000
25             0.599275              0.000000        0.500000
23             0.599275              0.000000        0.500000
59             0.599275              0.000000        0.500000
2023-05-28 19:08:27,231 [INFO] Best model :
SVC(C=0.01, gamma=0.01, kernel='linear', random_state=42)
2023-05-28 19:08:27,236 [INFO] Save train_prediction_log data...
2023-05-28 19:08:27,239 [INFO] {'Data': 'train', 'ACC': '1.0 (232 / 232)', 'TP': 93, 'FP': 0, 'FN': 0, 'TN': 139, 'Precision': '1.0 (93 / 93 + 0)', 'Recall': '1.0 (93 / 93 + 0)', 'F1': '1.0 (2 * (1.0 * 1.0) / 1.0 + 1.0)', 'Specificity': '1.0 (139 / 139 + 0)', 'AUC': 1.0, 'r2': 1.0}
2023-05-28 19:08:27,243 [INFO] Save valid_prediction_log data...
2023-05-28 19:08:27,245 [INFO] {'Data': 'valid', 'ACC': '0.91 (53 / 58)', 'TP': 23, 'FP': 5, 'FN': 0, 'TN': 30, 'Precision': '0.82 (23 / 23 + 5)', 'Recall': '1.0 (23 / 23 + 0)', 'F1': '0.9 (2 * (1.0 * 0.82) / 1.0 + 0.82)', 'Specificity': '0.86 (30 / 30 + 5)', 'AUC': 0.93, 'r2': 0.64}
2023-05-28 19:08:27,254 [INFO] Save test_prediction_log data...
2023-05-28 19:08:27,256 [INFO] {'Data': 'test', 'ACC': '0.59 (34 / 58)', 'TP': 8, 'FP': 9, 'FN': 15, 'TN': 26, 'Precision': '0.47 (8 / 8 + 9)', 'Recall': '0.35 (8 / 8 + 15)', 'F1': '0.4 (2 * (0.35 * 0.47) / 0.35 + 0.47)', 'Specificity': '0.74 (26 / 26 + 9)', 'AUC': 0.55, 'r2': -0.73}
2023-05-28 19:08:27,258 [INFO] Save training_log data...
2023-05-28 19:08:27,260 [INFO] Save score_log data...
2023-05-28 19:08:27,260 [INFO] Time : 2.5770716667175293
