2023-05-28 17:10:47,740 [INFO] Train data : Vary_params_ABL_BRAF_FGFR1\DUD-E\ABL1\nG1_50\ECFP6_256bits\MinMax\ABL1_train_vector.tsv
2023-05-28 17:10:47,740 [INFO] Valid data : Vary_params_ABL_BRAF_FGFR1\DUD-E\ABL1\nG1_50\ECFP6_256bits\MinMax\ABL1_valid_vector.tsv
2023-05-28 17:10:47,740 [INFO] Output path : Vary_params_ABL_BRAF_FGFR1\DUD-E\ABL1\nG1_50\ECFP6_256bits\MinMax\ABL1_model\MLP
2023-05-28 17:10:47,740 [INFO] Model type : MLP
2023-05-28 17:10:47,740 [INFO] Use cores : 18
2023-05-28 17:10:47,754 [INFO] Start Learning model
2023-05-28 17:10:47,754 [INFO] Train : 264 | Valid : 66
2023-05-28 17:10:47,754 [INFO] Set parameters : {'hidden_layer_sizes': [(50,), (100,), (50, 50), (100, 100)], 'learning_rate': ['constant', 'invscaling', 'adaptive'], 'activation': ['relu', 'identity', 'logistic', 'tanh'], 'solver': ['adam', 'sgd', 'lbfgs'], 'alpha': [0.1, 0.01, 0.001], 'max_iter': [500, 1000], 'early_stopping': [True]}
2023-05-28 17:17:20,849 [INFO] GridSearchCV results :
     mean_valid_accuracy  mean_valid_precision  mean_valid_auc
453             0.845584                   1.0        0.807727
537             0.838177                   1.0        0.798636
597             0.838177                   1.0        0.798636
600             0.838177                   1.0        0.798636
462             0.845584                   1.0        0.807727
..                   ...                   ...             ...
601             0.598575                   0.0        0.500000
553             0.598575                   0.0        0.500000
544             0.598575                   0.0        0.500000
543             0.598575                   0.0        0.500000
535             0.598575                   0.0        0.500000

[864 rows x 3 columns]
2023-05-28 17:17:20,852 [INFO] Best model :
MLPClassifier(activation='logistic', alpha=0.1, early_stopping=True,
              max_iter=500, random_state=42)
2023-05-28 17:17:20,865 [INFO] Save train_prediction_log data...
2023-05-28 17:17:20,871 [INFO] {'Data': 'train', 'ACC': '0.91 (239 / 264)', 'TP': 81, 'FP': 0, 'FN': 25, 'TN': 158, 'Precision': '1.0 (81 / 81 + 0)', 'Recall': '0.76 (81 / 81 + 25)', 'F1': '0.86 (2 * (0.76 * 1.0) / 0.76 + 1.0)', 'Specificity': '1.0 (158 / 158 + 0)', 'AUC': 0.88, 'r2': 0.61}
2023-05-28 17:17:20,879 [INFO] Save valid_prediction_log data...
2023-05-28 17:17:20,883 [INFO] {'Data': 'valid', 'ACC': '0.95 (63 / 66)', 'TP': 23, 'FP': 0, 'FN': 3, 'TN': 40, 'Precision': '1.0 (23 / 23 + 0)', 'Recall': '0.88 (23 / 23 + 3)', 'F1': '0.94 (2 * (0.88 * 1.0) / 0.88 + 1.0)', 'Specificity': '1.0 (40 / 40 + 0)', 'AUC': 0.94, 'r2': 0.81}
2023-05-28 17:17:20,903 [INFO] Save test_prediction_log data...
2023-05-28 17:17:20,907 [INFO] {'Data': 'test', 'ACC': '0.67 (44 / 66)', 'TP': 7, 'FP': 3, 'FN': 19, 'TN': 37, 'Precision': '0.7 (7 / 7 + 3)', 'Recall': '0.27 (7 / 7 + 19)', 'F1': '0.39 (2 * (0.27 * 0.7) / 0.27 + 0.7)', 'Specificity': '0.92 (37 / 37 + 3)', 'AUC': 0.6, 'r2': -0.4}
2023-05-28 17:17:20,913 [INFO] Save training_log data...
2023-05-28 17:17:21,271 [INFO] Save score_log data...
2023-05-28 17:17:21,273 [INFO] Time : 393.5337872505188
