2023-05-28 02:44:45,785 [INFO] Train data : Vary_params\DUD-E\CSF1R\nG1_20\ECFP6_256bits\MinMax\CSF1R_train_vector.tsv
2023-05-28 02:44:45,785 [INFO] Valid data : Vary_params\DUD-E\CSF1R\nG1_20\ECFP6_256bits\MinMax\CSF1R_valid_vector.tsv
2023-05-28 02:44:45,785 [INFO] Output path : Vary_params\DUD-E\CSF1R\nG1_20\ECFP6_256bits\MinMax\CSF1R_model\SVM
2023-05-28 02:44:45,785 [INFO] Model type : SVM
2023-05-28 02:44:45,786 [INFO] Use cores : 11
2023-05-28 02:44:45,805 [INFO] Start Learning model
2023-05-28 02:44:45,805 [INFO] Train : 216 | Valid : 47
2023-05-28 02:44:45,805 [INFO] Set parameters : {'kernel': ['linear', 'rbf'], 'C': [0.01, 0.1, 1, 10, 100, 1000], 'gamma': [0.01, 0.1, 1, 100, 1000]}
2023-05-28 02:44:49,208 [INFO] GridSearchCV results :
    mean_valid_accuracy  mean_valid_precision  mean_valid_auc
0              0.935714              0.965524        0.935379
8              0.935714              0.965524        0.935379
2              0.935714              0.965524        0.935379
21             0.940260              0.965524        0.939924
4              0.935714              0.965524        0.935379
6              0.935714              0.965524        0.935379
41             0.935714              0.942814        0.936288
51             0.935714              0.942814        0.936288
31             0.935714              0.942814        0.936288
53             0.746537              0.900000        0.737727
33             0.746537              0.900000        0.737727
23             0.713853              0.900000        0.703636
43             0.746537              0.900000        0.737727
40             0.898485              0.889535        0.899924
32             0.898485              0.889535        0.899924
34             0.898485              0.889535        0.899924
36             0.898485              0.889535        0.899924
58             0.898485              0.889535        0.899924
38             0.898485              0.889535        0.899924
56             0.898485              0.889535        0.899924
52             0.898485              0.889535        0.899924
42             0.898485              0.889535        0.899924
44             0.898485              0.889535        0.899924
28             0.898485              0.889535        0.899924
48             0.898485              0.889535        0.899924
50             0.898485              0.889535        0.899924
54             0.898485              0.889535        0.899924
46             0.898485              0.889535        0.899924
30             0.898485              0.889535        0.899924
20             0.898485              0.889535        0.899924
14             0.898485              0.889535        0.899924
26             0.898485              0.889535        0.899924
12             0.898485              0.889535        0.899924
24             0.898485              0.889535        0.899924
22             0.898485              0.889535        0.899924
16             0.898485              0.889535        0.899924
10             0.898485              0.889535        0.899924
18             0.898485              0.889535        0.899924
9              0.518615              0.000000        0.500000
11             0.518615              0.000000        0.500000
29             0.518615              0.000000        0.500000
7              0.518615              0.000000        0.500000
13             0.518615              0.000000        0.500000
55             0.518615              0.000000        0.500000
5              0.518615              0.000000        0.500000
57             0.518615              0.000000        0.500000
3              0.518615              0.000000        0.500000
49             0.518615              0.000000        0.500000
15             0.518615              0.000000        0.500000
47             0.518615              0.000000        0.500000
45             0.518615              0.000000        0.500000
1              0.518615              0.000000        0.500000
17             0.518615              0.000000        0.500000
19             0.518615              0.000000        0.500000
39             0.518615              0.000000        0.500000
37             0.518615              0.000000        0.500000
35             0.518615              0.000000        0.500000
25             0.518615              0.000000        0.500000
27             0.518615              0.000000        0.500000
59             0.518615              0.000000        0.500000
2023-05-28 02:44:49,210 [INFO] Best model :
SVC(C=0.01, gamma=0.01, kernel='linear', random_state=42)
2023-05-28 02:44:49,223 [INFO] Save train_prediction_log data...
2023-05-28 02:44:49,230 [INFO] {'Data': 'train', 'ACC': '0.97 (210 / 216)', 'TP': 101, 'FP': 3, 'FN': 3, 'TN': 109, 'Precision': '0.97 (101 / 101 + 3)', 'Recall': '0.97 (101 / 101 + 3)', 'F1': '0.97 (2 * (0.97 * 0.97) / 0.97 + 0.97)', 'Specificity': '0.97 (109 / 109 + 3)', 'AUC': 0.97, 'r2': 0.89}
2023-05-28 02:44:49,237 [INFO] Save valid_prediction_log data...
2023-05-28 02:44:49,241 [INFO] {'Data': 'valid', 'ACC': '0.94 (44 / 47)', 'TP': 19, 'FP': 3, 'FN': 0, 'TN': 25, 'Precision': '0.86 (19 / 19 + 3)', 'Recall': '1.0 (19 / 19 + 0)', 'F1': '0.92 (2 * (1.0 * 0.86) / 1.0 + 0.86)', 'Specificity': '0.89 (25 / 25 + 3)', 'AUC': 0.95, 'r2': 0.73}
2023-05-28 02:44:49,257 [INFO] Save test_prediction_log data...
2023-05-28 02:44:49,265 [INFO] {'Data': 'test', 'ACC': '0.68 (32 / 47)', 'TP': 15, 'FP': 11, 'FN': 4, 'TN': 17, 'Precision': '0.58 (15 / 15 + 11)', 'Recall': '0.79 (15 / 15 + 4)', 'F1': '0.67 (2 * (0.79 * 0.58) / 0.79 + 0.58)', 'Specificity': '0.61 (17 / 17 + 11)', 'AUC': 0.7, 'r2': -0.33}
2023-05-28 02:44:49,270 [INFO] Save training_log data...
2023-05-28 02:44:49,272 [INFO] Save score_log data...
2023-05-28 02:44:49,274 [INFO] Time : 3.488105058670044
