2023-05-28 21:57:12,982 [INFO] Train data : Vary_params_SH\DUD-E\TGFR1\nG1_50\ECFP6_512bits\MinMax\TGFR1_train_vector.tsv
2023-05-28 21:57:12,983 [INFO] Valid data : Vary_params_SH\DUD-E\TGFR1\nG1_50\ECFP6_512bits\MinMax\TGFR1_valid_vector.tsv
2023-05-28 21:57:12,983 [INFO] Output path : Vary_params_SH\DUD-E\TGFR1\nG1_50\ECFP6_512bits\MinMax\TGFR1_model\RF
2023-05-28 21:57:12,983 [INFO] Model type : RF
2023-05-28 21:57:12,983 [INFO] Use cores : 3
2023-05-28 21:57:13,031 [INFO] Start Learning model
2023-05-28 21:57:13,031 [INFO] Train : 164 | Valid : 41
2023-05-28 21:57:13,032 [INFO] Set parameters : {'max_depth': [6, 8, 10, 12], 'max_features': ['sqrt', 'log2'], 'min_samples_leaf': [2, 4, 8, 10], 'min_samples_split': [2, 4, 8, 10], 'n_estimators': [200, 600, 1000]}
2023-05-28 22:14:29,101 [INFO] GridSearchCV results :
     mean_valid_accuracy  mean_valid_precision  mean_valid_auc
0               0.994118                1.0000        0.992857
214             0.994118                1.0000        0.992857
199             0.994118                1.0000        0.992857
200             0.994118                1.0000        0.992857
202             0.994118                1.0000        0.992857
..                   ...                   ...             ...
240             0.988235                0.9875        0.987857
102             0.988235                0.9875        0.987857
243             0.988235                0.9875        0.987857
105             0.988235                0.9875        0.987857
383             0.982353                0.9875        0.980714

[384 rows x 3 columns]
2023-05-28 22:14:29,103 [INFO] Best model :
RandomForestClassifier(class_weight='balanced', max_depth=6, min_samples_leaf=2,
                       n_estimators=200, random_state=42)
2023-05-28 22:14:29,128 [INFO] Save train_prediction_log data...
2023-05-28 22:14:29,133 [INFO] {'Data': 'train', 'ACC': '1.0 (164 / 164)', 'TP': 66, 'FP': 0, 'FN': 0, 'TN': 98, 'Precision': '1.0 (66 / 66 + 0)', 'Recall': '1.0 (66 / 66 + 0)', 'F1': '1.0 (2 * (1.0 * 1.0) / 1.0 + 1.0)', 'Specificity': '1.0 (98 / 98 + 0)', 'AUC': 1.0, 'r2': 1.0}
2023-05-28 22:14:29,155 [INFO] Save valid_prediction_log data...
2023-05-28 22:14:29,158 [INFO] {'Data': 'valid', 'ACC': '1.0 (41 / 41)', 'TP': 16, 'FP': 0, 'FN': 0, 'TN': 25, 'Precision': '1.0 (16 / 16 + 0)', 'Recall': '1.0 (16 / 16 + 0)', 'F1': '1.0 (2 * (1.0 * 1.0) / 1.0 + 1.0)', 'Specificity': '1.0 (25 / 25 + 0)', 'AUC': 1.0, 'r2': 1.0}
2023-05-28 22:14:29,200 [INFO] Save test_prediction_log data...
2023-05-28 22:14:29,204 [INFO] {'Data': 'test', 'ACC': '0.63 (26 / 41)', 'TP': 6, 'FP': 5, 'FN': 10, 'TN': 20, 'Precision': '0.55 (6 / 6 + 5)', 'Recall': '0.38 (6 / 6 + 10)', 'F1': '0.45 (2 * (0.38 * 0.55) / 0.38 + 0.55)', 'Specificity': '0.8 (20 / 20 + 5)', 'AUC': 0.59, 'r2': -0.54}
2023-05-28 22:14:29,267 [INFO] Save training_log data...
2023-05-28 22:14:29,433 [INFO] Save score_log data...
2023-05-28 22:14:29,434 [INFO] Time : 1036.4521172046661
