2023-05-27 19:35:18,205 [INFO] Train data : Vary_params\DUD-E\AKT2\nG1_50\ECFP6_512bits\MinMax\AKT2_train_vector.tsv
2023-05-27 19:35:18,205 [INFO] Valid data : Vary_params\DUD-E\AKT2\nG1_50\ECFP6_512bits\MinMax\AKT2_valid_vector.tsv
2023-05-27 19:35:18,205 [INFO] Output path : Vary_params\DUD-E\AKT2\nG1_50\ECFP6_512bits\MinMax\AKT2_model\XGB
2023-05-27 19:35:18,205 [INFO] Model type : XGB
2023-05-27 19:35:18,205 [INFO] Use cores : 11
2023-05-27 19:35:18,229 [INFO] Start Learning model
2023-05-27 19:35:18,230 [INFO] Train : 125 | Valid : 31
2023-05-27 19:35:18,230 [INFO] Set parameters : {'max_depth': [4, 6, 8], 'learning_rate': [0.01, 0.2], 'n_estimators': [200, 600, 1000], 'gamma': [0, 1000], 'min_child_weight': [1, 3], 'subsample': [0.5, 1], 'colsample_bytree': [0.5, 1], 'objective': ['binary:logitraw'], 'eval_metric': ['auc', 'error']}
2023-05-27 19:48:20,002 [INFO] GridSearchCV results :
     mean_valid_accuracy  mean_valid_precision  mean_valid_auc
0               0.960897                   1.0            0.95
297             0.976923                   1.0            0.97
327             0.976923                   1.0            0.97
325             0.976923                   1.0            0.97
323             0.976923                   1.0            0.97
..                   ...                   ...             ...
378             0.599359                   0.0            0.50
377             0.599359                   0.0            0.50
376             0.599359                   0.0            0.50
375             0.599359                   0.0            0.50
575             0.599359                   0.0            0.50

[576 rows x 3 columns]
2023-05-27 19:48:20,004 [INFO] Best model :
XGBClassifier(base_score=None, booster=None, callbacks=None,
              colsample_bylevel=None, colsample_bynode=None,
              colsample_bytree=0.5, early_stopping_rounds=None,
              enable_categorical=False, eval_metric='auc', feature_types=None,
              gamma=0, gpu_id=None, grow_policy=None, importance_type=None,
              interaction_constraints=None, learning_rate=0.01, max_bin=None,
              max_cat_threshold=None, max_cat_to_onehot=None,
              max_delta_step=None, max_depth=4, max_leaves=None,
              min_child_weight=1, missing=nan, monotone_constraints=None,
              n_estimators=200, n_jobs=0, num_parallel_tree=None,
              objective='binary:logitraw', predictor=None, ...)
2023-05-27 19:48:20,023 [INFO] Save train_prediction_log data...
2023-05-27 19:48:20,026 [INFO] {'Data': 'train', 'ACC': '0.99 (124 / 125)', 'TP': 49, 'FP': 0, 'FN': 1, 'TN': 75, 'Precision': '1.0 (49 / 49 + 0)', 'Recall': '0.98 (49 / 49 + 1)', 'F1': '0.99 (2 * (0.98 * 1.0) / 0.98 + 1.0)', 'Specificity': '1.0 (75 / 75 + 0)', 'AUC': 0.99, 'r2': 0.97}
2023-05-27 19:48:20,044 [INFO] Save valid_prediction_log data...
2023-05-27 19:48:20,047 [INFO] {'Data': 'valid', 'ACC': '0.97 (30 / 31)', 'TP': 12, 'FP': 1, 'FN': 0, 'TN': 18, 'Precision': '0.92 (12 / 12 + 1)', 'Recall': '1.0 (12 / 12 + 0)', 'F1': '0.96 (2 * (1.0 * 0.92) / 1.0 + 0.92)', 'Specificity': '0.95 (18 / 18 + 1)', 'AUC': 0.97, 'r2': 0.86}
2023-05-27 19:48:20,078 [INFO] Save test_prediction_log data...
2023-05-27 19:48:20,089 [INFO] {'Data': 'test', 'ACC': '0.77 (24 / 31)', 'TP': 7, 'FP': 2, 'FN': 5, 'TN': 17, 'Precision': '0.78 (7 / 7 + 2)', 'Recall': '0.58 (7 / 7 + 5)', 'F1': '0.67 (2 * (0.58 * 0.78) / 0.58 + 0.78)', 'Specificity': '0.89 (17 / 17 + 2)', 'AUC': 0.74, 'r2': 0.05}
2023-05-27 19:48:20,095 [INFO] Save training_log data...
2023-05-27 19:48:20,100 [INFO] Save score_log data...
2023-05-27 19:48:20,102 [INFO] Time : 781.8973031044006
