2023-05-29 09:30:36,503 [INFO] Train data : Vary_params_BRAF_MK14\DUD-E\BRAF\nG1_80\ECFP4_256bits\Standard\BRAF_train_vector.tsv
2023-05-29 09:30:36,503 [INFO] Valid data : Vary_params_BRAF_MK14\DUD-E\BRAF\nG1_80\ECFP4_256bits\Standard\BRAF_valid_vector.tsv
2023-05-29 09:30:36,503 [INFO] Output path : Vary_params_BRAF_MK14\DUD-E\BRAF\nG1_80\ECFP4_256bits\Standard\BRAF_model\SVM
2023-05-29 09:30:36,503 [INFO] Model type : SVM
2023-05-29 09:30:36,503 [INFO] Use cores : 12
2023-05-29 09:30:36,522 [INFO] Start Learning model
2023-05-29 09:30:36,523 [INFO] Train : 171 | Valid : 50
2023-05-29 09:30:36,523 [INFO] Set parameters : {'kernel': ['linear', 'rbf'], 'C': [0.01, 0.1, 1, 10, 100, 1000], 'gamma': [0.01, 0.1, 1, 100, 1000]}
2023-05-29 09:30:39,277 [INFO] GridSearchCV results :
    mean_valid_accuracy  mean_valid_precision  mean_valid_auc
0              0.994444                   1.0            0.99
20             0.994444                   1.0            0.99
24             0.994444                   1.0            0.99
26             0.994444                   1.0            0.99
28             0.994444                   1.0            0.99
32             0.994444                   1.0            0.99
34             0.994444                   1.0            0.99
36             0.994444                   1.0            0.99
38             0.994444                   1.0            0.99
40             0.994444                   1.0            0.99
42             0.994444                   1.0            0.99
44             0.994444                   1.0            0.99
46             0.994444                   1.0            0.99
48             0.994444                   1.0            0.99
50             0.994444                   1.0            0.99
52             0.994444                   1.0            0.99
54             0.994444                   1.0            0.99
56             0.994444                   1.0            0.99
58             0.994444                   1.0            0.99
22             0.994444                   1.0            0.99
30             0.994444                   1.0            0.99
2              0.994444                   1.0            0.99
18             0.994444                   1.0            0.99
10             0.994444                   1.0            0.99
8              0.994444                   1.0            0.99
16             0.994444                   1.0            0.99
4              0.994444                   1.0            0.99
12             0.994444                   1.0            0.99
14             0.994444                   1.0            0.99
6              0.994444                   1.0            0.99
41             0.878105                   0.9            0.79
31             0.878105                   0.9            0.79
51             0.878105                   0.9            0.79
21             0.836928                   0.8            0.72
7              0.707516                   0.0            0.50
47             0.707516                   0.0            0.50
5              0.707516                   0.0            0.50
49             0.707516                   0.0            0.50
9              0.707516                   0.0            0.50
53             0.707516                   0.0            0.50
55             0.707516                   0.0            0.50
3              0.707516                   0.0            0.50
57             0.707516                   0.0            0.50
45             0.707516                   0.0            0.50
11             0.707516                   0.0            0.50
43             0.707516                   0.0            0.50
19             0.707516                   0.0            0.50
39             0.707516                   0.0            0.50
37             0.707516                   0.0            0.50
13             0.707516                   0.0            0.50
35             0.707516                   0.0            0.50
33             0.707516                   0.0            0.50
15             0.707516                   0.0            0.50
1              0.707516                   0.0            0.50
29             0.707516                   0.0            0.50
27             0.707516                   0.0            0.50
17             0.707516                   0.0            0.50
25             0.707516                   0.0            0.50
23             0.707516                   0.0            0.50
59             0.707516                   0.0            0.50
2023-05-29 09:30:39,278 [INFO] Best model :
SVC(C=0.01, gamma=0.01, kernel='linear', random_state=42)
2023-05-29 09:30:39,283 [INFO] Save train_prediction_log data...
2023-05-29 09:30:39,286 [INFO] {'Data': 'train', 'ACC': '1.0 (171 / 171)', 'TP': 50, 'FP': 0, 'FN': 0, 'TN': 121, 'Precision': '1.0 (50 / 50 + 0)', 'Recall': '1.0 (50 / 50 + 0)', 'F1': '1.0 (2 * (1.0 * 1.0) / 1.0 + 1.0)', 'Specificity': '1.0 (121 / 121 + 0)', 'AUC': 1.0, 'r2': 1.0}
2023-05-29 09:30:39,290 [INFO] Save valid_prediction_log data...
2023-05-29 09:30:39,292 [INFO] {'Data': 'valid', 'ACC': '1.0 (50 / 50)', 'TP': 20, 'FP': 0, 'FN': 0, 'TN': 30, 'Precision': '1.0 (20 / 20 + 0)', 'Recall': '1.0 (20 / 20 + 0)', 'F1': '1.0 (2 * (1.0 * 1.0) / 1.0 + 1.0)', 'Specificity': '1.0 (30 / 30 + 0)', 'AUC': 1.0, 'r2': 1.0}
2023-05-29 09:30:39,304 [INFO] Save test_prediction_log data...
2023-05-29 09:30:39,306 [INFO] {'Data': 'test', 'ACC': '0.68 (34 / 50)', 'TP': 7, 'FP': 3, 'FN': 13, 'TN': 27, 'Precision': '0.7 (7 / 7 + 3)', 'Recall': '0.35 (7 / 7 + 13)', 'F1': '0.47 (2 * (0.35 * 0.7) / 0.35 + 0.7)', 'Specificity': '0.9 (27 / 27 + 3)', 'AUC': 0.62, 'r2': -0.33}
2023-05-29 09:30:39,308 [INFO] Save training_log data...
2023-05-29 09:30:39,310 [INFO] Save score_log data...
2023-05-29 09:30:39,311 [INFO] Time : 2.8085718154907227
2023-05-29 13:07:56,142 [INFO] Train data : Vary_params_BRAF_MK14\DUD-E\BRAF\nG1_80\ECFP4_256bits\Standard\BRAF_train_vector.tsv
2023-05-29 13:07:56,142 [INFO] Valid data : Vary_params_BRAF_MK14\DUD-E\BRAF\nG1_80\ECFP4_256bits\Standard\BRAF_valid_vector.tsv
2023-05-29 13:07:56,142 [INFO] Output path : Vary_params_BRAF_MK14\DUD-E\BRAF\nG1_80\ECFP4_256bits\Standard\BRAF_model\SVM
2023-05-29 13:07:56,142 [INFO] Model type : SVM
2023-05-29 13:07:56,142 [INFO] Use cores : 10
2023-05-29 13:07:56,163 [INFO] Start Learning model
2023-05-29 13:07:56,163 [INFO] Train : 171 | Valid : 50
2023-05-29 13:07:56,163 [INFO] Set parameters : {'kernel': ['linear', 'rbf'], 'C': [0.01, 0.1, 1, 10, 100, 1000], 'gamma': [0.01, 0.1, 1, 100, 1000]}
2023-05-29 13:07:59,178 [INFO] GridSearchCV results :
    mean_valid_accuracy  mean_valid_precision  mean_valid_auc
0              0.994444                   1.0            0.99
20             0.994444                   1.0            0.99
24             0.994444                   1.0            0.99
26             0.994444                   1.0            0.99
28             0.994444                   1.0            0.99
32             0.994444                   1.0            0.99
34             0.994444                   1.0            0.99
36             0.994444                   1.0            0.99
38             0.994444                   1.0            0.99
40             0.994444                   1.0            0.99
42             0.994444                   1.0            0.99
44             0.994444                   1.0            0.99
46             0.994444                   1.0            0.99
48             0.994444                   1.0            0.99
50             0.994444                   1.0            0.99
52             0.994444                   1.0            0.99
54             0.994444                   1.0            0.99
56             0.994444                   1.0            0.99
58             0.994444                   1.0            0.99
22             0.994444                   1.0            0.99
30             0.994444                   1.0            0.99
2              0.994444                   1.0            0.99
18             0.994444                   1.0            0.99
10             0.994444                   1.0            0.99
8              0.994444                   1.0            0.99
16             0.994444                   1.0            0.99
4              0.994444                   1.0            0.99
12             0.994444                   1.0            0.99
14             0.994444                   1.0            0.99
6              0.994444                   1.0            0.99
41             0.878105                   0.9            0.79
31             0.878105                   0.9            0.79
51             0.878105                   0.9            0.79
21             0.836928                   0.8            0.72
7              0.707516                   0.0            0.50
47             0.707516                   0.0            0.50
5              0.707516                   0.0            0.50
49             0.707516                   0.0            0.50
9              0.707516                   0.0            0.50
53             0.707516                   0.0            0.50
55             0.707516                   0.0            0.50
3              0.707516                   0.0            0.50
57             0.707516                   0.0            0.50
45             0.707516                   0.0            0.50
11             0.707516                   0.0            0.50
43             0.707516                   0.0            0.50
19             0.707516                   0.0            0.50
39             0.707516                   0.0            0.50
37             0.707516                   0.0            0.50
13             0.707516                   0.0            0.50
35             0.707516                   0.0            0.50
33             0.707516                   0.0            0.50
15             0.707516                   0.0            0.50
1              0.707516                   0.0            0.50
29             0.707516                   0.0            0.50
27             0.707516                   0.0            0.50
17             0.707516                   0.0            0.50
25             0.707516                   0.0            0.50
23             0.707516                   0.0            0.50
59             0.707516                   0.0            0.50
2023-05-29 13:07:59,179 [INFO] Best model :
SVC(C=0.01, gamma=0.01, kernel='linear', random_state=42)
2023-05-29 13:07:59,185 [INFO] Save train_prediction_log data...
2023-05-29 13:07:59,188 [INFO] {'Data': 'train', 'ACC': '1.0 (171 / 171)', 'TP': 50, 'FP': 0, 'FN': 0, 'TN': 121, 'Precision': '1.0 (50 / 50 + 0)', 'Recall': '1.0 (50 / 50 + 0)', 'F1': '1.0 (2 * (1.0 * 1.0) / 1.0 + 1.0)', 'Specificity': '1.0 (121 / 121 + 0)', 'AUC': 1.0, 'r2': 1.0}
2023-05-29 13:07:59,192 [INFO] Save valid_prediction_log data...
2023-05-29 13:07:59,194 [INFO] {'Data': 'valid', 'ACC': '1.0 (50 / 50)', 'TP': 20, 'FP': 0, 'FN': 0, 'TN': 30, 'Precision': '1.0 (20 / 20 + 0)', 'Recall': '1.0 (20 / 20 + 0)', 'F1': '1.0 (2 * (1.0 * 1.0) / 1.0 + 1.0)', 'Specificity': '1.0 (30 / 30 + 0)', 'AUC': 1.0, 'r2': 1.0}
2023-05-29 13:07:59,205 [INFO] Save test_prediction_log data...
2023-05-29 13:07:59,208 [INFO] {'Data': 'test', 'ACC': '0.68 (34 / 50)', 'TP': 7, 'FP': 3, 'FN': 13, 'TN': 27, 'Precision': '0.7 (7 / 7 + 3)', 'Recall': '0.35 (7 / 7 + 13)', 'F1': '0.47 (2 * (0.35 * 0.7) / 0.35 + 0.7)', 'Specificity': '0.9 (27 / 27 + 3)', 'AUC': 0.62, 'r2': -0.33}
2023-05-29 13:07:59,210 [INFO] Save training_log data...
2023-05-29 13:07:59,211 [INFO] Save score_log data...
2023-05-29 13:07:59,212 [INFO] Time : 3.069352626800537
