2023-05-28 11:34:27,694 [INFO] Train data : AF_Baseline\DUD-E\VGFR2\ECFP4_256bits\Robust\VGFR2_train.tsv
2023-05-28 11:34:27,694 [INFO] Valid data : AF_Baseline\DUD-E\VGFR2\ECFP4_256bits\Robust\VGFR2_valid.tsv
2023-05-28 11:34:27,694 [INFO] Output path : AF_Baseline\DUD-E\VGFR2\ECFP4_256bits\Robust\VGFR2_model\SVM
2023-05-28 11:34:27,694 [INFO] Model type : SVM
2023-05-28 11:34:27,694 [INFO] Use cores : 12
2023-05-28 11:34:27,712 [INFO] Start Learning model
2023-05-28 11:34:27,712 [INFO] Train : 717 | Valid : 180
2023-05-28 11:34:27,712 [INFO] Set parameters : {'kernel': ['linear', 'rbf'], 'C': [0.01, 0.1, 1, 10, 100, 1000], 'gamma': [0.01, 0.1, 1, 100, 1000]}
2023-05-28 11:34:31,751 [INFO] GridSearchCV results :
    mean_valid_accuracy  mean_valid_precision  mean_valid_auc
11             0.810329              1.000000        0.763054
43             0.885739              1.000000        0.857451
23             0.868916              1.000000        0.836268
53             0.885739              1.000000        0.857451
33             0.885739              1.000000        0.857451
21             0.965121              0.982058        0.959272
0              0.953951              0.968265        0.947725
2              0.953951              0.968265        0.947725
4              0.953951              0.968265        0.947725
6              0.953951              0.968265        0.947725
8              0.953951              0.968265        0.947725
31             0.962363              0.951568        0.961122
41             0.962344              0.951461        0.961122
51             0.962344              0.951461        0.961122
12             0.945579              0.927719        0.944177
18             0.945579              0.927719        0.944177
16             0.945579              0.927719        0.944177
10             0.945579              0.927719        0.944177
14             0.945579              0.927719        0.944177
50             0.938615              0.915577        0.937864
48             0.938615              0.915577        0.937864
46             0.938615              0.915577        0.937864
54             0.938615              0.915577        0.937864
52             0.938615              0.915577        0.937864
56             0.938615              0.915577        0.937864
58             0.938615              0.915577        0.937864
42             0.938615              0.915577        0.937864
40             0.938615              0.915577        0.937864
38             0.938615              0.915577        0.937864
36             0.938615              0.915577        0.937864
34             0.938615              0.915577        0.937864
44             0.938615              0.915577        0.937864
30             0.938615              0.915577        0.937864
32             0.938615              0.915577        0.937864
28             0.938615              0.915577        0.937864
22             0.938615              0.915577        0.937864
24             0.938615              0.915577        0.937864
26             0.938615              0.915577        0.937864
20             0.938615              0.915577        0.937864
39             0.599746              0.000000        0.500000
17             0.599746              0.000000        0.500000
3              0.599746              0.000000        0.500000
57             0.599746              0.000000        0.500000
5              0.599746              0.000000        0.500000
55             0.599746              0.000000        0.500000
7              0.599746              0.000000        0.500000
9              0.599746              0.000000        0.500000
13             0.599746              0.000000        0.500000
15             0.599746              0.000000        0.500000
49             0.599746              0.000000        0.500000
27             0.599746              0.000000        0.500000
19             0.599746              0.000000        0.500000
47             0.599746              0.000000        0.500000
1              0.599746              0.000000        0.500000
45             0.599746              0.000000        0.500000
35             0.599746              0.000000        0.500000
29             0.599746              0.000000        0.500000
25             0.599746              0.000000        0.500000
37             0.599746              0.000000        0.500000
59             0.599746              0.000000        0.500000
2023-05-28 11:34:31,789 [INFO] Best model :
SVC(C=0.1, gamma=0.01, random_state=42)
2023-05-28 11:34:31,831 [INFO] Save train_prediction_log data...
2023-05-28 11:34:31,835 [INFO] {'Data': 'train', 'ACC': '0.89 (635 / 717)', 'TP': 205, 'FP': 0, 'FN': 82, 'TN': 430, 'Precision': '1.0 (205 / 205 + 0)', 'Recall': '0.71 (205 / 205 + 82)', 'F1': '0.83 (2 * (0.71 * 1.0) / 0.71 + 1.0)', 'Specificity': '1.0 (430 / 430 + 0)', 'AUC': 0.86, 'r2': 0.52}
2023-05-28 11:34:31,848 [INFO] Save valid_prediction_log data...
2023-05-28 11:34:31,850 [INFO] {'Data': 'valid', 'ACC': '0.92 (166 / 180)', 'TP': 58, 'FP': 0, 'FN': 14, 'TN': 108, 'Precision': '1.0 (58 / 58 + 0)', 'Recall': '0.81 (58 / 58 + 14)', 'F1': '0.9 (2 * (0.81 * 1.0) / 0.81 + 1.0)', 'Specificity': '1.0 (108 / 108 + 0)', 'AUC': 0.9, 'r2': 0.68}
2023-05-28 11:34:31,869 [INFO] Save test_prediction_log data...
2023-05-28 11:34:31,871 [INFO] {'Data': 'test', 'ACC': '0.57 (102 / 180)', 'TP': 6, 'FP': 12, 'FN': 66, 'TN': 96, 'Precision': '0.33 (6 / 6 + 12)', 'Recall': '0.08 (6 / 6 + 66)', 'F1': '0.13 (2 * (0.08 * 0.33) / 0.08 + 0.33)', 'Specificity': '0.89 (96 / 96 + 12)', 'AUC': 0.49, 'r2': -0.81}
2023-05-28 11:34:31,873 [INFO] Save training_log data...
2023-05-28 11:34:31,874 [INFO] Save score_log data...
2023-05-28 11:34:31,875 [INFO] Time : 4.180503606796265
