2023-05-27 22:17:22,126 [INFO] Train data : Vary_params\DUD-E\PLK1\nG1_80\ECFP4_256bits\MinMax\PLK1_train_vector.tsv
2023-05-27 22:17:22,126 [INFO] Valid data : Vary_params\DUD-E\PLK1\nG1_80\ECFP4_256bits\MinMax\PLK1_valid_vector.tsv
2023-05-27 22:17:22,126 [INFO] Output path : Vary_params\DUD-E\PLK1\nG1_80\ECFP4_256bits\MinMax\PLK1_model\XGB
2023-05-27 22:17:22,126 [INFO] Model type : XGB
2023-05-27 22:17:22,126 [INFO] Use cores : 10
2023-05-27 22:17:22,139 [INFO] Start Learning model
2023-05-27 22:17:22,139 [INFO] Train : 84 | Valid : 28
2023-05-27 22:17:22,140 [INFO] Set parameters : {'max_depth': [4, 6, 8], 'learning_rate': [0.01, 0.2], 'n_estimators': [200, 600, 1000], 'gamma': [0, 1000], 'min_child_weight': [1, 3], 'subsample': [0.5, 1], 'colsample_bytree': [0.5, 1], 'objective': ['binary:logitraw'], 'eval_metric': ['auc', 'error']}
2023-05-27 22:24:28,709 [INFO] GridSearchCV results :
     mean_valid_accuracy  mean_valid_precision  mean_valid_auc
0               0.941667                   0.9        0.867857
343             0.952778                   0.9        0.892857
333             0.952778                   0.9        0.892857
331             0.952778                   0.9        0.892857
144             0.941667                   0.9        0.867857
..                   ...                   ...             ...
369             0.811111                   0.0        0.500000
368             0.811111                   0.0        0.500000
367             0.811111                   0.0        0.500000
366             0.811111                   0.0        0.500000
575             0.811111                   0.0        0.500000

[576 rows x 3 columns]
2023-05-27 22:24:28,712 [INFO] Best model :
XGBClassifier(base_score=None, booster=None, callbacks=None,
              colsample_bylevel=None, colsample_bynode=None,
              colsample_bytree=0.5, early_stopping_rounds=None,
              enable_categorical=False, eval_metric='auc', feature_types=None,
              gamma=0, gpu_id=None, grow_policy=None, importance_type=None,
              interaction_constraints=None, learning_rate=0.01, max_bin=None,
              max_cat_threshold=None, max_cat_to_onehot=None,
              max_delta_step=None, max_depth=4, max_leaves=None,
              min_child_weight=1, missing=nan, monotone_constraints=None,
              n_estimators=200, n_jobs=0, num_parallel_tree=None,
              objective='binary:logitraw', predictor=None, ...)
2023-05-27 22:24:28,736 [INFO] Save train_prediction_log data...
2023-05-27 22:24:28,746 [INFO] {'Data': 'train', 'ACC': '0.99 (83 / 84)', 'TP': 15, 'FP': 0, 'FN': 1, 'TN': 68, 'Precision': '1.0 (15 / 15 + 0)', 'Recall': '0.94 (15 / 15 + 1)', 'F1': '0.97 (2 * (0.94 * 1.0) / 0.94 + 1.0)', 'Specificity': '1.0 (68 / 68 + 0)', 'AUC': 0.97, 'r2': 0.92}
2023-05-27 22:24:28,774 [INFO] Save valid_prediction_log data...
2023-05-27 22:24:28,778 [INFO] {'Data': 'valid', 'ACC': '1.0 (28 / 28)', 'TP': 11, 'FP': 0, 'FN': 0, 'TN': 17, 'Precision': '1.0 (11 / 11 + 0)', 'Recall': '1.0 (11 / 11 + 0)', 'F1': '1.0 (2 * (1.0 * 1.0) / 1.0 + 1.0)', 'Specificity': '1.0 (17 / 17 + 0)', 'AUC': 1.0, 'r2': 1.0}
2023-05-27 22:24:28,818 [INFO] Save test_prediction_log data...
2023-05-27 22:24:28,822 [INFO] {'Data': 'test', 'ACC': '0.64 (18 / 28)', 'TP': 2, 'FP': 1, 'FN': 9, 'TN': 16, 'Precision': '0.67 (2 / 2 + 1)', 'Recall': '0.18 (2 / 2 + 9)', 'F1': '0.28 (2 * (0.18 * 0.67) / 0.18 + 0.67)', 'Specificity': '0.94 (16 / 16 + 1)', 'AUC': 0.56, 'r2': -0.5}
2023-05-27 22:24:28,853 [INFO] Save training_log data...
2023-05-27 22:24:28,859 [INFO] Save score_log data...
2023-05-27 22:24:28,860 [INFO] Time : 426.7338168621063
