2023-05-29 16:36:38,378 [INFO] Train data : Vary_params_CDK2_EGFR_LCK\DUD-E\LCK\nG1_80\ECFP6_512bits\Standard\LCK_train_vector.tsv
2023-05-29 16:36:38,378 [INFO] Valid data : Vary_params_CDK2_EGFR_LCK\DUD-E\LCK\nG1_80\ECFP6_512bits\Standard\LCK_valid_vector.tsv
2023-05-29 16:36:38,378 [INFO] Output path : Vary_params_CDK2_EGFR_LCK\DUD-E\LCK\nG1_80\ECFP6_512bits\Standard\LCK_model\SVM
2023-05-29 16:36:38,379 [INFO] Model type : SVM
2023-05-29 16:36:38,379 [INFO] Use cores : 19
2023-05-29 16:36:38,442 [INFO] Start Learning model
2023-05-29 16:36:38,442 [INFO] Train : 706 | Valid : 185
2023-05-29 16:36:38,442 [INFO] Set parameters : {'kernel': ['linear', 'rbf'], 'C': [0.01, 0.1, 1, 10, 100, 1000], 'gamma': [0.01, 0.1, 1, 100, 1000]}
2023-05-29 16:36:45,913 [INFO] GridSearchCV results :
    mean_valid_accuracy  mean_valid_precision  mean_valid_auc
31             0.692656              1.000000        0.588889
51             0.692656              1.000000        0.588889
41             0.692656              1.000000        0.588889
0              0.973159              0.960347        0.972811
2              0.973159              0.960347        0.972811
4              0.973159              0.960347        0.972811
6              0.973159              0.960347        0.972811
8              0.973159              0.960347        0.972811
42             0.973179              0.959845        0.972811
32             0.973179              0.959845        0.972811
34             0.973179              0.959845        0.972811
36             0.973179              0.959845        0.972811
38             0.973179              0.959845        0.972811
40             0.973179              0.959845        0.972811
48             0.973179              0.959845        0.972811
44             0.973179              0.959845        0.972811
46             0.973179              0.959845        0.972811
26             0.973179              0.959845        0.972811
50             0.973179              0.959845        0.972811
52             0.973179              0.959845        0.972811
54             0.973179              0.959845        0.972811
56             0.973179              0.959845        0.972811
58             0.973179              0.959845        0.972811
28             0.973179              0.959845        0.972811
30             0.973179              0.959845        0.972811
10             0.973179              0.959845        0.972811
14             0.973179              0.959845        0.972811
12             0.973179              0.959845        0.972811
24             0.973179              0.959845        0.972811
16             0.973179              0.959845        0.972811
22             0.973179              0.959845        0.972811
20             0.973179              0.959845        0.972811
18             0.973179              0.959845        0.972811
21             0.647384              0.700000        0.528632
25             0.626076              0.000000        0.500000
49             0.626076              0.000000        0.500000
11             0.626076              0.000000        0.500000
53             0.626076              0.000000        0.500000
9              0.626076              0.000000        0.500000
13             0.626076              0.000000        0.500000
7              0.626076              0.000000        0.500000
55             0.626076              0.000000        0.500000
5              0.626076              0.000000        0.500000
57             0.626076              0.000000        0.500000
3              0.626076              0.000000        0.500000
47             0.626076              0.000000        0.500000
15             0.626076              0.000000        0.500000
45             0.626076              0.000000        0.500000
43             0.626076              0.000000        0.500000
17             0.626076              0.000000        0.500000
39             0.626076              0.000000        0.500000
37             0.626076              0.000000        0.500000
19             0.626076              0.000000        0.500000
35             0.626076              0.000000        0.500000
33             0.626076              0.000000        0.500000
1              0.626076              0.000000        0.500000
29             0.626076              0.000000        0.500000
23             0.626076              0.000000        0.500000
27             0.626076              0.000000        0.500000
59             0.626076              0.000000        0.500000
2023-05-29 16:36:45,914 [INFO] Best model :
SVC(C=10, gamma=0.01, random_state=42)
2023-05-29 16:36:45,991 [INFO] Save train_prediction_log data...
2023-05-29 16:36:45,994 [INFO] {'Data': 'train', 'ACC': '1.0 (706 / 706)', 'TP': 264, 'FP': 0, 'FN': 0, 'TN': 442, 'Precision': '1.0 (264 / 264 + 0)', 'Recall': '1.0 (264 / 264 + 0)', 'F1': '1.0 (2 * (1.0 * 1.0) / 1.0 + 1.0)', 'Specificity': '1.0 (442 / 442 + 0)', 'AUC': 1.0, 'r2': 1.0}
2023-05-29 16:36:46,017 [INFO] Save valid_prediction_log data...
2023-05-29 16:36:46,019 [INFO] {'Data': 'valid', 'ACC': '0.83 (153 / 185)', 'TP': 42, 'FP': 0, 'FN': 32, 'TN': 111, 'Precision': '1.0 (42 / 42 + 0)', 'Recall': '0.57 (42 / 42 + 32)', 'F1': '0.73 (2 * (0.57 * 1.0) / 0.57 + 1.0)', 'Specificity': '1.0 (111 / 111 + 0)', 'AUC': 0.78, 'r2': 0.28}
2023-05-29 16:36:46,059 [INFO] Save test_prediction_log data...
2023-05-29 16:36:46,062 [INFO] {'Data': 'test', 'ACC': '0.63 (116 / 185)', 'TP': 6, 'FP': 1, 'FN': 68, 'TN': 110, 'Precision': '0.86 (6 / 6 + 1)', 'Recall': '0.08 (6 / 6 + 68)', 'F1': '0.15 (2 * (0.08 * 0.86) / 0.08 + 0.86)', 'Specificity': '0.99 (110 / 110 + 1)', 'AUC': 0.54, 'r2': -0.55}
2023-05-29 16:36:46,064 [INFO] Save training_log data...
2023-05-29 16:36:46,067 [INFO] Save score_log data...
2023-05-29 16:36:46,067 [INFO] Time : 7.688563585281372
