2023-05-31 03:15:32,378 [INFO] Train data : Vary_params_BRAF_MK14\DUD-E\MK14\nG1_80\ECFP6_512bits\Standard\MK14_train_vector.tsv
2023-05-31 03:15:32,378 [INFO] Valid data : Vary_params_BRAF_MK14\DUD-E\MK14\nG1_80\ECFP6_512bits\Standard\MK14_valid_vector.tsv
2023-05-31 03:15:32,378 [INFO] Output path : Vary_params_BRAF_MK14\DUD-E\MK14\nG1_80\ECFP6_512bits\Standard\MK14_model\MLP
2023-05-31 03:15:32,378 [INFO] Model type : MLP
2023-05-31 03:15:32,378 [INFO] Use cores : 10
2023-05-31 03:15:32,475 [INFO] Start Learning model
2023-05-31 03:15:32,475 [INFO] Train : 871 | Valid : 225
2023-05-31 03:15:32,476 [INFO] Set parameters : {'hidden_layer_sizes': [(50,), (100,), (50, 50), (100, 100)], 'learning_rate': ['constant', 'invscaling', 'adaptive'], 'activation': ['relu', 'identity', 'logistic', 'tanh'], 'solver': ['adam', 'sgd', 'lbfgs'], 'alpha': [0.1, 0.01, 0.001], 'max_iter': [500, 1000], 'early_stopping': [True]}
2023-05-31 03:28:12,813 [INFO] GridSearchCV results :
     mean_valid_accuracy  mean_valid_precision  mean_valid_auc
141             0.966719              0.972426         0.96138
135             0.966719              0.972426         0.96138
198             0.966719              0.972426         0.96138
201             0.966719              0.972426         0.96138
204             0.966719              0.972426         0.96138
..                   ...                   ...             ...
556             0.621121              0.000000         0.50000
640             0.621121              0.000000         0.50000
475             0.621121              0.000000         0.50000
634             0.621121              0.000000         0.50000
565             0.621121              0.000000         0.50000

[864 rows x 3 columns]
2023-05-31 03:28:12,814 [INFO] Best model :
MLPClassifier(alpha=0.1, early_stopping=True, hidden_layer_sizes=(100, 100),
              max_iter=500, random_state=42)
2023-05-31 03:28:12,823 [INFO] Save train_prediction_log data...
2023-05-31 03:28:12,827 [INFO] {'Data': 'train', 'ACC': '1.0 (868 / 871)', 'TP': 327, 'FP': 0, 'FN': 3, 'TN': 541, 'Precision': '1.0 (327 / 327 + 0)', 'Recall': '0.99 (327 / 327 + 3)', 'F1': '0.99 (2 * (0.99 * 1.0) / 0.99 + 1.0)', 'Specificity': '1.0 (541 / 541 + 0)', 'AUC': 1.0, 'r2': 0.99}
2023-05-31 03:28:12,833 [INFO] Save valid_prediction_log data...
2023-05-31 03:28:13,205 [INFO] {'Data': 'valid', 'ACC': '0.97 (218 / 225)', 'TP': 89, 'FP': 6, 'FN': 1, 'TN': 129, 'Precision': '0.94 (89 / 89 + 6)', 'Recall': '0.99 (89 / 89 + 1)', 'F1': '0.96 (2 * (0.99 * 0.94) / 0.99 + 0.94)', 'Specificity': '0.96 (129 / 129 + 6)', 'AUC': 0.97, 'r2': 0.87}
2023-05-31 03:28:13,232 [INFO] Save test_prediction_log data...
2023-05-31 03:28:13,235 [INFO] {'Data': 'test', 'ACC': '0.65 (146 / 225)', 'TP': 57, 'FP': 46, 'FN': 33, 'TN': 89, 'Precision': '0.55 (57 / 57 + 46)', 'Recall': '0.63 (57 / 57 + 33)', 'F1': '0.59 (2 * (0.63 * 0.55) / 0.63 + 0.55)', 'Specificity': '0.66 (89 / 89 + 46)', 'AUC': 0.65, 'r2': -0.46}
2023-05-31 03:28:13,238 [INFO] Save training_log data...
2023-05-31 03:28:13,328 [INFO] Save score_log data...
2023-05-31 03:28:13,344 [INFO] Time : 760.9662845134735
