2023-05-28 22:31:53,620 [INFO] Train data : Vary_params_ABL_BRAF_FGFR1\DUD-E\ABL1\nG1_80\ECFP4_256bits\Standard\ABL1_train_vector.tsv
2023-05-28 22:31:53,620 [INFO] Valid data : Vary_params_ABL_BRAF_FGFR1\DUD-E\ABL1\nG1_80\ECFP4_256bits\Standard\ABL1_valid_vector.tsv
2023-05-28 22:31:53,620 [INFO] Output path : Vary_params_ABL_BRAF_FGFR1\DUD-E\ABL1\nG1_80\ECFP4_256bits\Standard\ABL1_model\SVM
2023-05-28 22:31:53,620 [INFO] Model type : SVM
2023-05-28 22:31:53,620 [INFO] Use cores : 19
2023-05-28 22:31:53,639 [INFO] Start Learning model
2023-05-28 22:31:53,639 [INFO] Train : 234 | Valid : 66
2023-05-28 22:31:53,639 [INFO] Set parameters : {'kernel': ['linear', 'rbf'], 'C': [0.01, 0.1, 1, 10, 100, 1000], 'gamma': [0.01, 0.1, 1, 100, 1000]}
2023-05-28 22:31:57,028 [INFO] GridSearchCV results :
    mean_valid_accuracy  mean_valid_precision  mean_valid_auc
31             0.889493              1.000000        0.831250
21             0.889493              1.000000        0.831250
51             0.889493              1.000000        0.831250
41             0.889493              1.000000        0.831250
0              0.970471              0.976389        0.962292
2              0.970471              0.976389        0.962292
4              0.970471              0.976389        0.962292
6              0.970471              0.976389        0.962292
8              0.970471              0.976389        0.962292
42             0.957609              0.951389        0.948899
32             0.957609              0.951389        0.948899
34             0.957609              0.951389        0.948899
36             0.957609              0.951389        0.948899
38             0.957609              0.951389        0.948899
40             0.957609              0.951389        0.948899
48             0.957609              0.951389        0.948899
44             0.957609              0.951389        0.948899
46             0.957609              0.951389        0.948899
26             0.957609              0.951389        0.948899
50             0.957609              0.951389        0.948899
52             0.957609              0.951389        0.948899
54             0.957609              0.951389        0.948899
56             0.957609              0.951389        0.948899
58             0.957609              0.951389        0.948899
28             0.957609              0.951389        0.948899
30             0.957609              0.951389        0.948899
24             0.957609              0.951389        0.948899
22             0.957609              0.951389        0.948899
10             0.957609              0.951389        0.948899
20             0.957609              0.951389        0.948899
12             0.957609              0.951389        0.948899
18             0.957609              0.951389        0.948899
14             0.957609              0.951389        0.948899
16             0.957609              0.951389        0.948899
25             0.683877              0.200000        0.513393
27             0.683877              0.200000        0.513393
57             0.683877              0.200000        0.513393
55             0.683877              0.200000        0.513393
53             0.683877              0.200000        0.513393
49             0.683877              0.200000        0.513393
47             0.683877              0.200000        0.513393
45             0.683877              0.200000        0.513393
43             0.683877              0.200000        0.513393
33             0.683877              0.200000        0.513393
35             0.683877              0.200000        0.513393
29             0.683877              0.200000        0.513393
23             0.683877              0.200000        0.513393
59             0.683877              0.200000        0.513393
37             0.683877              0.200000        0.513393
39             0.683877              0.200000        0.513393
19             0.675362              0.000000        0.500000
11             0.675362              0.000000        0.500000
17             0.675362              0.000000        0.500000
9              0.675362              0.000000        0.500000
13             0.675362              0.000000        0.500000
7              0.675362              0.000000        0.500000
1              0.675362              0.000000        0.500000
5              0.675362              0.000000        0.500000
3              0.675362              0.000000        0.500000
15             0.675362              0.000000        0.500000
2023-05-28 22:31:57,028 [INFO] Best model :
SVC(C=1, gamma=0.01, random_state=42)
2023-05-28 22:31:57,038 [INFO] Save train_prediction_log data...
2023-05-28 22:31:57,038 [INFO] {'Data': 'train', 'ACC': '1.0 (234 / 234)', 'TP': 76, 'FP': 0, 'FN': 0, 'TN': 158, 'Precision': '1.0 (76 / 76 + 0)', 'Recall': '1.0 (76 / 76 + 0)', 'F1': '1.0 (2 * (1.0 * 1.0) / 1.0 + 1.0)', 'Specificity': '1.0 (158 / 158 + 0)', 'AUC': 1.0, 'r2': 1.0}
2023-05-28 22:31:57,048 [INFO] Save valid_prediction_log data...
2023-05-28 22:31:57,048 [INFO] {'Data': 'valid', 'ACC': '0.95 (63 / 66)', 'TP': 23, 'FP': 0, 'FN': 3, 'TN': 40, 'Precision': '1.0 (23 / 23 + 0)', 'Recall': '0.88 (23 / 23 + 3)', 'F1': '0.94 (2 * (0.88 * 1.0) / 0.88 + 1.0)', 'Specificity': '1.0 (40 / 40 + 0)', 'AUC': 0.94, 'r2': 0.81}
2023-05-28 22:31:57,058 [INFO] Save test_prediction_log data...
2023-05-28 22:31:57,058 [INFO] {'Data': 'test', 'ACC': '0.64 (42 / 66)', 'TP': 2, 'FP': 0, 'FN': 24, 'TN': 40, 'Precision': '1.0 (2 / 2 + 0)', 'Recall': '0.08 (2 / 2 + 24)', 'F1': '0.15 (2 * (0.08 * 1.0) / 0.08 + 1.0)', 'Specificity': '1.0 (40 / 40 + 0)', 'AUC': 0.54, 'r2': -0.52}
2023-05-28 22:31:57,058 [INFO] Save training_log data...
2023-05-28 22:31:57,068 [INFO] Save score_log data...
2023-05-28 22:31:57,068 [INFO] Time : 3.4475419521331787
