2023-05-30 04:14:18,288 [INFO] Train data : Baseline_noscale_DUDE\DUD-E\IGF1R\ECFP6_256bits\IGF1R_raw_train.tsv
2023-05-30 04:14:18,288 [INFO] Valid data : Baseline_noscale_DUDE\DUD-E\IGF1R\ECFP6_256bits\IGF1R_raw_valid.tsv
2023-05-30 04:14:18,288 [INFO] Output path : Baseline_noscale_DUDE\DUD-E\IGF1R\ECFP6_256bits\IGF1R_model\RF
2023-05-30 04:14:18,289 [INFO] Model type : RF
2023-05-30 04:14:18,289 [INFO] Use cores : 12
2023-05-30 04:14:18,299 [INFO] Start Learning model
2023-05-30 04:14:18,299 [INFO] Train : 196 | Valid : 49
2023-05-30 04:14:18,299 [INFO] Set parameters : {'max_depth': [6, 8, 10, 12], 'max_features': ['sqrt', 'log2'], 'min_samples_leaf': [2, 4, 8, 10], 'min_samples_split': [2, 4, 8, 10], 'n_estimators': [200, 600, 1000]}
2023-05-30 04:17:21,323 [INFO] GridSearchCV results :
     mean_valid_accuracy  mean_valid_precision  mean_valid_auc
0               0.990000              1.000000        0.987500
259             0.979474              1.000000        0.975000
257             0.979474              1.000000        0.975000
256             0.979474              1.000000        0.975000
255             0.990000              1.000000        0.987500
..                   ...                   ...             ...
133             0.985000              0.988889        0.983333
40              0.985000              0.988889        0.983333
312             0.980000              0.988889        0.977083
130             0.990000              0.988889        0.989583
223             0.990000              0.988889        0.989583

[384 rows x 3 columns]
2023-05-30 04:17:21,324 [INFO] Best model :
RandomForestClassifier(class_weight='balanced', max_depth=6, min_samples_leaf=2,
                       n_estimators=200, random_state=42)
2023-05-30 04:17:21,335 [INFO] Save train_prediction_log data...
2023-05-30 04:17:21,338 [INFO] {'Data': 'train', 'ACC': '1.0 (196 / 196)', 'TP': 78, 'FP': 0, 'FN': 0, 'TN': 118, 'Precision': '1.0 (78 / 78 + 0)', 'Recall': '1.0 (78 / 78 + 0)', 'F1': '1.0 (2 * (1.0 * 1.0) / 1.0 + 1.0)', 'Specificity': '1.0 (118 / 118 + 0)', 'AUC': 1.0, 'r2': 1.0}
2023-05-30 04:17:21,347 [INFO] Save valid_prediction_log data...
2023-05-30 04:17:21,349 [INFO] {'Data': 'valid', 'ACC': '1.0 (49 / 49)', 'TP': 20, 'FP': 0, 'FN': 0, 'TN': 29, 'Precision': '1.0 (20 / 20 + 0)', 'Recall': '1.0 (20 / 20 + 0)', 'F1': '1.0 (2 * (1.0 * 1.0) / 1.0 + 1.0)', 'Specificity': '1.0 (29 / 29 + 0)', 'AUC': 1.0, 'r2': 1.0}
2023-05-30 04:17:21,361 [INFO] Save test_prediction_log data...
2023-05-30 04:17:21,363 [INFO] {'Data': 'test', 'ACC': '0.63 (31 / 49)', 'TP': 4, 'FP': 2, 'FN': 16, 'TN': 27, 'Precision': '0.67 (4 / 4 + 2)', 'Recall': '0.2 (4 / 4 + 16)', 'F1': '0.31 (2 * (0.2 * 0.67) / 0.2 + 0.67)', 'Specificity': '0.93 (27 / 27 + 2)', 'AUC': 0.57, 'r2': -0.52}
2023-05-30 04:17:21,393 [INFO] Save training_log data...
2023-05-30 04:17:21,396 [INFO] Save score_log data...
2023-05-30 04:17:21,397 [INFO] Time : 183.10883355140686
