2023-05-29 03:47:51,910 [INFO] Train data : Vary_params_BRAF_MK14\DUD-E\BRAF\nG1_20\ECFP6_256bits\Standard\BRAF_train_vector.tsv
2023-05-29 03:47:51,910 [INFO] Valid data : Vary_params_BRAF_MK14\DUD-E\BRAF\nG1_20\ECFP6_256bits\Standard\BRAF_valid_vector.tsv
2023-05-29 03:47:51,910 [INFO] Output path : Vary_params_BRAF_MK14\DUD-E\BRAF\nG1_20\ECFP6_256bits\Standard\BRAF_model\SVM
2023-05-29 03:47:51,910 [INFO] Model type : SVM
2023-05-29 03:47:51,910 [INFO] Use cores : 12
2023-05-29 03:47:51,931 [INFO] Start Learning model
2023-05-29 03:47:51,931 [INFO] Train : 231 | Valid : 50
2023-05-29 03:47:51,931 [INFO] Set parameters : {'kernel': ['linear', 'rbf'], 'C': [0.01, 0.1, 1, 10, 100, 1000], 'gamma': [0.01, 0.1, 1, 100, 1000]}
2023-05-29 03:47:54,839 [INFO] GridSearchCV results :
    mean_valid_accuracy  mean_valid_precision  mean_valid_auc
31             0.956884              1.000000        0.954545
21             0.939493              1.000000        0.936364
51             0.956884              1.000000        0.954545
41             0.956884              1.000000        0.954545
0              0.974275              0.974242        0.974184
2              0.974275              0.974242        0.974184
4              0.974275              0.974242        0.974184
6              0.974275              0.974242        0.974184
8              0.974275              0.974242        0.974184
42             0.969928              0.965152        0.970017
32             0.969928              0.965152        0.970017
34             0.969928              0.965152        0.970017
36             0.969928              0.965152        0.970017
38             0.969928              0.965152        0.970017
40             0.969928              0.965152        0.970017
48             0.969928              0.965152        0.970017
44             0.969928              0.965152        0.970017
46             0.969928              0.965152        0.970017
26             0.969928              0.965152        0.970017
50             0.969928              0.965152        0.970017
52             0.969928              0.965152        0.970017
54             0.969928              0.965152        0.970017
56             0.969928              0.965152        0.970017
58             0.969928              0.965152        0.970017
28             0.969928              0.965152        0.970017
30             0.969928              0.965152        0.970017
18             0.969928              0.965152        0.970017
24             0.969928              0.965152        0.970017
14             0.969928              0.965152        0.970017
12             0.969928              0.965152        0.970017
22             0.969928              0.965152        0.970017
16             0.969928              0.965152        0.970017
20             0.969928              0.965152        0.970017
10             0.969928              0.965152        0.970017
25             0.523732              0.000000        0.500000
49             0.523732              0.000000        0.500000
11             0.523732              0.000000        0.500000
53             0.523732              0.000000        0.500000
9              0.523732              0.000000        0.500000
13             0.523732              0.000000        0.500000
7              0.523732              0.000000        0.500000
55             0.523732              0.000000        0.500000
5              0.523732              0.000000        0.500000
57             0.523732              0.000000        0.500000
3              0.523732              0.000000        0.500000
47             0.523732              0.000000        0.500000
43             0.523732              0.000000        0.500000
45             0.523732              0.000000        0.500000
27             0.523732              0.000000        0.500000
15             0.523732              0.000000        0.500000
17             0.523732              0.000000        0.500000
39             0.523732              0.000000        0.500000
37             0.523732              0.000000        0.500000
19             0.523732              0.000000        0.500000
35             0.523732              0.000000        0.500000
33             0.523732              0.000000        0.500000
23             0.523732              0.000000        0.500000
1              0.523732              0.000000        0.500000
29             0.523732              0.000000        0.500000
59             0.523732              0.000000        0.500000
2023-05-29 03:47:54,841 [INFO] Best model :
SVC(C=1, gamma=0.01, random_state=42)
2023-05-29 03:47:54,851 [INFO] Save train_prediction_log data...
2023-05-29 03:47:54,854 [INFO] {'Data': 'train', 'ACC': '1.0 (231 / 231)', 'TP': 110, 'FP': 0, 'FN': 0, 'TN': 121, 'Precision': '1.0 (110 / 110 + 0)', 'Recall': '1.0 (110 / 110 + 0)', 'F1': '1.0 (2 * (1.0 * 1.0) / 1.0 + 1.0)', 'Specificity': '1.0 (121 / 121 + 0)', 'AUC': 1.0, 'r2': 1.0}
2023-05-29 03:47:54,859 [INFO] Save valid_prediction_log data...
2023-05-29 03:47:54,862 [INFO] {'Data': 'valid', 'ACC': '1.0 (50 / 50)', 'TP': 20, 'FP': 0, 'FN': 0, 'TN': 30, 'Precision': '1.0 (20 / 20 + 0)', 'Recall': '1.0 (20 / 20 + 0)', 'F1': '1.0 (2 * (1.0 * 1.0) / 1.0 + 1.0)', 'Specificity': '1.0 (30 / 30 + 0)', 'AUC': 1.0, 'r2': 1.0}
2023-05-29 03:47:54,874 [INFO] Save test_prediction_log data...
2023-05-29 03:47:54,877 [INFO] {'Data': 'test', 'ACC': '0.62 (31 / 50)', 'TP': 2, 'FP': 1, 'FN': 18, 'TN': 29, 'Precision': '0.67 (2 / 2 + 1)', 'Recall': '0.1 (2 / 2 + 18)', 'F1': '0.17 (2 * (0.1 * 0.67) / 0.1 + 0.67)', 'Specificity': '0.97 (29 / 29 + 1)', 'AUC': 0.53, 'r2': -0.58}
2023-05-29 03:47:54,879 [INFO] Save training_log data...
2023-05-29 03:47:54,880 [INFO] Save score_log data...
2023-05-29 03:47:54,881 [INFO] Time : 2.971362590789795
