2023-05-28 18:01:11,022 [INFO] Train data : Vary_params\DUD-E\FAK1\nG1_50\ECFP4_512bits\MinMax\FAK1_train_vector.tsv
2023-05-28 18:01:11,022 [INFO] Valid data : Vary_params\DUD-E\FAK1\nG1_50\ECFP4_512bits\MinMax\FAK1_valid_vector.tsv
2023-05-28 18:01:11,022 [INFO] Output path : Vary_params\DUD-E\FAK1\nG1_50\ECFP4_512bits\MinMax\FAK1_model\RF
2023-05-28 18:01:11,022 [INFO] Model type : RF
2023-05-28 18:01:11,023 [INFO] Use cores : 11
2023-05-28 18:01:11,057 [INFO] Start Learning model
2023-05-28 18:01:11,057 [INFO] Train : 93 | Valid : 23
2023-05-28 18:01:11,058 [INFO] Set parameters : {'max_depth': [6, 8, 10, 12], 'max_features': ['sqrt', 'log2'], 'min_samples_leaf': [2, 4, 8, 10], 'min_samples_split': [2, 4, 8, 10], 'n_estimators': [200, 600, 1000]}
2023-05-28 18:06:51,540 [INFO] GridSearchCV results :
     mean_valid_accuracy  mean_valid_precision  mean_valid_auc
0                   0.99                   1.0          0.9875
1                   0.99                   1.0          0.9875
262                 0.99                   1.0          0.9875
261                 0.99                   1.0          0.9875
260                 0.99                   1.0          0.9875
..                   ...                   ...             ...
125                 0.99                   1.0          0.9875
124                 0.99                   1.0          0.9875
123                 0.99                   1.0          0.9875
122                 0.99                   1.0          0.9875
383                 0.99                   1.0          0.9875

[384 rows x 3 columns]
2023-05-28 18:06:51,541 [INFO] Best model :
RandomForestClassifier(class_weight='balanced', max_depth=6, min_samples_leaf=2,
                       n_estimators=200, random_state=42)
2023-05-28 18:06:51,563 [INFO] Save train_prediction_log data...
2023-05-28 18:06:51,567 [INFO] {'Data': 'train', 'ACC': '0.99 (92 / 93)', 'TP': 36, 'FP': 0, 'FN': 1, 'TN': 56, 'Precision': '1.0 (36 / 36 + 0)', 'Recall': '0.97 (36 / 36 + 1)', 'F1': '0.98 (2 * (0.97 * 1.0) / 0.97 + 1.0)', 'Specificity': '1.0 (56 / 56 + 0)', 'AUC': 0.99, 'r2': 0.96}
2023-05-28 18:06:51,586 [INFO] Save valid_prediction_log data...
2023-05-28 18:06:51,589 [INFO] {'Data': 'valid', 'ACC': '1.0 (23 / 23)', 'TP': 9, 'FP': 0, 'FN': 0, 'TN': 14, 'Precision': '1.0 (9 / 9 + 0)', 'Recall': '1.0 (9 / 9 + 0)', 'F1': '1.0 (2 * (1.0 * 1.0) / 1.0 + 1.0)', 'Specificity': '1.0 (14 / 14 + 0)', 'AUC': 1.0, 'r2': 1.0}
2023-05-28 18:06:51,625 [INFO] Save test_prediction_log data...
2023-05-28 18:06:51,627 [INFO] {'Data': 'test', 'ACC': '0.61 (14 / 23)', 'TP': 1, 'FP': 1, 'FN': 8, 'TN': 13, 'Precision': '0.5 (1 / 1 + 1)', 'Recall': '0.11 (1 / 1 + 8)', 'F1': '0.18 (2 * (0.11 * 0.5) / 0.11 + 0.5)', 'Specificity': '0.93 (13 / 13 + 1)', 'AUC': 0.52, 'r2': -0.64}
2023-05-28 18:06:51,674 [INFO] Save training_log data...
2023-05-28 18:06:51,677 [INFO] Save score_log data...
2023-05-28 18:06:51,678 [INFO] Time : 340.65582299232483
