2023-05-28 10:38:46,099 [INFO] Train data : Vary_params_IGF1R_KIT\DUD-E\IGF1R\nG1_80\ECFP4_512bits\MinMax\IGF1R_train_vector.tsv
2023-05-28 10:38:46,099 [INFO] Valid data : Vary_params_IGF1R_KIT\DUD-E\IGF1R\nG1_80\ECFP4_512bits\MinMax\IGF1R_valid_vector.tsv
2023-05-28 10:38:46,099 [INFO] Output path : Vary_params_IGF1R_KIT\DUD-E\IGF1R\nG1_80\ECFP4_512bits\MinMax\IGF1R_model\XGB
2023-05-28 10:38:46,099 [INFO] Model type : XGB
2023-05-28 10:38:46,099 [INFO] Use cores : 10
2023-05-28 10:38:46,120 [INFO] Start Learning model
2023-05-28 10:38:46,120 [INFO] Train : 166 | Valid : 49
2023-05-28 10:38:46,121 [INFO] Set parameters : {'max_depth': [4, 6, 8], 'learning_rate': [0.01, 0.2], 'n_estimators': [200, 600, 1000], 'gamma': [0, 1000], 'min_child_weight': [1, 3], 'subsample': [0.5, 1], 'colsample_bytree': [0.5, 1], 'objective': ['binary:logitraw'], 'eval_metric': ['auc', 'error']}
2023-05-28 10:51:02,571 [INFO] GridSearchCV results :
     mean_valid_accuracy  mean_valid_precision  mean_valid_auc
0               0.982353                   1.0            0.97
171             0.970588                   1.0            0.95
312             0.964706                   1.0            0.94
306             0.970588                   1.0            0.95
304             0.982353                   1.0            0.97
..                   ...                   ...             ...
381             0.711029                   0.0            0.50
380             0.711029                   0.0            0.50
379             0.711029                   0.0            0.50
378             0.711029                   0.0            0.50
575             0.711029                   0.0            0.50

[576 rows x 3 columns]
2023-05-28 10:51:02,572 [INFO] Best model :
XGBClassifier(base_score=None, booster=None, callbacks=None,
              colsample_bylevel=None, colsample_bynode=None,
              colsample_bytree=0.5, early_stopping_rounds=None,
              enable_categorical=False, eval_metric='auc', feature_types=None,
              gamma=0, gpu_id=None, grow_policy=None, importance_type=None,
              interaction_constraints=None, learning_rate=0.01, max_bin=None,
              max_cat_threshold=None, max_cat_to_onehot=None,
              max_delta_step=None, max_depth=4, max_leaves=None,
              min_child_weight=1, missing=nan, monotone_constraints=None,
              n_estimators=200, n_jobs=0, num_parallel_tree=None,
              objective='binary:logitraw', predictor=None, ...)
2023-05-28 10:51:02,587 [INFO] Save train_prediction_log data...
2023-05-28 10:51:02,591 [INFO] {'Data': 'train', 'ACC': '1.0 (166 / 166)', 'TP': 48, 'FP': 0, 'FN': 0, 'TN': 118, 'Precision': '1.0 (48 / 48 + 0)', 'Recall': '1.0 (48 / 48 + 0)', 'F1': '1.0 (2 * (1.0 * 1.0) / 1.0 + 1.0)', 'Specificity': '1.0 (118 / 118 + 0)', 'AUC': 1.0, 'r2': 1.0}
2023-05-28 10:51:02,604 [INFO] Save valid_prediction_log data...
2023-05-28 10:51:02,607 [INFO] {'Data': 'valid', 'ACC': '1.0 (49 / 49)', 'TP': 20, 'FP': 0, 'FN': 0, 'TN': 29, 'Precision': '1.0 (20 / 20 + 0)', 'Recall': '1.0 (20 / 20 + 0)', 'F1': '1.0 (2 * (1.0 * 1.0) / 1.0 + 1.0)', 'Specificity': '1.0 (29 / 29 + 0)', 'AUC': 1.0, 'r2': 1.0}
2023-05-28 10:51:02,632 [INFO] Save test_prediction_log data...
2023-05-28 10:51:02,634 [INFO] {'Data': 'test', 'ACC': '0.67 (33 / 49)', 'TP': 4, 'FP': 0, 'FN': 16, 'TN': 29, 'Precision': '1.0 (4 / 4 + 0)', 'Recall': '0.2 (4 / 4 + 16)', 'F1': '0.33 (2 * (0.2 * 1.0) / 0.2 + 1.0)', 'Specificity': '1.0 (29 / 29 + 0)', 'AUC': 0.6, 'r2': -0.35}
2023-05-28 10:51:02,638 [INFO] Save training_log data...
2023-05-28 10:51:02,642 [INFO] Save score_log data...
2023-05-28 10:51:02,643 [INFO] Time : 736.5438389778137
