2023-05-29 06:48:55,662 [INFO] Train data : Vary_params\DUD-E\KPCB\nG1_50\ECFP6_512bits\Robust\KPCB_train_vector.tsv
2023-05-29 06:48:55,662 [INFO] Valid data : Vary_params\DUD-E\KPCB\nG1_50\ECFP6_512bits\Robust\KPCB_valid_vector.tsv
2023-05-29 06:48:55,663 [INFO] Output path : Vary_params\DUD-E\KPCB\nG1_50\ECFP6_512bits\Robust\KPCB_model\XGB
2023-05-29 06:48:55,663 [INFO] Model type : XGB
2023-05-29 06:48:55,663 [INFO] Use cores : 11
2023-05-29 06:48:55,689 [INFO] Start Learning model
2023-05-29 06:48:55,689 [INFO] Train : 168 | Valid : 42
2023-05-29 06:48:55,690 [INFO] Set parameters : {'max_depth': [4, 6, 8], 'learning_rate': [0.01, 0.2], 'n_estimators': [200, 600, 1000], 'gamma': [0, 1000], 'min_child_weight': [1, 3], 'subsample': [0.5, 1], 'colsample_bytree': [0.5, 1], 'objective': ['binary:logitraw'], 'eval_metric': ['auc', 'error']}
2023-05-29 07:03:31,795 [INFO] GridSearchCV results :
     mean_valid_accuracy  mean_valid_precision  mean_valid_auc
0               0.952941                   1.0        0.941667
174             0.958824                   1.0        0.948810
161             0.970588                   1.0        0.964286
162             0.958824                   1.0        0.948810
163             0.952941                   1.0        0.941667
..                   ...                   ...             ...
379             0.601471                   0.0        0.500000
378             0.601471                   0.0        0.500000
377             0.601471                   0.0        0.500000
376             0.601471                   0.0        0.500000
575             0.601471                   0.0        0.500000

[576 rows x 3 columns]
2023-05-29 07:03:31,797 [INFO] Best model :
XGBClassifier(base_score=None, booster=None, callbacks=None,
              colsample_bylevel=None, colsample_bynode=None,
              colsample_bytree=0.5, early_stopping_rounds=None,
              enable_categorical=False, eval_metric='auc', feature_types=None,
              gamma=0, gpu_id=None, grow_policy=None, importance_type=None,
              interaction_constraints=None, learning_rate=0.01, max_bin=None,
              max_cat_threshold=None, max_cat_to_onehot=None,
              max_delta_step=None, max_depth=4, max_leaves=None,
              min_child_weight=1, missing=nan, monotone_constraints=None,
              n_estimators=200, n_jobs=0, num_parallel_tree=None,
              objective='binary:logitraw', predictor=None, ...)
2023-05-29 07:03:31,817 [INFO] Save train_prediction_log data...
2023-05-29 07:03:31,821 [INFO] {'Data': 'train', 'ACC': '0.98 (165 / 168)', 'TP': 64, 'FP': 0, 'FN': 3, 'TN': 101, 'Precision': '1.0 (64 / 64 + 0)', 'Recall': '0.96 (64 / 64 + 3)', 'F1': '0.98 (2 * (0.96 * 1.0) / 0.96 + 1.0)', 'Specificity': '1.0 (101 / 101 + 0)', 'AUC': 0.98, 'r2': 0.93}
2023-05-29 07:03:31,838 [INFO] Save valid_prediction_log data...
2023-05-29 07:03:31,842 [INFO] {'Data': 'valid', 'ACC': '0.98 (41 / 42)', 'TP': 17, 'FP': 1, 'FN': 0, 'TN': 24, 'Precision': '0.94 (17 / 17 + 1)', 'Recall': '1.0 (17 / 17 + 0)', 'F1': '0.97 (2 * (1.0 * 0.94) / 1.0 + 0.94)', 'Specificity': '0.96 (24 / 24 + 1)', 'AUC': 0.98, 'r2': 0.9}
2023-05-29 07:03:31,875 [INFO] Save test_prediction_log data...
2023-05-29 07:03:31,879 [INFO] {'Data': 'test', 'ACC': '0.71 (30 / 42)', 'TP': 6, 'FP': 1, 'FN': 11, 'TN': 24, 'Precision': '0.86 (6 / 6 + 1)', 'Recall': '0.35 (6 / 6 + 11)', 'F1': '0.5 (2 * (0.35 * 0.86) / 0.35 + 0.86)', 'Specificity': '0.96 (24 / 24 + 1)', 'AUC': 0.66, 'r2': -0.19}
2023-05-29 07:03:31,885 [INFO] Save training_log data...
2023-05-29 07:03:31,890 [INFO] Save score_log data...
2023-05-29 07:03:31,892 [INFO] Time : 876.2303192615509
