2023-05-29 00:22:46,148 [INFO] Train data : Vary_params_ABL_BRAF_FGFR1\DUD-E\ABL1\nG1_80\ECFP6_512bits\Standard\ABL1_train_vector.tsv
2023-05-29 00:22:46,149 [INFO] Valid data : Vary_params_ABL_BRAF_FGFR1\DUD-E\ABL1\nG1_80\ECFP6_512bits\Standard\ABL1_valid_vector.tsv
2023-05-29 00:22:46,149 [INFO] Output path : Vary_params_ABL_BRAF_FGFR1\DUD-E\ABL1\nG1_80\ECFP6_512bits\Standard\ABL1_model\SVM
2023-05-29 00:22:46,149 [INFO] Model type : SVM
2023-05-29 00:22:46,149 [INFO] Use cores : 19
2023-05-29 00:22:46,183 [INFO] Start Learning model
2023-05-29 00:22:46,183 [INFO] Train : 234 | Valid : 66
2023-05-29 00:22:46,183 [INFO] Set parameters : {'kernel': ['linear', 'rbf'], 'C': [0.01, 0.1, 1, 10, 100, 1000], 'gamma': [0.01, 0.1, 1, 100, 1000]}
2023-05-29 00:22:49,976 [INFO] GridSearchCV results :
    mean_valid_accuracy  mean_valid_precision  mean_valid_auc
0              0.974638                 0.975        0.968750
20             0.974638                 0.975        0.968750
24             0.974638                 0.975        0.968750
26             0.974638                 0.975        0.968750
28             0.974638                 0.975        0.968750
32             0.974638                 0.975        0.968750
34             0.974638                 0.975        0.968750
36             0.974638                 0.975        0.968750
38             0.974638                 0.975        0.968750
40             0.974638                 0.975        0.968750
42             0.974638                 0.975        0.968750
44             0.974638                 0.975        0.968750
46             0.974638                 0.975        0.968750
48             0.974638                 0.975        0.968750
50             0.974638                 0.975        0.968750
52             0.974638                 0.975        0.968750
54             0.974638                 0.975        0.968750
56             0.974638                 0.975        0.968750
58             0.974638                 0.975        0.968750
22             0.974638                 0.975        0.968750
30             0.974638                 0.975        0.968750
2              0.974638                 0.975        0.968750
18             0.974638                 0.975        0.968750
10             0.974638                 0.975        0.968750
8              0.974638                 0.975        0.968750
16             0.974638                 0.975        0.968750
4              0.974638                 0.975        0.968750
12             0.974638                 0.975        0.968750
14             0.974638                 0.975        0.968750
6              0.974638                 0.975        0.968750
41             0.692391                 0.400        0.526786
31             0.692391                 0.400        0.526786
51             0.692391                 0.400        0.526786
21             0.683877                 0.200        0.513393
7              0.675362                 0.000        0.500000
47             0.675362                 0.000        0.500000
5              0.675362                 0.000        0.500000
49             0.675362                 0.000        0.500000
9              0.675362                 0.000        0.500000
53             0.675362                 0.000        0.500000
55             0.675362                 0.000        0.500000
3              0.675362                 0.000        0.500000
57             0.675362                 0.000        0.500000
45             0.675362                 0.000        0.500000
11             0.675362                 0.000        0.500000
43             0.675362                 0.000        0.500000
19             0.675362                 0.000        0.500000
39             0.675362                 0.000        0.500000
37             0.675362                 0.000        0.500000
13             0.675362                 0.000        0.500000
35             0.675362                 0.000        0.500000
33             0.675362                 0.000        0.500000
15             0.675362                 0.000        0.500000
1              0.675362                 0.000        0.500000
29             0.675362                 0.000        0.500000
27             0.675362                 0.000        0.500000
17             0.675362                 0.000        0.500000
25             0.675362                 0.000        0.500000
23             0.675362                 0.000        0.500000
59             0.675362                 0.000        0.500000
2023-05-29 00:22:49,977 [INFO] Best model :
SVC(C=0.01, gamma=0.01, kernel='linear', random_state=42)
2023-05-29 00:22:49,983 [INFO] Save train_prediction_log data...
2023-05-29 00:22:49,986 [INFO] {'Data': 'train', 'ACC': '1.0 (234 / 234)', 'TP': 76, 'FP': 0, 'FN': 0, 'TN': 158, 'Precision': '1.0 (76 / 76 + 0)', 'Recall': '1.0 (76 / 76 + 0)', 'F1': '1.0 (2 * (1.0 * 1.0) / 1.0 + 1.0)', 'Specificity': '1.0 (158 / 158 + 0)', 'AUC': 1.0, 'r2': 1.0}
2023-05-29 00:22:49,992 [INFO] Save valid_prediction_log data...
2023-05-29 00:22:49,994 [INFO] {'Data': 'valid', 'ACC': '0.98 (65 / 66)', 'TP': 26, 'FP': 1, 'FN': 0, 'TN': 39, 'Precision': '0.96 (26 / 26 + 1)', 'Recall': '1.0 (26 / 26 + 0)', 'F1': '0.98 (2 * (1.0 * 0.96) / 1.0 + 0.96)', 'Specificity': '0.98 (39 / 39 + 1)', 'AUC': 0.99, 'r2': 0.94}
2023-05-29 00:22:50,013 [INFO] Save test_prediction_log data...
2023-05-29 00:22:50,015 [INFO] {'Data': 'test', 'ACC': '0.64 (42 / 66)', 'TP': 10, 'FP': 8, 'FN': 16, 'TN': 32, 'Precision': '0.56 (10 / 10 + 8)', 'Recall': '0.38 (10 / 10 + 16)', 'F1': '0.45 (2 * (0.38 * 0.56) / 0.38 + 0.56)', 'Specificity': '0.8 (32 / 32 + 8)', 'AUC': 0.59, 'r2': -0.52}
2023-05-29 00:22:50,017 [INFO] Save training_log data...
2023-05-29 00:22:50,018 [INFO] Save score_log data...
2023-05-29 00:22:50,019 [INFO] Time : 3.8711931705474854
