2023-05-28 10:24:19,960 [INFO] Train data : Vary_params\DUD-E\CSF1R\nG1_80\ECFP4_512bits\Standard\CSF1R_train_vector.tsv
2023-05-28 10:24:19,961 [INFO] Valid data : Vary_params\DUD-E\CSF1R\nG1_80\ECFP4_512bits\Standard\CSF1R_valid_vector.tsv
2023-05-28 10:24:19,961 [INFO] Output path : Vary_params\DUD-E\CSF1R\nG1_80\ECFP4_512bits\Standard\CSF1R_model\SVM
2023-05-28 10:24:19,961 [INFO] Model type : SVM
2023-05-28 10:24:19,961 [INFO] Use cores : 11
2023-05-28 10:24:19,997 [INFO] Start Learning model
2023-05-28 10:24:19,997 [INFO] Train : 156 | Valid : 47
2023-05-28 10:24:19,997 [INFO] Set parameters : {'kernel': ['linear', 'rbf'], 'C': [0.01, 0.1, 1, 10, 100, 1000], 'gamma': [0.01, 0.1, 1, 100, 1000]}
2023-05-28 10:24:23,702 [INFO] GridSearchCV results :
    mean_valid_accuracy  mean_valid_precision  mean_valid_auc
0              0.981250                   1.0           0.970
20             0.981250                   1.0           0.970
24             0.981250                   1.0           0.970
26             0.981250                   1.0           0.970
28             0.981250                   1.0           0.970
32             0.981250                   1.0           0.970
34             0.981250                   1.0           0.970
36             0.981250                   1.0           0.970
38             0.981250                   1.0           0.970
40             0.981250                   1.0           0.970
42             0.981250                   1.0           0.970
44             0.981250                   1.0           0.970
46             0.981250                   1.0           0.970
48             0.981250                   1.0           0.970
50             0.981250                   1.0           0.970
52             0.981250                   1.0           0.970
54             0.981250                   1.0           0.970
56             0.981250                   1.0           0.970
58             0.981250                   1.0           0.970
22             0.981250                   1.0           0.970
30             0.981250                   1.0           0.970
2              0.981250                   1.0           0.970
18             0.981250                   1.0           0.970
10             0.981250                   1.0           0.970
8              0.981250                   1.0           0.970
16             0.981250                   1.0           0.970
4              0.981250                   1.0           0.970
12             0.981250                   1.0           0.970
14             0.981250                   1.0           0.970
6              0.981250                   1.0           0.970
41             0.737917                   0.2           0.535
31             0.737917                   0.2           0.535
51             0.737917                   0.2           0.535
21             0.718333                   0.0           0.500
7              0.718333                   0.0           0.500
47             0.718333                   0.0           0.500
5              0.718333                   0.0           0.500
49             0.718333                   0.0           0.500
9              0.718333                   0.0           0.500
53             0.718333                   0.0           0.500
55             0.718333                   0.0           0.500
3              0.718333                   0.0           0.500
57             0.718333                   0.0           0.500
45             0.718333                   0.0           0.500
11             0.718333                   0.0           0.500
43             0.718333                   0.0           0.500
19             0.718333                   0.0           0.500
39             0.718333                   0.0           0.500
37             0.718333                   0.0           0.500
13             0.718333                   0.0           0.500
35             0.718333                   0.0           0.500
33             0.718333                   0.0           0.500
15             0.718333                   0.0           0.500
1              0.718333                   0.0           0.500
29             0.718333                   0.0           0.500
27             0.718333                   0.0           0.500
17             0.718333                   0.0           0.500
25             0.718333                   0.0           0.500
23             0.718333                   0.0           0.500
59             0.718333                   0.0           0.500
2023-05-28 10:24:23,704 [INFO] Best model :
SVC(C=0.01, gamma=0.01, kernel='linear', random_state=42)
2023-05-28 10:24:23,710 [INFO] Save train_prediction_log data...
2023-05-28 10:24:23,715 [INFO] {'Data': 'train', 'ACC': '1.0 (156 / 156)', 'TP': 44, 'FP': 0, 'FN': 0, 'TN': 112, 'Precision': '1.0 (44 / 44 + 0)', 'Recall': '1.0 (44 / 44 + 0)', 'F1': '1.0 (2 * (1.0 * 1.0) / 1.0 + 1.0)', 'Specificity': '1.0 (112 / 112 + 0)', 'AUC': 1.0, 'r2': 1.0}
2023-05-28 10:24:23,720 [INFO] Save valid_prediction_log data...
2023-05-28 10:24:23,723 [INFO] {'Data': 'valid', 'ACC': '1.0 (47 / 47)', 'TP': 19, 'FP': 0, 'FN': 0, 'TN': 28, 'Precision': '1.0 (19 / 19 + 0)', 'Recall': '1.0 (19 / 19 + 0)', 'F1': '1.0 (2 * (1.0 * 1.0) / 1.0 + 1.0)', 'Specificity': '1.0 (28 / 28 + 0)', 'AUC': 1.0, 'r2': 1.0}
2023-05-28 10:24:23,743 [INFO] Save test_prediction_log data...
2023-05-28 10:24:23,746 [INFO] {'Data': 'test', 'ACC': '0.77 (36 / 47)', 'TP': 13, 'FP': 5, 'FN': 6, 'TN': 23, 'Precision': '0.72 (13 / 13 + 5)', 'Recall': '0.68 (13 / 13 + 6)', 'F1': '0.7 (2 * (0.68 * 0.72) / 0.68 + 0.72)', 'Specificity': '0.82 (23 / 23 + 5)', 'AUC': 0.75, 'r2': 0.03}
2023-05-28 10:24:23,748 [INFO] Save training_log data...
2023-05-28 10:24:23,749 [INFO] Save score_log data...
2023-05-28 10:24:23,750 [INFO] Time : 3.7897732257843018
