2023-04-06 20:19:17,985 [INFO] Train data : D:\PARK\Lab\Database\ADis-QSAR_final\data\DUDE\CSF1R\ECFP4_256bits\preprocessing\CSF1R_train_vector.tsv
2023-04-06 20:19:17,985 [INFO] Test data : D:\PARK\Lab\Database\ADis-QSAR_final\data\DUDE\CSF1R\ECFP4_256bits\preprocessing\CSF1R_test_vector.tsv
2023-04-06 20:19:17,985 [INFO] Output path : D:\PARK\Lab\Database\ADis-QSAR_final\data\DUDE\CSF1R\ECFP4_256bits\CSF1R_model\RF
2023-04-06 20:19:17,986 [INFO] Model type : RF
2023-04-06 20:19:17,986 [INFO] Use cores : 10
2023-04-06 20:19:18,007 [INFO] Start Learning model
2023-04-06 20:19:18,007 [INFO] Train : 205 | Test : 51
2023-04-06 20:19:18,007 [INFO] Set parameters : {'max_depth': [6, 8, 10, 12], 'max_features': ['auto', 'sqrt', 'log2'], 'min_samples_leaf': [1, 2, 8], 'min_samples_split': [2, 4, 8], 'n_estimators': [200, 600, 1000]}
2023-04-06 20:21:58,072 [INFO] GridSearchCV results :
     mean_valid_accuracy  mean_valid_precision  mean_valid_auc
139             0.960476              1.000000        0.956111
304             0.950476              1.000000        0.945000
138             0.960476              1.000000        0.956111
219             0.960476              1.000000        0.956111
220             0.960476              1.000000        0.956111
..                   ...                   ...             ...
296             0.926429              0.957778        0.922576
209             0.926429              0.957778        0.922576
131             0.926429              0.957778        0.922576
24              0.926429              0.957778        0.922576
26              0.926429              0.957778        0.922576

[324 rows x 3 columns]
2023-04-06 20:21:58,073 [INFO] Best model :
RandomForestClassifier(class_weight='balanced', max_depth=8,
                       max_features='log2', n_estimators=200, random_state=42)
2023-04-06 20:21:58,087 [INFO] Save train_prediction_log data...
2023-04-06 20:21:58,091 [INFO] {'Data': 'train', 'ACC': '1.0 (205 / 205)', 'TP': 93, 'FP': 0, 'FN': 0, 'TN': 112, 'Precision': '1.0 (93 / 93 + 0)', 'Recall': '1.0 (93 / 93 + 0)', 'F1': '1.0 (2 * (1.0 * 1.0) / 1.0 + 1.0)', 'Specificity': '1.0 (112 / 112 + 0)', 'AUC': 1.0, 'r2': 1.0}
2023-04-06 20:21:58,102 [INFO] Save test_prediction_log data...
2023-04-06 20:21:58,104 [INFO] {'Data': 'test', 'ACC': '1.0 (51 / 51)', 'TP': 23, 'FP': 0, 'FN': 0, 'TN': 28, 'Precision': '1.0 (23 / 23 + 0)', 'Recall': '1.0 (23 / 23 + 0)', 'F1': '1.0 (2 * (1.0 * 1.0) / 1.0 + 1.0)', 'Specificity': '1.0 (28 / 28 + 0)', 'AUC': 1.0, 'r2': 1.0}
2023-04-06 20:21:58,125 [INFO] Save ext_prediction_log data...
2023-04-06 20:21:58,127 [INFO] {'Data': 'ext', 'ACC': '0.69 (35 / 51)', 'TP': 12, 'FP': 5, 'FN': 11, 'TN': 23, 'Precision': '0.71 (12 / 12 + 5)', 'Recall': '0.52 (12 / 12 + 11)', 'F1': '0.6 (2 * (0.52 * 0.71) / 0.52 + 0.71)', 'Specificity': '0.82 (23 / 23 + 5)', 'AUC': 0.67, 'r2': -0.27}
2023-04-06 20:21:58,168 [INFO] Save training_log data...
2023-04-06 20:21:58,171 [INFO] Save score_log data...
2023-04-06 20:21:58,172 [INFO] Time : 160.18690252304077
