2023-05-26 16:40:45,198 [INFO] Train data : Vary_params\DUD-E\MAPK2\nG1_50\ECFP6_512bits\MinMax\MAPK2_train_vector.tsv
2023-05-26 16:40:45,198 [INFO] Valid data : Vary_params\DUD-E\MAPK2\nG1_50\ECFP6_512bits\MinMax\MAPK2_valid_vector.tsv
2023-05-26 16:40:45,198 [INFO] Output path : Vary_params\DUD-E\MAPK2\nG1_50\ECFP6_512bits\MinMax\MAPK2_model\RF
2023-05-26 16:40:45,198 [INFO] Model type : RF
2023-05-26 16:40:45,198 [INFO] Use cores : 10
2023-05-26 16:40:45,226 [INFO] Start Learning model
2023-05-26 16:40:45,226 [INFO] Train : 102 | Valid : 25
2023-05-26 16:40:45,226 [INFO] Set parameters : {'max_depth': [6, 8, 10, 12], 'max_features': ['sqrt', 'log2'], 'min_samples_leaf': [2, 4, 8, 10], 'min_samples_split': [2, 4, 8, 10], 'n_estimators': [200, 600, 1000]}
2023-05-26 16:45:34,916 [INFO] GridSearchCV results :
     mean_valid_accuracy  mean_valid_precision  mean_valid_auc
0               0.950909                   1.0          0.9400
1               0.950909                   1.0          0.9400
262             0.940909                   1.0          0.9275
261             0.940909                   1.0          0.9275
260             0.930909                   1.0          0.9150
..                   ...                   ...             ...
125             0.930909                   1.0          0.9150
124             0.930909                   1.0          0.9150
123             0.950000                   1.0          0.9375
122             0.930909                   1.0          0.9150
383             0.920909                   1.0          0.9025

[384 rows x 3 columns]
2023-05-26 16:45:34,917 [INFO] Best model :
RandomForestClassifier(class_weight='balanced', max_depth=6, min_samples_leaf=2,
                       n_estimators=200, random_state=42)
2023-05-26 16:45:34,930 [INFO] Save train_prediction_log data...
2023-05-26 16:45:34,933 [INFO] {'Data': 'train', 'ACC': '1.0 (102 / 102)', 'TP': 41, 'FP': 0, 'FN': 0, 'TN': 61, 'Precision': '1.0 (41 / 41 + 0)', 'Recall': '1.0 (41 / 41 + 0)', 'F1': '1.0 (2 * (1.0 * 1.0) / 1.0 + 1.0)', 'Specificity': '1.0 (61 / 61 + 0)', 'AUC': 1.0, 'r2': 1.0}
2023-05-26 16:45:34,944 [INFO] Save valid_prediction_log data...
2023-05-26 16:45:34,946 [INFO] {'Data': 'valid', 'ACC': '1.0 (25 / 25)', 'TP': 10, 'FP': 0, 'FN': 0, 'TN': 15, 'Precision': '1.0 (10 / 10 + 0)', 'Recall': '1.0 (10 / 10 + 0)', 'F1': '1.0 (2 * (1.0 * 1.0) / 1.0 + 1.0)', 'Specificity': '1.0 (15 / 15 + 0)', 'AUC': 1.0, 'r2': 1.0}
2023-05-26 16:45:34,972 [INFO] Save test_prediction_log data...
2023-05-26 16:45:34,975 [INFO] {'Data': 'test', 'ACC': '0.76 (19 / 25)', 'TP': 5, 'FP': 1, 'FN': 5, 'TN': 14, 'Precision': '0.83 (5 / 5 + 1)', 'Recall': '0.5 (5 / 5 + 5)', 'F1': '0.62 (2 * (0.5 * 0.83) / 0.5 + 0.83)', 'Specificity': '0.93 (14 / 14 + 1)', 'AUC': 0.72, 'r2': 0.0}
2023-05-26 16:45:35,010 [INFO] Save training_log data...
2023-05-26 16:45:35,012 [INFO] Save score_log data...
2023-05-26 16:45:35,013 [INFO] Time : 289.81493306159973
