2023-05-30 21:10:03,505 [INFO] Train data : Vary_params_BRAF_MK14\DUD-E\MK14\nG1_80\ECFP4_512bits\Standard\MK14_train_vector.tsv
2023-05-30 21:10:03,506 [INFO] Valid data : Vary_params_BRAF_MK14\DUD-E\MK14\nG1_80\ECFP4_512bits\Standard\MK14_valid_vector.tsv
2023-05-30 21:10:03,506 [INFO] Output path : Vary_params_BRAF_MK14\DUD-E\MK14\nG1_80\ECFP4_512bits\Standard\MK14_model\SVM
2023-05-30 21:10:03,506 [INFO] Model type : SVM
2023-05-30 21:10:03,506 [INFO] Use cores : 10
2023-05-30 21:10:03,599 [INFO] Start Learning model
2023-05-30 21:10:03,599 [INFO] Train : 871 | Valid : 225
2023-05-30 21:10:03,599 [INFO] Set parameters : {'kernel': ['linear', 'rbf'], 'C': [0.01, 0.1, 1, 10, 100, 1000], 'gamma': [0.01, 0.1, 1, 100, 1000]}
2023-05-30 21:10:22,709 [INFO] GridSearchCV results :
    mean_valid_accuracy  mean_valid_precision  mean_valid_auc
41             0.683085              1.000000        0.581818
31             0.683085              1.000000        0.581818
51             0.683085              1.000000        0.581818
0              0.970180              0.947979        0.971229
26             0.970180              0.947979        0.971229
28             0.970180              0.947979        0.971229
32             0.970180              0.947979        0.971229
34             0.970180              0.947979        0.971229
36             0.970180              0.947979        0.971229
38             0.970180              0.947979        0.971229
40             0.970180              0.947979        0.971229
42             0.970180              0.947979        0.971229
22             0.970180              0.947979        0.971229
44             0.970180              0.947979        0.971229
46             0.970180              0.947979        0.971229
48             0.970180              0.947979        0.971229
50             0.970180              0.947979        0.971229
52             0.970180              0.947979        0.971229
54             0.970180              0.947979        0.971229
56             0.970180              0.947979        0.971229
58             0.970180              0.947979        0.971229
24             0.970180              0.947979        0.971229
30             0.970180              0.947979        0.971229
12             0.970180              0.947979        0.971229
2              0.970180              0.947979        0.971229
20             0.970180              0.947979        0.971229
4              0.970180              0.947979        0.971229
18             0.970180              0.947979        0.971229
8              0.970180              0.947979        0.971229
10             0.970180              0.947979        0.971229
16             0.970180              0.947979        0.971229
6              0.970180              0.947979        0.971229
14             0.970180              0.947979        0.971229
21             0.640609              0.800000        0.525758
49             0.621121              0.000000        0.500000
9              0.621121              0.000000        0.500000
47             0.621121              0.000000        0.500000
5              0.621121              0.000000        0.500000
7              0.621121              0.000000        0.500000
53             0.621121              0.000000        0.500000
55             0.621121              0.000000        0.500000
3              0.621121              0.000000        0.500000
57             0.621121              0.000000        0.500000
45             0.621121              0.000000        0.500000
23             0.621121              0.000000        0.500000
43             0.621121              0.000000        0.500000
11             0.621121              0.000000        0.500000
13             0.621121              0.000000        0.500000
39             0.621121              0.000000        0.500000
37             0.621121              0.000000        0.500000
15             0.621121              0.000000        0.500000
35             0.621121              0.000000        0.500000
33             0.621121              0.000000        0.500000
17             0.621121              0.000000        0.500000
1              0.621121              0.000000        0.500000
29             0.621121              0.000000        0.500000
19             0.621121              0.000000        0.500000
27             0.621121              0.000000        0.500000
25             0.621121              0.000000        0.500000
59             0.621121              0.000000        0.500000
2023-05-30 21:10:22,710 [INFO] Best model :
SVC(C=10, gamma=0.01, random_state=42)
2023-05-30 21:10:22,850 [INFO] Save train_prediction_log data...
2023-05-30 21:10:22,866 [INFO] {'Data': 'train', 'ACC': '1.0 (871 / 871)', 'TP': 330, 'FP': 0, 'FN': 0, 'TN': 541, 'Precision': '1.0 (330 / 330 + 0)', 'Recall': '1.0 (330 / 330 + 0)', 'F1': '1.0 (2 * (1.0 * 1.0) / 1.0 + 1.0)', 'Specificity': '1.0 (541 / 541 + 0)', 'AUC': 1.0, 'r2': 1.0}
2023-05-30 21:10:22,908 [INFO] Save valid_prediction_log data...
2023-05-30 21:10:22,910 [INFO] {'Data': 'valid', 'ACC': '0.79 (177 / 225)', 'TP': 42, 'FP': 0, 'FN': 48, 'TN': 135, 'Precision': '1.0 (42 / 42 + 0)', 'Recall': '0.47 (42 / 42 + 48)', 'F1': '0.64 (2 * (0.47 * 1.0) / 0.47 + 1.0)', 'Specificity': '1.0 (135 / 135 + 0)', 'AUC': 0.73, 'r2': 0.11}
2023-05-30 21:10:22,974 [INFO] Save test_prediction_log data...
2023-05-30 21:10:22,977 [INFO] {'Data': 'test', 'ACC': '0.64 (145 / 225)', 'TP': 11, 'FP': 1, 'FN': 79, 'TN': 134, 'Precision': '0.92 (11 / 11 + 1)', 'Recall': '0.12 (11 / 11 + 79)', 'F1': '0.21 (2 * (0.12 * 0.92) / 0.12 + 0.92)', 'Specificity': '0.99 (134 / 134 + 1)', 'AUC': 0.56, 'r2': -0.48}
2023-05-30 21:10:22,981 [INFO] Save training_log data...
2023-05-30 21:10:22,982 [INFO] Save score_log data...
2023-05-30 21:10:22,983 [INFO] Time : 19.477961778640747
