2023-05-27 10:04:47,121 [INFO] Train data : Vary_params_A\DUD-E\JAK2\nG1_50\ECFP4_512bits\MinMax\JAK2_train_vector.tsv
2023-05-27 10:04:47,121 [INFO] Valid data : Vary_params_A\DUD-E\JAK2\nG1_50\ECFP4_512bits\MinMax\JAK2_valid_vector.tsv
2023-05-27 10:04:47,121 [INFO] Output path : Vary_params_A\DUD-E\JAK2\nG1_50\ECFP4_512bits\MinMax\JAK2_model\XGB
2023-05-27 10:04:47,121 [INFO] Model type : XGB
2023-05-27 10:04:47,121 [INFO] Use cores : 3
2023-05-27 10:04:47,155 [INFO] Start Learning model
2023-05-27 10:04:47,155 [INFO] Train : 112 | Valid : 28
2023-05-27 10:04:47,157 [INFO] Set parameters : {'max_depth': [4, 6, 8], 'learning_rate': [0.01, 0.2], 'n_estimators': [200, 600, 1000], 'gamma': [0, 1000], 'min_child_weight': [1, 3], 'subsample': [0.5, 1], 'colsample_bytree': [0.5, 1], 'objective': ['binary:logitraw'], 'eval_metric': ['auc', 'error']}
2023-05-27 10:36:51,026 [INFO] GridSearchCV results :
     mean_valid_accuracy  mean_valid_precision  mean_valid_auc
441             0.964394                  0.98        0.962857
20              0.973485                  0.98        0.972857
436             0.973485                  0.98        0.972857
304             0.973485                  0.98        0.972857
176             0.973485                  0.98        0.972857
..                   ...                   ...             ...
98              0.598485                  0.00        0.500000
99              0.598485                  0.00        0.500000
100             0.598485                  0.00        0.500000
101             0.598485                  0.00        0.500000
575             0.598485                  0.00        0.500000

[576 rows x 3 columns]
2023-05-27 10:36:51,029 [INFO] Best model :
XGBClassifier(base_score=None, booster=None, callbacks=None,
              colsample_bylevel=None, colsample_bynode=None,
              colsample_bytree=0.5, early_stopping_rounds=None,
              enable_categorical=False, eval_metric='auc', feature_types=None,
              gamma=0, gpu_id=None, grow_policy=None, importance_type=None,
              interaction_constraints=None, learning_rate=0.01, max_bin=None,
              max_cat_threshold=None, max_cat_to_onehot=None,
              max_delta_step=None, max_depth=4, max_leaves=None,
              min_child_weight=3, missing=nan, monotone_constraints=None,
              n_estimators=600, n_jobs=0, num_parallel_tree=None,
              objective='binary:logitraw', predictor=None, ...)
2023-05-27 10:36:51,046 [INFO] Save train_prediction_log data...
2023-05-27 10:36:51,051 [INFO] {'Data': 'train', 'ACC': '0.98 (110 / 112)', 'TP': 43, 'FP': 0, 'FN': 2, 'TN': 67, 'Precision': '1.0 (43 / 43 + 0)', 'Recall': '0.96 (43 / 43 + 2)', 'F1': '0.98 (2 * (0.96 * 1.0) / 0.96 + 1.0)', 'Specificity': '1.0 (67 / 67 + 0)', 'AUC': 0.98, 'r2': 0.93}
2023-05-27 10:36:51,066 [INFO] Save valid_prediction_log data...
2023-05-27 10:36:51,070 [INFO] {'Data': 'valid', 'ACC': '1.0 (28 / 28)', 'TP': 11, 'FP': 0, 'FN': 0, 'TN': 17, 'Precision': '1.0 (11 / 11 + 0)', 'Recall': '1.0 (11 / 11 + 0)', 'F1': '1.0 (2 * (1.0 * 1.0) / 1.0 + 1.0)', 'Specificity': '1.0 (17 / 17 + 0)', 'AUC': 1.0, 'r2': 1.0}
2023-05-27 10:36:51,106 [INFO] Save test_prediction_log data...
2023-05-27 10:36:51,110 [INFO] {'Data': 'test', 'ACC': '0.43 (12 / 28)', 'TP': 2, 'FP': 7, 'FN': 9, 'TN': 10, 'Precision': '0.22 (2 / 2 + 7)', 'Recall': '0.18 (2 / 2 + 9)', 'F1': '0.2 (2 * (0.18 * 0.22) / 0.18 + 0.22)', 'Specificity': '0.59 (10 / 10 + 7)', 'AUC': 0.39, 'r2': -1.4}
2023-05-27 10:36:51,121 [INFO] Save training_log data...
2023-05-27 10:36:51,127 [INFO] Save score_log data...
2023-05-27 10:36:51,129 [INFO] Time : 1924.0077016353607
