2023-05-28 11:14:09,535 [INFO] Train data : Vary_params_CDK2_EGFR_LCK\DUD-E\EGFR\nG1_20\ECFP6_256bits\MinMax\EGFR_train_vector.tsv
2023-05-28 11:14:09,535 [INFO] Valid data : Vary_params_CDK2_EGFR_LCK\DUD-E\EGFR\nG1_20\ECFP6_256bits\MinMax\EGFR_valid_vector.tsv
2023-05-28 11:14:09,535 [INFO] Output path : Vary_params_CDK2_EGFR_LCK\DUD-E\EGFR\nG1_20\ECFP6_256bits\MinMax\EGFR_model\SVM
2023-05-28 11:14:09,535 [INFO] Model type : SVM
2023-05-28 11:14:09,535 [INFO] Use cores : 19
2023-05-28 11:14:09,558 [INFO] Start Learning model
2023-05-28 11:14:09,558 [INFO] Train : 900 | Valid : 218
2023-05-28 11:14:09,558 [INFO] Set parameters : {'kernel': ['linear', 'rbf'], 'C': [0.01, 0.1, 1, 10, 100, 1000], 'gamma': [0.01, 0.1, 1, 100, 1000]}
2023-05-28 11:14:14,431 [INFO] GridSearchCV results :
    mean_valid_accuracy  mean_valid_precision  mean_valid_auc
43             0.795556              1.000000        0.756615
23             0.770000              1.000000        0.726209
53             0.795556              1.000000        0.756615
11             0.913333              1.000000        0.896906
33             0.795556              1.000000        0.756615
21             0.946667              0.984848        0.938418
0              0.937778              0.979366        0.928601
2              0.937778              0.979366        0.928601
4              0.937778              0.979366        0.928601
6              0.937778              0.979366        0.928601
8              0.937778              0.979366        0.928601
51             0.963333              0.971241        0.960423
41             0.963333              0.971241        0.960423
31             0.963333              0.971241        0.960423
14             0.942222              0.932378        0.940774
18             0.942222              0.932378        0.940774
10             0.942222              0.932378        0.940774
16             0.942222              0.932378        0.940774
12             0.942222              0.932378        0.940774
50             0.941111              0.929717        0.939831
48             0.941111              0.929717        0.939831
46             0.941111              0.929717        0.939831
44             0.941111              0.929717        0.939831
52             0.941111              0.929717        0.939831
56             0.941111              0.929717        0.939831
42             0.941111              0.929717        0.939831
58             0.941111              0.929717        0.939831
40             0.941111              0.929717        0.939831
38             0.941111              0.929717        0.939831
36             0.941111              0.929717        0.939831
34             0.941111              0.929717        0.939831
54             0.941111              0.929717        0.939831
30             0.941111              0.929717        0.939831
32             0.941111              0.929717        0.939831
28             0.941111              0.929717        0.939831
22             0.941111              0.929717        0.939831
24             0.941111              0.929717        0.939831
26             0.941111              0.929717        0.939831
20             0.941111              0.929717        0.939831
39             0.580000              0.000000        0.500000
17             0.580000              0.000000        0.500000
3              0.580000              0.000000        0.500000
57             0.580000              0.000000        0.500000
5              0.580000              0.000000        0.500000
55             0.580000              0.000000        0.500000
7              0.580000              0.000000        0.500000
9              0.580000              0.000000        0.500000
13             0.580000              0.000000        0.500000
15             0.580000              0.000000        0.500000
49             0.580000              0.000000        0.500000
27             0.580000              0.000000        0.500000
19             0.580000              0.000000        0.500000
47             0.580000              0.000000        0.500000
1              0.580000              0.000000        0.500000
45             0.580000              0.000000        0.500000
35             0.580000              0.000000        0.500000
29             0.580000              0.000000        0.500000
25             0.580000              0.000000        0.500000
37             0.580000              0.000000        0.500000
59             0.580000              0.000000        0.500000
2023-05-28 11:14:14,432 [INFO] Best model :
SVC(C=0.1, gamma=0.01, random_state=42)
2023-05-28 11:14:14,490 [INFO] Save train_prediction_log data...
2023-05-28 11:14:14,493 [INFO] {'Data': 'train', 'ACC': '0.92 (831 / 900)', 'TP': 309, 'FP': 0, 'FN': 69, 'TN': 522, 'Precision': '1.0 (309 / 309 + 0)', 'Recall': '0.82 (309 / 309 + 69)', 'F1': '0.9 (2 * (0.82 * 1.0) / 0.82 + 1.0)', 'Specificity': '1.0 (522 / 522 + 0)', 'AUC': 0.91, 'r2': 0.69}
2023-05-28 11:14:14,509 [INFO] Save valid_prediction_log data...
2023-05-28 11:14:14,511 [INFO] {'Data': 'valid', 'ACC': '0.95 (208 / 218)', 'TP': 77, 'FP': 0, 'FN': 10, 'TN': 131, 'Precision': '1.0 (77 / 77 + 0)', 'Recall': '0.89 (77 / 77 + 10)', 'F1': '0.94 (2 * (0.89 * 1.0) / 0.89 + 1.0)', 'Specificity': '1.0 (131 / 131 + 0)', 'AUC': 0.94, 'r2': 0.81}
2023-05-28 11:14:14,533 [INFO] Save test_prediction_log data...
2023-05-28 11:14:14,535 [INFO] {'Data': 'test', 'ACC': '0.67 (147 / 218)', 'TP': 29, 'FP': 13, 'FN': 58, 'TN': 118, 'Precision': '0.69 (29 / 29 + 13)', 'Recall': '0.33 (29 / 29 + 58)', 'F1': '0.45 (2 * (0.33 * 0.69) / 0.33 + 0.69)', 'Specificity': '0.9 (118 / 118 + 13)', 'AUC': 0.62, 'r2': -0.36}
2023-05-28 11:14:14,537 [INFO] Save training_log data...
2023-05-28 11:14:14,538 [INFO] Save score_log data...
2023-05-28 11:14:14,539 [INFO] Time : 5.0043041706085205
