2023-05-27 07:11:20,737 [INFO] Train data : Vary_params_A\DUD-E\JAK2\nG1_50\ECFP4_256bits\MinMax\JAK2_train_vector.tsv
2023-05-27 07:11:20,737 [INFO] Valid data : Vary_params_A\DUD-E\JAK2\nG1_50\ECFP4_256bits\MinMax\JAK2_valid_vector.tsv
2023-05-27 07:11:20,738 [INFO] Output path : Vary_params_A\DUD-E\JAK2\nG1_50\ECFP4_256bits\MinMax\JAK2_model\RF
2023-05-27 07:11:20,738 [INFO] Model type : RF
2023-05-27 07:11:20,738 [INFO] Use cores : 3
2023-05-27 07:11:20,769 [INFO] Start Learning model
2023-05-27 07:11:20,769 [INFO] Train : 112 | Valid : 28
2023-05-27 07:11:20,769 [INFO] Set parameters : {'max_depth': [6, 8, 10, 12], 'max_features': ['sqrt', 'log2'], 'min_samples_leaf': [2, 4, 8, 10], 'min_samples_split': [2, 4, 8, 10], 'n_estimators': [200, 600, 1000]}
2023-05-27 07:28:08,380 [INFO] GridSearchCV results :
     mean_valid_accuracy  mean_valid_precision  mean_valid_auc
0               0.991667              1.000000        0.990000
196             0.983333              1.000000        0.980000
99              0.991667              1.000000        0.990000
100             0.983333              1.000000        0.980000
146             0.991667              1.000000        0.990000
..                   ...                   ...             ...
41              0.974242              0.966667        0.974524
134             0.974242              0.966667        0.974524
44              0.974242              0.966667        0.974524
140             0.974242              0.966667        0.974524
332             0.974242              0.966667        0.974524

[384 rows x 3 columns]
2023-05-27 07:28:08,382 [INFO] Best model :
RandomForestClassifier(class_weight='balanced', max_depth=6, min_samples_leaf=2,
                       n_estimators=200, random_state=42)
2023-05-27 07:28:08,405 [INFO] Save train_prediction_log data...
2023-05-27 07:28:08,410 [INFO] {'Data': 'train', 'ACC': '1.0 (112 / 112)', 'TP': 45, 'FP': 0, 'FN': 0, 'TN': 67, 'Precision': '1.0 (45 / 45 + 0)', 'Recall': '1.0 (45 / 45 + 0)', 'F1': '1.0 (2 * (1.0 * 1.0) / 1.0 + 1.0)', 'Specificity': '1.0 (67 / 67 + 0)', 'AUC': 1.0, 'r2': 1.0}
2023-05-27 07:28:08,430 [INFO] Save valid_prediction_log data...
2023-05-27 07:28:08,433 [INFO] {'Data': 'valid', 'ACC': '1.0 (28 / 28)', 'TP': 11, 'FP': 0, 'FN': 0, 'TN': 17, 'Precision': '1.0 (11 / 11 + 0)', 'Recall': '1.0 (11 / 11 + 0)', 'F1': '1.0 (2 * (1.0 * 1.0) / 1.0 + 1.0)', 'Specificity': '1.0 (17 / 17 + 0)', 'AUC': 1.0, 'r2': 1.0}
2023-05-27 07:28:08,466 [INFO] Save test_prediction_log data...
2023-05-27 07:28:08,470 [INFO] {'Data': 'test', 'ACC': '0.61 (17 / 28)', 'TP': 4, 'FP': 4, 'FN': 7, 'TN': 13, 'Precision': '0.5 (4 / 4 + 4)', 'Recall': '0.36 (4 / 4 + 7)', 'F1': '0.42 (2 * (0.36 * 0.5) / 0.36 + 0.5)', 'Specificity': '0.76 (13 / 13 + 4)', 'AUC': 0.56, 'r2': -0.65}
2023-05-27 07:28:08,532 [INFO] Save training_log data...
2023-05-27 07:28:08,537 [INFO] Save score_log data...
2023-05-27 07:28:08,538 [INFO] Time : 1007.8010590076447
