2023-05-26 20:24:23,672 [INFO] Train data : Vary_params\DUD-E\MET\nG1_20\ECFP4_256bits\MinMax\MET_train_vector.tsv
2023-05-26 20:24:23,672 [INFO] Valid data : Vary_params\DUD-E\MET\nG1_20\ECFP4_256bits\MinMax\MET_valid_vector.tsv
2023-05-26 20:24:23,672 [INFO] Output path : Vary_params\DUD-E\MET\nG1_20\ECFP4_256bits\MinMax\MET_model\SVM
2023-05-26 20:24:23,672 [INFO] Model type : SVM
2023-05-26 20:24:23,672 [INFO] Use cores : 10
2023-05-26 20:24:23,686 [INFO] Start Learning model
2023-05-26 20:24:23,686 [INFO] Train : 226 | Valid : 49
2023-05-26 20:24:23,687 [INFO] Set parameters : {'kernel': ['linear', 'rbf'], 'C': [0.01, 0.1, 1, 10, 100, 1000], 'gamma': [0.01, 0.1, 1, 100, 1000]}
2023-05-26 20:24:26,326 [INFO] GridSearchCV results :
    mean_valid_accuracy  mean_valid_precision  mean_valid_auc
53             0.917194              1.000000        0.913636
23             0.917194              1.000000        0.913636
11             0.820158              1.000000        0.812273
43             0.917194              1.000000        0.913636
33             0.917194              1.000000        0.913636
21             0.943281              0.983333        0.941288
4              0.930237              0.973333        0.928030
6              0.930237              0.973333        0.928030
8              0.930237              0.973333        0.928030
2              0.930237              0.973333        0.928030
0              0.930237              0.973333        0.928030
41             0.960672              0.966667        0.960227
51             0.960672              0.966667        0.960227
31             0.960672              0.966667        0.960227
34             0.942885              0.928934        0.943182
36             0.942885              0.928934        0.943182
38             0.942885              0.928934        0.943182
40             0.942885              0.928934        0.943182
48             0.942885              0.928934        0.943182
42             0.942885              0.928934        0.943182
44             0.942885              0.928934        0.943182
46             0.942885              0.928934        0.943182
50             0.942885              0.928934        0.943182
52             0.942885              0.928934        0.943182
54             0.942885              0.928934        0.943182
56             0.942885              0.928934        0.943182
58             0.942885              0.928934        0.943182
32             0.942885              0.928934        0.943182
30             0.942885              0.928934        0.943182
16             0.942885              0.928934        0.943182
24             0.942885              0.928934        0.943182
12             0.942885              0.928934        0.943182
10             0.942885              0.928934        0.943182
18             0.942885              0.928934        0.943182
20             0.942885              0.928934        0.943182
14             0.942885              0.928934        0.943182
22             0.942885              0.928934        0.943182
26             0.942885              0.928934        0.943182
28             0.942885              0.928934        0.943182
55             0.522134              0.000000        0.500000
5              0.522134              0.000000        0.500000
7              0.522134              0.000000        0.500000
57             0.522134              0.000000        0.500000
9              0.522134              0.000000        0.500000
3              0.522134              0.000000        0.500000
13             0.522134              0.000000        0.500000
49             0.522134              0.000000        0.500000
29             0.522134              0.000000        0.500000
47             0.522134              0.000000        0.500000
15             0.522134              0.000000        0.500000
45             0.522134              0.000000        0.500000
1              0.522134              0.000000        0.500000
17             0.522134              0.000000        0.500000
19             0.522134              0.000000        0.500000
39             0.522134              0.000000        0.500000
37             0.522134              0.000000        0.500000
35             0.522134              0.000000        0.500000
25             0.522134              0.000000        0.500000
27             0.522134              0.000000        0.500000
59             0.522134              0.000000        0.500000
2023-05-26 20:24:26,329 [INFO] Best model :
SVC(C=0.1, gamma=0.01, random_state=42)
2023-05-26 20:24:26,338 [INFO] Save train_prediction_log data...
2023-05-26 20:24:26,341 [INFO] {'Data': 'train', 'ACC': '0.83 (187 / 226)', 'TP': 69, 'FP': 0, 'FN': 39, 'TN': 118, 'Precision': '1.0 (69 / 69 + 0)', 'Recall': '0.64 (69 / 69 + 39)', 'F1': '0.78 (2 * (0.64 * 1.0) / 0.64 + 1.0)', 'Specificity': '1.0 (118 / 118 + 0)', 'AUC': 0.82, 'r2': 0.31}
2023-05-26 20:24:26,346 [INFO] Save valid_prediction_log data...
2023-05-26 20:24:26,348 [INFO] {'Data': 'valid', 'ACC': '0.98 (48 / 49)', 'TP': 19, 'FP': 0, 'FN': 1, 'TN': 29, 'Precision': '1.0 (19 / 19 + 0)', 'Recall': '0.95 (19 / 19 + 1)', 'F1': '0.97 (2 * (0.95 * 1.0) / 0.95 + 1.0)', 'Specificity': '1.0 (29 / 29 + 0)', 'AUC': 0.98, 'r2': 0.92}
2023-05-26 20:24:26,357 [INFO] Save test_prediction_log data...
2023-05-26 20:24:26,360 [INFO] {'Data': 'test', 'ACC': '0.59 (29 / 49)', 'TP': 1, 'FP': 1, 'FN': 19, 'TN': 28, 'Precision': '0.5 (1 / 1 + 1)', 'Recall': '0.05 (1 / 1 + 19)', 'F1': '0.09 (2 * (0.05 * 0.5) / 0.05 + 0.5)', 'Specificity': '0.97 (28 / 28 + 1)', 'AUC': 0.51, 'r2': -0.69}
2023-05-26 20:24:26,362 [INFO] Save training_log data...
2023-05-26 20:24:26,363 [INFO] Save score_log data...
2023-05-26 20:24:26,364 [INFO] Time : 2.692002058029175
