2023-05-30 05:41:03,176 [INFO] Train data : Baseline_noscale\DUD-E\MP2K1\ECFP6_512bits\MP2K1_raw_train.tsv
2023-05-30 05:41:03,177 [INFO] Valid data : Baseline_noscale\DUD-E\MP2K1\ECFP6_512bits\MP2K1_raw_valid.tsv
2023-05-30 05:41:03,177 [INFO] Output path : Baseline_noscale\DUD-E\MP2K1\ECFP6_512bits\MP2K1_model\XGB
2023-05-30 05:41:03,177 [INFO] Model type : XGB
2023-05-30 05:41:03,177 [INFO] Use cores : 12
2023-05-30 05:41:03,191 [INFO] Start Learning model
2023-05-30 05:41:03,192 [INFO] Train : 142 | Valid : 35
2023-05-30 05:41:03,192 [INFO] Set parameters : {'max_depth': [4, 6, 8], 'learning_rate': [0.01, 0.2], 'n_estimators': [200, 600, 1000], 'gamma': [0, 1000], 'min_child_weight': [1, 3], 'subsample': [0.5, 1], 'colsample_bytree': [0.5, 1], 'objective': ['binary:logitraw'], 'eval_metric': ['auc', 'error']}
2023-05-30 05:47:47,261 [INFO] GridSearchCV results :
     mean_valid_accuracy  mean_valid_precision  mean_valid_auc
0               0.980000                   1.0        0.975000
303             0.980000                   1.0        0.975000
174             0.959048                   1.0        0.950000
175             0.973333                   1.0        0.966667
1               0.980000                   1.0        0.975000
..                   ...                   ...             ...
97              0.598571                   0.0        0.500000
98              0.598571                   0.0        0.500000
99              0.598571                   0.0        0.500000
100             0.598571                   0.0        0.500000
575             0.598571                   0.0        0.500000

[576 rows x 3 columns]
2023-05-30 05:47:47,262 [INFO] Best model :
XGBClassifier(base_score=None, booster=None, callbacks=None,
              colsample_bylevel=None, colsample_bynode=None,
              colsample_bytree=0.5, early_stopping_rounds=None,
              enable_categorical=False, eval_metric='auc', feature_types=None,
              gamma=0, gpu_id=None, grow_policy=None, importance_type=None,
              interaction_constraints=None, learning_rate=0.01, max_bin=None,
              max_cat_threshold=None, max_cat_to_onehot=None,
              max_delta_step=None, max_depth=4, max_leaves=None,
              min_child_weight=1, missing=nan, monotone_constraints=None,
              n_estimators=200, n_jobs=0, num_parallel_tree=None,
              objective='binary:logitraw', predictor=None, ...)
2023-05-30 05:47:47,275 [INFO] Save train_prediction_log data...
2023-05-30 05:47:47,279 [INFO] {'Data': 'train', 'ACC': '0.98 (139 / 142)', 'TP': 54, 'FP': 0, 'FN': 3, 'TN': 85, 'Precision': '1.0 (54 / 54 + 0)', 'Recall': '0.95 (54 / 54 + 3)', 'F1': '0.97 (2 * (0.95 * 1.0) / 0.95 + 1.0)', 'Specificity': '1.0 (85 / 85 + 0)', 'AUC': 0.97, 'r2': 0.91}
2023-05-30 05:47:47,290 [INFO] Save valid_prediction_log data...
2023-05-30 05:47:47,293 [INFO] {'Data': 'valid', 'ACC': '1.0 (35 / 35)', 'TP': 14, 'FP': 0, 'FN': 0, 'TN': 21, 'Precision': '1.0 (14 / 14 + 0)', 'Recall': '1.0 (14 / 14 + 0)', 'F1': '1.0 (2 * (1.0 * 1.0) / 1.0 + 1.0)', 'Specificity': '1.0 (21 / 21 + 0)', 'AUC': 1.0, 'r2': 1.0}
2023-05-30 05:47:47,313 [INFO] Save test_prediction_log data...
2023-05-30 05:47:47,315 [INFO] {'Data': 'test', 'ACC': '0.66 (23 / 35)', 'TP': 2, 'FP': 0, 'FN': 12, 'TN': 21, 'Precision': '1.0 (2 / 2 + 0)', 'Recall': '0.14 (2 / 2 + 12)', 'F1': '0.25 (2 * (0.14 * 1.0) / 0.14 + 1.0)', 'Specificity': '1.0 (21 / 21 + 0)', 'AUC': 0.57, 'r2': -0.43}
2023-05-30 05:47:47,320 [INFO] Save training_log data...
2023-05-30 05:47:47,652 [INFO] Save score_log data...
2023-05-30 05:47:47,653 [INFO] Time : 404.47756695747375
