2023-05-29 05:25:23,526 [INFO] Train data : Vary_params\DUD-E\KPCB\nG1_50\ECFP4_512bits\Standard\KPCB_train_vector.tsv
2023-05-29 05:25:23,527 [INFO] Valid data : Vary_params\DUD-E\KPCB\nG1_50\ECFP4_512bits\Standard\KPCB_valid_vector.tsv
2023-05-29 05:25:23,527 [INFO] Output path : Vary_params\DUD-E\KPCB\nG1_50\ECFP4_512bits\Standard\KPCB_model\SVM
2023-05-29 05:25:23,527 [INFO] Model type : SVM
2023-05-29 05:25:23,527 [INFO] Use cores : 11
2023-05-29 05:25:23,565 [INFO] Start Learning model
2023-05-29 05:25:23,565 [INFO] Train : 168 | Valid : 42
2023-05-29 05:25:23,565 [INFO] Set parameters : {'kernel': ['linear', 'rbf'], 'C': [0.01, 0.1, 1, 10, 100, 1000], 'gamma': [0.01, 0.1, 1, 100, 1000]}
2023-05-29 05:25:27,398 [INFO] GridSearchCV results :
    mean_valid_accuracy  mean_valid_precision  mean_valid_auc
0              0.988235                   1.0        0.985714
22             0.988235                   1.0        0.985714
26             0.988235                   1.0        0.985714
28             0.988235                   1.0        0.985714
31             0.756250                   1.0        0.697619
32             0.988235                   1.0        0.985714
34             0.988235                   1.0        0.985714
36             0.988235                   1.0        0.985714
38             0.988235                   1.0        0.985714
40             0.988235                   1.0        0.985714
41             0.756250                   1.0        0.697619
42             0.988235                   1.0        0.985714
44             0.988235                   1.0        0.985714
46             0.988235                   1.0        0.985714
48             0.988235                   1.0        0.985714
50             0.988235                   1.0        0.985714
51             0.756250                   1.0        0.697619
52             0.988235                   1.0        0.985714
54             0.988235                   1.0        0.985714
56             0.988235                   1.0        0.985714
58             0.988235                   1.0        0.985714
24             0.988235                   1.0        0.985714
30             0.988235                   1.0        0.985714
12             0.988235                   1.0        0.985714
2              0.988235                   1.0        0.985714
20             0.988235                   1.0        0.985714
4              0.988235                   1.0        0.985714
18             0.988235                   1.0        0.985714
8              0.988235                   1.0        0.985714
10             0.988235                   1.0        0.985714
16             0.988235                   1.0        0.985714
6              0.988235                   1.0        0.985714
14             0.988235                   1.0        0.985714
21             0.715074                   0.9        0.645238
49             0.601471                   0.0        0.500000
9              0.601471                   0.0        0.500000
47             0.601471                   0.0        0.500000
5              0.601471                   0.0        0.500000
7              0.601471                   0.0        0.500000
53             0.601471                   0.0        0.500000
55             0.601471                   0.0        0.500000
3              0.601471                   0.0        0.500000
57             0.601471                   0.0        0.500000
45             0.601471                   0.0        0.500000
23             0.601471                   0.0        0.500000
43             0.601471                   0.0        0.500000
11             0.601471                   0.0        0.500000
13             0.601471                   0.0        0.500000
39             0.601471                   0.0        0.500000
37             0.601471                   0.0        0.500000
15             0.601471                   0.0        0.500000
35             0.601471                   0.0        0.500000
33             0.601471                   0.0        0.500000
17             0.601471                   0.0        0.500000
1              0.601471                   0.0        0.500000
29             0.601471                   0.0        0.500000
19             0.601471                   0.0        0.500000
27             0.601471                   0.0        0.500000
25             0.601471                   0.0        0.500000
59             0.601471                   0.0        0.500000
2023-05-29 05:25:27,409 [INFO] Best model :
SVC(C=0.01, gamma=0.01, kernel='linear', random_state=42)
2023-05-29 05:25:27,423 [INFO] Save train_prediction_log data...
2023-05-29 05:25:27,430 [INFO] {'Data': 'train', 'ACC': '1.0 (168 / 168)', 'TP': 67, 'FP': 0, 'FN': 0, 'TN': 101, 'Precision': '1.0 (67 / 67 + 0)', 'Recall': '1.0 (67 / 67 + 0)', 'F1': '1.0 (2 * (1.0 * 1.0) / 1.0 + 1.0)', 'Specificity': '1.0 (101 / 101 + 0)', 'AUC': 1.0, 'r2': 1.0}
2023-05-29 05:25:27,442 [INFO] Save valid_prediction_log data...
2023-05-29 05:25:27,446 [INFO] {'Data': 'valid', 'ACC': '1.0 (42 / 42)', 'TP': 17, 'FP': 0, 'FN': 0, 'TN': 25, 'Precision': '1.0 (17 / 17 + 0)', 'Recall': '1.0 (17 / 17 + 0)', 'F1': '1.0 (2 * (1.0 * 1.0) / 1.0 + 1.0)', 'Specificity': '1.0 (25 / 25 + 0)', 'AUC': 1.0, 'r2': 1.0}
2023-05-29 05:25:27,472 [INFO] Save test_prediction_log data...
2023-05-29 05:25:27,475 [INFO] {'Data': 'test', 'ACC': '0.76 (32 / 42)', 'TP': 9, 'FP': 2, 'FN': 8, 'TN': 23, 'Precision': '0.82 (9 / 9 + 2)', 'Recall': '0.53 (9 / 9 + 8)', 'F1': '0.64 (2 * (0.53 * 0.82) / 0.53 + 0.82)', 'Specificity': '0.92 (23 / 23 + 2)', 'AUC': 0.72, 'r2': 0.01}
2023-05-29 05:25:27,478 [INFO] Save training_log data...
2023-05-29 05:25:27,479 [INFO] Save score_log data...
2023-05-29 05:25:27,481 [INFO] Time : 3.9548566341400146
