2023-05-27 10:37:04,059 [INFO] Train data : Vary_params_A\DUD-E\JAK2\nG1_50\ECFP4_512bits\MinMax\JAK2_train_vector.tsv
2023-05-27 10:37:04,059 [INFO] Valid data : Vary_params_A\DUD-E\JAK2\nG1_50\ECFP4_512bits\MinMax\JAK2_valid_vector.tsv
2023-05-27 10:37:04,059 [INFO] Output path : Vary_params_A\DUD-E\JAK2\nG1_50\ECFP4_512bits\MinMax\JAK2_model\MLP
2023-05-27 10:37:04,059 [INFO] Model type : MLP
2023-05-27 10:37:04,059 [INFO] Use cores : 3
2023-05-27 10:37:04,094 [INFO] Start Learning model
2023-05-27 10:37:04,094 [INFO] Train : 112 | Valid : 28
2023-05-27 10:37:04,094 [INFO] Set parameters : {'hidden_layer_sizes': [(50,), (100,), (50, 50), (100, 100)], 'learning_rate': ['constant', 'invscaling', 'adaptive'], 'activation': ['relu', 'identity', 'logistic', 'tanh'], 'solver': ['adam', 'sgd', 'lbfgs'], 'alpha': [0.1, 0.01, 0.001], 'max_iter': [500, 1000], 'early_stopping': [True]}
2023-05-27 10:44:48,372 [INFO] GridSearchCV results :
     mean_valid_accuracy  mean_valid_precision  mean_valid_auc
600             0.956061                   1.0          0.9500
594             0.956061                   1.0          0.9500
459             0.938636                   1.0          0.9275
462             0.938636                   1.0          0.9275
456             0.938636                   1.0          0.9275
..                   ...                   ...             ...
486             0.598485                   0.0          0.5000
484             0.598485                   0.0          0.5000
483             0.598485                   0.0          0.5000
481             0.598485                   0.0          0.5000
187             0.598485                   0.0          0.5000

[864 rows x 3 columns]
2023-05-27 10:44:48,374 [INFO] Best model :
MLPClassifier(activation='logistic', alpha=0.1, early_stopping=True,
              max_iter=500, random_state=42)
2023-05-27 10:44:48,382 [INFO] Save train_prediction_log data...
2023-05-27 10:44:48,387 [INFO] {'Data': 'train', 'ACC': '0.98 (110 / 112)', 'TP': 43, 'FP': 0, 'FN': 2, 'TN': 67, 'Precision': '1.0 (43 / 43 + 0)', 'Recall': '0.96 (43 / 43 + 2)', 'F1': '0.98 (2 * (0.96 * 1.0) / 0.96 + 1.0)', 'Specificity': '1.0 (67 / 67 + 0)', 'AUC': 0.98, 'r2': 0.93}
2023-05-27 10:44:48,394 [INFO] Save valid_prediction_log data...
2023-05-27 10:44:48,397 [INFO] {'Data': 'valid', 'ACC': '0.96 (27 / 28)', 'TP': 10, 'FP': 0, 'FN': 1, 'TN': 17, 'Precision': '1.0 (10 / 10 + 0)', 'Recall': '0.91 (10 / 10 + 1)', 'F1': '0.95 (2 * (0.91 * 1.0) / 0.91 + 1.0)', 'Specificity': '1.0 (17 / 17 + 0)', 'AUC': 0.95, 'r2': 0.85}
2023-05-27 10:44:48,420 [INFO] Save test_prediction_log data...
2023-05-27 10:44:48,424 [INFO] {'Data': 'test', 'ACC': '0.57 (16 / 28)', 'TP': 0, 'FP': 1, 'FN': 11, 'TN': 16, 'Precision': '0 (0 / 0 + 1)', 'Recall': '0 (0 / 0 + 11)', 'F1': '0 (2 * (0 * 0) / 0 + 0)', 'Specificity': '0.94 (16 / 16 + 1)', 'AUC': 0.47, 'r2': -0.8}
2023-05-27 10:44:48,430 [INFO] Save training_log data...
2023-05-27 10:44:48,438 [INFO] Save score_log data...
2023-05-27 10:44:48,440 [INFO] Time : 464.3816866874695
