2023-05-28 00:03:17,702 [INFO] Train data : Vary_params\DUD-E\CSF1R\nG1_20\ECFP4_256bits\Standard\CSF1R_train_vector.tsv
2023-05-28 00:03:17,702 [INFO] Valid data : Vary_params\DUD-E\CSF1R\nG1_20\ECFP4_256bits\Standard\CSF1R_valid_vector.tsv
2023-05-28 00:03:17,702 [INFO] Output path : Vary_params\DUD-E\CSF1R\nG1_20\ECFP4_256bits\Standard\CSF1R_model\MLP
2023-05-28 00:03:17,702 [INFO] Model type : MLP
2023-05-28 00:03:17,702 [INFO] Use cores : 11
2023-05-28 00:03:17,725 [INFO] Start Learning model
2023-05-28 00:03:17,725 [INFO] Train : 216 | Valid : 47
2023-05-28 00:03:17,725 [INFO] Set parameters : {'hidden_layer_sizes': [(50,), (100,), (50, 50), (100, 100)], 'learning_rate': ['constant', 'invscaling', 'adaptive'], 'activation': ['relu', 'identity', 'logistic', 'tanh'], 'solver': ['adam', 'sgd', 'lbfgs'], 'alpha': [0.1, 0.01, 0.001], 'max_iter': [500, 1000], 'early_stopping': [True]}
2023-05-28 00:05:30,640 [INFO] GridSearchCV results :
     mean_valid_accuracy  mean_valid_precision  mean_valid_auc
540             0.871429                   1.0        0.868182
552             0.871429                   1.0        0.868182
558             0.893939                   1.0        0.891364
561             0.893939                   1.0        0.891364
549             0.871429                   1.0        0.868182
..                   ...                   ...             ...
607             0.523377                   0.1        0.505000
604             0.523377                   0.1        0.505000
451             0.523377                   0.1        0.505000
457             0.523377                   0.1        0.505000
610             0.523377                   0.1        0.505000

[864 rows x 3 columns]
2023-05-28 00:05:30,642 [INFO] Best model :
MLPClassifier(activation='logistic', alpha=0.1, early_stopping=True,
              hidden_layer_sizes=(50, 50), max_iter=500, random_state=42)
2023-05-28 00:05:30,649 [INFO] Save train_prediction_log data...
2023-05-28 00:05:30,653 [INFO] {'Data': 'train', 'ACC': '0.88 (189 / 216)', 'TP': 77, 'FP': 0, 'FN': 27, 'TN': 112, 'Precision': '1.0 (77 / 77 + 0)', 'Recall': '0.74 (77 / 77 + 27)', 'F1': '0.85 (2 * (0.74 * 1.0) / 0.74 + 1.0)', 'Specificity': '1.0 (112 / 112 + 0)', 'AUC': 0.87, 'r2': 0.5}
2023-05-28 00:05:30,659 [INFO] Save valid_prediction_log data...
2023-05-28 00:05:30,663 [INFO] {'Data': 'valid', 'ACC': '1.0 (47 / 47)', 'TP': 19, 'FP': 0, 'FN': 0, 'TN': 28, 'Precision': '1.0 (19 / 19 + 0)', 'Recall': '1.0 (19 / 19 + 0)', 'F1': '1.0 (2 * (1.0 * 1.0) / 1.0 + 1.0)', 'Specificity': '1.0 (28 / 28 + 0)', 'AUC': 1.0, 'r2': 1.0}
2023-05-28 00:05:30,677 [INFO] Save test_prediction_log data...
2023-05-28 00:05:30,688 [INFO] {'Data': 'test', 'ACC': '0.68 (32 / 47)', 'TP': 5, 'FP': 1, 'FN': 14, 'TN': 27, 'Precision': '0.83 (5 / 5 + 1)', 'Recall': '0.26 (5 / 5 + 14)', 'F1': '0.4 (2 * (0.26 * 0.83) / 0.26 + 0.83)', 'Specificity': '0.96 (27 / 27 + 1)', 'AUC': 0.61, 'r2': -0.33}
2023-05-28 00:05:30,691 [INFO] Save training_log data...
2023-05-28 00:05:30,698 [INFO] Save score_log data...
2023-05-28 00:05:30,699 [INFO] Time : 132.9967396259308
