2023-05-28 05:06:20,295 [INFO] Train data : Vary_params\DUD-E\CSF1R\nG1_50\ECFP4_256bits\MinMax\CSF1R_train_vector.tsv
2023-05-28 05:06:20,295 [INFO] Valid data : Vary_params\DUD-E\CSF1R\nG1_50\ECFP4_256bits\MinMax\CSF1R_valid_vector.tsv
2023-05-28 05:06:20,295 [INFO] Output path : Vary_params\DUD-E\CSF1R\nG1_50\ECFP4_256bits\MinMax\CSF1R_model\SVM
2023-05-28 05:06:20,295 [INFO] Model type : SVM
2023-05-28 05:06:20,295 [INFO] Use cores : 11
2023-05-28 05:06:20,311 [INFO] Start Learning model
2023-05-28 05:06:20,311 [INFO] Train : 186 | Valid : 47
2023-05-28 05:06:20,311 [INFO] Set parameters : {'kernel': ['linear', 'rbf'], 'C': [0.01, 0.1, 1, 10, 100, 1000], 'gamma': [0.01, 0.1, 1, 100, 1000]}
2023-05-28 05:06:23,637 [INFO] GridSearchCV results :
    mean_valid_accuracy  mean_valid_precision  mean_valid_auc
33             0.796491              1.000000        0.746429
53             0.796491              1.000000        0.746429
43             0.796491              1.000000        0.746429
0              0.940936              0.974603        0.930574
2              0.940936              0.974603        0.930574
4              0.940936              0.974603        0.930574
21             0.951462              0.974603        0.943074
6              0.940936              0.974603        0.930574
8              0.940936              0.974603        0.930574
51             0.962865              0.962103        0.960850
41             0.962865              0.962103        0.960850
31             0.962865              0.962103        0.960850
50             0.952339              0.949603        0.950054
28             0.952339              0.949603        0.950054
46             0.952339              0.949603        0.950054
44             0.952339              0.949603        0.950054
52             0.952339              0.949603        0.950054
42             0.952339              0.949603        0.950054
54             0.952339              0.949603        0.950054
40             0.952339              0.949603        0.950054
38             0.952339              0.949603        0.950054
56             0.952339              0.949603        0.950054
36             0.952339              0.949603        0.950054
34             0.952339              0.949603        0.950054
58             0.952339              0.949603        0.950054
32             0.952339              0.949603        0.950054
48             0.952339              0.949603        0.950054
30             0.952339              0.949603        0.950054
20             0.952339              0.949603        0.950054
14             0.952339              0.949603        0.950054
26             0.952339              0.949603        0.950054
12             0.952339              0.949603        0.950054
24             0.952339              0.949603        0.950054
22             0.952339              0.949603        0.950054
16             0.952339              0.949603        0.950054
10             0.952339              0.949603        0.950054
18             0.952339              0.949603        0.950054
23             0.736842              0.900000        0.671429
9              0.602339              0.000000        0.500000
11             0.602339              0.000000        0.500000
27             0.602339              0.000000        0.500000
7              0.602339              0.000000        0.500000
13             0.602339              0.000000        0.500000
55             0.602339              0.000000        0.500000
5              0.602339              0.000000        0.500000
57             0.602339              0.000000        0.500000
3              0.602339              0.000000        0.500000
49             0.602339              0.000000        0.500000
15             0.602339              0.000000        0.500000
47             0.602339              0.000000        0.500000
45             0.602339              0.000000        0.500000
29             0.602339              0.000000        0.500000
17             0.602339              0.000000        0.500000
19             0.602339              0.000000        0.500000
39             0.602339              0.000000        0.500000
37             0.602339              0.000000        0.500000
35             0.602339              0.000000        0.500000
25             0.602339              0.000000        0.500000
1              0.602339              0.000000        0.500000
59             0.602339              0.000000        0.500000
2023-05-28 05:06:23,646 [INFO] Best model :
SVC(C=10, gamma=0.1, random_state=42)
2023-05-28 05:06:23,655 [INFO] Save train_prediction_log data...
2023-05-28 05:06:23,659 [INFO] {'Data': 'train', 'ACC': '1.0 (186 / 186)', 'TP': 74, 'FP': 0, 'FN': 0, 'TN': 112, 'Precision': '1.0 (74 / 74 + 0)', 'Recall': '1.0 (74 / 74 + 0)', 'F1': '1.0 (2 * (1.0 * 1.0) / 1.0 + 1.0)', 'Specificity': '1.0 (112 / 112 + 0)', 'AUC': 1.0, 'r2': 1.0}
2023-05-28 05:06:23,664 [INFO] Save valid_prediction_log data...
2023-05-28 05:06:23,668 [INFO] {'Data': 'valid', 'ACC': '1.0 (47 / 47)', 'TP': 19, 'FP': 0, 'FN': 0, 'TN': 28, 'Precision': '1.0 (19 / 19 + 0)', 'Recall': '1.0 (19 / 19 + 0)', 'F1': '1.0 (2 * (1.0 * 1.0) / 1.0 + 1.0)', 'Specificity': '1.0 (28 / 28 + 0)', 'AUC': 1.0, 'r2': 1.0}
2023-05-28 05:06:23,681 [INFO] Save test_prediction_log data...
2023-05-28 05:06:23,683 [INFO] {'Data': 'test', 'ACC': '0.64 (30 / 47)', 'TP': 4, 'FP': 2, 'FN': 15, 'TN': 26, 'Precision': '0.67 (4 / 4 + 2)', 'Recall': '0.21 (4 / 4 + 15)', 'F1': '0.32 (2 * (0.21 * 0.67) / 0.21 + 0.67)', 'Specificity': '0.93 (26 / 26 + 2)', 'AUC': 0.57, 'r2': -0.5}
2023-05-28 05:06:23,686 [INFO] Save training_log data...
2023-05-28 05:06:23,688 [INFO] Save score_log data...
2023-05-28 05:06:23,689 [INFO] Time : 3.3937900066375732
