2023-05-28 11:08:15,424 [INFO] Train data : Vary_params\DUD-E\CSF1R\nG1_80\ECFP6_256bits\Robust\CSF1R_train_vector.tsv
2023-05-28 11:08:15,424 [INFO] Valid data : Vary_params\DUD-E\CSF1R\nG1_80\ECFP6_256bits\Robust\CSF1R_valid_vector.tsv
2023-05-28 11:08:15,424 [INFO] Output path : Vary_params\DUD-E\CSF1R\nG1_80\ECFP6_256bits\Robust\CSF1R_model\MLP
2023-05-28 11:08:15,424 [INFO] Model type : MLP
2023-05-28 11:08:15,424 [INFO] Use cores : 11
2023-05-28 11:08:15,440 [INFO] Start Learning model
2023-05-28 11:08:15,440 [INFO] Train : 156 | Valid : 47
2023-05-28 11:08:15,440 [INFO] Set parameters : {'hidden_layer_sizes': [(50,), (100,), (50, 50), (100, 100)], 'learning_rate': ['constant', 'invscaling', 'adaptive'], 'activation': ['relu', 'identity', 'logistic', 'tanh'], 'solver': ['adam', 'sgd', 'lbfgs'], 'alpha': [0.1, 0.01, 0.001], 'max_iter': [500, 1000], 'early_stopping': [True]}
2023-05-28 11:13:39,359 [INFO] GridSearchCV results :
     mean_valid_accuracy  mean_valid_precision  mean_valid_auc
749             0.891667              0.853095        0.866515
752             0.891667              0.853095        0.866515
755             0.891667              0.853095        0.866515
746             0.891667              0.853095        0.866515
743             0.891667              0.853095        0.866515
..                   ...                   ...             ...
546             0.718333              0.000000        0.500000
549             0.718333              0.000000        0.500000
552             0.718333              0.000000        0.500000
555             0.718333              0.000000        0.500000
540             0.718333              0.000000        0.500000

[864 rows x 3 columns]
2023-05-28 11:13:39,360 [INFO] Best model :
MLPClassifier(activation='tanh', alpha=0.01, early_stopping=True, max_iter=500,
              random_state=42, solver='lbfgs')
2023-05-28 11:13:39,365 [INFO] Save train_prediction_log data...
2023-05-28 11:13:39,369 [INFO] {'Data': 'train', 'ACC': '1.0 (156 / 156)', 'TP': 44, 'FP': 0, 'FN': 0, 'TN': 112, 'Precision': '1.0 (44 / 44 + 0)', 'Recall': '1.0 (44 / 44 + 0)', 'F1': '1.0 (2 * (1.0 * 1.0) / 1.0 + 1.0)', 'Specificity': '1.0 (112 / 112 + 0)', 'AUC': 1.0, 'r2': 1.0}
2023-05-28 11:13:39,374 [INFO] Save valid_prediction_log data...
2023-05-28 11:13:39,377 [INFO] {'Data': 'valid', 'ACC': '0.91 (43 / 47)', 'TP': 18, 'FP': 3, 'FN': 1, 'TN': 25, 'Precision': '0.86 (18 / 18 + 3)', 'Recall': '0.95 (18 / 18 + 1)', 'F1': '0.9 (2 * (0.95 * 0.86) / 0.95 + 0.86)', 'Specificity': '0.89 (25 / 25 + 3)', 'AUC': 0.92, 'r2': 0.65}
2023-05-28 11:13:39,392 [INFO] Save test_prediction_log data...
2023-05-28 11:13:39,402 [INFO] {'Data': 'test', 'ACC': '0.68 (32 / 47)', 'TP': 10, 'FP': 6, 'FN': 9, 'TN': 22, 'Precision': '0.62 (10 / 10 + 6)', 'Recall': '0.53 (10 / 10 + 9)', 'F1': '0.57 (2 * (0.53 * 0.62) / 0.53 + 0.62)', 'Specificity': '0.79 (22 / 22 + 6)', 'AUC': 0.66, 'r2': -0.33}
2023-05-28 11:13:39,404 [INFO] Save training_log data...
2023-05-28 11:13:39,411 [INFO] Save score_log data...
2023-05-28 11:13:39,413 [INFO] Time : 323.98810029029846
