2023-05-29 00:12:00,449 [INFO] Train data : Vary_params_FGFR1\DUD-E\FGFR1\nG1_50\ECFP6_512bits\MinMax\FGFR1_train_vector.tsv
2023-05-29 00:12:00,449 [INFO] Valid data : Vary_params_FGFR1\DUD-E\FGFR1\nG1_50\ECFP6_512bits\MinMax\FGFR1_valid_vector.tsv
2023-05-29 00:12:00,449 [INFO] Output path : Vary_params_FGFR1\DUD-E\FGFR1\nG1_50\ECFP6_512bits\MinMax\FGFR1_model\SVM
2023-05-29 00:12:00,449 [INFO] Model type : SVM
2023-05-29 00:12:00,449 [INFO] Use cores : 10
2023-05-29 00:12:00,480 [INFO] Start Learning model
2023-05-29 00:12:00,480 [INFO] Train : 173 | Valid : 43
2023-05-29 00:12:00,481 [INFO] Set parameters : {'kernel': ['linear', 'rbf'], 'C': [0.01, 0.1, 1, 10, 100, 1000], 'gamma': [0.01, 0.1, 1, 100, 1000]}
2023-05-29 00:12:07,194 [INFO] GridSearchCV results :
    mean_valid_accuracy  mean_valid_precision  mean_valid_auc
0              0.959477                   1.0        0.950000
22             0.982680                   1.0        0.978571
26             0.982680                   1.0        0.978571
28             0.982680                   1.0        0.978571
31             0.976797                   1.0        0.971429
32             0.982680                   1.0        0.978571
34             0.982680                   1.0        0.978571
36             0.982680                   1.0        0.978571
38             0.982680                   1.0        0.978571
40             0.982680                   1.0        0.978571
41             0.976797                   1.0        0.971429
42             0.982680                   1.0        0.978571
44             0.982680                   1.0        0.978571
46             0.982680                   1.0        0.978571
48             0.982680                   1.0        0.978571
50             0.982680                   1.0        0.978571
51             0.976797                   1.0        0.971429
52             0.982680                   1.0        0.978571
54             0.982680                   1.0        0.978571
56             0.982680                   1.0        0.978571
58             0.982680                   1.0        0.978571
24             0.982680                   1.0        0.978571
30             0.982680                   1.0        0.978571
12             0.982680                   1.0        0.978571
4              0.959477                   1.0        0.950000
21             0.953595                   1.0        0.942857
8              0.959477                   1.0        0.950000
14             0.982680                   1.0        0.978571
6              0.959477                   1.0        0.950000
18             0.982680                   1.0        0.978571
16             0.982680                   1.0        0.978571
20             0.982680                   1.0        0.978571
2              0.959477                   1.0        0.950000
10             0.982680                   1.0        0.978571
53             0.617974                   0.2        0.521429
33             0.617974                   0.2        0.521429
43             0.617974                   0.2        0.521429
55             0.600980                   0.0        0.500000
9              0.600980                   0.0        0.500000
5              0.600980                   0.0        0.500000
3              0.600980                   0.0        0.500000
7              0.600980                   0.0        0.500000
57             0.600980                   0.0        0.500000
49             0.600980                   0.0        0.500000
47             0.600980                   0.0        0.500000
23             0.600980                   0.0        0.500000
45             0.600980                   0.0        0.500000
11             0.600980                   0.0        0.500000
13             0.600980                   0.0        0.500000
39             0.600980                   0.0        0.500000
37             0.600980                   0.0        0.500000
15             0.600980                   0.0        0.500000
35             0.600980                   0.0        0.500000
17             0.600980                   0.0        0.500000
1              0.600980                   0.0        0.500000
29             0.600980                   0.0        0.500000
19             0.600980                   0.0        0.500000
27             0.600980                   0.0        0.500000
25             0.600980                   0.0        0.500000
59             0.600980                   0.0        0.500000
2023-05-29 00:12:07,195 [INFO] Best model :
SVC(C=0.01, gamma=0.01, kernel='linear', random_state=42)
2023-05-29 00:12:07,205 [INFO] Save train_prediction_log data...
2023-05-29 00:12:07,210 [INFO] {'Data': 'train', 'ACC': '0.99 (172 / 173)', 'TP': 68, 'FP': 0, 'FN': 1, 'TN': 104, 'Precision': '1.0 (68 / 68 + 0)', 'Recall': '0.99 (68 / 68 + 1)', 'F1': '0.99 (2 * (0.99 * 1.0) / 0.99 + 1.0)', 'Specificity': '1.0 (104 / 104 + 0)', 'AUC': 0.99, 'r2': 0.98}
2023-05-29 00:12:07,217 [INFO] Save valid_prediction_log data...
2023-05-29 00:12:07,221 [INFO] {'Data': 'valid', 'ACC': '1.0 (43 / 43)', 'TP': 17, 'FP': 0, 'FN': 0, 'TN': 26, 'Precision': '1.0 (17 / 17 + 0)', 'Recall': '1.0 (17 / 17 + 0)', 'F1': '1.0 (2 * (1.0 * 1.0) / 1.0 + 1.0)', 'Specificity': '1.0 (26 / 26 + 0)', 'AUC': 1.0, 'r2': 1.0}
2023-05-29 00:12:07,244 [INFO] Save test_prediction_log data...
2023-05-29 00:12:07,248 [INFO] {'Data': 'test', 'ACC': '0.65 (28 / 43)', 'TP': 5, 'FP': 3, 'FN': 12, 'TN': 23, 'Precision': '0.62 (5 / 5 + 3)', 'Recall': '0.29 (5 / 5 + 12)', 'F1': '0.4 (2 * (0.29 * 0.62) / 0.29 + 0.62)', 'Specificity': '0.88 (23 / 23 + 3)', 'AUC': 0.59, 'r2': -0.46}
2023-05-29 00:12:07,251 [INFO] Save training_log data...
2023-05-29 00:12:07,253 [INFO] Save score_log data...
2023-05-29 00:12:07,254 [INFO] Time : 6.804555654525757
