2023-05-28 15:00:39,088 [INFO] Train data : Vary_params_VGFR2\DUD-E\VGFR2\nG1_20\ECFP4_256bits\Standard\VGFR2_train_vector.tsv
2023-05-28 15:00:39,088 [INFO] Valid data : Vary_params_VGFR2\DUD-E\VGFR2\nG1_20\ECFP4_256bits\Standard\VGFR2_valid_vector.tsv
2023-05-28 15:00:39,088 [INFO] Output path : Vary_params_VGFR2\DUD-E\VGFR2\nG1_20\ECFP4_256bits\Standard\VGFR2_model\MLP
2023-05-28 15:00:39,089 [INFO] Model type : MLP
2023-05-28 15:00:39,089 [INFO] Use cores : 18
2023-05-28 15:00:39,148 [INFO] Start Learning model
2023-05-28 15:00:39,148 [INFO] Train : 747 | Valid : 180
2023-05-28 15:00:39,148 [INFO] Set parameters : {'hidden_layer_sizes': [(50,), (100,), (50, 50), (100, 100)], 'learning_rate': ['constant', 'invscaling', 'adaptive'], 'activation': ['relu', 'identity', 'logistic', 'tanh'], 'solver': ['adam', 'sgd', 'lbfgs'], 'alpha': [0.1, 0.01, 0.001], 'max_iter': [500, 1000], 'early_stopping': [True]}
2023-05-28 15:05:16,476 [INFO] GridSearchCV results :
     mean_valid_accuracy  mean_valid_precision  mean_valid_auc
486             0.947784              0.979701        0.941007
501             0.947784              0.979701        0.941007
498             0.947784              0.979701        0.941007
495             0.947784              0.979701        0.941007
492             0.947784              0.979701        0.941007
..                   ...                   ...             ...
468             0.575658              0.000000        0.500000
460             0.574306              0.000000        0.498837
457             0.574306              0.000000        0.498837
601             0.574306              0.000000        0.498837
483             0.575658              0.000000        0.500000

[864 rows x 3 columns]
2023-05-28 15:05:16,478 [INFO] Best model :
MLPClassifier(activation='logistic', alpha=0.1, early_stopping=True,
              hidden_layer_sizes=(100, 100), max_iter=500, random_state=42)
2023-05-28 15:05:16,492 [INFO] Save train_prediction_log data...
2023-05-28 15:05:16,497 [INFO] {'Data': 'train', 'ACC': '0.99 (742 / 747)', 'TP': 315, 'FP': 3, 'FN': 2, 'TN': 427, 'Precision': '0.99 (315 / 315 + 3)', 'Recall': '0.99 (315 / 315 + 2)', 'F1': '0.99 (2 * (0.99 * 0.99) / 0.99 + 0.99)', 'Specificity': '0.99 (427 / 427 + 3)', 'AUC': 0.99, 'r2': 0.97}
2023-05-28 15:05:16,505 [INFO] Save valid_prediction_log data...
2023-05-28 15:05:16,507 [INFO] {'Data': 'valid', 'ACC': '0.97 (174 / 180)', 'TP': 72, 'FP': 6, 'FN': 0, 'TN': 102, 'Precision': '0.92 (72 / 72 + 6)', 'Recall': '1.0 (72 / 72 + 0)', 'F1': '0.96 (2 * (1.0 * 0.92) / 1.0 + 0.92)', 'Specificity': '0.94 (102 / 102 + 6)', 'AUC': 0.97, 'r2': 0.86}
2023-05-28 15:05:16,529 [INFO] Save test_prediction_log data...
2023-05-28 15:05:16,532 [INFO] {'Data': 'test', 'ACC': '0.51 (91 / 180)', 'TP': 43, 'FP': 60, 'FN': 29, 'TN': 48, 'Precision': '0.42 (43 / 43 + 60)', 'Recall': '0.6 (43 / 43 + 29)', 'F1': '0.49 (2 * (0.6 * 0.42) / 0.6 + 0.42)', 'Specificity': '0.44 (48 / 48 + 60)', 'AUC': 0.52, 'r2': -1.06}
2023-05-28 15:05:16,536 [INFO] Save training_log data...
2023-05-28 15:05:16,542 [INFO] Save score_log data...
2023-05-28 15:05:16,543 [INFO] Time : 277.455411195755
