2023-05-31 00:42:14,722 [INFO] Train data : Vary_params_BRAF_MK14\DUD-E\MK14\nG1_80\ECFP6_256bits\MinMax\MK14_train_vector.tsv
2023-05-31 00:42:14,723 [INFO] Valid data : Vary_params_BRAF_MK14\DUD-E\MK14\nG1_80\ECFP6_256bits\MinMax\MK14_valid_vector.tsv
2023-05-31 00:42:14,723 [INFO] Output path : Vary_params_BRAF_MK14\DUD-E\MK14\nG1_80\ECFP6_256bits\MinMax\MK14_model\MLP
2023-05-31 00:42:14,723 [INFO] Model type : MLP
2023-05-31 00:42:14,723 [INFO] Use cores : 10
2023-05-31 00:42:14,751 [INFO] Start Learning model
2023-05-31 00:42:14,751 [INFO] Train : 871 | Valid : 225
2023-05-31 00:42:14,751 [INFO] Set parameters : {'hidden_layer_sizes': [(50,), (100,), (50, 50), (100, 100)], 'learning_rate': ['constant', 'invscaling', 'adaptive'], 'activation': ['relu', 'identity', 'logistic', 'tanh'], 'solver': ['adam', 'sgd', 'lbfgs'], 'alpha': [0.1, 0.01, 0.001], 'max_iter': [500, 1000], 'early_stopping': [True]}
2023-05-31 00:50:34,917 [INFO] GridSearchCV results :
     mean_valid_accuracy  mean_valid_precision  mean_valid_auc
486             0.921957              0.966682        0.902862
489             0.921957              0.966682        0.902862
492             0.921957              0.966682        0.902862
495             0.921957              0.966682        0.902862
498             0.921957              0.966682        0.902862
..                   ...                   ...             ...
553             0.621121              0.000000        0.500000
555             0.621121              0.000000        0.500000
556             0.621121              0.000000        0.500000
559             0.621121              0.000000        0.500000
502             0.621121              0.000000        0.500000

[864 rows x 3 columns]
2023-05-31 00:50:34,918 [INFO] Best model :
MLPClassifier(activation='logistic', alpha=0.1, early_stopping=True,
              hidden_layer_sizes=(100, 100), max_iter=500, random_state=42)
2023-05-31 00:50:34,934 [INFO] Save train_prediction_log data...
2023-05-31 00:50:34,937 [INFO] {'Data': 'train', 'ACC': '0.95 (824 / 871)', 'TP': 290, 'FP': 7, 'FN': 40, 'TN': 534, 'Precision': '0.98 (290 / 290 + 7)', 'Recall': '0.88 (290 / 290 + 40)', 'F1': '0.93 (2 * (0.88 * 0.98) / 0.88 + 0.98)', 'Specificity': '0.99 (534 / 534 + 7)', 'AUC': 0.93, 'r2': 0.77}
2023-05-31 00:50:34,944 [INFO] Save valid_prediction_log data...
2023-05-31 00:50:34,946 [INFO] {'Data': 'valid', 'ACC': '0.96 (217 / 225)', 'TP': 86, 'FP': 4, 'FN': 4, 'TN': 131, 'Precision': '0.96 (86 / 86 + 4)', 'Recall': '0.96 (86 / 86 + 4)', 'F1': '0.96 (2 * (0.96 * 0.96) / 0.96 + 0.96)', 'Specificity': '0.97 (131 / 131 + 4)', 'AUC': 0.96, 'r2': 0.85}
2023-05-31 00:50:34,960 [INFO] Save test_prediction_log data...
2023-05-31 00:50:34,963 [INFO] {'Data': 'test', 'ACC': '0.67 (150 / 225)', 'TP': 56, 'FP': 41, 'FN': 34, 'TN': 94, 'Precision': '0.58 (56 / 56 + 41)', 'Recall': '0.62 (56 / 56 + 34)', 'F1': '0.6 (2 * (0.62 * 0.58) / 0.62 + 0.58)', 'Specificity': '0.7 (94 / 94 + 41)', 'AUC': 0.66, 'r2': -0.39}
2023-05-31 00:50:35,336 [INFO] Save training_log data...
2023-05-31 00:50:35,341 [INFO] Save score_log data...
2023-05-31 00:50:35,341 [INFO] Time : 500.6190576553345
