2023-05-28 13:09:18,168 [INFO] Train data : Vary_params_CDK2_EGFR_LCK\DUD-E\EGFR\nG1_20\ECFP6_512bits\MinMax\EGFR_train_vector.tsv
2023-05-28 13:09:18,169 [INFO] Valid data : Vary_params_CDK2_EGFR_LCK\DUD-E\EGFR\nG1_20\ECFP6_512bits\MinMax\EGFR_valid_vector.tsv
2023-05-28 13:09:18,169 [INFO] Output path : Vary_params_CDK2_EGFR_LCK\DUD-E\EGFR\nG1_20\ECFP6_512bits\MinMax\EGFR_model\MLP
2023-05-28 13:09:18,169 [INFO] Model type : MLP
2023-05-28 13:09:18,169 [INFO] Use cores : 19
2023-05-28 13:09:18,205 [INFO] Start Learning model
2023-05-28 13:09:18,205 [INFO] Train : 900 | Valid : 218
2023-05-28 13:09:18,205 [INFO] Set parameters : {'hidden_layer_sizes': [(50,), (100,), (50, 50), (100, 100)], 'learning_rate': ['constant', 'invscaling', 'adaptive'], 'activation': ['relu', 'identity', 'logistic', 'tanh'], 'solver': ['adam', 'sgd', 'lbfgs'], 'alpha': [0.1, 0.01, 0.001], 'max_iter': [500, 1000], 'early_stopping': [True]}
2023-05-28 13:15:26,608 [INFO] GridSearchCV results :
     mean_valid_accuracy  mean_valid_precision  mean_valid_auc
510             0.927778              0.991667        0.915306
504             0.927778              0.991667        0.915306
591             0.927778              0.991667        0.915306
588             0.927778              0.991667        0.915306
585             0.927778              0.991667        0.915306
..                   ...                   ...             ...
541             0.580000              0.000000        0.500000
544             0.580000              0.000000        0.500000
547             0.580000              0.000000        0.500000
550             0.580000              0.000000        0.500000
613             0.580000              0.000000        0.500000

[864 rows x 3 columns]
2023-05-28 13:15:26,609 [INFO] Best model :
MLPClassifier(activation='logistic', alpha=0.01, early_stopping=True,
              hidden_layer_sizes=(50,), max_iter=500, random_state=42)
2023-05-28 13:15:26,618 [INFO] Save train_prediction_log data...
2023-05-28 13:15:26,622 [INFO] {'Data': 'train', 'ACC': '0.99 (892 / 900)', 'TP': 371, 'FP': 1, 'FN': 7, 'TN': 521, 'Precision': '1.0 (371 / 371 + 1)', 'Recall': '0.98 (371 / 371 + 7)', 'F1': '0.99 (2 * (0.98 * 1.0) / 0.98 + 1.0)', 'Specificity': '1.0 (521 / 521 + 1)', 'AUC': 0.99, 'r2': 0.96}
2023-05-28 13:15:26,626 [INFO] Save valid_prediction_log data...
2023-05-28 13:15:26,628 [INFO] {'Data': 'valid', 'ACC': '0.99 (215 / 218)', 'TP': 87, 'FP': 3, 'FN': 0, 'TN': 128, 'Precision': '0.97 (87 / 87 + 3)', 'Recall': '1.0 (87 / 87 + 0)', 'F1': '0.98 (2 * (1.0 * 0.97) / 1.0 + 0.97)', 'Specificity': '0.98 (128 / 128 + 3)', 'AUC': 0.99, 'r2': 0.94}
2023-05-28 13:15:26,644 [INFO] Save test_prediction_log data...
2023-05-28 13:15:26,646 [INFO] {'Data': 'test', 'ACC': '0.65 (142 / 218)', 'TP': 52, 'FP': 41, 'FN': 35, 'TN': 90, 'Precision': '0.56 (52 / 52 + 41)', 'Recall': '0.6 (52 / 52 + 35)', 'F1': '0.58 (2 * (0.6 * 0.56) / 0.6 + 0.56)', 'Specificity': '0.69 (90 / 90 + 41)', 'AUC': 0.64, 'r2': -0.45}
2023-05-28 13:15:26,649 [INFO] Save training_log data...
2023-05-28 13:15:26,655 [INFO] Save score_log data...
2023-05-28 13:15:26,656 [INFO] Time : 368.48801732063293
