2023-05-28 11:56:08,144 [INFO] Train data : Vary_params\DUD-E\WEE1\nG1_80\ECFP6_512bits\Robust\WEE1_train_vector.tsv
2023-05-28 11:56:08,144 [INFO] Valid data : Vary_params\DUD-E\WEE1\nG1_80\ECFP6_512bits\Robust\WEE1_valid_vector.tsv
2023-05-28 11:56:08,144 [INFO] Output path : Vary_params\DUD-E\WEE1\nG1_80\ECFP6_512bits\Robust\WEE1_model\RF
2023-05-28 11:56:08,144 [INFO] Model type : RF
2023-05-28 11:56:08,144 [INFO] Use cores : 10
2023-05-28 11:56:08,178 [INFO] Start Learning model
2023-05-28 11:56:08,178 [INFO] Train : 71 | Valid : 25
2023-05-28 11:56:08,178 [INFO] Set parameters : {'max_depth': [6, 8, 10, 12], 'max_features': ['sqrt', 'log2'], 'min_samples_leaf': [2, 4, 8, 10], 'min_samples_split': [2, 4, 8, 10], 'n_estimators': [200, 600, 1000]}
2023-05-28 12:01:59,443 [INFO] GridSearchCV results :
     mean_valid_accuracy  mean_valid_precision  mean_valid_auc
0               0.985714                   0.9            0.95
252             0.985714                   0.9            0.95
261             0.985714                   0.9            0.95
260             0.985714                   0.9            0.95
259             0.985714                   0.9            0.95
..                   ...                   ...             ...
5               0.971429                   0.8            0.90
194             0.971429                   0.8            0.90
98              0.971429                   0.8            0.90
2               0.971429                   0.8            0.90
101             0.971429                   0.8            0.90

[384 rows x 3 columns]
2023-05-28 12:01:59,445 [INFO] Best model :
RandomForestClassifier(class_weight='balanced', max_depth=6, min_samples_leaf=2,
                       n_estimators=200, random_state=42)
2023-05-28 12:01:59,464 [INFO] Save train_prediction_log data...
2023-05-28 12:01:59,469 [INFO] {'Data': 'train', 'ACC': '1.0 (71 / 71)', 'TP': 10, 'FP': 0, 'FN': 0, 'TN': 61, 'Precision': '1.0 (10 / 10 + 0)', 'Recall': '1.0 (10 / 10 + 0)', 'F1': '1.0 (2 * (1.0 * 1.0) / 1.0 + 1.0)', 'Specificity': '1.0 (61 / 61 + 0)', 'AUC': 1.0, 'r2': 1.0}
2023-05-28 12:01:59,493 [INFO] Save valid_prediction_log data...
2023-05-28 12:01:59,496 [INFO] {'Data': 'valid', 'ACC': '1.0 (25 / 25)', 'TP': 10, 'FP': 0, 'FN': 0, 'TN': 15, 'Precision': '1.0 (10 / 10 + 0)', 'Recall': '1.0 (10 / 10 + 0)', 'F1': '1.0 (2 * (1.0 * 1.0) / 1.0 + 1.0)', 'Specificity': '1.0 (15 / 15 + 0)', 'AUC': 1.0, 'r2': 1.0}
2023-05-28 12:01:59,527 [INFO] Save test_prediction_log data...
2023-05-28 12:01:59,531 [INFO] {'Data': 'test', 'ACC': '0.68 (17 / 25)', 'TP': 3, 'FP': 1, 'FN': 7, 'TN': 14, 'Precision': '0.75 (3 / 3 + 1)', 'Recall': '0.3 (3 / 3 + 7)', 'F1': '0.43 (2 * (0.3 * 0.75) / 0.3 + 0.75)', 'Specificity': '0.93 (14 / 14 + 1)', 'AUC': 0.62, 'r2': -0.33}
2023-05-28 12:01:59,585 [INFO] Save training_log data...
2023-05-28 12:01:59,588 [INFO] Save score_log data...
2023-05-28 12:01:59,589 [INFO] Time : 351.4445562362671
