2023-05-29 04:03:53,132 [INFO] Train data : Vary_params_SH\DUD-E\TGFR1\nG1_80\ECFP6_256bits\Robust\TGFR1_train_vector.tsv
2023-05-29 04:03:53,132 [INFO] Valid data : Vary_params_SH\DUD-E\TGFR1\nG1_80\ECFP6_256bits\Robust\TGFR1_valid_vector.tsv
2023-05-29 04:03:53,132 [INFO] Output path : Vary_params_SH\DUD-E\TGFR1\nG1_80\ECFP6_256bits\Robust\TGFR1_model\RF
2023-05-29 04:03:53,132 [INFO] Model type : RF
2023-05-29 04:03:53,132 [INFO] Use cores : 3
2023-05-29 04:03:53,162 [INFO] Start Learning model
2023-05-29 04:03:53,162 [INFO] Train : 134 | Valid : 41
2023-05-29 04:03:53,162 [INFO] Set parameters : {'max_depth': [6, 8, 10, 12], 'max_features': ['sqrt', 'log2'], 'min_samples_leaf': [2, 4, 8, 10], 'min_samples_split': [2, 4, 8, 10], 'n_estimators': [200, 600, 1000]}
2023-05-29 04:20:40,628 [INFO] GridSearchCV results :
     mean_valid_accuracy  mean_valid_precision  mean_valid_auc
0               0.970879                  1.00          0.9500
241             0.956044                  1.00          0.9250
249             0.978022                  1.00          0.9625
248             0.970879                  1.00          0.9500
247             0.970879                  1.00          0.9500
..                   ...                   ...             ...
40              0.963187                  0.95          0.9525
238             0.963187                  0.95          0.9525
37              0.963187                  0.95          0.9525
229             0.963187                  0.95          0.9525
235             0.963187                  0.95          0.9525

[384 rows x 3 columns]
2023-05-29 04:20:40,630 [INFO] Best model :
RandomForestClassifier(class_weight='balanced', max_depth=6, min_samples_leaf=2,
                       n_estimators=200, random_state=42)
2023-05-29 04:20:40,652 [INFO] Save train_prediction_log data...
2023-05-29 04:20:40,657 [INFO] {'Data': 'train', 'ACC': '1.0 (134 / 134)', 'TP': 36, 'FP': 0, 'FN': 0, 'TN': 98, 'Precision': '1.0 (36 / 36 + 0)', 'Recall': '1.0 (36 / 36 + 0)', 'F1': '1.0 (2 * (1.0 * 1.0) / 1.0 + 1.0)', 'Specificity': '1.0 (98 / 98 + 0)', 'AUC': 1.0, 'r2': 1.0}
2023-05-29 04:20:40,678 [INFO] Save valid_prediction_log data...
2023-05-29 04:20:40,681 [INFO] {'Data': 'valid', 'ACC': '0.98 (40 / 41)', 'TP': 15, 'FP': 0, 'FN': 1, 'TN': 25, 'Precision': '1.0 (15 / 15 + 0)', 'Recall': '0.94 (15 / 15 + 1)', 'F1': '0.97 (2 * (0.94 * 1.0) / 0.94 + 1.0)', 'Specificity': '1.0 (25 / 25 + 0)', 'AUC': 0.97, 'r2': 0.9}
2023-05-29 04:20:40,716 [INFO] Save test_prediction_log data...
2023-05-29 04:20:40,719 [INFO] {'Data': 'test', 'ACC': '0.63 (26 / 41)', 'TP': 3, 'FP': 2, 'FN': 13, 'TN': 23, 'Precision': '0.6 (3 / 3 + 2)', 'Recall': '0.19 (3 / 3 + 13)', 'F1': '0.29 (2 * (0.19 * 0.6) / 0.19 + 0.6)', 'Specificity': '0.92 (23 / 23 + 2)', 'AUC': 0.55, 'r2': -0.54}
2023-05-29 04:20:40,782 [INFO] Save training_log data...
2023-05-29 04:20:40,887 [INFO] Save score_log data...
2023-05-29 04:20:40,889 [INFO] Time : 1007.7569377422333
