2023-05-26 21:30:34,366 [INFO] Train data : Vary_params_SH\DUD-E\ROCK1\nG1_20\ECFP4_256bits\Standard\ROCK1_train_vector.tsv
2023-05-26 21:30:34,366 [INFO] Valid data : Vary_params_SH\DUD-E\ROCK1\nG1_20\ECFP4_256bits\Standard\ROCK1_valid_vector.tsv
2023-05-26 21:30:34,366 [INFO] Output path : Vary_params_SH\DUD-E\ROCK1\nG1_20\ECFP4_256bits\Standard\ROCK1_model\MLP
2023-05-26 21:30:34,366 [INFO] Model type : MLP
2023-05-26 21:30:34,367 [INFO] Use cores : 3
2023-05-26 21:30:34,395 [INFO] Start Learning model
2023-05-26 21:30:34,395 [INFO] Train : 130 | Valid : 25
2023-05-26 21:30:34,395 [INFO] Set parameters : {'hidden_layer_sizes': [(50,), (100,), (50, 50), (100, 100)], 'learning_rate': ['constant', 'invscaling', 'adaptive'], 'activation': ['relu', 'identity', 'logistic', 'tanh'], 'solver': ['adam', 'sgd', 'lbfgs'], 'alpha': [0.1, 0.01, 0.001], 'max_iter': [500, 1000], 'early_stopping': [True]}
2023-05-26 21:34:57,561 [INFO] GridSearchCV results :
     mean_valid_accuracy  mean_valid_precision  mean_valid_auc
594             0.846154              0.973214        0.854762
462             0.846154              0.973214        0.854762
609             0.846154              0.973214        0.854762
606             0.846154              0.973214        0.854762
603             0.846154              0.973214        0.854762
..                   ...                   ...             ...
457             0.461538              0.000000        0.500000
532             0.461538              0.000000        0.500000
601             0.461538              0.000000        0.500000
604             0.461538              0.000000        0.500000
529             0.461538              0.000000        0.500000

[864 rows x 3 columns]
2023-05-26 21:34:57,562 [INFO] Best model :
MLPClassifier(activation='logistic', alpha=0.1, early_stopping=True,
              max_iter=500, random_state=42)
2023-05-26 21:34:57,569 [INFO] Save train_prediction_log data...
2023-05-26 21:34:57,573 [INFO] {'Data': 'train', 'ACC': '0.92 (119 / 130)', 'TP': 60, 'FP': 1, 'FN': 10, 'TN': 59, 'Precision': '0.98 (60 / 60 + 1)', 'Recall': '0.86 (60 / 60 + 10)', 'F1': '0.92 (2 * (0.86 * 0.98) / 0.86 + 0.98)', 'Specificity': '0.98 (59 / 59 + 1)', 'AUC': 0.92, 'r2': 0.66}
2023-05-26 21:34:57,578 [INFO] Save valid_prediction_log data...
2023-05-26 21:34:57,581 [INFO] {'Data': 'valid', 'ACC': '1.0 (25 / 25)', 'TP': 10, 'FP': 0, 'FN': 0, 'TN': 15, 'Precision': '1.0 (10 / 10 + 0)', 'Recall': '1.0 (10 / 10 + 0)', 'F1': '1.0 (2 * (1.0 * 1.0) / 1.0 + 1.0)', 'Specificity': '1.0 (15 / 15 + 0)', 'AUC': 1.0, 'r2': 1.0}
2023-05-26 21:34:57,596 [INFO] Save test_prediction_log data...
2023-05-26 21:34:57,599 [INFO] {'Data': 'test', 'ACC': '0.6 (15 / 25)', 'TP': 1, 'FP': 1, 'FN': 9, 'TN': 14, 'Precision': '0.5 (1 / 1 + 1)', 'Recall': '0.1 (1 / 1 + 9)', 'F1': '0.17 (2 * (0.1 * 0.5) / 0.1 + 0.5)', 'Specificity': '0.93 (14 / 14 + 1)', 'AUC': 0.52, 'r2': -0.67}
2023-05-26 21:34:57,603 [INFO] Save training_log data...
2023-05-26 21:34:57,972 [INFO] Save score_log data...
2023-05-26 21:34:57,973 [INFO] Time : 263.60671162605286
