2023-05-28 15:32:18,907 [INFO] Train data : Vary_params_VGFR2\DUD-E\VGFR2\nG1_20\ECFP4_256bits\MinMax\VGFR2_train_vector.tsv
2023-05-28 15:32:18,907 [INFO] Valid data : Vary_params_VGFR2\DUD-E\VGFR2\nG1_20\ECFP4_256bits\MinMax\VGFR2_valid_vector.tsv
2023-05-28 15:32:18,907 [INFO] Output path : Vary_params_VGFR2\DUD-E\VGFR2\nG1_20\ECFP4_256bits\MinMax\VGFR2_model\SVM
2023-05-28 15:32:18,907 [INFO] Model type : SVM
2023-05-28 15:32:18,907 [INFO] Use cores : 18
2023-05-28 15:32:18,937 [INFO] Start Learning model
2023-05-28 15:32:18,937 [INFO] Train : 747 | Valid : 180
2023-05-28 15:32:18,937 [INFO] Set parameters : {'kernel': ['linear', 'rbf'], 'C': [0.01, 0.1, 1, 10, 100, 1000], 'gamma': [0.01, 0.1, 1, 100, 1000]}
2023-05-28 15:32:25,317 [INFO] GridSearchCV results :
    mean_valid_accuracy  mean_valid_precision  mean_valid_auc
11             0.874180              1.000000        0.851764
43             0.909027              1.000000        0.892893
23             0.890270              1.000000        0.870766
53             0.909027              1.000000        0.892893
33             0.909027              1.000000        0.892893
21             0.962523              0.974004        0.959196
0              0.955802              0.968389        0.952132
2              0.955802              0.968389        0.952132
4              0.955802              0.968389        0.952132
6              0.955802              0.968389        0.952132
8              0.955802              0.968389        0.952132
31             0.965171              0.953485        0.965219
41             0.963820              0.950562        0.964057
51             0.963820              0.950562        0.964057
12             0.958432              0.939424        0.959405
18             0.958432              0.939424        0.959405
16             0.958432              0.939424        0.959405
10             0.958432              0.939424        0.959405
14             0.958432              0.939424        0.959405
50             0.942378              0.920939        0.942903
48             0.942378              0.920939        0.942903
46             0.942378              0.920939        0.942903
54             0.942378              0.920939        0.942903
52             0.942378              0.920939        0.942903
56             0.942378              0.920939        0.942903
58             0.942378              0.920939        0.942903
42             0.942378              0.920939        0.942903
40             0.942378              0.920939        0.942903
38             0.942378              0.920939        0.942903
36             0.942378              0.920939        0.942903
34             0.942378              0.920939        0.942903
44             0.942378              0.920939        0.942903
30             0.942378              0.920939        0.942903
32             0.942378              0.920939        0.942903
28             0.942378              0.920939        0.942903
22             0.942378              0.920939        0.942903
24             0.942378              0.920939        0.942903
26             0.942378              0.920939        0.942903
20             0.942378              0.920939        0.942903
25             0.578342              0.200000        0.503175
35             0.578342              0.200000        0.503175
45             0.578342              0.200000        0.503175
55             0.578342              0.200000        0.503175
39             0.575658              0.000000        0.500000
15             0.575658              0.000000        0.500000
3              0.575658              0.000000        0.500000
57             0.575658              0.000000        0.500000
5              0.575658              0.000000        0.500000
7              0.575658              0.000000        0.500000
9              0.575658              0.000000        0.500000
13             0.575658              0.000000        0.500000
49             0.575658              0.000000        0.500000
17             0.575658              0.000000        0.500000
27             0.575658              0.000000        0.500000
19             0.575658              0.000000        0.500000
47             0.575658              0.000000        0.500000
1              0.575658              0.000000        0.500000
29             0.575658              0.000000        0.500000
37             0.575658              0.000000        0.500000
59             0.575658              0.000000        0.500000
2023-05-28 15:32:25,318 [INFO] Best model :
SVC(C=0.1, gamma=0.01, random_state=42)
2023-05-28 15:32:25,401 [INFO] Save train_prediction_log data...
2023-05-28 15:32:25,406 [INFO] {'Data': 'train', 'ACC': '0.92 (690 / 747)', 'TP': 260, 'FP': 0, 'FN': 57, 'TN': 430, 'Precision': '1.0 (260 / 260 + 0)', 'Recall': '0.82 (260 / 260 + 57)', 'F1': '0.9 (2 * (0.82 * 1.0) / 0.82 + 1.0)', 'Specificity': '1.0 (430 / 430 + 0)', 'AUC': 0.91, 'r2': 0.69}
2023-05-28 15:32:25,428 [INFO] Save valid_prediction_log data...
2023-05-28 15:32:25,431 [INFO] {'Data': 'valid', 'ACC': '0.96 (173 / 180)', 'TP': 66, 'FP': 1, 'FN': 6, 'TN': 107, 'Precision': '0.99 (66 / 66 + 1)', 'Recall': '0.92 (66 / 66 + 6)', 'F1': '0.95 (2 * (0.92 * 0.99) / 0.92 + 0.99)', 'Specificity': '0.99 (107 / 107 + 1)', 'AUC': 0.95, 'r2': 0.84}
2023-05-28 15:32:25,463 [INFO] Save test_prediction_log data...
2023-05-28 15:32:25,466 [INFO] {'Data': 'test', 'ACC': '0.51 (92 / 180)', 'TP': 12, 'FP': 28, 'FN': 60, 'TN': 80, 'Precision': '0.3 (12 / 12 + 28)', 'Recall': '0.17 (12 / 12 + 60)', 'F1': '0.22 (2 * (0.17 * 0.3) / 0.17 + 0.3)', 'Specificity': '0.74 (80 / 80 + 28)', 'AUC': 0.45, 'r2': -1.04}
2023-05-28 15:32:25,468 [INFO] Save training_log data...
2023-05-28 15:32:25,470 [INFO] Save score_log data...
2023-05-28 15:32:25,471 [INFO] Time : 6.5635881423950195
