2023-05-27 12:45:02,061 [INFO] Train data : Vary_params\DUD-E\MP2K1\nG1_80\ECFP4_256bits\Robust\MP2K1_train_vector.tsv
2023-05-27 12:45:02,061 [INFO] Valid data : Vary_params\DUD-E\MP2K1\nG1_80\ECFP4_256bits\Robust\MP2K1_valid_vector.tsv
2023-05-27 12:45:02,062 [INFO] Output path : Vary_params\DUD-E\MP2K1\nG1_80\ECFP4_256bits\Robust\MP2K1_model\SVM
2023-05-27 12:45:02,062 [INFO] Model type : SVM
2023-05-27 12:45:02,062 [INFO] Use cores : 10
2023-05-27 12:45:02,073 [INFO] Start Learning model
2023-05-27 12:45:02,073 [INFO] Train : 112 | Valid : 35
2023-05-27 12:45:02,073 [INFO] Set parameters : {'kernel': ['linear', 'rbf'], 'C': [0.01, 0.1, 1, 10, 100, 1000], 'gamma': [0.01, 0.1, 1, 100, 1000]}
2023-05-27 12:45:04,537 [INFO] GridSearchCV results :
    mean_valid_accuracy  mean_valid_precision  mean_valid_auc
0              1.000000                   1.0             1.0
20             1.000000                   1.0             1.0
24             1.000000                   1.0             1.0
26             1.000000                   1.0             1.0
28             1.000000                   1.0             1.0
32             1.000000                   1.0             1.0
34             1.000000                   1.0             1.0
36             1.000000                   1.0             1.0
38             1.000000                   1.0             1.0
40             1.000000                   1.0             1.0
42             1.000000                   1.0             1.0
44             1.000000                   1.0             1.0
46             1.000000                   1.0             1.0
48             1.000000                   1.0             1.0
50             1.000000                   1.0             1.0
52             1.000000                   1.0             1.0
54             1.000000                   1.0             1.0
56             1.000000                   1.0             1.0
58             1.000000                   1.0             1.0
22             1.000000                   1.0             1.0
30             1.000000                   1.0             1.0
10             1.000000                   1.0             1.0
2              1.000000                   1.0             1.0
18             1.000000                   1.0             1.0
8              1.000000                   1.0             1.0
16             1.000000                   1.0             1.0
4              1.000000                   1.0             1.0
12             1.000000                   1.0             1.0
6              1.000000                   1.0             1.0
14             1.000000                   1.0             1.0
49             0.759091                   0.0             0.5
9              0.759091                   0.0             0.5
45             0.759091                   0.0             0.5
47             0.759091                   0.0             0.5
7              0.759091                   0.0             0.5
21             0.759091                   0.0             0.5
43             0.759091                   0.0             0.5
5              0.759091                   0.0             0.5
53             0.759091                   0.0             0.5
55             0.759091                   0.0             0.5
3              0.759091                   0.0             0.5
57             0.759091                   0.0             0.5
51             0.759091                   0.0             0.5
11             0.759091                   0.0             0.5
41             0.759091                   0.0             0.5
19             0.759091                   0.0             0.5
39             0.759091                   0.0             0.5
37             0.759091                   0.0             0.5
13             0.759091                   0.0             0.5
35             0.759091                   0.0             0.5
33             0.759091                   0.0             0.5
15             0.759091                   0.0             0.5
31             0.759091                   0.0             0.5
1              0.759091                   0.0             0.5
29             0.759091                   0.0             0.5
27             0.759091                   0.0             0.5
17             0.759091                   0.0             0.5
25             0.759091                   0.0             0.5
23             0.759091                   0.0             0.5
59             0.759091                   0.0             0.5
2023-05-27 12:45:04,540 [INFO] Best model :
SVC(C=0.01, gamma=0.01, kernel='linear', random_state=42)
2023-05-27 12:45:04,544 [INFO] Save train_prediction_log data...
2023-05-27 12:45:04,547 [INFO] {'Data': 'train', 'ACC': '1.0 (112 / 112)', 'TP': 27, 'FP': 0, 'FN': 0, 'TN': 85, 'Precision': '1.0 (27 / 27 + 0)', 'Recall': '1.0 (27 / 27 + 0)', 'F1': '1.0 (2 * (1.0 * 1.0) / 1.0 + 1.0)', 'Specificity': '1.0 (85 / 85 + 0)', 'AUC': 1.0, 'r2': 1.0}
2023-05-27 12:45:04,550 [INFO] Save valid_prediction_log data...
2023-05-27 12:45:04,552 [INFO] {'Data': 'valid', 'ACC': '1.0 (35 / 35)', 'TP': 14, 'FP': 0, 'FN': 0, 'TN': 21, 'Precision': '1.0 (14 / 14 + 0)', 'Recall': '1.0 (14 / 14 + 0)', 'F1': '1.0 (2 * (1.0 * 1.0) / 1.0 + 1.0)', 'Specificity': '1.0 (21 / 21 + 0)', 'AUC': 1.0, 'r2': 1.0}
2023-05-27 12:45:04,560 [INFO] Save test_prediction_log data...
2023-05-27 12:45:04,562 [INFO] {'Data': 'test', 'ACC': '0.69 (24 / 35)', 'TP': 3, 'FP': 0, 'FN': 11, 'TN': 21, 'Precision': '1.0 (3 / 3 + 0)', 'Recall': '0.21 (3 / 3 + 11)', 'F1': '0.35 (2 * (0.21 * 1.0) / 0.21 + 1.0)', 'Specificity': '1.0 (21 / 21 + 0)', 'AUC': 0.61, 'r2': -0.31}
2023-05-27 12:45:04,564 [INFO] Save training_log data...
2023-05-27 12:45:04,565 [INFO] Save score_log data...
2023-05-27 12:45:04,566 [INFO] Time : 2.504988431930542
