2023-05-29 16:36:47,647 [INFO] Train data : Vary_params_CDK2_EGFR_LCK\DUD-E\LCK\nG1_80\ECFP6_512bits\Standard\LCK_train_vector.tsv
2023-05-29 16:36:47,647 [INFO] Valid data : Vary_params_CDK2_EGFR_LCK\DUD-E\LCK\nG1_80\ECFP6_512bits\Standard\LCK_valid_vector.tsv
2023-05-29 16:36:47,647 [INFO] Output path : Vary_params_CDK2_EGFR_LCK\DUD-E\LCK\nG1_80\ECFP6_512bits\Standard\LCK_model\MLP
2023-05-29 16:36:47,647 [INFO] Model type : MLP
2023-05-29 16:36:47,647 [INFO] Use cores : 19
2023-05-29 16:36:47,708 [INFO] Start Learning model
2023-05-29 16:36:47,708 [INFO] Train : 706 | Valid : 185
2023-05-29 16:36:47,708 [INFO] Set parameters : {'hidden_layer_sizes': [(50,), (100,), (50, 50), (100, 100)], 'learning_rate': ['constant', 'invscaling', 'adaptive'], 'activation': ['relu', 'identity', 'logistic', 'tanh'], 'solver': ['adam', 'sgd', 'lbfgs'], 'alpha': [0.1, 0.01, 0.001], 'max_iter': [500, 1000], 'early_stopping': [True]}
2023-05-29 16:41:09,410 [INFO] GridSearchCV results :
     mean_valid_accuracy  mean_valid_precision  mean_valid_auc
213             0.960362               0.98082        0.951298
63              0.960362               0.98082        0.951298
141             0.960362               0.98082        0.951298
66              0.960362               0.98082        0.951298
69              0.960362               0.98082        0.951298
..                   ...                   ...             ...
46              0.624648               0.00000        0.498864
646             0.626076               0.00000        0.500000
43              0.624648               0.00000        0.498864
190             0.624648               0.00000        0.498864
556             0.626076               0.00000        0.500000

[864 rows x 3 columns]
2023-05-29 16:41:09,411 [INFO] Best model :
MLPClassifier(alpha=0.1, early_stopping=True, hidden_layer_sizes=(100, 100),
              max_iter=500, random_state=42)
2023-05-29 16:41:09,418 [INFO] Save train_prediction_log data...
2023-05-29 16:41:09,421 [INFO] {'Data': 'train', 'ACC': '1.0 (705 / 706)', 'TP': 263, 'FP': 0, 'FN': 1, 'TN': 442, 'Precision': '1.0 (263 / 263 + 0)', 'Recall': '1.0 (263 / 263 + 1)', 'F1': '1.0 (2 * (1.0 * 1.0) / 1.0 + 1.0)', 'Specificity': '1.0 (442 / 442 + 0)', 'AUC': 1.0, 'r2': 0.99}
2023-05-29 16:41:09,426 [INFO] Save valid_prediction_log data...
2023-05-29 16:41:09,428 [INFO] {'Data': 'valid', 'ACC': '0.98 (182 / 185)', 'TP': 73, 'FP': 2, 'FN': 1, 'TN': 109, 'Precision': '0.97 (73 / 73 + 2)', 'Recall': '0.99 (73 / 73 + 1)', 'F1': '0.98 (2 * (0.99 * 0.97) / 0.99 + 0.97)', 'Specificity': '0.98 (109 / 109 + 2)', 'AUC': 0.98, 'r2': 0.93}
2023-05-29 16:41:09,450 [INFO] Save test_prediction_log data...
2023-05-29 16:41:09,452 [INFO] {'Data': 'test', 'ACC': '0.71 (132 / 185)', 'TP': 41, 'FP': 20, 'FN': 33, 'TN': 91, 'Precision': '0.67 (41 / 41 + 20)', 'Recall': '0.55 (41 / 41 + 33)', 'F1': '0.6 (2 * (0.55 * 0.67) / 0.55 + 0.67)', 'Specificity': '0.82 (91 / 91 + 20)', 'AUC': 0.69, 'r2': -0.19}
2023-05-29 16:41:09,455 [INFO] Save training_log data...
2023-05-29 16:41:09,460 [INFO] Save score_log data...
2023-05-29 16:41:09,461 [INFO] Time : 261.81425619125366
