2023-05-27 02:15:50,918 [INFO] Train data : Vary_params\DUD-E\MET\nG1_50\ECFP6_512bits\Robust\MET_train_vector.tsv
2023-05-27 02:15:50,918 [INFO] Valid data : Vary_params\DUD-E\MET\nG1_50\ECFP6_512bits\Robust\MET_valid_vector.tsv
2023-05-27 02:15:50,918 [INFO] Output path : Vary_params\DUD-E\MET\nG1_50\ECFP6_512bits\Robust\MET_model\MLP
2023-05-27 02:15:50,918 [INFO] Model type : MLP
2023-05-27 02:15:50,918 [INFO] Use cores : 10
2023-05-27 02:15:50,942 [INFO] Start Learning model
2023-05-27 02:15:50,942 [INFO] Train : 196 | Valid : 49
2023-05-27 02:15:50,942 [INFO] Set parameters : {'hidden_layer_sizes': [(50,), (100,), (50, 50), (100, 100)], 'learning_rate': ['constant', 'invscaling', 'adaptive'], 'activation': ['relu', 'identity', 'logistic', 'tanh'], 'solver': ['adam', 'sgd', 'lbfgs'], 'alpha': [0.1, 0.01, 0.001], 'max_iter': [500, 1000], 'early_stopping': [True]}
2023-05-27 02:19:19,123 [INFO] GridSearchCV results :
     mean_valid_accuracy  mean_valid_precision  mean_valid_auc
570             0.838421                   1.0        0.797321
489             0.864474                   1.0        0.831250
630             0.828421                   1.0        0.784821
633             0.828421                   1.0        0.784821
573             0.838421                   1.0        0.797321
..                   ...                   ...             ...
475             0.602105                   0.0        0.500000
477             0.602105                   0.0        0.500000
478             0.602105                   0.0        0.500000
480             0.602105                   0.0        0.500000
559             0.602105                   0.0        0.500000

[864 rows x 3 columns]
2023-05-27 02:19:19,124 [INFO] Best model :
MLPClassifier(activation='logistic', alpha=0.1, early_stopping=True,
              hidden_layer_sizes=(100, 100), max_iter=500, random_state=42)
2023-05-27 02:19:19,132 [INFO] Save train_prediction_log data...
2023-05-27 02:19:19,135 [INFO] {'Data': 'train', 'ACC': '0.99 (194 / 196)', 'TP': 76, 'FP': 0, 'FN': 2, 'TN': 118, 'Precision': '1.0 (76 / 76 + 0)', 'Recall': '0.97 (76 / 76 + 2)', 'F1': '0.98 (2 * (0.97 * 1.0) / 0.97 + 1.0)', 'Specificity': '1.0 (118 / 118 + 0)', 'AUC': 0.99, 'r2': 0.96}
2023-05-27 02:19:19,141 [INFO] Save valid_prediction_log data...
2023-05-27 02:19:19,143 [INFO] {'Data': 'valid', 'ACC': '0.96 (47 / 49)', 'TP': 18, 'FP': 0, 'FN': 2, 'TN': 29, 'Precision': '1.0 (18 / 18 + 0)', 'Recall': '0.9 (18 / 18 + 2)', 'F1': '0.95 (2 * (0.9 * 1.0) / 0.9 + 1.0)', 'Specificity': '1.0 (29 / 29 + 0)', 'AUC': 0.95, 'r2': 0.83}
2023-05-27 02:19:19,158 [INFO] Save test_prediction_log data...
2023-05-27 02:19:19,162 [INFO] {'Data': 'test', 'ACC': '0.61 (30 / 49)', 'TP': 1, 'FP': 0, 'FN': 19, 'TN': 29, 'Precision': '1.0 (1 / 1 + 0)', 'Recall': '0.05 (1 / 1 + 19)', 'F1': '0.1 (2 * (0.05 * 1.0) / 0.05 + 1.0)', 'Specificity': '1.0 (29 / 29 + 0)', 'AUC': 0.52, 'r2': -0.61}
2023-05-27 02:19:19,165 [INFO] Save training_log data...
2023-05-27 02:19:19,170 [INFO] Save score_log data...
2023-05-27 02:19:19,171 [INFO] Time : 208.25252151489258
