2023-05-29 01:35:02,194 [INFO] Train data : Vary_params\DUD-E\KPCB\nG1_20\ECFP6_256bits\Robust\KPCB_train_vector.tsv
2023-05-29 01:35:02,195 [INFO] Valid data : Vary_params\DUD-E\KPCB\nG1_20\ECFP6_256bits\Robust\KPCB_valid_vector.tsv
2023-05-29 01:35:02,195 [INFO] Output path : Vary_params\DUD-E\KPCB\nG1_20\ECFP6_256bits\Robust\KPCB_model\RF
2023-05-29 01:35:02,195 [INFO] Model type : RF
2023-05-29 01:35:02,195 [INFO] Use cores : 11
2023-05-29 01:35:02,260 [INFO] Start Learning model
2023-05-29 01:35:02,260 [INFO] Train : 198 | Valid : 42
2023-05-29 01:35:02,260 [INFO] Set parameters : {'max_depth': [6, 8, 10, 12], 'max_features': ['sqrt', 'log2'], 'min_samples_leaf': [2, 4, 8, 10], 'min_samples_split': [2, 4, 8, 10], 'n_estimators': [200, 600, 1000]}
2023-05-29 01:41:08,499 [INFO] GridSearchCV results :
     mean_valid_accuracy  mean_valid_precision  mean_valid_auc
240                0.925                 0.975        0.925000
340                0.930                 0.975        0.930000
241                0.930                 0.975        0.930000
336                0.925                 0.975        0.925000
243                0.925                 0.975        0.925000
..                   ...                   ...             ...
333                0.895                 0.930        0.895455
39                 0.895                 0.930        0.895455
330                0.895                 0.930        0.895455
324                0.895                 0.930        0.895455
138                0.895                 0.930        0.895455

[384 rows x 3 columns]
2023-05-29 01:41:08,501 [INFO] Best model :
RandomForestClassifier(class_weight='balanced', max_depth=10,
                       max_features='log2', min_samples_leaf=2,
                       n_estimators=200, random_state=42)
2023-05-29 01:41:08,519 [INFO] Save train_prediction_log data...
2023-05-29 01:41:08,524 [INFO] {'Data': 'train', 'ACC': '0.99 (197 / 198)', 'TP': 96, 'FP': 0, 'FN': 1, 'TN': 101, 'Precision': '1.0 (96 / 96 + 0)', 'Recall': '0.99 (96 / 96 + 1)', 'F1': '0.99 (2 * (0.99 * 1.0) / 0.99 + 1.0)', 'Specificity': '1.0 (101 / 101 + 0)', 'AUC': 0.99, 'r2': 0.98}
2023-05-29 01:41:08,540 [INFO] Save valid_prediction_log data...
2023-05-29 01:41:08,542 [INFO] {'Data': 'valid', 'ACC': '1.0 (42 / 42)', 'TP': 17, 'FP': 0, 'FN': 0, 'TN': 25, 'Precision': '1.0 (17 / 17 + 0)', 'Recall': '1.0 (17 / 17 + 0)', 'F1': '1.0 (2 * (1.0 * 1.0) / 1.0 + 1.0)', 'Specificity': '1.0 (25 / 25 + 0)', 'AUC': 1.0, 'r2': 1.0}
2023-05-29 01:41:08,568 [INFO] Save test_prediction_log data...
2023-05-29 01:41:08,578 [INFO] {'Data': 'test', 'ACC': '0.71 (30 / 42)', 'TP': 8, 'FP': 3, 'FN': 9, 'TN': 22, 'Precision': '0.73 (8 / 8 + 3)', 'Recall': '0.47 (8 / 8 + 9)', 'F1': '0.57 (2 * (0.47 * 0.73) / 0.47 + 0.73)', 'Specificity': '0.88 (22 / 22 + 3)', 'AUC': 0.68, 'r2': -0.19}
2023-05-29 01:41:08,622 [INFO] Save training_log data...
2023-05-29 01:41:08,624 [INFO] Save score_log data...
2023-05-29 01:41:08,625 [INFO] Time : 366.43025493621826
