2023-05-27 12:04:36,351 [INFO] Train data : Vary_params_A\DUD-E\JAK2\nG1_50\ECFP6_256bits\Standard\JAK2_train_vector.tsv
2023-05-27 12:04:36,352 [INFO] Valid data : Vary_params_A\DUD-E\JAK2\nG1_50\ECFP6_256bits\Standard\JAK2_valid_vector.tsv
2023-05-27 12:04:36,352 [INFO] Output path : Vary_params_A\DUD-E\JAK2\nG1_50\ECFP6_256bits\Standard\JAK2_model\MLP
2023-05-27 12:04:36,352 [INFO] Model type : MLP
2023-05-27 12:04:36,352 [INFO] Use cores : 3
2023-05-27 12:04:36,378 [INFO] Start Learning model
2023-05-27 12:04:36,378 [INFO] Train : 112 | Valid : 28
2023-05-27 12:04:36,378 [INFO] Set parameters : {'hidden_layer_sizes': [(50,), (100,), (50, 50), (100, 100)], 'learning_rate': ['constant', 'invscaling', 'adaptive'], 'activation': ['relu', 'identity', 'logistic', 'tanh'], 'solver': ['adam', 'sgd', 'lbfgs'], 'alpha': [0.1, 0.01, 0.001], 'max_iter': [500, 1000], 'early_stopping': [True]}
2023-05-27 12:09:11,559 [INFO] GridSearchCV results :
     mean_valid_accuracy  mean_valid_precision  mean_valid_auc
284             0.956061                  0.98        0.949167
695             0.973485                  0.98        0.971667
227             0.973485                  0.98        0.971667
224             0.973485                  0.98        0.971667
221             0.973485                  0.98        0.971667
..                   ...                   ...             ...
630             0.598485                  0.00        0.500000
627             0.598485                  0.00        0.500000
498             0.598485                  0.00        0.500000
624             0.598485                  0.00        0.500000
573             0.598485                  0.00        0.500000

[864 rows x 3 columns]
2023-05-27 12:09:11,561 [INFO] Best model :
MLPClassifier(activation='identity', alpha=0.1, early_stopping=True,
              hidden_layer_sizes=(50,), max_iter=500, random_state=42,
              solver='lbfgs')
2023-05-27 12:09:11,567 [INFO] Save train_prediction_log data...
2023-05-27 12:09:11,572 [INFO] {'Data': 'train', 'ACC': '1.0 (112 / 112)', 'TP': 45, 'FP': 0, 'FN': 0, 'TN': 67, 'Precision': '1.0 (45 / 45 + 0)', 'Recall': '1.0 (45 / 45 + 0)', 'F1': '1.0 (2 * (1.0 * 1.0) / 1.0 + 1.0)', 'Specificity': '1.0 (67 / 67 + 0)', 'AUC': 1.0, 'r2': 1.0}
2023-05-27 12:09:11,577 [INFO] Save valid_prediction_log data...
2023-05-27 12:09:11,580 [INFO] {'Data': 'valid', 'ACC': '1.0 (28 / 28)', 'TP': 11, 'FP': 0, 'FN': 0, 'TN': 17, 'Precision': '1.0 (11 / 11 + 0)', 'Recall': '1.0 (11 / 11 + 0)', 'F1': '1.0 (2 * (1.0 * 1.0) / 1.0 + 1.0)', 'Specificity': '1.0 (17 / 17 + 0)', 'AUC': 1.0, 'r2': 1.0}
2023-05-27 12:09:11,595 [INFO] Save test_prediction_log data...
2023-05-27 12:09:11,598 [INFO] {'Data': 'test', 'ACC': '0.61 (17 / 28)', 'TP': 3, 'FP': 3, 'FN': 8, 'TN': 14, 'Precision': '0.5 (3 / 3 + 3)', 'Recall': '0.27 (3 / 3 + 8)', 'F1': '0.35 (2 * (0.27 * 0.5) / 0.27 + 0.5)', 'Specificity': '0.82 (14 / 14 + 3)', 'AUC': 0.55, 'r2': -0.65}
2023-05-27 12:09:11,602 [INFO] Save training_log data...
2023-05-27 12:09:11,609 [INFO] Save score_log data...
2023-05-27 12:09:11,610 [INFO] Time : 275.25899934768677
