2023-05-29 14:19:27,209 [INFO] Train data : Vary_params_BRAF_MK14\DUD-E\BRAF\nG1_80\ECFP6_256bits\Standard\BRAF_train_vector.tsv
2023-05-29 14:19:27,209 [INFO] Valid data : Vary_params_BRAF_MK14\DUD-E\BRAF\nG1_80\ECFP6_256bits\Standard\BRAF_valid_vector.tsv
2023-05-29 14:19:27,209 [INFO] Output path : Vary_params_BRAF_MK14\DUD-E\BRAF\nG1_80\ECFP6_256bits\Standard\BRAF_model\SVM
2023-05-29 14:19:27,209 [INFO] Model type : SVM
2023-05-29 14:19:27,209 [INFO] Use cores : 10
2023-05-29 14:19:27,227 [INFO] Start Learning model
2023-05-29 14:19:27,228 [INFO] Train : 171 | Valid : 50
2023-05-29 14:19:27,228 [INFO] Set parameters : {'kernel': ['linear', 'rbf'], 'C': [0.01, 0.1, 1, 10, 100, 1000], 'gamma': [0.01, 0.1, 1, 100, 1000]}
2023-05-29 14:19:29,828 [INFO] GridSearchCV results :
    mean_valid_accuracy  mean_valid_precision  mean_valid_auc
0              0.988235              0.983333        0.985833
20             0.988235              0.983333        0.985833
24             0.988235              0.983333        0.985833
26             0.988235              0.983333        0.985833
28             0.988235              0.983333        0.985833
32             0.988235              0.983333        0.985833
34             0.988235              0.983333        0.985833
36             0.988235              0.983333        0.985833
38             0.988235              0.983333        0.985833
40             0.988235              0.983333        0.985833
42             0.988235              0.983333        0.985833
44             0.988235              0.983333        0.985833
46             0.988235              0.983333        0.985833
48             0.988235              0.983333        0.985833
50             0.988235              0.983333        0.985833
52             0.988235              0.983333        0.985833
54             0.988235              0.983333        0.985833
56             0.988235              0.983333        0.985833
58             0.988235              0.983333        0.985833
22             0.988235              0.983333        0.985833
30             0.988235              0.983333        0.985833
2              0.988235              0.983333        0.985833
18             0.988235              0.983333        0.985833
10             0.988235              0.983333        0.985833
8              0.988235              0.983333        0.985833
16             0.988235              0.983333        0.985833
4              0.988235              0.983333        0.985833
12             0.988235              0.983333        0.985833
14             0.988235              0.983333        0.985833
6              0.988235              0.983333        0.985833
41             0.836928              0.800000        0.720000
31             0.836928              0.800000        0.720000
51             0.836928              0.800000        0.720000
21             0.778105              0.700000        0.620000
7              0.707516              0.000000        0.500000
47             0.707516              0.000000        0.500000
5              0.707516              0.000000        0.500000
49             0.707516              0.000000        0.500000
9              0.707516              0.000000        0.500000
53             0.707516              0.000000        0.500000
55             0.707516              0.000000        0.500000
3              0.707516              0.000000        0.500000
57             0.707516              0.000000        0.500000
45             0.707516              0.000000        0.500000
11             0.707516              0.000000        0.500000
43             0.707516              0.000000        0.500000
19             0.707516              0.000000        0.500000
39             0.707516              0.000000        0.500000
37             0.707516              0.000000        0.500000
13             0.707516              0.000000        0.500000
35             0.707516              0.000000        0.500000
33             0.707516              0.000000        0.500000
15             0.707516              0.000000        0.500000
1              0.707516              0.000000        0.500000
29             0.707516              0.000000        0.500000
27             0.707516              0.000000        0.500000
17             0.707516              0.000000        0.500000
25             0.707516              0.000000        0.500000
23             0.707516              0.000000        0.500000
59             0.707516              0.000000        0.500000
2023-05-29 14:19:29,829 [INFO] Best model :
SVC(C=0.01, gamma=0.01, kernel='linear', random_state=42)
2023-05-29 14:19:29,834 [INFO] Save train_prediction_log data...
2023-05-29 14:19:29,847 [INFO] {'Data': 'train', 'ACC': '1.0 (171 / 171)', 'TP': 50, 'FP': 0, 'FN': 0, 'TN': 121, 'Precision': '1.0 (50 / 50 + 0)', 'Recall': '1.0 (50 / 50 + 0)', 'F1': '1.0 (2 * (1.0 * 1.0) / 1.0 + 1.0)', 'Specificity': '1.0 (121 / 121 + 0)', 'AUC': 1.0, 'r2': 1.0}
2023-05-29 14:19:29,850 [INFO] Save valid_prediction_log data...
2023-05-29 14:19:29,852 [INFO] {'Data': 'valid', 'ACC': '1.0 (50 / 50)', 'TP': 20, 'FP': 0, 'FN': 0, 'TN': 30, 'Precision': '1.0 (20 / 20 + 0)', 'Recall': '1.0 (20 / 20 + 0)', 'F1': '1.0 (2 * (1.0 * 1.0) / 1.0 + 1.0)', 'Specificity': '1.0 (30 / 30 + 0)', 'AUC': 1.0, 'r2': 1.0}
2023-05-29 14:19:29,863 [INFO] Save test_prediction_log data...
2023-05-29 14:19:29,865 [INFO] {'Data': 'test', 'ACC': '0.58 (29 / 50)', 'TP': 5, 'FP': 6, 'FN': 15, 'TN': 24, 'Precision': '0.45 (5 / 5 + 6)', 'Recall': '0.25 (5 / 5 + 15)', 'F1': '0.32 (2 * (0.25 * 0.45) / 0.25 + 0.45)', 'Specificity': '0.8 (24 / 24 + 6)', 'AUC': 0.52, 'r2': -0.75}
2023-05-29 14:19:29,867 [INFO] Save training_log data...
2023-05-29 14:19:29,868 [INFO] Save score_log data...
2023-05-29 14:19:29,868 [INFO] Time : 2.6593475341796875
