2023-05-27 16:38:38,537 [INFO] Train data : Vary_params\DUD-E\AKT2\nG1_50\ECFP4_256bits\MinMax\AKT2_train_vector.tsv
2023-05-27 16:38:38,537 [INFO] Valid data : Vary_params\DUD-E\AKT2\nG1_50\ECFP4_256bits\MinMax\AKT2_valid_vector.tsv
2023-05-27 16:38:38,538 [INFO] Output path : Vary_params\DUD-E\AKT2\nG1_50\ECFP4_256bits\MinMax\AKT2_model\XGB
2023-05-27 16:38:38,538 [INFO] Model type : XGB
2023-05-27 16:38:38,538 [INFO] Use cores : 11
2023-05-27 16:38:38,553 [INFO] Start Learning model
2023-05-27 16:38:38,553 [INFO] Train : 125 | Valid : 31
2023-05-27 16:38:38,554 [INFO] Set parameters : {'max_depth': [4, 6, 8], 'learning_rate': [0.01, 0.2], 'n_estimators': [200, 600, 1000], 'gamma': [0, 1000], 'min_child_weight': [1, 3], 'subsample': [0.5, 1], 'colsample_bytree': [0.5, 1], 'objective': ['binary:logitraw'], 'eval_metric': ['auc', 'error']}
2023-05-27 16:45:43,664 [INFO] GridSearchCV results :
     mean_valid_accuracy  mean_valid_precision  mean_valid_auc
0               0.937821              0.983333        0.922857
479             0.968590              0.983333        0.962857
352             0.960256              0.983333        0.952857
351             0.960897              0.983333        0.952857
350             0.960256              0.983333        0.952857
..                   ...                   ...             ...
363             0.599359              0.000000        0.500000
362             0.599359              0.000000        0.500000
361             0.599359              0.000000        0.500000
360             0.599359              0.000000        0.500000
575             0.599359              0.000000        0.500000

[576 rows x 3 columns]
2023-05-27 16:45:43,666 [INFO] Best model :
XGBClassifier(base_score=None, booster=None, callbacks=None,
              colsample_bylevel=None, colsample_bynode=None,
              colsample_bytree=0.5, early_stopping_rounds=None,
              enable_categorical=False, eval_metric='auc', feature_types=None,
              gamma=0, gpu_id=None, grow_policy=None, importance_type=None,
              interaction_constraints=None, learning_rate=0.01, max_bin=None,
              max_cat_threshold=None, max_cat_to_onehot=None,
              max_delta_step=None, max_depth=4, max_leaves=None,
              min_child_weight=1, missing=nan, monotone_constraints=None,
              n_estimators=200, n_jobs=0, num_parallel_tree=None,
              objective='binary:logitraw', predictor=None, ...)
2023-05-27 16:45:43,677 [INFO] Save train_prediction_log data...
2023-05-27 16:45:43,681 [INFO] {'Data': 'train', 'ACC': '0.98 (123 / 125)', 'TP': 48, 'FP': 0, 'FN': 2, 'TN': 75, 'Precision': '1.0 (48 / 48 + 0)', 'Recall': '0.96 (48 / 48 + 2)', 'F1': '0.98 (2 * (0.96 * 1.0) / 0.96 + 1.0)', 'Specificity': '1.0 (75 / 75 + 0)', 'AUC': 0.98, 'r2': 0.93}
2023-05-27 16:45:43,691 [INFO] Save valid_prediction_log data...
2023-05-27 16:45:43,701 [INFO] {'Data': 'valid', 'ACC': '1.0 (31 / 31)', 'TP': 12, 'FP': 0, 'FN': 0, 'TN': 19, 'Precision': '1.0 (12 / 12 + 0)', 'Recall': '1.0 (12 / 12 + 0)', 'F1': '1.0 (2 * (1.0 * 1.0) / 1.0 + 1.0)', 'Specificity': '1.0 (19 / 19 + 0)', 'AUC': 1.0, 'r2': 1.0}
2023-05-27 16:45:43,720 [INFO] Save test_prediction_log data...
2023-05-27 16:45:43,723 [INFO] {'Data': 'test', 'ACC': '0.81 (25 / 31)', 'TP': 9, 'FP': 3, 'FN': 3, 'TN': 16, 'Precision': '0.75 (9 / 9 + 3)', 'Recall': '0.75 (9 / 9 + 3)', 'F1': '0.75 (2 * (0.75 * 0.75) / 0.75 + 0.75)', 'Specificity': '0.84 (16 / 16 + 3)', 'AUC': 0.8, 'r2': 0.18}
2023-05-27 16:45:43,728 [INFO] Save training_log data...
2023-05-27 16:45:43,734 [INFO] Save score_log data...
2023-05-27 16:45:43,735 [INFO] Time : 425.197998046875
