2023-05-27 12:47:36,259 [INFO] Train data : Vary_params\DUD-E\AKT2\nG1_20\ECFP4_256bits\MinMax\AKT2_train_vector.tsv
2023-05-27 12:47:36,259 [INFO] Valid data : Vary_params\DUD-E\AKT2\nG1_20\ECFP4_256bits\MinMax\AKT2_valid_vector.tsv
2023-05-27 12:47:36,259 [INFO] Output path : Vary_params\DUD-E\AKT2\nG1_20\ECFP4_256bits\MinMax\AKT2_model\MLP
2023-05-27 12:47:36,259 [INFO] Model type : MLP
2023-05-27 12:47:36,259 [INFO] Use cores : 11
2023-05-27 12:47:36,274 [INFO] Start Learning model
2023-05-27 12:47:36,274 [INFO] Train : 155 | Valid : 31
2023-05-27 12:47:36,274 [INFO] Set parameters : {'hidden_layer_sizes': [(50,), (100,), (50, 50), (100, 100)], 'learning_rate': ['constant', 'invscaling', 'adaptive'], 'activation': ['relu', 'identity', 'logistic', 'tanh'], 'solver': ['adam', 'sgd', 'lbfgs'], 'alpha': [0.1, 0.01, 0.001], 'max_iter': [500, 1000], 'early_stopping': [True]}
2023-05-27 12:49:46,806 [INFO] GridSearchCV results :
     mean_valid_accuracy  mean_valid_precision  mean_valid_auc
227             0.987500                   1.0          0.9875
233             0.987500                   1.0          0.9875
218             0.987500                   1.0          0.9875
224             0.987500                   1.0          0.9875
230             0.987500                   1.0          0.9875
..                   ...                   ...             ...
454             0.483333                   0.0          0.5000
451             0.483333                   0.0          0.5000
604             0.483333                   0.0          0.5000
619             0.483333                   0.0          0.5000
595             0.483333                   0.0          0.5000

[864 rows x 3 columns]
2023-05-27 12:49:46,807 [INFO] Best model :
MLPClassifier(activation='identity', alpha=0.1, early_stopping=True,
              hidden_layer_sizes=(50,), max_iter=500, random_state=42,
              solver='lbfgs')
2023-05-27 12:49:46,812 [INFO] Save train_prediction_log data...
2023-05-27 12:49:46,815 [INFO] {'Data': 'train', 'ACC': '1.0 (155 / 155)', 'TP': 80, 'FP': 0, 'FN': 0, 'TN': 75, 'Precision': '1.0 (80 / 80 + 0)', 'Recall': '1.0 (80 / 80 + 0)', 'F1': '1.0 (2 * (1.0 * 1.0) / 1.0 + 1.0)', 'Specificity': '1.0 (75 / 75 + 0)', 'AUC': 1.0, 'r2': 1.0}
2023-05-27 12:49:46,819 [INFO] Save valid_prediction_log data...
2023-05-27 12:49:46,822 [INFO] {'Data': 'valid', 'ACC': '0.97 (30 / 31)', 'TP': 12, 'FP': 1, 'FN': 0, 'TN': 18, 'Precision': '0.92 (12 / 12 + 1)', 'Recall': '1.0 (12 / 12 + 0)', 'F1': '0.96 (2 * (1.0 * 0.92) / 1.0 + 0.92)', 'Specificity': '0.95 (18 / 18 + 1)', 'AUC': 0.97, 'r2': 0.86}
2023-05-27 12:49:46,832 [INFO] Save test_prediction_log data...
2023-05-27 12:49:46,834 [INFO] {'Data': 'test', 'ACC': '0.65 (20 / 31)', 'TP': 9, 'FP': 8, 'FN': 3, 'TN': 11, 'Precision': '0.53 (9 / 9 + 8)', 'Recall': '0.75 (9 / 9 + 3)', 'F1': '0.62 (2 * (0.75 * 0.53) / 0.75 + 0.53)', 'Specificity': '0.58 (11 / 11 + 8)', 'AUC': 0.66, 'r2': -0.5}
2023-05-27 12:49:46,837 [INFO] Save training_log data...
2023-05-27 12:49:46,842 [INFO] Save score_log data...
2023-05-27 12:49:46,843 [INFO] Time : 130.58307909965515
