2023-05-29 15:31:34,688 [INFO] Train data : Vary_params_CDK2_EGFR_LCK\DUD-E\LCK\nG1_80\ECFP6_256bits\MinMax\LCK_train_vector.tsv
2023-05-29 15:31:34,688 [INFO] Valid data : Vary_params_CDK2_EGFR_LCK\DUD-E\LCK\nG1_80\ECFP6_256bits\MinMax\LCK_valid_vector.tsv
2023-05-29 15:31:34,688 [INFO] Output path : Vary_params_CDK2_EGFR_LCK\DUD-E\LCK\nG1_80\ECFP6_256bits\MinMax\LCK_model\SVM
2023-05-29 15:31:34,688 [INFO] Model type : SVM
2023-05-29 15:31:34,688 [INFO] Use cores : 19
2023-05-29 15:31:34,706 [INFO] Start Learning model
2023-05-29 15:31:34,707 [INFO] Train : 706 | Valid : 185
2023-05-29 15:31:34,707 [INFO] Set parameters : {'kernel': ['linear', 'rbf'], 'C': [0.01, 0.1, 1, 10, 100, 1000], 'gamma': [0.01, 0.1, 1, 100, 1000]}
2023-05-29 15:31:38,505 [INFO] GridSearchCV results :
    mean_valid_accuracy  mean_valid_precision  mean_valid_auc
43             0.763602              1.000000        0.684117
23             0.728149              1.000000        0.636538
53             0.763602              1.000000        0.684117
11             0.790423              1.000000        0.720014
33             0.763602              1.000000        0.684117
21             0.967445              0.978011        0.961298
0              0.956097              0.962209        0.949228
2              0.956097              0.962209        0.949228
4              0.956097              0.962209        0.949228
6              0.956097              0.962209        0.949228
8              0.956097              0.962209        0.949228
51             0.957525              0.955249        0.952679
41             0.957525              0.955249        0.952679
31             0.957525              0.955249        0.952679
14             0.940463              0.927036        0.936779
18             0.940463              0.927036        0.936779
10             0.940463              0.927036        0.936779
16             0.940463              0.927036        0.936779
12             0.940463              0.927036        0.936779
50             0.920684              0.884352        0.919468
48             0.920684              0.884352        0.919468
46             0.920684              0.884352        0.919468
44             0.920684              0.884352        0.919468
52             0.920684              0.884352        0.919468
56             0.920684              0.884352        0.919468
42             0.920684              0.884352        0.919468
58             0.920684              0.884352        0.919468
40             0.920684              0.884352        0.919468
38             0.920684              0.884352        0.919468
36             0.920684              0.884352        0.919468
34             0.920684              0.884352        0.919468
54             0.920684              0.884352        0.919468
30             0.920684              0.884352        0.919468
32             0.920684              0.884352        0.919468
28             0.920684              0.884352        0.919468
22             0.920684              0.884352        0.919468
24             0.920684              0.884352        0.919468
26             0.920684              0.884352        0.919468
20             0.920684              0.884352        0.919468
39             0.626076              0.000000        0.500000
17             0.626076              0.000000        0.500000
3              0.626076              0.000000        0.500000
57             0.626076              0.000000        0.500000
5              0.626076              0.000000        0.500000
55             0.626076              0.000000        0.500000
7              0.626076              0.000000        0.500000
9              0.626076              0.000000        0.500000
13             0.626076              0.000000        0.500000
15             0.626076              0.000000        0.500000
49             0.626076              0.000000        0.500000
27             0.626076              0.000000        0.500000
19             0.626076              0.000000        0.500000
47             0.626076              0.000000        0.500000
1              0.626076              0.000000        0.500000
45             0.626076              0.000000        0.500000
35             0.626076              0.000000        0.500000
29             0.626076              0.000000        0.500000
25             0.626076              0.000000        0.500000
37             0.626076              0.000000        0.500000
59             0.626076              0.000000        0.500000
2023-05-29 15:31:38,506 [INFO] Best model :
SVC(C=0.1, gamma=0.01, random_state=42)
2023-05-29 15:31:38,546 [INFO] Save train_prediction_log data...
2023-05-29 15:31:38,549 [INFO] {'Data': 'train', 'ACC': '0.86 (606 / 706)', 'TP': 164, 'FP': 0, 'FN': 100, 'TN': 442, 'Precision': '1.0 (164 / 164 + 0)', 'Recall': '0.62 (164 / 164 + 100)', 'F1': '0.77 (2 * (0.62 * 1.0) / 0.62 + 1.0)', 'Specificity': '1.0 (442 / 442 + 0)', 'AUC': 0.81, 'r2': 0.39}
2023-05-29 15:31:38,562 [INFO] Save valid_prediction_log data...
2023-05-29 15:31:38,564 [INFO] {'Data': 'valid', 'ACC': '0.89 (165 / 185)', 'TP': 54, 'FP': 0, 'FN': 20, 'TN': 111, 'Precision': '1.0 (54 / 54 + 0)', 'Recall': '0.73 (54 / 54 + 20)', 'F1': '0.84 (2 * (0.73 * 1.0) / 0.73 + 1.0)', 'Specificity': '1.0 (111 / 111 + 0)', 'AUC': 0.86, 'r2': 0.55}
2023-05-29 15:31:38,583 [INFO] Save test_prediction_log data...
2023-05-29 15:31:38,585 [INFO] {'Data': 'test', 'ACC': '0.67 (124 / 185)', 'TP': 14, 'FP': 1, 'FN': 60, 'TN': 110, 'Precision': '0.93 (14 / 14 + 1)', 'Recall': '0.19 (14 / 14 + 60)', 'F1': '0.32 (2 * (0.19 * 0.93) / 0.19 + 0.93)', 'Specificity': '0.99 (110 / 110 + 1)', 'AUC': 0.59, 'r2': -0.37}
2023-05-29 15:31:38,587 [INFO] Save training_log data...
2023-05-29 15:31:38,588 [INFO] Save score_log data...
2023-05-29 15:31:38,589 [INFO] Time : 3.9011027812957764
