2023-05-30 06:33:03,342 [INFO] Train data : Baseline_noscale\DUD-E\ROCK1\ECFP4_256bits\ROCK1_raw_train.tsv
2023-05-30 06:33:03,343 [INFO] Valid data : Baseline_noscale\DUD-E\ROCK1\ECFP4_256bits\ROCK1_raw_valid.tsv
2023-05-30 06:33:03,343 [INFO] Output path : Baseline_noscale\DUD-E\ROCK1\ECFP4_256bits\ROCK1_model\SVM
2023-05-30 06:33:03,343 [INFO] Model type : SVM
2023-05-30 06:33:03,343 [INFO] Use cores : 12
2023-05-30 06:33:03,351 [INFO] Start Learning model
2023-05-30 06:33:03,351 [INFO] Train : 100 | Valid : 25
2023-05-30 06:33:03,352 [INFO] Set parameters : {'kernel': ['linear', 'rbf'], 'C': [0.01, 0.1, 1, 10, 100, 1000], 'gamma': [0.01, 0.1, 1, 100, 1000]}
2023-05-30 06:33:05,988 [INFO] GridSearchCV results :
    mean_valid_accuracy  mean_valid_precision  mean_valid_auc
0                  0.96              0.980000        0.954167
2                  0.96              0.980000        0.954167
4                  0.96              0.980000        0.954167
6                  0.96              0.980000        0.954167
21                 0.96              0.980000        0.954167
8                  0.96              0.980000        0.954167
31                 0.95              0.960000        0.945833
51                 0.95              0.960000        0.945833
41                 0.95              0.960000        0.945833
42                 0.94              0.946667        0.937500
32                 0.94              0.946667        0.937500
34                 0.94              0.946667        0.937500
36                 0.94              0.946667        0.937500
38                 0.94              0.946667        0.937500
40                 0.94              0.946667        0.937500
48                 0.94              0.946667        0.937500
44                 0.94              0.946667        0.937500
46                 0.94              0.946667        0.937500
26                 0.94              0.946667        0.937500
50                 0.94              0.946667        0.937500
52                 0.94              0.946667        0.937500
54                 0.94              0.946667        0.937500
56                 0.94              0.946667        0.937500
58                 0.94              0.946667        0.937500
28                 0.94              0.946667        0.937500
30                 0.94              0.946667        0.937500
12                 0.94              0.946667        0.937500
18                 0.94              0.946667        0.937500
24                 0.94              0.946667        0.937500
14                 0.94              0.946667        0.937500
10                 0.94              0.946667        0.937500
16                 0.94              0.946667        0.937500
22                 0.94              0.946667        0.937500
20                 0.94              0.946667        0.937500
53                 0.86              0.900000        0.825000
43                 0.86              0.900000        0.825000
33                 0.86              0.900000        0.825000
23                 0.83              0.900000        0.787500
47                 0.60              0.000000        0.500000
7                  0.60              0.000000        0.500000
5                  0.60              0.000000        0.500000
9                  0.60              0.000000        0.500000
57                 0.60              0.000000        0.500000
11                 0.60              0.000000        0.500000
3                  0.60              0.000000        0.500000
49                 0.60              0.000000        0.500000
55                 0.60              0.000000        0.500000
25                 0.60              0.000000        0.500000
13                 0.60              0.000000        0.500000
45                 0.60              0.000000        0.500000
27                 0.60              0.000000        0.500000
15                 0.60              0.000000        0.500000
17                 0.60              0.000000        0.500000
39                 0.60              0.000000        0.500000
37                 0.60              0.000000        0.500000
19                 0.60              0.000000        0.500000
35                 0.60              0.000000        0.500000
1                  0.60              0.000000        0.500000
29                 0.60              0.000000        0.500000
59                 0.60              0.000000        0.500000
2023-05-30 06:33:05,989 [INFO] Best model :
SVC(C=0.01, gamma=0.01, kernel='linear', random_state=42)
2023-05-30 06:33:05,993 [INFO] Save train_prediction_log data...
2023-05-30 06:33:05,995 [INFO] {'Data': 'train', 'ACC': '0.97 (97 / 100)', 'TP': 38, 'FP': 1, 'FN': 2, 'TN': 59, 'Precision': '0.97 (38 / 38 + 1)', 'Recall': '0.95 (38 / 38 + 2)', 'F1': '0.96 (2 * (0.95 * 0.97) / 0.95 + 0.97)', 'Specificity': '0.98 (59 / 59 + 1)', 'AUC': 0.97, 'r2': 0.88}
2023-05-30 06:33:05,998 [INFO] Save valid_prediction_log data...
2023-05-30 06:33:06,000 [INFO] {'Data': 'valid', 'ACC': '1.0 (25 / 25)', 'TP': 10, 'FP': 0, 'FN': 0, 'TN': 15, 'Precision': '1.0 (10 / 10 + 0)', 'Recall': '1.0 (10 / 10 + 0)', 'F1': '1.0 (2 * (1.0 * 1.0) / 1.0 + 1.0)', 'Specificity': '1.0 (15 / 15 + 0)', 'AUC': 1.0, 'r2': 1.0}
2023-05-30 06:33:06,006 [INFO] Save test_prediction_log data...
2023-05-30 06:33:06,008 [INFO] {'Data': 'test', 'ACC': '0.6 (15 / 25)', 'TP': 3, 'FP': 3, 'FN': 7, 'TN': 12, 'Precision': '0.5 (3 / 3 + 3)', 'Recall': '0.3 (3 / 3 + 7)', 'F1': '0.37 (2 * (0.3 * 0.5) / 0.3 + 0.5)', 'Specificity': '0.8 (12 / 12 + 3)', 'AUC': 0.55, 'r2': -0.67}
2023-05-30 06:33:06,010 [INFO] Save training_log data...
2023-05-30 06:33:06,011 [INFO] Save score_log data...
2023-05-30 06:33:06,011 [INFO] Time : 2.669229745864868
