2023-05-28 03:53:01,717 [INFO] Train data : Vary_params\DUD-E\CSF1R\nG1_20\ECFP6_512bits\MinMax\CSF1R_train_vector.tsv
2023-05-28 03:53:01,717 [INFO] Valid data : Vary_params\DUD-E\CSF1R\nG1_20\ECFP6_512bits\MinMax\CSF1R_valid_vector.tsv
2023-05-28 03:53:01,717 [INFO] Output path : Vary_params\DUD-E\CSF1R\nG1_20\ECFP6_512bits\MinMax\CSF1R_model\XGB
2023-05-28 03:53:01,717 [INFO] Model type : XGB
2023-05-28 03:53:01,717 [INFO] Use cores : 11
2023-05-28 03:53:01,745 [INFO] Start Learning model
2023-05-28 03:53:01,745 [INFO] Train : 216 | Valid : 47
2023-05-28 03:53:01,746 [INFO] Set parameters : {'max_depth': [4, 6, 8], 'learning_rate': [0.01, 0.2], 'n_estimators': [200, 600, 1000], 'gamma': [0, 1000], 'min_child_weight': [1, 3], 'subsample': [0.5, 1], 'colsample_bytree': [0.5, 1], 'objective': ['binary:logitraw'], 'eval_metric': ['auc', 'error']}
2023-05-28 04:11:50,111 [INFO] GridSearchCV results :
     mean_valid_accuracy  mean_valid_precision  mean_valid_auc
0               0.912121              0.971667        0.909545
30              0.903030              0.971667        0.900909
174             0.903030              0.971667        0.900909
144             0.912121              0.971667        0.909545
168             0.916667              0.971667        0.914545
..                   ...                   ...             ...
368             0.518615              0.000000        0.500000
367             0.518615              0.000000        0.500000
366             0.518615              0.000000        0.500000
365             0.518615              0.000000        0.500000
575             0.518615              0.000000        0.500000

[576 rows x 3 columns]
2023-05-28 04:11:50,113 [INFO] Best model :
XGBClassifier(base_score=None, booster=None, callbacks=None,
              colsample_bylevel=None, colsample_bynode=None,
              colsample_bytree=0.5, early_stopping_rounds=None,
              enable_categorical=False, eval_metric='auc', feature_types=None,
              gamma=0, gpu_id=None, grow_policy=None, importance_type=None,
              interaction_constraints=None, learning_rate=0.01, max_bin=None,
              max_cat_threshold=None, max_cat_to_onehot=None,
              max_delta_step=None, max_depth=4, max_leaves=None,
              min_child_weight=1, missing=nan, monotone_constraints=None,
              n_estimators=200, n_jobs=0, num_parallel_tree=None,
              objective='binary:logitraw', predictor=None, ...)
2023-05-28 04:11:50,132 [INFO] Save train_prediction_log data...
2023-05-28 04:11:50,136 [INFO] {'Data': 'train', 'ACC': '0.99 (213 / 216)', 'TP': 101, 'FP': 0, 'FN': 3, 'TN': 112, 'Precision': '1.0 (101 / 101 + 0)', 'Recall': '0.97 (101 / 101 + 3)', 'F1': '0.98 (2 * (0.97 * 1.0) / 0.97 + 1.0)', 'Specificity': '1.0 (112 / 112 + 0)', 'AUC': 0.99, 'r2': 0.94}
2023-05-28 04:11:50,153 [INFO] Save valid_prediction_log data...
2023-05-28 04:11:50,157 [INFO] {'Data': 'valid', 'ACC': '1.0 (47 / 47)', 'TP': 19, 'FP': 0, 'FN': 0, 'TN': 28, 'Precision': '1.0 (19 / 19 + 0)', 'Recall': '1.0 (19 / 19 + 0)', 'F1': '1.0 (2 * (1.0 * 1.0) / 1.0 + 1.0)', 'Specificity': '1.0 (28 / 28 + 0)', 'AUC': 1.0, 'r2': 1.0}
2023-05-28 04:11:50,190 [INFO] Save test_prediction_log data...
2023-05-28 04:11:50,194 [INFO] {'Data': 'test', 'ACC': '0.62 (29 / 47)', 'TP': 12, 'FP': 11, 'FN': 7, 'TN': 17, 'Precision': '0.52 (12 / 12 + 11)', 'Recall': '0.63 (12 / 12 + 7)', 'F1': '0.57 (2 * (0.63 * 0.52) / 0.63 + 0.52)', 'Specificity': '0.61 (17 / 17 + 11)', 'AUC': 0.62, 'r2': -0.59}
2023-05-28 04:11:50,199 [INFO] Save training_log data...
2023-05-28 04:11:50,204 [INFO] Save score_log data...
2023-05-28 04:11:50,205 [INFO] Time : 1128.48752951622
