2023-05-26 21:12:02,138 [INFO] Train data : Vary_params_A\DUD-E\JAK2\nG1_20\ECFP4_256bits\MinMax\JAK2_train_vector.tsv
2023-05-26 21:12:02,138 [INFO] Valid data : Vary_params_A\DUD-E\JAK2\nG1_20\ECFP4_256bits\MinMax\JAK2_valid_vector.tsv
2023-05-26 21:12:02,138 [INFO] Output path : Vary_params_A\DUD-E\JAK2\nG1_20\ECFP4_256bits\MinMax\JAK2_model\SVM
2023-05-26 21:12:02,138 [INFO] Model type : SVM
2023-05-26 21:12:02,138 [INFO] Use cores : 3
2023-05-26 21:12:02,158 [INFO] Start Learning model
2023-05-26 21:12:02,158 [INFO] Train : 142 | Valid : 28
2023-05-26 21:12:02,158 [INFO] Set parameters : {'kernel': ['linear', 'rbf'], 'C': [0.01, 0.1, 1, 10, 100, 1000], 'gamma': [0.01, 0.1, 1, 100, 1000]}
2023-05-26 21:12:06,811 [INFO] GridSearchCV results :
    mean_valid_accuracy  mean_valid_precision  mean_valid_auc
43             0.881905              0.985714        0.890774
33             0.881905              0.985714        0.890774
23             0.881905              0.985714        0.890774
53             0.881905              0.985714        0.890774
0              0.944286              0.980000        0.945833
2              0.944286              0.980000        0.945833
4              0.944286              0.980000        0.945833
6              0.944286              0.980000        0.945833
21             0.944286              0.980000        0.945833
8              0.944286              0.980000        0.945833
41             0.937143              0.967500        0.938690
31             0.937143              0.967500        0.938690
51             0.937143              0.967500        0.938690
50             0.915714              0.930000        0.917262
48             0.915714              0.930000        0.917262
28             0.915714              0.930000        0.917262
44             0.915714              0.930000        0.917262
42             0.915714              0.930000        0.917262
52             0.915714              0.930000        0.917262
40             0.915714              0.930000        0.917262
38             0.915714              0.930000        0.917262
54             0.915714              0.930000        0.917262
36             0.915714              0.930000        0.917262
56             0.915714              0.930000        0.917262
34             0.915714              0.930000        0.917262
58             0.915714              0.930000        0.917262
32             0.915714              0.930000        0.917262
46             0.915714              0.930000        0.917262
30             0.915714              0.930000        0.917262
20             0.915714              0.930000        0.917262
14             0.915714              0.930000        0.917262
26             0.915714              0.930000        0.917262
12             0.915714              0.930000        0.917262
24             0.915714              0.930000        0.917262
22             0.915714              0.930000        0.917262
16             0.915714              0.930000        0.917262
10             0.915714              0.930000        0.917262
18             0.915714              0.930000        0.917262
9              0.528095              0.528095        0.500000
11             0.528095              0.528095        0.500000
29             0.528095              0.528095        0.500000
7              0.528095              0.528095        0.500000
13             0.528095              0.528095        0.500000
55             0.528095              0.528095        0.500000
5              0.528095              0.528095        0.500000
57             0.528095              0.528095        0.500000
3              0.528095              0.528095        0.500000
49             0.528095              0.528095        0.500000
15             0.528095              0.528095        0.500000
47             0.528095              0.528095        0.500000
45             0.528095              0.528095        0.500000
1              0.528095              0.528095        0.500000
17             0.528095              0.528095        0.500000
19             0.528095              0.528095        0.500000
39             0.528095              0.528095        0.500000
37             0.528095              0.528095        0.500000
35             0.528095              0.528095        0.500000
25             0.528095              0.528095        0.500000
27             0.528095              0.528095        0.500000
59             0.528095              0.528095        0.500000
2023-05-26 21:12:06,813 [INFO] Best model :
SVC(C=1, gamma=0.1, random_state=42)
2023-05-26 21:12:06,823 [INFO] Save train_prediction_log data...
2023-05-26 21:12:06,828 [INFO] {'Data': 'train', 'ACC': '1.0 (142 / 142)', 'TP': 75, 'FP': 0, 'FN': 0, 'TN': 67, 'Precision': '1.0 (75 / 75 + 0)', 'Recall': '1.0 (75 / 75 + 0)', 'F1': '1.0 (2 * (1.0 * 1.0) / 1.0 + 1.0)', 'Specificity': '1.0 (67 / 67 + 0)', 'AUC': 1.0, 'r2': 1.0}
2023-05-26 21:12:06,834 [INFO] Save valid_prediction_log data...
2023-05-26 21:12:06,837 [INFO] {'Data': 'valid', 'ACC': '1.0 (28 / 28)', 'TP': 11, 'FP': 0, 'FN': 0, 'TN': 17, 'Precision': '1.0 (11 / 11 + 0)', 'Recall': '1.0 (11 / 11 + 0)', 'F1': '1.0 (2 * (1.0 * 1.0) / 1.0 + 1.0)', 'Specificity': '1.0 (17 / 17 + 0)', 'AUC': 1.0, 'r2': 1.0}
2023-05-26 21:12:06,851 [INFO] Save test_prediction_log data...
2023-05-26 21:12:06,854 [INFO] {'Data': 'test', 'ACC': '0.68 (19 / 28)', 'TP': 3, 'FP': 1, 'FN': 8, 'TN': 16, 'Precision': '0.75 (3 / 3 + 1)', 'Recall': '0.27 (3 / 3 + 8)', 'F1': '0.4 (2 * (0.27 * 0.75) / 0.27 + 0.75)', 'Specificity': '0.94 (16 / 16 + 1)', 'AUC': 0.61, 'r2': -0.35}
2023-05-26 21:12:06,857 [INFO] Save training_log data...
2023-05-26 21:12:06,859 [INFO] Save score_log data...
2023-05-26 21:12:06,863 [INFO] Time : 4.723366737365723
