2023-05-29 01:50:48,331 [INFO] Train data : Vary_params\DUD-E\KPCB\nG1_20\ECFP6_256bits\Robust\KPCB_train_vector.tsv
2023-05-29 01:50:48,331 [INFO] Valid data : Vary_params\DUD-E\KPCB\nG1_20\ECFP6_256bits\Robust\KPCB_valid_vector.tsv
2023-05-29 01:50:48,331 [INFO] Output path : Vary_params\DUD-E\KPCB\nG1_20\ECFP6_256bits\Robust\KPCB_model\MLP
2023-05-29 01:50:48,331 [INFO] Model type : MLP
2023-05-29 01:50:48,331 [INFO] Use cores : 11
2023-05-29 01:50:48,351 [INFO] Start Learning model
2023-05-29 01:50:48,351 [INFO] Train : 198 | Valid : 42
2023-05-29 01:50:48,351 [INFO] Set parameters : {'hidden_layer_sizes': [(50,), (100,), (50, 50), (100, 100)], 'learning_rate': ['constant', 'invscaling', 'adaptive'], 'activation': ['relu', 'identity', 'logistic', 'tanh'], 'solver': ['adam', 'sgd', 'lbfgs'], 'alpha': [0.1, 0.01, 0.001], 'max_iter': [500, 1000], 'early_stopping': [True]}
2023-05-29 01:54:11,474 [INFO] GridSearchCV results :
     mean_valid_accuracy  mean_valid_precision  mean_valid_auc
573             0.842895              0.940707        0.841566
645             0.842895              0.940707        0.841566
630             0.842895              0.940707        0.841566
633             0.842895              0.940707        0.841566
636             0.842895              0.940707        0.841566
..                   ...                   ...             ...
454             0.480526              0.333333        0.471566
457             0.480526              0.333333        0.471566
529             0.480526              0.333333        0.471566
460             0.480526              0.333333        0.471566
532             0.480526              0.333333        0.471566

[864 rows x 3 columns]
2023-05-29 01:54:11,475 [INFO] Best model :
MLPClassifier(activation='logistic', alpha=0.01, early_stopping=True,
              hidden_layer_sizes=(100, 100), max_iter=500, random_state=42)
2023-05-29 01:54:11,482 [INFO] Save train_prediction_log data...
2023-05-29 01:54:11,487 [INFO] {'Data': 'train', 'ACC': '0.97 (192 / 198)', 'TP': 91, 'FP': 0, 'FN': 6, 'TN': 101, 'Precision': '1.0 (91 / 91 + 0)', 'Recall': '0.94 (91 / 91 + 6)', 'F1': '0.97 (2 * (0.94 * 1.0) / 0.94 + 1.0)', 'Specificity': '1.0 (101 / 101 + 0)', 'AUC': 0.97, 'r2': 0.88}
2023-05-29 01:54:11,493 [INFO] Save valid_prediction_log data...
2023-05-29 01:54:11,496 [INFO] {'Data': 'valid', 'ACC': '0.93 (39 / 42)', 'TP': 15, 'FP': 1, 'FN': 2, 'TN': 24, 'Precision': '0.94 (15 / 15 + 1)', 'Recall': '0.88 (15 / 15 + 2)', 'F1': '0.91 (2 * (0.88 * 0.94) / 0.88 + 0.94)', 'Specificity': '0.96 (24 / 24 + 1)', 'AUC': 0.92, 'r2': 0.7}
2023-05-29 01:54:11,508 [INFO] Save test_prediction_log data...
2023-05-29 01:54:11,511 [INFO] {'Data': 'test', 'ACC': '0.64 (27 / 42)', 'TP': 5, 'FP': 3, 'FN': 12, 'TN': 22, 'Precision': '0.62 (5 / 5 + 3)', 'Recall': '0.29 (5 / 5 + 12)', 'F1': '0.4 (2 * (0.29 * 0.62) / 0.29 + 0.62)', 'Specificity': '0.88 (22 / 22 + 3)', 'AUC': 0.59, 'r2': -0.48}
2023-05-29 01:54:11,516 [INFO] Save training_log data...
2023-05-29 01:54:11,522 [INFO] Save score_log data...
2023-05-29 01:54:11,524 [INFO] Time : 203.19278979301453
