2023-05-29 13:20:51,671 [INFO] Train data : Vary_params_VGFR2\DUD-E\VGFR2\nG1_80\ECFP6_256bits\Standard\VGFR2_train_vector.tsv
2023-05-29 13:20:51,671 [INFO] Valid data : Vary_params_VGFR2\DUD-E\VGFR2\nG1_80\ECFP6_256bits\Standard\VGFR2_valid_vector.tsv
2023-05-29 13:20:51,671 [INFO] Output path : Vary_params_VGFR2\DUD-E\VGFR2\nG1_80\ECFP6_256bits\Standard\VGFR2_model\XGB
2023-05-29 13:20:51,671 [INFO] Model type : XGB
2023-05-29 13:20:51,671 [INFO] Use cores : 18
2023-05-29 13:20:51,728 [INFO] Start Learning model
2023-05-29 13:20:51,728 [INFO] Train : 687 | Valid : 180
2023-05-29 13:20:51,729 [INFO] Set parameters : {'max_depth': [4, 6, 8], 'learning_rate': [0.01, 0.2], 'n_estimators': [200, 600, 1000], 'gamma': [0, 1000], 'min_child_weight': [1, 3], 'subsample': [0.5, 1], 'colsample_bytree': [0.5, 1], 'objective': ['binary:logitraw'], 'eval_metric': ['auc', 'error']}
2023-05-29 13:42:03,805 [INFO] GridSearchCV results :
     mean_valid_accuracy  mean_valid_precision  mean_valid_auc
14              0.959228              0.984201        0.948657
158             0.959228              0.984201        0.948657
172             0.962127              0.980837        0.953340
28              0.962127              0.980837        0.953340
26              0.959207              0.980640        0.949417
..                   ...                   ...             ...
375             0.625938              0.000000        0.500000
374             0.625938              0.000000        0.500000
373             0.625938              0.000000        0.500000
372             0.625938              0.000000        0.500000
575             0.625938              0.000000        0.500000

[576 rows x 3 columns]
2023-05-29 13:42:03,807 [INFO] Best model :
XGBClassifier(base_score=None, booster=None, callbacks=None,
              colsample_bylevel=None, colsample_bynode=None,
              colsample_bytree=0.5, early_stopping_rounds=None,
              enable_categorical=False, eval_metric='auc', feature_types=None,
              gamma=0, gpu_id=None, grow_policy=None, importance_type=None,
              interaction_constraints=None, learning_rate=0.01, max_bin=None,
              max_cat_threshold=None, max_cat_to_onehot=None,
              max_delta_step=None, max_depth=6, max_leaves=None,
              min_child_weight=1, missing=nan, monotone_constraints=None,
              n_estimators=600, n_jobs=0, num_parallel_tree=None,
              objective='binary:logitraw', predictor=None, ...)
2023-05-29 13:42:03,829 [INFO] Save train_prediction_log data...
2023-05-29 13:42:03,836 [INFO] {'Data': 'train', 'ACC': '1.0 (687 / 687)', 'TP': 257, 'FP': 0, 'FN': 0, 'TN': 430, 'Precision': '1.0 (257 / 257 + 0)', 'Recall': '1.0 (257 / 257 + 0)', 'F1': '1.0 (2 * (1.0 * 1.0) / 1.0 + 1.0)', 'Specificity': '1.0 (430 / 430 + 0)', 'AUC': 1.0, 'r2': 1.0}
2023-05-29 13:42:03,851 [INFO] Save valid_prediction_log data...
2023-05-29 13:42:03,855 [INFO] {'Data': 'valid', 'ACC': '0.98 (177 / 180)', 'TP': 71, 'FP': 2, 'FN': 1, 'TN': 106, 'Precision': '0.97 (71 / 71 + 2)', 'Recall': '0.99 (71 / 71 + 1)', 'F1': '0.98 (2 * (0.99 * 0.97) / 0.99 + 0.97)', 'Specificity': '0.98 (106 / 106 + 2)', 'AUC': 0.98, 'r2': 0.93}
2023-05-29 13:42:03,893 [INFO] Save test_prediction_log data...
2023-05-29 13:42:03,897 [INFO] {'Data': 'test', 'ACC': '0.56 (101 / 180)', 'TP': 22, 'FP': 29, 'FN': 50, 'TN': 79, 'Precision': '0.43 (22 / 22 + 29)', 'Recall': '0.31 (22 / 22 + 50)', 'F1': '0.36 (2 * (0.31 * 0.43) / 0.31 + 0.43)', 'Specificity': '0.73 (79 / 79 + 29)', 'AUC': 0.52, 'r2': -0.83}
2023-05-29 13:42:03,911 [INFO] Save training_log data...
2023-05-29 13:42:03,918 [INFO] Save score_log data...
2023-05-29 13:42:03,920 [INFO] Time : 1272.2492411136627
