2023-05-29 21:30:23,828 [INFO] Train data : Vary_params_BRAF_MK14\DUD-E\MK14\nG1_20\ECFP4_512bits\MinMax\MK14_train_vector.tsv
2023-05-29 21:30:23,828 [INFO] Valid data : Vary_params_BRAF_MK14\DUD-E\MK14\nG1_20\ECFP4_512bits\MinMax\MK14_valid_vector.tsv
2023-05-29 21:30:23,828 [INFO] Output path : Vary_params_BRAF_MK14\DUD-E\MK14\nG1_20\ECFP4_512bits\MinMax\MK14_model\MLP
2023-05-29 21:30:23,829 [INFO] Model type : MLP
2023-05-29 21:30:23,829 [INFO] Use cores : 10
2023-05-29 21:30:23,881 [INFO] Start Learning model
2023-05-29 21:30:23,881 [INFO] Train : 931 | Valid : 225
2023-05-29 21:30:23,881 [INFO] Set parameters : {'hidden_layer_sizes': [(50,), (100,), (50, 50), (100, 100)], 'learning_rate': ['constant', 'invscaling', 'adaptive'], 'activation': ['relu', 'identity', 'logistic', 'tanh'], 'solver': ['adam', 'sgd', 'lbfgs'], 'alpha': [0.1, 0.01, 0.001], 'max_iter': [500, 1000], 'early_stopping': [True]}
2023-05-29 21:45:08,582 [INFO] GridSearchCV results :
     mean_valid_accuracy  mean_valid_precision  mean_valid_auc
432             0.965683              0.989602        0.960399
435             0.965683              0.989602        0.960399
447             0.965683              0.989602        0.960399
441             0.965683              0.989602        0.960399
438             0.965683              0.989602        0.960399
..                   ...                   ...             ...
118             0.581091              0.000000        0.500000
571             0.581091              0.000000        0.500000
568             0.581091              0.000000        0.500000
52              0.581091              0.000000        0.500000
187             0.581091              0.000000        0.500000

[864 rows x 3 columns]
2023-05-29 21:45:08,584 [INFO] Best model :
MLPClassifier(activation='logistic', alpha=0.1, early_stopping=True,
              hidden_layer_sizes=(50,), max_iter=500, random_state=42)
2023-05-29 21:45:08,600 [INFO] Save train_prediction_log data...
2023-05-29 21:45:08,605 [INFO] {'Data': 'train', 'ACC': '0.99 (920 / 931)', 'TP': 382, 'FP': 3, 'FN': 8, 'TN': 538, 'Precision': '0.99 (382 / 382 + 3)', 'Recall': '0.98 (382 / 382 + 8)', 'F1': '0.98 (2 * (0.98 * 0.99) / 0.98 + 0.99)', 'Specificity': '0.99 (538 / 538 + 3)', 'AUC': 0.99, 'r2': 0.95}
2023-05-29 21:45:08,614 [INFO] Save valid_prediction_log data...
2023-05-29 21:45:08,618 [INFO] {'Data': 'valid', 'ACC': '0.97 (218 / 225)', 'TP': 89, 'FP': 6, 'FN': 1, 'TN': 129, 'Precision': '0.94 (89 / 89 + 6)', 'Recall': '0.99 (89 / 89 + 1)', 'F1': '0.96 (2 * (0.99 * 0.94) / 0.99 + 0.94)', 'Specificity': '0.96 (129 / 129 + 6)', 'AUC': 0.97, 'r2': 0.87}
2023-05-29 21:45:08,647 [INFO] Save test_prediction_log data...
2023-05-29 21:45:08,651 [INFO] {'Data': 'test', 'ACC': '0.65 (146 / 225)', 'TP': 69, 'FP': 58, 'FN': 21, 'TN': 77, 'Precision': '0.54 (69 / 69 + 58)', 'Recall': '0.77 (69 / 69 + 21)', 'F1': '0.63 (2 * (0.77 * 0.54) / 0.77 + 0.54)', 'Specificity': '0.57 (77 / 77 + 58)', 'AUC': 0.67, 'r2': -0.46}
2023-05-29 21:45:09,030 [INFO] Save training_log data...
2023-05-29 21:45:09,073 [INFO] Save score_log data...
2023-05-29 21:45:09,074 [INFO] Time : 885.2460904121399
