2023-05-30 12:09:41,175 [INFO] Train data : Vary_params_BRAF_MK14\DUD-E\MK14\nG1_50\ECFP6_256bits\MinMax\MK14_train_vector.tsv
2023-05-30 12:09:41,175 [INFO] Valid data : Vary_params_BRAF_MK14\DUD-E\MK14\nG1_50\ECFP6_256bits\MinMax\MK14_valid_vector.tsv
2023-05-30 12:09:41,175 [INFO] Output path : Vary_params_BRAF_MK14\DUD-E\MK14\nG1_50\ECFP6_256bits\MinMax\MK14_model\MLP
2023-05-30 12:09:41,175 [INFO] Model type : MLP
2023-05-30 12:09:41,175 [INFO] Use cores : 10
2023-05-30 12:09:41,203 [INFO] Start Learning model
2023-05-30 12:09:41,203 [INFO] Train : 901 | Valid : 225
2023-05-30 12:09:41,203 [INFO] Set parameters : {'hidden_layer_sizes': [(50,), (100,), (50, 50), (100, 100)], 'learning_rate': ['constant', 'invscaling', 'adaptive'], 'activation': ['relu', 'identity', 'logistic', 'tanh'], 'solver': ['adam', 'sgd', 'lbfgs'], 'alpha': [0.1, 0.01, 0.001], 'max_iter': [500, 1000], 'early_stopping': [True]}
2023-05-30 12:18:35,640 [INFO] GridSearchCV results :
     mean_valid_accuracy  mean_valid_precision  mean_valid_auc
606             0.916825              0.970076        0.900463
522             0.916825              0.970076        0.900463
525             0.916825              0.970076        0.900463
528             0.916825              0.970076        0.900463
531             0.916825              0.970076        0.900463
..                   ...                   ...             ...
538             0.600440              0.000000        0.500000
540             0.600440              0.000000        0.500000
541             0.600440              0.000000        0.500000
543             0.600440              0.000000        0.500000
480             0.600440              0.000000        0.500000

[864 rows x 3 columns]
2023-05-30 12:18:35,641 [INFO] Best model :
MLPClassifier(activation='logistic', alpha=0.01, early_stopping=True,
              max_iter=500, random_state=42)
2023-05-30 12:18:35,655 [INFO] Save train_prediction_log data...
2023-05-30 12:18:35,660 [INFO] {'Data': 'train', 'ACC': '0.92 (830 / 901)', 'TP': 291, 'FP': 2, 'FN': 69, 'TN': 539, 'Precision': '0.99 (291 / 291 + 2)', 'Recall': '0.81 (291 / 291 + 69)', 'F1': '0.89 (2 * (0.81 * 0.99) / 0.81 + 0.99)', 'Specificity': '1.0 (539 / 539 + 2)', 'AUC': 0.9, 'r2': 0.67}
2023-05-30 12:18:35,667 [INFO] Save valid_prediction_log data...
2023-05-30 12:18:35,669 [INFO] {'Data': 'valid', 'ACC': '0.94 (211 / 225)', 'TP': 78, 'FP': 2, 'FN': 12, 'TN': 133, 'Precision': '0.98 (78 / 78 + 2)', 'Recall': '0.87 (78 / 78 + 12)', 'F1': '0.92 (2 * (0.87 * 0.98) / 0.87 + 0.98)', 'Specificity': '0.99 (133 / 133 + 2)', 'AUC': 0.93, 'r2': 0.74}
2023-05-30 12:18:35,684 [INFO] Save test_prediction_log data...
2023-05-30 12:18:35,687 [INFO] {'Data': 'test', 'ACC': '0.66 (148 / 225)', 'TP': 47, 'FP': 34, 'FN': 43, 'TN': 101, 'Precision': '0.58 (47 / 47 + 34)', 'Recall': '0.52 (47 / 47 + 43)', 'F1': '0.55 (2 * (0.52 * 0.58) / 0.52 + 0.58)', 'Specificity': '0.75 (101 / 101 + 34)', 'AUC': 0.64, 'r2': -0.43}
2023-05-30 12:18:36,056 [INFO] Save training_log data...
2023-05-30 12:18:36,061 [INFO] Save score_log data...
2023-05-30 12:18:36,062 [INFO] Time : 534.887853384018
