2023-05-28 00:21:13,521 [INFO] Train data : Vary_params\DUD-E\CSF1R\nG1_20\ECFP4_256bits\MinMax\CSF1R_train_vector.tsv
2023-05-28 00:21:13,521 [INFO] Valid data : Vary_params\DUD-E\CSF1R\nG1_20\ECFP4_256bits\MinMax\CSF1R_valid_vector.tsv
2023-05-28 00:21:13,521 [INFO] Output path : Vary_params\DUD-E\CSF1R\nG1_20\ECFP4_256bits\MinMax\CSF1R_model\MLP
2023-05-28 00:21:13,521 [INFO] Model type : MLP
2023-05-28 00:21:13,521 [INFO] Use cores : 11
2023-05-28 00:21:13,539 [INFO] Start Learning model
2023-05-28 00:21:13,540 [INFO] Train : 216 | Valid : 47
2023-05-28 00:21:13,540 [INFO] Set parameters : {'hidden_layer_sizes': [(50,), (100,), (50, 50), (100, 100)], 'learning_rate': ['constant', 'invscaling', 'adaptive'], 'activation': ['relu', 'identity', 'logistic', 'tanh'], 'solver': ['adam', 'sgd', 'lbfgs'], 'alpha': [0.1, 0.01, 0.001], 'max_iter': [500, 1000], 'early_stopping': [True]}
2023-05-28 00:23:38,883 [INFO] GridSearchCV results :
     mean_valid_accuracy  mean_valid_precision  mean_valid_auc
573             0.903463                   1.0        0.901818
561             0.903463                   1.0        0.901818
639             0.898918                   1.0        0.896818
636             0.898918                   1.0        0.896818
633             0.898918                   1.0        0.896818
..                   ...                   ...             ...
622             0.518615                   0.0        0.500000
474             0.518615                   0.0        0.500000
468             0.518615                   0.0        0.500000
475             0.518615                   0.0        0.500000
451             0.518615                   0.0        0.500000

[864 rows x 3 columns]
2023-05-28 00:23:38,886 [INFO] Best model :
MLPClassifier(activation='logistic', alpha=0.01, early_stopping=True,
              hidden_layer_sizes=(100, 100), max_iter=500, random_state=42)
2023-05-28 00:23:38,894 [INFO] Save train_prediction_log data...
2023-05-28 00:23:38,904 [INFO] {'Data': 'train', 'ACC': '0.94 (203 / 216)', 'TP': 92, 'FP': 1, 'FN': 12, 'TN': 111, 'Precision': '0.99 (92 / 92 + 1)', 'Recall': '0.88 (92 / 92 + 12)', 'F1': '0.93 (2 * (0.88 * 0.99) / 0.88 + 0.99)', 'Specificity': '0.99 (111 / 111 + 1)', 'AUC': 0.94, 'r2': 0.76}
2023-05-28 00:23:38,910 [INFO] Save valid_prediction_log data...
2023-05-28 00:23:38,913 [INFO] {'Data': 'valid', 'ACC': '0.98 (46 / 47)', 'TP': 19, 'FP': 1, 'FN': 0, 'TN': 27, 'Precision': '0.95 (19 / 19 + 1)', 'Recall': '1.0 (19 / 19 + 0)', 'F1': '0.97 (2 * (1.0 * 0.95) / 1.0 + 0.95)', 'Specificity': '0.96 (27 / 27 + 1)', 'AUC': 0.98, 'r2': 0.91}
2023-05-28 00:23:38,925 [INFO] Save test_prediction_log data...
2023-05-28 00:23:38,928 [INFO] {'Data': 'test', 'ACC': '0.62 (29 / 47)', 'TP': 11, 'FP': 10, 'FN': 8, 'TN': 18, 'Precision': '0.52 (11 / 11 + 10)', 'Recall': '0.58 (11 / 11 + 8)', 'F1': '0.55 (2 * (0.58 * 0.52) / 0.58 + 0.52)', 'Specificity': '0.64 (18 / 18 + 10)', 'AUC': 0.61, 'r2': -0.59}
2023-05-28 00:23:38,933 [INFO] Save training_log data...
2023-05-28 00:23:38,941 [INFO] Save score_log data...
2023-05-28 00:23:38,942 [INFO] Time : 145.42118763923645
