2023-05-30 05:17:22,403 [INFO] Train data : Baseline_noscale\DUD-E\MP2K1\ECFP4_256bits\MP2K1_raw_train.tsv
2023-05-30 05:17:22,403 [INFO] Valid data : Baseline_noscale\DUD-E\MP2K1\ECFP4_256bits\MP2K1_raw_valid.tsv
2023-05-30 05:17:22,403 [INFO] Output path : Baseline_noscale\DUD-E\MP2K1\ECFP4_256bits\MP2K1_model\MLP
2023-05-30 05:17:22,403 [INFO] Model type : MLP
2023-05-30 05:17:22,403 [INFO] Use cores : 12
2023-05-30 05:17:22,412 [INFO] Start Learning model
2023-05-30 05:17:22,412 [INFO] Train : 142 | Valid : 35
2023-05-30 05:17:22,412 [INFO] Set parameters : {'hidden_layer_sizes': [(50,), (100,), (50, 50), (100, 100)], 'learning_rate': ['constant', 'invscaling', 'adaptive'], 'activation': ['relu', 'identity', 'logistic', 'tanh'], 'solver': ['adam', 'sgd', 'lbfgs'], 'alpha': [0.1, 0.01, 0.001], 'max_iter': [500, 1000], 'early_stopping': [True]}
2023-05-30 05:18:19,711 [INFO] GridSearchCV results :
     mean_valid_accuracy  mean_valid_precision  mean_valid_auc
863             0.980000                   1.0        0.975000
650             0.980000                   1.0        0.975000
465             0.859048                   1.0        0.825000
603             0.873333                   1.0        0.843333
462             0.859048                   1.0        0.825000
..                   ...                   ...             ...
645             0.598571                   0.0        0.500000
501             0.598571                   0.0        0.500000
498             0.598571                   0.0        0.500000
495             0.598571                   0.0        0.500000
630             0.598571                   0.0        0.500000

[864 rows x 3 columns]
2023-05-30 05:18:19,712 [INFO] Best model :
MLPClassifier(alpha=0.1, early_stopping=True, max_iter=500, random_state=42,
              solver='lbfgs')
2023-05-30 05:18:19,716 [INFO] Save train_prediction_log data...
2023-05-30 05:18:19,718 [INFO] {'Data': 'train', 'ACC': '1.0 (142 / 142)', 'TP': 57, 'FP': 0, 'FN': 0, 'TN': 85, 'Precision': '1.0 (57 / 57 + 0)', 'Recall': '1.0 (57 / 57 + 0)', 'F1': '1.0 (2 * (1.0 * 1.0) / 1.0 + 1.0)', 'Specificity': '1.0 (85 / 85 + 0)', 'AUC': 1.0, 'r2': 1.0}
2023-05-30 05:18:19,722 [INFO] Save valid_prediction_log data...
2023-05-30 05:18:19,723 [INFO] {'Data': 'valid', 'ACC': '1.0 (35 / 35)', 'TP': 14, 'FP': 0, 'FN': 0, 'TN': 21, 'Precision': '1.0 (14 / 14 + 0)', 'Recall': '1.0 (14 / 14 + 0)', 'F1': '1.0 (2 * (1.0 * 1.0) / 1.0 + 1.0)', 'Specificity': '1.0 (21 / 21 + 0)', 'AUC': 1.0, 'r2': 1.0}
2023-05-30 05:18:19,730 [INFO] Save test_prediction_log data...
2023-05-30 05:18:19,731 [INFO] {'Data': 'test', 'ACC': '0.71 (25 / 35)', 'TP': 6, 'FP': 2, 'FN': 8, 'TN': 19, 'Precision': '0.75 (6 / 6 + 2)', 'Recall': '0.43 (6 / 6 + 8)', 'F1': '0.55 (2 * (0.43 * 0.75) / 0.43 + 0.75)', 'Specificity': '0.9 (19 / 19 + 2)', 'AUC': 0.67, 'r2': -0.19}
2023-05-30 05:18:19,733 [INFO] Save training_log data...
2023-05-30 05:18:19,737 [INFO] Save score_log data...
2023-05-30 05:18:19,738 [INFO] Time : 57.33502697944641
