2023-05-28 05:10:15,491 [INFO] Train data : Vary_params_IGF1R_KIT\DUD-E\IGF1R\nG1_20\ECFP6_512bits\Standard\IGF1R_train_vector.tsv
2023-05-28 05:10:15,491 [INFO] Valid data : Vary_params_IGF1R_KIT\DUD-E\IGF1R\nG1_20\ECFP6_512bits\Standard\IGF1R_valid_vector.tsv
2023-05-28 05:10:15,491 [INFO] Output path : Vary_params_IGF1R_KIT\DUD-E\IGF1R\nG1_20\ECFP6_512bits\Standard\IGF1R_model\MLP
2023-05-28 05:10:15,491 [INFO] Model type : MLP
2023-05-28 05:10:15,491 [INFO] Use cores : 10
2023-05-28 05:10:15,524 [INFO] Start Learning model
2023-05-28 05:10:15,524 [INFO] Train : 226 | Valid : 49
2023-05-28 05:10:15,524 [INFO] Set parameters : {'hidden_layer_sizes': [(50,), (100,), (50, 50), (100, 100)], 'learning_rate': ['constant', 'invscaling', 'adaptive'], 'activation': ['relu', 'identity', 'logistic', 'tanh'], 'solver': ['adam', 'sgd', 'lbfgs'], 'alpha': [0.1, 0.01, 0.001], 'max_iter': [500, 1000], 'early_stopping': [True]}
2023-05-28 05:12:42,728 [INFO] GridSearchCV results :
     mean_valid_accuracy  mean_valid_precision  mean_valid_auc
140             0.969565                   1.0        0.968182
128             0.969565                   1.0        0.968182
137             0.969565                   1.0        0.968182
131             0.969565                   1.0        0.968182
134             0.969565                   1.0        0.968182
..                   ...                   ...             ...
643             0.522134                   0.0        0.500000
640             0.522134                   0.0        0.500000
184             0.522134                   0.0        0.500000
637             0.522134                   0.0        0.500000
181             0.522134                   0.0        0.500000

[864 rows x 3 columns]
2023-05-28 05:12:42,730 [INFO] Best model :
MLPClassifier(alpha=0.01, early_stopping=True, hidden_layer_sizes=(100, 100),
              max_iter=500, random_state=42, solver='lbfgs')
2023-05-28 05:12:42,736 [INFO] Save train_prediction_log data...
2023-05-28 05:12:42,739 [INFO] {'Data': 'train', 'ACC': '1.0 (226 / 226)', 'TP': 108, 'FP': 0, 'FN': 0, 'TN': 118, 'Precision': '1.0 (108 / 108 + 0)', 'Recall': '1.0 (108 / 108 + 0)', 'F1': '1.0 (2 * (1.0 * 1.0) / 1.0 + 1.0)', 'Specificity': '1.0 (118 / 118 + 0)', 'AUC': 1.0, 'r2': 1.0}
2023-05-28 05:12:42,744 [INFO] Save valid_prediction_log data...
2023-05-28 05:12:42,746 [INFO] {'Data': 'valid', 'ACC': '1.0 (49 / 49)', 'TP': 20, 'FP': 0, 'FN': 0, 'TN': 29, 'Precision': '1.0 (20 / 20 + 0)', 'Recall': '1.0 (20 / 20 + 0)', 'F1': '1.0 (2 * (1.0 * 1.0) / 1.0 + 1.0)', 'Specificity': '1.0 (29 / 29 + 0)', 'AUC': 1.0, 'r2': 1.0}
2023-05-28 05:12:42,767 [INFO] Save test_prediction_log data...
2023-05-28 05:12:42,768 [INFO] {'Data': 'test', 'ACC': '0.61 (30 / 49)', 'TP': 7, 'FP': 6, 'FN': 13, 'TN': 23, 'Precision': '0.54 (7 / 7 + 6)', 'Recall': '0.35 (7 / 7 + 13)', 'F1': '0.42 (2 * (0.35 * 0.54) / 0.35 + 0.54)', 'Specificity': '0.79 (23 / 23 + 6)', 'AUC': 0.57, 'r2': -0.61}
2023-05-28 05:12:42,770 [INFO] Save training_log data...
2023-05-28 05:12:42,775 [INFO] Save score_log data...
2023-05-28 05:12:42,775 [INFO] Time : 147.28533458709717
