2023-05-29 20:49:15,345 [INFO] Train data : Baseline_noscale_DUDE\DUD-E\BRAF\ECFP6_256bits\BRAF_raw_train.tsv
2023-05-29 20:49:15,345 [INFO] Valid data : Baseline_noscale_DUDE\DUD-E\BRAF\ECFP6_256bits\BRAF_raw_valid.tsv
2023-05-29 20:49:15,345 [INFO] Output path : Baseline_noscale_DUDE\DUD-E\BRAF\ECFP6_256bits\BRAF_model\SVM
2023-05-29 20:49:15,345 [INFO] Model type : SVM
2023-05-29 20:49:15,345 [INFO] Use cores : 12
2023-05-29 20:49:15,354 [INFO] Start Learning model
2023-05-29 20:49:15,354 [INFO] Train : 201 | Valid : 50
2023-05-29 20:49:15,354 [INFO] Set parameters : {'kernel': ['linear', 'rbf'], 'C': [0.01, 0.1, 1, 10, 100, 1000], 'gamma': [0.01, 0.1, 1, 100, 1000]}
2023-05-29 20:49:17,431 [INFO] GridSearchCV results :
    mean_valid_accuracy  mean_valid_precision  mean_valid_auc
0              0.980238              1.000000        0.975000
2              0.980238              1.000000        0.975000
31             0.995000              1.000000        0.993750
4              0.980238              1.000000        0.975000
6              0.980238              1.000000        0.975000
21             0.985238              1.000000        0.981250
8              0.980238              1.000000        0.975000
51             0.995000              1.000000        0.993750
41             0.995000              1.000000        0.993750
42             0.980238              0.977778        0.979487
32             0.980238              0.977778        0.979487
34             0.980238              0.977778        0.979487
36             0.980238              0.977778        0.979487
38             0.980238              0.977778        0.979487
40             0.980238              0.977778        0.979487
48             0.980238              0.977778        0.979487
44             0.980238              0.977778        0.979487
46             0.980238              0.977778        0.979487
26             0.980238              0.977778        0.979487
50             0.980238              0.977778        0.979487
52             0.980238              0.977778        0.979487
54             0.980238              0.977778        0.979487
56             0.980238              0.977778        0.979487
58             0.980238              0.977778        0.979487
28             0.980238              0.977778        0.979487
30             0.980238              0.977778        0.979487
12             0.980238              0.977778        0.979487
18             0.980238              0.977778        0.979487
24             0.980238              0.977778        0.979487
14             0.980238              0.977778        0.979487
10             0.980238              0.977778        0.979487
16             0.980238              0.977778        0.979487
22             0.980238              0.977778        0.979487
20             0.980238              0.977778        0.979487
53             0.641905              0.400000        0.550000
43             0.641905              0.400000        0.550000
33             0.641905              0.400000        0.550000
23             0.621905              0.300000        0.525000
47             0.601905              0.000000        0.500000
7              0.601905              0.000000        0.500000
5              0.601905              0.000000        0.500000
9              0.601905              0.000000        0.500000
57             0.601905              0.000000        0.500000
11             0.601905              0.000000        0.500000
3              0.601905              0.000000        0.500000
49             0.601905              0.000000        0.500000
55             0.601905              0.000000        0.500000
25             0.601905              0.000000        0.500000
13             0.601905              0.000000        0.500000
45             0.601905              0.000000        0.500000
27             0.601905              0.000000        0.500000
15             0.601905              0.000000        0.500000
17             0.601905              0.000000        0.500000
39             0.601905              0.000000        0.500000
37             0.601905              0.000000        0.500000
19             0.601905              0.000000        0.500000
35             0.601905              0.000000        0.500000
1              0.601905              0.000000        0.500000
29             0.601905              0.000000        0.500000
59             0.601905              0.000000        0.500000
2023-05-29 20:49:17,434 [INFO] Best model :
SVC(C=0.01, gamma=0.01, kernel='linear', random_state=42)
2023-05-29 20:49:17,438 [INFO] Save train_prediction_log data...
2023-05-29 20:49:17,441 [INFO] {'Data': 'train', 'ACC': '1.0 (200 / 201)', 'TP': 79, 'FP': 0, 'FN': 1, 'TN': 121, 'Precision': '1.0 (79 / 79 + 0)', 'Recall': '0.99 (79 / 79 + 1)', 'F1': '0.99 (2 * (0.99 * 1.0) / 0.99 + 1.0)', 'Specificity': '1.0 (121 / 121 + 0)', 'AUC': 0.99, 'r2': 0.98}
2023-05-29 20:49:17,444 [INFO] Save valid_prediction_log data...
2023-05-29 20:49:17,446 [INFO] {'Data': 'valid', 'ACC': '1.0 (50 / 50)', 'TP': 20, 'FP': 0, 'FN': 0, 'TN': 30, 'Precision': '1.0 (20 / 20 + 0)', 'Recall': '1.0 (20 / 20 + 0)', 'F1': '1.0 (2 * (1.0 * 1.0) / 1.0 + 1.0)', 'Specificity': '1.0 (30 / 30 + 0)', 'AUC': 1.0, 'r2': 1.0}
2023-05-29 20:49:17,452 [INFO] Save test_prediction_log data...
2023-05-29 20:49:17,454 [INFO] {'Data': 'test', 'ACC': '0.62 (31 / 50)', 'TP': 7, 'FP': 6, 'FN': 13, 'TN': 24, 'Precision': '0.54 (7 / 7 + 6)', 'Recall': '0.35 (7 / 7 + 13)', 'F1': '0.42 (2 * (0.35 * 0.54) / 0.35 + 0.54)', 'Specificity': '0.8 (24 / 24 + 6)', 'AUC': 0.58, 'r2': -0.58}
2023-05-29 20:49:17,456 [INFO] Save training_log data...
2023-05-29 20:49:17,457 [INFO] Save score_log data...
2023-05-29 20:49:17,458 [INFO] Time : 2.1133835315704346
