2023-05-28 12:15:27,211 [INFO] Train data : Vary_params_ABL_BRAF_FGFR1\DUD-E\ABL1\nG1_20\ECFP4_256bits\Robust\ABL1_train_vector.tsv
2023-05-28 12:15:27,211 [INFO] Valid data : Vary_params_ABL_BRAF_FGFR1\DUD-E\ABL1\nG1_20\ECFP4_256bits\Robust\ABL1_valid_vector.tsv
2023-05-28 12:15:27,211 [INFO] Output path : Vary_params_ABL_BRAF_FGFR1\DUD-E\ABL1\nG1_20\ECFP4_256bits\Robust\ABL1_model\SVM
2023-05-28 12:15:27,211 [INFO] Model type : SVM
2023-05-28 12:15:27,211 [INFO] Use cores : 18
2023-05-28 12:15:27,234 [INFO] Start Learning model
2023-05-28 12:15:27,234 [INFO] Train : 294 | Valid : 66
2023-05-28 12:15:27,234 [INFO] Set parameters : {'kernel': ['linear', 'rbf'], 'C': [0.01, 0.1, 1, 10, 100, 1000], 'gamma': [0.01, 0.1, 1, 100, 1000]}
2023-05-28 12:15:30,608 [INFO] GridSearchCV results :
    mean_valid_accuracy  mean_valid_precision  mean_valid_auc
0              0.840345              0.809613        0.842978
20             0.840345              0.809613        0.842978
24             0.840345              0.809613        0.842978
26             0.840345              0.809613        0.842978
28             0.840345              0.809613        0.842978
32             0.840345              0.809613        0.842978
34             0.840345              0.809613        0.842978
36             0.840345              0.809613        0.842978
38             0.840345              0.809613        0.842978
40             0.840345              0.809613        0.842978
42             0.840345              0.809613        0.842978
44             0.840345              0.809613        0.842978
46             0.840345              0.809613        0.842978
48             0.840345              0.809613        0.842978
50             0.840345              0.809613        0.842978
52             0.840345              0.809613        0.842978
54             0.840345              0.809613        0.842978
56             0.840345              0.809613        0.842978
58             0.840345              0.809613        0.842978
22             0.840345              0.809613        0.842978
30             0.840345              0.809613        0.842978
10             0.840345              0.809613        0.842978
2              0.840345              0.809613        0.842978
18             0.840345              0.809613        0.842978
8              0.840345              0.809613        0.842978
16             0.840345              0.809613        0.842978
4              0.840345              0.809613        0.842978
12             0.840345              0.809613        0.842978
6              0.840345              0.809613        0.842978
14             0.840345              0.809613        0.842978
49             0.537471              0.000000        0.500000
9              0.537471              0.000000        0.500000
45             0.537471              0.000000        0.500000
47             0.537471              0.000000        0.500000
7              0.537471              0.000000        0.500000
21             0.537471              0.000000        0.500000
43             0.537471              0.000000        0.500000
5              0.537471              0.000000        0.500000
53             0.537471              0.000000        0.500000
55             0.537471              0.000000        0.500000
3              0.537471              0.000000        0.500000
57             0.537471              0.000000        0.500000
51             0.537471              0.000000        0.500000
11             0.537471              0.000000        0.500000
41             0.537471              0.000000        0.500000
19             0.537471              0.000000        0.500000
39             0.537471              0.000000        0.500000
37             0.537471              0.000000        0.500000
13             0.537471              0.000000        0.500000
35             0.537471              0.000000        0.500000
33             0.537471              0.000000        0.500000
15             0.537471              0.000000        0.500000
31             0.537471              0.000000        0.500000
1              0.537471              0.000000        0.500000
29             0.537471              0.000000        0.500000
27             0.537471              0.000000        0.500000
17             0.537471              0.000000        0.500000
25             0.537471              0.000000        0.500000
23             0.537471              0.000000        0.500000
59             0.537471              0.000000        0.500000
2023-05-28 12:15:30,608 [INFO] Best model :
SVC(C=0.01, gamma=0.01, kernel='linear', random_state=42)
2023-05-28 12:15:30,618 [INFO] Save train_prediction_log data...
2023-05-28 12:15:30,618 [INFO] {'Data': 'train', 'ACC': '1.0 (294 / 294)', 'TP': 136, 'FP': 0, 'FN': 0, 'TN': 158, 'Precision': '1.0 (136 / 136 + 0)', 'Recall': '1.0 (136 / 136 + 0)', 'F1': '1.0 (2 * (1.0 * 1.0) / 1.0 + 1.0)', 'Specificity': '1.0 (158 / 158 + 0)', 'AUC': 1.0, 'r2': 1.0}
2023-05-28 12:15:30,618 [INFO] Save valid_prediction_log data...
2023-05-28 12:15:30,628 [INFO] {'Data': 'valid', 'ACC': '0.91 (60 / 66)', 'TP': 26, 'FP': 6, 'FN': 0, 'TN': 34, 'Precision': '0.81 (26 / 26 + 6)', 'Recall': '1.0 (26 / 26 + 0)', 'F1': '0.9 (2 * (1.0 * 0.81) / 1.0 + 0.81)', 'Specificity': '0.85 (34 / 34 + 6)', 'AUC': 0.92, 'r2': 0.62}
2023-05-28 12:15:30,628 [INFO] Save test_prediction_log data...
2023-05-28 12:15:30,628 [INFO] {'Data': 'test', 'ACC': '0.61 (40 / 66)', 'TP': 13, 'FP': 13, 'FN': 13, 'TN': 27, 'Precision': '0.5 (13 / 13 + 13)', 'Recall': '0.5 (13 / 13 + 13)', 'F1': '0.5 (2 * (0.5 * 0.5) / 0.5 + 0.5)', 'Specificity': '0.68 (27 / 27 + 13)', 'AUC': 0.59, 'r2': -0.65}
2023-05-28 12:15:30,638 [INFO] Save training_log data...
2023-05-28 12:15:30,638 [INFO] Save score_log data...
2023-05-28 12:15:30,638 [INFO] Time : 3.426539897918701
