2023-04-08 06:46:57,225 [INFO] Train data : D:\PARK\Lab\Database\ADis-QSAR_final\data\DUDE\MET\ECFP4_256bits\preprocessing\MET_train_vector.tsv
2023-04-08 06:46:57,225 [INFO] Test data : D:\PARK\Lab\Database\ADis-QSAR_final\data\DUDE\MET\ECFP4_256bits\preprocessing\MET_test_vector.tsv
2023-04-08 06:46:57,225 [INFO] Output path : D:\PARK\Lab\Database\ADis-QSAR_final\data\DUDE\MET\ECFP4_256bits\MET_model\XGB
2023-04-08 06:46:57,225 [INFO] Model type : XGB
2023-04-08 06:46:57,225 [INFO] Use cores : 10
2023-04-08 06:46:57,239 [INFO] Start Learning model
2023-04-08 06:46:57,239 [INFO] Train : 211 | Test : 52
2023-04-08 06:46:57,240 [INFO] Set parameters : {'max_depth': [4, 6, 8], 'learning_rate': [0.01, 0.2], 'n_estimators': [200, 600, 1000], 'gamma': [0, 1000], 'min_child_weight': [1, 3], 'subsample': [0.5, 1], 'colsample_bytree': [0.5, 1], 'objective': ['binary:logitraw'], 'eval_metric': ['auc', 'error']}
2023-04-08 06:52:23,611 [INFO] GridSearchCV results :
     mean_valid_accuracy  mean_valid_precision  mean_valid_auc
0               0.919481                   1.0        0.910556
168             0.919481                   1.0        0.910556
144             0.919481                   1.0        0.910556
12              0.919481                   1.0        0.910556
156             0.919481                   1.0        0.910556
..                   ...                   ...             ...
263             0.559307                   0.0        0.500000
262             0.559307                   0.0        0.500000
261             0.559307                   0.0        0.500000
260             0.559307                   0.0        0.500000
575             0.559307                   0.0        0.500000

[576 rows x 3 columns]
2023-04-08 06:52:23,615 [INFO] Best model :
XGBClassifier(base_score=0.5, booster='gbtree', callbacks=None,
              colsample_bylevel=1, colsample_bynode=1, colsample_bytree=0.5,
              early_stopping_rounds=None, enable_categorical=False,
              eval_metric='auc', gamma=0, gpu_id=-1, grow_policy='depthwise',
              importance_type=None, interaction_constraints='',
              learning_rate=0.01, max_bin=256, max_cat_to_onehot=4,
              max_delta_step=0, max_depth=4, max_leaves=0, min_child_weight=1,
              missing=nan, monotone_constraints='()', n_estimators=200,
              n_jobs=0, num_parallel_tree=1, objective='binary:logitraw',
              predictor='auto', random_state=42, reg_alpha=0, ...)
2023-04-08 06:52:23,624 [INFO] Save train_prediction_log data...
2023-04-08 06:52:23,627 [INFO] {'Data': 'train', 'ACC': '0.99 (208 / 211)', 'TP': 90, 'FP': 0, 'FN': 3, 'TN': 118, 'Precision': '1.0 (90 / 90 + 0)', 'Recall': '0.97 (90 / 90 + 3)', 'F1': '0.98 (2 * (0.97 * 1.0) / 0.97 + 1.0)', 'Specificity': '1.0 (118 / 118 + 0)', 'AUC': 0.98, 'r2': 0.94}
2023-04-08 06:52:23,635 [INFO] Save test_prediction_log data...
2023-04-08 06:52:23,637 [INFO] {'Data': 'test', 'ACC': '0.96 (50 / 52)', 'TP': 22, 'FP': 1, 'FN': 1, 'TN': 28, 'Precision': '0.96 (22 / 22 + 1)', 'Recall': '0.96 (22 / 22 + 1)', 'F1': '0.96 (2 * (0.96 * 0.96) / 0.96 + 0.96)', 'Specificity': '0.97 (28 / 28 + 1)', 'AUC': 0.96, 'r2': 0.84}
2023-04-08 06:52:23,651 [INFO] Save ext_prediction_log data...
2023-04-08 06:52:23,653 [INFO] {'Data': 'ext', 'ACC': '0.62 (32 / 52)', 'TP': 4, 'FP': 1, 'FN': 19, 'TN': 28, 'Precision': '0.8 (4 / 4 + 1)', 'Recall': '0.17 (4 / 4 + 19)', 'F1': '0.28 (2 * (0.17 * 0.8) / 0.17 + 0.8)', 'Specificity': '0.97 (28 / 28 + 1)', 'AUC': 0.57, 'r2': -0.56}
2023-04-08 06:52:23,658 [INFO] Save training_log data...
2023-04-08 06:52:23,950 [INFO] Save score_log data...
2023-04-08 06:52:23,951 [INFO] Time : 326.72523760795593
