2023-05-28 07:12:16,898 [INFO] Train data : Vary_params_CDK2_EGFR_LCK\DUD-E\EGFR\nG1_20\ECFP4_256bits\Robust\EGFR_train_vector.tsv
2023-05-28 07:12:16,898 [INFO] Valid data : Vary_params_CDK2_EGFR_LCK\DUD-E\EGFR\nG1_20\ECFP4_256bits\Robust\EGFR_valid_vector.tsv
2023-05-28 07:12:16,898 [INFO] Output path : Vary_params_CDK2_EGFR_LCK\DUD-E\EGFR\nG1_20\ECFP4_256bits\Robust\EGFR_model\XGB
2023-05-28 07:12:16,898 [INFO] Model type : XGB
2023-05-28 07:12:16,898 [INFO] Use cores : 19
2023-05-28 07:12:16,918 [INFO] Start Learning model
2023-05-28 07:12:16,918 [INFO] Train : 900 | Valid : 218
2023-05-28 07:12:16,919 [INFO] Set parameters : {'max_depth': [4, 6, 8], 'learning_rate': [0.01, 0.2], 'n_estimators': [200, 600, 1000], 'gamma': [0, 1000], 'min_child_weight': [1, 3], 'subsample': [0.5, 1], 'colsample_bytree': [0.5, 1], 'objective': ['binary:logitraw'], 'eval_metric': ['auc', 'error']}
2023-05-28 07:27:11,814 [INFO] GridSearchCV results :
     mean_valid_accuracy  mean_valid_precision  mean_valid_auc
169             0.945556              0.994356        0.936040
13              0.944444              0.994356        0.934724
157             0.944444              0.994356        0.934724
25              0.945556              0.994356        0.936040
163             0.940000              0.994281        0.929461
..                   ...                   ...             ...
263             0.580000              0.000000        0.500000
262             0.580000              0.000000        0.500000
261             0.580000              0.000000        0.500000
260             0.580000              0.000000        0.500000
575             0.580000              0.000000        0.500000

[576 rows x 3 columns]
2023-05-28 07:27:11,816 [INFO] Best model :
XGBClassifier(base_score=None, booster=None, callbacks=None,
              colsample_bylevel=None, colsample_bynode=None,
              colsample_bytree=0.5, early_stopping_rounds=None,
              enable_categorical=False, eval_metric='auc', feature_types=None,
              gamma=0, gpu_id=None, grow_policy=None, importance_type=None,
              interaction_constraints=None, learning_rate=0.01, max_bin=None,
              max_cat_threshold=None, max_cat_to_onehot=None,
              max_delta_step=None, max_depth=6, max_leaves=None,
              min_child_weight=1, missing=nan, monotone_constraints=None,
              n_estimators=200, n_jobs=0, num_parallel_tree=None,
              objective='binary:logitraw', predictor=None, ...)
2023-05-28 07:27:11,828 [INFO] Save train_prediction_log data...
2023-05-28 07:27:11,832 [INFO] {'Data': 'train', 'ACC': '0.99 (895 / 900)', 'TP': 373, 'FP': 0, 'FN': 5, 'TN': 522, 'Precision': '1.0 (373 / 373 + 0)', 'Recall': '0.99 (373 / 373 + 5)', 'F1': '0.99 (2 * (0.99 * 1.0) / 0.99 + 1.0)', 'Specificity': '1.0 (522 / 522 + 0)', 'AUC': 0.99, 'r2': 0.98}
2023-05-28 07:27:11,840 [INFO] Save valid_prediction_log data...
2023-05-28 07:27:11,843 [INFO] {'Data': 'valid', 'ACC': '1.0 (218 / 218)', 'TP': 87, 'FP': 0, 'FN': 0, 'TN': 131, 'Precision': '1.0 (87 / 87 + 0)', 'Recall': '1.0 (87 / 87 + 0)', 'F1': '1.0 (2 * (1.0 * 1.0) / 1.0 + 1.0)', 'Specificity': '1.0 (131 / 131 + 0)', 'AUC': 1.0, 'r2': 1.0}
2023-05-28 07:27:11,860 [INFO] Save test_prediction_log data...
2023-05-28 07:27:11,863 [INFO] {'Data': 'test', 'ACC': '0.68 (149 / 218)', 'TP': 38, 'FP': 20, 'FN': 49, 'TN': 111, 'Precision': '0.66 (38 / 38 + 20)', 'Recall': '0.44 (38 / 38 + 49)', 'F1': '0.53 (2 * (0.44 * 0.66) / 0.44 + 0.66)', 'Specificity': '0.85 (111 / 111 + 20)', 'AUC': 0.64, 'r2': -0.32}
2023-05-28 07:27:11,869 [INFO] Save training_log data...
2023-05-28 07:27:11,875 [INFO] Save score_log data...
2023-05-28 07:27:11,876 [INFO] Time : 894.9783618450165
