2023-05-30 01:45:25,956 [INFO] Train data : Baseline_noscale\DUD-E\MET\ECFP6_256bits\MET_raw_train.tsv
2023-05-30 01:45:25,956 [INFO] Valid data : Baseline_noscale\DUD-E\MET\ECFP6_256bits\MET_raw_valid.tsv
2023-05-30 01:45:25,956 [INFO] Output path : Baseline_noscale\DUD-E\MET\ECFP6_256bits\MET_model\MLP
2023-05-30 01:45:25,956 [INFO] Model type : MLP
2023-05-30 01:45:25,956 [INFO] Use cores : 12
2023-05-30 01:45:25,966 [INFO] Start Learning model
2023-05-30 01:45:25,966 [INFO] Train : 196 | Valid : 49
2023-05-30 01:45:25,966 [INFO] Set parameters : {'hidden_layer_sizes': [(50,), (100,), (50, 50), (100, 100)], 'learning_rate': ['constant', 'invscaling', 'adaptive'], 'activation': ['relu', 'identity', 'logistic', 'tanh'], 'solver': ['adam', 'sgd', 'lbfgs'], 'alpha': [0.1, 0.01, 0.001], 'max_iter': [500, 1000], 'early_stopping': [True]}
2023-05-30 01:46:33,846 [INFO] GridSearchCV results :
     mean_valid_accuracy  mean_valid_precision  mean_valid_auc
534             0.833947                   1.0        0.791964
600             0.833947                   1.0        0.791964
453             0.834211                   1.0        0.791964
456             0.834211                   1.0        0.791964
459             0.834211                   1.0        0.791964
..                   ...                   ...             ...
489             0.602105                   0.0        0.500000
625             0.602105                   0.0        0.500000
627             0.602105                   0.0        0.500000
628             0.602105                   0.0        0.500000
529             0.602105                   0.0        0.500000

[864 rows x 3 columns]
2023-05-30 01:46:33,847 [INFO] Best model :
MLPClassifier(activation='logistic', alpha=0.1, early_stopping=True,
              max_iter=500, random_state=42)
2023-05-30 01:46:33,852 [INFO] Save train_prediction_log data...
2023-05-30 01:46:33,855 [INFO] {'Data': 'train', 'ACC': '0.96 (188 / 196)', 'TP': 70, 'FP': 0, 'FN': 8, 'TN': 118, 'Precision': '1.0 (70 / 70 + 0)', 'Recall': '0.9 (70 / 70 + 8)', 'F1': '0.95 (2 * (0.9 * 1.0) / 0.9 + 1.0)', 'Specificity': '1.0 (118 / 118 + 0)', 'AUC': 0.95, 'r2': 0.83}
2023-05-30 01:46:33,859 [INFO] Save valid_prediction_log data...
2023-05-30 01:46:33,860 [INFO] {'Data': 'valid', 'ACC': '0.98 (48 / 49)', 'TP': 19, 'FP': 0, 'FN': 1, 'TN': 29, 'Precision': '1.0 (19 / 19 + 0)', 'Recall': '0.95 (19 / 19 + 1)', 'F1': '0.97 (2 * (0.95 * 1.0) / 0.95 + 1.0)', 'Specificity': '1.0 (29 / 29 + 0)', 'AUC': 0.98, 'r2': 0.92}
2023-05-30 01:46:33,868 [INFO] Save test_prediction_log data...
2023-05-30 01:46:33,870 [INFO] {'Data': 'test', 'ACC': '0.61 (30 / 49)', 'TP': 2, 'FP': 1, 'FN': 18, 'TN': 28, 'Precision': '0.67 (2 / 2 + 1)', 'Recall': '0.1 (2 / 2 + 18)', 'F1': '0.17 (2 * (0.1 * 0.67) / 0.1 + 0.67)', 'Specificity': '0.97 (28 / 28 + 1)', 'AUC': 0.53, 'r2': -0.61}
2023-05-30 01:46:33,872 [INFO] Save training_log data...
2023-05-30 01:46:33,876 [INFO] Save score_log data...
2023-05-30 01:46:33,877 [INFO] Time : 67.92088341712952
