2023-05-29 14:03:26,129 [INFO] Train data : Vary_params_BRAF_MK14\DUD-E\BRAF\nG1_80\ECFP6_256bits\Robust\BRAF_train_vector.tsv
2023-05-29 14:03:26,129 [INFO] Valid data : Vary_params_BRAF_MK14\DUD-E\BRAF\nG1_80\ECFP6_256bits\Robust\BRAF_valid_vector.tsv
2023-05-29 14:03:26,129 [INFO] Output path : Vary_params_BRAF_MK14\DUD-E\BRAF\nG1_80\ECFP6_256bits\Robust\BRAF_model\SVM
2023-05-29 14:03:26,130 [INFO] Model type : SVM
2023-05-29 14:03:26,130 [INFO] Use cores : 10
2023-05-29 14:03:26,142 [INFO] Start Learning model
2023-05-29 14:03:26,142 [INFO] Train : 171 | Valid : 50
2023-05-29 14:03:26,143 [INFO] Set parameters : {'kernel': ['linear', 'rbf'], 'C': [0.01, 0.1, 1, 10, 100, 1000], 'gamma': [0.01, 0.1, 1, 100, 1000]}
2023-05-29 14:03:28,771 [INFO] GridSearchCV results :
    mean_valid_accuracy  mean_valid_precision  mean_valid_auc
0              0.935948              0.901429        0.925321
20             0.935948              0.901429        0.925321
24             0.935948              0.901429        0.925321
26             0.935948              0.901429        0.925321
28             0.935948              0.901429        0.925321
32             0.935948              0.901429        0.925321
34             0.935948              0.901429        0.925321
36             0.935948              0.901429        0.925321
38             0.935948              0.901429        0.925321
40             0.935948              0.901429        0.925321
42             0.935948              0.901429        0.925321
44             0.935948              0.901429        0.925321
46             0.935948              0.901429        0.925321
48             0.935948              0.901429        0.925321
50             0.935948              0.901429        0.925321
52             0.935948              0.901429        0.925321
54             0.935948              0.901429        0.925321
56             0.935948              0.901429        0.925321
58             0.935948              0.901429        0.925321
22             0.935948              0.901429        0.925321
30             0.935948              0.901429        0.925321
10             0.935948              0.901429        0.925321
2              0.935948              0.901429        0.925321
18             0.935948              0.901429        0.925321
8              0.935948              0.901429        0.925321
16             0.935948              0.901429        0.925321
4              0.935948              0.901429        0.925321
12             0.935948              0.901429        0.925321
6              0.935948              0.901429        0.925321
14             0.935948              0.901429        0.925321
49             0.707516              0.000000        0.500000
9              0.707516              0.000000        0.500000
45             0.707516              0.000000        0.500000
47             0.707516              0.000000        0.500000
7              0.707516              0.000000        0.500000
21             0.707516              0.000000        0.500000
43             0.707516              0.000000        0.500000
5              0.707516              0.000000        0.500000
53             0.707516              0.000000        0.500000
55             0.707516              0.000000        0.500000
3              0.707516              0.000000        0.500000
57             0.707516              0.000000        0.500000
51             0.707516              0.000000        0.500000
11             0.707516              0.000000        0.500000
41             0.707516              0.000000        0.500000
19             0.707516              0.000000        0.500000
39             0.707516              0.000000        0.500000
37             0.707516              0.000000        0.500000
13             0.707516              0.000000        0.500000
35             0.707516              0.000000        0.500000
33             0.707516              0.000000        0.500000
15             0.707516              0.000000        0.500000
31             0.707516              0.000000        0.500000
1              0.707516              0.000000        0.500000
29             0.707516              0.000000        0.500000
27             0.707516              0.000000        0.500000
17             0.707516              0.000000        0.500000
25             0.707516              0.000000        0.500000
23             0.707516              0.000000        0.500000
59             0.707516              0.000000        0.500000
2023-05-29 14:03:28,773 [INFO] Best model :
SVC(C=0.01, gamma=0.01, kernel='linear', random_state=42)
2023-05-29 14:03:28,778 [INFO] Save train_prediction_log data...
2023-05-29 14:03:28,781 [INFO] {'Data': 'train', 'ACC': '1.0 (171 / 171)', 'TP': 50, 'FP': 0, 'FN': 0, 'TN': 121, 'Precision': '1.0 (50 / 50 + 0)', 'Recall': '1.0 (50 / 50 + 0)', 'F1': '1.0 (2 * (1.0 * 1.0) / 1.0 + 1.0)', 'Specificity': '1.0 (121 / 121 + 0)', 'AUC': 1.0, 'r2': 1.0}
2023-05-29 14:03:28,785 [INFO] Save valid_prediction_log data...
2023-05-29 14:03:28,787 [INFO] {'Data': 'valid', 'ACC': '0.88 (44 / 50)', 'TP': 18, 'FP': 4, 'FN': 2, 'TN': 26, 'Precision': '0.82 (18 / 18 + 4)', 'Recall': '0.9 (18 / 18 + 2)', 'F1': '0.86 (2 * (0.9 * 0.82) / 0.9 + 0.82)', 'Specificity': '0.87 (26 / 26 + 4)', 'AUC': 0.88, 'r2': 0.5}
2023-05-29 14:03:28,796 [INFO] Save test_prediction_log data...
2023-05-29 14:03:28,811 [INFO] {'Data': 'test', 'ACC': '0.6 (30 / 50)', 'TP': 6, 'FP': 6, 'FN': 14, 'TN': 24, 'Precision': '0.5 (6 / 6 + 6)', 'Recall': '0.3 (6 / 6 + 14)', 'F1': '0.37 (2 * (0.3 * 0.5) / 0.3 + 0.5)', 'Specificity': '0.8 (24 / 24 + 6)', 'AUC': 0.55, 'r2': -0.67}
2023-05-29 14:03:28,813 [INFO] Save training_log data...
2023-05-29 14:03:28,814 [INFO] Save score_log data...
2023-05-29 14:03:28,815 [INFO] Time : 2.685385227203369
