2023-05-27 12:09:08,867 [INFO] Train data : Vary_params_SH\DUD-E\ROCK1\nG1_50\ECFP6_256bits\Standard\ROCK1_train_vector.tsv
2023-05-27 12:09:08,867 [INFO] Valid data : Vary_params_SH\DUD-E\ROCK1\nG1_50\ECFP6_256bits\Standard\ROCK1_valid_vector.tsv
2023-05-27 12:09:08,867 [INFO] Output path : Vary_params_SH\DUD-E\ROCK1\nG1_50\ECFP6_256bits\Standard\ROCK1_model\SVM
2023-05-27 12:09:08,867 [INFO] Model type : SVM
2023-05-27 12:09:08,868 [INFO] Use cores : 3
2023-05-27 12:09:08,892 [INFO] Start Learning model
2023-05-27 12:09:08,893 [INFO] Train : 100 | Valid : 25
2023-05-27 12:09:08,893 [INFO] Set parameters : {'kernel': ['linear', 'rbf'], 'C': [0.01, 0.1, 1, 10, 100, 1000], 'gamma': [0.01, 0.1, 1, 100, 1000]}
2023-05-27 12:09:13,078 [INFO] GridSearchCV results :
    mean_valid_accuracy  mean_valid_precision  mean_valid_auc
0                  0.96                 0.955        0.958333
20                 0.96                 0.955        0.958333
24                 0.96                 0.955        0.958333
26                 0.96                 0.955        0.958333
28                 0.96                 0.955        0.958333
32                 0.96                 0.955        0.958333
34                 0.96                 0.955        0.958333
36                 0.96                 0.955        0.958333
38                 0.96                 0.955        0.958333
40                 0.96                 0.955        0.958333
42                 0.96                 0.955        0.958333
44                 0.96                 0.955        0.958333
46                 0.96                 0.955        0.958333
48                 0.96                 0.955        0.958333
50                 0.96                 0.955        0.958333
52                 0.96                 0.955        0.958333
54                 0.96                 0.955        0.958333
56                 0.96                 0.955        0.958333
58                 0.96                 0.955        0.958333
22                 0.96                 0.955        0.958333
30                 0.96                 0.955        0.958333
2                  0.96                 0.955        0.958333
18                 0.96                 0.955        0.958333
10                 0.96                 0.955        0.958333
8                  0.96                 0.955        0.958333
16                 0.96                 0.955        0.958333
4                  0.96                 0.955        0.958333
12                 0.96                 0.955        0.958333
14                 0.96                 0.955        0.958333
6                  0.96                 0.955        0.958333
21                 0.80                 0.900        0.750000
41                 0.83                 0.900        0.787500
31                 0.83                 0.900        0.787500
51                 0.83                 0.900        0.787500
7                  0.60                 0.000        0.500000
47                 0.60                 0.000        0.500000
5                  0.60                 0.000        0.500000
49                 0.60                 0.000        0.500000
9                  0.60                 0.000        0.500000
53                 0.60                 0.000        0.500000
55                 0.60                 0.000        0.500000
3                  0.60                 0.000        0.500000
57                 0.60                 0.000        0.500000
45                 0.60                 0.000        0.500000
11                 0.60                 0.000        0.500000
43                 0.60                 0.000        0.500000
19                 0.60                 0.000        0.500000
39                 0.60                 0.000        0.500000
37                 0.60                 0.000        0.500000
13                 0.60                 0.000        0.500000
35                 0.60                 0.000        0.500000
33                 0.60                 0.000        0.500000
15                 0.60                 0.000        0.500000
1                  0.60                 0.000        0.500000
29                 0.60                 0.000        0.500000
27                 0.60                 0.000        0.500000
17                 0.60                 0.000        0.500000
25                 0.60                 0.000        0.500000
23                 0.60                 0.000        0.500000
59                 0.60                 0.000        0.500000
2023-05-27 12:09:13,080 [INFO] Best model :
SVC(C=0.01, gamma=0.01, kernel='linear', random_state=42)
2023-05-27 12:09:13,086 [INFO] Save train_prediction_log data...
2023-05-27 12:09:13,090 [INFO] {'Data': 'train', 'ACC': '1.0 (100 / 100)', 'TP': 40, 'FP': 0, 'FN': 0, 'TN': 60, 'Precision': '1.0 (40 / 40 + 0)', 'Recall': '1.0 (40 / 40 + 0)', 'F1': '1.0 (2 * (1.0 * 1.0) / 1.0 + 1.0)', 'Specificity': '1.0 (60 / 60 + 0)', 'AUC': 1.0, 'r2': 1.0}
2023-05-27 12:09:13,096 [INFO] Save valid_prediction_log data...
2023-05-27 12:09:13,098 [INFO] {'Data': 'valid', 'ACC': '1.0 (25 / 25)', 'TP': 10, 'FP': 0, 'FN': 0, 'TN': 15, 'Precision': '1.0 (10 / 10 + 0)', 'Recall': '1.0 (10 / 10 + 0)', 'F1': '1.0 (2 * (1.0 * 1.0) / 1.0 + 1.0)', 'Specificity': '1.0 (15 / 15 + 0)', 'AUC': 1.0, 'r2': 1.0}
2023-05-27 12:09:13,112 [INFO] Save test_prediction_log data...
2023-05-27 12:09:13,115 [INFO] {'Data': 'test', 'ACC': '0.6 (15 / 25)', 'TP': 3, 'FP': 3, 'FN': 7, 'TN': 12, 'Precision': '0.5 (3 / 3 + 3)', 'Recall': '0.3 (3 / 3 + 7)', 'F1': '0.37 (2 * (0.3 * 0.5) / 0.3 + 0.5)', 'Specificity': '0.8 (12 / 12 + 3)', 'AUC': 0.55, 'r2': -0.67}
2023-05-27 12:09:13,117 [INFO] Save training_log data...
2023-05-27 12:09:13,119 [INFO] Save score_log data...
2023-05-27 12:09:13,120 [INFO] Time : 4.253269910812378
