2023-05-27 15:36:01,749 [INFO] Train data : Vary_params\DUD-E\PLK1\nG1_20\ECFP4_256bits\Standard\PLK1_train_vector.tsv
2023-05-27 15:36:01,749 [INFO] Valid data : Vary_params\DUD-E\PLK1\nG1_20\ECFP4_256bits\Standard\PLK1_valid_vector.tsv
2023-05-27 15:36:01,749 [INFO] Output path : Vary_params\DUD-E\PLK1\nG1_20\ECFP4_256bits\Standard\PLK1_model\XGB
2023-05-27 15:36:01,749 [INFO] Model type : XGB
2023-05-27 15:36:01,749 [INFO] Use cores : 10
2023-05-27 15:36:01,766 [INFO] Start Learning model
2023-05-27 15:36:01,766 [INFO] Train : 144 | Valid : 28
2023-05-27 15:36:01,767 [INFO] Set parameters : {'max_depth': [4, 6, 8], 'learning_rate': [0.01, 0.2], 'n_estimators': [200, 600, 1000], 'gamma': [0, 1000], 'min_child_weight': [1, 3], 'subsample': [0.5, 1], 'colsample_bytree': [0.5, 1], 'objective': ['binary:logitraw'], 'eval_metric': ['auc', 'error']}
2023-05-27 15:42:04,090 [INFO] GridSearchCV results :
     mean_valid_accuracy  mean_valid_precision  mean_valid_auc
0               0.886190                   1.0         0.89375
27              0.960000                   1.0         0.96250
144             0.886190                   1.0         0.89375
146             0.920000                   1.0         0.92500
147             0.960000                   1.0         0.96250
..                   ...                   ...             ...
272             0.472381                   0.0         0.50000
271             0.472381                   0.0         0.50000
270             0.472381                   0.0         0.50000
269             0.472381                   0.0         0.50000
575             0.472381                   0.0         0.50000

[576 rows x 3 columns]
2023-05-27 15:42:04,091 [INFO] Best model :
XGBClassifier(base_score=None, booster=None, callbacks=None,
              colsample_bylevel=None, colsample_bynode=None,
              colsample_bytree=0.5, early_stopping_rounds=None,
              enable_categorical=False, eval_metric='auc', feature_types=None,
              gamma=0, gpu_id=None, grow_policy=None, importance_type=None,
              interaction_constraints=None, learning_rate=0.01, max_bin=None,
              max_cat_threshold=None, max_cat_to_onehot=None,
              max_delta_step=None, max_depth=4, max_leaves=None,
              min_child_weight=1, missing=nan, monotone_constraints=None,
              n_estimators=200, n_jobs=0, num_parallel_tree=None,
              objective='binary:logitraw', predictor=None, ...)
2023-05-27 15:42:04,101 [INFO] Save train_prediction_log data...
2023-05-27 15:42:04,105 [INFO] {'Data': 'train', 'ACC': '0.98 (141 / 144)', 'TP': 73, 'FP': 0, 'FN': 3, 'TN': 68, 'Precision': '1.0 (73 / 73 + 0)', 'Recall': '0.96 (73 / 73 + 3)', 'F1': '0.98 (2 * (0.96 * 1.0) / 0.96 + 1.0)', 'Specificity': '1.0 (68 / 68 + 0)', 'AUC': 0.98, 'r2': 0.92}
2023-05-27 15:42:04,113 [INFO] Save valid_prediction_log data...
2023-05-27 15:42:04,115 [INFO] {'Data': 'valid', 'ACC': '1.0 (28 / 28)', 'TP': 11, 'FP': 0, 'FN': 0, 'TN': 17, 'Precision': '1.0 (11 / 11 + 0)', 'Recall': '1.0 (11 / 11 + 0)', 'F1': '1.0 (2 * (1.0 * 1.0) / 1.0 + 1.0)', 'Specificity': '1.0 (17 / 17 + 0)', 'AUC': 1.0, 'r2': 1.0}
2023-05-27 15:42:04,137 [INFO] Save test_prediction_log data...
2023-05-27 15:42:04,139 [INFO] {'Data': 'test', 'ACC': '0.68 (19 / 28)', 'TP': 3, 'FP': 1, 'FN': 8, 'TN': 16, 'Precision': '0.75 (3 / 3 + 1)', 'Recall': '0.27 (3 / 3 + 8)', 'F1': '0.4 (2 * (0.27 * 0.75) / 0.27 + 0.75)', 'Specificity': '0.94 (16 / 16 + 1)', 'AUC': 0.61, 'r2': -0.35}
2023-05-27 15:42:04,144 [INFO] Save training_log data...
2023-05-27 15:42:04,148 [INFO] Save score_log data...
2023-05-27 15:42:04,149 [INFO] Time : 362.39984822273254
