2023-05-27 16:13:50,720 [INFO] Train data : Vary_params_SH\DUD-E\ROCK1\nG1_80\ECFP4_256bits\Robust\ROCK1_train_vector.tsv
2023-05-27 16:13:50,720 [INFO] Valid data : Vary_params_SH\DUD-E\ROCK1\nG1_80\ECFP4_256bits\Robust\ROCK1_valid_vector.tsv
2023-05-27 16:13:50,720 [INFO] Output path : Vary_params_SH\DUD-E\ROCK1\nG1_80\ECFP4_256bits\Robust\ROCK1_model\MLP
2023-05-27 16:13:50,720 [INFO] Model type : MLP
2023-05-27 16:13:50,720 [INFO] Use cores : 3
2023-05-27 16:13:50,737 [INFO] Start Learning model
2023-05-27 16:13:50,738 [INFO] Train : 70 | Valid : 25
2023-05-27 16:13:50,738 [INFO] Set parameters : {'hidden_layer_sizes': [(50,), (100,), (50, 50), (100, 100)], 'learning_rate': ['constant', 'invscaling', 'adaptive'], 'activation': ['relu', 'identity', 'logistic', 'tanh'], 'solver': ['adam', 'sgd', 'lbfgs'], 'alpha': [0.1, 0.01, 0.001], 'max_iter': [500, 1000], 'early_stopping': [True]}
2023-05-27 16:20:22,400 [INFO] GridSearchCV results :
     mean_valid_accuracy  mean_valid_precision  mean_valid_auc
560             0.971429                   0.9        0.983333
719             0.971429                   0.9        0.983333
572             0.971429                   0.9        0.983333
563             0.971429                   0.9        0.983333
575             0.971429                   0.9        0.983333
..                   ...                   ...             ...
559             0.842857                   0.0        0.491667
561             0.857143                   0.0        0.500000
562             0.842857                   0.0        0.491667
564             0.857143                   0.0        0.500000
636             0.857143                   0.0        0.500000

[864 rows x 3 columns]
2023-05-27 16:20:22,402 [INFO] Best model :
MLPClassifier(activation='logistic', alpha=0.01, early_stopping=True,
              hidden_layer_sizes=(100, 100), max_iter=500, random_state=42,
              solver='lbfgs')
2023-05-27 16:20:22,408 [INFO] Save train_prediction_log data...
2023-05-27 16:20:22,412 [INFO] {'Data': 'train', 'ACC': '1.0 (70 / 70)', 'TP': 10, 'FP': 0, 'FN': 0, 'TN': 60, 'Precision': '1.0 (10 / 10 + 0)', 'Recall': '1.0 (10 / 10 + 0)', 'F1': '1.0 (2 * (1.0 * 1.0) / 1.0 + 1.0)', 'Specificity': '1.0 (60 / 60 + 0)', 'AUC': 1.0, 'r2': 1.0}
2023-05-27 16:20:22,417 [INFO] Save valid_prediction_log data...
2023-05-27 16:20:22,420 [INFO] {'Data': 'valid', 'ACC': '0.92 (23 / 25)', 'TP': 8, 'FP': 0, 'FN': 2, 'TN': 15, 'Precision': '1.0 (8 / 8 + 0)', 'Recall': '0.8 (8 / 8 + 2)', 'F1': '0.89 (2 * (0.8 * 1.0) / 0.8 + 1.0)', 'Specificity': '1.0 (15 / 15 + 0)', 'AUC': 0.9, 'r2': 0.67}
2023-05-27 16:20:22,433 [INFO] Save test_prediction_log data...
2023-05-27 16:20:22,436 [INFO] {'Data': 'test', 'ACC': '0.6 (15 / 25)', 'TP': 2, 'FP': 2, 'FN': 8, 'TN': 13, 'Precision': '0.5 (2 / 2 + 2)', 'Recall': '0.2 (2 / 2 + 8)', 'F1': '0.29 (2 * (0.2 * 0.5) / 0.2 + 0.5)', 'Specificity': '0.87 (13 / 13 + 2)', 'AUC': 0.53, 'r2': -0.67}
2023-05-27 16:20:22,439 [INFO] Save training_log data...
2023-05-27 16:20:22,460 [INFO] Save score_log data...
2023-05-27 16:20:22,461 [INFO] Time : 391.7407557964325
