2023-05-28 04:42:57,731 [INFO] Train data : Vary_params_CDK2_EGFR_LCK\DUD-E\CDK2\nG1_80\ECFP6_256bits\Standard\CDK2_train_vector.tsv
2023-05-28 04:42:57,731 [INFO] Valid data : Vary_params_CDK2_EGFR_LCK\DUD-E\CDK2\nG1_80\ECFP6_256bits\Standard\CDK2_valid_vector.tsv
2023-05-28 04:42:57,731 [INFO] Output path : Vary_params_CDK2_EGFR_LCK\DUD-E\CDK2\nG1_80\ECFP6_256bits\Standard\CDK2_model\MLP
2023-05-28 04:42:57,731 [INFO] Model type : MLP
2023-05-28 04:42:57,731 [INFO] Use cores : 19
2023-05-28 04:42:57,769 [INFO] Start Learning model
2023-05-28 04:42:57,770 [INFO] Train : 818 | Valid : 212
2023-05-28 04:42:57,770 [INFO] Set parameters : {'hidden_layer_sizes': [(50,), (100,), (50, 50), (100, 100)], 'learning_rate': ['constant', 'invscaling', 'adaptive'], 'activation': ['relu', 'identity', 'logistic', 'tanh'], 'solver': ['adam', 'sgd', 'lbfgs'], 'alpha': [0.1, 0.01, 0.001], 'max_iter': [500, 1000], 'early_stopping': [True]}
2023-05-28 04:45:54,656 [INFO] GridSearchCV results :
     mean_valid_accuracy  mean_valid_precision  mean_valid_auc
615             0.863053              0.922412        0.831565
621             0.863053              0.922412        0.831565
555             0.863053              0.922412        0.831565
552             0.863053              0.922412        0.831565
549             0.863053              0.922412        0.831565
..                   ...                   ...             ...
643             0.622252              0.000000        0.500000
610             0.622252              0.000000        0.500000
451             0.622252              0.000000        0.500000
523             0.622252              0.000000        0.500000
562             0.622252              0.000000        0.500000

[864 rows x 3 columns]
2023-05-28 04:45:54,657 [INFO] Best model :
MLPClassifier(activation='logistic', alpha=0.01, early_stopping=True,
              hidden_layer_sizes=(50, 50), max_iter=500, random_state=42)
2023-05-28 04:45:54,666 [INFO] Save train_prediction_log data...
2023-05-28 04:45:54,669 [INFO] {'Data': 'train', 'ACC': '0.91 (748 / 818)', 'TP': 249, 'FP': 10, 'FN': 60, 'TN': 499, 'Precision': '0.96 (249 / 249 + 10)', 'Recall': '0.81 (249 / 249 + 60)', 'F1': '0.88 (2 * (0.81 * 0.96) / 0.81 + 0.96)', 'Specificity': '0.98 (499 / 499 + 10)', 'AUC': 0.89, 'r2': 0.64}
2023-05-28 04:45:54,674 [INFO] Save valid_prediction_log data...
2023-05-28 04:45:54,676 [INFO] {'Data': 'valid', 'ACC': '0.91 (193 / 212)', 'TP': 75, 'FP': 9, 'FN': 10, 'TN': 118, 'Precision': '0.89 (75 / 75 + 9)', 'Recall': '0.88 (75 / 75 + 10)', 'F1': '0.88 (2 * (0.88 * 0.89) / 0.88 + 0.89)', 'Specificity': '0.93 (118 / 118 + 9)', 'AUC': 0.91, 'r2': 0.63}
2023-05-28 04:45:54,691 [INFO] Save test_prediction_log data...
2023-05-28 04:45:54,693 [INFO] {'Data': 'test', 'ACC': '0.59 (125 / 212)', 'TP': 43, 'FP': 45, 'FN': 42, 'TN': 82, 'Precision': '0.49 (43 / 43 + 45)', 'Recall': '0.51 (43 / 43 + 42)', 'F1': '0.5 (2 * (0.51 * 0.49) / 0.51 + 0.49)', 'Specificity': '0.65 (82 / 82 + 45)', 'AUC': 0.58, 'r2': -0.71}
2023-05-28 04:45:54,696 [INFO] Save training_log data...
2023-05-28 04:45:54,701 [INFO] Save score_log data...
2023-05-28 04:45:54,702 [INFO] Time : 176.971777677536
