2023-05-27 12:15:15,434 [INFO] Train data : Vary_params\DUD-E\MP2K1\nG1_50\ECFP6_512bits\Standard\MP2K1_train_vector.tsv
2023-05-27 12:15:15,434 [INFO] Valid data : Vary_params\DUD-E\MP2K1\nG1_50\ECFP6_512bits\Standard\MP2K1_valid_vector.tsv
2023-05-27 12:15:15,435 [INFO] Output path : Vary_params\DUD-E\MP2K1\nG1_50\ECFP6_512bits\Standard\MP2K1_model\SVM
2023-05-27 12:15:15,435 [INFO] Model type : SVM
2023-05-27 12:15:15,435 [INFO] Use cores : 10
2023-05-27 12:15:15,464 [INFO] Start Learning model
2023-05-27 12:15:15,465 [INFO] Train : 142 | Valid : 35
2023-05-27 12:15:15,465 [INFO] Set parameters : {'kernel': ['linear', 'rbf'], 'C': [0.01, 0.1, 1, 10, 100, 1000], 'gamma': [0.01, 0.1, 1, 100, 1000]}
2023-05-27 12:15:18,296 [INFO] GridSearchCV results :
    mean_valid_accuracy  mean_valid_precision  mean_valid_auc
0              0.980000                   1.0        0.975000
20             0.980000                   1.0        0.975000
24             0.980000                   1.0        0.975000
26             0.980000                   1.0        0.975000
28             0.980000                   1.0        0.975000
32             0.980000                   1.0        0.975000
34             0.980000                   1.0        0.975000
36             0.980000                   1.0        0.975000
38             0.980000                   1.0        0.975000
40             0.980000                   1.0        0.975000
42             0.980000                   1.0        0.975000
44             0.980000                   1.0        0.975000
46             0.980000                   1.0        0.975000
48             0.980000                   1.0        0.975000
50             0.980000                   1.0        0.975000
52             0.980000                   1.0        0.975000
54             0.980000                   1.0        0.975000
56             0.980000                   1.0        0.975000
58             0.980000                   1.0        0.975000
22             0.980000                   1.0        0.975000
30             0.980000                   1.0        0.975000
2              0.980000                   1.0        0.975000
18             0.980000                   1.0        0.975000
10             0.980000                   1.0        0.975000
8              0.980000                   1.0        0.975000
16             0.980000                   1.0        0.975000
4              0.980000                   1.0        0.975000
12             0.980000                   1.0        0.975000
14             0.980000                   1.0        0.975000
6              0.980000                   1.0        0.975000
41             0.711905                   0.9        0.640000
31             0.711905                   0.9        0.640000
51             0.711905                   0.9        0.640000
21             0.683810                   0.7        0.603333
7              0.598571                   0.0        0.500000
47             0.598571                   0.0        0.500000
5              0.598571                   0.0        0.500000
49             0.598571                   0.0        0.500000
9              0.598571                   0.0        0.500000
53             0.598571                   0.0        0.500000
55             0.598571                   0.0        0.500000
3              0.598571                   0.0        0.500000
57             0.598571                   0.0        0.500000
45             0.598571                   0.0        0.500000
11             0.598571                   0.0        0.500000
43             0.598571                   0.0        0.500000
19             0.598571                   0.0        0.500000
39             0.598571                   0.0        0.500000
37             0.598571                   0.0        0.500000
13             0.598571                   0.0        0.500000
35             0.598571                   0.0        0.500000
33             0.598571                   0.0        0.500000
15             0.598571                   0.0        0.500000
1              0.598571                   0.0        0.500000
29             0.598571                   0.0        0.500000
27             0.598571                   0.0        0.500000
17             0.598571                   0.0        0.500000
25             0.598571                   0.0        0.500000
23             0.598571                   0.0        0.500000
59             0.598571                   0.0        0.500000
2023-05-27 12:15:18,299 [INFO] Best model :
SVC(C=0.01, gamma=0.01, kernel='linear', random_state=42)
2023-05-27 12:15:18,305 [INFO] Save train_prediction_log data...
2023-05-27 12:15:18,308 [INFO] {'Data': 'train', 'ACC': '1.0 (142 / 142)', 'TP': 57, 'FP': 0, 'FN': 0, 'TN': 85, 'Precision': '1.0 (57 / 57 + 0)', 'Recall': '1.0 (57 / 57 + 0)', 'F1': '1.0 (2 * (1.0 * 1.0) / 1.0 + 1.0)', 'Specificity': '1.0 (85 / 85 + 0)', 'AUC': 1.0, 'r2': 1.0}
2023-05-27 12:15:18,312 [INFO] Save valid_prediction_log data...
2023-05-27 12:15:18,314 [INFO] {'Data': 'valid', 'ACC': '1.0 (35 / 35)', 'TP': 14, 'FP': 0, 'FN': 0, 'TN': 21, 'Precision': '1.0 (14 / 14 + 0)', 'Recall': '1.0 (14 / 14 + 0)', 'F1': '1.0 (2 * (1.0 * 1.0) / 1.0 + 1.0)', 'Specificity': '1.0 (21 / 21 + 0)', 'AUC': 1.0, 'r2': 1.0}
2023-05-27 12:15:18,331 [INFO] Save test_prediction_log data...
2023-05-27 12:15:18,333 [INFO] {'Data': 'test', 'ACC': '0.74 (26 / 35)', 'TP': 5, 'FP': 0, 'FN': 9, 'TN': 21, 'Precision': '1.0 (5 / 5 + 0)', 'Recall': '0.36 (5 / 5 + 9)', 'F1': '0.53 (2 * (0.36 * 1.0) / 0.36 + 1.0)', 'Specificity': '1.0 (21 / 21 + 0)', 'AUC': 0.68, 'r2': -0.07}
2023-05-27 12:15:18,335 [INFO] Save training_log data...
2023-05-27 12:15:18,337 [INFO] Save score_log data...
2023-05-27 12:15:18,338 [INFO] Time : 2.9035277366638184
