2023-05-29 07:08:48,882 [INFO] Train data : Vary_params_CDK2_EGFR_LCK\DUD-E\LCK\nG1_50\ECFP4_256bits\Standard\LCK_train_vector.tsv
2023-05-29 07:08:48,882 [INFO] Valid data : Vary_params_CDK2_EGFR_LCK\DUD-E\LCK\nG1_50\ECFP4_256bits\Standard\LCK_valid_vector.tsv
2023-05-29 07:08:48,882 [INFO] Output path : Vary_params_CDK2_EGFR_LCK\DUD-E\LCK\nG1_50\ECFP4_256bits\Standard\LCK_model\SVM
2023-05-29 07:08:48,882 [INFO] Model type : SVM
2023-05-29 07:08:48,882 [INFO] Use cores : 19
2023-05-29 07:08:48,918 [INFO] Start Learning model
2023-05-29 07:08:48,918 [INFO] Train : 736 | Valid : 185
2023-05-29 07:08:48,918 [INFO] Set parameters : {'kernel': ['linear', 'rbf'], 'C': [0.01, 0.1, 1, 10, 100, 1000], 'gamma': [0.01, 0.1, 1, 100, 1000]}
2023-05-29 07:08:53,338 [INFO] GridSearchCV results :
    mean_valid_accuracy  mean_valid_precision  mean_valid_auc
31             0.926546              1.000000        0.908103
21             0.918364              1.000000        0.897816
51             0.926546              1.000000        0.908103
41             0.926546              1.000000        0.908103
0              0.964717              0.966604        0.961726
2              0.964717              0.966604        0.961726
4              0.964717              0.966604        0.961726
6              0.964717              0.966604        0.961726
8              0.964717              0.966604        0.961726
42             0.940244              0.922241        0.939219
32             0.940244              0.922241        0.939219
34             0.940244              0.922241        0.939219
36             0.940244              0.922241        0.939219
38             0.940244              0.922241        0.939219
40             0.940244              0.922241        0.939219
48             0.940244              0.922241        0.939219
44             0.940244              0.922241        0.939219
46             0.940244              0.922241        0.939219
26             0.940244              0.922241        0.939219
50             0.940244              0.922241        0.939219
52             0.940244              0.922241        0.939219
54             0.940244              0.922241        0.939219
56             0.940244              0.922241        0.939219
58             0.940244              0.922241        0.939219
28             0.940244              0.922241        0.939219
30             0.940244              0.922241        0.939219
18             0.940244              0.922241        0.939219
24             0.940244              0.922241        0.939219
14             0.940244              0.922241        0.939219
12             0.940244              0.922241        0.939219
22             0.940244              0.922241        0.939219
16             0.940244              0.922241        0.939219
20             0.940244              0.922241        0.939219
10             0.940244              0.922241        0.939219
25             0.600555              0.000000        0.500000
49             0.600555              0.000000        0.500000
11             0.600555              0.000000        0.500000
53             0.600555              0.000000        0.500000
9              0.600555              0.000000        0.500000
13             0.600555              0.000000        0.500000
7              0.600555              0.000000        0.500000
55             0.600555              0.000000        0.500000
5              0.600555              0.000000        0.500000
57             0.600555              0.000000        0.500000
3              0.600555              0.000000        0.500000
47             0.600555              0.000000        0.500000
43             0.600555              0.000000        0.500000
45             0.600555              0.000000        0.500000
27             0.600555              0.000000        0.500000
15             0.600555              0.000000        0.500000
17             0.600555              0.000000        0.500000
39             0.600555              0.000000        0.500000
37             0.600555              0.000000        0.500000
19             0.600555              0.000000        0.500000
35             0.600555              0.000000        0.500000
33             0.600555              0.000000        0.500000
23             0.600555              0.000000        0.500000
1              0.600555              0.000000        0.500000
29             0.600555              0.000000        0.500000
59             0.600555              0.000000        0.500000
2023-05-29 07:08:53,339 [INFO] Best model :
SVC(C=1, gamma=0.01, random_state=42)
2023-05-29 07:08:53,390 [INFO] Save train_prediction_log data...
2023-05-29 07:08:53,394 [INFO] {'Data': 'train', 'ACC': '1.0 (736 / 736)', 'TP': 294, 'FP': 0, 'FN': 0, 'TN': 442, 'Precision': '1.0 (294 / 294 + 0)', 'Recall': '1.0 (294 / 294 + 0)', 'F1': '1.0 (2 * (1.0 * 1.0) / 1.0 + 1.0)', 'Specificity': '1.0 (442 / 442 + 0)', 'AUC': 1.0, 'r2': 1.0}
2023-05-29 07:08:53,409 [INFO] Save valid_prediction_log data...
2023-05-29 07:08:53,411 [INFO] {'Data': 'valid', 'ACC': '1.0 (185 / 185)', 'TP': 74, 'FP': 0, 'FN': 0, 'TN': 111, 'Precision': '1.0 (74 / 74 + 0)', 'Recall': '1.0 (74 / 74 + 0)', 'F1': '1.0 (2 * (1.0 * 1.0) / 1.0 + 1.0)', 'Specificity': '1.0 (111 / 111 + 0)', 'AUC': 1.0, 'r2': 1.0}
2023-05-29 07:08:53,438 [INFO] Save test_prediction_log data...
2023-05-29 07:08:53,441 [INFO] {'Data': 'test', 'ACC': '0.67 (124 / 185)', 'TP': 21, 'FP': 8, 'FN': 53, 'TN': 103, 'Precision': '0.72 (21 / 21 + 8)', 'Recall': '0.28 (21 / 21 + 53)', 'F1': '0.4 (2 * (0.28 * 0.72) / 0.28 + 0.72)', 'Specificity': '0.93 (103 / 103 + 8)', 'AUC': 0.61, 'r2': -0.37}
2023-05-29 07:08:53,443 [INFO] Save training_log data...
2023-05-29 07:08:53,445 [INFO] Save score_log data...
2023-05-29 07:08:53,446 [INFO] Time : 4.564478158950806
