2023-05-28 21:25:51,159 [INFO] Train data : Vary_params_IGF1R_KIT\DUD-E\KIT\nG1_80\ECFP4_256bits\Standard\KIT_train_vector.tsv
2023-05-28 21:25:51,160 [INFO] Valid data : Vary_params_IGF1R_KIT\DUD-E\KIT\nG1_80\ECFP4_256bits\Standard\KIT_valid_vector.tsv
2023-05-28 21:25:51,160 [INFO] Output path : Vary_params_IGF1R_KIT\DUD-E\KIT\nG1_80\ECFP4_256bits\Standard\KIT_model\MLP
2023-05-28 21:25:51,160 [INFO] Model type : MLP
2023-05-28 21:25:51,160 [INFO] Use cores : 10
2023-05-28 21:25:51,179 [INFO] Start Learning model
2023-05-28 21:25:51,179 [INFO] Train : 202 | Valid : 58
2023-05-28 21:25:51,179 [INFO] Set parameters : {'hidden_layer_sizes': [(50,), (100,), (50, 50), (100, 100)], 'learning_rate': ['constant', 'invscaling', 'adaptive'], 'activation': ['relu', 'identity', 'logistic', 'tanh'], 'solver': ['adam', 'sgd', 'lbfgs'], 'alpha': [0.1, 0.01, 0.001], 'max_iter': [500, 1000], 'early_stopping': [True]}
2023-05-28 21:27:27,444 [INFO] GridSearchCV results :
     mean_valid_accuracy  mean_valid_precision  mean_valid_auc
251             0.970238                   1.0        0.952381
503             0.995238                   1.0        0.992857
674             0.995238                   1.0        0.992857
671             0.995238                   1.0        0.992857
668             0.995238                   1.0        0.992857
..                   ...                   ...             ...
628             0.678571                   0.0        0.492582
630             0.688333                   0.0        0.500000
484             0.678571                   0.0        0.492582
633             0.688333                   0.0        0.500000
621             0.688333                   0.0        0.500000

[864 rows x 3 columns]
2023-05-28 21:27:27,445 [INFO] Best model :
MLPClassifier(alpha=0.1, early_stopping=True, hidden_layer_sizes=(50,),
              max_iter=500, random_state=42, solver='lbfgs')
2023-05-28 21:27:27,450 [INFO] Save train_prediction_log data...
2023-05-28 21:27:27,453 [INFO] {'Data': 'train', 'ACC': '1.0 (202 / 202)', 'TP': 63, 'FP': 0, 'FN': 0, 'TN': 139, 'Precision': '1.0 (63 / 63 + 0)', 'Recall': '1.0 (63 / 63 + 0)', 'F1': '1.0 (2 * (1.0 * 1.0) / 1.0 + 1.0)', 'Specificity': '1.0 (139 / 139 + 0)', 'AUC': 1.0, 'r2': 1.0}
2023-05-28 21:27:27,457 [INFO] Save valid_prediction_log data...
2023-05-28 21:27:27,459 [INFO] {'Data': 'valid', 'ACC': '0.97 (56 / 58)', 'TP': 22, 'FP': 1, 'FN': 1, 'TN': 34, 'Precision': '0.96 (22 / 22 + 1)', 'Recall': '0.96 (22 / 22 + 1)', 'F1': '0.96 (2 * (0.96 * 0.96) / 0.96 + 0.96)', 'Specificity': '0.97 (34 / 34 + 1)', 'AUC': 0.96, 'r2': 0.86}
2023-05-28 21:27:27,473 [INFO] Save test_prediction_log data...
2023-05-28 21:27:27,475 [INFO] {'Data': 'test', 'ACC': '0.67 (39 / 58)', 'TP': 13, 'FP': 9, 'FN': 10, 'TN': 26, 'Precision': '0.59 (13 / 13 + 9)', 'Recall': '0.57 (13 / 13 + 10)', 'F1': '0.58 (2 * (0.57 * 0.59) / 0.57 + 0.59)', 'Specificity': '0.74 (26 / 26 + 9)', 'AUC': 0.65, 'r2': -0.37}
2023-05-28 21:27:27,477 [INFO] Save training_log data...
2023-05-28 21:27:27,481 [INFO] Save score_log data...
2023-05-28 21:27:27,482 [INFO] Time : 96.32298278808594
