2023-05-28 15:34:39,129 [INFO] Train data : Vary_params_FGFR1\DUD-E\FGFR1\nG1_20\ECFP4_512bits\Robust\FGFR1_train_vector.tsv
2023-05-28 15:34:39,129 [INFO] Valid data : Vary_params_FGFR1\DUD-E\FGFR1\nG1_20\ECFP4_512bits\Robust\FGFR1_valid_vector.tsv
2023-05-28 15:34:39,129 [INFO] Output path : Vary_params_FGFR1\DUD-E\FGFR1\nG1_20\ECFP4_512bits\Robust\FGFR1_model\SVM
2023-05-28 15:34:39,129 [INFO] Model type : SVM
2023-05-28 15:34:39,129 [INFO] Use cores : 10
2023-05-28 15:34:39,160 [INFO] Start Learning model
2023-05-28 15:34:39,161 [INFO] Train : 203 | Valid : 43
2023-05-28 15:34:39,161 [INFO] Set parameters : {'kernel': ['linear', 'rbf'], 'C': [0.01, 0.1, 1, 10, 100, 1000], 'gamma': [0.01, 0.1, 1, 100, 1000]}
2023-05-28 15:34:46,741 [INFO] GridSearchCV results :
    mean_valid_accuracy  mean_valid_precision  mean_valid_auc
0              0.961190              0.943636        0.961364
20             0.961190              0.943636        0.961364
24             0.961190              0.943636        0.961364
26             0.961190              0.943636        0.961364
28             0.961190              0.943636        0.961364
32             0.961190              0.943636        0.961364
34             0.961190              0.943636        0.961364
36             0.961190              0.943636        0.961364
38             0.961190              0.943636        0.961364
40             0.961190              0.943636        0.961364
42             0.961190              0.943636        0.961364
44             0.961190              0.943636        0.961364
46             0.961190              0.943636        0.961364
48             0.961190              0.943636        0.961364
50             0.961190              0.943636        0.961364
52             0.961190              0.943636        0.961364
54             0.961190              0.943636        0.961364
56             0.961190              0.943636        0.961364
58             0.961190              0.943636        0.961364
22             0.961190              0.943636        0.961364
30             0.961190              0.943636        0.961364
10             0.961190              0.943636        0.961364
2              0.961190              0.943636        0.961364
18             0.961190              0.943636        0.961364
8              0.961190              0.943636        0.961364
16             0.961190              0.943636        0.961364
4              0.961190              0.943636        0.961364
12             0.961190              0.943636        0.961364
6              0.961190              0.943636        0.961364
14             0.961190              0.943636        0.961364
49             0.512143              0.000000        0.500000
9              0.512143              0.000000        0.500000
45             0.512143              0.000000        0.500000
47             0.512143              0.000000        0.500000
7              0.512143              0.000000        0.500000
21             0.512143              0.000000        0.500000
43             0.512143              0.000000        0.500000
5              0.512143              0.000000        0.500000
53             0.512143              0.000000        0.500000
55             0.512143              0.000000        0.500000
3              0.512143              0.000000        0.500000
57             0.512143              0.000000        0.500000
51             0.512143              0.000000        0.500000
11             0.512143              0.000000        0.500000
41             0.512143              0.000000        0.500000
19             0.512143              0.000000        0.500000
39             0.512143              0.000000        0.500000
37             0.512143              0.000000        0.500000
13             0.512143              0.000000        0.500000
35             0.512143              0.000000        0.500000
33             0.512143              0.000000        0.500000
15             0.512143              0.000000        0.500000
31             0.512143              0.000000        0.500000
1              0.512143              0.000000        0.500000
29             0.512143              0.000000        0.500000
27             0.512143              0.000000        0.500000
17             0.512143              0.000000        0.500000
25             0.512143              0.000000        0.500000
23             0.512143              0.000000        0.500000
59             0.512143              0.000000        0.500000
2023-05-28 15:34:46,743 [INFO] Best model :
SVC(C=0.01, gamma=0.01, kernel='linear', random_state=42)
2023-05-28 15:34:46,754 [INFO] Save train_prediction_log data...
2023-05-28 15:34:46,763 [INFO] {'Data': 'train', 'ACC': '1.0 (203 / 203)', 'TP': 99, 'FP': 0, 'FN': 0, 'TN': 104, 'Precision': '1.0 (99 / 99 + 0)', 'Recall': '1.0 (99 / 99 + 0)', 'F1': '1.0 (2 * (1.0 * 1.0) / 1.0 + 1.0)', 'Specificity': '1.0 (104 / 104 + 0)', 'AUC': 1.0, 'r2': 1.0}
2023-05-28 15:34:46,772 [INFO] Save valid_prediction_log data...
2023-05-28 15:34:46,775 [INFO] {'Data': 'valid', 'ACC': '0.93 (40 / 43)', 'TP': 17, 'FP': 3, 'FN': 0, 'TN': 23, 'Precision': '0.85 (17 / 17 + 3)', 'Recall': '1.0 (17 / 17 + 0)', 'F1': '0.92 (2 * (1.0 * 0.85) / 1.0 + 0.85)', 'Specificity': '0.88 (23 / 23 + 3)', 'AUC': 0.94, 'r2': 0.71}
2023-05-28 15:34:46,798 [INFO] Save test_prediction_log data...
2023-05-28 15:34:46,802 [INFO] {'Data': 'test', 'ACC': '0.65 (28 / 43)', 'TP': 12, 'FP': 10, 'FN': 5, 'TN': 16, 'Precision': '0.55 (12 / 12 + 10)', 'Recall': '0.71 (12 / 12 + 5)', 'F1': '0.62 (2 * (0.71 * 0.55) / 0.71 + 0.55)', 'Specificity': '0.62 (16 / 16 + 10)', 'AUC': 0.66, 'r2': -0.46}
2023-05-28 15:34:46,805 [INFO] Save training_log data...
2023-05-28 15:34:46,807 [INFO] Save score_log data...
2023-05-28 15:34:46,809 [INFO] Time : 7.6800217628479
