2023-05-27 01:33:27,504 [INFO] Train data : Vary_params\DUD-E\AKT1\nG1_50\ECFP6_512bits\Robust\AKT1_train_vector.tsv
2023-05-27 01:33:27,505 [INFO] Valid data : Vary_params\DUD-E\AKT1\nG1_50\ECFP6_512bits\Robust\AKT1_valid_vector.tsv
2023-05-27 01:33:27,505 [INFO] Output path : Vary_params\DUD-E\AKT1\nG1_50\ECFP6_512bits\Robust\AKT1_model\SVM
2023-05-27 01:33:27,505 [INFO] Model type : SVM
2023-05-27 01:33:27,505 [INFO] Use cores : 11
2023-05-27 01:33:27,541 [INFO] Start Learning model
2023-05-27 01:33:27,541 [INFO] Train : 481 | Valid : 120
2023-05-27 01:33:27,541 [INFO] Set parameters : {'kernel': ['linear', 'rbf'], 'C': [0.01, 0.1, 1, 10, 100, 1000], 'gamma': [0.01, 0.1, 1, 100, 1000]}
2023-05-27 01:33:34,606 [INFO] GridSearchCV results :
    mean_valid_accuracy  mean_valid_precision  mean_valid_auc
0              0.981378                 0.975        0.981248
20             0.981378                 0.975        0.981248
24             0.981378                 0.975        0.981248
26             0.981378                 0.975        0.981248
28             0.981378                 0.975        0.981248
32             0.981378                 0.975        0.981248
34             0.981378                 0.975        0.981248
36             0.981378                 0.975        0.981248
38             0.981378                 0.975        0.981248
40             0.981378                 0.975        0.981248
42             0.981378                 0.975        0.981248
44             0.981378                 0.975        0.981248
46             0.981378                 0.975        0.981248
48             0.981378                 0.975        0.981248
50             0.981378                 0.975        0.981248
52             0.981378                 0.975        0.981248
54             0.981378                 0.975        0.981248
56             0.981378                 0.975        0.981248
58             0.981378                 0.975        0.981248
22             0.981378                 0.975        0.981248
30             0.981378                 0.975        0.981248
10             0.981378                 0.975        0.981248
2              0.981378                 0.975        0.981248
18             0.981378                 0.975        0.981248
8              0.981378                 0.975        0.981248
16             0.981378                 0.975        0.981248
4              0.981378                 0.975        0.981248
12             0.981378                 0.975        0.981248
6              0.981378                 0.975        0.981248
14             0.981378                 0.975        0.981248
49             0.600850                 0.000        0.500000
9              0.600850                 0.000        0.500000
45             0.600850                 0.000        0.500000
47             0.600850                 0.000        0.500000
7              0.600850                 0.000        0.500000
21             0.600850                 0.000        0.500000
43             0.600850                 0.000        0.500000
5              0.600850                 0.000        0.500000
53             0.600850                 0.000        0.500000
55             0.600850                 0.000        0.500000
3              0.600850                 0.000        0.500000
57             0.600850                 0.000        0.500000
51             0.600850                 0.000        0.500000
11             0.600850                 0.000        0.500000
41             0.600850                 0.000        0.500000
19             0.600850                 0.000        0.500000
39             0.600850                 0.000        0.500000
37             0.600850                 0.000        0.500000
13             0.600850                 0.000        0.500000
35             0.600850                 0.000        0.500000
33             0.600850                 0.000        0.500000
15             0.600850                 0.000        0.500000
31             0.600850                 0.000        0.500000
1              0.600850                 0.000        0.500000
29             0.600850                 0.000        0.500000
27             0.600850                 0.000        0.500000
17             0.600850                 0.000        0.500000
25             0.600850                 0.000        0.500000
23             0.600850                 0.000        0.500000
59             0.600850                 0.000        0.500000
2023-05-27 01:33:34,610 [INFO] Best model :
SVC(C=0.01, gamma=0.01, kernel='linear', random_state=42)
2023-05-27 01:33:34,625 [INFO] Save train_prediction_log data...
2023-05-27 01:33:34,630 [INFO] {'Data': 'train', 'ACC': '1.0 (481 / 481)', 'TP': 192, 'FP': 0, 'FN': 0, 'TN': 289, 'Precision': '1.0 (192 / 192 + 0)', 'Recall': '1.0 (192 / 192 + 0)', 'F1': '1.0 (2 * (1.0 * 1.0) / 1.0 + 1.0)', 'Specificity': '1.0 (289 / 289 + 0)', 'AUC': 1.0, 'r2': 1.0}
2023-05-27 01:33:34,636 [INFO] Save valid_prediction_log data...
2023-05-27 01:33:34,639 [INFO] {'Data': 'valid', 'ACC': '1.0 (120 / 120)', 'TP': 48, 'FP': 0, 'FN': 0, 'TN': 72, 'Precision': '1.0 (48 / 48 + 0)', 'Recall': '1.0 (48 / 48 + 0)', 'F1': '1.0 (2 * (1.0 * 1.0) / 1.0 + 1.0)', 'Specificity': '1.0 (72 / 72 + 0)', 'AUC': 1.0, 'r2': 1.0}
2023-05-27 01:33:34,659 [INFO] Save test_prediction_log data...
2023-05-27 01:33:34,664 [INFO] {'Data': 'test', 'ACC': '0.67 (80 / 120)', 'TP': 21, 'FP': 13, 'FN': 27, 'TN': 59, 'Precision': '0.62 (21 / 21 + 13)', 'Recall': '0.44 (21 / 21 + 27)', 'F1': '0.51 (2 * (0.44 * 0.62) / 0.44 + 0.62)', 'Specificity': '0.82 (59 / 59 + 13)', 'AUC': 0.63, 'r2': -0.39}
2023-05-27 01:33:34,668 [INFO] Save training_log data...
2023-05-27 01:33:34,669 [INFO] Save score_log data...
2023-05-27 01:33:34,670 [INFO] Time : 7.166246652603149
