2023-05-30 17:14:08,668 [INFO] Train data : Vary_params_BRAF_MK14\DUD-E\MK14\nG1_80\ECFP4_256bits\Robust\MK14_train_vector.tsv
2023-05-30 17:14:08,668 [INFO] Valid data : Vary_params_BRAF_MK14\DUD-E\MK14\nG1_80\ECFP4_256bits\Robust\MK14_valid_vector.tsv
2023-05-30 17:14:08,668 [INFO] Output path : Vary_params_BRAF_MK14\DUD-E\MK14\nG1_80\ECFP4_256bits\Robust\MK14_model\MLP
2023-05-30 17:14:08,668 [INFO] Model type : MLP
2023-05-30 17:14:08,669 [INFO] Use cores : 10
2023-05-30 17:14:08,693 [INFO] Start Learning model
2023-05-30 17:14:08,693 [INFO] Train : 871 | Valid : 225
2023-05-30 17:14:08,693 [INFO] Set parameters : {'hidden_layer_sizes': [(50,), (100,), (50, 50), (100, 100)], 'learning_rate': ['constant', 'invscaling', 'adaptive'], 'activation': ['relu', 'identity', 'logistic', 'tanh'], 'solver': ['adam', 'sgd', 'lbfgs'], 'alpha': [0.1, 0.01, 0.001], 'max_iter': [500, 1000], 'early_stopping': [True]}
2023-05-30 17:27:34,646 [INFO] GridSearchCV results :
     mean_valid_accuracy  mean_valid_precision  mean_valid_auc
612             0.895546              0.966106        0.867424
615             0.895546              0.966106        0.867424
618             0.895546              0.966106        0.867424
621             0.895546              0.966106        0.867424
624             0.895546              0.966106        0.867424
..                   ...                   ...             ...
490             0.621121              0.000000        0.500000
487             0.621121              0.000000        0.500000
484             0.619971              0.000000        0.499074
481             0.619971              0.000000        0.499074
502             0.621121              0.000000        0.500000

[864 rows x 3 columns]
2023-05-30 17:27:34,648 [INFO] Best model :
MLPClassifier(activation='logistic', alpha=0.001, early_stopping=True,
              hidden_layer_sizes=(50, 50), max_iter=500, random_state=42)
2023-05-30 17:27:34,658 [INFO] Save train_prediction_log data...
2023-05-30 17:27:35,039 [INFO] {'Data': 'train', 'ACC': '0.97 (846 / 871)', 'TP': 307, 'FP': 2, 'FN': 23, 'TN': 539, 'Precision': '0.99 (307 / 307 + 2)', 'Recall': '0.93 (307 / 307 + 23)', 'F1': '0.96 (2 * (0.93 * 0.99) / 0.93 + 0.99)', 'Specificity': '1.0 (539 / 539 + 2)', 'AUC': 0.96, 'r2': 0.88}
2023-05-30 17:27:35,047 [INFO] Save valid_prediction_log data...
2023-05-30 17:27:35,049 [INFO] {'Data': 'valid', 'ACC': '0.96 (215 / 225)', 'TP': 84, 'FP': 4, 'FN': 6, 'TN': 131, 'Precision': '0.95 (84 / 84 + 4)', 'Recall': '0.93 (84 / 84 + 6)', 'F1': '0.94 (2 * (0.93 * 0.95) / 0.93 + 0.95)', 'Specificity': '0.97 (131 / 131 + 4)', 'AUC': 0.95, 'r2': 0.81}
2023-05-30 17:27:35,062 [INFO] Save test_prediction_log data...
2023-05-30 17:27:35,065 [INFO] {'Data': 'test', 'ACC': '0.66 (149 / 225)', 'TP': 51, 'FP': 37, 'FN': 39, 'TN': 98, 'Precision': '0.58 (51 / 51 + 37)', 'Recall': '0.57 (51 / 51 + 39)', 'F1': '0.57 (2 * (0.57 * 0.58) / 0.57 + 0.58)', 'Specificity': '0.73 (98 / 98 + 37)', 'AUC': 0.65, 'r2': -0.41}
2023-05-30 17:27:35,068 [INFO] Save training_log data...
2023-05-30 17:27:35,082 [INFO] Save score_log data...
2023-05-30 17:27:35,083 [INFO] Time : 806.4138722419739
