2023-05-29 16:18:55,804 [INFO] Train data : Vary_params_BRAF_MK14\DUD-E\MK14\nG1_20\ECFP4_256bits\Robust\MK14_train_vector.tsv
2023-05-29 16:18:55,804 [INFO] Valid data : Vary_params_BRAF_MK14\DUD-E\MK14\nG1_20\ECFP4_256bits\Robust\MK14_valid_vector.tsv
2023-05-29 16:18:55,804 [INFO] Output path : Vary_params_BRAF_MK14\DUD-E\MK14\nG1_20\ECFP4_256bits\Robust\MK14_model\SVM
2023-05-29 16:18:55,804 [INFO] Model type : SVM
2023-05-29 16:18:55,804 [INFO] Use cores : 10
2023-05-29 16:18:55,830 [INFO] Start Learning model
2023-05-29 16:18:55,830 [INFO] Train : 931 | Valid : 225
2023-05-29 16:18:55,830 [INFO] Set parameters : {'kernel': ['linear', 'rbf'], 'C': [0.01, 0.1, 1, 10, 100, 1000], 'gamma': [0.01, 0.1, 1, 100, 1000]}
2023-05-29 16:19:02,904 [INFO] GridSearchCV results :
    mean_valid_accuracy  mean_valid_precision  mean_valid_auc
0              0.890460              0.858839        0.890343
20             0.890460              0.858839        0.890343
24             0.890460              0.858839        0.890343
26             0.890460              0.858839        0.890343
28             0.890460              0.858839        0.890343
32             0.890460              0.858839        0.890343
34             0.890460              0.858839        0.890343
36             0.890460              0.858839        0.890343
38             0.890460              0.858839        0.890343
40             0.890460              0.858839        0.890343
42             0.890460              0.858839        0.890343
44             0.890460              0.858839        0.890343
46             0.890460              0.858839        0.890343
48             0.890460              0.858839        0.890343
50             0.890460              0.858839        0.890343
52             0.890460              0.858839        0.890343
54             0.890460              0.858839        0.890343
56             0.890460              0.858839        0.890343
58             0.890460              0.858839        0.890343
22             0.890460              0.858839        0.890343
30             0.890460              0.858839        0.890343
10             0.890460              0.858839        0.890343
2              0.890460              0.858839        0.890343
18             0.890460              0.858839        0.890343
8              0.890460              0.858839        0.890343
16             0.890460              0.858839        0.890343
4              0.890460              0.858839        0.890343
12             0.890460              0.858839        0.890343
6              0.890460              0.858839        0.890343
14             0.890460              0.858839        0.890343
49             0.581091              0.000000        0.500000
9              0.581091              0.000000        0.500000
45             0.581091              0.000000        0.500000
47             0.581091              0.000000        0.500000
7              0.581091              0.000000        0.500000
21             0.581091              0.000000        0.500000
43             0.581091              0.000000        0.500000
5              0.581091              0.000000        0.500000
53             0.581091              0.000000        0.500000
55             0.581091              0.000000        0.500000
3              0.581091              0.000000        0.500000
57             0.581091              0.000000        0.500000
51             0.581091              0.000000        0.500000
11             0.581091              0.000000        0.500000
41             0.581091              0.000000        0.500000
19             0.581091              0.000000        0.500000
39             0.581091              0.000000        0.500000
37             0.581091              0.000000        0.500000
13             0.581091              0.000000        0.500000
35             0.581091              0.000000        0.500000
33             0.581091              0.000000        0.500000
15             0.581091              0.000000        0.500000
31             0.581091              0.000000        0.500000
1              0.581091              0.000000        0.500000
29             0.581091              0.000000        0.500000
27             0.581091              0.000000        0.500000
17             0.581091              0.000000        0.500000
25             0.581091              0.000000        0.500000
23             0.581091              0.000000        0.500000
59             0.581091              0.000000        0.500000
2023-05-29 16:19:02,905 [INFO] Best model :
SVC(C=0.01, gamma=0.01, kernel='linear', random_state=42)
2023-05-29 16:19:02,918 [INFO] Save train_prediction_log data...
2023-05-29 16:19:02,921 [INFO] {'Data': 'train', 'ACC': '1.0 (931 / 931)', 'TP': 390, 'FP': 0, 'FN': 0, 'TN': 541, 'Precision': '1.0 (390 / 390 + 0)', 'Recall': '1.0 (390 / 390 + 0)', 'F1': '1.0 (2 * (1.0 * 1.0) / 1.0 + 1.0)', 'Specificity': '1.0 (541 / 541 + 0)', 'AUC': 1.0, 'r2': 1.0}
2023-05-29 16:19:02,927 [INFO] Save valid_prediction_log data...
2023-05-29 16:19:02,929 [INFO] {'Data': 'valid', 'ACC': '0.88 (199 / 225)', 'TP': 84, 'FP': 20, 'FN': 6, 'TN': 115, 'Precision': '0.81 (84 / 84 + 20)', 'Recall': '0.93 (84 / 84 + 6)', 'F1': '0.87 (2 * (0.93 * 0.81) / 0.93 + 0.81)', 'Specificity': '0.85 (115 / 115 + 20)', 'AUC': 0.89, 'r2': 0.52}
2023-05-29 16:19:02,943 [INFO] Save test_prediction_log data...
2023-05-29 16:19:02,965 [INFO] {'Data': 'test', 'ACC': '0.68 (154 / 225)', 'TP': 67, 'FP': 48, 'FN': 23, 'TN': 87, 'Precision': '0.58 (67 / 67 + 48)', 'Recall': '0.74 (67 / 67 + 23)', 'F1': '0.65 (2 * (0.74 * 0.58) / 0.74 + 0.58)', 'Specificity': '0.64 (87 / 87 + 48)', 'AUC': 0.69, 'r2': -0.31}
2023-05-29 16:19:02,966 [INFO] Save training_log data...
2023-05-29 16:19:02,968 [INFO] Save score_log data...
2023-05-29 16:19:02,969 [INFO] Time : 7.164322376251221
