2023-05-28 16:50:29,419 [INFO] Train data : Vary_params\DUD-E\FAK1\nG1_50\ECFP4_256bits\Robust\FAK1_train_vector.tsv
2023-05-28 16:50:29,419 [INFO] Valid data : Vary_params\DUD-E\FAK1\nG1_50\ECFP4_256bits\Robust\FAK1_valid_vector.tsv
2023-05-28 16:50:29,419 [INFO] Output path : Vary_params\DUD-E\FAK1\nG1_50\ECFP4_256bits\Robust\FAK1_model\MLP
2023-05-28 16:50:29,419 [INFO] Model type : MLP
2023-05-28 16:50:29,419 [INFO] Use cores : 11
2023-05-28 16:50:29,432 [INFO] Start Learning model
2023-05-28 16:50:29,432 [INFO] Train : 93 | Valid : 23
2023-05-28 16:50:29,432 [INFO] Set parameters : {'hidden_layer_sizes': [(50,), (100,), (50, 50), (100, 100)], 'learning_rate': ['constant', 'invscaling', 'adaptive'], 'activation': ['relu', 'identity', 'logistic', 'tanh'], 'solver': ['adam', 'sgd', 'lbfgs'], 'alpha': [0.1, 0.01, 0.001], 'max_iter': [500, 1000], 'early_stopping': [True]}
2023-05-28 16:53:02,462 [INFO] GridSearchCV results :
     mean_valid_accuracy  mean_valid_precision  mean_valid_auc
863             0.871111              0.975000        0.845833
854             0.871111              0.975000        0.845833
791             0.871111              0.975000        0.845833
848             0.871111              0.975000        0.845833
740             0.893333              0.975000        0.866667
..                   ...                   ...             ...
457             0.578889              0.166667        0.497500
598             0.578889              0.166667        0.497500
595             0.578889              0.166667        0.497500
523             0.578889              0.166667        0.497500
460             0.578889              0.166667        0.497500

[864 rows x 3 columns]
2023-05-28 16:53:02,464 [INFO] Best model :
MLPClassifier(activation='tanh', alpha=0.01, early_stopping=True, max_iter=500,
              random_state=42, solver='lbfgs')
2023-05-28 16:53:02,468 [INFO] Save train_prediction_log data...
2023-05-28 16:53:02,473 [INFO] {'Data': 'train', 'ACC': '1.0 (93 / 93)', 'TP': 37, 'FP': 0, 'FN': 0, 'TN': 56, 'Precision': '1.0 (37 / 37 + 0)', 'Recall': '1.0 (37 / 37 + 0)', 'F1': '1.0 (2 * (1.0 * 1.0) / 1.0 + 1.0)', 'Specificity': '1.0 (56 / 56 + 0)', 'AUC': 1.0, 'r2': 1.0}
2023-05-28 16:53:02,478 [INFO] Save valid_prediction_log data...
2023-05-28 16:53:02,488 [INFO] {'Data': 'valid', 'ACC': '0.91 (21 / 23)', 'TP': 8, 'FP': 1, 'FN': 1, 'TN': 13, 'Precision': '0.89 (8 / 8 + 1)', 'Recall': '0.89 (8 / 8 + 1)', 'F1': '0.89 (2 * (0.89 * 0.89) / 0.89 + 0.89)', 'Specificity': '0.93 (13 / 13 + 1)', 'AUC': 0.91, 'r2': 0.63}
2023-05-28 16:53:02,500 [INFO] Save test_prediction_log data...
2023-05-28 16:53:02,503 [INFO] {'Data': 'test', 'ACC': '0.52 (12 / 23)', 'TP': 0, 'FP': 2, 'FN': 9, 'TN': 12, 'Precision': '0 (0 / 0 + 2)', 'Recall': '0 (0 / 0 + 9)', 'F1': '0 (2 * (0 * 0) / 0 + 0)', 'Specificity': '0.86 (12 / 12 + 2)', 'AUC': 0.43, 'r2': -1.01}
2023-05-28 16:53:02,506 [INFO] Save training_log data...
2023-05-28 16:53:02,513 [INFO] Save score_log data...
2023-05-28 16:53:02,514 [INFO] Time : 153.09500241279602
