2023-05-29 10:46:49,424 [INFO] Train data : Vary_params_CDK2_EGFR_LCK\DUD-E\LCK\nG1_50\ECFP6_512bits\Robust\LCK_train_vector.tsv
2023-05-29 10:46:49,425 [INFO] Valid data : Vary_params_CDK2_EGFR_LCK\DUD-E\LCK\nG1_50\ECFP6_512bits\Robust\LCK_valid_vector.tsv
2023-05-29 10:46:49,425 [INFO] Output path : Vary_params_CDK2_EGFR_LCK\DUD-E\LCK\nG1_50\ECFP6_512bits\Robust\LCK_model\SVM
2023-05-29 10:46:49,425 [INFO] Model type : SVM
2023-05-29 10:46:49,425 [INFO] Use cores : 19
2023-05-29 10:46:49,458 [INFO] Start Learning model
2023-05-29 10:46:49,458 [INFO] Train : 736 | Valid : 185
2023-05-29 10:46:49,458 [INFO] Set parameters : {'kernel': ['linear', 'rbf'], 'C': [0.01, 0.1, 1, 10, 100, 1000], 'gamma': [0.01, 0.1, 1, 100, 1000]}
2023-05-29 10:46:57,921 [INFO] GridSearchCV results :
    mean_valid_accuracy  mean_valid_precision  mean_valid_auc
0              0.949722               0.94441         0.94685
20             0.949722               0.94441         0.94685
24             0.949722               0.94441         0.94685
26             0.949722               0.94441         0.94685
28             0.949722               0.94441         0.94685
32             0.949722               0.94441         0.94685
34             0.949722               0.94441         0.94685
36             0.949722               0.94441         0.94685
38             0.949722               0.94441         0.94685
40             0.949722               0.94441         0.94685
42             0.949722               0.94441         0.94685
44             0.949722               0.94441         0.94685
46             0.949722               0.94441         0.94685
48             0.949722               0.94441         0.94685
50             0.949722               0.94441         0.94685
52             0.949722               0.94441         0.94685
54             0.949722               0.94441         0.94685
56             0.949722               0.94441         0.94685
58             0.949722               0.94441         0.94685
22             0.949722               0.94441         0.94685
30             0.949722               0.94441         0.94685
10             0.949722               0.94441         0.94685
2              0.949722               0.94441         0.94685
18             0.949722               0.94441         0.94685
8              0.949722               0.94441         0.94685
16             0.949722               0.94441         0.94685
4              0.949722               0.94441         0.94685
12             0.949722               0.94441         0.94685
6              0.949722               0.94441         0.94685
14             0.949722               0.94441         0.94685
49             0.600555               0.00000         0.50000
9              0.600555               0.00000         0.50000
45             0.600555               0.00000         0.50000
47             0.600555               0.00000         0.50000
7              0.600555               0.00000         0.50000
21             0.600555               0.00000         0.50000
43             0.600555               0.00000         0.50000
5              0.600555               0.00000         0.50000
53             0.600555               0.00000         0.50000
55             0.600555               0.00000         0.50000
3              0.600555               0.00000         0.50000
57             0.600555               0.00000         0.50000
51             0.600555               0.00000         0.50000
11             0.600555               0.00000         0.50000
41             0.600555               0.00000         0.50000
19             0.600555               0.00000         0.50000
39             0.600555               0.00000         0.50000
37             0.600555               0.00000         0.50000
13             0.600555               0.00000         0.50000
35             0.600555               0.00000         0.50000
33             0.600555               0.00000         0.50000
15             0.600555               0.00000         0.50000
31             0.600555               0.00000         0.50000
1              0.600555               0.00000         0.50000
29             0.600555               0.00000         0.50000
27             0.600555               0.00000         0.50000
17             0.600555               0.00000         0.50000
25             0.600555               0.00000         0.50000
23             0.600555               0.00000         0.50000
59             0.600555               0.00000         0.50000
2023-05-29 10:46:57,922 [INFO] Best model :
SVC(C=0.01, gamma=0.01, kernel='linear', random_state=42)
2023-05-29 10:46:57,936 [INFO] Save train_prediction_log data...
2023-05-29 10:46:57,940 [INFO] {'Data': 'train', 'ACC': '1.0 (736 / 736)', 'TP': 294, 'FP': 0, 'FN': 0, 'TN': 442, 'Precision': '1.0 (294 / 294 + 0)', 'Recall': '1.0 (294 / 294 + 0)', 'F1': '1.0 (2 * (1.0 * 1.0) / 1.0 + 1.0)', 'Specificity': '1.0 (442 / 442 + 0)', 'AUC': 1.0, 'r2': 1.0}
2023-05-29 10:46:57,946 [INFO] Save valid_prediction_log data...
2023-05-29 10:46:57,948 [INFO] {'Data': 'valid', 'ACC': '0.95 (176 / 185)', 'TP': 73, 'FP': 8, 'FN': 1, 'TN': 103, 'Precision': '0.9 (73 / 73 + 8)', 'Recall': '0.99 (73 / 73 + 1)', 'F1': '0.94 (2 * (0.99 * 0.9) / 0.99 + 0.9)', 'Specificity': '0.93 (103 / 103 + 8)', 'AUC': 0.96, 'r2': 0.8}
2023-05-29 10:46:57,965 [INFO] Save test_prediction_log data...
2023-05-29 10:46:57,967 [INFO] {'Data': 'test', 'ACC': '0.7 (130 / 185)', 'TP': 44, 'FP': 25, 'FN': 30, 'TN': 86, 'Precision': '0.64 (44 / 44 + 25)', 'Recall': '0.59 (44 / 44 + 30)', 'F1': '0.61 (2 * (0.59 * 0.64) / 0.59 + 0.64)', 'Specificity': '0.77 (86 / 86 + 25)', 'AUC': 0.68, 'r2': -0.24}
2023-05-29 10:46:57,969 [INFO] Save training_log data...
2023-05-29 10:46:57,971 [INFO] Save score_log data...
2023-05-29 10:46:57,972 [INFO] Time : 8.548213958740234
