2023-05-28 11:26:39,316 [INFO] Train data : Vary_params\DUD-E\WEE1\nG1_80\ECFP6_256bits\Robust\WEE1_train_vector.tsv
2023-05-28 11:26:39,316 [INFO] Valid data : Vary_params\DUD-E\WEE1\nG1_80\ECFP6_256bits\Robust\WEE1_valid_vector.tsv
2023-05-28 11:26:39,316 [INFO] Output path : Vary_params\DUD-E\WEE1\nG1_80\ECFP6_256bits\Robust\WEE1_model\MLP
2023-05-28 11:26:39,316 [INFO] Model type : MLP
2023-05-28 11:26:39,316 [INFO] Use cores : 10
2023-05-28 11:26:39,328 [INFO] Start Learning model
2023-05-28 11:26:39,329 [INFO] Train : 71 | Valid : 25
2023-05-28 11:26:39,329 [INFO] Set parameters : {'hidden_layer_sizes': [(50,), (100,), (50, 50), (100, 100)], 'learning_rate': ['constant', 'invscaling', 'adaptive'], 'activation': ['relu', 'identity', 'logistic', 'tanh'], 'solver': ['adam', 'sgd', 'lbfgs'], 'alpha': [0.1, 0.01, 0.001], 'max_iter': [500, 1000], 'early_stopping': [True]}
2023-05-28 11:28:31,217 [INFO] GridSearchCV results :
     mean_valid_accuracy  mean_valid_precision  mean_valid_auc
575             0.985714                   0.9        0.950000
692             0.985714                   0.9        0.950000
695             0.985714                   0.9        0.950000
698             0.985714                   0.9        0.950000
455             0.985714                   0.9        0.950000
..                   ...                   ...             ...
139             0.846429                   0.0        0.492857
277             0.844643                   0.0        0.491667
136             0.846429                   0.0        0.492857
133             0.846429                   0.0        0.492857
349             0.844643                   0.0        0.491667

[864 rows x 3 columns]
2023-05-28 11:28:31,219 [INFO] Best model :
MLPClassifier(alpha=0.1, early_stopping=True, hidden_layer_sizes=(50,),
              max_iter=500, random_state=42, solver='lbfgs')
2023-05-28 11:28:31,224 [INFO] Save train_prediction_log data...
2023-05-28 11:28:31,228 [INFO] {'Data': 'train', 'ACC': '1.0 (71 / 71)', 'TP': 10, 'FP': 0, 'FN': 0, 'TN': 61, 'Precision': '1.0 (10 / 10 + 0)', 'Recall': '1.0 (10 / 10 + 0)', 'F1': '1.0 (2 * (1.0 * 1.0) / 1.0 + 1.0)', 'Specificity': '1.0 (61 / 61 + 0)', 'AUC': 1.0, 'r2': 1.0}
2023-05-28 11:28:31,232 [INFO] Save valid_prediction_log data...
2023-05-28 11:28:31,235 [INFO] {'Data': 'valid', 'ACC': '1.0 (25 / 25)', 'TP': 10, 'FP': 0, 'FN': 0, 'TN': 15, 'Precision': '1.0 (10 / 10 + 0)', 'Recall': '1.0 (10 / 10 + 0)', 'F1': '1.0 (2 * (1.0 * 1.0) / 1.0 + 1.0)', 'Specificity': '1.0 (15 / 15 + 0)', 'AUC': 1.0, 'r2': 1.0}
2023-05-28 11:28:31,245 [INFO] Save test_prediction_log data...
2023-05-28 11:28:31,250 [INFO] {'Data': 'test', 'ACC': '0.76 (19 / 25)', 'TP': 4, 'FP': 0, 'FN': 6, 'TN': 15, 'Precision': '1.0 (4 / 4 + 0)', 'Recall': '0.4 (4 / 4 + 6)', 'F1': '0.57 (2 * (0.4 * 1.0) / 0.4 + 1.0)', 'Specificity': '1.0 (15 / 15 + 0)', 'AUC': 0.7, 'r2': 0.0}
2023-05-28 11:28:31,254 [INFO] Save training_log data...
2023-05-28 11:28:31,261 [INFO] Save score_log data...
2023-05-28 11:28:31,263 [INFO] Time : 111.94752645492554
