2023-05-27 02:37:54,899 [INFO] Train data : Vary_params\DUD-E\MET\nG1_50\ECFP6_512bits\Standard\MET_train_vector.tsv
2023-05-27 02:37:54,899 [INFO] Valid data : Vary_params\DUD-E\MET\nG1_50\ECFP6_512bits\Standard\MET_valid_vector.tsv
2023-05-27 02:37:54,899 [INFO] Output path : Vary_params\DUD-E\MET\nG1_50\ECFP6_512bits\Standard\MET_model\SVM
2023-05-27 02:37:54,899 [INFO] Model type : SVM
2023-05-27 02:37:54,899 [INFO] Use cores : 10
2023-05-27 02:37:54,935 [INFO] Start Learning model
2023-05-27 02:37:54,935 [INFO] Train : 196 | Valid : 49
2023-05-27 02:37:54,935 [INFO] Set parameters : {'kernel': ['linear', 'rbf'], 'C': [0.01, 0.1, 1, 10, 100, 1000], 'gamma': [0.01, 0.1, 1, 100, 1000]}
2023-05-27 02:37:57,929 [INFO] GridSearchCV results :
    mean_valid_accuracy  mean_valid_precision  mean_valid_auc
0              0.989737                   1.0         0.98750
20             0.989737                   1.0         0.98750
24             0.989737                   1.0         0.98750
26             0.989737                   1.0         0.98750
28             0.989737                   1.0         0.98750
32             0.989737                   1.0         0.98750
34             0.989737                   1.0         0.98750
36             0.989737                   1.0         0.98750
38             0.989737                   1.0         0.98750
40             0.989737                   1.0         0.98750
42             0.989737                   1.0         0.98750
44             0.989737                   1.0         0.98750
46             0.989737                   1.0         0.98750
48             0.989737                   1.0         0.98750
50             0.989737                   1.0         0.98750
52             0.989737                   1.0         0.98750
54             0.989737                   1.0         0.98750
56             0.989737                   1.0         0.98750
58             0.989737                   1.0         0.98750
22             0.989737                   1.0         0.98750
30             0.989737                   1.0         0.98750
2              0.989737                   1.0         0.98750
18             0.989737                   1.0         0.98750
10             0.989737                   1.0         0.98750
8              0.989737                   1.0         0.98750
16             0.989737                   1.0         0.98750
4              0.989737                   1.0         0.98750
12             0.989737                   1.0         0.98750
14             0.989737                   1.0         0.98750
6              0.989737                   1.0         0.98750
41             0.607105                   0.1         0.50625
31             0.607105                   0.1         0.50625
51             0.607105                   0.1         0.50625
21             0.602105                   0.0         0.50000
7              0.602105                   0.0         0.50000
47             0.602105                   0.0         0.50000
5              0.602105                   0.0         0.50000
49             0.602105                   0.0         0.50000
9              0.602105                   0.0         0.50000
53             0.602105                   0.0         0.50000
55             0.602105                   0.0         0.50000
3              0.602105                   0.0         0.50000
57             0.602105                   0.0         0.50000
45             0.602105                   0.0         0.50000
11             0.602105                   0.0         0.50000
43             0.602105                   0.0         0.50000
19             0.602105                   0.0         0.50000
39             0.602105                   0.0         0.50000
37             0.602105                   0.0         0.50000
13             0.602105                   0.0         0.50000
35             0.602105                   0.0         0.50000
33             0.602105                   0.0         0.50000
15             0.602105                   0.0         0.50000
1              0.602105                   0.0         0.50000
29             0.602105                   0.0         0.50000
27             0.602105                   0.0         0.50000
17             0.602105                   0.0         0.50000
25             0.602105                   0.0         0.50000
23             0.602105                   0.0         0.50000
59             0.602105                   0.0         0.50000
2023-05-27 02:37:57,931 [INFO] Best model :
SVC(C=0.01, gamma=0.01, kernel='linear', random_state=42)
2023-05-27 02:37:57,938 [INFO] Save train_prediction_log data...
2023-05-27 02:37:57,941 [INFO] {'Data': 'train', 'ACC': '1.0 (196 / 196)', 'TP': 78, 'FP': 0, 'FN': 0, 'TN': 118, 'Precision': '1.0 (78 / 78 + 0)', 'Recall': '1.0 (78 / 78 + 0)', 'F1': '1.0 (2 * (1.0 * 1.0) / 1.0 + 1.0)', 'Specificity': '1.0 (118 / 118 + 0)', 'AUC': 1.0, 'r2': 1.0}
2023-05-27 02:37:57,946 [INFO] Save valid_prediction_log data...
2023-05-27 02:37:57,949 [INFO] {'Data': 'valid', 'ACC': '1.0 (49 / 49)', 'TP': 20, 'FP': 0, 'FN': 0, 'TN': 29, 'Precision': '1.0 (20 / 20 + 0)', 'Recall': '1.0 (20 / 20 + 0)', 'F1': '1.0 (2 * (1.0 * 1.0) / 1.0 + 1.0)', 'Specificity': '1.0 (29 / 29 + 0)', 'AUC': 1.0, 'r2': 1.0}
2023-05-27 02:37:57,966 [INFO] Save test_prediction_log data...
2023-05-27 02:37:57,968 [INFO] {'Data': 'test', 'ACC': '0.61 (30 / 49)', 'TP': 6, 'FP': 5, 'FN': 14, 'TN': 24, 'Precision': '0.55 (6 / 6 + 5)', 'Recall': '0.3 (6 / 6 + 14)', 'F1': '0.39 (2 * (0.3 * 0.55) / 0.3 + 0.55)', 'Specificity': '0.83 (24 / 24 + 5)', 'AUC': 0.56, 'r2': -0.61}
2023-05-27 02:37:57,970 [INFO] Save training_log data...
2023-05-27 02:37:57,971 [INFO] Save score_log data...
2023-05-27 02:37:57,972 [INFO] Time : 3.0735042095184326
