2023-05-27 08:53:59,889 [INFO] Train data : Vary_params\DUD-E\MP2K1\nG1_20\ECFP6_512bits\Robust\MP2K1_train_vector.tsv
2023-05-27 08:53:59,889 [INFO] Valid data : Vary_params\DUD-E\MP2K1\nG1_20\ECFP6_512bits\Robust\MP2K1_valid_vector.tsv
2023-05-27 08:53:59,889 [INFO] Output path : Vary_params\DUD-E\MP2K1\nG1_20\ECFP6_512bits\Robust\MP2K1_model\SVM
2023-05-27 08:53:59,889 [INFO] Model type : SVM
2023-05-27 08:53:59,889 [INFO] Use cores : 10
2023-05-27 08:53:59,911 [INFO] Start Learning model
2023-05-27 08:53:59,911 [INFO] Train : 172 | Valid : 35
2023-05-27 08:53:59,911 [INFO] Set parameters : {'kernel': ['linear', 'rbf'], 'C': [0.01, 0.1, 1, 10, 100, 1000], 'gamma': [0.01, 0.1, 1, 100, 1000]}
2023-05-27 08:54:02,806 [INFO] GridSearchCV results :
    mean_valid_accuracy  mean_valid_precision  mean_valid_auc
0              0.913072              0.939596        0.914583
20             0.913072              0.939596        0.914583
24             0.913072              0.939596        0.914583
26             0.913072              0.939596        0.914583
28             0.913072              0.939596        0.914583
32             0.913072              0.939596        0.914583
34             0.913072              0.939596        0.914583
36             0.913072              0.939596        0.914583
38             0.913072              0.939596        0.914583
40             0.913072              0.939596        0.914583
42             0.913072              0.939596        0.914583
44             0.913072              0.939596        0.914583
46             0.913072              0.939596        0.914583
48             0.913072              0.939596        0.914583
50             0.913072              0.939596        0.914583
52             0.913072              0.939596        0.914583
54             0.913072              0.939596        0.914583
56             0.913072              0.939596        0.914583
58             0.913072              0.939596        0.914583
22             0.913072              0.939596        0.914583
30             0.913072              0.939596        0.914583
10             0.913072              0.939596        0.914583
2              0.913072              0.939596        0.914583
18             0.913072              0.939596        0.914583
8              0.913072              0.939596        0.914583
16             0.913072              0.939596        0.914583
4              0.913072              0.939596        0.914583
12             0.913072              0.939596        0.914583
6              0.913072              0.939596        0.914583
14             0.913072              0.939596        0.914583
49             0.505882              0.505882        0.500000
9              0.505882              0.505882        0.500000
45             0.505882              0.505882        0.500000
47             0.505882              0.505882        0.500000
7              0.505882              0.505882        0.500000
21             0.505882              0.505882        0.500000
43             0.505882              0.505882        0.500000
5              0.505882              0.505882        0.500000
53             0.505882              0.505882        0.500000
55             0.505882              0.505882        0.500000
3              0.505882              0.505882        0.500000
57             0.505882              0.505882        0.500000
51             0.505882              0.505882        0.500000
11             0.505882              0.505882        0.500000
41             0.505882              0.505882        0.500000
19             0.505882              0.505882        0.500000
39             0.505882              0.505882        0.500000
37             0.505882              0.505882        0.500000
13             0.505882              0.505882        0.500000
35             0.505882              0.505882        0.500000
33             0.505882              0.505882        0.500000
15             0.505882              0.505882        0.500000
31             0.505882              0.505882        0.500000
1              0.505882              0.505882        0.500000
29             0.505882              0.505882        0.500000
27             0.505882              0.505882        0.500000
17             0.505882              0.505882        0.500000
25             0.505882              0.505882        0.500000
23             0.505882              0.505882        0.500000
59             0.505882              0.505882        0.500000
2023-05-27 08:54:02,810 [INFO] Best model :
SVC(C=0.01, gamma=0.01, kernel='linear', random_state=42)
2023-05-27 08:54:02,816 [INFO] Save train_prediction_log data...
2023-05-27 08:54:02,819 [INFO] {'Data': 'train', 'ACC': '1.0 (172 / 172)', 'TP': 87, 'FP': 0, 'FN': 0, 'TN': 85, 'Precision': '1.0 (87 / 87 + 0)', 'Recall': '1.0 (87 / 87 + 0)', 'F1': '1.0 (2 * (1.0 * 1.0) / 1.0 + 1.0)', 'Specificity': '1.0 (85 / 85 + 0)', 'AUC': 1.0, 'r2': 1.0}
2023-05-27 08:54:02,824 [INFO] Save valid_prediction_log data...
2023-05-27 08:54:02,826 [INFO] {'Data': 'valid', 'ACC': '0.94 (33 / 35)', 'TP': 14, 'FP': 2, 'FN': 0, 'TN': 19, 'Precision': '0.88 (14 / 14 + 2)', 'Recall': '1.0 (14 / 14 + 0)', 'F1': '0.94 (2 * (1.0 * 0.88) / 1.0 + 0.88)', 'Specificity': '0.9 (19 / 19 + 2)', 'AUC': 0.95, 'r2': 0.76}
2023-05-27 08:54:02,840 [INFO] Save test_prediction_log data...
2023-05-27 08:54:02,842 [INFO] {'Data': 'test', 'ACC': '0.66 (23 / 35)', 'TP': 7, 'FP': 5, 'FN': 7, 'TN': 16, 'Precision': '0.58 (7 / 7 + 5)', 'Recall': '0.5 (7 / 7 + 7)', 'F1': '0.54 (2 * (0.5 * 0.58) / 0.5 + 0.58)', 'Specificity': '0.76 (16 / 16 + 5)', 'AUC': 0.63, 'r2': -0.43}
2023-05-27 08:54:02,844 [INFO] Save training_log data...
2023-05-27 08:54:02,845 [INFO] Save score_log data...
2023-05-27 08:54:02,846 [INFO] Time : 2.957000494003296
