2023-05-28 20:04:15,151 [INFO] Train data : Vary_params_VGFR2\DUD-E\VGFR2\nG1_20\ECFP6_256bits\MinMax\VGFR2_train_vector.tsv
2023-05-28 20:04:15,151 [INFO] Valid data : Vary_params_VGFR2\DUD-E\VGFR2\nG1_20\ECFP6_256bits\MinMax\VGFR2_valid_vector.tsv
2023-05-28 20:04:15,151 [INFO] Output path : Vary_params_VGFR2\DUD-E\VGFR2\nG1_20\ECFP6_256bits\MinMax\VGFR2_model\SVM
2023-05-28 20:04:15,151 [INFO] Model type : SVM
2023-05-28 20:04:15,152 [INFO] Use cores : 18
2023-05-28 20:04:15,180 [INFO] Start Learning model
2023-05-28 20:04:15,180 [INFO] Train : 747 | Valid : 180
2023-05-28 20:04:15,180 [INFO] Set parameters : {'kernel': ['linear', 'rbf'], 'C': [0.01, 0.1, 1, 10, 100, 1000], 'gamma': [0.01, 0.1, 1, 100, 1000]}
2023-05-28 20:04:21,590 [INFO] GridSearchCV results :
    mean_valid_accuracy  mean_valid_precision  mean_valid_auc
43             0.736396              1.000000        0.689567
23             0.688270              1.000000        0.632964
53             0.736396              1.000000        0.689567
11             0.784523              1.000000        0.746169
33             0.736396              1.000000        0.689567
21             0.953117              0.964737        0.949356
0              0.945081              0.955015        0.941181
2              0.945081              0.955015        0.941181
4              0.945081              0.955015        0.941181
6              0.945081              0.955015        0.941181
8              0.945081              0.955015        0.941181
51             0.955748              0.944427        0.955431
41             0.955748              0.944427        0.955431
31             0.955748              0.944427        0.955431
14             0.930324              0.918563        0.928790
18             0.930324              0.918563        0.928790
10             0.930324              0.918563        0.928790
16             0.930324              0.918563        0.928790
12             0.930324              0.918563        0.928790
50             0.910198              0.884265        0.910048
48             0.910198              0.884265        0.910048
46             0.910198              0.884265        0.910048
44             0.910198              0.884265        0.910048
52             0.910198              0.884265        0.910048
56             0.910198              0.884265        0.910048
42             0.910198              0.884265        0.910048
58             0.910198              0.884265        0.910048
40             0.910198              0.884265        0.910048
38             0.910198              0.884265        0.910048
36             0.910198              0.884265        0.910048
34             0.910198              0.884265        0.910048
54             0.910198              0.884265        0.910048
30             0.910198              0.884265        0.910048
32             0.910198              0.884265        0.910048
28             0.910198              0.884265        0.910048
22             0.910198              0.884265        0.910048
24             0.910198              0.884265        0.910048
26             0.910198              0.884265        0.910048
20             0.910198              0.884265        0.910048
39             0.575658              0.000000        0.500000
17             0.575658              0.000000        0.500000
3              0.575658              0.000000        0.500000
57             0.575658              0.000000        0.500000
5              0.575658              0.000000        0.500000
55             0.575658              0.000000        0.500000
7              0.575658              0.000000        0.500000
9              0.575658              0.000000        0.500000
13             0.575658              0.000000        0.500000
15             0.575658              0.000000        0.500000
49             0.575658              0.000000        0.500000
27             0.575658              0.000000        0.500000
19             0.575658              0.000000        0.500000
47             0.575658              0.000000        0.500000
1              0.575658              0.000000        0.500000
45             0.575658              0.000000        0.500000
35             0.575658              0.000000        0.500000
29             0.575658              0.000000        0.500000
25             0.575658              0.000000        0.500000
37             0.575658              0.000000        0.500000
59             0.575658              0.000000        0.500000
2023-05-28 20:04:21,592 [INFO] Best model :
SVC(C=0.1, gamma=0.01, random_state=42)
2023-05-28 20:04:21,672 [INFO] Save train_prediction_log data...
2023-05-28 20:04:21,677 [INFO] {'Data': 'train', 'ACC': '0.87 (648 / 747)', 'TP': 219, 'FP': 1, 'FN': 98, 'TN': 429, 'Precision': '1.0 (219 / 219 + 1)', 'Recall': '0.69 (219 / 219 + 98)', 'F1': '0.82 (2 * (0.69 * 1.0) / 0.69 + 1.0)', 'Specificity': '1.0 (429 / 429 + 1)', 'AUC': 0.84, 'r2': 0.46}
2023-05-28 20:04:21,700 [INFO] Save valid_prediction_log data...
2023-05-28 20:04:21,702 [INFO] {'Data': 'valid', 'ACC': '0.92 (166 / 180)', 'TP': 58, 'FP': 0, 'FN': 14, 'TN': 108, 'Precision': '1.0 (58 / 58 + 0)', 'Recall': '0.81 (58 / 58 + 14)', 'F1': '0.9 (2 * (0.81 * 1.0) / 0.81 + 1.0)', 'Specificity': '1.0 (108 / 108 + 0)', 'AUC': 0.9, 'r2': 0.68}
2023-05-28 20:04:21,734 [INFO] Save test_prediction_log data...
2023-05-28 20:04:21,737 [INFO] {'Data': 'test', 'ACC': '0.58 (104 / 180)', 'TP': 7, 'FP': 11, 'FN': 65, 'TN': 97, 'Precision': '0.39 (7 / 7 + 11)', 'Recall': '0.1 (7 / 7 + 65)', 'F1': '0.16 (2 * (0.1 * 0.39) / 0.1 + 0.39)', 'Specificity': '0.9 (97 / 97 + 11)', 'AUC': 0.5, 'r2': -0.76}
2023-05-28 20:04:21,739 [INFO] Save training_log data...
2023-05-28 20:04:21,741 [INFO] Save score_log data...
2023-05-28 20:04:21,742 [INFO] Time : 6.590529918670654
