2023-05-28 22:24:32,129 [INFO] Train data : Vary_params_IGF1R_KIT\DUD-E\KIT\nG1_80\ECFP4_512bits\Standard\KIT_train_vector.tsv
2023-05-28 22:24:32,129 [INFO] Valid data : Vary_params_IGF1R_KIT\DUD-E\KIT\nG1_80\ECFP4_512bits\Standard\KIT_valid_vector.tsv
2023-05-28 22:24:32,129 [INFO] Output path : Vary_params_IGF1R_KIT\DUD-E\KIT\nG1_80\ECFP4_512bits\Standard\KIT_model\SVM
2023-05-28 22:24:32,129 [INFO] Model type : SVM
2023-05-28 22:24:32,129 [INFO] Use cores : 10
2023-05-28 22:24:32,165 [INFO] Start Learning model
2023-05-28 22:24:32,165 [INFO] Train : 202 | Valid : 58
2023-05-28 22:24:32,165 [INFO] Set parameters : {'kernel': ['linear', 'rbf'], 'C': [0.01, 0.1, 1, 10, 100, 1000], 'gamma': [0.01, 0.1, 1, 100, 1000]}
2023-05-28 22:24:35,051 [INFO] GridSearchCV results :
    mean_valid_accuracy  mean_valid_precision  mean_valid_auc
0              0.985476              0.985714        0.982143
20             0.985476              0.985714        0.982143
24             0.985476              0.985714        0.982143
26             0.985476              0.985714        0.982143
28             0.985476              0.985714        0.982143
32             0.985476              0.985714        0.982143
34             0.985476              0.985714        0.982143
36             0.985476              0.985714        0.982143
38             0.985476              0.985714        0.982143
40             0.985476              0.985714        0.982143
42             0.985476              0.985714        0.982143
44             0.985476              0.985714        0.982143
46             0.985476              0.985714        0.982143
48             0.985476              0.985714        0.982143
50             0.985476              0.985714        0.982143
52             0.985476              0.985714        0.982143
54             0.985476              0.985714        0.982143
56             0.985476              0.985714        0.982143
58             0.985476              0.985714        0.982143
22             0.985476              0.985714        0.982143
30             0.985476              0.985714        0.982143
2              0.985476              0.985714        0.982143
18             0.985476              0.985714        0.982143
10             0.985476              0.985714        0.982143
8              0.985476              0.985714        0.982143
16             0.985476              0.985714        0.982143
4              0.985476              0.985714        0.982143
12             0.985476              0.985714        0.982143
14             0.985476              0.985714        0.982143
6              0.985476              0.985714        0.982143
41             0.747857              0.800000        0.596429
31             0.747857              0.800000        0.596429
51             0.747857              0.800000        0.596429
21             0.718333              0.500000        0.548810
7              0.688333              0.000000        0.500000
47             0.688333              0.000000        0.500000
5              0.688333              0.000000        0.500000
49             0.688333              0.000000        0.500000
9              0.688333              0.000000        0.500000
53             0.688333              0.000000        0.500000
55             0.688333              0.000000        0.500000
3              0.688333              0.000000        0.500000
57             0.688333              0.000000        0.500000
45             0.688333              0.000000        0.500000
11             0.688333              0.000000        0.500000
43             0.688333              0.000000        0.500000
19             0.688333              0.000000        0.500000
39             0.688333              0.000000        0.500000
37             0.688333              0.000000        0.500000
13             0.688333              0.000000        0.500000
35             0.688333              0.000000        0.500000
33             0.688333              0.000000        0.500000
15             0.688333              0.000000        0.500000
1              0.688333              0.000000        0.500000
29             0.688333              0.000000        0.500000
27             0.688333              0.000000        0.500000
17             0.688333              0.000000        0.500000
25             0.688333              0.000000        0.500000
23             0.688333              0.000000        0.500000
59             0.688333              0.000000        0.500000
2023-05-28 22:24:35,052 [INFO] Best model :
SVC(C=0.01, gamma=0.01, kernel='linear', random_state=42)
2023-05-28 22:24:35,059 [INFO] Save train_prediction_log data...
2023-05-28 22:24:35,062 [INFO] {'Data': 'train', 'ACC': '1.0 (202 / 202)', 'TP': 63, 'FP': 0, 'FN': 0, 'TN': 139, 'Precision': '1.0 (63 / 63 + 0)', 'Recall': '1.0 (63 / 63 + 0)', 'F1': '1.0 (2 * (1.0 * 1.0) / 1.0 + 1.0)', 'Specificity': '1.0 (139 / 139 + 0)', 'AUC': 1.0, 'r2': 1.0}
2023-05-28 22:24:35,067 [INFO] Save valid_prediction_log data...
2023-05-28 22:24:35,069 [INFO] {'Data': 'valid', 'ACC': '0.98 (57 / 58)', 'TP': 23, 'FP': 1, 'FN': 0, 'TN': 34, 'Precision': '0.96 (23 / 23 + 1)', 'Recall': '1.0 (23 / 23 + 0)', 'F1': '0.98 (2 * (1.0 * 0.96) / 1.0 + 0.96)', 'Specificity': '0.97 (34 / 34 + 1)', 'AUC': 0.99, 'r2': 0.93}
2023-05-28 22:24:35,086 [INFO] Save test_prediction_log data...
2023-05-28 22:24:35,088 [INFO] {'Data': 'test', 'ACC': '0.64 (37 / 58)', 'TP': 9, 'FP': 7, 'FN': 14, 'TN': 28, 'Precision': '0.56 (9 / 9 + 7)', 'Recall': '0.39 (9 / 9 + 14)', 'F1': '0.46 (2 * (0.39 * 0.56) / 0.39 + 0.56)', 'Specificity': '0.8 (28 / 28 + 7)', 'AUC': 0.6, 'r2': -0.51}
2023-05-28 22:24:35,090 [INFO] Save training_log data...
2023-05-28 22:24:35,091 [INFO] Save score_log data...
2023-05-28 22:24:35,092 [INFO] Time : 2.962956428527832
