2023-05-28 23:44:05,546 [INFO] Train data : Vary_params_ABL_BRAF_FGFR1\DUD-E\ABL1\nG1_80\ECFP6_256bits\Standard\ABL1_train_vector.tsv
2023-05-28 23:44:05,546 [INFO] Valid data : Vary_params_ABL_BRAF_FGFR1\DUD-E\ABL1\nG1_80\ECFP6_256bits\Standard\ABL1_valid_vector.tsv
2023-05-28 23:44:05,546 [INFO] Output path : Vary_params_ABL_BRAF_FGFR1\DUD-E\ABL1\nG1_80\ECFP6_256bits\Standard\ABL1_model\SVM
2023-05-28 23:44:05,546 [INFO] Model type : SVM
2023-05-28 23:44:05,546 [INFO] Use cores : 19
2023-05-28 23:44:05,566 [INFO] Start Learning model
2023-05-28 23:44:05,566 [INFO] Train : 234 | Valid : 66
2023-05-28 23:44:05,566 [INFO] Set parameters : {'kernel': ['linear', 'rbf'], 'C': [0.01, 0.1, 1, 10, 100, 1000], 'gamma': [0.01, 0.1, 1, 100, 1000]}
2023-05-28 23:44:09,086 [INFO] GridSearchCV results :
    mean_valid_accuracy  mean_valid_precision  mean_valid_auc
31             0.855616              1.000000        0.778571
21             0.834058              1.000000        0.745536
51             0.855616              1.000000        0.778571
41             0.855616              1.000000        0.778571
0              0.957428              0.943889        0.952500
2              0.957428              0.943889        0.952500
4              0.957428              0.943889        0.952500
6              0.957428              0.943889        0.952500
8              0.957428              0.943889        0.952500
42             0.940217              0.900833        0.940000
32             0.940217              0.900833        0.940000
34             0.940217              0.900833        0.940000
36             0.940217              0.900833        0.940000
38             0.940217              0.900833        0.940000
40             0.940217              0.900833        0.940000
48             0.940217              0.900833        0.940000
44             0.940217              0.900833        0.940000
46             0.940217              0.900833        0.940000
26             0.940217              0.900833        0.940000
50             0.940217              0.900833        0.940000
52             0.940217              0.900833        0.940000
54             0.940217              0.900833        0.940000
56             0.940217              0.900833        0.940000
58             0.940217              0.900833        0.940000
28             0.940217              0.900833        0.940000
30             0.940217              0.900833        0.940000
12             0.940217              0.900833        0.940000
18             0.940217              0.900833        0.940000
24             0.940217              0.900833        0.940000
14             0.940217              0.900833        0.940000
10             0.940217              0.900833        0.940000
16             0.940217              0.900833        0.940000
22             0.940217              0.900833        0.940000
20             0.940217              0.900833        0.940000
53             0.683877              0.200000        0.513393
43             0.683877              0.200000        0.513393
33             0.683877              0.200000        0.513393
23             0.683877              0.200000        0.513393
47             0.675362              0.000000        0.500000
7              0.675362              0.000000        0.500000
5              0.675362              0.000000        0.500000
9              0.675362              0.000000        0.500000
57             0.675362              0.000000        0.500000
11             0.675362              0.000000        0.500000
3              0.675362              0.000000        0.500000
49             0.675362              0.000000        0.500000
55             0.675362              0.000000        0.500000
25             0.675362              0.000000        0.500000
13             0.675362              0.000000        0.500000
45             0.675362              0.000000        0.500000
27             0.675362              0.000000        0.500000
15             0.675362              0.000000        0.500000
17             0.675362              0.000000        0.500000
39             0.675362              0.000000        0.500000
37             0.675362              0.000000        0.500000
19             0.675362              0.000000        0.500000
35             0.675362              0.000000        0.500000
1              0.675362              0.000000        0.500000
29             0.675362              0.000000        0.500000
59             0.675362              0.000000        0.500000
2023-05-28 23:44:09,087 [INFO] Best model :
SVC(C=1, gamma=0.01, random_state=42)
2023-05-28 23:44:09,097 [INFO] Save train_prediction_log data...
2023-05-28 23:44:09,101 [INFO] {'Data': 'train', 'ACC': '1.0 (234 / 234)', 'TP': 76, 'FP': 0, 'FN': 0, 'TN': 158, 'Precision': '1.0 (76 / 76 + 0)', 'Recall': '1.0 (76 / 76 + 0)', 'F1': '1.0 (2 * (1.0 * 1.0) / 1.0 + 1.0)', 'Specificity': '1.0 (158 / 158 + 0)', 'AUC': 1.0, 'r2': 1.0}
2023-05-28 23:44:09,105 [INFO] Save valid_prediction_log data...
2023-05-28 23:44:09,107 [INFO] {'Data': 'valid', 'ACC': '0.95 (63 / 66)', 'TP': 23, 'FP': 0, 'FN': 3, 'TN': 40, 'Precision': '1.0 (23 / 23 + 0)', 'Recall': '0.88 (23 / 23 + 3)', 'F1': '0.94 (2 * (0.88 * 1.0) / 0.88 + 1.0)', 'Specificity': '1.0 (40 / 40 + 0)', 'AUC': 0.94, 'r2': 0.81}
2023-05-28 23:44:09,119 [INFO] Save test_prediction_log data...
2023-05-28 23:44:09,121 [INFO] {'Data': 'test', 'ACC': '0.62 (41 / 66)', 'TP': 1, 'FP': 0, 'FN': 25, 'TN': 40, 'Precision': '1.0 (1 / 1 + 0)', 'Recall': '0.04 (1 / 1 + 25)', 'F1': '0.08 (2 * (0.04 * 1.0) / 0.04 + 1.0)', 'Specificity': '1.0 (40 / 40 + 0)', 'AUC': 0.52, 'r2': -0.59}
2023-05-28 23:44:09,123 [INFO] Save training_log data...
2023-05-28 23:44:09,124 [INFO] Save score_log data...
2023-05-28 23:44:09,125 [INFO] Time : 3.578322410583496
