2023-05-29 01:06:28,162 [INFO] Train data : Vary_params_SH\DUD-E\TGFR1\nG1_80\ECFP4_512bits\Robust\TGFR1_train_vector.tsv
2023-05-29 01:06:28,163 [INFO] Valid data : Vary_params_SH\DUD-E\TGFR1\nG1_80\ECFP4_512bits\Robust\TGFR1_valid_vector.tsv
2023-05-29 01:06:28,163 [INFO] Output path : Vary_params_SH\DUD-E\TGFR1\nG1_80\ECFP4_512bits\Robust\TGFR1_model\RF
2023-05-29 01:06:28,163 [INFO] Model type : RF
2023-05-29 01:06:28,163 [INFO] Use cores : 3
2023-05-29 01:06:28,246 [INFO] Start Learning model
2023-05-29 01:06:28,246 [INFO] Train : 134 | Valid : 41
2023-05-29 01:06:28,246 [INFO] Set parameters : {'max_depth': [6, 8, 10, 12], 'max_features': ['sqrt', 'log2'], 'min_samples_leaf': [2, 4, 8, 10], 'min_samples_split': [2, 4, 8, 10], 'n_estimators': [200, 600, 1000]}
2023-05-29 01:23:23,521 [INFO] GridSearchCV results :
     mean_valid_accuracy  mean_valid_precision  mean_valid_auc
0               0.978022                 1.000          0.9625
248             0.978022                 1.000          0.9625
257             0.978022                 1.000          0.9625
256             0.978022                 1.000          0.9625
255             0.978022                 1.000          0.9625
..                   ...                   ...             ...
93              0.970879                 0.975          0.9575
282             0.970879                 0.975          0.9575
276             0.970879                 0.975          0.9575
90              0.970879                 0.975          0.9575
372             0.970879                 0.975          0.9575

[384 rows x 3 columns]
2023-05-29 01:23:23,522 [INFO] Best model :
RandomForestClassifier(class_weight='balanced', max_depth=6, min_samples_leaf=2,
                       n_estimators=200, random_state=42)
2023-05-29 01:23:23,547 [INFO] Save train_prediction_log data...
2023-05-29 01:23:23,551 [INFO] {'Data': 'train', 'ACC': '1.0 (134 / 134)', 'TP': 36, 'FP': 0, 'FN': 0, 'TN': 98, 'Precision': '1.0 (36 / 36 + 0)', 'Recall': '1.0 (36 / 36 + 0)', 'F1': '1.0 (2 * (1.0 * 1.0) / 1.0 + 1.0)', 'Specificity': '1.0 (98 / 98 + 0)', 'AUC': 1.0, 'r2': 1.0}
2023-05-29 01:23:23,573 [INFO] Save valid_prediction_log data...
2023-05-29 01:23:23,576 [INFO] {'Data': 'valid', 'ACC': '1.0 (41 / 41)', 'TP': 16, 'FP': 0, 'FN': 0, 'TN': 25, 'Precision': '1.0 (16 / 16 + 0)', 'Recall': '1.0 (16 / 16 + 0)', 'F1': '1.0 (2 * (1.0 * 1.0) / 1.0 + 1.0)', 'Specificity': '1.0 (25 / 25 + 0)', 'AUC': 1.0, 'r2': 1.0}
2023-05-29 01:23:23,617 [INFO] Save test_prediction_log data...
2023-05-29 01:23:23,620 [INFO] {'Data': 'test', 'ACC': '0.61 (25 / 41)', 'TP': 5, 'FP': 5, 'FN': 11, 'TN': 20, 'Precision': '0.5 (5 / 5 + 5)', 'Recall': '0.31 (5 / 5 + 11)', 'F1': '0.38 (2 * (0.31 * 0.5) / 0.31 + 0.5)', 'Specificity': '0.8 (20 / 20 + 5)', 'AUC': 0.56, 'r2': -0.64}
2023-05-29 01:23:23,681 [INFO] Save training_log data...
2023-05-29 01:23:23,855 [INFO] Save score_log data...
2023-05-29 01:23:23,857 [INFO] Time : 1015.6955051422119
