2023-05-28 16:29:33,815 [INFO] Train data : Vary_params_ABL_BRAF_FGFR1\DUD-E\ABL1\nG1_50\ECFP6_256bits\Robust\ABL1_train_vector.tsv
2023-05-28 16:29:33,815 [INFO] Valid data : Vary_params_ABL_BRAF_FGFR1\DUD-E\ABL1\nG1_50\ECFP6_256bits\Robust\ABL1_valid_vector.tsv
2023-05-28 16:29:33,815 [INFO] Output path : Vary_params_ABL_BRAF_FGFR1\DUD-E\ABL1\nG1_50\ECFP6_256bits\Robust\ABL1_model\SVM
2023-05-28 16:29:33,815 [INFO] Model type : SVM
2023-05-28 16:29:33,815 [INFO] Use cores : 18
2023-05-28 16:29:33,829 [INFO] Start Learning model
2023-05-28 16:29:33,829 [INFO] Train : 264 | Valid : 66
2023-05-28 16:29:33,830 [INFO] Set parameters : {'kernel': ['linear', 'rbf'], 'C': [0.01, 0.1, 1, 10, 100, 1000], 'gamma': [0.01, 0.1, 1, 100, 1000]}
2023-05-28 16:29:37,200 [INFO] GridSearchCV results :
    mean_valid_accuracy  mean_valid_precision  mean_valid_auc
0              0.819088              0.753612        0.817102
20             0.819088              0.753612        0.817102
24             0.819088              0.753612        0.817102
26             0.819088              0.753612        0.817102
28             0.819088              0.753612        0.817102
32             0.819088              0.753612        0.817102
34             0.819088              0.753612        0.817102
36             0.819088              0.753612        0.817102
38             0.819088              0.753612        0.817102
40             0.819088              0.753612        0.817102
42             0.819088              0.753612        0.817102
44             0.819088              0.753612        0.817102
46             0.819088              0.753612        0.817102
48             0.819088              0.753612        0.817102
50             0.819088              0.753612        0.817102
52             0.819088              0.753612        0.817102
54             0.819088              0.753612        0.817102
56             0.819088              0.753612        0.817102
58             0.819088              0.753612        0.817102
22             0.819088              0.753612        0.817102
30             0.819088              0.753612        0.817102
10             0.819088              0.753612        0.817102
2              0.819088              0.753612        0.817102
18             0.819088              0.753612        0.817102
8              0.819088              0.753612        0.817102
16             0.819088              0.753612        0.817102
4              0.819088              0.753612        0.817102
12             0.819088              0.753612        0.817102
6              0.819088              0.753612        0.817102
14             0.819088              0.753612        0.817102
49             0.598575              0.000000        0.500000
9              0.598575              0.000000        0.500000
45             0.598575              0.000000        0.500000
47             0.598575              0.000000        0.500000
7              0.598575              0.000000        0.500000
21             0.598575              0.000000        0.500000
43             0.598575              0.000000        0.500000
5              0.598575              0.000000        0.500000
53             0.598575              0.000000        0.500000
55             0.598575              0.000000        0.500000
3              0.598575              0.000000        0.500000
57             0.598575              0.000000        0.500000
51             0.598575              0.000000        0.500000
11             0.598575              0.000000        0.500000
41             0.598575              0.000000        0.500000
19             0.598575              0.000000        0.500000
39             0.598575              0.000000        0.500000
37             0.598575              0.000000        0.500000
13             0.598575              0.000000        0.500000
35             0.598575              0.000000        0.500000
33             0.598575              0.000000        0.500000
15             0.598575              0.000000        0.500000
31             0.598575              0.000000        0.500000
1              0.598575              0.000000        0.500000
29             0.598575              0.000000        0.500000
27             0.598575              0.000000        0.500000
17             0.598575              0.000000        0.500000
25             0.598575              0.000000        0.500000
23             0.598575              0.000000        0.500000
59             0.598575              0.000000        0.500000
2023-05-28 16:29:37,200 [INFO] Best model :
SVC(C=0.01, gamma=0.01, kernel='linear', random_state=42)
2023-05-28 16:29:37,205 [INFO] Save train_prediction_log data...
2023-05-28 16:29:37,208 [INFO] {'Data': 'train', 'ACC': '1.0 (264 / 264)', 'TP': 106, 'FP': 0, 'FN': 0, 'TN': 158, 'Precision': '1.0 (106 / 106 + 0)', 'Recall': '1.0 (106 / 106 + 0)', 'F1': '1.0 (2 * (1.0 * 1.0) / 1.0 + 1.0)', 'Specificity': '1.0 (158 / 158 + 0)', 'AUC': 1.0, 'r2': 1.0}
2023-05-28 16:29:37,211 [INFO] Save valid_prediction_log data...
2023-05-28 16:29:37,213 [INFO] {'Data': 'valid', 'ACC': '0.86 (57 / 66)', 'TP': 26, 'FP': 9, 'FN': 0, 'TN': 31, 'Precision': '0.74 (26 / 26 + 9)', 'Recall': '1.0 (26 / 26 + 0)', 'F1': '0.85 (2 * (1.0 * 0.74) / 1.0 + 0.74)', 'Specificity': '0.78 (31 / 31 + 9)', 'AUC': 0.89, 'r2': 0.43}
2023-05-28 16:29:37,220 [INFO] Save test_prediction_log data...
2023-05-28 16:29:37,222 [INFO] {'Data': 'test', 'ACC': '0.61 (40 / 66)', 'TP': 10, 'FP': 10, 'FN': 16, 'TN': 30, 'Precision': '0.5 (10 / 10 + 10)', 'Recall': '0.38 (10 / 10 + 16)', 'F1': '0.43 (2 * (0.38 * 0.5) / 0.38 + 0.5)', 'Specificity': '0.75 (30 / 30 + 10)', 'AUC': 0.57, 'r2': -0.65}
2023-05-28 16:29:37,224 [INFO] Save training_log data...
2023-05-28 16:29:37,225 [INFO] Save score_log data...
2023-05-28 16:29:37,226 [INFO] Time : 3.4116733074188232
