2023-05-30 02:17:24,850 [INFO] Train data : Baseline_noscale\DUD-E\MK10\ECFP4_512bits\MK10_raw_train.tsv
2023-05-30 02:17:24,850 [INFO] Valid data : Baseline_noscale\DUD-E\MK10\ECFP4_512bits\MK10_raw_valid.tsv
2023-05-30 02:17:24,850 [INFO] Output path : Baseline_noscale\DUD-E\MK10\ECFP4_512bits\MK10_model\SVM
2023-05-30 02:17:24,850 [INFO] Model type : SVM
2023-05-30 02:17:24,850 [INFO] Use cores : 12
2023-05-30 02:17:24,865 [INFO] Start Learning model
2023-05-30 02:17:24,865 [INFO] Train : 104 | Valid : 26
2023-05-30 02:17:24,865 [INFO] Set parameters : {'kernel': ['linear', 'rbf'], 'C': [0.01, 0.1, 1, 10, 100, 1000], 'gamma': [0.01, 0.1, 1, 100, 1000]}
2023-05-30 02:17:27,602 [INFO] GridSearchCV results :
    mean_valid_accuracy  mean_valid_precision  mean_valid_auc
21             0.942727                 0.975        0.936667
30             0.970909                 0.960        0.973333
41             0.970909                 0.960        0.973333
32             0.970909                 0.960        0.973333
26             0.970909                 0.960        0.973333
34             0.970909                 0.960        0.973333
24             0.970909                 0.960        0.973333
36             0.970909                 0.960        0.973333
22             0.970909                 0.960        0.973333
20             0.970909                 0.960        0.973333
38             0.970909                 0.960        0.973333
18             0.970909                 0.960        0.973333
40             0.970909                 0.960        0.973333
16             0.970909                 0.960        0.973333
14             0.970909                 0.960        0.973333
31             0.970909                 0.960        0.973333
42             0.970909                 0.960        0.973333
12             0.970909                 0.960        0.973333
44             0.970909                 0.960        0.973333
10             0.970909                 0.960        0.973333
46             0.970909                 0.960        0.973333
48             0.970909                 0.960        0.973333
50             0.970909                 0.960        0.973333
51             0.970909                 0.960        0.973333
52             0.970909                 0.960        0.973333
54             0.970909                 0.960        0.973333
56             0.970909                 0.960        0.973333
58             0.970909                 0.960        0.973333
28             0.970909                 0.960        0.973333
0              0.932727                 0.955        0.928333
2              0.932727                 0.955        0.928333
4              0.932727                 0.955        0.928333
6              0.932727                 0.955        0.928333
8              0.932727                 0.955        0.928333
33             0.762727                 0.700        0.710000
53             0.762727                 0.700        0.710000
43             0.762727                 0.700        0.710000
23             0.696364                 0.400        0.625000
1              0.596364                 0.000        0.500000
47             0.596364                 0.000        0.500000
57             0.596364                 0.000        0.500000
3              0.596364                 0.000        0.500000
55             0.596364                 0.000        0.500000
5              0.596364                 0.000        0.500000
7              0.596364                 0.000        0.500000
49             0.596364                 0.000        0.500000
45             0.596364                 0.000        0.500000
9              0.596364                 0.000        0.500000
29             0.596364                 0.000        0.500000
11             0.596364                 0.000        0.500000
13             0.596364                 0.000        0.500000
15             0.596364                 0.000        0.500000
17             0.596364                 0.000        0.500000
39             0.596364                 0.000        0.500000
19             0.596364                 0.000        0.500000
37             0.596364                 0.000        0.500000
35             0.596364                 0.000        0.500000
25             0.596364                 0.000        0.500000
27             0.596364                 0.000        0.500000
59             0.596364                 0.000        0.500000
2023-05-30 02:17:27,603 [INFO] Best model :
SVC(C=1, gamma=0.01, random_state=42)
2023-05-30 02:17:27,608 [INFO] Save train_prediction_log data...
2023-05-30 02:17:27,611 [INFO] {'Data': 'train', 'ACC': '1.0 (104 / 104)', 'TP': 42, 'FP': 0, 'FN': 0, 'TN': 62, 'Precision': '1.0 (42 / 42 + 0)', 'Recall': '1.0 (42 / 42 + 0)', 'F1': '1.0 (2 * (1.0 * 1.0) / 1.0 + 1.0)', 'Specificity': '1.0 (62 / 62 + 0)', 'AUC': 1.0, 'r2': 1.0}
2023-05-30 02:17:27,616 [INFO] Save valid_prediction_log data...
2023-05-30 02:17:27,618 [INFO] {'Data': 'valid', 'ACC': '1.0 (26 / 26)', 'TP': 10, 'FP': 0, 'FN': 0, 'TN': 16, 'Precision': '1.0 (10 / 10 + 0)', 'Recall': '1.0 (10 / 10 + 0)', 'F1': '1.0 (2 * (1.0 * 1.0) / 1.0 + 1.0)', 'Specificity': '1.0 (16 / 16 + 0)', 'AUC': 1.0, 'r2': 1.0}
2023-05-30 02:17:27,628 [INFO] Save test_prediction_log data...
2023-05-30 02:17:27,629 [INFO] {'Data': 'test', 'ACC': '0.69 (18 / 26)', 'TP': 4, 'FP': 2, 'FN': 6, 'TN': 14, 'Precision': '0.67 (4 / 4 + 2)', 'Recall': '0.4 (4 / 4 + 6)', 'F1': '0.5 (2 * (0.4 * 0.67) / 0.4 + 0.67)', 'Specificity': '0.88 (14 / 14 + 2)', 'AUC': 0.64, 'r2': -0.3}
2023-05-30 02:17:27,631 [INFO] Save training_log data...
2023-05-30 02:17:27,632 [INFO] Save score_log data...
2023-05-30 02:17:27,633 [INFO] Time : 2.7832415103912354
