2023-05-26 12:29:38,084 [INFO] Train data : Vary_params\DUD-E\AKT1\nG1_20\ECFP4_256bits\MinMax\AKT1_train_vector.tsv
2023-05-26 12:29:38,084 [INFO] Valid data : Vary_params\DUD-E\AKT1\nG1_20\ECFP4_256bits\MinMax\AKT1_valid_vector.tsv
2023-05-26 12:29:38,084 [INFO] Output path : Vary_params\DUD-E\AKT1\nG1_20\ECFP4_256bits\MinMax\AKT1_model\SVM
2023-05-26 12:29:38,084 [INFO] Model type : SVM
2023-05-26 12:29:38,084 [INFO] Use cores : 11
2023-05-26 12:29:38,104 [INFO] Start Learning model
2023-05-26 12:29:38,104 [INFO] Train : 511 | Valid : 120
2023-05-26 12:29:38,104 [INFO] Set parameters : {'kernel': ['linear', 'rbf'], 'C': [0.01, 0.1, 1, 10, 100, 1000], 'gamma': [0.01, 0.1, 1, 100, 1000]}
2023-05-26 12:29:42,844 [INFO] GridSearchCV results :
    mean_valid_accuracy  mean_valid_precision  mean_valid_auc
43             0.935784              1.000000        0.926680
23             0.931863              1.000000        0.922233
53             0.935784              1.000000        0.926680
11             0.875038              1.000000        0.856719
33             0.935784              1.000000        0.926680
21             0.961124              0.991304        0.956532
0              0.947436              0.969991        0.942916
2              0.947436              0.969991        0.942916
4              0.947436              0.969991        0.942916
6              0.947436              0.969991        0.942916
8              0.947436              0.969991        0.942916
51             0.961086              0.952770        0.961272
41             0.961086              0.952770        0.961272
31             0.961086              0.952770        0.961272
14             0.957127              0.932905        0.959272
18             0.957127              0.932905        0.959272
10             0.957127              0.932905        0.959272
16             0.957127              0.932905        0.959272
12             0.957127              0.932905        0.959272
50             0.945362              0.917714        0.947706
48             0.945362              0.917714        0.947706
46             0.945362              0.917714        0.947706
44             0.945362              0.917714        0.947706
52             0.945362              0.917714        0.947706
56             0.945362              0.917714        0.947706
42             0.945362              0.917714        0.947706
58             0.945362              0.917714        0.947706
40             0.945362              0.917714        0.947706
38             0.945362              0.917714        0.947706
36             0.945362              0.917714        0.947706
34             0.945362              0.917714        0.947706
54             0.945362              0.917714        0.947706
30             0.945362              0.917714        0.947706
32             0.945362              0.917714        0.947706
28             0.945362              0.917714        0.947706
22             0.945362              0.917714        0.947706
24             0.945362              0.917714        0.947706
26             0.945362              0.917714        0.947706
20             0.945362              0.917714        0.947706
39             0.565573              0.000000        0.500000
17             0.565573              0.000000        0.500000
3              0.565573              0.000000        0.500000
57             0.565573              0.000000        0.500000
5              0.565573              0.000000        0.500000
55             0.565573              0.000000        0.500000
7              0.565573              0.000000        0.500000
9              0.565573              0.000000        0.500000
13             0.565573              0.000000        0.500000
15             0.565573              0.000000        0.500000
49             0.565573              0.000000        0.500000
27             0.565573              0.000000        0.500000
19             0.565573              0.000000        0.500000
47             0.565573              0.000000        0.500000
1              0.565573              0.000000        0.500000
45             0.565573              0.000000        0.500000
35             0.565573              0.000000        0.500000
29             0.565573              0.000000        0.500000
25             0.565573              0.000000        0.500000
37             0.565573              0.000000        0.500000
59             0.565573              0.000000        0.500000
2023-05-26 12:29:42,855 [INFO] Best model :
SVC(C=0.1, gamma=0.01, random_state=42)
2023-05-26 12:29:42,914 [INFO] Save train_prediction_log data...
2023-05-26 12:29:42,922 [INFO] {'Data': 'train', 'ACC': '0.89 (455 / 511)', 'TP': 166, 'FP': 0, 'FN': 56, 'TN': 289, 'Precision': '1.0 (166 / 166 + 0)', 'Recall': '0.75 (166 / 166 + 56)', 'F1': '0.86 (2 * (0.75 * 1.0) / 0.75 + 1.0)', 'Specificity': '1.0 (289 / 289 + 0)', 'AUC': 0.87, 'r2': 0.55}
2023-05-26 12:29:42,932 [INFO] Save valid_prediction_log data...
2023-05-26 12:29:42,934 [INFO] {'Data': 'valid', 'ACC': '0.98 (117 / 120)', 'TP': 45, 'FP': 0, 'FN': 3, 'TN': 72, 'Precision': '1.0 (45 / 45 + 0)', 'Recall': '0.94 (45 / 45 + 3)', 'F1': '0.97 (2 * (0.94 * 1.0) / 0.94 + 1.0)', 'Specificity': '1.0 (72 / 72 + 0)', 'AUC': 0.97, 'r2': 0.9}
2023-05-26 12:29:42,952 [INFO] Save test_prediction_log data...
2023-05-26 12:29:42,955 [INFO] {'Data': 'test', 'ACC': '0.67 (80 / 120)', 'TP': 9, 'FP': 1, 'FN': 39, 'TN': 71, 'Precision': '0.9 (9 / 9 + 1)', 'Recall': '0.19 (9 / 9 + 39)', 'F1': '0.31 (2 * (0.19 * 0.9) / 0.19 + 0.9)', 'Specificity': '0.99 (71 / 71 + 1)', 'AUC': 0.59, 'r2': -0.39}
2023-05-26 12:29:42,959 [INFO] Save training_log data...
2023-05-26 12:29:42,959 [INFO] Save score_log data...
2023-05-26 12:29:42,960 [INFO] Time : 4.876894474029541
