2023-05-28 08:59:18,333 [INFO] Train data : Vary_params\DUD-E\WEE1\nG1_50\ECFP6_512bits\Standard\WEE1_train_vector.tsv
2023-05-28 08:59:18,333 [INFO] Valid data : Vary_params\DUD-E\WEE1\nG1_50\ECFP6_512bits\Standard\WEE1_valid_vector.tsv
2023-05-28 08:59:18,333 [INFO] Output path : Vary_params\DUD-E\WEE1\nG1_50\ECFP6_512bits\Standard\WEE1_model\SVM
2023-05-28 08:59:18,333 [INFO] Model type : SVM
2023-05-28 08:59:18,333 [INFO] Use cores : 10
2023-05-28 08:59:18,374 [INFO] Start Learning model
2023-05-28 08:59:18,375 [INFO] Train : 101 | Valid : 25
2023-05-28 08:59:18,375 [INFO] Set parameters : {'kernel': ['linear', 'rbf'], 'C': [0.01, 0.1, 1, 10, 100, 1000], 'gamma': [0.01, 0.1, 1, 100, 1000]}
2023-05-28 08:59:25,035 [INFO] GridSearchCV results :
    mean_valid_accuracy  mean_valid_precision  mean_valid_auc
0              1.000000                   1.0           1.000
20             1.000000                   1.0           1.000
24             1.000000                   1.0           1.000
26             1.000000                   1.0           1.000
28             1.000000                   1.0           1.000
32             1.000000                   1.0           1.000
34             1.000000                   1.0           1.000
36             1.000000                   1.0           1.000
38             1.000000                   1.0           1.000
40             1.000000                   1.0           1.000
42             1.000000                   1.0           1.000
44             1.000000                   1.0           1.000
46             1.000000                   1.0           1.000
48             1.000000                   1.0           1.000
50             1.000000                   1.0           1.000
52             1.000000                   1.0           1.000
54             1.000000                   1.0           1.000
56             1.000000                   1.0           1.000
58             1.000000                   1.0           1.000
22             1.000000                   1.0           1.000
30             1.000000                   1.0           1.000
2              1.000000                   1.0           1.000
18             1.000000                   1.0           1.000
10             1.000000                   1.0           1.000
8              1.000000                   1.0           1.000
16             1.000000                   1.0           1.000
4              1.000000                   1.0           1.000
12             1.000000                   1.0           1.000
14             1.000000                   1.0           1.000
6              1.000000                   1.0           1.000
21             0.783636                   0.8           0.725
41             0.803636                   0.8           0.750
31             0.803636                   0.8           0.750
51             0.803636                   0.8           0.750
7              0.603636                   0.0           0.500
47             0.603636                   0.0           0.500
5              0.603636                   0.0           0.500
49             0.603636                   0.0           0.500
9              0.603636                   0.0           0.500
53             0.603636                   0.0           0.500
55             0.603636                   0.0           0.500
3              0.603636                   0.0           0.500
57             0.603636                   0.0           0.500
45             0.603636                   0.0           0.500
11             0.603636                   0.0           0.500
43             0.603636                   0.0           0.500
19             0.603636                   0.0           0.500
39             0.603636                   0.0           0.500
37             0.603636                   0.0           0.500
13             0.603636                   0.0           0.500
35             0.603636                   0.0           0.500
33             0.603636                   0.0           0.500
15             0.603636                   0.0           0.500
1              0.603636                   0.0           0.500
29             0.603636                   0.0           0.500
27             0.603636                   0.0           0.500
17             0.603636                   0.0           0.500
25             0.603636                   0.0           0.500
23             0.603636                   0.0           0.500
59             0.603636                   0.0           0.500
2023-05-28 08:59:25,037 [INFO] Best model :
SVC(C=0.01, gamma=0.01, kernel='linear', random_state=42)
2023-05-28 08:59:25,046 [INFO] Save train_prediction_log data...
2023-05-28 08:59:25,051 [INFO] {'Data': 'train', 'ACC': '1.0 (101 / 101)', 'TP': 40, 'FP': 0, 'FN': 0, 'TN': 61, 'Precision': '1.0 (40 / 40 + 0)', 'Recall': '1.0 (40 / 40 + 0)', 'F1': '1.0 (2 * (1.0 * 1.0) / 1.0 + 1.0)', 'Specificity': '1.0 (61 / 61 + 0)', 'AUC': 1.0, 'r2': 1.0}
2023-05-28 08:59:25,060 [INFO] Save valid_prediction_log data...
2023-05-28 08:59:25,063 [INFO] {'Data': 'valid', 'ACC': '1.0 (25 / 25)', 'TP': 10, 'FP': 0, 'FN': 0, 'TN': 15, 'Precision': '1.0 (10 / 10 + 0)', 'Recall': '1.0 (10 / 10 + 0)', 'F1': '1.0 (2 * (1.0 * 1.0) / 1.0 + 1.0)', 'Specificity': '1.0 (15 / 15 + 0)', 'AUC': 1.0, 'r2': 1.0}
2023-05-28 08:59:25,092 [INFO] Save test_prediction_log data...
2023-05-28 08:59:25,099 [INFO] {'Data': 'test', 'ACC': '0.8 (20 / 25)', 'TP': 6, 'FP': 1, 'FN': 4, 'TN': 14, 'Precision': '0.86 (6 / 6 + 1)', 'Recall': '0.6 (6 / 6 + 4)', 'F1': '0.71 (2 * (0.6 * 0.86) / 0.6 + 0.86)', 'Specificity': '0.93 (14 / 14 + 1)', 'AUC': 0.77, 'r2': 0.17}
2023-05-28 08:59:25,103 [INFO] Save training_log data...
2023-05-28 08:59:25,104 [INFO] Save score_log data...
2023-05-28 08:59:25,106 [INFO] Time : 6.773530960083008
