2023-05-28 23:33:48,347 [INFO] Train data : Vary_params\DUD-E\KPCB\nG1_20\ECFP4_256bits\Standard\KPCB_train_vector.tsv
2023-05-28 23:33:48,347 [INFO] Valid data : Vary_params\DUD-E\KPCB\nG1_20\ECFP4_256bits\Standard\KPCB_valid_vector.tsv
2023-05-28 23:33:48,347 [INFO] Output path : Vary_params\DUD-E\KPCB\nG1_20\ECFP4_256bits\Standard\KPCB_model\RF
2023-05-28 23:33:48,347 [INFO] Model type : RF
2023-05-28 23:33:48,347 [INFO] Use cores : 11
2023-05-28 23:33:48,380 [INFO] Start Learning model
2023-05-28 23:33:48,382 [INFO] Train : 198 | Valid : 42
2023-05-28 23:33:48,382 [INFO] Set parameters : {'max_depth': [6, 8, 10, 12], 'max_features': ['sqrt', 'log2'], 'min_samples_leaf': [2, 4, 8, 10], 'min_samples_split': [2, 4, 8, 10], 'n_estimators': [200, 600, 1000]}
2023-05-28 23:39:52,715 [INFO] GridSearchCV results :
     mean_valid_accuracy  mean_valid_precision  mean_valid_auc
241                0.945              1.000000        0.945000
151                0.940              1.000000        0.940000
144                0.950              1.000000        0.950000
245                0.950              1.000000        0.950000
244                0.945              1.000000        0.945000
..                   ...                   ...             ...
30                 0.900              0.941667        0.901364
120                0.900              0.941667        0.901364
33                 0.900              0.941667        0.901364
36                 0.895              0.941667        0.896364
330                0.895              0.941667        0.896364

[384 rows x 3 columns]
2023-05-28 23:39:52,717 [INFO] Best model :
RandomForestClassifier(class_weight='balanced', max_depth=8,
                       max_features='log2', min_samples_leaf=2,
                       n_estimators=200, random_state=42)
2023-05-28 23:39:52,735 [INFO] Save train_prediction_log data...
2023-05-28 23:39:52,741 [INFO] {'Data': 'train', 'ACC': '0.98 (195 / 198)', 'TP': 94, 'FP': 0, 'FN': 3, 'TN': 101, 'Precision': '1.0 (94 / 94 + 0)', 'Recall': '0.97 (94 / 94 + 3)', 'F1': '0.98 (2 * (0.97 * 1.0) / 0.97 + 1.0)', 'Specificity': '1.0 (101 / 101 + 0)', 'AUC': 0.98, 'r2': 0.94}
2023-05-28 23:39:52,757 [INFO] Save valid_prediction_log data...
2023-05-28 23:39:52,759 [INFO] {'Data': 'valid', 'ACC': '1.0 (42 / 42)', 'TP': 17, 'FP': 0, 'FN': 0, 'TN': 25, 'Precision': '1.0 (17 / 17 + 0)', 'Recall': '1.0 (17 / 17 + 0)', 'F1': '1.0 (2 * (1.0 * 1.0) / 1.0 + 1.0)', 'Specificity': '1.0 (25 / 25 + 0)', 'AUC': 1.0, 'r2': 1.0}
2023-05-28 23:39:52,790 [INFO] Save test_prediction_log data...
2023-05-28 23:39:52,800 [INFO] {'Data': 'test', 'ACC': '0.79 (33 / 42)', 'TP': 9, 'FP': 1, 'FN': 8, 'TN': 24, 'Precision': '0.9 (9 / 9 + 1)', 'Recall': '0.53 (9 / 9 + 8)', 'F1': '0.67 (2 * (0.53 * 0.9) / 0.53 + 0.9)', 'Specificity': '0.96 (24 / 24 + 1)', 'AUC': 0.74, 'r2': 0.11}
2023-05-28 23:39:52,849 [INFO] Save training_log data...
2023-05-28 23:39:52,852 [INFO] Save score_log data...
2023-05-28 23:39:52,855 [INFO] Time : 364.5078363418579
