2023-05-28 10:49:01,915 [INFO] Train data : Vary_params\DUD-E\CSF1R\nG1_80\ECFP4_512bits\MinMax\CSF1R_train_vector.tsv
2023-05-28 10:49:01,915 [INFO] Valid data : Vary_params\DUD-E\CSF1R\nG1_80\ECFP4_512bits\MinMax\CSF1R_valid_vector.tsv
2023-05-28 10:49:01,915 [INFO] Output path : Vary_params\DUD-E\CSF1R\nG1_80\ECFP4_512bits\MinMax\CSF1R_model\MLP
2023-05-28 10:49:01,915 [INFO] Model type : MLP
2023-05-28 10:49:01,915 [INFO] Use cores : 11
2023-05-28 10:49:01,941 [INFO] Start Learning model
2023-05-28 10:49:01,941 [INFO] Train : 156 | Valid : 47
2023-05-28 10:49:01,941 [INFO] Set parameters : {'hidden_layer_sizes': [(50,), (100,), (50, 50), (100, 100)], 'learning_rate': ['constant', 'invscaling', 'adaptive'], 'activation': ['relu', 'identity', 'logistic', 'tanh'], 'solver': ['adam', 'sgd', 'lbfgs'], 'alpha': [0.1, 0.01, 0.001], 'max_iter': [500, 1000], 'early_stopping': [True]}
2023-05-28 10:53:20,068 [INFO] GridSearchCV results :
     mean_valid_accuracy  mean_valid_precision  mean_valid_auc
0               0.917083                   1.0          0.8575
663             0.917500                   1.0          0.8600
72              0.917083                   1.0          0.8575
404             0.968333                   1.0          0.9475
150             0.917083                   1.0          0.8575
..                   ...                   ...             ...
471             0.718333                   0.0          0.5000
622             0.718333                   0.0          0.5000
37              0.718333                   0.0          0.5000
621             0.718333                   0.0          0.5000
534             0.718333                   0.0          0.5000

[864 rows x 3 columns]
2023-05-28 10:53:20,070 [INFO] Best model :
MLPClassifier(alpha=0.1, early_stopping=True, hidden_layer_sizes=(50,),
              max_iter=500, random_state=42)
2023-05-28 10:53:20,079 [INFO] Save train_prediction_log data...
2023-05-28 10:53:20,083 [INFO] {'Data': 'train', 'ACC': '0.98 (153 / 156)', 'TP': 41, 'FP': 0, 'FN': 3, 'TN': 112, 'Precision': '1.0 (41 / 41 + 0)', 'Recall': '0.93 (41 / 41 + 3)', 'F1': '0.96 (2 * (0.93 * 1.0) / 0.93 + 1.0)', 'Specificity': '1.0 (112 / 112 + 0)', 'AUC': 0.97, 'r2': 0.91}
2023-05-28 10:53:20,090 [INFO] Save valid_prediction_log data...
2023-05-28 10:53:20,093 [INFO] {'Data': 'valid', 'ACC': '0.96 (45 / 47)', 'TP': 17, 'FP': 0, 'FN': 2, 'TN': 28, 'Precision': '1.0 (17 / 17 + 0)', 'Recall': '0.89 (17 / 17 + 2)', 'F1': '0.94 (2 * (0.89 * 1.0) / 0.89 + 1.0)', 'Specificity': '1.0 (28 / 28 + 0)', 'AUC': 0.95, 'r2': 0.82}
2023-05-28 10:53:20,118 [INFO] Save test_prediction_log data...
2023-05-28 10:53:20,128 [INFO] {'Data': 'test', 'ACC': '0.66 (31 / 47)', 'TP': 5, 'FP': 2, 'FN': 14, 'TN': 26, 'Precision': '0.71 (5 / 5 + 2)', 'Recall': '0.26 (5 / 5 + 14)', 'F1': '0.38 (2 * (0.26 * 0.71) / 0.26 + 0.71)', 'Specificity': '0.93 (26 / 26 + 2)', 'AUC': 0.6, 'r2': -0.41}
2023-05-28 10:53:20,133 [INFO] Save training_log data...
2023-05-28 10:53:20,140 [INFO] Save score_log data...
2023-05-28 10:53:20,142 [INFO] Time : 258.22750329971313
