2023-05-29 10:14:52,930 [INFO] Train data : Vary_params_CDK2_EGFR_LCK\DUD-E\LCK\nG1_50\ECFP6_256bits\MinMax\LCK_train_vector.tsv
2023-05-29 10:14:52,930 [INFO] Valid data : Vary_params_CDK2_EGFR_LCK\DUD-E\LCK\nG1_50\ECFP6_256bits\MinMax\LCK_valid_vector.tsv
2023-05-29 10:14:52,930 [INFO] Output path : Vary_params_CDK2_EGFR_LCK\DUD-E\LCK\nG1_50\ECFP6_256bits\MinMax\LCK_model\MLP
2023-05-29 10:14:52,930 [INFO] Model type : MLP
2023-05-29 10:14:52,930 [INFO] Use cores : 19
2023-05-29 10:14:52,949 [INFO] Start Learning model
2023-05-29 10:14:52,949 [INFO] Train : 736 | Valid : 185
2023-05-29 10:14:52,949 [INFO] Set parameters : {'hidden_layer_sizes': [(50,), (100,), (50, 50), (100, 100)], 'learning_rate': ['constant', 'invscaling', 'adaptive'], 'activation': ['relu', 'identity', 'logistic', 'tanh'], 'solver': ['adam', 'sgd', 'lbfgs'], 'alpha': [0.1, 0.01, 0.001], 'max_iter': [500, 1000], 'early_stopping': [True]}
2023-05-29 10:18:14,042 [INFO] GridSearchCV results :
     mean_valid_accuracy  mean_valid_precision  mean_valid_auc
432             0.929378              0.977264        0.915186
447             0.929378              0.977264        0.915186
441             0.929378              0.977264        0.915186
435             0.929378              0.977264        0.915186
444             0.929378              0.977264        0.915186
..                   ...                   ...             ...
538             0.600555              0.000000        0.500000
540             0.600555              0.000000        0.500000
541             0.600555              0.000000        0.500000
543             0.600555              0.000000        0.500000
474             0.600555              0.000000        0.500000

[864 rows x 3 columns]
2023-05-29 10:18:14,043 [INFO] Best model :
MLPClassifier(activation='logistic', alpha=0.1, early_stopping=True,
              hidden_layer_sizes=(50,), max_iter=500, random_state=42)
2023-05-29 10:18:14,051 [INFO] Save train_prediction_log data...
2023-05-29 10:18:14,054 [INFO] {'Data': 'train', 'ACC': '0.96 (708 / 736)', 'TP': 271, 'FP': 5, 'FN': 23, 'TN': 437, 'Precision': '0.98 (271 / 271 + 5)', 'Recall': '0.92 (271 / 271 + 23)', 'F1': '0.95 (2 * (0.92 * 0.98) / 0.92 + 0.98)', 'Specificity': '0.99 (437 / 437 + 5)', 'AUC': 0.96, 'r2': 0.84}
2023-05-29 10:18:14,058 [INFO] Save valid_prediction_log data...
2023-05-29 10:18:14,060 [INFO] {'Data': 'valid', 'ACC': '0.95 (176 / 185)', 'TP': 72, 'FP': 7, 'FN': 2, 'TN': 104, 'Precision': '0.91 (72 / 72 + 7)', 'Recall': '0.97 (72 / 72 + 2)', 'F1': '0.94 (2 * (0.97 * 0.91) / 0.97 + 0.91)', 'Specificity': '0.94 (104 / 104 + 7)', 'AUC': 0.95, 'r2': 0.8}
2023-05-29 10:18:14,070 [INFO] Save test_prediction_log data...
2023-05-29 10:18:14,073 [INFO] {'Data': 'test', 'ACC': '0.63 (117 / 185)', 'TP': 37, 'FP': 31, 'FN': 37, 'TN': 80, 'Precision': '0.54 (37 / 37 + 31)', 'Recall': '0.5 (37 / 37 + 37)', 'F1': '0.52 (2 * (0.5 * 0.54) / 0.5 + 0.54)', 'Specificity': '0.72 (80 / 80 + 31)', 'AUC': 0.61, 'r2': -0.53}
2023-05-29 10:18:14,075 [INFO] Save training_log data...
2023-05-29 10:18:14,080 [INFO] Save score_log data...
2023-05-29 10:18:14,081 [INFO] Time : 201.15086007118225
