2023-05-28 15:16:10,969 [INFO] Train data : Vary_params_SH\DUD-E\TGFR1\nG1_50\ECFP4_512bits\Robust\TGFR1_train_vector.tsv
2023-05-28 15:16:10,969 [INFO] Valid data : Vary_params_SH\DUD-E\TGFR1\nG1_50\ECFP4_512bits\Robust\TGFR1_valid_vector.tsv
2023-05-28 15:16:10,970 [INFO] Output path : Vary_params_SH\DUD-E\TGFR1\nG1_50\ECFP4_512bits\Robust\TGFR1_model\MLP
2023-05-28 15:16:10,970 [INFO] Model type : MLP
2023-05-28 15:16:10,970 [INFO] Use cores : 3
2023-05-28 15:16:11,005 [INFO] Start Learning model
2023-05-28 15:16:11,005 [INFO] Train : 164 | Valid : 41
2023-05-28 15:16:11,005 [INFO] Set parameters : {'hidden_layer_sizes': [(50,), (100,), (50, 50), (100, 100)], 'learning_rate': ['constant', 'invscaling', 'adaptive'], 'activation': ['relu', 'identity', 'logistic', 'tanh'], 'solver': ['adam', 'sgd', 'lbfgs'], 'alpha': [0.1, 0.01, 0.001], 'max_iter': [500, 1000], 'early_stopping': [True]}
2023-05-28 15:26:07,028 [INFO] GridSearchCV results :
     mean_valid_accuracy  mean_valid_precision  mean_valid_auc
603             0.903309                   1.0        0.878571
597             0.903309                   1.0        0.878571
722             0.994118                   1.0        0.992857
803             0.994118                   1.0        0.992857
806             0.994118                   1.0        0.992857
..                   ...                   ...             ...
541             0.597794                   0.0        0.500000
643             0.597794                   0.0        0.500000
543             0.597794                   0.0        0.500000
640             0.597794                   0.0        0.500000
612             0.597794                   0.0        0.500000

[864 rows x 3 columns]
2023-05-28 15:26:07,030 [INFO] Best model :
MLPClassifier(activation='logistic', alpha=0.1, early_stopping=True,
              max_iter=500, random_state=42)
2023-05-28 15:26:07,039 [INFO] Save train_prediction_log data...
2023-05-28 15:26:07,043 [INFO] {'Data': 'train', 'ACC': '1.0 (164 / 164)', 'TP': 66, 'FP': 0, 'FN': 0, 'TN': 98, 'Precision': '1.0 (66 / 66 + 0)', 'Recall': '1.0 (66 / 66 + 0)', 'F1': '1.0 (2 * (1.0 * 1.0) / 1.0 + 1.0)', 'Specificity': '1.0 (98 / 98 + 0)', 'AUC': 1.0, 'r2': 1.0}
2023-05-28 15:26:07,051 [INFO] Save valid_prediction_log data...
2023-05-28 15:26:07,053 [INFO] {'Data': 'valid', 'ACC': '0.95 (39 / 41)', 'TP': 14, 'FP': 0, 'FN': 2, 'TN': 25, 'Precision': '1.0 (14 / 14 + 0)', 'Recall': '0.88 (14 / 14 + 2)', 'F1': '0.94 (2 * (0.88 * 1.0) / 0.88 + 1.0)', 'Specificity': '1.0 (25 / 25 + 0)', 'AUC': 0.94, 'r2': 0.8}
2023-05-28 15:26:07,076 [INFO] Save test_prediction_log data...
2023-05-28 15:26:07,079 [INFO] {'Data': 'test', 'ACC': '0.59 (24 / 41)', 'TP': 4, 'FP': 5, 'FN': 12, 'TN': 20, 'Precision': '0.44 (4 / 4 + 5)', 'Recall': '0.25 (4 / 4 + 12)', 'F1': '0.32 (2 * (0.25 * 0.44) / 0.25 + 0.44)', 'Specificity': '0.8 (20 / 20 + 5)', 'AUC': 0.52, 'r2': -0.74}
2023-05-28 15:26:07,282 [INFO] Save training_log data...
2023-05-28 15:26:07,289 [INFO] Save score_log data...
2023-05-28 15:26:07,290 [INFO] Time : 596.3210716247559
