2023-05-26 14:29:04,481 [INFO] Train data : Vary_params\DUD-E\MAPK2\nG1_50\ECFP4_256bits\MinMax\MAPK2_train_vector.tsv
2023-05-26 14:29:04,481 [INFO] Valid data : Vary_params\DUD-E\MAPK2\nG1_50\ECFP4_256bits\MinMax\MAPK2_valid_vector.tsv
2023-05-26 14:29:04,481 [INFO] Output path : Vary_params\DUD-E\MAPK2\nG1_50\ECFP4_256bits\MinMax\MAPK2_model\RF
2023-05-26 14:29:04,481 [INFO] Model type : RF
2023-05-26 14:29:04,481 [INFO] Use cores : 10
2023-05-26 14:29:04,500 [INFO] Start Learning model
2023-05-26 14:29:04,500 [INFO] Train : 102 | Valid : 25
2023-05-26 14:29:04,500 [INFO] Set parameters : {'max_depth': [6, 8, 10, 12], 'max_features': ['sqrt', 'log2'], 'min_samples_leaf': [2, 4, 8, 10], 'min_samples_split': [2, 4, 8, 10], 'n_estimators': [200, 600, 1000]}
2023-05-26 14:33:37,448 [INFO] GridSearchCV results :
     mean_valid_accuracy  mean_valid_precision  mean_valid_auc
0               0.930909                   1.0          0.9150
1               0.930909                   1.0          0.9150
262             0.920909                   1.0          0.9025
261             0.930909                   1.0          0.9150
260             0.920909                   1.0          0.9025
..                   ...                   ...             ...
125             0.930000                   1.0          0.9125
124             0.940000                   1.0          0.9250
123             0.901818                   1.0          0.8800
122             0.930000                   1.0          0.9125
383             0.930000                   1.0          0.9125

[384 rows x 3 columns]
2023-05-26 14:33:37,449 [INFO] Best model :
RandomForestClassifier(class_weight='balanced', max_depth=6, min_samples_leaf=2,
                       n_estimators=200, random_state=42)
2023-05-26 14:33:37,460 [INFO] Save train_prediction_log data...
2023-05-26 14:33:37,463 [INFO] {'Data': 'train', 'ACC': '1.0 (102 / 102)', 'TP': 41, 'FP': 0, 'FN': 0, 'TN': 61, 'Precision': '1.0 (41 / 41 + 0)', 'Recall': '1.0 (41 / 41 + 0)', 'F1': '1.0 (2 * (1.0 * 1.0) / 1.0 + 1.0)', 'Specificity': '1.0 (61 / 61 + 0)', 'AUC': 1.0, 'r2': 1.0}
2023-05-26 14:33:37,473 [INFO] Save valid_prediction_log data...
2023-05-26 14:33:37,475 [INFO] {'Data': 'valid', 'ACC': '0.96 (24 / 25)', 'TP': 10, 'FP': 1, 'FN': 0, 'TN': 14, 'Precision': '0.91 (10 / 10 + 1)', 'Recall': '1.0 (10 / 10 + 0)', 'F1': '0.95 (2 * (1.0 * 0.91) / 1.0 + 0.91)', 'Specificity': '0.93 (14 / 14 + 1)', 'AUC': 0.97, 'r2': 0.83}
2023-05-26 14:33:37,494 [INFO] Save test_prediction_log data...
2023-05-26 14:33:37,497 [INFO] {'Data': 'test', 'ACC': '0.84 (21 / 25)', 'TP': 7, 'FP': 1, 'FN': 3, 'TN': 14, 'Precision': '0.88 (7 / 7 + 1)', 'Recall': '0.7 (7 / 7 + 3)', 'F1': '0.78 (2 * (0.7 * 0.88) / 0.7 + 0.88)', 'Specificity': '0.93 (14 / 14 + 1)', 'AUC': 0.82, 'r2': 0.33}
2023-05-26 14:33:37,533 [INFO] Save training_log data...
2023-05-26 14:33:37,535 [INFO] Save score_log data...
2023-05-26 14:33:37,536 [INFO] Time : 273.05493235588074
