2023-05-28 05:05:01,084 [INFO] Train data : Vary_params_CDK2_EGFR_LCK\DUD-E\CDK2\nG1_80\ECFP6_256bits\MinMax\CDK2_train_vector.tsv
2023-05-28 05:05:01,084 [INFO] Valid data : Vary_params_CDK2_EGFR_LCK\DUD-E\CDK2\nG1_80\ECFP6_256bits\MinMax\CDK2_valid_vector.tsv
2023-05-28 05:05:01,084 [INFO] Output path : Vary_params_CDK2_EGFR_LCK\DUD-E\CDK2\nG1_80\ECFP6_256bits\MinMax\CDK2_model\SVM
2023-05-28 05:05:01,084 [INFO] Model type : SVM
2023-05-28 05:05:01,084 [INFO] Use cores : 19
2023-05-28 05:05:01,105 [INFO] Start Learning model
2023-05-28 05:05:01,105 [INFO] Train : 818 | Valid : 212
2023-05-28 05:05:01,105 [INFO] Set parameters : {'kernel': ['linear', 'rbf'], 'C': [0.01, 0.1, 1, 10, 100, 1000], 'gamma': [0.01, 0.1, 1, 100, 1000]}
2023-05-28 05:05:05,793 [INFO] GridSearchCV results :
    mean_valid_accuracy  mean_valid_precision  mean_valid_auc
53             0.706700              1.000000        0.611774
43             0.706700              1.000000        0.611774
23             0.670024              1.000000        0.563226
33             0.706700              1.000000        0.611774
21             0.921771              0.946711        0.906188
31             0.933951              0.919617        0.929290
41             0.933951              0.919617        0.929290
51             0.933951              0.919617        0.929290
0              0.902213              0.918636        0.885388
8              0.902213              0.918636        0.885388
6              0.902213              0.918636        0.885388
2              0.902213              0.918636        0.885388
4              0.902213              0.918636        0.885388
10             0.887444              0.856982        0.880517
18             0.887444              0.856982        0.880517
16             0.887444              0.856982        0.880517
14             0.887444              0.856982        0.880517
12             0.887444              0.856982        0.880517
11             0.633243              0.800000        0.514516
54             0.844670              0.779794        0.841629
50             0.844670              0.779794        0.841629
48             0.844670              0.779794        0.841629
52             0.844670              0.779794        0.841629
56             0.844670              0.779794        0.841629
44             0.844670              0.779794        0.841629
58             0.844670              0.779794        0.841629
42             0.844670              0.779794        0.841629
40             0.844670              0.779794        0.841629
38             0.844670              0.779794        0.841629
36             0.844670              0.779794        0.841629
34             0.844670              0.779794        0.841629
46             0.844670              0.779794        0.841629
30             0.844670              0.779794        0.841629
32             0.844670              0.779794        0.841629
28             0.844670              0.779794        0.841629
22             0.844670              0.779794        0.841629
24             0.844670              0.779794        0.841629
26             0.844670              0.779794        0.841629
20             0.844670              0.779794        0.841629
39             0.622252              0.000000        0.500000
17             0.622252              0.000000        0.500000
3              0.622252              0.000000        0.500000
57             0.622252              0.000000        0.500000
5              0.622252              0.000000        0.500000
55             0.622252              0.000000        0.500000
7              0.622252              0.000000        0.500000
9              0.622252              0.000000        0.500000
13             0.622252              0.000000        0.500000
15             0.622252              0.000000        0.500000
49             0.622252              0.000000        0.500000
27             0.622252              0.000000        0.500000
19             0.622252              0.000000        0.500000
47             0.622252              0.000000        0.500000
1              0.622252              0.000000        0.500000
45             0.622252              0.000000        0.500000
35             0.622252              0.000000        0.500000
29             0.622252              0.000000        0.500000
25             0.622252              0.000000        0.500000
37             0.622252              0.000000        0.500000
59             0.622252              0.000000        0.500000
2023-05-28 05:05:05,794 [INFO] Best model :
SVC(C=1, gamma=0.1, random_state=42)
2023-05-28 05:05:05,858 [INFO] Save train_prediction_log data...
2023-05-28 05:05:05,861 [INFO] {'Data': 'train', 'ACC': '1.0 (818 / 818)', 'TP': 309, 'FP': 0, 'FN': 0, 'TN': 509, 'Precision': '1.0 (309 / 309 + 0)', 'Recall': '1.0 (309 / 309 + 0)', 'F1': '1.0 (2 * (1.0 * 1.0) / 1.0 + 1.0)', 'Specificity': '1.0 (509 / 509 + 0)', 'AUC': 1.0, 'r2': 1.0}
2023-05-28 05:05:05,880 [INFO] Save valid_prediction_log data...
2023-05-28 05:05:05,882 [INFO] {'Data': 'valid', 'ACC': '0.86 (183 / 212)', 'TP': 56, 'FP': 0, 'FN': 29, 'TN': 127, 'Precision': '1.0 (56 / 56 + 0)', 'Recall': '0.66 (56 / 56 + 29)', 'F1': '0.8 (2 * (0.66 * 1.0) / 0.66 + 1.0)', 'Specificity': '1.0 (127 / 127 + 0)', 'AUC': 0.83, 'r2': 0.43}
2023-05-28 05:05:05,907 [INFO] Save test_prediction_log data...
2023-05-28 05:05:05,909 [INFO] {'Data': 'test', 'ACC': '0.62 (131 / 212)', 'TP': 5, 'FP': 1, 'FN': 80, 'TN': 126, 'Precision': '0.83 (5 / 5 + 1)', 'Recall': '0.06 (5 / 5 + 80)', 'F1': '0.11 (2 * (0.06 * 0.83) / 0.06 + 0.83)', 'Specificity': '0.99 (126 / 126 + 1)', 'AUC': 0.53, 'r2': -0.59}
2023-05-28 05:05:05,911 [INFO] Save training_log data...
2023-05-28 05:05:05,913 [INFO] Save score_log data...
2023-05-28 05:05:05,914 [INFO] Time : 4.830194473266602
