2023-05-28 07:58:37,089 [INFO] Train data : Vary_params_A\DUD-E\MK10\nG1_20\ECFP6_256bits\MinMax\MK10_train_vector.tsv
2023-05-28 07:58:37,089 [INFO] Valid data : Vary_params_A\DUD-E\MK10\nG1_20\ECFP6_256bits\MinMax\MK10_valid_vector.tsv
2023-05-28 07:58:37,089 [INFO] Output path : Vary_params_A\DUD-E\MK10\nG1_20\ECFP6_256bits\MinMax\MK10_model\XGB
2023-05-28 07:58:37,090 [INFO] Model type : XGB
2023-05-28 07:58:37,090 [INFO] Use cores : 3
2023-05-28 07:58:37,109 [INFO] Start Learning model
2023-05-28 07:58:37,110 [INFO] Train : 134 | Valid : 26
2023-05-28 07:58:37,111 [INFO] Set parameters : {'max_depth': [4, 6, 8], 'learning_rate': [0.01, 0.2], 'n_estimators': [200, 600, 1000], 'gamma': [0, 1000], 'min_child_weight': [1, 3], 'subsample': [0.5, 1], 'colsample_bytree': [0.5, 1], 'objective': ['binary:logitraw'], 'eval_metric': ['auc', 'error']}
2023-05-28 08:18:50,179 [INFO] GridSearchCV results :
     mean_valid_accuracy  mean_valid_precision  mean_valid_auc
6               0.864835              0.960714        0.871726
174             0.864835              0.960714        0.871726
30              0.864835              0.960714        0.871726
150             0.864835              0.960714        0.871726
18              0.864835              0.960714        0.871726
..                   ...                   ...             ...
108             0.462637              0.000000        0.500000
109             0.462637              0.000000        0.500000
110             0.462637              0.000000        0.500000
111             0.462637              0.000000        0.500000
575             0.462637              0.000000        0.500000

[576 rows x 3 columns]
2023-05-28 08:18:50,181 [INFO] Best model :
XGBClassifier(base_score=None, booster=None, callbacks=None,
              colsample_bylevel=None, colsample_bynode=None,
              colsample_bytree=0.5, early_stopping_rounds=None,
              enable_categorical=False, eval_metric='auc', feature_types=None,
              gamma=0, gpu_id=None, grow_policy=None, importance_type=None,
              interaction_constraints=None, learning_rate=0.01, max_bin=None,
              max_cat_threshold=None, max_cat_to_onehot=None,
              max_delta_step=None, max_depth=4, max_leaves=None,
              min_child_weight=3, missing=nan, monotone_constraints=None,
              n_estimators=200, n_jobs=0, num_parallel_tree=None,
              objective='binary:logitraw', predictor=None, ...)
2023-05-28 08:18:50,193 [INFO] Save train_prediction_log data...
2023-05-28 08:18:50,198 [INFO] {'Data': 'train', 'ACC': '0.91 (122 / 134)', 'TP': 62, 'FP': 2, 'FN': 10, 'TN': 60, 'Precision': '0.97 (62 / 62 + 2)', 'Recall': '0.86 (62 / 62 + 10)', 'F1': '0.91 (2 * (0.86 * 0.97) / 0.86 + 0.97)', 'Specificity': '0.97 (60 / 60 + 2)', 'AUC': 0.91, 'r2': 0.64}
2023-05-28 08:18:50,207 [INFO] Save valid_prediction_log data...
2023-05-28 08:18:50,210 [INFO] {'Data': 'valid', 'ACC': '0.96 (25 / 26)', 'TP': 10, 'FP': 1, 'FN': 0, 'TN': 15, 'Precision': '0.91 (10 / 10 + 1)', 'Recall': '1.0 (10 / 10 + 0)', 'F1': '0.95 (2 * (1.0 * 0.91) / 1.0 + 0.91)', 'Specificity': '0.94 (15 / 15 + 1)', 'AUC': 0.97, 'r2': 0.84}
2023-05-28 08:18:50,227 [INFO] Save test_prediction_log data...
2023-05-28 08:18:50,231 [INFO] {'Data': 'test', 'ACC': '0.69 (18 / 26)', 'TP': 5, 'FP': 3, 'FN': 5, 'TN': 13, 'Precision': '0.62 (5 / 5 + 3)', 'Recall': '0.5 (5 / 5 + 5)', 'F1': '0.55 (2 * (0.5 * 0.62) / 0.5 + 0.62)', 'Specificity': '0.81 (13 / 13 + 3)', 'AUC': 0.66, 'r2': -0.3}
2023-05-28 08:18:50,235 [INFO] Save training_log data...
2023-05-28 08:18:50,241 [INFO] Save score_log data...
2023-05-28 08:18:50,242 [INFO] Time : 1213.1533195972443
