2023-05-27 18:42:49,948 [INFO] Train data : Vary_params\DUD-E\PLK1\nG1_50\ECFP4_256bits\Standard\PLK1_train_vector.tsv
2023-05-27 18:42:49,948 [INFO] Valid data : Vary_params\DUD-E\PLK1\nG1_50\ECFP4_256bits\Standard\PLK1_valid_vector.tsv
2023-05-27 18:42:49,948 [INFO] Output path : Vary_params\DUD-E\PLK1\nG1_50\ECFP4_256bits\Standard\PLK1_model\SVM
2023-05-27 18:42:49,948 [INFO] Model type : SVM
2023-05-27 18:42:49,948 [INFO] Use cores : 10
2023-05-27 18:42:49,964 [INFO] Start Learning model
2023-05-27 18:42:49,964 [INFO] Train : 114 | Valid : 28
2023-05-27 18:42:49,964 [INFO] Set parameters : {'kernel': ['linear', 'rbf'], 'C': [0.01, 0.1, 1, 10, 100, 1000], 'gamma': [0.01, 0.1, 1, 100, 1000]}
2023-05-27 18:42:52,436 [INFO] GridSearchCV results :
    mean_valid_accuracy  mean_valid_precision  mean_valid_auc
0              0.975000                   1.0          0.9700
22             0.975000                   1.0          0.9700
26             0.975000                   1.0          0.9700
28             0.975000                   1.0          0.9700
31             0.939394                   1.0          0.9225
32             0.975000                   1.0          0.9700
34             0.975000                   1.0          0.9700
36             0.975000                   1.0          0.9700
38             0.975000                   1.0          0.9700
40             0.975000                   1.0          0.9700
41             0.939394                   1.0          0.9225
42             0.975000                   1.0          0.9700
44             0.975000                   1.0          0.9700
46             0.975000                   1.0          0.9700
48             0.975000                   1.0          0.9700
50             0.975000                   1.0          0.9700
51             0.939394                   1.0          0.9225
52             0.975000                   1.0          0.9700
54             0.975000                   1.0          0.9700
56             0.975000                   1.0          0.9700
58             0.975000                   1.0          0.9700
24             0.975000                   1.0          0.9700
30             0.975000                   1.0          0.9700
12             0.975000                   1.0          0.9700
2              0.975000                   1.0          0.9700
20             0.975000                   1.0          0.9700
21             0.931061                   1.0          0.9125
4              0.975000                   1.0          0.9700
18             0.975000                   1.0          0.9700
8              0.975000                   1.0          0.9700
10             0.975000                   1.0          0.9700
16             0.975000                   1.0          0.9700
6              0.975000                   1.0          0.9700
14             0.975000                   1.0          0.9700
49             0.596970                   0.0          0.5000
9              0.596970                   0.0          0.5000
47             0.596970                   0.0          0.5000
5              0.596970                   0.0          0.5000
7              0.596970                   0.0          0.5000
53             0.596970                   0.0          0.5000
55             0.596970                   0.0          0.5000
3              0.596970                   0.0          0.5000
57             0.596970                   0.0          0.5000
45             0.596970                   0.0          0.5000
23             0.596970                   0.0          0.5000
43             0.596970                   0.0          0.5000
11             0.596970                   0.0          0.5000
13             0.596970                   0.0          0.5000
39             0.596970                   0.0          0.5000
37             0.596970                   0.0          0.5000
15             0.596970                   0.0          0.5000
35             0.596970                   0.0          0.5000
33             0.596970                   0.0          0.5000
17             0.596970                   0.0          0.5000
1              0.596970                   0.0          0.5000
29             0.596970                   0.0          0.5000
19             0.596970                   0.0          0.5000
27             0.596970                   0.0          0.5000
25             0.596970                   0.0          0.5000
59             0.596970                   0.0          0.5000
2023-05-27 18:42:52,437 [INFO] Best model :
SVC(C=0.01, gamma=0.01, kernel='linear', random_state=42)
2023-05-27 18:42:52,441 [INFO] Save train_prediction_log data...
2023-05-27 18:42:52,444 [INFO] {'Data': 'train', 'ACC': '1.0 (114 / 114)', 'TP': 46, 'FP': 0, 'FN': 0, 'TN': 68, 'Precision': '1.0 (46 / 46 + 0)', 'Recall': '1.0 (46 / 46 + 0)', 'F1': '1.0 (2 * (1.0 * 1.0) / 1.0 + 1.0)', 'Specificity': '1.0 (68 / 68 + 0)', 'AUC': 1.0, 'r2': 1.0}
2023-05-27 18:42:52,447 [INFO] Save valid_prediction_log data...
2023-05-27 18:42:52,449 [INFO] {'Data': 'valid', 'ACC': '1.0 (28 / 28)', 'TP': 11, 'FP': 0, 'FN': 0, 'TN': 17, 'Precision': '1.0 (11 / 11 + 0)', 'Recall': '1.0 (11 / 11 + 0)', 'F1': '1.0 (2 * (1.0 * 1.0) / 1.0 + 1.0)', 'Specificity': '1.0 (17 / 17 + 0)', 'AUC': 1.0, 'r2': 1.0}
2023-05-27 18:42:52,458 [INFO] Save test_prediction_log data...
2023-05-27 18:42:52,460 [INFO] {'Data': 'test', 'ACC': '0.68 (19 / 28)', 'TP': 3, 'FP': 1, 'FN': 8, 'TN': 16, 'Precision': '0.75 (3 / 3 + 1)', 'Recall': '0.27 (3 / 3 + 8)', 'F1': '0.4 (2 * (0.27 * 0.75) / 0.27 + 0.75)', 'Specificity': '0.94 (16 / 16 + 1)', 'AUC': 0.61, 'r2': -0.35}
2023-05-27 18:42:52,462 [INFO] Save training_log data...
2023-05-27 18:42:52,463 [INFO] Save score_log data...
2023-05-27 18:42:52,464 [INFO] Time : 2.516000509262085
