2023-05-28 08:17:01,255 [INFO] Train data : Vary_params\DUD-E\WEE1\nG1_50\ECFP6_512bits\Robust\WEE1_train_vector.tsv
2023-05-28 08:17:01,255 [INFO] Valid data : Vary_params\DUD-E\WEE1\nG1_50\ECFP6_512bits\Robust\WEE1_valid_vector.tsv
2023-05-28 08:17:01,255 [INFO] Output path : Vary_params\DUD-E\WEE1\nG1_50\ECFP6_512bits\Robust\WEE1_model\RF
2023-05-28 08:17:01,255 [INFO] Model type : RF
2023-05-28 08:17:01,256 [INFO] Use cores : 10
2023-05-28 08:17:01,304 [INFO] Start Learning model
2023-05-28 08:17:01,304 [INFO] Train : 101 | Valid : 25
2023-05-28 08:17:01,305 [INFO] Set parameters : {'max_depth': [6, 8, 10, 12], 'max_features': ['sqrt', 'log2'], 'min_samples_leaf': [2, 4, 8, 10], 'min_samples_split': [2, 4, 8, 10], 'n_estimators': [200, 600, 1000]}
2023-05-28 08:23:18,498 [INFO] GridSearchCV results :
     mean_valid_accuracy  mean_valid_precision  mean_valid_auc
0                   1.00                   1.0          1.0000
1                   1.00                   1.0          1.0000
262                 1.00                   1.0          1.0000
261                 1.00                   1.0          1.0000
260                 1.00                   1.0          1.0000
..                   ...                   ...             ...
125                 0.97                   1.0          0.9625
124                 0.97                   1.0          0.9625
123                 0.96                   1.0          0.9500
122                 0.97                   1.0          0.9625
383                 0.95                   1.0          0.9375

[384 rows x 3 columns]
2023-05-28 08:23:18,499 [INFO] Best model :
RandomForestClassifier(class_weight='balanced', max_depth=6, min_samples_leaf=2,
                       n_estimators=200, random_state=42)
2023-05-28 08:23:18,513 [INFO] Save train_prediction_log data...
2023-05-28 08:23:18,516 [INFO] {'Data': 'train', 'ACC': '1.0 (101 / 101)', 'TP': 40, 'FP': 0, 'FN': 0, 'TN': 61, 'Precision': '1.0 (40 / 40 + 0)', 'Recall': '1.0 (40 / 40 + 0)', 'F1': '1.0 (2 * (1.0 * 1.0) / 1.0 + 1.0)', 'Specificity': '1.0 (61 / 61 + 0)', 'AUC': 1.0, 'r2': 1.0}
2023-05-28 08:23:18,534 [INFO] Save valid_prediction_log data...
2023-05-28 08:23:18,538 [INFO] {'Data': 'valid', 'ACC': '1.0 (25 / 25)', 'TP': 10, 'FP': 0, 'FN': 0, 'TN': 15, 'Precision': '1.0 (10 / 10 + 0)', 'Recall': '1.0 (10 / 10 + 0)', 'F1': '1.0 (2 * (1.0 * 1.0) / 1.0 + 1.0)', 'Specificity': '1.0 (15 / 15 + 0)', 'AUC': 1.0, 'r2': 1.0}
2023-05-28 08:23:18,574 [INFO] Save test_prediction_log data...
2023-05-28 08:23:18,577 [INFO] {'Data': 'test', 'ACC': '0.72 (18 / 25)', 'TP': 4, 'FP': 1, 'FN': 6, 'TN': 14, 'Precision': '0.8 (4 / 4 + 1)', 'Recall': '0.4 (4 / 4 + 6)', 'F1': '0.53 (2 * (0.4 * 0.8) / 0.4 + 0.8)', 'Specificity': '0.93 (14 / 14 + 1)', 'AUC': 0.67, 'r2': -0.17}
2023-05-28 08:23:18,634 [INFO] Save training_log data...
2023-05-28 08:23:18,637 [INFO] Save score_log data...
2023-05-28 08:23:18,639 [INFO] Time : 377.38488507270813
