2023-05-27 22:06:44,884 [INFO] Train data : Vary_params\DUD-E\AKT2\nG1_80\ECFP6_256bits\Standard\AKT2_train_vector.tsv
2023-05-27 22:06:44,884 [INFO] Valid data : Vary_params\DUD-E\AKT2\nG1_80\ECFP6_256bits\Standard\AKT2_valid_vector.tsv
2023-05-27 22:06:44,884 [INFO] Output path : Vary_params\DUD-E\AKT2\nG1_80\ECFP6_256bits\Standard\AKT2_model\SVM
2023-05-27 22:06:44,884 [INFO] Model type : SVM
2023-05-27 22:06:44,884 [INFO] Use cores : 11
2023-05-27 22:06:44,902 [INFO] Start Learning model
2023-05-27 22:06:44,902 [INFO] Train : 95 | Valid : 31
2023-05-27 22:06:44,902 [INFO] Set parameters : {'kernel': ['linear', 'rbf'], 'C': [0.01, 0.1, 1, 10, 100, 1000], 'gamma': [0.01, 0.1, 1, 100, 1000]}
2023-05-27 22:06:48,081 [INFO] GridSearchCV results :
    mean_valid_accuracy  mean_valid_precision  mean_valid_auc
0              0.990000                   1.0           0.975
20             0.990000                   1.0           0.975
24             0.990000                   1.0           0.975
26             0.990000                   1.0           0.975
28             0.990000                   1.0           0.975
32             0.990000                   1.0           0.975
34             0.990000                   1.0           0.975
36             0.990000                   1.0           0.975
38             0.990000                   1.0           0.975
40             0.990000                   1.0           0.975
42             0.990000                   1.0           0.975
44             0.990000                   1.0           0.975
46             0.990000                   1.0           0.975
48             0.990000                   1.0           0.975
50             0.990000                   1.0           0.975
52             0.990000                   1.0           0.975
54             0.990000                   1.0           0.975
56             0.990000                   1.0           0.975
58             0.990000                   1.0           0.975
22             0.990000                   1.0           0.975
30             0.990000                   1.0           0.975
10             0.990000                   1.0           0.975
2              0.990000                   1.0           0.975
18             0.990000                   1.0           0.975
8              0.990000                   1.0           0.975
16             0.990000                   1.0           0.975
4              0.990000                   1.0           0.975
12             0.990000                   1.0           0.975
6              0.990000                   1.0           0.975
14             0.990000                   1.0           0.975
49             0.788889                   0.0           0.500
9              0.788889                   0.0           0.500
45             0.788889                   0.0           0.500
47             0.788889                   0.0           0.500
7              0.788889                   0.0           0.500
21             0.788889                   0.0           0.500
43             0.788889                   0.0           0.500
5              0.788889                   0.0           0.500
53             0.788889                   0.0           0.500
55             0.788889                   0.0           0.500
3              0.788889                   0.0           0.500
57             0.788889                   0.0           0.500
51             0.788889                   0.0           0.500
11             0.788889                   0.0           0.500
41             0.788889                   0.0           0.500
19             0.788889                   0.0           0.500
39             0.788889                   0.0           0.500
37             0.788889                   0.0           0.500
13             0.788889                   0.0           0.500
35             0.788889                   0.0           0.500
33             0.788889                   0.0           0.500
15             0.788889                   0.0           0.500
31             0.788889                   0.0           0.500
1              0.788889                   0.0           0.500
29             0.788889                   0.0           0.500
27             0.788889                   0.0           0.500
17             0.788889                   0.0           0.500
25             0.788889                   0.0           0.500
23             0.788889                   0.0           0.500
59             0.788889                   0.0           0.500
2023-05-27 22:06:48,083 [INFO] Best model :
SVC(C=0.01, gamma=0.01, kernel='linear', random_state=42)
2023-05-27 22:06:48,087 [INFO] Save train_prediction_log data...
2023-05-27 22:06:48,091 [INFO] {'Data': 'train', 'ACC': '1.0 (95 / 95)', 'TP': 20, 'FP': 0, 'FN': 0, 'TN': 75, 'Precision': '1.0 (20 / 20 + 0)', 'Recall': '1.0 (20 / 20 + 0)', 'F1': '1.0 (2 * (1.0 * 1.0) / 1.0 + 1.0)', 'Specificity': '1.0 (75 / 75 + 0)', 'AUC': 1.0, 'r2': 1.0}
2023-05-27 22:06:48,094 [INFO] Save valid_prediction_log data...
2023-05-27 22:06:48,097 [INFO] {'Data': 'valid', 'ACC': '0.97 (30 / 31)', 'TP': 12, 'FP': 1, 'FN': 0, 'TN': 18, 'Precision': '0.92 (12 / 12 + 1)', 'Recall': '1.0 (12 / 12 + 0)', 'F1': '0.96 (2 * (1.0 * 0.92) / 1.0 + 0.92)', 'Specificity': '0.95 (18 / 18 + 1)', 'AUC': 0.97, 'r2': 0.86}
2023-05-27 22:06:48,107 [INFO] Save test_prediction_log data...
2023-05-27 22:06:48,115 [INFO] {'Data': 'test', 'ACC': '0.74 (23 / 31)', 'TP': 6, 'FP': 2, 'FN': 6, 'TN': 17, 'Precision': '0.75 (6 / 6 + 2)', 'Recall': '0.5 (6 / 6 + 6)', 'F1': '0.6 (2 * (0.5 * 0.75) / 0.5 + 0.75)', 'Specificity': '0.89 (17 / 17 + 2)', 'AUC': 0.7, 'r2': -0.09}
2023-05-27 22:06:48,119 [INFO] Save training_log data...
2023-05-27 22:06:48,121 [INFO] Save score_log data...
2023-05-27 22:06:48,122 [INFO] Time : 3.236704111099243
