2023-05-30 14:49:31,109 [INFO] Train data : Vary_params_BRAF_MK14\DUD-E\MK14\nG1_50\ECFP6_512bits\Standard\MK14_train_vector.tsv
2023-05-30 14:49:31,110 [INFO] Valid data : Vary_params_BRAF_MK14\DUD-E\MK14\nG1_50\ECFP6_512bits\Standard\MK14_valid_vector.tsv
2023-05-30 14:49:31,110 [INFO] Output path : Vary_params_BRAF_MK14\DUD-E\MK14\nG1_50\ECFP6_512bits\Standard\MK14_model\MLP
2023-05-30 14:49:31,110 [INFO] Model type : MLP
2023-05-30 14:49:31,110 [INFO] Use cores : 10
2023-05-30 14:49:31,209 [INFO] Start Learning model
2023-05-30 14:49:31,209 [INFO] Train : 901 | Valid : 225
2023-05-30 14:49:31,209 [INFO] Set parameters : {'hidden_layer_sizes': [(50,), (100,), (50, 50), (100, 100)], 'learning_rate': ['constant', 'invscaling', 'adaptive'], 'activation': ['relu', 'identity', 'logistic', 'tanh'], 'solver': ['adam', 'sgd', 'lbfgs'], 'alpha': [0.1, 0.01, 0.001], 'max_iter': [500, 1000], 'early_stopping': [True]}
2023-05-30 15:03:38,169 [INFO] GridSearchCV results :
     mean_valid_accuracy  mean_valid_precision  mean_valid_auc
17              0.971136              0.962079        0.970387
11              0.971136              0.962079        0.970387
2               0.971136              0.962079        0.970387
5               0.971136              0.962079        0.970387
14              0.971136              0.962079        0.970387
..                   ...                   ...             ...
541             0.600440              0.000000        0.500000
637             0.600440              0.000000        0.500000
478             0.600440              0.000000        0.500000
499             0.600440              0.000000        0.500000
568             0.600440              0.000000        0.500000

[864 rows x 3 columns]
2023-05-30 15:03:38,171 [INFO] Best model :
MLPClassifier(alpha=0.1, early_stopping=True, hidden_layer_sizes=(50,),
              max_iter=500, random_state=42, solver='lbfgs')
2023-05-30 15:03:38,186 [INFO] Save train_prediction_log data...
2023-05-30 15:03:38,192 [INFO] {'Data': 'train', 'ACC': '1.0 (901 / 901)', 'TP': 360, 'FP': 0, 'FN': 0, 'TN': 541, 'Precision': '1.0 (360 / 360 + 0)', 'Recall': '1.0 (360 / 360 + 0)', 'F1': '1.0 (2 * (1.0 * 1.0) / 1.0 + 1.0)', 'Specificity': '1.0 (541 / 541 + 0)', 'AUC': 1.0, 'r2': 1.0}
2023-05-30 15:03:38,200 [INFO] Save valid_prediction_log data...
2023-05-30 15:03:38,204 [INFO] {'Data': 'valid', 'ACC': '0.98 (221 / 225)', 'TP': 90, 'FP': 4, 'FN': 0, 'TN': 131, 'Precision': '0.96 (90 / 90 + 4)', 'Recall': '1.0 (90 / 90 + 0)', 'F1': '0.98 (2 * (1.0 * 0.96) / 1.0 + 0.96)', 'Specificity': '0.97 (131 / 131 + 4)', 'AUC': 0.99, 'r2': 0.93}
2023-05-30 15:03:38,242 [INFO] Save test_prediction_log data...
2023-05-30 15:03:38,609 [INFO] {'Data': 'test', 'ACC': '0.63 (141 / 225)', 'TP': 66, 'FP': 60, 'FN': 24, 'TN': 75, 'Precision': '0.52 (66 / 66 + 60)', 'Recall': '0.73 (66 / 66 + 24)', 'F1': '0.61 (2 * (0.73 * 0.52) / 0.73 + 0.52)', 'Specificity': '0.56 (75 / 75 + 60)', 'AUC': 0.64, 'r2': -0.56}
2023-05-30 15:03:38,612 [INFO] Save training_log data...
2023-05-30 15:03:38,617 [INFO] Save score_log data...
2023-05-30 15:03:38,618 [INFO] Time : 847.5090162754059
