2023-05-28 12:36:50,661 [INFO] Train data : Vary_params\DUD-E\WEE1\nG1_80\ECFP6_512bits\Standard\WEE1_train_vector.tsv
2023-05-28 12:36:50,661 [INFO] Valid data : Vary_params\DUD-E\WEE1\nG1_80\ECFP6_512bits\Standard\WEE1_valid_vector.tsv
2023-05-28 12:36:50,661 [INFO] Output path : Vary_params\DUD-E\WEE1\nG1_80\ECFP6_512bits\Standard\WEE1_model\MLP
2023-05-28 12:36:50,661 [INFO] Model type : MLP
2023-05-28 12:36:50,661 [INFO] Use cores : 10
2023-05-28 12:36:50,706 [INFO] Start Learning model
2023-05-28 12:36:50,706 [INFO] Train : 71 | Valid : 25
2023-05-28 12:36:50,707 [INFO] Set parameters : {'hidden_layer_sizes': [(50,), (100,), (50, 50), (100, 100)], 'learning_rate': ['constant', 'invscaling', 'adaptive'], 'activation': ['relu', 'identity', 'logistic', 'tanh'], 'solver': ['adam', 'sgd', 'lbfgs'], 'alpha': [0.1, 0.01, 0.001], 'max_iter': [500, 1000], 'early_stopping': [True]}
2023-05-28 12:39:01,782 [INFO] GridSearchCV results :
     mean_valid_accuracy  mean_valid_precision  mean_valid_auc
599             1.000000                   1.0        1.000000
527             1.000000                   1.0        1.000000
515             1.000000                   1.0        1.000000
590             1.000000                   1.0        1.000000
596             1.000000                   1.0        1.000000
..                   ...                   ...             ...
544             0.858929                   0.0        0.500000
208             0.858929                   0.0        0.500000
205             0.858929                   0.0        0.500000
543             0.858929                   0.0        0.500000
451             0.832143                   0.0        0.484524

[864 rows x 3 columns]
2023-05-28 12:39:01,784 [INFO] Best model :
MLPClassifier(activation='logistic', alpha=0.01, early_stopping=True,
              hidden_layer_sizes=(50,), max_iter=500, random_state=42,
              solver='lbfgs')
2023-05-28 12:39:01,792 [INFO] Save train_prediction_log data...
2023-05-28 12:39:01,812 [INFO] {'Data': 'train', 'ACC': '1.0 (71 / 71)', 'TP': 10, 'FP': 0, 'FN': 0, 'TN': 61, 'Precision': '1.0 (10 / 10 + 0)', 'Recall': '1.0 (10 / 10 + 0)', 'F1': '1.0 (2 * (1.0 * 1.0) / 1.0 + 1.0)', 'Specificity': '1.0 (61 / 61 + 0)', 'AUC': 1.0, 'r2': 1.0}
2023-05-28 12:39:01,819 [INFO] Save valid_prediction_log data...
2023-05-28 12:39:01,823 [INFO] {'Data': 'valid', 'ACC': '1.0 (25 / 25)', 'TP': 10, 'FP': 0, 'FN': 0, 'TN': 15, 'Precision': '1.0 (10 / 10 + 0)', 'Recall': '1.0 (10 / 10 + 0)', 'F1': '1.0 (2 * (1.0 * 1.0) / 1.0 + 1.0)', 'Specificity': '1.0 (15 / 15 + 0)', 'AUC': 1.0, 'r2': 1.0}
2023-05-28 12:39:01,850 [INFO] Save test_prediction_log data...
2023-05-28 12:39:01,854 [INFO] {'Data': 'test', 'ACC': '0.84 (21 / 25)', 'TP': 7, 'FP': 1, 'FN': 3, 'TN': 14, 'Precision': '0.88 (7 / 7 + 1)', 'Recall': '0.7 (7 / 7 + 3)', 'F1': '0.78 (2 * (0.7 * 0.88) / 0.7 + 0.88)', 'Specificity': '0.93 (14 / 14 + 1)', 'AUC': 0.82, 'r2': 0.33}
2023-05-28 12:39:01,857 [INFO] Save training_log data...
2023-05-28 12:39:01,863 [INFO] Save score_log data...
2023-05-28 12:39:01,865 [INFO] Time : 131.2046778202057
