2023-05-28 09:26:19,772 [INFO] Train data : Vary_params\DUD-E\CSF1R\nG1_80\ECFP4_256bits\MinMax\CSF1R_train_vector.tsv
2023-05-28 09:26:19,772 [INFO] Valid data : Vary_params\DUD-E\CSF1R\nG1_80\ECFP4_256bits\MinMax\CSF1R_valid_vector.tsv
2023-05-28 09:26:19,772 [INFO] Output path : Vary_params\DUD-E\CSF1R\nG1_80\ECFP4_256bits\MinMax\CSF1R_model\XGB
2023-05-28 09:26:19,772 [INFO] Model type : XGB
2023-05-28 09:26:19,773 [INFO] Use cores : 11
2023-05-28 09:26:19,788 [INFO] Start Learning model
2023-05-28 09:26:19,788 [INFO] Train : 156 | Valid : 47
2023-05-28 09:26:19,789 [INFO] Set parameters : {'max_depth': [4, 6, 8], 'learning_rate': [0.01, 0.2], 'n_estimators': [200, 600, 1000], 'gamma': [0, 1000], 'min_child_weight': [1, 3], 'subsample': [0.5, 1], 'colsample_bytree': [0.5, 1], 'objective': ['binary:logitraw'], 'eval_metric': ['auc', 'error']}
2023-05-28 09:34:18,005 [INFO] GridSearchCV results :
     mean_valid_accuracy  mean_valid_precision  mean_valid_auc
0               0.937083                   1.0          0.8925
14              0.962083                   1.0          0.9350
158             0.962083                   1.0          0.9350
170             0.962083                   1.0          0.9350
144             0.937083                   1.0          0.8925
..                   ...                   ...             ...
372             0.718333                   0.0          0.5000
371             0.718333                   0.0          0.5000
370             0.718333                   0.0          0.5000
369             0.718333                   0.0          0.5000
575             0.718333                   0.0          0.5000

[576 rows x 3 columns]
2023-05-28 09:34:18,006 [INFO] Best model :
XGBClassifier(base_score=None, booster=None, callbacks=None,
              colsample_bylevel=None, colsample_bynode=None,
              colsample_bytree=0.5, early_stopping_rounds=None,
              enable_categorical=False, eval_metric='auc', feature_types=None,
              gamma=0, gpu_id=None, grow_policy=None, importance_type=None,
              interaction_constraints=None, learning_rate=0.01, max_bin=None,
              max_cat_threshold=None, max_cat_to_onehot=None,
              max_delta_step=None, max_depth=4, max_leaves=None,
              min_child_weight=1, missing=nan, monotone_constraints=None,
              n_estimators=200, n_jobs=0, num_parallel_tree=None,
              objective='binary:logitraw', predictor=None, ...)
2023-05-28 09:34:18,018 [INFO] Save train_prediction_log data...
2023-05-28 09:34:18,022 [INFO] {'Data': 'train', 'ACC': '0.99 (154 / 156)', 'TP': 42, 'FP': 0, 'FN': 2, 'TN': 112, 'Precision': '1.0 (42 / 42 + 0)', 'Recall': '0.95 (42 / 42 + 2)', 'F1': '0.97 (2 * (0.95 * 1.0) / 0.95 + 1.0)', 'Specificity': '1.0 (112 / 112 + 0)', 'AUC': 0.98, 'r2': 0.94}
2023-05-28 09:34:18,033 [INFO] Save valid_prediction_log data...
2023-05-28 09:34:18,036 [INFO] {'Data': 'valid', 'ACC': '1.0 (47 / 47)', 'TP': 19, 'FP': 0, 'FN': 0, 'TN': 28, 'Precision': '1.0 (19 / 19 + 0)', 'Recall': '1.0 (19 / 19 + 0)', 'F1': '1.0 (2 * (1.0 * 1.0) / 1.0 + 1.0)', 'Specificity': '1.0 (28 / 28 + 0)', 'AUC': 1.0, 'r2': 1.0}
2023-05-28 09:34:18,055 [INFO] Save test_prediction_log data...
2023-05-28 09:34:18,065 [INFO] {'Data': 'test', 'ACC': '0.72 (34 / 47)', 'TP': 9, 'FP': 3, 'FN': 10, 'TN': 25, 'Precision': '0.75 (9 / 9 + 3)', 'Recall': '0.47 (9 / 9 + 10)', 'F1': '0.58 (2 * (0.47 * 0.75) / 0.47 + 0.75)', 'Specificity': '0.89 (25 / 25 + 3)', 'AUC': 0.68, 'r2': -0.15}
2023-05-28 09:34:18,070 [INFO] Save training_log data...
2023-05-28 09:34:18,076 [INFO] Save score_log data...
2023-05-28 09:34:18,077 [INFO] Time : 478.3043954372406
