2023-05-26 12:11:11,823 [INFO] Train data : Baseline\DUD-E\PLK1\ECFP4_256bits\Robust\PLK1_train.tsv
2023-05-26 12:11:11,823 [INFO] Valid data : Baseline\DUD-E\PLK1\ECFP4_256bits\Robust\PLK1_valid.tsv
2023-05-26 12:11:11,823 [INFO] Output path : Baseline\DUD-E\PLK1\ECFP4_256bits\Robust\PLK1_model\XGB
2023-05-26 12:11:11,823 [INFO] Model type : XGB
2023-05-26 12:11:11,823 [INFO] Use cores : 12
2023-05-26 12:11:11,834 [INFO] Start Learning model
2023-05-26 12:11:11,834 [INFO] Train : 114 | Valid : 28
2023-05-26 12:11:11,834 [INFO] Set parameters : {'max_depth': [4, 6, 8], 'learning_rate': [0.01, 0.2], 'n_estimators': [200, 600, 1000], 'gamma': [0, 1000], 'min_child_weight': [1, 3], 'subsample': [0.5, 1], 'colsample_bytree': [0.5, 1], 'objective': ['binary:logitraw'], 'eval_metric': ['auc', 'error']}
2023-05-26 12:14:31,962 [INFO] GridSearchCV results :
     mean_valid_accuracy  mean_valid_precision  mean_valid_auc
0               0.949242              0.983333        0.941667
335             0.965909              0.983333        0.961667
299             0.965909              0.983333        0.961667
302             0.965909              0.983333        0.961667
308             0.949242              0.983333        0.941667
..                   ...                   ...             ...
103             0.596970              0.000000        0.500000
104             0.596970              0.000000        0.500000
105             0.596970              0.000000        0.500000
106             0.596970              0.000000        0.500000
575             0.596970              0.000000        0.500000

[576 rows x 3 columns]
2023-05-26 12:14:31,963 [INFO] Best model :
XGBClassifier(base_score=None, booster=None, callbacks=None,
              colsample_bylevel=None, colsample_bynode=None,
              colsample_bytree=0.5, early_stopping_rounds=None,
              enable_categorical=False, eval_metric='auc', feature_types=None,
              gamma=0, gpu_id=None, grow_policy=None, importance_type=None,
              interaction_constraints=None, learning_rate=0.01, max_bin=None,
              max_cat_threshold=None, max_cat_to_onehot=None,
              max_delta_step=None, max_depth=4, max_leaves=None,
              min_child_weight=1, missing=nan, monotone_constraints=None,
              n_estimators=200, n_jobs=0, num_parallel_tree=None,
              objective='binary:logitraw', predictor=None, ...)
2023-05-26 12:14:31,971 [INFO] Save train_prediction_log data...
2023-05-26 12:14:31,975 [INFO] {'Data': 'train', 'ACC': '0.98 (112 / 114)', 'TP': 44, 'FP': 0, 'FN': 2, 'TN': 68, 'Precision': '1.0 (44 / 44 + 0)', 'Recall': '0.96 (44 / 44 + 2)', 'F1': '0.98 (2 * (0.96 * 1.0) / 0.96 + 1.0)', 'Specificity': '1.0 (68 / 68 + 0)', 'AUC': 0.98, 'r2': 0.93}
2023-05-26 12:14:31,982 [INFO] Save valid_prediction_log data...
2023-05-26 12:14:31,984 [INFO] {'Data': 'valid', 'ACC': '1.0 (28 / 28)', 'TP': 11, 'FP': 0, 'FN': 0, 'TN': 17, 'Precision': '1.0 (11 / 11 + 0)', 'Recall': '1.0 (11 / 11 + 0)', 'F1': '1.0 (2 * (1.0 * 1.0) / 1.0 + 1.0)', 'Specificity': '1.0 (17 / 17 + 0)', 'AUC': 1.0, 'r2': 1.0}
2023-05-26 12:14:31,997 [INFO] Save test_prediction_log data...
2023-05-26 12:14:31,999 [INFO] {'Data': 'test', 'ACC': '0.68 (19 / 28)', 'TP': 3, 'FP': 1, 'FN': 8, 'TN': 16, 'Precision': '0.75 (3 / 3 + 1)', 'Recall': '0.27 (3 / 3 + 8)', 'F1': '0.4 (2 * (0.27 * 0.75) / 0.27 + 0.75)', 'Specificity': '0.94 (16 / 16 + 1)', 'AUC': 0.61, 'r2': -0.35}
2023-05-26 12:14:32,003 [INFO] Save training_log data...
2023-05-26 12:14:32,007 [INFO] Save score_log data...
2023-05-26 12:14:32,008 [INFO] Time : 200.18480253219604
