2023-05-28 18:02:37,840 [INFO] Train data : Vary_params_IGF1R_KIT\DUD-E\KIT\nG1_50\ECFP4_512bits\Robust\KIT_train_vector.tsv
2023-05-28 18:02:37,840 [INFO] Valid data : Vary_params_IGF1R_KIT\DUD-E\KIT\nG1_50\ECFP4_512bits\Robust\KIT_valid_vector.tsv
2023-05-28 18:02:37,840 [INFO] Output path : Vary_params_IGF1R_KIT\DUD-E\KIT\nG1_50\ECFP4_512bits\Robust\KIT_model\SVM
2023-05-28 18:02:37,840 [INFO] Model type : SVM
2023-05-28 18:02:37,840 [INFO] Use cores : 10
2023-05-28 18:02:37,862 [INFO] Start Learning model
2023-05-28 18:02:37,863 [INFO] Train : 232 | Valid : 58
2023-05-28 18:02:37,863 [INFO] Set parameters : {'kernel': ['linear', 'rbf'], 'C': [0.01, 0.1, 1, 10, 100, 1000], 'gamma': [0.01, 0.1, 1, 100, 1000]}
2023-05-28 18:02:40,734 [INFO] GridSearchCV results :
    mean_valid_accuracy  mean_valid_precision  mean_valid_auc
0              0.974094              0.959798        0.974884
20             0.974094              0.959798        0.974884
24             0.974094              0.959798        0.974884
26             0.974094              0.959798        0.974884
28             0.974094              0.959798        0.974884
32             0.974094              0.959798        0.974884
34             0.974094              0.959798        0.974884
36             0.974094              0.959798        0.974884
38             0.974094              0.959798        0.974884
40             0.974094              0.959798        0.974884
42             0.974094              0.959798        0.974884
44             0.974094              0.959798        0.974884
46             0.974094              0.959798        0.974884
48             0.974094              0.959798        0.974884
50             0.974094              0.959798        0.974884
52             0.974094              0.959798        0.974884
54             0.974094              0.959798        0.974884
56             0.974094              0.959798        0.974884
58             0.974094              0.959798        0.974884
22             0.974094              0.959798        0.974884
30             0.974094              0.959798        0.974884
10             0.974094              0.959798        0.974884
2              0.974094              0.959798        0.974884
18             0.974094              0.959798        0.974884
8              0.974094              0.959798        0.974884
16             0.974094              0.959798        0.974884
4              0.974094              0.959798        0.974884
12             0.974094              0.959798        0.974884
6              0.974094              0.959798        0.974884
14             0.974094              0.959798        0.974884
49             0.599275              0.000000        0.500000
9              0.599275              0.000000        0.500000
45             0.599275              0.000000        0.500000
47             0.599275              0.000000        0.500000
7              0.599275              0.000000        0.500000
21             0.599275              0.000000        0.500000
43             0.599275              0.000000        0.500000
5              0.599275              0.000000        0.500000
53             0.599275              0.000000        0.500000
55             0.599275              0.000000        0.500000
3              0.599275              0.000000        0.500000
57             0.599275              0.000000        0.500000
51             0.599275              0.000000        0.500000
11             0.599275              0.000000        0.500000
41             0.599275              0.000000        0.500000
19             0.599275              0.000000        0.500000
39             0.599275              0.000000        0.500000
37             0.599275              0.000000        0.500000
13             0.599275              0.000000        0.500000
35             0.599275              0.000000        0.500000
33             0.599275              0.000000        0.500000
15             0.599275              0.000000        0.500000
31             0.599275              0.000000        0.500000
1              0.599275              0.000000        0.500000
29             0.599275              0.000000        0.500000
27             0.599275              0.000000        0.500000
17             0.599275              0.000000        0.500000
25             0.599275              0.000000        0.500000
23             0.599275              0.000000        0.500000
59             0.599275              0.000000        0.500000
2023-05-28 18:02:40,735 [INFO] Best model :
SVC(C=0.01, gamma=0.01, kernel='linear', random_state=42)
2023-05-28 18:02:40,742 [INFO] Save train_prediction_log data...
2023-05-28 18:02:40,744 [INFO] {'Data': 'train', 'ACC': '1.0 (232 / 232)', 'TP': 93, 'FP': 0, 'FN': 0, 'TN': 139, 'Precision': '1.0 (93 / 93 + 0)', 'Recall': '1.0 (93 / 93 + 0)', 'F1': '1.0 (2 * (1.0 * 1.0) / 1.0 + 1.0)', 'Specificity': '1.0 (139 / 139 + 0)', 'AUC': 1.0, 'r2': 1.0}
2023-05-28 18:02:40,749 [INFO] Save valid_prediction_log data...
2023-05-28 18:02:40,751 [INFO] {'Data': 'valid', 'ACC': '1.0 (58 / 58)', 'TP': 23, 'FP': 0, 'FN': 0, 'TN': 35, 'Precision': '1.0 (23 / 23 + 0)', 'Recall': '1.0 (23 / 23 + 0)', 'F1': '1.0 (2 * (1.0 * 1.0) / 1.0 + 1.0)', 'Specificity': '1.0 (35 / 35 + 0)', 'AUC': 1.0, 'r2': 1.0}
2023-05-28 18:02:40,765 [INFO] Save test_prediction_log data...
2023-05-28 18:02:40,767 [INFO] {'Data': 'test', 'ACC': '0.69 (40 / 58)', 'TP': 13, 'FP': 8, 'FN': 10, 'TN': 27, 'Precision': '0.62 (13 / 13 + 8)', 'Recall': '0.57 (13 / 13 + 10)', 'F1': '0.59 (2 * (0.57 * 0.62) / 0.57 + 0.62)', 'Specificity': '0.77 (27 / 27 + 8)', 'AUC': 0.67, 'r2': -0.3}
2023-05-28 18:02:40,768 [INFO] Save training_log data...
2023-05-28 18:02:40,950 [INFO] Save score_log data...
2023-05-28 18:02:40,950 [INFO] Time : 3.1095476150512695
