2023-05-27 06:31:26,662 [INFO] Train data : Vary_params\DUD-E\MP2K1\nG1_20\ECFP4_256bits\Robust\MP2K1_train_vector.tsv
2023-05-27 06:31:26,663 [INFO] Valid data : Vary_params\DUD-E\MP2K1\nG1_20\ECFP4_256bits\Robust\MP2K1_valid_vector.tsv
2023-05-27 06:31:26,663 [INFO] Output path : Vary_params\DUD-E\MP2K1\nG1_20\ECFP4_256bits\Robust\MP2K1_model\MLP
2023-05-27 06:31:26,663 [INFO] Model type : MLP
2023-05-27 06:31:26,663 [INFO] Use cores : 10
2023-05-27 06:31:26,675 [INFO] Start Learning model
2023-05-27 06:31:26,676 [INFO] Train : 172 | Valid : 35
2023-05-27 06:31:26,676 [INFO] Set parameters : {'hidden_layer_sizes': [(50,), (100,), (50, 50), (100, 100)], 'learning_rate': ['constant', 'invscaling', 'adaptive'], 'activation': ['relu', 'identity', 'logistic', 'tanh'], 'solver': ['adam', 'sgd', 'lbfgs'], 'alpha': [0.1, 0.01, 0.001], 'max_iter': [500, 1000], 'early_stopping': [True]}
2023-05-27 06:32:57,879 [INFO] GridSearchCV results :
     mean_valid_accuracy  mean_valid_precision  mean_valid_auc
626             0.902614              0.956667        0.904861
629             0.902614              0.956667        0.904861
614             0.902614              0.956667        0.904861
617             0.902614              0.956667        0.904861
620             0.902614              0.956667        0.904861
..                   ...                   ...             ...
553             0.430065              0.368333        0.433333
625             0.430065              0.368333        0.433333
481             0.430065              0.368333        0.433333
484             0.430065              0.368333        0.433333
628             0.430065              0.368333        0.433333

[864 rows x 3 columns]
2023-05-27 06:32:57,880 [INFO] Best model :
MLPClassifier(activation='logistic', alpha=0.001, early_stopping=True,
              hidden_layer_sizes=(50, 50), max_iter=500, random_state=42,
              solver='lbfgs')
2023-05-27 06:32:57,885 [INFO] Save train_prediction_log data...
2023-05-27 06:32:57,889 [INFO] {'Data': 'train', 'ACC': '1.0 (172 / 172)', 'TP': 87, 'FP': 0, 'FN': 0, 'TN': 85, 'Precision': '1.0 (87 / 87 + 0)', 'Recall': '1.0 (87 / 87 + 0)', 'F1': '1.0 (2 * (1.0 * 1.0) / 1.0 + 1.0)', 'Specificity': '1.0 (85 / 85 + 0)', 'AUC': 1.0, 'r2': 1.0}
2023-05-27 06:32:57,892 [INFO] Save valid_prediction_log data...
2023-05-27 06:32:57,894 [INFO] {'Data': 'valid', 'ACC': '0.86 (30 / 35)', 'TP': 14, 'FP': 5, 'FN': 0, 'TN': 16, 'Precision': '0.74 (14 / 14 + 5)', 'Recall': '1.0 (14 / 14 + 0)', 'F1': '0.85 (2 * (1.0 * 0.74) / 1.0 + 0.74)', 'Specificity': '0.76 (16 / 16 + 5)', 'AUC': 0.88, 'r2': 0.4}
2023-05-27 06:32:57,903 [INFO] Save test_prediction_log data...
2023-05-27 06:32:57,906 [INFO] {'Data': 'test', 'ACC': '0.69 (24 / 35)', 'TP': 8, 'FP': 5, 'FN': 6, 'TN': 16, 'Precision': '0.62 (8 / 8 + 5)', 'Recall': '0.57 (8 / 8 + 6)', 'F1': '0.59 (2 * (0.57 * 0.62) / 0.57 + 0.62)', 'Specificity': '0.76 (16 / 16 + 5)', 'AUC': 0.67, 'r2': -0.31}
2023-05-27 06:32:57,909 [INFO] Save training_log data...
2023-05-27 06:32:57,913 [INFO] Save score_log data...
2023-05-27 06:32:57,914 [INFO] Time : 91.25168561935425
