2023-05-28 06:11:10,450 [INFO] Train data : Vary_params_SH\DUD-E\TGFR1\nG1_20\ECFP4_512bits\MinMax\TGFR1_train_vector.tsv
2023-05-28 06:11:10,450 [INFO] Valid data : Vary_params_SH\DUD-E\TGFR1\nG1_20\ECFP4_512bits\MinMax\TGFR1_valid_vector.tsv
2023-05-28 06:11:10,450 [INFO] Output path : Vary_params_SH\DUD-E\TGFR1\nG1_20\ECFP4_512bits\MinMax\TGFR1_model\SVM
2023-05-28 06:11:10,450 [INFO] Model type : SVM
2023-05-28 06:11:10,450 [INFO] Use cores : 3
2023-05-28 06:11:10,487 [INFO] Start Learning model
2023-05-28 06:11:10,487 [INFO] Train : 194 | Valid : 41
2023-05-28 06:11:10,488 [INFO] Set parameters : {'kernel': ['linear', 'rbf'], 'C': [0.01, 0.1, 1, 10, 100, 1000], 'gamma': [0.01, 0.1, 1, 100, 1000]}
2023-05-28 06:11:16,380 [INFO] GridSearchCV results :
    mean_valid_accuracy  mean_valid_precision  mean_valid_auc
0              0.995000              1.000000        0.995000
8              0.995000              1.000000        0.995000
21             0.990000              1.000000        0.990000
31             0.995000              1.000000        0.995000
51             0.995000              1.000000        0.995000
11             0.763684              1.000000        0.761667
23             0.939211              1.000000        0.938889
41             0.995000              1.000000        0.995000
53             0.944211              1.000000        0.943889
6              0.995000              1.000000        0.995000
4              0.995000              1.000000        0.995000
33             0.944211              1.000000        0.943889
2              0.995000              1.000000        0.995000
43             0.944211              1.000000        0.943889
36             0.990000              0.990909        0.990000
34             0.990000              0.990909        0.990000
38             0.990000              0.990909        0.990000
40             0.990000              0.990909        0.990000
48             0.990000              0.990909        0.990000
42             0.990000              0.990909        0.990000
44             0.990000              0.990909        0.990000
46             0.990000              0.990909        0.990000
50             0.990000              0.990909        0.990000
52             0.990000              0.990909        0.990000
54             0.990000              0.990909        0.990000
56             0.990000              0.990909        0.990000
58             0.990000              0.990909        0.990000
32             0.990000              0.990909        0.990000
30             0.990000              0.990909        0.990000
16             0.990000              0.990909        0.990000
24             0.990000              0.990909        0.990000
12             0.990000              0.990909        0.990000
10             0.990000              0.990909        0.990000
18             0.990000              0.990909        0.990000
20             0.990000              0.990909        0.990000
14             0.990000              0.990909        0.990000
22             0.990000              0.990909        0.990000
26             0.990000              0.990909        0.990000
28             0.990000              0.990909        0.990000
55             0.505263              0.000000        0.500000
5              0.505263              0.000000        0.500000
7              0.505263              0.000000        0.500000
57             0.505263              0.000000        0.500000
9              0.505263              0.000000        0.500000
3              0.505263              0.000000        0.500000
13             0.505263              0.000000        0.500000
49             0.505263              0.000000        0.500000
29             0.505263              0.000000        0.500000
47             0.505263              0.000000        0.500000
15             0.505263              0.000000        0.500000
45             0.505263              0.000000        0.500000
1              0.505263              0.000000        0.500000
17             0.505263              0.000000        0.500000
19             0.505263              0.000000        0.500000
39             0.505263              0.000000        0.500000
37             0.505263              0.000000        0.500000
35             0.505263              0.000000        0.500000
25             0.505263              0.000000        0.500000
27             0.505263              0.000000        0.500000
59             0.505263              0.000000        0.500000
2023-05-28 06:11:16,382 [INFO] Best model :
SVC(C=0.01, gamma=0.01, kernel='linear', random_state=42)
2023-05-28 06:11:16,392 [INFO] Save train_prediction_log data...
2023-05-28 06:11:16,397 [INFO] {'Data': 'train', 'ACC': '1.0 (194 / 194)', 'TP': 96, 'FP': 0, 'FN': 0, 'TN': 98, 'Precision': '1.0 (96 / 96 + 0)', 'Recall': '1.0 (96 / 96 + 0)', 'F1': '1.0 (2 * (1.0 * 1.0) / 1.0 + 1.0)', 'Specificity': '1.0 (98 / 98 + 0)', 'AUC': 1.0, 'r2': 1.0}
2023-05-28 06:11:16,405 [INFO] Save valid_prediction_log data...
2023-05-28 06:11:16,409 [INFO] {'Data': 'valid', 'ACC': '1.0 (41 / 41)', 'TP': 16, 'FP': 0, 'FN': 0, 'TN': 25, 'Precision': '1.0 (16 / 16 + 0)', 'Recall': '1.0 (16 / 16 + 0)', 'F1': '1.0 (2 * (1.0 * 1.0) / 1.0 + 1.0)', 'Specificity': '1.0 (25 / 25 + 0)', 'AUC': 1.0, 'r2': 1.0}
2023-05-28 06:11:16,435 [INFO] Save test_prediction_log data...
2023-05-28 06:11:16,439 [INFO] {'Data': 'test', 'ACC': '0.68 (28 / 41)', 'TP': 10, 'FP': 7, 'FN': 6, 'TN': 18, 'Precision': '0.59 (10 / 10 + 7)', 'Recall': '0.62 (10 / 10 + 6)', 'F1': '0.6 (2 * (0.62 * 0.59) / 0.62 + 0.59)', 'Specificity': '0.72 (18 / 18 + 7)', 'AUC': 0.67, 'r2': -0.33}
2023-05-28 06:11:16,443 [INFO] Save training_log data...
2023-05-28 06:11:16,445 [INFO] Save score_log data...
2023-05-28 06:11:16,446 [INFO] Time : 5.99655556678772
