2023-05-27 21:54:47,602 [INFO] Train data : Vary_params\DUD-E\PLK1\nG1_80\ECFP4_256bits\Robust\PLK1_train_vector.tsv
2023-05-27 21:54:47,602 [INFO] Valid data : Vary_params\DUD-E\PLK1\nG1_80\ECFP4_256bits\Robust\PLK1_valid_vector.tsv
2023-05-27 21:54:47,602 [INFO] Output path : Vary_params\DUD-E\PLK1\nG1_80\ECFP4_256bits\Robust\PLK1_model\SVM
2023-05-27 21:54:47,602 [INFO] Model type : SVM
2023-05-27 21:54:47,602 [INFO] Use cores : 10
2023-05-27 21:54:47,615 [INFO] Start Learning model
2023-05-27 21:54:47,615 [INFO] Train : 84 | Valid : 28
2023-05-27 21:54:47,615 [INFO] Set parameters : {'kernel': ['linear', 'rbf'], 'C': [0.01, 0.1, 1, 10, 100, 1000], 'gamma': [0.01, 0.1, 1, 100, 1000]}
2023-05-27 21:54:53,665 [INFO] GridSearchCV results :
    mean_valid_accuracy  mean_valid_precision  mean_valid_auc
0              0.943056                   0.8            0.85
20             0.943056                   0.8            0.85
24             0.943056                   0.8            0.85
26             0.943056                   0.8            0.85
28             0.943056                   0.8            0.85
32             0.943056                   0.8            0.85
34             0.943056                   0.8            0.85
36             0.943056                   0.8            0.85
38             0.943056                   0.8            0.85
40             0.943056                   0.8            0.85
42             0.943056                   0.8            0.85
44             0.943056                   0.8            0.85
46             0.943056                   0.8            0.85
48             0.943056                   0.8            0.85
50             0.943056                   0.8            0.85
52             0.943056                   0.8            0.85
54             0.943056                   0.8            0.85
56             0.943056                   0.8            0.85
58             0.943056                   0.8            0.85
22             0.943056                   0.8            0.85
30             0.943056                   0.8            0.85
10             0.943056                   0.8            0.85
2              0.943056                   0.8            0.85
18             0.943056                   0.8            0.85
8              0.943056                   0.8            0.85
16             0.943056                   0.8            0.85
4              0.943056                   0.8            0.85
12             0.943056                   0.8            0.85
6              0.943056                   0.8            0.85
14             0.943056                   0.8            0.85
49             0.811111                   0.0            0.50
9              0.811111                   0.0            0.50
45             0.811111                   0.0            0.50
47             0.811111                   0.0            0.50
7              0.811111                   0.0            0.50
21             0.811111                   0.0            0.50
43             0.811111                   0.0            0.50
5              0.811111                   0.0            0.50
53             0.811111                   0.0            0.50
55             0.811111                   0.0            0.50
3              0.811111                   0.0            0.50
57             0.811111                   0.0            0.50
51             0.811111                   0.0            0.50
11             0.811111                   0.0            0.50
41             0.811111                   0.0            0.50
19             0.811111                   0.0            0.50
39             0.811111                   0.0            0.50
37             0.811111                   0.0            0.50
13             0.811111                   0.0            0.50
35             0.811111                   0.0            0.50
33             0.811111                   0.0            0.50
15             0.811111                   0.0            0.50
31             0.811111                   0.0            0.50
1              0.811111                   0.0            0.50
29             0.811111                   0.0            0.50
27             0.811111                   0.0            0.50
17             0.811111                   0.0            0.50
25             0.811111                   0.0            0.50
23             0.811111                   0.0            0.50
59             0.811111                   0.0            0.50
2023-05-27 21:54:53,667 [INFO] Best model :
SVC(C=0.01, gamma=0.01, kernel='linear', random_state=42)
2023-05-27 21:54:53,671 [INFO] Save train_prediction_log data...
2023-05-27 21:54:53,674 [INFO] {'Data': 'train', 'ACC': '1.0 (84 / 84)', 'TP': 16, 'FP': 0, 'FN': 0, 'TN': 68, 'Precision': '1.0 (16 / 16 + 0)', 'Recall': '1.0 (16 / 16 + 0)', 'F1': '1.0 (2 * (1.0 * 1.0) / 1.0 + 1.0)', 'Specificity': '1.0 (68 / 68 + 0)', 'AUC': 1.0, 'r2': 1.0}
2023-05-27 21:54:53,679 [INFO] Save valid_prediction_log data...
2023-05-27 21:54:53,682 [INFO] {'Data': 'valid', 'ACC': '1.0 (28 / 28)', 'TP': 11, 'FP': 0, 'FN': 0, 'TN': 17, 'Precision': '1.0 (11 / 11 + 0)', 'Recall': '1.0 (11 / 11 + 0)', 'F1': '1.0 (2 * (1.0 * 1.0) / 1.0 + 1.0)', 'Specificity': '1.0 (17 / 17 + 0)', 'AUC': 1.0, 'r2': 1.0}
2023-05-27 21:54:53,691 [INFO] Save test_prediction_log data...
2023-05-27 21:54:53,694 [INFO] {'Data': 'test', 'ACC': '0.61 (17 / 28)', 'TP': 1, 'FP': 1, 'FN': 10, 'TN': 16, 'Precision': '0.5 (1 / 1 + 1)', 'Recall': '0.09 (1 / 1 + 10)', 'F1': '0.15 (2 * (0.09 * 0.5) / 0.09 + 0.5)', 'Specificity': '0.94 (16 / 16 + 1)', 'AUC': 0.52, 'r2': -0.65}
2023-05-27 21:54:53,696 [INFO] Save training_log data...
2023-05-27 21:54:53,697 [INFO] Save score_log data...
2023-05-27 21:54:53,698 [INFO] Time : 6.095531463623047
