2023-05-29 04:02:30,583 [INFO] Train data : Vary_params_BRAF_MK14\DUD-E\BRAF\nG1_20\ECFP6_256bits\MinMax\BRAF_train_vector.tsv
2023-05-29 04:02:30,583 [INFO] Valid data : Vary_params_BRAF_MK14\DUD-E\BRAF\nG1_20\ECFP6_256bits\MinMax\BRAF_valid_vector.tsv
2023-05-29 04:02:30,583 [INFO] Output path : Vary_params_BRAF_MK14\DUD-E\BRAF\nG1_20\ECFP6_256bits\MinMax\BRAF_model\MLP
2023-05-29 04:02:30,583 [INFO] Model type : MLP
2023-05-29 04:02:30,583 [INFO] Use cores : 12
2023-05-29 04:02:30,597 [INFO] Start Learning model
2023-05-29 04:02:30,598 [INFO] Train : 231 | Valid : 50
2023-05-29 04:02:30,598 [INFO] Set parameters : {'hidden_layer_sizes': [(50,), (100,), (50, 50), (100, 100)], 'learning_rate': ['constant', 'invscaling', 'adaptive'], 'activation': ['relu', 'identity', 'logistic', 'tanh'], 'solver': ['adam', 'sgd', 'lbfgs'], 'alpha': [0.1, 0.01, 0.001], 'max_iter': [500, 1000], 'early_stopping': [True]}
2023-05-29 04:05:31,808 [INFO] GridSearchCV results :
     mean_valid_accuracy  mean_valid_precision  mean_valid_auc
555             0.878623                   1.0        0.872727
489             0.913587                   1.0        0.909091
495             0.913587                   1.0        0.909091
498             0.913587                   1.0        0.909091
501             0.913587                   1.0        0.909091
..                   ...                   ...             ...
472             0.523732                   0.0        0.500000
607             0.523732                   0.0        0.500000
475             0.523732                   0.0        0.500000
604             0.523732                   0.0        0.500000
532             0.523732                   0.0        0.500000

[864 rows x 3 columns]
2023-05-29 04:05:31,809 [INFO] Best model :
MLPClassifier(activation='logistic', alpha=0.1, early_stopping=True,
              hidden_layer_sizes=(100, 100), max_iter=500, random_state=42)
2023-05-29 04:05:31,816 [INFO] Save train_prediction_log data...
2023-05-29 04:05:31,832 [INFO] {'Data': 'train', 'ACC': '1.0 (230 / 231)', 'TP': 109, 'FP': 0, 'FN': 1, 'TN': 121, 'Precision': '1.0 (109 / 109 + 0)', 'Recall': '0.99 (109 / 109 + 1)', 'F1': '0.99 (2 * (0.99 * 1.0) / 0.99 + 1.0)', 'Specificity': '1.0 (121 / 121 + 0)', 'AUC': 1.0, 'r2': 0.98}
2023-05-29 04:05:31,836 [INFO] Save valid_prediction_log data...
2023-05-29 04:05:31,837 [INFO] {'Data': 'valid', 'ACC': '0.98 (49 / 50)', 'TP': 20, 'FP': 1, 'FN': 0, 'TN': 29, 'Precision': '0.95 (20 / 20 + 1)', 'Recall': '1.0 (20 / 20 + 0)', 'F1': '0.97 (2 * (1.0 * 0.95) / 1.0 + 0.95)', 'Specificity': '0.97 (29 / 29 + 1)', 'AUC': 0.98, 'r2': 0.92}
2023-05-29 04:05:31,847 [INFO] Save test_prediction_log data...
2023-05-29 04:05:31,849 [INFO] {'Data': 'test', 'ACC': '0.68 (34 / 50)', 'TP': 9, 'FP': 5, 'FN': 11, 'TN': 25, 'Precision': '0.64 (9 / 9 + 5)', 'Recall': '0.45 (9 / 9 + 11)', 'F1': '0.53 (2 * (0.45 * 0.64) / 0.45 + 0.64)', 'Specificity': '0.83 (25 / 25 + 5)', 'AUC': 0.64, 'r2': -0.33}
2023-05-29 04:05:31,852 [INFO] Save training_log data...
2023-05-29 04:05:31,857 [INFO] Save score_log data...
2023-05-29 04:05:31,858 [INFO] Time : 181.27462005615234
