2023-05-27 07:15:49,034 [INFO] Train data : Vary_params\DUD-E\MP2K1\nG1_20\ECFP4_512bits\Robust\MP2K1_train_vector.tsv
2023-05-27 07:15:49,034 [INFO] Valid data : Vary_params\DUD-E\MP2K1\nG1_20\ECFP4_512bits\Robust\MP2K1_valid_vector.tsv
2023-05-27 07:15:49,034 [INFO] Output path : Vary_params\DUD-E\MP2K1\nG1_20\ECFP4_512bits\Robust\MP2K1_model\MLP
2023-05-27 07:15:49,034 [INFO] Model type : MLP
2023-05-27 07:15:49,034 [INFO] Use cores : 10
2023-05-27 07:15:49,056 [INFO] Start Learning model
2023-05-27 07:15:49,056 [INFO] Train : 172 | Valid : 35
2023-05-27 07:15:49,056 [INFO] Set parameters : {'hidden_layer_sizes': [(50,), (100,), (50, 50), (100, 100)], 'learning_rate': ['constant', 'invscaling', 'adaptive'], 'activation': ['relu', 'identity', 'logistic', 'tanh'], 'solver': ['adam', 'sgd', 'lbfgs'], 'alpha': [0.1, 0.01, 0.001], 'max_iter': [500, 1000], 'early_stopping': [True]}
2023-05-27 07:18:20,904 [INFO] GridSearchCV results :
     mean_valid_accuracy  mean_valid_precision  mean_valid_auc
44              0.954248                  0.99        0.954861
41              0.954248                  0.99        0.954861
38              0.954248                  0.99        0.954861
53              0.954248                  0.99        0.954861
50              0.954248                  0.99        0.954861
..                   ...                   ...             ...
640             0.494118                  0.00        0.500000
637             0.494118                  0.00        0.500000
634             0.494118                  0.00        0.500000
631             0.494118                  0.00        0.500000
555             0.494118                  0.00        0.500000

[864 rows x 3 columns]
2023-05-27 07:18:20,905 [INFO] Best model :
MLPClassifier(alpha=0.1, early_stopping=True, hidden_layer_sizes=(50, 50),
              max_iter=500, random_state=42, solver='lbfgs')
2023-05-27 07:18:20,910 [INFO] Save train_prediction_log data...
2023-05-27 07:18:20,913 [INFO] {'Data': 'train', 'ACC': '1.0 (172 / 172)', 'TP': 87, 'FP': 0, 'FN': 0, 'TN': 85, 'Precision': '1.0 (87 / 87 + 0)', 'Recall': '1.0 (87 / 87 + 0)', 'F1': '1.0 (2 * (1.0 * 1.0) / 1.0 + 1.0)', 'Specificity': '1.0 (85 / 85 + 0)', 'AUC': 1.0, 'r2': 1.0}
2023-05-27 07:18:20,918 [INFO] Save valid_prediction_log data...
2023-05-27 07:18:20,920 [INFO] {'Data': 'valid', 'ACC': '1.0 (35 / 35)', 'TP': 14, 'FP': 0, 'FN': 0, 'TN': 21, 'Precision': '1.0 (14 / 14 + 0)', 'Recall': '1.0 (14 / 14 + 0)', 'F1': '1.0 (2 * (1.0 * 1.0) / 1.0 + 1.0)', 'Specificity': '1.0 (21 / 21 + 0)', 'AUC': 1.0, 'r2': 1.0}
2023-05-27 07:18:20,934 [INFO] Save test_prediction_log data...
2023-05-27 07:18:20,938 [INFO] {'Data': 'test', 'ACC': '0.66 (23 / 35)', 'TP': 6, 'FP': 4, 'FN': 8, 'TN': 17, 'Precision': '0.6 (6 / 6 + 4)', 'Recall': '0.43 (6 / 6 + 8)', 'F1': '0.5 (2 * (0.43 * 0.6) / 0.43 + 0.6)', 'Specificity': '0.81 (17 / 17 + 4)', 'AUC': 0.62, 'r2': -0.43}
2023-05-27 07:18:20,941 [INFO] Save training_log data...
2023-05-27 07:18:20,945 [INFO] Save score_log data...
2023-05-27 07:18:20,946 [INFO] Time : 151.91212821006775
