2023-05-28 18:56:21,559 [INFO] Train data : Vary_params_VGFR2\DUD-E\VGFR2\nG1_20\ECFP6_256bits\Robust\VGFR2_train_vector.tsv
2023-05-28 18:56:21,559 [INFO] Valid data : Vary_params_VGFR2\DUD-E\VGFR2\nG1_20\ECFP6_256bits\Robust\VGFR2_valid_vector.tsv
2023-05-28 18:56:21,559 [INFO] Output path : Vary_params_VGFR2\DUD-E\VGFR2\nG1_20\ECFP6_256bits\Robust\VGFR2_model\SVM
2023-05-28 18:56:21,559 [INFO] Model type : SVM
2023-05-28 18:56:21,559 [INFO] Use cores : 18
2023-05-28 18:56:21,587 [INFO] Start Learning model
2023-05-28 18:56:21,587 [INFO] Train : 747 | Valid : 180
2023-05-28 18:56:21,587 [INFO] Set parameters : {'kernel': ['linear', 'rbf'], 'C': [0.01, 0.1, 1, 10, 100, 1000], 'gamma': [0.01, 0.1, 1, 100, 1000]}
2023-05-28 18:56:29,450 [INFO] GridSearchCV results :
    mean_valid_accuracy  mean_valid_precision  mean_valid_auc
0              0.795045              0.751913        0.792605
2              0.795045              0.751913        0.792605
4              0.795045              0.751913        0.792605
6              0.795045              0.751913        0.792605
8              0.795045              0.751913        0.792605
44             0.791027              0.750685        0.787467
28             0.791027              0.750685        0.787467
32             0.791027              0.750685        0.787467
34             0.791027              0.750685        0.787467
36             0.791027              0.750685        0.787467
38             0.791027              0.750685        0.787467
40             0.791027              0.750685        0.787467
42             0.791027              0.750685        0.787467
48             0.791027              0.750685        0.787467
46             0.791027              0.750685        0.787467
24             0.791027              0.750685        0.787467
50             0.791027              0.750685        0.787467
52             0.791027              0.750685        0.787467
54             0.791027              0.750685        0.787467
56             0.791027              0.750685        0.787467
58             0.791027              0.750685        0.787467
26             0.791027              0.750685        0.787467
30             0.791027              0.750685        0.787467
18             0.791027              0.750685        0.787467
14             0.791027              0.750685        0.787467
22             0.791027              0.750685        0.787467
12             0.791027              0.750685        0.787467
20             0.791027              0.750685        0.787467
16             0.791027              0.750685        0.787467
10             0.791027              0.750685        0.787467
23             0.575658              0.000000        0.500000
47             0.575658              0.000000        0.500000
11             0.575658              0.000000        0.500000
49             0.575658              0.000000        0.500000
51             0.575658              0.000000        0.500000
13             0.575658              0.000000        0.500000
9              0.575658              0.000000        0.500000
53             0.575658              0.000000        0.500000
7              0.575658              0.000000        0.500000
55             0.575658              0.000000        0.500000
5              0.575658              0.000000        0.500000
57             0.575658              0.000000        0.500000
3              0.575658              0.000000        0.500000
45             0.575658              0.000000        0.500000
41             0.575658              0.000000        0.500000
43             0.575658              0.000000        0.500000
15             0.575658              0.000000        0.500000
39             0.575658              0.000000        0.500000
37             0.575658              0.000000        0.500000
17             0.575658              0.000000        0.500000
35             0.575658              0.000000        0.500000
33             0.575658              0.000000        0.500000
19             0.575658              0.000000        0.500000
31             0.575658              0.000000        0.500000
1              0.575658              0.000000        0.500000
29             0.575658              0.000000        0.500000
27             0.575658              0.000000        0.500000
21             0.575658              0.000000        0.500000
25             0.575658              0.000000        0.500000
59             0.575658              0.000000        0.500000
2023-05-28 18:56:29,451 [INFO] Best model :
SVC(C=0.01, gamma=0.01, kernel='linear', random_state=42)
2023-05-28 18:56:29,466 [INFO] Save train_prediction_log data...
2023-05-28 18:56:29,471 [INFO] {'Data': 'train', 'ACC': '0.99 (739 / 747)', 'TP': 313, 'FP': 4, 'FN': 4, 'TN': 426, 'Precision': '0.99 (313 / 313 + 4)', 'Recall': '0.99 (313 / 313 + 4)', 'F1': '0.99 (2 * (0.99 * 0.99) / 0.99 + 0.99)', 'Specificity': '0.99 (426 / 426 + 4)', 'AUC': 0.99, 'r2': 0.96}
2023-05-28 18:56:29,477 [INFO] Save valid_prediction_log data...
2023-05-28 18:56:29,479 [INFO] {'Data': 'valid', 'ACC': '0.86 (154 / 180)', 'TP': 62, 'FP': 16, 'FN': 10, 'TN': 92, 'Precision': '0.79 (62 / 62 + 16)', 'Recall': '0.86 (62 / 62 + 10)', 'F1': '0.82 (2 * (0.86 * 0.79) / 0.86 + 0.79)', 'Specificity': '0.85 (92 / 92 + 16)', 'AUC': 0.86, 'r2': 0.4}
2023-05-28 18:56:29,494 [INFO] Save test_prediction_log data...
2023-05-28 18:56:29,497 [INFO] {'Data': 'test', 'ACC': '0.57 (103 / 180)', 'TP': 38, 'FP': 43, 'FN': 34, 'TN': 65, 'Precision': '0.47 (38 / 38 + 43)', 'Recall': '0.53 (38 / 38 + 34)', 'F1': '0.5 (2 * (0.53 * 0.47) / 0.53 + 0.47)', 'Specificity': '0.6 (65 / 65 + 43)', 'AUC': 0.56, 'r2': -0.78}
2023-05-28 18:56:29,499 [INFO] Save training_log data...
2023-05-28 18:56:29,501 [INFO] Save score_log data...
2023-05-28 18:56:29,502 [INFO] Time : 7.942090749740601
