2023-05-28 10:10:57,997 [INFO] Train data : Vary_params_IGF1R_KIT\DUD-E\IGF1R\nG1_80\ECFP4_512bits\Robust\IGF1R_train_vector.tsv
2023-05-28 10:10:57,997 [INFO] Valid data : Vary_params_IGF1R_KIT\DUD-E\IGF1R\nG1_80\ECFP4_512bits\Robust\IGF1R_valid_vector.tsv
2023-05-28 10:10:57,997 [INFO] Output path : Vary_params_IGF1R_KIT\DUD-E\IGF1R\nG1_80\ECFP4_512bits\Robust\IGF1R_model\SVM
2023-05-28 10:10:57,997 [INFO] Model type : SVM
2023-05-28 10:10:57,997 [INFO] Use cores : 10
2023-05-28 10:10:58,018 [INFO] Start Learning model
2023-05-28 10:10:58,018 [INFO] Train : 166 | Valid : 49
2023-05-28 10:10:58,018 [INFO] Set parameters : {'kernel': ['linear', 'rbf'], 'C': [0.01, 0.1, 1, 10, 100, 1000], 'gamma': [0.01, 0.1, 1, 100, 1000]}
2023-05-28 10:11:00,641 [INFO] GridSearchCV results :
    mean_valid_accuracy  mean_valid_precision  mean_valid_auc
0              0.994118                   1.0            0.99
20             0.994118                   1.0            0.99
24             0.994118                   1.0            0.99
26             0.994118                   1.0            0.99
28             0.994118                   1.0            0.99
32             0.994118                   1.0            0.99
34             0.994118                   1.0            0.99
36             0.994118                   1.0            0.99
38             0.994118                   1.0            0.99
40             0.994118                   1.0            0.99
42             0.994118                   1.0            0.99
44             0.994118                   1.0            0.99
46             0.994118                   1.0            0.99
48             0.994118                   1.0            0.99
50             0.994118                   1.0            0.99
52             0.994118                   1.0            0.99
54             0.994118                   1.0            0.99
56             0.994118                   1.0            0.99
58             0.994118                   1.0            0.99
22             0.994118                   1.0            0.99
30             0.994118                   1.0            0.99
10             0.994118                   1.0            0.99
2              0.994118                   1.0            0.99
18             0.994118                   1.0            0.99
8              0.994118                   1.0            0.99
16             0.994118                   1.0            0.99
4              0.994118                   1.0            0.99
12             0.994118                   1.0            0.99
6              0.994118                   1.0            0.99
14             0.994118                   1.0            0.99
49             0.711029                   0.0            0.50
9              0.711029                   0.0            0.50
45             0.711029                   0.0            0.50
47             0.711029                   0.0            0.50
7              0.711029                   0.0            0.50
21             0.711029                   0.0            0.50
43             0.711029                   0.0            0.50
5              0.711029                   0.0            0.50
53             0.711029                   0.0            0.50
55             0.711029                   0.0            0.50
3              0.711029                   0.0            0.50
57             0.711029                   0.0            0.50
51             0.711029                   0.0            0.50
11             0.711029                   0.0            0.50
41             0.711029                   0.0            0.50
19             0.711029                   0.0            0.50
39             0.711029                   0.0            0.50
37             0.711029                   0.0            0.50
13             0.711029                   0.0            0.50
35             0.711029                   0.0            0.50
33             0.711029                   0.0            0.50
15             0.711029                   0.0            0.50
31             0.711029                   0.0            0.50
1              0.711029                   0.0            0.50
29             0.711029                   0.0            0.50
27             0.711029                   0.0            0.50
17             0.711029                   0.0            0.50
25             0.711029                   0.0            0.50
23             0.711029                   0.0            0.50
59             0.711029                   0.0            0.50
2023-05-28 10:11:00,642 [INFO] Best model :
SVC(C=0.01, gamma=0.01, kernel='linear', random_state=42)
2023-05-28 10:11:00,648 [INFO] Save train_prediction_log data...
2023-05-28 10:11:00,651 [INFO] {'Data': 'train', 'ACC': '1.0 (166 / 166)', 'TP': 48, 'FP': 0, 'FN': 0, 'TN': 118, 'Precision': '1.0 (48 / 48 + 0)', 'Recall': '1.0 (48 / 48 + 0)', 'F1': '1.0 (2 * (1.0 * 1.0) / 1.0 + 1.0)', 'Specificity': '1.0 (118 / 118 + 0)', 'AUC': 1.0, 'r2': 1.0}
2023-05-28 10:11:00,655 [INFO] Save valid_prediction_log data...
2023-05-28 10:11:00,657 [INFO] {'Data': 'valid', 'ACC': '1.0 (49 / 49)', 'TP': 20, 'FP': 0, 'FN': 0, 'TN': 29, 'Precision': '1.0 (20 / 20 + 0)', 'Recall': '1.0 (20 / 20 + 0)', 'F1': '1.0 (2 * (1.0 * 1.0) / 1.0 + 1.0)', 'Specificity': '1.0 (29 / 29 + 0)', 'AUC': 1.0, 'r2': 1.0}
2023-05-28 10:11:00,670 [INFO] Save test_prediction_log data...
2023-05-28 10:11:00,672 [INFO] {'Data': 'test', 'ACC': '0.69 (34 / 49)', 'TP': 5, 'FP': 0, 'FN': 15, 'TN': 29, 'Precision': '1.0 (5 / 5 + 0)', 'Recall': '0.25 (5 / 5 + 15)', 'F1': '0.4 (2 * (0.25 * 1.0) / 0.25 + 1.0)', 'Specificity': '1.0 (29 / 29 + 0)', 'AUC': 0.62, 'r2': -0.27}
2023-05-28 10:11:00,674 [INFO] Save training_log data...
2023-05-28 10:11:00,675 [INFO] Save score_log data...
2023-05-28 10:11:00,675 [INFO] Time : 2.678251266479492
