2023-05-29 09:32:51,756 [INFO] Train data : Vary_params_CDK2_EGFR_LCK\DUD-E\LCK\nG1_50\ECFP6_256bits\Robust\LCK_train_vector.tsv
2023-05-29 09:32:51,756 [INFO] Valid data : Vary_params_CDK2_EGFR_LCK\DUD-E\LCK\nG1_50\ECFP6_256bits\Robust\LCK_valid_vector.tsv
2023-05-29 09:32:51,756 [INFO] Output path : Vary_params_CDK2_EGFR_LCK\DUD-E\LCK\nG1_50\ECFP6_256bits\Robust\LCK_model\SVM
2023-05-29 09:32:51,756 [INFO] Model type : SVM
2023-05-29 09:32:51,757 [INFO] Use cores : 19
2023-05-29 09:32:51,775 [INFO] Start Learning model
2023-05-29 09:32:51,775 [INFO] Train : 736 | Valid : 185
2023-05-29 09:32:51,775 [INFO] Set parameters : {'kernel': ['linear', 'rbf'], 'C': [0.01, 0.1, 1, 10, 100, 1000], 'gamma': [0.01, 0.1, 1, 100, 1000]}
2023-05-29 09:32:56,325 [INFO] GridSearchCV results :
    mean_valid_accuracy  mean_valid_precision  mean_valid_auc
0              0.817919               0.76819        0.812833
20             0.817919               0.76819        0.812833
24             0.817919               0.76819        0.812833
26             0.817919               0.76819        0.812833
28             0.817919               0.76819        0.812833
32             0.817919               0.76819        0.812833
34             0.817919               0.76819        0.812833
36             0.817919               0.76819        0.812833
38             0.817919               0.76819        0.812833
40             0.817919               0.76819        0.812833
42             0.817919               0.76819        0.812833
44             0.817919               0.76819        0.812833
46             0.817919               0.76819        0.812833
48             0.817919               0.76819        0.812833
50             0.817919               0.76819        0.812833
52             0.817919               0.76819        0.812833
54             0.817919               0.76819        0.812833
56             0.817919               0.76819        0.812833
58             0.817919               0.76819        0.812833
22             0.817919               0.76819        0.812833
30             0.817919               0.76819        0.812833
10             0.817919               0.76819        0.812833
2              0.817919               0.76819        0.812833
18             0.817919               0.76819        0.812833
8              0.817919               0.76819        0.812833
16             0.817919               0.76819        0.812833
4              0.817919               0.76819        0.812833
12             0.817919               0.76819        0.812833
6              0.817919               0.76819        0.812833
14             0.817919               0.76819        0.812833
49             0.600555               0.00000        0.500000
9              0.600555               0.00000        0.500000
45             0.600555               0.00000        0.500000
47             0.600555               0.00000        0.500000
7              0.600555               0.00000        0.500000
21             0.600555               0.00000        0.500000
43             0.600555               0.00000        0.500000
5              0.600555               0.00000        0.500000
53             0.600555               0.00000        0.500000
55             0.600555               0.00000        0.500000
3              0.600555               0.00000        0.500000
57             0.600555               0.00000        0.500000
51             0.600555               0.00000        0.500000
11             0.600555               0.00000        0.500000
41             0.600555               0.00000        0.500000
19             0.600555               0.00000        0.500000
39             0.600555               0.00000        0.500000
37             0.600555               0.00000        0.500000
13             0.600555               0.00000        0.500000
35             0.600555               0.00000        0.500000
33             0.600555               0.00000        0.500000
15             0.600555               0.00000        0.500000
31             0.600555               0.00000        0.500000
1              0.600555               0.00000        0.500000
29             0.600555               0.00000        0.500000
27             0.600555               0.00000        0.500000
17             0.600555               0.00000        0.500000
25             0.600555               0.00000        0.500000
23             0.600555               0.00000        0.500000
59             0.600555               0.00000        0.500000
2023-05-29 09:32:56,326 [INFO] Best model :
SVC(C=0.01, gamma=0.01, kernel='linear', random_state=42)
2023-05-29 09:32:56,336 [INFO] Save train_prediction_log data...
2023-05-29 09:32:56,339 [INFO] {'Data': 'train', 'ACC': '1.0 (736 / 736)', 'TP': 294, 'FP': 0, 'FN': 0, 'TN': 442, 'Precision': '1.0 (294 / 294 + 0)', 'Recall': '1.0 (294 / 294 + 0)', 'F1': '1.0 (2 * (1.0 * 1.0) / 1.0 + 1.0)', 'Specificity': '1.0 (442 / 442 + 0)', 'AUC': 1.0, 'r2': 1.0}
2023-05-29 09:32:56,343 [INFO] Save valid_prediction_log data...
2023-05-29 09:32:56,345 [INFO] {'Data': 'valid', 'ACC': '0.82 (152 / 185)', 'TP': 65, 'FP': 24, 'FN': 9, 'TN': 87, 'Precision': '0.73 (65 / 65 + 24)', 'Recall': '0.88 (65 / 65 + 9)', 'F1': '0.8 (2 * (0.88 * 0.73) / 0.88 + 0.73)', 'Specificity': '0.78 (87 / 87 + 24)', 'AUC': 0.83, 'r2': 0.26}
2023-05-29 09:32:56,356 [INFO] Save test_prediction_log data...
2023-05-29 09:32:56,359 [INFO] {'Data': 'test', 'ACC': '0.55 (102 / 185)', 'TP': 36, 'FP': 45, 'FN': 38, 'TN': 66, 'Precision': '0.44 (36 / 36 + 45)', 'Recall': '0.49 (36 / 36 + 38)', 'F1': '0.46 (2 * (0.49 * 0.44) / 0.49 + 0.44)', 'Specificity': '0.59 (66 / 66 + 45)', 'AUC': 0.54, 'r2': -0.87}
2023-05-29 09:32:56,360 [INFO] Save training_log data...
2023-05-29 09:32:56,363 [INFO] Save score_log data...
2023-05-29 09:32:56,364 [INFO] Time : 4.607593297958374
