2023-05-27 12:35:32,074 [INFO] Train data : Vary_params_CDK2_EGFR_LCK\DUD-E\CDK2\nG1_20\ECFP4_256bits\Standard\CDK2_train_vector.tsv
2023-05-27 12:35:32,074 [INFO] Valid data : Vary_params_CDK2_EGFR_LCK\DUD-E\CDK2\nG1_20\ECFP4_256bits\Standard\CDK2_valid_vector.tsv
2023-05-27 12:35:32,074 [INFO] Output path : Vary_params_CDK2_EGFR_LCK\DUD-E\CDK2\nG1_20\ECFP4_256bits\Standard\CDK2_model\MLP
2023-05-27 12:35:32,074 [INFO] Model type : MLP
2023-05-27 12:35:32,074 [INFO] Use cores : 19
2023-05-27 12:35:32,114 [INFO] Start Learning model
2023-05-27 12:35:32,114 [INFO] Train : 878 | Valid : 212
2023-05-27 12:35:32,114 [INFO] Set parameters : {'hidden_layer_sizes': [(50,), (100,), (50, 50), (100, 100)], 'learning_rate': ['constant', 'invscaling', 'adaptive'], 'activation': ['relu', 'identity', 'logistic', 'tanh'], 'solver': ['adam', 'sgd', 'lbfgs'], 'alpha': [0.1, 0.01, 0.001], 'max_iter': [500, 1000], 'early_stopping': [True]}
2023-05-27 12:38:41,762 [INFO] GridSearchCV results :
     mean_valid_accuracy  mean_valid_precision  mean_valid_auc
552             0.898589              0.938529        0.887350
621             0.898589              0.938529        0.887350
618             0.898589              0.938529        0.887350
555             0.898589              0.938529        0.887350
627             0.898589              0.938529        0.887350
..                   ...                   ...             ...
505             0.560266              0.083333        0.488530
592             0.571761              0.083333        0.494248
436             0.560266              0.083333        0.488530
433             0.560266              0.083333        0.488530
445             0.571761              0.083333        0.494248

[864 rows x 3 columns]
2023-05-27 12:38:41,763 [INFO] Best model :
MLPClassifier(activation='logistic', alpha=0.01, early_stopping=True,
              hidden_layer_sizes=(50, 50), max_iter=500, random_state=42)
2023-05-27 12:38:41,772 [INFO] Save train_prediction_log data...
2023-05-27 12:38:41,775 [INFO] {'Data': 'train', 'ACC': '0.97 (849 / 878)', 'TP': 354, 'FP': 14, 'FN': 15, 'TN': 495, 'Precision': '0.96 (354 / 354 + 14)', 'Recall': '0.96 (354 / 354 + 15)', 'F1': '0.96 (2 * (0.96 * 0.96) / 0.96 + 0.96)', 'Specificity': '0.97 (495 / 495 + 14)', 'AUC': 0.97, 'r2': 0.86}
2023-05-27 12:38:41,779 [INFO] Save valid_prediction_log data...
2023-05-27 12:38:41,781 [INFO] {'Data': 'valid', 'ACC': '0.93 (198 / 212)', 'TP': 84, 'FP': 13, 'FN': 1, 'TN': 114, 'Precision': '0.87 (84 / 84 + 13)', 'Recall': '0.99 (84 / 84 + 1)', 'F1': '0.93 (2 * (0.99 * 0.87) / 0.99 + 0.87)', 'Specificity': '0.9 (114 / 114 + 13)', 'AUC': 0.94, 'r2': 0.73}
2023-05-27 12:38:41,795 [INFO] Save test_prediction_log data...
2023-05-27 12:38:41,797 [INFO] {'Data': 'test', 'ACC': '0.53 (113 / 212)', 'TP': 62, 'FP': 76, 'FN': 23, 'TN': 51, 'Precision': '0.45 (62 / 62 + 76)', 'Recall': '0.73 (62 / 62 + 23)', 'F1': '0.56 (2 * (0.73 * 0.45) / 0.73 + 0.45)', 'Specificity': '0.4 (51 / 51 + 76)', 'AUC': 0.57, 'r2': -0.94}
2023-05-27 12:38:41,800 [INFO] Save training_log data...
2023-05-27 12:38:41,805 [INFO] Save score_log data...
2023-05-27 12:38:41,806 [INFO] Time : 189.7321698665619
