2023-05-28 23:53:10,160 [INFO] Train data : Vary_params_ABL_BRAF_FGFR1\DUD-E\ABL1\nG1_80\ECFP6_256bits\MinMax\ABL1_train_vector.tsv
2023-05-28 23:53:10,160 [INFO] Valid data : Vary_params_ABL_BRAF_FGFR1\DUD-E\ABL1\nG1_80\ECFP6_256bits\MinMax\ABL1_valid_vector.tsv
2023-05-28 23:53:10,160 [INFO] Output path : Vary_params_ABL_BRAF_FGFR1\DUD-E\ABL1\nG1_80\ECFP6_256bits\MinMax\ABL1_model\SVM
2023-05-28 23:53:10,160 [INFO] Model type : SVM
2023-05-28 23:53:10,160 [INFO] Use cores : 19
2023-05-28 23:53:10,174 [INFO] Start Learning model
2023-05-28 23:53:10,174 [INFO] Train : 234 | Valid : 66
2023-05-28 23:53:10,174 [INFO] Set parameters : {'kernel': ['linear', 'rbf'], 'C': [0.01, 0.1, 1, 10, 100, 1000], 'gamma': [0.01, 0.1, 1, 100, 1000]}
2023-05-28 23:53:13,657 [INFO] GridSearchCV results :
    mean_valid_accuracy  mean_valid_precision  mean_valid_auc
21             0.949457              1.000000        0.922321
0              0.953442              0.985714        0.931696
2              0.953442              0.985714        0.931696
4              0.953442              0.985714        0.931696
6              0.953442              0.985714        0.931696
8              0.953442              0.985714        0.931696
41             0.957428              0.962103        0.944881
31             0.957428              0.962103        0.944881
51             0.957428              0.962103        0.944881
12             0.944565              0.913333        0.943125
18             0.944565              0.913333        0.943125
16             0.944565              0.913333        0.943125
14             0.944565              0.913333        0.943125
10             0.944565              0.913333        0.943125
50             0.940217              0.904444        0.939792
48             0.940217              0.904444        0.939792
52             0.940217              0.904444        0.939792
46             0.940217              0.904444        0.939792
54             0.940217              0.904444        0.939792
44             0.940217              0.904444        0.939792
42             0.940217              0.904444        0.939792
56             0.940217              0.904444        0.939792
58             0.940217              0.904444        0.939792
40             0.940217              0.904444        0.939792
38             0.940217              0.904444        0.939792
36             0.940217              0.904444        0.939792
34             0.940217              0.904444        0.939792
32             0.940217              0.904444        0.939792
30             0.940217              0.904444        0.939792
28             0.940217              0.904444        0.939792
26             0.940217              0.904444        0.939792
24             0.940217              0.904444        0.939792
22             0.940217              0.904444        0.939792
20             0.940217              0.904444        0.939792
43             0.713768              0.500000        0.559821
33             0.713768              0.500000        0.559821
53             0.713768              0.500000        0.559821
55             0.683877              0.200000        0.513393
35             0.683877              0.200000        0.513393
45             0.683877              0.200000        0.513393
23             0.683877              0.200000        0.513393
9              0.675362              0.000000        0.500000
7              0.675362              0.000000        0.500000
29             0.675362              0.000000        0.500000
13             0.675362              0.000000        0.500000
5              0.675362              0.000000        0.500000
57             0.675362              0.000000        0.500000
3              0.675362              0.000000        0.500000
11             0.675362              0.000000        0.500000
19             0.675362              0.000000        0.500000
49             0.675362              0.000000        0.500000
15             0.675362              0.000000        0.500000
47             0.675362              0.000000        0.500000
17             0.675362              0.000000        0.500000
1              0.675362              0.000000        0.500000
39             0.675362              0.000000        0.500000
37             0.675362              0.000000        0.500000
25             0.675362              0.000000        0.500000
27             0.675362              0.000000        0.500000
59             0.675362              0.000000        0.500000
2023-05-28 23:53:13,658 [INFO] Best model :
SVC(C=1, gamma=0.01, random_state=42)
2023-05-28 23:53:13,666 [INFO] Save train_prediction_log data...
2023-05-28 23:53:13,669 [INFO] {'Data': 'train', 'ACC': '0.98 (229 / 234)', 'TP': 71, 'FP': 0, 'FN': 5, 'TN': 158, 'Precision': '1.0 (71 / 71 + 0)', 'Recall': '0.93 (71 / 71 + 5)', 'F1': '0.96 (2 * (0.93 * 1.0) / 0.93 + 1.0)', 'Specificity': '1.0 (158 / 158 + 0)', 'AUC': 0.97, 'r2': 0.9}
2023-05-28 23:53:13,673 [INFO] Save valid_prediction_log data...
2023-05-28 23:53:13,674 [INFO] {'Data': 'valid', 'ACC': '1.0 (66 / 66)', 'TP': 26, 'FP': 0, 'FN': 0, 'TN': 40, 'Precision': '1.0 (26 / 26 + 0)', 'Recall': '1.0 (26 / 26 + 0)', 'F1': '1.0 (2 * (1.0 * 1.0) / 1.0 + 1.0)', 'Specificity': '1.0 (40 / 40 + 0)', 'AUC': 1.0, 'r2': 1.0}
2023-05-28 23:53:13,683 [INFO] Save test_prediction_log data...
2023-05-28 23:53:13,685 [INFO] {'Data': 'test', 'ACC': '0.68 (45 / 66)', 'TP': 7, 'FP': 2, 'FN': 19, 'TN': 38, 'Precision': '0.78 (7 / 7 + 2)', 'Recall': '0.27 (7 / 7 + 19)', 'F1': '0.4 (2 * (0.27 * 0.78) / 0.27 + 0.78)', 'Specificity': '0.95 (38 / 38 + 2)', 'AUC': 0.61, 'r2': -0.33}
2023-05-28 23:53:13,687 [INFO] Save training_log data...
2023-05-28 23:53:13,688 [INFO] Save score_log data...
2023-05-28 23:53:13,689 [INFO] Time : 3.5288071632385254
