2023-05-28 10:54:27,714 [INFO] Train data : AF_Baseline\DUD-E\MK14\ECFP4_256bits\Robust\MK14_train.tsv
2023-05-28 10:54:27,714 [INFO] Valid data : AF_Baseline\DUD-E\MK14\ECFP4_256bits\Robust\MK14_valid.tsv
2023-05-28 10:54:27,715 [INFO] Output path : AF_Baseline\DUD-E\MK14\ECFP4_256bits\Robust\MK14_model\MLP
2023-05-28 10:54:27,715 [INFO] Model type : MLP
2023-05-28 10:54:27,715 [INFO] Use cores : 12
2023-05-28 10:54:27,735 [INFO] Start Learning model
2023-05-28 10:54:27,735 [INFO] Train : 901 | Valid : 225
2023-05-28 10:54:27,735 [INFO] Set parameters : {'hidden_layer_sizes': [(50,), (100,), (50, 50), (100, 100)], 'learning_rate': ['constant', 'invscaling', 'adaptive'], 'activation': ['relu', 'identity', 'logistic', 'tanh'], 'solver': ['adam', 'sgd', 'lbfgs'], 'alpha': [0.1, 0.01, 0.001], 'max_iter': [500, 1000], 'early_stopping': [True]}
2023-05-28 10:57:49,631 [INFO] GridSearchCV results :
     mean_valid_accuracy  mean_valid_precision  mean_valid_auc
501              0.94674              0.974342        0.937517
498              0.94674              0.974342        0.937517
495              0.94674              0.974342        0.937517
492              0.94674              0.974342        0.937517
489              0.94674              0.974342        0.937517
..                   ...                   ...             ...
541              0.60044              0.000000        0.500000
618              0.60044              0.000000        0.500000
543              0.60044              0.000000        0.500000
544              0.60044              0.000000        0.500000
612              0.60044              0.000000        0.500000

[864 rows x 3 columns]
2023-05-28 10:57:49,632 [INFO] Best model :
MLPClassifier(activation='logistic', alpha=0.1, early_stopping=True,
              hidden_layer_sizes=(100, 100), max_iter=500, random_state=42)
2023-05-28 10:57:49,645 [INFO] Save train_prediction_log data...
2023-05-28 10:57:49,649 [INFO] {'Data': 'train', 'ACC': '0.98 (879 / 901)', 'TP': 350, 'FP': 12, 'FN': 10, 'TN': 529, 'Precision': '0.97 (350 / 350 + 12)', 'Recall': '0.97 (350 / 350 + 10)', 'F1': '0.97 (2 * (0.97 * 0.97) / 0.97 + 0.97)', 'Specificity': '0.98 (529 / 529 + 12)', 'AUC': 0.98, 'r2': 0.9}
2023-05-28 10:57:49,655 [INFO] Save valid_prediction_log data...
2023-05-28 10:57:49,657 [INFO] {'Data': 'valid', 'ACC': '0.96 (216 / 225)', 'TP': 89, 'FP': 8, 'FN': 1, 'TN': 127, 'Precision': '0.92 (89 / 89 + 8)', 'Recall': '0.99 (89 / 89 + 1)', 'F1': '0.95 (2 * (0.99 * 0.92) / 0.99 + 0.92)', 'Specificity': '0.94 (127 / 127 + 8)', 'AUC': 0.96, 'r2': 0.83}
2023-05-28 10:57:49,669 [INFO] Save test_prediction_log data...
2023-05-28 10:57:49,671 [INFO] {'Data': 'test', 'ACC': '0.65 (147 / 225)', 'TP': 72, 'FP': 60, 'FN': 18, 'TN': 75, 'Precision': '0.55 (72 / 72 + 60)', 'Recall': '0.8 (72 / 72 + 18)', 'F1': '0.65 (2 * (0.8 * 0.55) / 0.8 + 0.55)', 'Specificity': '0.56 (75 / 75 + 60)', 'AUC': 0.68, 'r2': -0.44}
2023-05-28 10:57:49,674 [INFO] Save training_log data...
2023-05-28 10:57:49,678 [INFO] Save score_log data...
2023-05-28 10:57:49,679 [INFO] Time : 201.96570920944214
