2023-05-29 03:47:10,715 [INFO] Train data : Vary_params\DUD-E\KPCB\nG1_20\ECFP6_512bits\MinMax\KPCB_train_vector.tsv
2023-05-29 03:47:10,715 [INFO] Valid data : Vary_params\DUD-E\KPCB\nG1_20\ECFP6_512bits\MinMax\KPCB_valid_vector.tsv
2023-05-29 03:47:10,716 [INFO] Output path : Vary_params\DUD-E\KPCB\nG1_20\ECFP6_512bits\MinMax\KPCB_model\SVM
2023-05-29 03:47:10,716 [INFO] Model type : SVM
2023-05-29 03:47:10,716 [INFO] Use cores : 11
2023-05-29 03:47:10,741 [INFO] Start Learning model
2023-05-29 03:47:10,741 [INFO] Train : 198 | Valid : 42
2023-05-29 03:47:10,741 [INFO] Set parameters : {'kernel': ['linear', 'rbf'], 'C': [0.01, 0.1, 1, 10, 100, 1000], 'gamma': [0.01, 0.1, 1, 100, 1000]}
2023-05-29 03:47:14,689 [INFO] GridSearchCV results :
    mean_valid_accuracy  mean_valid_precision  mean_valid_auc
21             0.955000              1.000000        0.955000
30             0.959737              0.980909        0.960000
26             0.959737              0.980909        0.960000
24             0.959737              0.980909        0.960000
32             0.959737              0.980909        0.960000
22             0.959737              0.980909        0.960000
20             0.959737              0.980909        0.960000
34             0.959737              0.980909        0.960000
18             0.959737              0.980909        0.960000
36             0.959737              0.980909        0.960000
16             0.959737              0.980909        0.960000
38             0.959737              0.980909        0.960000
14             0.959737              0.980909        0.960000
40             0.959737              0.980909        0.960000
12             0.959737              0.980909        0.960000
42             0.959737              0.980909        0.960000
10             0.959737              0.980909        0.960000
44             0.959737              0.980909        0.960000
46             0.959737              0.980909        0.960000
48             0.959737              0.980909        0.960000
50             0.959737              0.980909        0.960000
52             0.959737              0.980909        0.960000
54             0.959737              0.980909        0.960000
56             0.959737              0.980909        0.960000
58             0.959737              0.980909        0.960000
28             0.959737              0.980909        0.960000
0              0.944737              0.980000        0.945000
4              0.944737              0.980000        0.945000
8              0.944737              0.980000        0.945000
2              0.944737              0.980000        0.945000
6              0.944737              0.980000        0.945000
41             0.944737              0.978889        0.945000
31             0.944737              0.978889        0.945000
51             0.944737              0.978889        0.945000
53             0.813421              0.900000        0.810556
43             0.813421              0.900000        0.810556
33             0.813421              0.900000        0.810556
23             0.803421              0.900000        0.800000
11             0.525263              0.200000        0.515000
55             0.510263              0.000000        0.500000
3              0.510263              0.000000        0.500000
5              0.510263              0.000000        0.500000
57             0.510263              0.000000        0.500000
49             0.510263              0.000000        0.500000
7              0.510263              0.000000        0.500000
47             0.510263              0.000000        0.500000
27             0.510263              0.000000        0.500000
45             0.510263              0.000000        0.500000
9              0.510263              0.000000        0.500000
25             0.510263              0.000000        0.500000
13             0.510263              0.000000        0.500000
39             0.510263              0.000000        0.500000
15             0.510263              0.000000        0.500000
37             0.510263              0.000000        0.500000
17             0.510263              0.000000        0.500000
35             0.510263              0.000000        0.500000
19             0.510263              0.000000        0.500000
1              0.510263              0.000000        0.500000
29             0.510263              0.000000        0.500000
59             0.510263              0.000000        0.500000
2023-05-29 03:47:14,692 [INFO] Best model :
SVC(C=1, gamma=0.01, random_state=42)
2023-05-29 03:47:14,705 [INFO] Save train_prediction_log data...
2023-05-29 03:47:14,708 [INFO] {'Data': 'train', 'ACC': '0.99 (196 / 198)', 'TP': 95, 'FP': 0, 'FN': 2, 'TN': 101, 'Precision': '1.0 (95 / 95 + 0)', 'Recall': '0.98 (95 / 95 + 2)', 'F1': '0.99 (2 * (0.98 * 1.0) / 0.98 + 1.0)', 'Specificity': '1.0 (101 / 101 + 0)', 'AUC': 0.99, 'r2': 0.96}
2023-05-29 03:47:14,714 [INFO] Save valid_prediction_log data...
2023-05-29 03:47:14,717 [INFO] {'Data': 'valid', 'ACC': '1.0 (42 / 42)', 'TP': 17, 'FP': 0, 'FN': 0, 'TN': 25, 'Precision': '1.0 (17 / 17 + 0)', 'Recall': '1.0 (17 / 17 + 0)', 'F1': '1.0 (2 * (1.0 * 1.0) / 1.0 + 1.0)', 'Specificity': '1.0 (25 / 25 + 0)', 'AUC': 1.0, 'r2': 1.0}
2023-05-29 03:47:14,734 [INFO] Save test_prediction_log data...
2023-05-29 03:47:14,737 [INFO] {'Data': 'test', 'ACC': '0.79 (33 / 42)', 'TP': 9, 'FP': 1, 'FN': 8, 'TN': 24, 'Precision': '0.9 (9 / 9 + 1)', 'Recall': '0.53 (9 / 9 + 8)', 'F1': '0.67 (2 * (0.53 * 0.9) / 0.53 + 0.9)', 'Specificity': '0.96 (24 / 24 + 1)', 'AUC': 0.74, 'r2': 0.11}
2023-05-29 03:47:14,739 [INFO] Save training_log data...
2023-05-29 03:47:14,742 [INFO] Save score_log data...
2023-05-29 03:47:14,745 [INFO] Time : 4.029884338378906
