2023-05-28 13:03:28,103 [INFO] Train data : Vary_params\DUD-E\CSF1R\nG1_80\ECFP6_512bits\MinMax\CSF1R_train_vector.tsv
2023-05-28 13:03:28,103 [INFO] Valid data : Vary_params\DUD-E\CSF1R\nG1_80\ECFP6_512bits\MinMax\CSF1R_valid_vector.tsv
2023-05-28 13:03:28,104 [INFO] Output path : Vary_params\DUD-E\CSF1R\nG1_80\ECFP6_512bits\MinMax\CSF1R_model\SVM
2023-05-28 13:03:28,104 [INFO] Model type : SVM
2023-05-28 13:03:28,104 [INFO] Use cores : 11
2023-05-28 13:03:28,129 [INFO] Start Learning model
2023-05-28 13:03:28,129 [INFO] Train : 156 | Valid : 47
2023-05-28 13:03:28,130 [INFO] Set parameters : {'kernel': ['linear', 'rbf'], 'C': [0.01, 0.1, 1, 10, 100, 1000], 'gamma': [0.01, 0.1, 1, 100, 1000]}
2023-05-28 13:03:31,836 [INFO] GridSearchCV results :
    mean_valid_accuracy  mean_valid_precision  mean_valid_auc
41             0.943333                0.9800        0.913333
51             0.943333                0.9800        0.913333
31             0.943333                0.9800        0.913333
30             0.937083                0.9225        0.927652
32             0.937083                0.9225        0.927652
26             0.937083                0.9225        0.927652
34             0.937083                0.9225        0.927652
24             0.937083                0.9225        0.927652
36             0.937083                0.9225        0.927652
22             0.937083                0.9225        0.927652
20             0.937083                0.9225        0.927652
38             0.937083                0.9225        0.927652
18             0.937083                0.9225        0.927652
40             0.937083                0.9225        0.927652
16             0.937083                0.9225        0.927652
14             0.937083                0.9225        0.927652
42             0.937083                0.9225        0.927652
12             0.937083                0.9225        0.927652
44             0.937083                0.9225        0.927652
10             0.937083                0.9225        0.927652
46             0.937083                0.9225        0.927652
48             0.937083                0.9225        0.927652
50             0.937083                0.9225        0.927652
52             0.937083                0.9225        0.927652
54             0.937083                0.9225        0.927652
56             0.937083                0.9225        0.927652
58             0.937083                0.9225        0.927652
28             0.937083                0.9225        0.927652
21             0.912083                0.9000        0.852500
0              0.912083                0.8800        0.857955
2              0.912083                0.8800        0.857955
4              0.912083                0.8800        0.857955
6              0.912083                0.8800        0.857955
8              0.912083                0.8800        0.857955
33             0.731250                0.2000        0.522500
53             0.731250                0.2000        0.522500
43             0.731250                0.2000        0.522500
1              0.718333                0.0000        0.500000
9              0.718333                0.0000        0.500000
57             0.718333                0.0000        0.500000
3              0.718333                0.0000        0.500000
55             0.718333                0.0000        0.500000
5              0.718333                0.0000        0.500000
7              0.718333                0.0000        0.500000
49             0.718333                0.0000        0.500000
47             0.718333                0.0000        0.500000
45             0.718333                0.0000        0.500000
29             0.718333                0.0000        0.500000
11             0.718333                0.0000        0.500000
13             0.718333                0.0000        0.500000
15             0.718333                0.0000        0.500000
17             0.718333                0.0000        0.500000
39             0.718333                0.0000        0.500000
19             0.718333                0.0000        0.500000
37             0.718333                0.0000        0.500000
23             0.718333                0.0000        0.500000
35             0.718333                0.0000        0.500000
25             0.718333                0.0000        0.500000
27             0.718333                0.0000        0.500000
59             0.718333                0.0000        0.500000
2023-05-28 13:03:31,845 [INFO] Best model :
SVC(C=10, gamma=0.01, random_state=42)
2023-05-28 13:03:31,855 [INFO] Save train_prediction_log data...
2023-05-28 13:03:31,861 [INFO] {'Data': 'train', 'ACC': '1.0 (156 / 156)', 'TP': 44, 'FP': 0, 'FN': 0, 'TN': 112, 'Precision': '1.0 (44 / 44 + 0)', 'Recall': '1.0 (44 / 44 + 0)', 'F1': '1.0 (2 * (1.0 * 1.0) / 1.0 + 1.0)', 'Specificity': '1.0 (112 / 112 + 0)', 'AUC': 1.0, 'r2': 1.0}
2023-05-28 13:03:31,871 [INFO] Save valid_prediction_log data...
2023-05-28 13:03:31,875 [INFO] {'Data': 'valid', 'ACC': '1.0 (47 / 47)', 'TP': 19, 'FP': 0, 'FN': 0, 'TN': 28, 'Precision': '1.0 (19 / 19 + 0)', 'Recall': '1.0 (19 / 19 + 0)', 'F1': '1.0 (2 * (1.0 * 1.0) / 1.0 + 1.0)', 'Specificity': '1.0 (28 / 28 + 0)', 'AUC': 1.0, 'r2': 1.0}
2023-05-28 13:03:31,892 [INFO] Save test_prediction_log data...
2023-05-28 13:03:31,896 [INFO] {'Data': 'test', 'ACC': '0.77 (36 / 47)', 'TP': 11, 'FP': 3, 'FN': 8, 'TN': 25, 'Precision': '0.79 (11 / 11 + 3)', 'Recall': '0.58 (11 / 11 + 8)', 'F1': '0.67 (2 * (0.58 * 0.79) / 0.58 + 0.79)', 'Specificity': '0.89 (25 / 25 + 3)', 'AUC': 0.74, 'r2': 0.03}
2023-05-28 13:03:31,900 [INFO] Save training_log data...
2023-05-28 13:03:31,902 [INFO] Save score_log data...
2023-05-28 13:03:31,904 [INFO] Time : 3.800955057144165
