2023-05-27 23:59:51,879 [INFO] Train data : Vary_params_A\DUD-E\JAK2\nG1_80\ECFP6_512bits\Standard\JAK2_train_vector.tsv
2023-05-27 23:59:51,879 [INFO] Valid data : Vary_params_A\DUD-E\JAK2\nG1_80\ECFP6_512bits\Standard\JAK2_valid_vector.tsv
2023-05-27 23:59:51,879 [INFO] Output path : Vary_params_A\DUD-E\JAK2\nG1_80\ECFP6_512bits\Standard\JAK2_model\SVM
2023-05-27 23:59:51,879 [INFO] Model type : SVM
2023-05-27 23:59:51,879 [INFO] Use cores : 3
2023-05-27 23:59:51,922 [INFO] Start Learning model
2023-05-27 23:59:51,922 [INFO] Train : 82 | Valid : 28
2023-05-27 23:59:51,922 [INFO] Set parameters : {'kernel': ['linear', 'rbf'], 'C': [0.01, 0.1, 1, 10, 100, 1000], 'gamma': [0.01, 0.1, 1, 100, 1000]}
2023-05-27 23:59:57,247 [INFO] GridSearchCV results :
    mean_valid_accuracy  mean_valid_precision  mean_valid_auc
0              0.952778                   1.0             0.9
20             0.952778                   1.0             0.9
24             0.952778                   1.0             0.9
26             0.952778                   1.0             0.9
28             0.952778                   1.0             0.9
32             0.952778                   1.0             0.9
34             0.952778                   1.0             0.9
36             0.952778                   1.0             0.9
38             0.952778                   1.0             0.9
40             0.952778                   1.0             0.9
42             0.952778                   1.0             0.9
44             0.952778                   1.0             0.9
46             0.952778                   1.0             0.9
48             0.952778                   1.0             0.9
50             0.952778                   1.0             0.9
52             0.952778                   1.0             0.9
54             0.952778                   1.0             0.9
56             0.952778                   1.0             0.9
58             0.952778                   1.0             0.9
22             0.952778                   1.0             0.9
30             0.952778                   1.0             0.9
10             0.952778                   1.0             0.9
2              0.952778                   1.0             0.9
18             0.952778                   1.0             0.9
8              0.952778                   1.0             0.9
16             0.952778                   1.0             0.9
4              0.952778                   1.0             0.9
12             0.952778                   1.0             0.9
6              0.952778                   1.0             0.9
14             0.952778                   1.0             0.9
49             0.818056                   0.0             0.5
9              0.818056                   0.0             0.5
45             0.818056                   0.0             0.5
47             0.818056                   0.0             0.5
7              0.818056                   0.0             0.5
21             0.818056                   0.0             0.5
43             0.818056                   0.0             0.5
5              0.818056                   0.0             0.5
53             0.818056                   0.0             0.5
55             0.818056                   0.0             0.5
3              0.818056                   0.0             0.5
57             0.818056                   0.0             0.5
51             0.818056                   0.0             0.5
11             0.818056                   0.0             0.5
41             0.818056                   0.0             0.5
19             0.818056                   0.0             0.5
39             0.818056                   0.0             0.5
37             0.818056                   0.0             0.5
13             0.818056                   0.0             0.5
35             0.818056                   0.0             0.5
33             0.818056                   0.0             0.5
15             0.818056                   0.0             0.5
31             0.818056                   0.0             0.5
1              0.818056                   0.0             0.5
29             0.818056                   0.0             0.5
27             0.818056                   0.0             0.5
17             0.818056                   0.0             0.5
25             0.818056                   0.0             0.5
23             0.818056                   0.0             0.5
59             0.818056                   0.0             0.5
2023-05-27 23:59:57,249 [INFO] Best model :
SVC(C=0.01, gamma=0.01, kernel='linear', random_state=42)
2023-05-27 23:59:57,256 [INFO] Save train_prediction_log data...
2023-05-27 23:59:57,261 [INFO] {'Data': 'train', 'ACC': '1.0 (82 / 82)', 'TP': 15, 'FP': 0, 'FN': 0, 'TN': 67, 'Precision': '1.0 (15 / 15 + 0)', 'Recall': '1.0 (15 / 15 + 0)', 'F1': '1.0 (2 * (1.0 * 1.0) / 1.0 + 1.0)', 'Specificity': '1.0 (67 / 67 + 0)', 'AUC': 1.0, 'r2': 1.0}
2023-05-27 23:59:57,269 [INFO] Save valid_prediction_log data...
2023-05-27 23:59:57,272 [INFO] {'Data': 'valid', 'ACC': '0.79 (22 / 28)', 'TP': 5, 'FP': 0, 'FN': 6, 'TN': 17, 'Precision': '1.0 (5 / 5 + 0)', 'Recall': '0.45 (5 / 5 + 6)', 'F1': '0.62 (2 * (0.45 * 1.0) / 0.45 + 1.0)', 'Specificity': '1.0 (17 / 17 + 0)', 'AUC': 0.73, 'r2': 0.1}
2023-05-27 23:59:57,297 [INFO] Save test_prediction_log data...
2023-05-27 23:59:57,300 [INFO] {'Data': 'test', 'ACC': '0.61 (17 / 28)', 'TP': 0, 'FP': 0, 'FN': 11, 'TN': 17, 'Precision': '0 (0 / 0 + 0)', 'Recall': '0 (0 / 0 + 11)', 'F1': '0 (2 * (0 * 0) / 0 + 0)', 'Specificity': '1.0 (17 / 17 + 0)', 'AUC': 0.5, 'r2': -0.65}
2023-05-27 23:59:57,304 [INFO] Save training_log data...
2023-05-27 23:59:57,306 [INFO] Save score_log data...
2023-05-27 23:59:57,307 [INFO] Time : 5.429096698760986
