2023-05-29 09:10:25,697 [INFO] Train data : Vary_params_CDK2_EGFR_LCK\DUD-E\LCK\nG1_50\ECFP4_512bits\MinMax\LCK_train_vector.tsv
2023-05-29 09:10:25,697 [INFO] Valid data : Vary_params_CDK2_EGFR_LCK\DUD-E\LCK\nG1_50\ECFP4_512bits\MinMax\LCK_valid_vector.tsv
2023-05-29 09:10:25,697 [INFO] Output path : Vary_params_CDK2_EGFR_LCK\DUD-E\LCK\nG1_50\ECFP4_512bits\MinMax\LCK_model\SVM
2023-05-29 09:10:25,697 [INFO] Model type : SVM
2023-05-29 09:10:25,697 [INFO] Use cores : 19
2023-05-29 09:10:25,734 [INFO] Start Learning model
2023-05-29 09:10:25,734 [INFO] Train : 736 | Valid : 185
2023-05-29 09:10:25,734 [INFO] Set parameters : {'kernel': ['linear', 'rbf'], 'C': [0.01, 0.1, 1, 10, 100, 1000], 'gamma': [0.01, 0.1, 1, 100, 1000]}
2023-05-29 09:10:33,295 [INFO] GridSearchCV results :
    mean_valid_accuracy  mean_valid_precision  mean_valid_auc
43             0.858663              1.000000        0.822931
23             0.839708              1.000000        0.799368
53             0.858663              1.000000        0.822931
11             0.903480              1.000000        0.879253
33             0.858663              1.000000        0.822931
21             0.974250              0.989770        0.969547
0              0.968789              0.986207        0.963296
2              0.968789              0.986207        0.963296
4              0.968789              0.986207        0.963296
6              0.968789              0.986207        0.963296
8              0.968789              0.986207        0.963296
51             0.972825              0.973426        0.970704
41             0.972825              0.973426        0.970704
31             0.972825              0.973426        0.970704
14             0.959200              0.955590        0.957015
18             0.959200              0.955590        0.957015
10             0.959200              0.955590        0.957015
16             0.959200              0.955590        0.957015
12             0.959200              0.955590        0.957015
50             0.955146              0.942584        0.954269
48             0.955146              0.942584        0.954269
46             0.955146              0.942584        0.954269
44             0.955146              0.942584        0.954269
52             0.955146              0.942584        0.954269
56             0.955146              0.942584        0.954269
42             0.955146              0.942584        0.954269
58             0.955146              0.942584        0.954269
40             0.955146              0.942584        0.954269
38             0.955146              0.942584        0.954269
36             0.955146              0.942584        0.954269
34             0.955146              0.942584        0.954269
54             0.955146              0.942584        0.954269
30             0.955146              0.942584        0.954269
32             0.955146              0.942584        0.954269
28             0.955146              0.942584        0.954269
22             0.955146              0.942584        0.954269
24             0.955146              0.942584        0.954269
26             0.955146              0.942584        0.954269
20             0.955146              0.942584        0.954269
39             0.600555              0.000000        0.500000
17             0.600555              0.000000        0.500000
3              0.600555              0.000000        0.500000
57             0.600555              0.000000        0.500000
5              0.600555              0.000000        0.500000
55             0.600555              0.000000        0.500000
7              0.600555              0.000000        0.500000
9              0.600555              0.000000        0.500000
13             0.600555              0.000000        0.500000
15             0.600555              0.000000        0.500000
49             0.600555              0.000000        0.500000
27             0.600555              0.000000        0.500000
19             0.600555              0.000000        0.500000
47             0.600555              0.000000        0.500000
1              0.600555              0.000000        0.500000
45             0.600555              0.000000        0.500000
35             0.600555              0.000000        0.500000
29             0.600555              0.000000        0.500000
25             0.600555              0.000000        0.500000
37             0.600555              0.000000        0.500000
59             0.600555              0.000000        0.500000
2023-05-29 09:10:33,296 [INFO] Best model :
SVC(C=0.1, gamma=0.01, random_state=42)
2023-05-29 09:10:33,363 [INFO] Save train_prediction_log data...
2023-05-29 09:10:33,366 [INFO] {'Data': 'train', 'ACC': '0.93 (688 / 736)', 'TP': 246, 'FP': 0, 'FN': 48, 'TN': 442, 'Precision': '1.0 (246 / 246 + 0)', 'Recall': '0.84 (246 / 246 + 48)', 'F1': '0.91 (2 * (0.84 * 1.0) / 0.84 + 1.0)', 'Specificity': '1.0 (442 / 442 + 0)', 'AUC': 0.92, 'r2': 0.73}
2023-05-29 09:10:33,387 [INFO] Save valid_prediction_log data...
2023-05-29 09:10:33,389 [INFO] {'Data': 'valid', 'ACC': '0.94 (174 / 185)', 'TP': 63, 'FP': 0, 'FN': 11, 'TN': 111, 'Precision': '1.0 (63 / 63 + 0)', 'Recall': '0.85 (63 / 63 + 11)', 'F1': '0.92 (2 * (0.85 * 1.0) / 0.85 + 1.0)', 'Specificity': '1.0 (111 / 111 + 0)', 'AUC': 0.93, 'r2': 0.75}
2023-05-29 09:10:33,419 [INFO] Save test_prediction_log data...
2023-05-29 09:10:33,422 [INFO] {'Data': 'test', 'ACC': '0.69 (127 / 185)', 'TP': 25, 'FP': 9, 'FN': 49, 'TN': 102, 'Precision': '0.74 (25 / 25 + 9)', 'Recall': '0.34 (25 / 25 + 49)', 'F1': '0.47 (2 * (0.34 * 0.74) / 0.34 + 0.74)', 'Specificity': '0.92 (102 / 102 + 9)', 'AUC': 0.63, 'r2': -0.31}
2023-05-29 09:10:33,424 [INFO] Save training_log data...
2023-05-29 09:10:34,196 [INFO] Save score_log data...
2023-05-29 09:10:34,198 [INFO] Time : 8.501130819320679
