2023-05-27 09:36:31,832 [INFO] Train data : Vary_params\DUD-E\AKT1\nG1_80\ECFP6_256bits\MinMax\AKT1_train_vector.tsv
2023-05-27 09:36:31,832 [INFO] Valid data : Vary_params\DUD-E\AKT1\nG1_80\ECFP6_256bits\MinMax\AKT1_valid_vector.tsv
2023-05-27 09:36:31,832 [INFO] Output path : Vary_params\DUD-E\AKT1\nG1_80\ECFP6_256bits\MinMax\AKT1_model\MLP
2023-05-27 09:36:31,832 [INFO] Model type : MLP
2023-05-27 09:36:31,832 [INFO] Use cores : 11
2023-05-27 09:36:31,853 [INFO] Start Learning model
2023-05-27 09:36:31,854 [INFO] Train : 451 | Valid : 120
2023-05-27 09:36:31,854 [INFO] Set parameters : {'hidden_layer_sizes': [(50,), (100,), (50, 50), (100, 100)], 'learning_rate': ['constant', 'invscaling', 'adaptive'], 'activation': ['relu', 'identity', 'logistic', 'tanh'], 'solver': ['adam', 'sgd', 'lbfgs'], 'alpha': [0.1, 0.01, 0.001], 'max_iter': [500, 1000], 'early_stopping': [True]}
2023-05-27 09:40:39,266 [INFO] GridSearchCV results :
     mean_valid_accuracy  mean_valid_precision  mean_valid_auc
606             0.882609                   1.0        0.837684
465             0.882609                   1.0        0.837684
600             0.882609                   1.0        0.837684
597             0.882609                   1.0        0.837684
594             0.882609                   1.0        0.837684
..                   ...                   ...             ...
634             0.640821                   0.0        0.500000
498             0.640821                   0.0        0.500000
499             0.640821                   0.0        0.500000
501             0.640821                   0.0        0.500000
615             0.640821                   0.0        0.500000

[864 rows x 3 columns]
2023-05-27 09:40:39,267 [INFO] Best model :
MLPClassifier(activation='logistic', alpha=0.1, early_stopping=True,
              max_iter=500, random_state=42)
2023-05-27 09:40:39,276 [INFO] Save train_prediction_log data...
2023-05-27 09:40:39,280 [INFO] {'Data': 'train', 'ACC': '0.9 (406 / 451)', 'TP': 117, 'FP': 0, 'FN': 45, 'TN': 289, 'Precision': '1.0 (117 / 117 + 0)', 'Recall': '0.72 (117 / 117 + 45)', 'F1': '0.84 (2 * (0.72 * 1.0) / 0.72 + 1.0)', 'Specificity': '1.0 (289 / 289 + 0)', 'AUC': 0.86, 'r2': 0.57}
2023-05-27 09:40:39,285 [INFO] Save valid_prediction_log data...
2023-05-27 09:40:39,288 [INFO] {'Data': 'valid', 'ACC': '0.98 (117 / 120)', 'TP': 45, 'FP': 0, 'FN': 3, 'TN': 72, 'Precision': '1.0 (45 / 45 + 0)', 'Recall': '0.94 (45 / 45 + 3)', 'F1': '0.97 (2 * (0.94 * 1.0) / 0.94 + 1.0)', 'Specificity': '1.0 (72 / 72 + 0)', 'AUC': 0.97, 'r2': 0.9}
2023-05-27 09:40:39,304 [INFO] Save test_prediction_log data...
2023-05-27 09:40:39,308 [INFO] {'Data': 'test', 'ACC': '0.67 (80 / 120)', 'TP': 8, 'FP': 0, 'FN': 40, 'TN': 72, 'Precision': '1.0 (8 / 8 + 0)', 'Recall': '0.17 (8 / 8 + 40)', 'F1': '0.29 (2 * (0.17 * 1.0) / 0.17 + 1.0)', 'Specificity': '1.0 (72 / 72 + 0)', 'AUC': 0.58, 'r2': -0.39}
2023-05-27 09:40:39,311 [INFO] Save training_log data...
2023-05-27 09:40:39,316 [INFO] Save score_log data...
2023-05-27 09:40:39,318 [INFO] Time : 247.48524951934814
