2023-05-30 01:40:17,805 [INFO] Train data : Baseline_noscale\DUD-E\MET\ECFP6_256bits\MET_raw_train.tsv
2023-05-30 01:40:17,805 [INFO] Valid data : Baseline_noscale\DUD-E\MET\ECFP6_256bits\MET_raw_valid.tsv
2023-05-30 01:40:17,805 [INFO] Output path : Baseline_noscale\DUD-E\MET\ECFP6_256bits\MET_model\XGB
2023-05-30 01:40:17,805 [INFO] Model type : XGB
2023-05-30 01:40:17,805 [INFO] Use cores : 12
2023-05-30 01:40:17,815 [INFO] Start Learning model
2023-05-30 01:40:17,815 [INFO] Train : 196 | Valid : 49
2023-05-30 01:40:17,816 [INFO] Set parameters : {'max_depth': [4, 6, 8], 'learning_rate': [0.01, 0.2], 'n_estimators': [200, 600, 1000], 'gamma': [0, 1000], 'min_child_weight': [1, 3], 'subsample': [0.5, 1], 'colsample_bytree': [0.5, 1], 'objective': ['binary:logitraw'], 'eval_metric': ['auc', 'error']}
2023-05-30 01:45:19,674 [INFO] GridSearchCV results :
     mean_valid_accuracy  mean_valid_precision  mean_valid_auc
0               0.940000              0.988889        0.927083
436             0.950000              0.988889        0.939583
32              0.945000              0.988889        0.933333
174             0.925000              0.988889        0.908333
172             0.950000              0.988889        0.939583
..                   ...                   ...             ...
108             0.602105              0.000000        0.500000
109             0.602105              0.000000        0.500000
110             0.602105              0.000000        0.500000
111             0.602105              0.000000        0.500000
575             0.602105              0.000000        0.500000

[576 rows x 3 columns]
2023-05-30 01:45:19,676 [INFO] Best model :
XGBClassifier(base_score=None, booster=None, callbacks=None,
              colsample_bylevel=None, colsample_bynode=None,
              colsample_bytree=0.5, early_stopping_rounds=None,
              enable_categorical=False, eval_metric='auc', feature_types=None,
              gamma=0, gpu_id=None, grow_policy=None, importance_type=None,
              interaction_constraints=None, learning_rate=0.01, max_bin=None,
              max_cat_threshold=None, max_cat_to_onehot=None,
              max_delta_step=None, max_depth=4, max_leaves=None,
              min_child_weight=1, missing=nan, monotone_constraints=None,
              n_estimators=200, n_jobs=0, num_parallel_tree=None,
              objective='binary:logitraw', predictor=None, ...)
2023-05-30 01:45:19,685 [INFO] Save train_prediction_log data...
2023-05-30 01:45:19,689 [INFO] {'Data': 'train', 'ACC': '0.99 (195 / 196)', 'TP': 77, 'FP': 0, 'FN': 1, 'TN': 118, 'Precision': '1.0 (77 / 77 + 0)', 'Recall': '0.99 (77 / 77 + 1)', 'F1': '0.99 (2 * (0.99 * 1.0) / 0.99 + 1.0)', 'Specificity': '1.0 (118 / 118 + 0)', 'AUC': 0.99, 'r2': 0.98}
2023-05-30 01:45:19,696 [INFO] Save valid_prediction_log data...
2023-05-30 01:45:19,698 [INFO] {'Data': 'valid', 'ACC': '0.98 (48 / 49)', 'TP': 20, 'FP': 1, 'FN': 0, 'TN': 28, 'Precision': '0.95 (20 / 20 + 1)', 'Recall': '1.0 (20 / 20 + 0)', 'F1': '0.97 (2 * (1.0 * 0.95) / 1.0 + 0.95)', 'Specificity': '0.97 (28 / 28 + 1)', 'AUC': 0.98, 'r2': 0.92}
2023-05-30 01:45:19,711 [INFO] Save test_prediction_log data...
2023-05-30 01:45:19,713 [INFO] {'Data': 'test', 'ACC': '0.63 (31 / 49)', 'TP': 3, 'FP': 1, 'FN': 17, 'TN': 28, 'Precision': '0.75 (3 / 3 + 1)', 'Recall': '0.15 (3 / 3 + 17)', 'F1': '0.25 (2 * (0.15 * 0.75) / 0.15 + 0.75)', 'Specificity': '0.97 (28 / 28 + 1)', 'AUC': 0.56, 'r2': -0.52}
2023-05-30 01:45:19,718 [INFO] Save training_log data...
2023-05-30 01:45:19,722 [INFO] Save score_log data...
2023-05-30 01:45:19,723 [INFO] Time : 301.9180872440338
