2023-05-26 14:28:02,291 [INFO] Train data : Vary_params\DUD-E\MAPK2\nG1_50\ECFP4_256bits\Standard\MAPK2_train_vector.tsv
2023-05-26 14:28:02,291 [INFO] Valid data : Vary_params\DUD-E\MAPK2\nG1_50\ECFP4_256bits\Standard\MAPK2_valid_vector.tsv
2023-05-26 14:28:02,291 [INFO] Output path : Vary_params\DUD-E\MAPK2\nG1_50\ECFP4_256bits\Standard\MAPK2_model\MLP
2023-05-26 14:28:02,291 [INFO] Model type : MLP
2023-05-26 14:28:02,292 [INFO] Use cores : 10
2023-05-26 14:28:02,307 [INFO] Start Learning model
2023-05-26 14:28:02,307 [INFO] Train : 102 | Valid : 25
2023-05-26 14:28:02,307 [INFO] Set parameters : {'hidden_layer_sizes': [(50,), (100,), (50, 50), (100, 100)], 'learning_rate': ['constant', 'invscaling', 'adaptive'], 'activation': ['relu', 'identity', 'logistic', 'tanh'], 'solver': ['adam', 'sgd', 'lbfgs'], 'alpha': [0.1, 0.01, 0.001], 'max_iter': [500, 1000], 'early_stopping': [True]}
2023-05-26 14:29:02,825 [INFO] GridSearchCV results :
     mean_valid_accuracy  mean_valid_precision  mean_valid_auc
242             0.951818                   1.0          0.9425
269             0.960909                   1.0          0.9525
66              0.920909                   1.0          0.9025
594             0.844545                   1.0          0.8100
63              0.920909                   1.0          0.9025
..                   ...                   ...             ...
532             0.598182                   0.0          0.5000
529             0.598182                   0.0          0.5000
526             0.598182                   0.0          0.5000
523             0.598182                   0.0          0.5000
639             0.598182                   0.0          0.5000

[864 rows x 3 columns]
2023-05-26 14:29:02,826 [INFO] Best model :
MLPClassifier(alpha=0.1, early_stopping=True, hidden_layer_sizes=(100, 100),
              max_iter=500, random_state=42)
2023-05-26 14:29:02,830 [INFO] Save train_prediction_log data...
2023-05-26 14:29:02,833 [INFO] {'Data': 'train', 'ACC': '1.0 (102 / 102)', 'TP': 41, 'FP': 0, 'FN': 0, 'TN': 61, 'Precision': '1.0 (41 / 41 + 0)', 'Recall': '1.0 (41 / 41 + 0)', 'F1': '1.0 (2 * (1.0 * 1.0) / 1.0 + 1.0)', 'Specificity': '1.0 (61 / 61 + 0)', 'AUC': 1.0, 'r2': 1.0}
2023-05-26 14:29:02,836 [INFO] Save valid_prediction_log data...
2023-05-26 14:29:02,838 [INFO] {'Data': 'valid', 'ACC': '1.0 (25 / 25)', 'TP': 10, 'FP': 0, 'FN': 0, 'TN': 15, 'Precision': '1.0 (10 / 10 + 0)', 'Recall': '1.0 (10 / 10 + 0)', 'F1': '1.0 (2 * (1.0 * 1.0) / 1.0 + 1.0)', 'Specificity': '1.0 (15 / 15 + 0)', 'AUC': 1.0, 'r2': 1.0}
2023-05-26 14:29:02,847 [INFO] Save test_prediction_log data...
2023-05-26 14:29:02,852 [INFO] {'Data': 'test', 'ACC': '0.76 (19 / 25)', 'TP': 6, 'FP': 2, 'FN': 4, 'TN': 13, 'Precision': '0.75 (6 / 6 + 2)', 'Recall': '0.6 (6 / 6 + 4)', 'F1': '0.67 (2 * (0.6 * 0.75) / 0.6 + 0.75)', 'Specificity': '0.87 (13 / 13 + 2)', 'AUC': 0.73, 'r2': 0.0}
2023-05-26 14:29:02,855 [INFO] Save training_log data...
2023-05-26 14:29:02,859 [INFO] Save score_log data...
2023-05-26 14:29:02,860 [INFO] Time : 60.56891345977783
