2023-05-29 17:51:32,091 [INFO] Train data : Baseline_noscale_DUDE\DUD-E\ABL1\ECFP6_256bits\ABL1_raw_train.tsv
2023-05-29 17:51:32,092 [INFO] Valid data : Baseline_noscale_DUDE\DUD-E\ABL1\ECFP6_256bits\ABL1_raw_valid.tsv
2023-05-29 17:51:32,092 [INFO] Output path : Baseline_noscale_DUDE\DUD-E\ABL1\ECFP6_256bits\ABL1_model\XGB
2023-05-29 17:51:32,092 [INFO] Model type : XGB
2023-05-29 17:51:32,092 [INFO] Use cores : 12
2023-05-29 17:51:32,101 [INFO] Start Learning model
2023-05-29 17:51:32,101 [INFO] Train : 264 | Valid : 66
2023-05-29 17:51:32,102 [INFO] Set parameters : {'max_depth': [4, 6, 8], 'learning_rate': [0.01, 0.2], 'n_estimators': [200, 600, 1000], 'gamma': [0, 1000], 'min_child_weight': [1, 3], 'subsample': [0.5, 1], 'colsample_bytree': [0.5, 1], 'objective': ['binary:logitraw'], 'eval_metric': ['auc', 'error']}
2023-05-29 17:58:09,449 [INFO] GridSearchCV results :
     mean_valid_accuracy  mean_valid_precision  mean_valid_auc
21              0.908974              0.946944        0.893258
165             0.908974              0.946944        0.893258
177             0.908974              0.946944        0.893258
33              0.908974              0.946944        0.893258
170             0.912821              0.946465        0.898712
..                   ...                   ...             ...
101             0.598575              0.000000        0.500000
102             0.598575              0.000000        0.500000
103             0.598575              0.000000        0.500000
104             0.598575              0.000000        0.500000
575             0.598575              0.000000        0.500000

[576 rows x 3 columns]
2023-05-29 17:58:09,450 [INFO] Best model :
XGBClassifier(base_score=None, booster=None, callbacks=None,
              colsample_bylevel=None, colsample_bynode=None,
              colsample_bytree=0.5, early_stopping_rounds=None,
              enable_categorical=False, eval_metric='auc', feature_types=None,
              gamma=0, gpu_id=None, grow_policy=None, importance_type=None,
              interaction_constraints=None, learning_rate=0.01, max_bin=None,
              max_cat_threshold=None, max_cat_to_onehot=None,
              max_delta_step=None, max_depth=6, max_leaves=None,
              min_child_weight=3, missing=nan, monotone_constraints=None,
              n_estimators=600, n_jobs=0, num_parallel_tree=None,
              objective='binary:logitraw', predictor=None, ...)
2023-05-29 17:58:09,460 [INFO] Save train_prediction_log data...
2023-05-29 17:58:09,463 [INFO] {'Data': 'train', 'ACC': '1.0 (264 / 264)', 'TP': 106, 'FP': 0, 'FN': 0, 'TN': 158, 'Precision': '1.0 (106 / 106 + 0)', 'Recall': '1.0 (106 / 106 + 0)', 'F1': '1.0 (2 * (1.0 * 1.0) / 1.0 + 1.0)', 'Specificity': '1.0 (158 / 158 + 0)', 'AUC': 1.0, 'r2': 1.0}
2023-05-29 17:58:09,471 [INFO] Save valid_prediction_log data...
2023-05-29 17:58:09,474 [INFO] {'Data': 'valid', 'ACC': '0.98 (65 / 66)', 'TP': 26, 'FP': 1, 'FN': 0, 'TN': 39, 'Precision': '0.96 (26 / 26 + 1)', 'Recall': '1.0 (26 / 26 + 0)', 'F1': '0.98 (2 * (1.0 * 0.96) / 1.0 + 0.96)', 'Specificity': '0.98 (39 / 39 + 1)', 'AUC': 0.99, 'r2': 0.94}
2023-05-29 17:58:09,486 [INFO] Save test_prediction_log data...
2023-05-29 17:58:09,489 [INFO] {'Data': 'test', 'ACC': '0.65 (43 / 66)', 'TP': 14, 'FP': 11, 'FN': 12, 'TN': 29, 'Precision': '0.56 (14 / 14 + 11)', 'Recall': '0.54 (14 / 14 + 12)', 'F1': '0.55 (2 * (0.54 * 0.56) / 0.54 + 0.56)', 'Specificity': '0.72 (29 / 29 + 11)', 'AUC': 0.63, 'r2': -0.46}
2023-05-29 17:58:09,500 [INFO] Save training_log data...
2023-05-29 17:58:09,505 [INFO] Save score_log data...
2023-05-29 17:58:09,506 [INFO] Time : 397.4149594306946
