2023-05-28 12:26:41,027 [INFO] Train data : Vary_params_SH\DUD-E\TGFR1\nG1_50\ECFP4_256bits\Robust\TGFR1_train_vector.tsv
2023-05-28 12:26:41,027 [INFO] Valid data : Vary_params_SH\DUD-E\TGFR1\nG1_50\ECFP4_256bits\Robust\TGFR1_valid_vector.tsv
2023-05-28 12:26:41,027 [INFO] Output path : Vary_params_SH\DUD-E\TGFR1\nG1_50\ECFP4_256bits\Robust\TGFR1_model\XGB
2023-05-28 12:26:41,027 [INFO] Model type : XGB
2023-05-28 12:26:41,027 [INFO] Use cores : 3
2023-05-28 12:26:41,059 [INFO] Start Learning model
2023-05-28 12:26:41,060 [INFO] Train : 164 | Valid : 41
2023-05-28 12:26:41,061 [INFO] Set parameters : {'max_depth': [4, 6, 8], 'learning_rate': [0.01, 0.2], 'n_estimators': [200, 600, 1000], 'gamma': [0, 1000], 'min_child_weight': [1, 3], 'subsample': [0.5, 1], 'colsample_bytree': [0.5, 1], 'objective': ['binary:logitraw'], 'eval_metric': ['auc', 'error']}
2023-05-28 12:47:47,283 [INFO] GridSearchCV results :
     mean_valid_accuracy  mean_valid_precision  mean_valid_auc
0               0.963603                0.9875        0.956905
144             0.963603                0.9875        0.956905
28              0.988235                0.9875        0.987857
24              0.963603                0.9875        0.956905
162             0.963603                0.9875        0.956905
..                   ...                   ...             ...
375             0.597794                0.0000        0.500000
374             0.597794                0.0000        0.500000
373             0.597794                0.0000        0.500000
372             0.597794                0.0000        0.500000
575             0.597794                0.0000        0.500000

[576 rows x 3 columns]
2023-05-28 12:47:47,285 [INFO] Best model :
XGBClassifier(base_score=None, booster=None, callbacks=None,
              colsample_bylevel=None, colsample_bynode=None,
              colsample_bytree=0.5, early_stopping_rounds=None,
              enable_categorical=False, eval_metric='auc', feature_types=None,
              gamma=0, gpu_id=None, grow_policy=None, importance_type=None,
              interaction_constraints=None, learning_rate=0.01, max_bin=None,
              max_cat_threshold=None, max_cat_to_onehot=None,
              max_delta_step=None, max_depth=4, max_leaves=None,
              min_child_weight=1, missing=nan, monotone_constraints=None,
              n_estimators=200, n_jobs=0, num_parallel_tree=None,
              objective='binary:logitraw', predictor=None, ...)
2023-05-28 12:47:47,296 [INFO] Save train_prediction_log data...
2023-05-28 12:47:47,301 [INFO] {'Data': 'train', 'ACC': '0.99 (162 / 164)', 'TP': 64, 'FP': 0, 'FN': 2, 'TN': 98, 'Precision': '1.0 (64 / 64 + 0)', 'Recall': '0.97 (64 / 64 + 2)', 'F1': '0.98 (2 * (0.97 * 1.0) / 0.97 + 1.0)', 'Specificity': '1.0 (98 / 98 + 0)', 'AUC': 0.98, 'r2': 0.95}
2023-05-28 12:47:47,311 [INFO] Save valid_prediction_log data...
2023-05-28 12:47:47,314 [INFO] {'Data': 'valid', 'ACC': '1.0 (41 / 41)', 'TP': 16, 'FP': 0, 'FN': 0, 'TN': 25, 'Precision': '1.0 (16 / 16 + 0)', 'Recall': '1.0 (16 / 16 + 0)', 'F1': '1.0 (2 * (1.0 * 1.0) / 1.0 + 1.0)', 'Specificity': '1.0 (25 / 25 + 0)', 'AUC': 1.0, 'r2': 1.0}
2023-05-28 12:47:47,333 [INFO] Save test_prediction_log data...
2023-05-28 12:47:47,336 [INFO] {'Data': 'test', 'ACC': '0.68 (28 / 41)', 'TP': 8, 'FP': 5, 'FN': 8, 'TN': 20, 'Precision': '0.62 (8 / 8 + 5)', 'Recall': '0.5 (8 / 8 + 8)', 'F1': '0.55 (2 * (0.5 * 0.62) / 0.5 + 0.62)', 'Specificity': '0.8 (20 / 20 + 5)', 'AUC': 0.65, 'r2': -0.33}
2023-05-28 12:47:47,340 [INFO] Save training_log data...
2023-05-28 12:47:47,567 [INFO] Save score_log data...
2023-05-28 12:47:47,569 [INFO] Time : 1266.5418603420258
