2023-05-29 02:32:45,112 [INFO] Train data : Vary_params_BRAF_MK14\DUD-E\BRAF\nG1_20\ECFP4_512bits\Standard\BRAF_train_vector.tsv
2023-05-29 02:32:45,112 [INFO] Valid data : Vary_params_BRAF_MK14\DUD-E\BRAF\nG1_20\ECFP4_512bits\Standard\BRAF_valid_vector.tsv
2023-05-29 02:32:45,112 [INFO] Output path : Vary_params_BRAF_MK14\DUD-E\BRAF\nG1_20\ECFP4_512bits\Standard\BRAF_model\RF
2023-05-29 02:32:45,113 [INFO] Model type : RF
2023-05-29 02:32:45,113 [INFO] Use cores : 12
2023-05-29 02:32:45,150 [INFO] Start Learning model
2023-05-29 02:32:45,150 [INFO] Train : 231 | Valid : 50
2023-05-29 02:32:45,150 [INFO] Set parameters : {'max_depth': [6, 8, 10, 12], 'max_features': ['sqrt', 'log2'], 'min_samples_leaf': [2, 4, 8, 10], 'min_samples_split': [2, 4, 8, 10], 'n_estimators': [200, 600, 1000]}
2023-05-29 02:37:02,778 [INFO] GridSearchCV results :
     mean_valid_accuracy  mean_valid_precision  mean_valid_auc
0               0.987138              1.000000        0.986364
238             0.987138              1.000000        0.986364
246             0.991304              1.000000        0.990909
245             0.991304              1.000000        0.990909
244             0.991304              1.000000        0.990909
..                   ...                   ...             ...
274             0.986957              0.991667        0.986742
86              0.986957              0.991667        0.986742
272             0.986957              0.991667        0.986742
271             0.986957              0.991667        0.986742
383             0.986957              0.991667        0.986742

[384 rows x 3 columns]
2023-05-29 02:37:02,779 [INFO] Best model :
RandomForestClassifier(class_weight='balanced', max_depth=6, min_samples_leaf=2,
                       n_estimators=200, random_state=42)
2023-05-29 02:37:02,795 [INFO] Save train_prediction_log data...
2023-05-29 02:37:02,798 [INFO] {'Data': 'train', 'ACC': '1.0 (230 / 231)', 'TP': 109, 'FP': 0, 'FN': 1, 'TN': 121, 'Precision': '1.0 (109 / 109 + 0)', 'Recall': '0.99 (109 / 109 + 1)', 'F1': '0.99 (2 * (0.99 * 1.0) / 0.99 + 1.0)', 'Specificity': '1.0 (121 / 121 + 0)', 'AUC': 1.0, 'r2': 0.98}
2023-05-29 02:37:02,812 [INFO] Save valid_prediction_log data...
2023-05-29 02:37:02,833 [INFO] {'Data': 'valid', 'ACC': '1.0 (50 / 50)', 'TP': 20, 'FP': 0, 'FN': 0, 'TN': 30, 'Precision': '1.0 (20 / 20 + 0)', 'Recall': '1.0 (20 / 20 + 0)', 'F1': '1.0 (2 * (1.0 * 1.0) / 1.0 + 1.0)', 'Specificity': '1.0 (30 / 30 + 0)', 'AUC': 1.0, 'r2': 1.0}
2023-05-29 02:37:02,859 [INFO] Save test_prediction_log data...
2023-05-29 02:37:02,861 [INFO] {'Data': 'test', 'ACC': '0.6 (30 / 50)', 'TP': 7, 'FP': 7, 'FN': 13, 'TN': 23, 'Precision': '0.5 (7 / 7 + 7)', 'Recall': '0.35 (7 / 7 + 13)', 'F1': '0.41 (2 * (0.35 * 0.5) / 0.35 + 0.5)', 'Specificity': '0.77 (23 / 23 + 7)', 'AUC': 0.56, 'r2': -0.67}
2023-05-29 02:37:02,898 [INFO] Save training_log data...
2023-05-29 02:37:02,901 [INFO] Save score_log data...
2023-05-29 02:37:02,901 [INFO] Time : 257.78849625587463
