2023-05-28 15:38:48,829 [INFO] Train data : Vary_params_FGFR1\DUD-E\FGFR1\nG1_20\ECFP4_512bits\Standard\FGFR1_train_vector.tsv
2023-05-28 15:38:48,829 [INFO] Valid data : Vary_params_FGFR1\DUD-E\FGFR1\nG1_20\ECFP4_512bits\Standard\FGFR1_valid_vector.tsv
2023-05-28 15:38:48,829 [INFO] Output path : Vary_params_FGFR1\DUD-E\FGFR1\nG1_20\ECFP4_512bits\Standard\FGFR1_model\RF
2023-05-28 15:38:48,829 [INFO] Model type : RF
2023-05-28 15:38:48,829 [INFO] Use cores : 10
2023-05-28 15:38:48,901 [INFO] Start Learning model
2023-05-28 15:38:48,902 [INFO] Train : 203 | Valid : 43
2023-05-28 15:38:48,902 [INFO] Set parameters : {'max_depth': [6, 8, 10, 12], 'max_features': ['sqrt', 'log2'], 'min_samples_leaf': [2, 4, 8, 10], 'min_samples_split': [2, 4, 8, 10], 'n_estimators': [200, 600, 1000]}
2023-05-28 15:45:28,213 [INFO] GridSearchCV results :
     mean_valid_accuracy  mean_valid_precision  mean_valid_auc
383             0.932381              1.000000        0.930000
94              0.927619              1.000000        0.925000
277             0.927619              1.000000        0.925000
181             0.927619              1.000000        0.925000
182             0.932381              1.000000        0.930000
..                   ...                   ...             ...
323             0.932381              0.970833        0.930455
322             0.932381              0.970833        0.930455
235             0.932381              0.970833        0.930455
320             0.932381              0.970833        0.930455
47              0.932381              0.970833        0.930455

[384 rows x 3 columns]
2023-05-28 15:45:28,215 [INFO] Best model :
RandomForestClassifier(class_weight='balanced', max_depth=6,
                       max_features='log2', min_samples_leaf=2,
                       n_estimators=200, random_state=42)
2023-05-28 15:45:28,238 [INFO] Save train_prediction_log data...
2023-05-28 15:45:28,243 [INFO] {'Data': 'train', 'ACC': '0.98 (199 / 203)', 'TP': 95, 'FP': 0, 'FN': 4, 'TN': 104, 'Precision': '1.0 (95 / 95 + 0)', 'Recall': '0.96 (95 / 95 + 4)', 'F1': '0.98 (2 * (0.96 * 1.0) / 0.96 + 1.0)', 'Specificity': '1.0 (104 / 104 + 0)', 'AUC': 0.98, 'r2': 0.92}
2023-05-28 15:45:28,262 [INFO] Save valid_prediction_log data...
2023-05-28 15:45:28,265 [INFO] {'Data': 'valid', 'ACC': '1.0 (43 / 43)', 'TP': 17, 'FP': 0, 'FN': 0, 'TN': 26, 'Precision': '1.0 (17 / 17 + 0)', 'Recall': '1.0 (17 / 17 + 0)', 'F1': '1.0 (2 * (1.0 * 1.0) / 1.0 + 1.0)', 'Specificity': '1.0 (26 / 26 + 0)', 'AUC': 1.0, 'r2': 1.0}
2023-05-28 15:45:28,339 [INFO] Save test_prediction_log data...
2023-05-28 15:45:28,343 [INFO] {'Data': 'test', 'ACC': '0.6 (26 / 43)', 'TP': 6, 'FP': 6, 'FN': 11, 'TN': 20, 'Precision': '0.5 (6 / 6 + 6)', 'Recall': '0.35 (6 / 6 + 11)', 'F1': '0.41 (2 * (0.35 * 0.5) / 0.35 + 0.5)', 'Specificity': '0.77 (20 / 20 + 6)', 'AUC': 0.56, 'r2': -0.65}
2023-05-28 15:45:28,398 [INFO] Save training_log data...
2023-05-28 15:45:28,401 [INFO] Save score_log data...
2023-05-28 15:45:28,403 [INFO] Time : 399.57440876960754
