2023-05-28 20:50:49,836 [INFO] Train data : Vary_params_CDK2_EGFR_LCK\DUD-E\EGFR\nG1_80\ECFP4_512bits\Standard\EGFR_train_vector.tsv
2023-05-28 20:50:49,836 [INFO] Valid data : Vary_params_CDK2_EGFR_LCK\DUD-E\EGFR\nG1_80\ECFP4_512bits\Standard\EGFR_valid_vector.tsv
2023-05-28 20:50:49,836 [INFO] Output path : Vary_params_CDK2_EGFR_LCK\DUD-E\EGFR\nG1_80\ECFP4_512bits\Standard\EGFR_model\RF
2023-05-28 20:50:49,836 [INFO] Model type : RF
2023-05-28 20:50:49,837 [INFO] Use cores : 19
2023-05-28 20:50:49,920 [INFO] Start Learning model
2023-05-28 20:50:49,920 [INFO] Train : 840 | Valid : 218
2023-05-28 20:50:49,920 [INFO] Set parameters : {'max_depth': [6, 8, 10, 12], 'max_features': ['sqrt', 'log2'], 'min_samples_leaf': [2, 4, 8, 10], 'min_samples_split': [2, 4, 8, 10], 'n_estimators': [200, 600, 1000]}
2023-05-28 20:54:24,676 [INFO] GridSearchCV results :
     mean_valid_accuracy  mean_valid_precision  mean_valid_auc
383             0.960714              1.000000        0.948236
174             0.959524              1.000000        0.946673
163             0.960714              1.000000        0.948236
164             0.960714              1.000000        0.948236
165             0.960714              1.000000        0.948236
..                   ...                   ...             ...
138             0.960714              0.993744        0.949438
135             0.960714              0.993744        0.949438
108             0.959524              0.993649        0.947875
111             0.959524              0.993649        0.947875
114             0.959524              0.993649        0.947875

[384 rows x 3 columns]
2023-05-28 20:54:24,676 [INFO] Best model :
RandomForestClassifier(class_weight='balanced', max_depth=6,
                       max_features='log2', min_samples_leaf=2,
                       n_estimators=200, random_state=42)
2023-05-28 20:54:24,696 [INFO] Save train_prediction_log data...
2023-05-28 20:54:24,699 [INFO] {'Data': 'train', 'ACC': '0.97 (813 / 840)', 'TP': 291, 'FP': 0, 'FN': 27, 'TN': 522, 'Precision': '1.0 (291 / 291 + 0)', 'Recall': '0.92 (291 / 291 + 27)', 'F1': '0.96 (2 * (0.92 * 1.0) / 0.92 + 1.0)', 'Specificity': '1.0 (522 / 522 + 0)', 'AUC': 0.96, 'r2': 0.86}
2023-05-28 20:54:24,711 [INFO] Save valid_prediction_log data...
2023-05-28 20:54:24,713 [INFO] {'Data': 'valid', 'ACC': '0.96 (209 / 218)', 'TP': 78, 'FP': 0, 'FN': 9, 'TN': 131, 'Precision': '1.0 (78 / 78 + 0)', 'Recall': '0.9 (78 / 78 + 9)', 'F1': '0.95 (2 * (0.9 * 1.0) / 0.9 + 1.0)', 'Specificity': '1.0 (131 / 131 + 0)', 'AUC': 0.95, 'r2': 0.83}
2023-05-28 20:54:24,743 [INFO] Save test_prediction_log data...
2023-05-28 20:54:24,745 [INFO] {'Data': 'test', 'ACC': '0.7 (152 / 218)', 'TP': 35, 'FP': 14, 'FN': 52, 'TN': 117, 'Precision': '0.71 (35 / 35 + 14)', 'Recall': '0.4 (35 / 35 + 52)', 'F1': '0.51 (2 * (0.4 * 0.71) / 0.4 + 0.71)', 'Specificity': '0.89 (117 / 117 + 14)', 'AUC': 0.65, 'r2': -0.26}
2023-05-28 20:54:24,775 [INFO] Save training_log data...
2023-05-28 20:54:24,779 [INFO] Save score_log data...
2023-05-28 20:54:24,780 [INFO] Time : 214.94343972206116
