2023-05-26 14:09:54,564 [INFO] Train data : Vary_params\DUD-E\AKT1\nG1_20\ECFP4_512bits\Standard\AKT1_train_vector.tsv
2023-05-26 14:09:54,564 [INFO] Valid data : Vary_params\DUD-E\AKT1\nG1_20\ECFP4_512bits\Standard\AKT1_valid_vector.tsv
2023-05-26 14:09:54,564 [INFO] Output path : Vary_params\DUD-E\AKT1\nG1_20\ECFP4_512bits\Standard\AKT1_model\SVM
2023-05-26 14:09:54,564 [INFO] Model type : SVM
2023-05-26 14:09:54,564 [INFO] Use cores : 11
2023-05-26 14:09:54,646 [INFO] Start Learning model
2023-05-26 14:09:54,646 [INFO] Train : 511 | Valid : 120
2023-05-26 14:09:54,646 [INFO] Set parameters : {'kernel': ['linear', 'rbf'], 'C': [0.01, 0.1, 1, 10, 100, 1000], 'gamma': [0.01, 0.1, 1, 100, 1000]}
2023-05-26 14:10:02,263 [INFO] GridSearchCV results :
    mean_valid_accuracy  mean_valid_precision  mean_valid_auc
21             0.757541              1.000000        0.721542
41             0.784879              1.000000        0.752866
31             0.784879              1.000000        0.752866
51             0.784879              1.000000        0.752866
26             0.980581              0.995455        0.978315
28             0.980581              0.995455        0.978315
32             0.980581              0.995455        0.978315
34             0.980581              0.995455        0.978315
36             0.980581              0.995455        0.978315
38             0.980581              0.995455        0.978315
40             0.980581              0.995455        0.978315
0              0.980581              0.995455        0.978315
24             0.980581              0.995455        0.978315
44             0.980581              0.995455        0.978315
46             0.980581              0.995455        0.978315
48             0.980581              0.995455        0.978315
50             0.980581              0.995455        0.978315
52             0.980581              0.995455        0.978315
54             0.980581              0.995455        0.978315
56             0.980581              0.995455        0.978315
58             0.980581              0.995455        0.978315
42             0.980581              0.995455        0.978315
30             0.980581              0.995455        0.978315
12             0.980581              0.995455        0.978315
2              0.980581              0.995455        0.978315
20             0.980581              0.995455        0.978315
22             0.980581              0.995455        0.978315
4              0.980581              0.995455        0.978315
18             0.980581              0.995455        0.978315
8              0.980581              0.995455        0.978315
10             0.980581              0.995455        0.978315
16             0.980581              0.995455        0.978315
6              0.980581              0.995455        0.978315
14             0.980581              0.995455        0.978315
49             0.565573              0.000000        0.500000
9              0.565573              0.000000        0.500000
47             0.565573              0.000000        0.500000
5              0.565573              0.000000        0.500000
7              0.565573              0.000000        0.500000
53             0.565573              0.000000        0.500000
55             0.565573              0.000000        0.500000
3              0.565573              0.000000        0.500000
57             0.565573              0.000000        0.500000
45             0.565573              0.000000        0.500000
23             0.565573              0.000000        0.500000
43             0.565573              0.000000        0.500000
11             0.565573              0.000000        0.500000
13             0.565573              0.000000        0.500000
39             0.565573              0.000000        0.500000
37             0.565573              0.000000        0.500000
15             0.565573              0.000000        0.500000
35             0.565573              0.000000        0.500000
33             0.565573              0.000000        0.500000
17             0.565573              0.000000        0.500000
1              0.565573              0.000000        0.500000
29             0.565573              0.000000        0.500000
19             0.565573              0.000000        0.500000
27             0.565573              0.000000        0.500000
25             0.565573              0.000000        0.500000
59             0.565573              0.000000        0.500000
2023-05-26 14:10:02,264 [INFO] Best model :
SVC(C=1, gamma=0.01, random_state=42)
2023-05-26 14:10:02,337 [INFO] Save train_prediction_log data...
2023-05-26 14:10:02,341 [INFO] {'Data': 'train', 'ACC': '1.0 (511 / 511)', 'TP': 222, 'FP': 0, 'FN': 0, 'TN': 289, 'Precision': '1.0 (222 / 222 + 0)', 'Recall': '1.0 (222 / 222 + 0)', 'F1': '1.0 (2 * (1.0 * 1.0) / 1.0 + 1.0)', 'Specificity': '1.0 (289 / 289 + 0)', 'AUC': 1.0, 'r2': 1.0}
2023-05-26 14:10:02,360 [INFO] Save valid_prediction_log data...
2023-05-26 14:10:02,363 [INFO] {'Data': 'valid', 'ACC': '0.88 (105 / 120)', 'TP': 33, 'FP': 0, 'FN': 15, 'TN': 72, 'Precision': '1.0 (33 / 33 + 0)', 'Recall': '0.69 (33 / 33 + 15)', 'F1': '0.82 (2 * (0.69 * 1.0) / 0.69 + 1.0)', 'Specificity': '1.0 (72 / 72 + 0)', 'AUC': 0.84, 'r2': 0.48}
2023-05-26 14:10:02,404 [INFO] Save test_prediction_log data...
2023-05-26 14:10:02,409 [INFO] {'Data': 'test', 'ACC': '0.65 (78 / 120)', 'TP': 7, 'FP': 1, 'FN': 41, 'TN': 71, 'Precision': '0.88 (7 / 7 + 1)', 'Recall': '0.15 (7 / 7 + 41)', 'F1': '0.26 (2 * (0.15 * 0.88) / 0.15 + 0.88)', 'Specificity': '0.99 (71 / 71 + 1)', 'AUC': 0.57, 'r2': -0.46}
2023-05-26 14:10:02,414 [INFO] Save training_log data...
2023-05-26 14:10:02,415 [INFO] Save score_log data...
2023-05-26 14:10:02,416 [INFO] Time : 7.851945877075195
