2023-05-28 15:38:17,473 [INFO] Train data : Vary_params_VGFR2\DUD-E\VGFR2\nG1_20\ECFP4_512bits\Robust\VGFR2_train_vector.tsv
2023-05-28 15:38:17,473 [INFO] Valid data : Vary_params_VGFR2\DUD-E\VGFR2\nG1_20\ECFP4_512bits\Robust\VGFR2_valid_vector.tsv
2023-05-28 15:38:17,473 [INFO] Output path : Vary_params_VGFR2\DUD-E\VGFR2\nG1_20\ECFP4_512bits\Robust\VGFR2_model\RF
2023-05-28 15:38:17,474 [INFO] Model type : RF
2023-05-28 15:38:17,474 [INFO] Use cores : 18
2023-05-28 15:38:17,525 [INFO] Start Learning model
2023-05-28 15:38:17,526 [INFO] Train : 747 | Valid : 180
2023-05-28 15:38:17,526 [INFO] Set parameters : {'max_depth': [6, 8, 10, 12], 'max_features': ['sqrt', 'log2'], 'min_samples_leaf': [2, 4, 8, 10], 'min_samples_split': [2, 4, 8, 10], 'n_estimators': [200, 600, 1000]}
2023-05-28 15:44:06,066 [INFO] GridSearchCV results :
     mean_valid_accuracy  mean_valid_precision  mean_valid_auc
340             0.975964              0.993750        0.972624
337             0.975964              0.993750        0.972624
148             0.971928              0.993649        0.967836
144             0.971928              0.993649        0.967836
145             0.971928              0.993649        0.967836
..                   ...                   ...             ...
237             0.961171              0.966268        0.958933
180             0.955856              0.966126        0.952683
189             0.955856              0.966126        0.952683
186             0.955856              0.966126        0.952683
183             0.955856              0.966126        0.952683

[384 rows x 3 columns]
2023-05-28 15:44:06,067 [INFO] Best model :
RandomForestClassifier(class_weight='balanced', max_depth=12,
                       max_features='log2', min_samples_leaf=2,
                       n_estimators=600, random_state=42)
2023-05-28 15:44:06,146 [INFO] Save train_prediction_log data...
2023-05-28 15:44:06,150 [INFO] {'Data': 'train', 'ACC': '1.0 (746 / 747)', 'TP': 316, 'FP': 0, 'FN': 1, 'TN': 430, 'Precision': '1.0 (316 / 316 + 0)', 'Recall': '1.0 (316 / 316 + 1)', 'F1': '1.0 (2 * (1.0 * 1.0) / 1.0 + 1.0)', 'Specificity': '1.0 (430 / 430 + 0)', 'AUC': 1.0, 'r2': 0.99}
2023-05-28 15:44:06,201 [INFO] Save valid_prediction_log data...
2023-05-28 15:44:06,203 [INFO] {'Data': 'valid', 'ACC': '0.98 (177 / 180)', 'TP': 72, 'FP': 3, 'FN': 0, 'TN': 105, 'Precision': '0.96 (72 / 72 + 3)', 'Recall': '1.0 (72 / 72 + 0)', 'F1': '0.98 (2 * (1.0 * 0.96) / 1.0 + 0.96)', 'Specificity': '0.97 (105 / 105 + 3)', 'AUC': 0.99, 'r2': 0.93}
2023-05-28 15:44:06,268 [INFO] Save test_prediction_log data...
2023-05-28 15:44:06,271 [INFO] {'Data': 'test', 'ACC': '0.59 (106 / 180)', 'TP': 34, 'FP': 36, 'FN': 38, 'TN': 72, 'Precision': '0.49 (34 / 34 + 36)', 'Recall': '0.47 (34 / 34 + 38)', 'F1': '0.48 (2 * (0.47 * 0.49) / 0.47 + 0.49)', 'Specificity': '0.67 (72 / 72 + 36)', 'AUC': 0.57, 'r2': -0.71}
2023-05-28 15:44:06,430 [INFO] Save training_log data...
2023-05-28 15:44:06,433 [INFO] Save score_log data...
2023-05-28 15:44:06,434 [INFO] Time : 348.9612684249878
