2023-05-30 17:34:10,208 [INFO] Train data : Vary_params_BRAF_MK14\DUD-E\MK14\nG1_80\ECFP4_256bits\Standard\MK14_train_vector.tsv
2023-05-30 17:34:10,208 [INFO] Valid data : Vary_params_BRAF_MK14\DUD-E\MK14\nG1_80\ECFP4_256bits\Standard\MK14_valid_vector.tsv
2023-05-30 17:34:10,208 [INFO] Output path : Vary_params_BRAF_MK14\DUD-E\MK14\nG1_80\ECFP4_256bits\Standard\MK14_model\XGB
2023-05-30 17:34:10,208 [INFO] Model type : XGB
2023-05-30 17:34:10,208 [INFO] Use cores : 10
2023-05-30 17:34:10,258 [INFO] Start Learning model
2023-05-30 17:34:10,258 [INFO] Train : 871 | Valid : 225
2023-05-30 17:34:10,259 [INFO] Set parameters : {'max_depth': [4, 6, 8], 'learning_rate': [0.01, 0.2], 'n_estimators': [200, 600, 1000], 'gamma': [0, 1000], 'min_child_weight': [1, 3], 'subsample': [0.5, 1], 'colsample_bytree': [0.5, 1], 'objective': ['binary:logitraw'], 'eval_metric': ['auc', 'error']}
2023-05-30 18:03:19,248 [INFO] GridSearchCV results :
     mean_valid_accuracy  mean_valid_precision  mean_valid_auc
25              0.955225              0.973999        0.945623
169             0.955225              0.973999        0.945623
26              0.962108              0.967089        0.956481
170             0.962108              0.967089        0.956481
28              0.964420              0.965203        0.960101
..                   ...                   ...             ...
378             0.621121              0.000000        0.500000
377             0.621121              0.000000        0.500000
376             0.621121              0.000000        0.500000
375             0.621121              0.000000        0.500000
575             0.621121              0.000000        0.500000

[576 rows x 3 columns]
2023-05-30 18:03:19,249 [INFO] Best model :
XGBClassifier(base_score=None, booster=None, callbacks=None,
              colsample_bylevel=None, colsample_bynode=None,
              colsample_bytree=0.5, early_stopping_rounds=None,
              enable_categorical=False, eval_metric='auc', feature_types=None,
              gamma=0, gpu_id=None, grow_policy=None, importance_type=None,
              interaction_constraints=None, learning_rate=0.01, max_bin=None,
              max_cat_threshold=None, max_cat_to_onehot=None,
              max_delta_step=None, max_depth=8, max_leaves=None,
              min_child_weight=1, missing=nan, monotone_constraints=None,
              n_estimators=200, n_jobs=0, num_parallel_tree=None,
              objective='binary:logitraw', predictor=None, ...)
2023-05-30 18:03:19,265 [INFO] Save train_prediction_log data...
2023-05-30 18:03:23,278 [INFO] {'Data': 'train', 'ACC': '1.0 (870 / 871)', 'TP': 329, 'FP': 0, 'FN': 1, 'TN': 541, 'Precision': '1.0 (329 / 329 + 0)', 'Recall': '1.0 (329 / 329 + 1)', 'F1': '1.0 (2 * (1.0 * 1.0) / 1.0 + 1.0)', 'Specificity': '1.0 (541 / 541 + 0)', 'AUC': 1.0, 'r2': 1.0}
2023-05-30 18:03:23,286 [INFO] Save valid_prediction_log data...
2023-05-30 18:03:23,290 [INFO] {'Data': 'valid', 'ACC': '0.99 (223 / 225)', 'TP': 88, 'FP': 0, 'FN': 2, 'TN': 135, 'Precision': '1.0 (88 / 88 + 0)', 'Recall': '0.98 (88 / 88 + 2)', 'F1': '0.99 (2 * (0.98 * 1.0) / 0.98 + 1.0)', 'Specificity': '1.0 (135 / 135 + 0)', 'AUC': 0.99, 'r2': 0.96}
2023-05-30 18:03:23,318 [INFO] Save test_prediction_log data...
2023-05-30 18:03:23,334 [INFO] {'Data': 'test', 'ACC': '0.68 (153 / 225)', 'TP': 56, 'FP': 38, 'FN': 34, 'TN': 97, 'Precision': '0.6 (56 / 56 + 38)', 'Recall': '0.62 (56 / 56 + 34)', 'F1': '0.61 (2 * (0.62 * 0.6) / 0.62 + 0.6)', 'Specificity': '0.72 (97 / 97 + 38)', 'AUC': 0.67, 'r2': -0.33}
2023-05-30 18:03:23,340 [INFO] Save training_log data...
2023-05-30 18:03:23,345 [INFO] Save score_log data...
2023-05-30 18:03:23,346 [INFO] Time : 1753.1376631259918
