2023-05-29 04:26:54,914 [INFO] Train data : Vary_params_FGFR1\DUD-E\FGFR1\nG1_80\ECFP6_512bits\MinMax\FGFR1_train_vector.tsv
2023-05-29 04:26:54,915 [INFO] Valid data : Vary_params_FGFR1\DUD-E\FGFR1\nG1_80\ECFP6_512bits\MinMax\FGFR1_valid_vector.tsv
2023-05-29 04:26:54,915 [INFO] Output path : Vary_params_FGFR1\DUD-E\FGFR1\nG1_80\ECFP6_512bits\MinMax\FGFR1_model\MLP
2023-05-29 04:26:54,915 [INFO] Model type : MLP
2023-05-29 04:26:54,915 [INFO] Use cores : 10
2023-05-29 04:26:54,940 [INFO] Start Learning model
2023-05-29 04:26:54,941 [INFO] Train : 143 | Valid : 43
2023-05-29 04:26:54,941 [INFO] Set parameters : {'hidden_layer_sizes': [(50,), (100,), (50, 50), (100, 100)], 'learning_rate': ['constant', 'invscaling', 'adaptive'], 'activation': ['relu', 'identity', 'logistic', 'tanh'], 'solver': ['adam', 'sgd', 'lbfgs'], 'alpha': [0.1, 0.01, 0.001], 'max_iter': [500, 1000], 'early_stopping': [True]}
2023-05-29 04:29:35,277 [INFO] GridSearchCV results :
     mean_valid_accuracy  mean_valid_precision  mean_valid_auc
863             0.986190                   1.0        0.975000
668             0.986667                   1.0        0.975000
318             0.944286                   1.0        0.895833
317             0.979524                   1.0        0.962500
653             0.979524                   1.0        0.962500
..                   ...                   ...             ...
531             0.727143                   0.0        0.500000
529             0.727143                   0.0        0.500000
528             0.727143                   0.0        0.500000
214             0.727143                   0.0        0.500000
469             0.727143                   0.0        0.500000

[864 rows x 3 columns]
2023-05-29 04:29:35,279 [INFO] Best model :
MLPClassifier(alpha=0.1, early_stopping=True, hidden_layer_sizes=(50,),
              max_iter=500, random_state=42, solver='lbfgs')
2023-05-29 04:29:35,289 [INFO] Save train_prediction_log data...
2023-05-29 04:29:35,293 [INFO] {'Data': 'train', 'ACC': '1.0 (143 / 143)', 'TP': 39, 'FP': 0, 'FN': 0, 'TN': 104, 'Precision': '1.0 (39 / 39 + 0)', 'Recall': '1.0 (39 / 39 + 0)', 'F1': '1.0 (2 * (1.0 * 1.0) / 1.0 + 1.0)', 'Specificity': '1.0 (104 / 104 + 0)', 'AUC': 1.0, 'r2': 1.0}
2023-05-29 04:29:35,301 [INFO] Save valid_prediction_log data...
2023-05-29 04:29:35,304 [INFO] {'Data': 'valid', 'ACC': '1.0 (43 / 43)', 'TP': 17, 'FP': 0, 'FN': 0, 'TN': 26, 'Precision': '1.0 (17 / 17 + 0)', 'Recall': '1.0 (17 / 17 + 0)', 'F1': '1.0 (2 * (1.0 * 1.0) / 1.0 + 1.0)', 'Specificity': '1.0 (26 / 26 + 0)', 'AUC': 1.0, 'r2': 1.0}
2023-05-29 04:29:35,327 [INFO] Save test_prediction_log data...
2023-05-29 04:29:35,330 [INFO] {'Data': 'test', 'ACC': '0.63 (27 / 43)', 'TP': 4, 'FP': 3, 'FN': 13, 'TN': 23, 'Precision': '0.57 (4 / 4 + 3)', 'Recall': '0.24 (4 / 4 + 13)', 'F1': '0.34 (2 * (0.24 * 0.57) / 0.24 + 0.57)', 'Specificity': '0.88 (23 / 23 + 3)', 'AUC': 0.56, 'r2': -0.56}
2023-05-29 04:29:35,333 [INFO] Save training_log data...
2023-05-29 04:29:35,340 [INFO] Save score_log data...
2023-05-29 04:29:35,341 [INFO] Time : 160.42739367485046
