2023-04-08 22:34:58,473 [INFO] Train data : D:\PARK\Lab\Database\ADis-QSAR_final\data\DUDE\MP2K1\ECFP4_256bits\preprocessing\MP2K1_train_vector.tsv
2023-04-08 22:34:58,473 [INFO] Test data : D:\PARK\Lab\Database\ADis-QSAR_final\data\DUDE\MP2K1\ECFP4_256bits\preprocessing\MP2K1_test_vector.tsv
2023-04-08 22:34:58,473 [INFO] Output path : D:\PARK\Lab\Database\ADis-QSAR_final\data\DUDE\MP2K1\ECFP4_256bits\MP2K1_model\SVM
2023-04-08 22:34:58,473 [INFO] Model type : SVM
2023-04-08 22:34:58,473 [INFO] Use cores : 10
2023-04-08 22:34:58,483 [INFO] Start Learning model
2023-04-08 22:34:58,483 [INFO] Train : 143 | Test : 35
2023-04-08 22:34:58,483 [INFO] Set parameters : {'C': [0.01, 0.1, 1, 10, 100, 1000], 'gamma': [0.01, 0.1, 1, 100, 1000]}
2023-04-08 22:35:00,789 [INFO] GridSearchCV results :
    mean_valid_accuracy  mean_valid_precision  mean_valid_auc
0              0.601429                   0.0             0.5
1              0.601429                   0.0             0.5
28             0.601429                   0.0             0.5
27             0.601429                   0.0             0.5
26             0.601429                   0.0             0.5
25             0.601429                   0.0             0.5
24             0.601429                   0.0             0.5
23             0.601429                   0.0             0.5
22             0.601429                   0.0             0.5
21             0.601429                   0.0             0.5
20             0.601429                   0.0             0.5
19             0.601429                   0.0             0.5
18             0.601429                   0.0             0.5
17             0.601429                   0.0             0.5
16             0.601429                   0.0             0.5
15             0.601429                   0.0             0.5
14             0.601429                   0.0             0.5
13             0.601429                   0.0             0.5
12             0.601429                   0.0             0.5
11             0.601429                   0.0             0.5
10             0.601429                   0.0             0.5
9              0.601429                   0.0             0.5
8              0.601429                   0.0             0.5
7              0.601429                   0.0             0.5
6              0.601429                   0.0             0.5
5              0.601429                   0.0             0.5
4              0.601429                   0.0             0.5
3              0.601429                   0.0             0.5
2              0.601429                   0.0             0.5
29             0.601429                   0.0             0.5
2023-04-08 22:35:00,790 [INFO] Best model :
SVC(C=0.01, gamma=0.01, random_state=42)
2023-04-08 22:35:00,797 [INFO] Save train_prediction_log data...
2023-04-08 22:35:00,799 [INFO] {'Data': 'train', 'ACC': '0.6 (86 / 143)', 'TP': 0, 'FP': 0, 'FN': 57, 'TN': 86, 'Precision': '0 (0 / 0 + 0)', 'Recall': '0 (0 / 0 + 57)', 'F1': '0 (2 * (0 * 0) / 0 + 0)', 'Specificity': '1.0 (86 / 86 + 0)', 'AUC': 0.5, 'r2': -0.66}
2023-04-08 22:35:00,803 [INFO] Save test_prediction_log data...
2023-04-08 22:35:00,805 [INFO] {'Data': 'test', 'ACC': '0.6 (21 / 35)', 'TP': 0, 'FP': 0, 'FN': 14, 'TN': 21, 'Precision': '0 (0 / 0 + 0)', 'Recall': '0 (0 / 0 + 14)', 'F1': '0 (2 * (0 * 0) / 0 + 0)', 'Specificity': '1.0 (21 / 21 + 0)', 'AUC': 0.5, 'r2': -0.67}
2023-04-08 22:35:00,813 [INFO] Save ext_prediction_log data...
2023-04-08 22:35:00,815 [INFO] {'Data': 'ext', 'ACC': '0.6 (21 / 35)', 'TP': 0, 'FP': 0, 'FN': 14, 'TN': 21, 'Precision': '0 (0 / 0 + 0)', 'Recall': '0 (0 / 0 + 14)', 'F1': '0 (2 * (0 * 0) / 0 + 0)', 'Specificity': '1.0 (21 / 21 + 0)', 'AUC': 0.5, 'r2': -0.67}
2023-04-08 22:35:00,817 [INFO] Save training_log data...
2023-04-08 22:35:00,818 [INFO] Save score_log data...
2023-04-08 22:35:00,818 [INFO] Time : 2.3446342945098877
