2023-05-29 10:37:37,159 [INFO] Train data : Vary_params_VGFR2\DUD-E\VGFR2\nG1_80\ECFP4_512bits\Robust\VGFR2_train_vector.tsv
2023-05-29 10:37:37,159 [INFO] Valid data : Vary_params_VGFR2\DUD-E\VGFR2\nG1_80\ECFP4_512bits\Robust\VGFR2_valid_vector.tsv
2023-05-29 10:37:37,160 [INFO] Output path : Vary_params_VGFR2\DUD-E\VGFR2\nG1_80\ECFP4_512bits\Robust\VGFR2_model\SVM
2023-05-29 10:37:37,160 [INFO] Model type : SVM
2023-05-29 10:37:37,160 [INFO] Use cores : 18
2023-05-29 10:37:37,210 [INFO] Start Learning model
2023-05-29 10:37:37,210 [INFO] Train : 687 | Valid : 180
2023-05-29 10:37:37,210 [INFO] Set parameters : {'kernel': ['linear', 'rbf'], 'C': [0.01, 0.1, 1, 10, 100, 1000], 'gamma': [0.01, 0.1, 1, 100, 1000]}
2023-05-29 10:37:54,043 [INFO] GridSearchCV results :
    mean_valid_accuracy  mean_valid_precision  mean_valid_auc
0              0.969395              0.944471        0.971626
20             0.969395              0.944471        0.971626
24             0.969395              0.944471        0.971626
26             0.969395              0.944471        0.971626
28             0.969395              0.944471        0.971626
32             0.969395              0.944471        0.971626
34             0.969395              0.944471        0.971626
36             0.969395              0.944471        0.971626
38             0.969395              0.944471        0.971626
40             0.969395              0.944471        0.971626
42             0.969395              0.944471        0.971626
44             0.969395              0.944471        0.971626
46             0.969395              0.944471        0.971626
48             0.969395              0.944471        0.971626
50             0.969395              0.944471        0.971626
52             0.969395              0.944471        0.971626
54             0.969395              0.944471        0.971626
56             0.969395              0.944471        0.971626
58             0.969395              0.944471        0.971626
22             0.969395              0.944471        0.971626
30             0.969395              0.944471        0.971626
10             0.969395              0.944471        0.971626
2              0.969395              0.944471        0.971626
18             0.969395              0.944471        0.971626
8              0.969395              0.944471        0.971626
16             0.969395              0.944471        0.971626
4              0.969395              0.944471        0.971626
12             0.969395              0.944471        0.971626
6              0.969395              0.944471        0.971626
14             0.969395              0.944471        0.971626
49             0.625938              0.000000        0.500000
9              0.625938              0.000000        0.500000
45             0.625938              0.000000        0.500000
47             0.625938              0.000000        0.500000
7              0.625938              0.000000        0.500000
21             0.625938              0.000000        0.500000
43             0.625938              0.000000        0.500000
5              0.625938              0.000000        0.500000
53             0.625938              0.000000        0.500000
55             0.625938              0.000000        0.500000
3              0.625938              0.000000        0.500000
57             0.625938              0.000000        0.500000
51             0.625938              0.000000        0.500000
11             0.625938              0.000000        0.500000
41             0.625938              0.000000        0.500000
19             0.625938              0.000000        0.500000
39             0.625938              0.000000        0.500000
37             0.625938              0.000000        0.500000
13             0.625938              0.000000        0.500000
35             0.625938              0.000000        0.500000
33             0.625938              0.000000        0.500000
15             0.625938              0.000000        0.500000
31             0.625938              0.000000        0.500000
1              0.625938              0.000000        0.500000
29             0.625938              0.000000        0.500000
27             0.625938              0.000000        0.500000
17             0.625938              0.000000        0.500000
25             0.625938              0.000000        0.500000
23             0.625938              0.000000        0.500000
59             0.625938              0.000000        0.500000
2023-05-29 10:37:54,044 [INFO] Best model :
SVC(C=0.01, gamma=0.01, kernel='linear', random_state=42)
2023-05-29 10:37:54,067 [INFO] Save train_prediction_log data...
2023-05-29 10:37:54,072 [INFO] {'Data': 'train', 'ACC': '1.0 (687 / 687)', 'TP': 257, 'FP': 0, 'FN': 0, 'TN': 430, 'Precision': '1.0 (257 / 257 + 0)', 'Recall': '1.0 (257 / 257 + 0)', 'F1': '1.0 (2 * (1.0 * 1.0) / 1.0 + 1.0)', 'Specificity': '1.0 (430 / 430 + 0)', 'AUC': 1.0, 'r2': 1.0}
2023-05-29 10:37:54,083 [INFO] Save valid_prediction_log data...
2023-05-29 10:37:54,085 [INFO] {'Data': 'valid', 'ACC': '0.97 (175 / 180)', 'TP': 72, 'FP': 5, 'FN': 0, 'TN': 103, 'Precision': '0.94 (72 / 72 + 5)', 'Recall': '1.0 (72 / 72 + 0)', 'F1': '0.97 (2 * (1.0 * 0.94) / 1.0 + 0.94)', 'Specificity': '0.95 (103 / 103 + 5)', 'AUC': 0.98, 'r2': 0.88}
2023-05-29 10:37:54,113 [INFO] Save test_prediction_log data...
2023-05-29 10:37:54,116 [INFO] {'Data': 'test', 'ACC': '0.56 (101 / 180)', 'TP': 34, 'FP': 41, 'FN': 38, 'TN': 67, 'Precision': '0.45 (34 / 34 + 41)', 'Recall': '0.47 (34 / 34 + 38)', 'F1': '0.46 (2 * (0.47 * 0.45) / 0.47 + 0.45)', 'Specificity': '0.62 (67 / 67 + 41)', 'AUC': 0.55, 'r2': -0.83}
2023-05-29 10:37:54,119 [INFO] Save training_log data...
2023-05-29 10:37:54,121 [INFO] Save score_log data...
2023-05-29 10:37:54,122 [INFO] Time : 16.963446617126465
