2023-05-29 18:15:02,596 [INFO] Train data : Baseline_noscale_DUDE\DUD-E\ABL1\ECFP6_512bits\ABL1_raw_train.tsv
2023-05-29 18:15:02,596 [INFO] Valid data : Baseline_noscale_DUDE\DUD-E\ABL1\ECFP6_512bits\ABL1_raw_valid.tsv
2023-05-29 18:15:02,596 [INFO] Output path : Baseline_noscale_DUDE\DUD-E\ABL1\ECFP6_512bits\ABL1_model\SVM
2023-05-29 18:15:02,596 [INFO] Model type : SVM
2023-05-29 18:15:02,596 [INFO] Use cores : 12
2023-05-29 18:15:02,613 [INFO] Start Learning model
2023-05-29 18:15:02,613 [INFO] Train : 264 | Valid : 66
2023-05-29 18:15:02,613 [INFO] Set parameters : {'kernel': ['linear', 'rbf'], 'C': [0.01, 0.1, 1, 10, 100, 1000], 'gamma': [0.01, 0.1, 1, 100, 1000]}
2023-05-29 18:15:05,257 [INFO] GridSearchCV results :
    mean_valid_accuracy  mean_valid_precision  mean_valid_auc
31             0.958832              0.981818        0.952386
51             0.958832              0.981818        0.952386
41             0.958832              0.981818        0.952386
0              0.947293              0.971818        0.939716
2              0.947293              0.971818        0.939716
4              0.947293              0.971818        0.939716
6              0.947293              0.971818        0.939716
21             0.947293              0.971818        0.939716
8              0.947293              0.971818        0.939716
42             0.943447              0.948485        0.939470
32             0.943447              0.948485        0.939470
34             0.943447              0.948485        0.939470
36             0.943447              0.948485        0.939470
38             0.943447              0.948485        0.939470
40             0.943447              0.948485        0.939470
48             0.943447              0.948485        0.939470
44             0.943447              0.948485        0.939470
46             0.943447              0.948485        0.939470
26             0.943447              0.948485        0.939470
50             0.943447              0.948485        0.939470
52             0.943447              0.948485        0.939470
54             0.943447              0.948485        0.939470
56             0.943447              0.948485        0.939470
58             0.943447              0.948485        0.939470
28             0.943447              0.948485        0.939470
30             0.943447              0.948485        0.939470
12             0.943447              0.948485        0.939470
24             0.943447              0.948485        0.939470
14             0.943447              0.948485        0.939470
16             0.943447              0.948485        0.939470
10             0.943447              0.948485        0.939470
22             0.943447              0.948485        0.939470
18             0.943447              0.948485        0.939470
20             0.943447              0.948485        0.939470
53             0.609829              0.300000        0.514091
43             0.609829              0.300000        0.514091
33             0.609829              0.300000        0.514091
47             0.598575              0.000000        0.500000
55             0.598575              0.000000        0.500000
9              0.598575              0.000000        0.500000
5              0.598575              0.000000        0.500000
57             0.598575              0.000000        0.500000
11             0.598575              0.000000        0.500000
49             0.598575              0.000000        0.500000
3              0.598575              0.000000        0.500000
7              0.598575              0.000000        0.500000
25             0.598575              0.000000        0.500000
13             0.598575              0.000000        0.500000
45             0.598575              0.000000        0.500000
27             0.598575              0.000000        0.500000
15             0.598575              0.000000        0.500000
17             0.598575              0.000000        0.500000
39             0.598575              0.000000        0.500000
37             0.598575              0.000000        0.500000
19             0.598575              0.000000        0.500000
35             0.598575              0.000000        0.500000
23             0.598575              0.000000        0.500000
1              0.598575              0.000000        0.500000
29             0.598575              0.000000        0.500000
59             0.598575              0.000000        0.500000
2023-05-29 18:15:05,259 [INFO] Best model :
SVC(C=10, gamma=0.01, random_state=42)
2023-05-29 18:15:05,272 [INFO] Save train_prediction_log data...
2023-05-29 18:15:05,275 [INFO] {'Data': 'train', 'ACC': '1.0 (264 / 264)', 'TP': 106, 'FP': 0, 'FN': 0, 'TN': 158, 'Precision': '1.0 (106 / 106 + 0)', 'Recall': '1.0 (106 / 106 + 0)', 'F1': '1.0 (2 * (1.0 * 1.0) / 1.0 + 1.0)', 'Specificity': '1.0 (158 / 158 + 0)', 'AUC': 1.0, 'r2': 1.0}
2023-05-29 18:15:05,281 [INFO] Save valid_prediction_log data...
2023-05-29 18:15:05,283 [INFO] {'Data': 'valid', 'ACC': '0.98 (65 / 66)', 'TP': 26, 'FP': 1, 'FN': 0, 'TN': 39, 'Precision': '0.96 (26 / 26 + 1)', 'Recall': '1.0 (26 / 26 + 0)', 'F1': '0.98 (2 * (1.0 * 0.96) / 1.0 + 0.96)', 'Specificity': '0.98 (39 / 39 + 1)', 'AUC': 0.99, 'r2': 0.94}
2023-05-29 18:15:05,295 [INFO] Save test_prediction_log data...
2023-05-29 18:15:05,297 [INFO] {'Data': 'test', 'ACC': '0.58 (38 / 66)', 'TP': 9, 'FP': 11, 'FN': 17, 'TN': 29, 'Precision': '0.45 (9 / 9 + 11)', 'Recall': '0.35 (9 / 9 + 17)', 'F1': '0.39 (2 * (0.35 * 0.45) / 0.35 + 0.45)', 'Specificity': '0.72 (29 / 29 + 11)', 'AUC': 0.54, 'r2': -0.78}
2023-05-29 18:15:05,299 [INFO] Save training_log data...
2023-05-29 18:15:05,300 [INFO] Save score_log data...
2023-05-29 18:15:05,301 [INFO] Time : 2.7050960063934326
