2023-05-28 09:41:25,612 [INFO] Train data : Vary_params_SH\DUD-E\TGFR1\nG1_20\ECFP6_512bits\Robust\TGFR1_train_vector.tsv
2023-05-28 09:41:25,613 [INFO] Valid data : Vary_params_SH\DUD-E\TGFR1\nG1_20\ECFP6_512bits\Robust\TGFR1_valid_vector.tsv
2023-05-28 09:41:25,613 [INFO] Output path : Vary_params_SH\DUD-E\TGFR1\nG1_20\ECFP6_512bits\Robust\TGFR1_model\SVM
2023-05-28 09:41:25,613 [INFO] Model type : SVM
2023-05-28 09:41:25,613 [INFO] Use cores : 3
2023-05-28 09:41:25,650 [INFO] Start Learning model
2023-05-28 09:41:25,650 [INFO] Train : 194 | Valid : 41
2023-05-28 09:41:25,650 [INFO] Set parameters : {'kernel': ['linear', 'rbf'], 'C': [0.01, 0.1, 1, 10, 100, 1000], 'gamma': [0.01, 0.1, 1, 100, 1000]}
2023-05-28 09:41:31,755 [INFO] GridSearchCV results :
    mean_valid_accuracy  mean_valid_precision  mean_valid_auc
0              0.954474              0.946667           0.955
20             0.954474              0.946667           0.955
24             0.954474              0.946667           0.955
26             0.954474              0.946667           0.955
28             0.954474              0.946667           0.955
32             0.954474              0.946667           0.955
34             0.954474              0.946667           0.955
36             0.954474              0.946667           0.955
38             0.954474              0.946667           0.955
40             0.954474              0.946667           0.955
42             0.954474              0.946667           0.955
44             0.954474              0.946667           0.955
46             0.954474              0.946667           0.955
48             0.954474              0.946667           0.955
50             0.954474              0.946667           0.955
52             0.954474              0.946667           0.955
54             0.954474              0.946667           0.955
56             0.954474              0.946667           0.955
58             0.954474              0.946667           0.955
22             0.954474              0.946667           0.955
30             0.954474              0.946667           0.955
10             0.954474              0.946667           0.955
2              0.954474              0.946667           0.955
18             0.954474              0.946667           0.955
8              0.954474              0.946667           0.955
16             0.954474              0.946667           0.955
4              0.954474              0.946667           0.955
12             0.954474              0.946667           0.955
6              0.954474              0.946667           0.955
14             0.954474              0.946667           0.955
49             0.505263              0.000000           0.500
9              0.505263              0.000000           0.500
45             0.505263              0.000000           0.500
47             0.505263              0.000000           0.500
7              0.505263              0.000000           0.500
21             0.505263              0.000000           0.500
43             0.505263              0.000000           0.500
5              0.505263              0.000000           0.500
53             0.505263              0.000000           0.500
55             0.505263              0.000000           0.500
3              0.505263              0.000000           0.500
57             0.505263              0.000000           0.500
51             0.505263              0.000000           0.500
11             0.505263              0.000000           0.500
41             0.505263              0.000000           0.500
19             0.505263              0.000000           0.500
39             0.505263              0.000000           0.500
37             0.505263              0.000000           0.500
13             0.505263              0.000000           0.500
35             0.505263              0.000000           0.500
33             0.505263              0.000000           0.500
15             0.505263              0.000000           0.500
31             0.505263              0.000000           0.500
1              0.505263              0.000000           0.500
29             0.505263              0.000000           0.500
27             0.505263              0.000000           0.500
17             0.505263              0.000000           0.500
25             0.505263              0.000000           0.500
23             0.505263              0.000000           0.500
59             0.505263              0.000000           0.500
2023-05-28 09:41:31,757 [INFO] Best model :
SVC(C=0.01, gamma=0.01, kernel='linear', random_state=42)
2023-05-28 09:41:31,767 [INFO] Save train_prediction_log data...
2023-05-28 09:41:31,771 [INFO] {'Data': 'train', 'ACC': '1.0 (194 / 194)', 'TP': 96, 'FP': 0, 'FN': 0, 'TN': 98, 'Precision': '1.0 (96 / 96 + 0)', 'Recall': '1.0 (96 / 96 + 0)', 'F1': '1.0 (2 * (1.0 * 1.0) / 1.0 + 1.0)', 'Specificity': '1.0 (98 / 98 + 0)', 'AUC': 1.0, 'r2': 1.0}
2023-05-28 09:41:31,778 [INFO] Save valid_prediction_log data...
2023-05-28 09:41:31,781 [INFO] {'Data': 'valid', 'ACC': '1.0 (41 / 41)', 'TP': 16, 'FP': 0, 'FN': 0, 'TN': 25, 'Precision': '1.0 (16 / 16 + 0)', 'Recall': '1.0 (16 / 16 + 0)', 'F1': '1.0 (2 * (1.0 * 1.0) / 1.0 + 1.0)', 'Specificity': '1.0 (25 / 25 + 0)', 'AUC': 1.0, 'r2': 1.0}
2023-05-28 09:41:31,805 [INFO] Save test_prediction_log data...
2023-05-28 09:41:31,809 [INFO] {'Data': 'test', 'ACC': '0.51 (21 / 41)', 'TP': 8, 'FP': 12, 'FN': 8, 'TN': 13, 'Precision': '0.4 (8 / 8 + 12)', 'Recall': '0.5 (8 / 8 + 8)', 'F1': '0.44 (2 * (0.5 * 0.4) / 0.5 + 0.4)', 'Specificity': '0.52 (13 / 13 + 12)', 'AUC': 0.51, 'r2': -1.05}
2023-05-28 09:41:31,828 [INFO] Save training_log data...
2023-05-28 09:41:31,830 [INFO] Save score_log data...
2023-05-28 09:41:31,831 [INFO] Time : 6.218996286392212
