2023-05-28 09:24:55,659 [INFO] Train data : Vary_params_IGF1R_KIT\DUD-E\IGF1R\nG1_80\ECFP4_256bits\Robust\IGF1R_train_vector.tsv
2023-05-28 09:24:55,659 [INFO] Valid data : Vary_params_IGF1R_KIT\DUD-E\IGF1R\nG1_80\ECFP4_256bits\Robust\IGF1R_valid_vector.tsv
2023-05-28 09:24:55,659 [INFO] Output path : Vary_params_IGF1R_KIT\DUD-E\IGF1R\nG1_80\ECFP4_256bits\Robust\IGF1R_model\SVM
2023-05-28 09:24:55,659 [INFO] Model type : SVM
2023-05-28 09:24:55,659 [INFO] Use cores : 10
2023-05-28 09:24:55,671 [INFO] Start Learning model
2023-05-28 09:24:55,671 [INFO] Train : 166 | Valid : 49
2023-05-28 09:24:55,671 [INFO] Set parameters : {'kernel': ['linear', 'rbf'], 'C': [0.01, 0.1, 1, 10, 100, 1000], 'gamma': [0.01, 0.1, 1, 100, 1000]}
2023-05-28 09:24:57,968 [INFO] GridSearchCV results :
    mean_valid_accuracy  mean_valid_precision  mean_valid_auc
0              0.932721              0.878571        0.935909
20             0.932721              0.878571        0.935909
24             0.932721              0.878571        0.935909
26             0.932721              0.878571        0.935909
28             0.932721              0.878571        0.935909
32             0.932721              0.878571        0.935909
34             0.932721              0.878571        0.935909
36             0.932721              0.878571        0.935909
38             0.932721              0.878571        0.935909
40             0.932721              0.878571        0.935909
42             0.932721              0.878571        0.935909
44             0.932721              0.878571        0.935909
46             0.932721              0.878571        0.935909
48             0.932721              0.878571        0.935909
50             0.932721              0.878571        0.935909
52             0.932721              0.878571        0.935909
54             0.932721              0.878571        0.935909
56             0.932721              0.878571        0.935909
58             0.932721              0.878571        0.935909
22             0.932721              0.878571        0.935909
30             0.932721              0.878571        0.935909
10             0.932721              0.878571        0.935909
2              0.932721              0.878571        0.935909
18             0.932721              0.878571        0.935909
8              0.932721              0.878571        0.935909
16             0.932721              0.878571        0.935909
4              0.932721              0.878571        0.935909
12             0.932721              0.878571        0.935909
6              0.932721              0.878571        0.935909
14             0.932721              0.878571        0.935909
49             0.711029              0.000000        0.500000
9              0.711029              0.000000        0.500000
45             0.711029              0.000000        0.500000
47             0.711029              0.000000        0.500000
7              0.711029              0.000000        0.500000
21             0.711029              0.000000        0.500000
43             0.711029              0.000000        0.500000
5              0.711029              0.000000        0.500000
53             0.711029              0.000000        0.500000
55             0.711029              0.000000        0.500000
3              0.711029              0.000000        0.500000
57             0.711029              0.000000        0.500000
51             0.711029              0.000000        0.500000
11             0.711029              0.000000        0.500000
41             0.711029              0.000000        0.500000
19             0.711029              0.000000        0.500000
39             0.711029              0.000000        0.500000
37             0.711029              0.000000        0.500000
13             0.711029              0.000000        0.500000
35             0.711029              0.000000        0.500000
33             0.711029              0.000000        0.500000
15             0.711029              0.000000        0.500000
31             0.711029              0.000000        0.500000
1              0.711029              0.000000        0.500000
29             0.711029              0.000000        0.500000
27             0.711029              0.000000        0.500000
17             0.711029              0.000000        0.500000
25             0.711029              0.000000        0.500000
23             0.711029              0.000000        0.500000
59             0.711029              0.000000        0.500000
2023-05-28 09:24:57,969 [INFO] Best model :
SVC(C=0.01, gamma=0.01, kernel='linear', random_state=42)
2023-05-28 09:24:57,974 [INFO] Save train_prediction_log data...
2023-05-28 09:24:57,976 [INFO] {'Data': 'train', 'ACC': '1.0 (166 / 166)', 'TP': 48, 'FP': 0, 'FN': 0, 'TN': 118, 'Precision': '1.0 (48 / 48 + 0)', 'Recall': '1.0 (48 / 48 + 0)', 'F1': '1.0 (2 * (1.0 * 1.0) / 1.0 + 1.0)', 'Specificity': '1.0 (118 / 118 + 0)', 'AUC': 1.0, 'r2': 1.0}
2023-05-28 09:24:57,980 [INFO] Save valid_prediction_log data...
2023-05-28 09:24:57,982 [INFO] {'Data': 'valid', 'ACC': '1.0 (49 / 49)', 'TP': 20, 'FP': 0, 'FN': 0, 'TN': 29, 'Precision': '1.0 (20 / 20 + 0)', 'Recall': '1.0 (20 / 20 + 0)', 'F1': '1.0 (2 * (1.0 * 1.0) / 1.0 + 1.0)', 'Specificity': '1.0 (29 / 29 + 0)', 'AUC': 1.0, 'r2': 1.0}
2023-05-28 09:24:57,990 [INFO] Save test_prediction_log data...
2023-05-28 09:24:57,992 [INFO] {'Data': 'test', 'ACC': '0.67 (33 / 49)', 'TP': 6, 'FP': 2, 'FN': 14, 'TN': 27, 'Precision': '0.75 (6 / 6 + 2)', 'Recall': '0.3 (6 / 6 + 14)', 'F1': '0.43 (2 * (0.3 * 0.75) / 0.3 + 0.75)', 'Specificity': '0.93 (27 / 27 + 2)', 'AUC': 0.62, 'r2': -0.35}
2023-05-28 09:24:57,994 [INFO] Save training_log data...
2023-05-28 09:24:57,995 [INFO] Save score_log data...
2023-05-28 09:24:57,996 [INFO] Time : 2.3365514278411865
