2023-05-26 16:58:01,236 [INFO] Train data : Vary_params\DUD-E\MAPK2\nG1_80\ECFP4_256bits\Robust\MAPK2_train_vector.tsv
2023-05-26 16:58:01,237 [INFO] Valid data : Vary_params\DUD-E\MAPK2\nG1_80\ECFP4_256bits\Robust\MAPK2_valid_vector.tsv
2023-05-26 16:58:01,237 [INFO] Output path : Vary_params\DUD-E\MAPK2\nG1_80\ECFP4_256bits\Robust\MAPK2_model\RF
2023-05-26 16:58:01,237 [INFO] Model type : RF
2023-05-26 16:58:01,237 [INFO] Use cores : 10
2023-05-26 16:58:01,258 [INFO] Start Learning model
2023-05-26 16:58:01,258 [INFO] Train : 72 | Valid : 25
2023-05-26 16:58:01,258 [INFO] Set parameters : {'max_depth': [6, 8, 10, 12], 'max_features': ['sqrt', 'log2'], 'min_samples_leaf': [2, 4, 8, 10], 'min_samples_split': [2, 4, 8, 10], 'n_estimators': [200, 600, 1000]}
2023-05-26 17:02:43,529 [INFO] GridSearchCV results :
     mean_valid_accuracy  mean_valid_precision  mean_valid_auc
0               0.973214                   0.9           0.925
224             0.973214                   0.9           0.925
230             0.973214                   0.9           0.925
229             0.973214                   0.9           0.925
228             0.973214                   0.9           0.925
..                   ...                   ...             ...
358             0.944643                   0.7           0.825
53              0.944643                   0.7           0.825
256             0.944643                   0.7           0.825
65              0.944643                   0.7           0.825
64              0.944643                   0.7           0.825

[384 rows x 3 columns]
2023-05-26 17:02:43,530 [INFO] Best model :
RandomForestClassifier(class_weight='balanced', max_depth=6, min_samples_leaf=2,
                       n_estimators=200, random_state=42)
2023-05-26 17:02:43,541 [INFO] Save train_prediction_log data...
2023-05-26 17:02:43,544 [INFO] {'Data': 'train', 'ACC': '1.0 (72 / 72)', 'TP': 11, 'FP': 0, 'FN': 0, 'TN': 61, 'Precision': '1.0 (11 / 11 + 0)', 'Recall': '1.0 (11 / 11 + 0)', 'F1': '1.0 (2 * (1.0 * 1.0) / 1.0 + 1.0)', 'Specificity': '1.0 (61 / 61 + 0)', 'AUC': 1.0, 'r2': 1.0}
2023-05-26 17:02:43,555 [INFO] Save valid_prediction_log data...
2023-05-26 17:02:43,557 [INFO] {'Data': 'valid', 'ACC': '0.96 (24 / 25)', 'TP': 9, 'FP': 0, 'FN': 1, 'TN': 15, 'Precision': '1.0 (9 / 9 + 0)', 'Recall': '0.9 (9 / 9 + 1)', 'F1': '0.95 (2 * (0.9 * 1.0) / 0.9 + 1.0)', 'Specificity': '1.0 (15 / 15 + 0)', 'AUC': 0.95, 'r2': 0.83}
2023-05-26 17:02:43,576 [INFO] Save test_prediction_log data...
2023-05-26 17:02:43,580 [INFO] {'Data': 'test', 'ACC': '0.64 (16 / 25)', 'TP': 2, 'FP': 1, 'FN': 8, 'TN': 14, 'Precision': '0.67 (2 / 2 + 1)', 'Recall': '0.2 (2 / 2 + 8)', 'F1': '0.31 (2 * (0.2 * 0.67) / 0.2 + 0.67)', 'Specificity': '0.93 (14 / 14 + 1)', 'AUC': 0.57, 'r2': -0.5}
2023-05-26 17:02:43,616 [INFO] Save training_log data...
2023-05-26 17:02:43,618 [INFO] Save score_log data...
2023-05-26 17:02:43,619 [INFO] Time : 282.3825194835663
