2023-05-29 00:47:50,217 [INFO] Train data : Vary_params_FGFR1\DUD-E\FGFR1\nG1_80\ECFP4_256bits\Standard\FGFR1_train_vector.tsv
2023-05-29 00:47:50,217 [INFO] Valid data : Vary_params_FGFR1\DUD-E\FGFR1\nG1_80\ECFP4_256bits\Standard\FGFR1_valid_vector.tsv
2023-05-29 00:47:50,217 [INFO] Output path : Vary_params_FGFR1\DUD-E\FGFR1\nG1_80\ECFP4_256bits\Standard\FGFR1_model\SVM
2023-05-29 00:47:50,217 [INFO] Model type : SVM
2023-05-29 00:47:50,217 [INFO] Use cores : 10
2023-05-29 00:47:50,242 [INFO] Start Learning model
2023-05-29 00:47:50,242 [INFO] Train : 143 | Valid : 43
2023-05-29 00:47:50,242 [INFO] Set parameters : {'kernel': ['linear', 'rbf'], 'C': [0.01, 0.1, 1, 10, 100, 1000], 'gamma': [0.01, 0.1, 1, 100, 1000]}
2023-05-29 00:47:56,499 [INFO] GridSearchCV results :
    mean_valid_accuracy  mean_valid_precision  mean_valid_auc
21             0.902381                  1.00        0.820833
41             0.923333                  1.00        0.862500
31             0.923333                  1.00        0.862500
51             0.923333                  1.00        0.862500
26             0.979524                  0.98        0.970000
28             0.979524                  0.98        0.970000
32             0.979524                  0.98        0.970000
34             0.979524                  0.98        0.970000
36             0.979524                  0.98        0.970000
38             0.979524                  0.98        0.970000
40             0.979524                  0.98        0.970000
0              0.979524                  0.98        0.970000
24             0.979524                  0.98        0.970000
44             0.979524                  0.98        0.970000
46             0.979524                  0.98        0.970000
48             0.979524                  0.98        0.970000
50             0.979524                  0.98        0.970000
52             0.979524                  0.98        0.970000
54             0.979524                  0.98        0.970000
56             0.979524                  0.98        0.970000
58             0.979524                  0.98        0.970000
42             0.979524                  0.98        0.970000
30             0.979524                  0.98        0.970000
12             0.979524                  0.98        0.970000
2              0.979524                  0.98        0.970000
20             0.979524                  0.98        0.970000
22             0.979524                  0.98        0.970000
4              0.979524                  0.98        0.970000
18             0.979524                  0.98        0.970000
8              0.979524                  0.98        0.970000
10             0.979524                  0.98        0.970000
16             0.979524                  0.98        0.970000
6              0.979524                  0.98        0.970000
14             0.979524                  0.98        0.970000
49             0.727143                  0.00        0.500000
9              0.727143                  0.00        0.500000
47             0.727143                  0.00        0.500000
5              0.727143                  0.00        0.500000
7              0.727143                  0.00        0.500000
53             0.727143                  0.00        0.500000
55             0.727143                  0.00        0.500000
3              0.727143                  0.00        0.500000
57             0.727143                  0.00        0.500000
45             0.727143                  0.00        0.500000
23             0.727143                  0.00        0.500000
43             0.727143                  0.00        0.500000
11             0.727143                  0.00        0.500000
13             0.727143                  0.00        0.500000
39             0.727143                  0.00        0.500000
37             0.727143                  0.00        0.500000
15             0.727143                  0.00        0.500000
35             0.727143                  0.00        0.500000
33             0.727143                  0.00        0.500000
17             0.727143                  0.00        0.500000
1              0.727143                  0.00        0.500000
29             0.727143                  0.00        0.500000
19             0.727143                  0.00        0.500000
27             0.727143                  0.00        0.500000
25             0.727143                  0.00        0.500000
59             0.727143                  0.00        0.500000
2023-05-29 00:47:56,500 [INFO] Best model :
SVC(C=1, gamma=0.01, random_state=42)
2023-05-29 00:47:56,511 [INFO] Save train_prediction_log data...
2023-05-29 00:47:56,516 [INFO] {'Data': 'train', 'ACC': '1.0 (143 / 143)', 'TP': 39, 'FP': 0, 'FN': 0, 'TN': 104, 'Precision': '1.0 (39 / 39 + 0)', 'Recall': '1.0 (39 / 39 + 0)', 'F1': '1.0 (2 * (1.0 * 1.0) / 1.0 + 1.0)', 'Specificity': '1.0 (104 / 104 + 0)', 'AUC': 1.0, 'r2': 1.0}
2023-05-29 00:47:56,523 [INFO] Save valid_prediction_log data...
2023-05-29 00:47:56,526 [INFO] {'Data': 'valid', 'ACC': '0.98 (42 / 43)', 'TP': 16, 'FP': 0, 'FN': 1, 'TN': 26, 'Precision': '1.0 (16 / 16 + 0)', 'Recall': '0.94 (16 / 16 + 1)', 'F1': '0.97 (2 * (0.94 * 1.0) / 0.94 + 1.0)', 'Specificity': '1.0 (26 / 26 + 0)', 'AUC': 0.97, 'r2': 0.9}
2023-05-29 00:47:56,544 [INFO] Save test_prediction_log data...
2023-05-29 00:47:56,549 [INFO] {'Data': 'test', 'ACC': '0.63 (27 / 43)', 'TP': 1, 'FP': 0, 'FN': 16, 'TN': 26, 'Precision': '1.0 (1 / 1 + 0)', 'Recall': '0.06 (1 / 1 + 16)', 'F1': '0.11 (2 * (0.06 * 1.0) / 0.06 + 1.0)', 'Specificity': '1.0 (26 / 26 + 0)', 'AUC': 0.53, 'r2': -0.56}
2023-05-29 00:47:56,553 [INFO] Save training_log data...
2023-05-29 00:47:56,554 [INFO] Save score_log data...
2023-05-29 00:47:56,556 [INFO] Time : 6.339004755020142
