2023-05-26 11:08:43,483 [INFO] Train data : Baseline\DUD-E\CSF1R\ECFP4_256bits\Robust\CSF1R_train.tsv
2023-05-26 11:08:43,483 [INFO] Valid data : Baseline\DUD-E\CSF1R\ECFP4_256bits\Robust\CSF1R_valid.tsv
2023-05-26 11:08:43,484 [INFO] Output path : Baseline\DUD-E\CSF1R\ECFP4_256bits\Robust\CSF1R_model\RF
2023-05-26 11:08:43,484 [INFO] Model type : RF
2023-05-26 11:08:43,484 [INFO] Use cores : 12
2023-05-26 11:08:43,504 [INFO] Start Learning model
2023-05-26 11:08:43,504 [INFO] Train : 186 | Valid : 47
2023-05-26 11:08:43,504 [INFO] Set parameters : {'max_depth': [6, 8, 10, 12], 'max_features': ['sqrt', 'log2'], 'min_samples_leaf': [2, 4, 8, 10], 'min_samples_split': [2, 4, 8, 10], 'n_estimators': [200, 600, 1000]}
2023-05-26 11:11:57,726 [INFO] GridSearchCV results :
     mean_valid_accuracy  mean_valid_precision  mean_valid_auc
192             0.946199              1.000000        0.933036
288             0.946199              1.000000        0.933036
246             0.940643              1.000000        0.925893
249             0.951754              1.000000        0.940179
195             0.946199              1.000000        0.933036
..                   ...                   ...             ...
330             0.919298              0.933532        0.909794
45              0.919298              0.933532        0.909794
39              0.919298              0.933532        0.909794
327             0.919298              0.933532        0.909794
141             0.919298              0.933532        0.909794

[384 rows x 3 columns]
2023-05-26 11:11:57,727 [INFO] Best model :
RandomForestClassifier(class_weight='balanced', max_depth=8,
                       max_features='log2', min_samples_leaf=2,
                       min_samples_split=8, n_estimators=200, random_state=42)
2023-05-26 11:11:57,738 [INFO] Save train_prediction_log data...
2023-05-26 11:11:57,742 [INFO] {'Data': 'train', 'ACC': '1.0 (186 / 186)', 'TP': 74, 'FP': 0, 'FN': 0, 'TN': 112, 'Precision': '1.0 (74 / 74 + 0)', 'Recall': '1.0 (74 / 74 + 0)', 'F1': '1.0 (2 * (1.0 * 1.0) / 1.0 + 1.0)', 'Specificity': '1.0 (112 / 112 + 0)', 'AUC': 1.0, 'r2': 1.0}
2023-05-26 11:11:57,751 [INFO] Save valid_prediction_log data...
2023-05-26 11:11:57,753 [INFO] {'Data': 'valid', 'ACC': '1.0 (47 / 47)', 'TP': 19, 'FP': 0, 'FN': 0, 'TN': 28, 'Precision': '1.0 (19 / 19 + 0)', 'Recall': '1.0 (19 / 19 + 0)', 'F1': '1.0 (2 * (1.0 * 1.0) / 1.0 + 1.0)', 'Specificity': '1.0 (28 / 28 + 0)', 'AUC': 1.0, 'r2': 1.0}
2023-05-26 11:11:57,772 [INFO] Save test_prediction_log data...
2023-05-26 11:11:57,774 [INFO] {'Data': 'test', 'ACC': '0.74 (35 / 47)', 'TP': 14, 'FP': 7, 'FN': 5, 'TN': 21, 'Precision': '0.67 (14 / 14 + 7)', 'Recall': '0.74 (14 / 14 + 5)', 'F1': '0.7 (2 * (0.74 * 0.67) / 0.74 + 0.67)', 'Specificity': '0.75 (21 / 21 + 7)', 'AUC': 0.74, 'r2': -0.06}
2023-05-26 11:11:57,804 [INFO] Save training_log data...
2023-05-26 11:11:57,806 [INFO] Save score_log data...
2023-05-26 11:11:57,807 [INFO] Time : 194.324054479599
