2023-05-29 07:28:58,293 [INFO] Train data : Vary_params_CDK2_EGFR_LCK\DUD-E\LCK\nG1_50\ECFP4_256bits\MinMax\LCK_train_vector.tsv
2023-05-29 07:28:58,293 [INFO] Valid data : Vary_params_CDK2_EGFR_LCK\DUD-E\LCK\nG1_50\ECFP4_256bits\MinMax\LCK_valid_vector.tsv
2023-05-29 07:28:58,293 [INFO] Output path : Vary_params_CDK2_EGFR_LCK\DUD-E\LCK\nG1_50\ECFP4_256bits\MinMax\LCK_model\MLP
2023-05-29 07:28:58,293 [INFO] Model type : MLP
2023-05-29 07:28:58,293 [INFO] Use cores : 19
2023-05-29 07:28:58,312 [INFO] Start Learning model
2023-05-29 07:28:58,312 [INFO] Train : 736 | Valid : 185
2023-05-29 07:28:58,313 [INFO] Set parameters : {'hidden_layer_sizes': [(50,), (100,), (50, 50), (100, 100)], 'learning_rate': ['constant', 'invscaling', 'adaptive'], 'activation': ['relu', 'identity', 'logistic', 'tanh'], 'solver': ['adam', 'sgd', 'lbfgs'], 'alpha': [0.1, 0.01, 0.001], 'max_iter': [500, 1000], 'early_stopping': [True]}
2023-05-29 07:32:46,978 [INFO] GridSearchCV results :
     mean_valid_accuracy  mean_valid_precision  mean_valid_auc
432             0.919826              0.992582        0.901028
504             0.915772              0.992582        0.895856
585             0.915772              0.992582        0.895856
582             0.915772              0.992582        0.895856
579             0.915772              0.992582        0.895856
..                   ...                   ...             ...
547             0.600555              0.000000        0.500000
546             0.600555              0.000000        0.500000
478             0.600555              0.000000        0.500000
544             0.600555              0.000000        0.500000
460             0.600555              0.000000        0.500000

[864 rows x 3 columns]
2023-05-29 07:32:46,979 [INFO] Best model :
MLPClassifier(activation='logistic', alpha=0.1, early_stopping=True,
              hidden_layer_sizes=(50,), max_iter=500, random_state=42)
2023-05-29 07:32:46,986 [INFO] Save train_prediction_log data...
2023-05-29 07:32:46,990 [INFO] {'Data': 'train', 'ACC': '0.97 (714 / 736)', 'TP': 276, 'FP': 4, 'FN': 18, 'TN': 438, 'Precision': '0.99 (276 / 276 + 4)', 'Recall': '0.94 (276 / 276 + 18)', 'F1': '0.96 (2 * (0.94 * 0.99) / 0.94 + 0.99)', 'Specificity': '0.99 (438 / 438 + 4)', 'AUC': 0.96, 'r2': 0.88}
2023-05-29 07:32:46,993 [INFO] Save valid_prediction_log data...
2023-05-29 07:32:46,995 [INFO] {'Data': 'valid', 'ACC': '0.97 (180 / 185)', 'TP': 73, 'FP': 4, 'FN': 1, 'TN': 107, 'Precision': '0.95 (73 / 73 + 4)', 'Recall': '0.99 (73 / 73 + 1)', 'F1': '0.97 (2 * (0.99 * 0.95) / 0.99 + 0.95)', 'Specificity': '0.96 (107 / 107 + 4)', 'AUC': 0.98, 'r2': 0.89}
2023-05-29 07:32:47,006 [INFO] Save test_prediction_log data...
2023-05-29 07:32:47,008 [INFO] {'Data': 'test', 'ACC': '0.61 (112 / 185)', 'TP': 40, 'FP': 39, 'FN': 34, 'TN': 72, 'Precision': '0.51 (40 / 40 + 39)', 'Recall': '0.54 (40 / 40 + 34)', 'F1': '0.52 (2 * (0.54 * 0.51) / 0.54 + 0.51)', 'Specificity': '0.65 (72 / 72 + 39)', 'AUC': 0.59, 'r2': -0.64}
2023-05-29 07:32:47,011 [INFO] Save training_log data...
2023-05-29 07:32:47,016 [INFO] Save score_log data...
2023-05-29 07:32:47,017 [INFO] Time : 228.7238097190857
