2023-05-28 06:15:45,324 [INFO] Train data : Vary_params_A\DUD-E\MK10\nG1_20\ECFP6_256bits\Robust\MK10_train_vector.tsv
2023-05-28 06:15:45,325 [INFO] Valid data : Vary_params_A\DUD-E\MK10\nG1_20\ECFP6_256bits\Robust\MK10_valid_vector.tsv
2023-05-28 06:15:45,325 [INFO] Output path : Vary_params_A\DUD-E\MK10\nG1_20\ECFP6_256bits\Robust\MK10_model\RF
2023-05-28 06:15:45,325 [INFO] Model type : RF
2023-05-28 06:15:45,325 [INFO] Use cores : 3
2023-05-28 06:15:45,356 [INFO] Start Learning model
2023-05-28 06:15:45,356 [INFO] Train : 134 | Valid : 26
2023-05-28 06:15:45,356 [INFO] Set parameters : {'max_depth': [6, 8, 10, 12], 'max_features': ['sqrt', 'log2'], 'min_samples_leaf': [2, 4, 8, 10], 'min_samples_split': [2, 4, 8, 10], 'n_estimators': [200, 600, 1000]}
2023-05-28 06:32:47,054 [INFO] GridSearchCV results :
     mean_valid_accuracy  mean_valid_precision  mean_valid_auc
66              0.895604              0.913095        0.894345
63              0.895604              0.913095        0.894345
60              0.895604              0.913095        0.894345
57              0.910440              0.912500        0.907738
350             0.902747              0.908929        0.900595
..                   ...                   ...             ...
271             0.866484              0.848810        0.862500
73              0.858791              0.847024        0.855357
76              0.858791              0.847024        0.855357
79              0.858791              0.847024        0.855357
82              0.858791              0.847024        0.855357

[384 rows x 3 columns]
2023-05-28 06:32:47,056 [INFO] Best model :
RandomForestClassifier(class_weight='balanced', max_depth=6,
                       max_features='log2', min_samples_leaf=4,
                       n_estimators=200, random_state=42)
2023-05-28 06:32:47,079 [INFO] Save train_prediction_log data...
2023-05-28 06:32:47,085 [INFO] {'Data': 'train', 'ACC': '0.99 (132 / 134)', 'TP': 71, 'FP': 1, 'FN': 1, 'TN': 61, 'Precision': '0.99 (71 / 71 + 1)', 'Recall': '0.99 (71 / 71 + 1)', 'F1': '0.99 (2 * (0.99 * 0.99) / 0.99 + 0.99)', 'Specificity': '0.98 (61 / 61 + 1)', 'AUC': 0.98, 'r2': 0.94}
2023-05-28 06:32:47,105 [INFO] Save valid_prediction_log data...
2023-05-28 06:32:47,109 [INFO] {'Data': 'valid', 'ACC': '1.0 (26 / 26)', 'TP': 10, 'FP': 0, 'FN': 0, 'TN': 16, 'Precision': '1.0 (10 / 10 + 0)', 'Recall': '1.0 (10 / 10 + 0)', 'F1': '1.0 (2 * (1.0 * 1.0) / 1.0 + 1.0)', 'Specificity': '1.0 (16 / 16 + 0)', 'AUC': 1.0, 'r2': 1.0}
2023-05-28 06:32:47,141 [INFO] Save test_prediction_log data...
2023-05-28 06:32:47,145 [INFO] {'Data': 'test', 'ACC': '0.54 (14 / 26)', 'TP': 4, 'FP': 6, 'FN': 6, 'TN': 10, 'Precision': '0.4 (4 / 4 + 6)', 'Recall': '0.4 (4 / 4 + 6)', 'F1': '0.4 (2 * (0.4 * 0.4) / 0.4 + 0.4)', 'Specificity': '0.62 (10 / 10 + 6)', 'AUC': 0.51, 'r2': -0.95}
2023-05-28 06:32:47,207 [INFO] Save training_log data...
2023-05-28 06:32:47,211 [INFO] Save score_log data...
2023-05-28 06:32:47,213 [INFO] Time : 1021.8893258571625
