2023-05-26 11:48:06,014 [INFO] Train data : Vary_params\DUD-E\MAPK2\nG1_20\ECFP4_256bits\MinMax\MAPK2_train_vector.tsv
2023-05-26 11:48:06,015 [INFO] Valid data : Vary_params\DUD-E\MAPK2\nG1_20\ECFP4_256bits\MinMax\MAPK2_valid_vector.tsv
2023-05-26 11:48:06,015 [INFO] Output path : Vary_params\DUD-E\MAPK2\nG1_20\ECFP4_256bits\MinMax\MAPK2_model\SVM
2023-05-26 11:48:06,015 [INFO] Model type : SVM
2023-05-26 11:48:06,015 [INFO] Use cores : 10
2023-05-26 11:48:06,027 [INFO] Start Learning model
2023-05-26 11:48:06,027 [INFO] Train : 132 | Valid : 25
2023-05-26 11:48:06,027 [INFO] Set parameters : {'kernel': ['linear', 'rbf'], 'C': [0.01, 0.1, 1, 10, 100, 1000], 'gamma': [0.01, 0.1, 1, 100, 1000]}
2023-05-26 11:48:08,505 [INFO] GridSearchCV results :
    mean_valid_accuracy  mean_valid_precision  mean_valid_auc
0              0.947802              1.000000        0.950893
43             0.947802              1.000000        0.950000
2              0.947802              1.000000        0.950893
33             0.947802              1.000000        0.950000
4              0.947802              1.000000        0.950893
23             0.947802              1.000000        0.950000
6              0.947802              1.000000        0.950893
21             0.947802              1.000000        0.950893
8              0.947802              1.000000        0.950893
53             0.947802              1.000000        0.950000
41             0.969780              0.987500        0.970238
31             0.969780              0.987500        0.970238
51             0.969780              0.987500        0.970238
50             0.961538              0.965278        0.960714
48             0.961538              0.965278        0.960714
28             0.961538              0.965278        0.960714
44             0.961538              0.965278        0.960714
42             0.961538              0.965278        0.960714
52             0.961538              0.965278        0.960714
40             0.961538              0.965278        0.960714
38             0.961538              0.965278        0.960714
54             0.961538              0.965278        0.960714
36             0.961538              0.965278        0.960714
56             0.961538              0.965278        0.960714
34             0.961538              0.965278        0.960714
58             0.961538              0.965278        0.960714
32             0.961538              0.965278        0.960714
46             0.961538              0.965278        0.960714
30             0.961538              0.965278        0.960714
20             0.961538              0.965278        0.960714
14             0.961538              0.965278        0.960714
26             0.961538              0.965278        0.960714
12             0.961538              0.965278        0.960714
24             0.961538              0.965278        0.960714
22             0.961538              0.965278        0.960714
16             0.961538              0.965278        0.960714
10             0.961538              0.965278        0.960714
18             0.961538              0.965278        0.960714
9              0.537912              0.537912        0.500000
11             0.537912              0.537912        0.500000
29             0.537912              0.537912        0.500000
7              0.537912              0.537912        0.500000
13             0.537912              0.537912        0.500000
55             0.537912              0.537912        0.500000
5              0.537912              0.537912        0.500000
57             0.537912              0.537912        0.500000
3              0.537912              0.537912        0.500000
49             0.537912              0.537912        0.500000
15             0.537912              0.537912        0.500000
47             0.537912              0.537912        0.500000
45             0.537912              0.537912        0.500000
1              0.537912              0.537912        0.500000
17             0.537912              0.537912        0.500000
19             0.537912              0.537912        0.500000
39             0.537912              0.537912        0.500000
37             0.537912              0.537912        0.500000
35             0.537912              0.537912        0.500000
25             0.537912              0.537912        0.500000
27             0.537912              0.537912        0.500000
59             0.537912              0.537912        0.500000
2023-05-26 11:48:08,508 [INFO] Best model :
SVC(C=0.01, gamma=0.01, kernel='linear', random_state=42)
2023-05-26 11:48:08,512 [INFO] Save train_prediction_log data...
2023-05-26 11:48:08,515 [INFO] {'Data': 'train', 'ACC': '0.97 (128 / 132)', 'TP': 67, 'FP': 0, 'FN': 4, 'TN': 61, 'Precision': '1.0 (67 / 67 + 0)', 'Recall': '0.94 (67 / 67 + 4)', 'F1': '0.97 (2 * (0.94 * 1.0) / 0.94 + 1.0)', 'Specificity': '1.0 (61 / 61 + 0)', 'AUC': 0.97, 'r2': 0.88}
2023-05-26 11:48:08,518 [INFO] Save valid_prediction_log data...
2023-05-26 11:48:08,520 [INFO] {'Data': 'valid', 'ACC': '0.96 (24 / 25)', 'TP': 10, 'FP': 1, 'FN': 0, 'TN': 14, 'Precision': '0.91 (10 / 10 + 1)', 'Recall': '1.0 (10 / 10 + 0)', 'F1': '0.95 (2 * (1.0 * 0.91) / 1.0 + 0.91)', 'Specificity': '0.93 (14 / 14 + 1)', 'AUC': 0.97, 'r2': 0.83}
2023-05-26 11:48:08,528 [INFO] Save test_prediction_log data...
2023-05-26 11:48:08,530 [INFO] {'Data': 'test', 'ACC': '0.8 (20 / 25)', 'TP': 8, 'FP': 3, 'FN': 2, 'TN': 12, 'Precision': '0.73 (8 / 8 + 3)', 'Recall': '0.8 (8 / 8 + 2)', 'F1': '0.76 (2 * (0.8 * 0.73) / 0.8 + 0.73)', 'Specificity': '0.8 (12 / 12 + 3)', 'AUC': 0.8, 'r2': 0.17}
2023-05-26 11:48:08,532 [INFO] Save training_log data...
2023-05-26 11:48:08,533 [INFO] Save score_log data...
2023-05-26 11:48:08,534 [INFO] Time : 2.5200002193450928
