2023-05-27 16:29:18,149 [INFO] Train data : Vary_params\DUD-E\PLK1\nG1_20\ECFP4_512bits\Standard\PLK1_train_vector.tsv
2023-05-27 16:29:18,149 [INFO] Valid data : Vary_params\DUD-E\PLK1\nG1_20\ECFP4_512bits\Standard\PLK1_valid_vector.tsv
2023-05-27 16:29:18,149 [INFO] Output path : Vary_params\DUD-E\PLK1\nG1_20\ECFP4_512bits\Standard\PLK1_model\SVM
2023-05-27 16:29:18,149 [INFO] Model type : SVM
2023-05-27 16:29:18,149 [INFO] Use cores : 10
2023-05-27 16:29:18,179 [INFO] Start Learning model
2023-05-27 16:29:18,179 [INFO] Train : 144 | Valid : 28
2023-05-27 16:29:18,180 [INFO] Set parameters : {'kernel': ['linear', 'rbf'], 'C': [0.01, 0.1, 1, 10, 100, 1000], 'gamma': [0.01, 0.1, 1, 100, 1000]}
2023-05-27 16:29:21,012 [INFO] GridSearchCV results :
    mean_valid_accuracy  mean_valid_precision  mean_valid_auc
0              0.986667              1.000000        0.987500
20             0.986667              1.000000        0.987500
24             0.986667              1.000000        0.987500
26             0.986667              1.000000        0.987500
28             0.986667              1.000000        0.987500
32             0.986667              1.000000        0.987500
34             0.986667              1.000000        0.987500
36             0.986667              1.000000        0.987500
38             0.986667              1.000000        0.987500
40             0.986667              1.000000        0.987500
42             0.986667              1.000000        0.987500
44             0.986667              1.000000        0.987500
46             0.986667              1.000000        0.987500
48             0.986667              1.000000        0.987500
50             0.986667              1.000000        0.987500
52             0.986667              1.000000        0.987500
54             0.986667              1.000000        0.987500
56             0.986667              1.000000        0.987500
58             0.986667              1.000000        0.987500
22             0.986667              1.000000        0.987500
30             0.986667              1.000000        0.987500
2              0.986667              1.000000        0.987500
18             0.986667              1.000000        0.987500
10             0.986667              1.000000        0.987500
8              0.986667              1.000000        0.987500
16             0.986667              1.000000        0.987500
4              0.986667              1.000000        0.987500
12             0.986667              1.000000        0.987500
14             0.986667              1.000000        0.987500
6              0.986667              1.000000        0.987500
21             0.823333              0.900000        0.832143
41             0.837619              0.900000        0.846429
31             0.837619              0.900000        0.846429
51             0.837619              0.900000        0.846429
7              0.527619              0.527619        0.500000
47             0.527619              0.527619        0.500000
5              0.527619              0.527619        0.500000
49             0.527619              0.527619        0.500000
9              0.527619              0.527619        0.500000
53             0.527619              0.527619        0.500000
55             0.527619              0.527619        0.500000
3              0.527619              0.527619        0.500000
57             0.527619              0.527619        0.500000
45             0.527619              0.527619        0.500000
11             0.527619              0.527619        0.500000
43             0.527619              0.527619        0.500000
19             0.527619              0.527619        0.500000
39             0.527619              0.527619        0.500000
37             0.527619              0.527619        0.500000
13             0.527619              0.527619        0.500000
35             0.527619              0.527619        0.500000
33             0.527619              0.527619        0.500000
15             0.527619              0.527619        0.500000
1              0.527619              0.527619        0.500000
29             0.527619              0.527619        0.500000
27             0.527619              0.527619        0.500000
17             0.527619              0.527619        0.500000
25             0.527619              0.527619        0.500000
23             0.527619              0.527619        0.500000
59             0.527619              0.527619        0.500000
2023-05-27 16:29:21,015 [INFO] Best model :
SVC(C=0.01, gamma=0.01, kernel='linear', random_state=42)
2023-05-27 16:29:21,021 [INFO] Save train_prediction_log data...
2023-05-27 16:29:21,024 [INFO] {'Data': 'train', 'ACC': '1.0 (144 / 144)', 'TP': 76, 'FP': 0, 'FN': 0, 'TN': 68, 'Precision': '1.0 (76 / 76 + 0)', 'Recall': '1.0 (76 / 76 + 0)', 'F1': '1.0 (2 * (1.0 * 1.0) / 1.0 + 1.0)', 'Specificity': '1.0 (68 / 68 + 0)', 'AUC': 1.0, 'r2': 1.0}
2023-05-27 16:29:21,029 [INFO] Save valid_prediction_log data...
2023-05-27 16:29:21,031 [INFO] {'Data': 'valid', 'ACC': '0.96 (27 / 28)', 'TP': 11, 'FP': 1, 'FN': 0, 'TN': 16, 'Precision': '0.92 (11 / 11 + 1)', 'Recall': '1.0 (11 / 11 + 0)', 'F1': '0.96 (2 * (1.0 * 0.92) / 1.0 + 0.92)', 'Specificity': '0.94 (16 / 16 + 1)', 'AUC': 0.97, 'r2': 0.85}
2023-05-27 16:29:21,047 [INFO] Save test_prediction_log data...
2023-05-27 16:29:21,049 [INFO] {'Data': 'test', 'ACC': '0.71 (20 / 28)', 'TP': 5, 'FP': 2, 'FN': 6, 'TN': 15, 'Precision': '0.71 (5 / 5 + 2)', 'Recall': '0.45 (5 / 5 + 6)', 'F1': '0.55 (2 * (0.45 * 0.71) / 0.45 + 0.71)', 'Specificity': '0.88 (15 / 15 + 2)', 'AUC': 0.67, 'r2': -0.2}
2023-05-27 16:29:21,051 [INFO] Save training_log data...
2023-05-27 16:29:21,053 [INFO] Save score_log data...
2023-05-27 16:29:21,053 [INFO] Time : 2.9039998054504395
