2023-05-29 04:41:45,723 [INFO] Train data : Vary_params_CDK2_EGFR_LCK\DUD-E\LCK\nG1_20\ECFP6_256bits\MinMax\LCK_train_vector.tsv
2023-05-29 04:41:45,723 [INFO] Valid data : Vary_params_CDK2_EGFR_LCK\DUD-E\LCK\nG1_20\ECFP6_256bits\MinMax\LCK_valid_vector.tsv
2023-05-29 04:41:45,723 [INFO] Output path : Vary_params_CDK2_EGFR_LCK\DUD-E\LCK\nG1_20\ECFP6_256bits\MinMax\LCK_model\SVM
2023-05-29 04:41:45,723 [INFO] Model type : SVM
2023-05-29 04:41:45,723 [INFO] Use cores : 19
2023-05-29 04:41:45,743 [INFO] Start Learning model
2023-05-29 04:41:45,743 [INFO] Train : 766 | Valid : 185
2023-05-29 04:41:45,743 [INFO] Set parameters : {'kernel': ['linear', 'rbf'], 'C': [0.01, 0.1, 1, 10, 100, 1000], 'gamma': [0.01, 0.1, 1, 100, 1000]}
2023-05-29 04:41:49,970 [INFO] GridSearchCV results :
    mean_valid_accuracy  mean_valid_precision  mean_valid_auc
43             0.774265              1.000000        0.733286
23             0.739012              1.000000        0.691572
53             0.774265              1.000000        0.733286
11             0.883920              1.000000        0.863021
33             0.774265              1.000000        0.733286
21             0.950461              0.963129        0.946692
0              0.937440              0.943838        0.933794
2              0.937440              0.943838        0.933794
4              0.937440              0.943838        0.933794
6              0.937440              0.943838        0.933794
8              0.937440              0.943838        0.933794
51             0.936107              0.922499        0.935477
41             0.936107              0.922499        0.935477
31             0.936107              0.922499        0.935477
14             0.921651              0.911729        0.920110
18             0.921651              0.911729        0.920110
10             0.921651              0.911729        0.920110
16             0.921651              0.911729        0.920110
12             0.921651              0.911729        0.920110
50             0.903435              0.872019        0.904302
48             0.903435              0.872019        0.904302
46             0.903435              0.872019        0.904302
44             0.903435              0.872019        0.904302
52             0.903435              0.872019        0.904302
56             0.903435              0.872019        0.904302
42             0.903435              0.872019        0.904302
58             0.903435              0.872019        0.904302
40             0.903435              0.872019        0.904302
38             0.903435              0.872019        0.904302
36             0.903435              0.872019        0.904302
34             0.903435              0.872019        0.904302
54             0.903435              0.872019        0.904302
30             0.903435              0.872019        0.904302
32             0.903435              0.872019        0.904302
28             0.903435              0.872019        0.904302
22             0.903435              0.872019        0.904302
24             0.903435              0.872019        0.904302
26             0.903435              0.872019        0.904302
20             0.903435              0.872019        0.904302
39             0.577033              0.000000        0.500000
17             0.577033              0.000000        0.500000
3              0.577033              0.000000        0.500000
57             0.577033              0.000000        0.500000
5              0.577033              0.000000        0.500000
55             0.577033              0.000000        0.500000
7              0.577033              0.000000        0.500000
9              0.577033              0.000000        0.500000
13             0.577033              0.000000        0.500000
15             0.577033              0.000000        0.500000
49             0.577033              0.000000        0.500000
27             0.577033              0.000000        0.500000
19             0.577033              0.000000        0.500000
47             0.577033              0.000000        0.500000
1              0.577033              0.000000        0.500000
45             0.577033              0.000000        0.500000
35             0.577033              0.000000        0.500000
29             0.577033              0.000000        0.500000
25             0.577033              0.000000        0.500000
37             0.577033              0.000000        0.500000
59             0.577033              0.000000        0.500000
2023-05-29 04:41:49,971 [INFO] Best model :
SVC(C=0.1, gamma=0.01, random_state=42)
2023-05-29 04:41:50,019 [INFO] Save train_prediction_log data...
2023-05-29 04:41:50,022 [INFO] {'Data': 'train', 'ACC': '0.92 (703 / 766)', 'TP': 261, 'FP': 0, 'FN': 63, 'TN': 442, 'Precision': '1.0 (261 / 261 + 0)', 'Recall': '0.81 (261 / 261 + 63)', 'F1': '0.9 (2 * (0.81 * 1.0) / 0.81 + 1.0)', 'Specificity': '1.0 (442 / 442 + 0)', 'AUC': 0.9, 'r2': 0.66}
2023-05-29 04:41:50,035 [INFO] Save valid_prediction_log data...
2023-05-29 04:41:50,038 [INFO] {'Data': 'valid', 'ACC': '0.99 (184 / 185)', 'TP': 73, 'FP': 0, 'FN': 1, 'TN': 111, 'Precision': '1.0 (73 / 73 + 0)', 'Recall': '0.99 (73 / 73 + 1)', 'F1': '0.99 (2 * (0.99 * 1.0) / 0.99 + 1.0)', 'Specificity': '1.0 (111 / 111 + 0)', 'AUC': 0.99, 'r2': 0.98}
2023-05-29 04:41:50,058 [INFO] Save test_prediction_log data...
2023-05-29 04:41:50,061 [INFO] {'Data': 'test', 'ACC': '0.72 (133 / 185)', 'TP': 30, 'FP': 8, 'FN': 44, 'TN': 103, 'Precision': '0.79 (30 / 30 + 8)', 'Recall': '0.41 (30 / 30 + 44)', 'F1': '0.54 (2 * (0.41 * 0.79) / 0.41 + 0.79)', 'Specificity': '0.93 (103 / 103 + 8)', 'AUC': 0.67, 'r2': -0.17}
2023-05-29 04:41:50,063 [INFO] Save training_log data...
2023-05-29 04:41:50,064 [INFO] Save score_log data...
2023-05-29 04:41:50,065 [INFO] Time : 4.343470573425293
