2023-04-07 19:09:58,653 [INFO] Train data : D:\PARK\Lab\Database\ADis-QSAR_final\data\DUDE\KPCB\ECFP4_256bits\preprocessing\KPCB_train_vector.tsv
2023-04-07 19:09:58,654 [INFO] Test data : D:\PARK\Lab\Database\ADis-QSAR_final\data\DUDE\KPCB\ECFP4_256bits\preprocessing\KPCB_test_vector.tsv
2023-04-07 19:09:58,654 [INFO] Output path : D:\PARK\Lab\Database\ADis-QSAR_final\data\DUDE\KPCB\ECFP4_256bits\KPCB_model\SVM
2023-04-07 19:09:58,654 [INFO] Model type : SVM
2023-04-07 19:09:58,654 [INFO] Use cores : 10
2023-04-07 19:09:58,666 [INFO] Start Learning model
2023-04-07 19:09:58,666 [INFO] Train : 169 | Test : 42
2023-04-07 19:09:58,666 [INFO] Set parameters : {'C': [0.01, 0.1, 1, 10, 100, 1000], 'gamma': [0.01, 0.1, 1, 100, 1000]}
2023-04-07 19:10:01,009 [INFO] GridSearchCV results :
    mean_valid_accuracy  mean_valid_precision  mean_valid_auc
0              0.597794                   0.0             0.5
1              0.597794                   0.0             0.5
28             0.597794                   0.0             0.5
27             0.597794                   0.0             0.5
26             0.597794                   0.0             0.5
25             0.597794                   0.0             0.5
24             0.597794                   0.0             0.5
23             0.597794                   0.0             0.5
22             0.597794                   0.0             0.5
21             0.597794                   0.0             0.5
20             0.597794                   0.0             0.5
19             0.597794                   0.0             0.5
18             0.597794                   0.0             0.5
17             0.597794                   0.0             0.5
16             0.597794                   0.0             0.5
15             0.597794                   0.0             0.5
14             0.597794                   0.0             0.5
13             0.597794                   0.0             0.5
12             0.597794                   0.0             0.5
11             0.597794                   0.0             0.5
10             0.597794                   0.0             0.5
9              0.597794                   0.0             0.5
8              0.597794                   0.0             0.5
7              0.597794                   0.0             0.5
6              0.597794                   0.0             0.5
5              0.597794                   0.0             0.5
4              0.597794                   0.0             0.5
3              0.597794                   0.0             0.5
2              0.597794                   0.0             0.5
29             0.597794                   0.0             0.5
2023-04-07 19:10:01,010 [INFO] Best model :
SVC(C=0.01, gamma=0.01, random_state=42)
2023-04-07 19:10:01,017 [INFO] Save train_prediction_log data...
2023-04-07 19:10:01,020 [INFO] {'Data': 'train', 'ACC': '0.6 (101 / 169)', 'TP': 0, 'FP': 0, 'FN': 68, 'TN': 101, 'Precision': '0 (0 / 0 + 0)', 'Recall': '0 (0 / 0 + 68)', 'F1': '0 (2 * (0 * 0) / 0 + 0)', 'Specificity': '1.0 (101 / 101 + 0)', 'AUC': 0.5, 'r2': -0.67}
2023-04-07 19:10:01,024 [INFO] Save test_prediction_log data...
2023-04-07 19:10:01,026 [INFO] {'Data': 'test', 'ACC': '0.6 (25 / 42)', 'TP': 0, 'FP': 0, 'FN': 17, 'TN': 25, 'Precision': '0 (0 / 0 + 0)', 'Recall': '0 (0 / 0 + 17)', 'F1': '0 (2 * (0 * 0) / 0 + 0)', 'Specificity': '1.0 (25 / 25 + 0)', 'AUC': 0.5, 'r2': -0.68}
2023-04-07 19:10:01,034 [INFO] Save ext_prediction_log data...
2023-04-07 19:10:01,036 [INFO] {'Data': 'ext', 'ACC': '0.6 (25 / 42)', 'TP': 0, 'FP': 0, 'FN': 17, 'TN': 25, 'Precision': '0 (0 / 0 + 0)', 'Recall': '0 (0 / 0 + 17)', 'F1': '0 (2 * (0 * 0) / 0 + 0)', 'Specificity': '1.0 (25 / 25 + 0)', 'AUC': 0.5, 'r2': -0.68}
2023-04-07 19:10:01,038 [INFO] Save training_log data...
2023-04-07 19:10:01,039 [INFO] Save score_log data...
2023-04-07 19:10:01,040 [INFO] Time : 2.3869264125823975
