2023-05-29 08:20:14,112 [INFO] Train data : Vary_params_BRAF_MK14\DUD-E\BRAF\nG1_50\ECFP6_512bits\Standard\BRAF_train_vector.tsv
2023-05-29 08:20:14,112 [INFO] Valid data : Vary_params_BRAF_MK14\DUD-E\BRAF\nG1_50\ECFP6_512bits\Standard\BRAF_valid_vector.tsv
2023-05-29 08:20:14,112 [INFO] Output path : Vary_params_BRAF_MK14\DUD-E\BRAF\nG1_50\ECFP6_512bits\Standard\BRAF_model\RF
2023-05-29 08:20:14,112 [INFO] Model type : RF
2023-05-29 08:20:14,112 [INFO] Use cores : 12
2023-05-29 08:20:14,148 [INFO] Start Learning model
2023-05-29 08:20:14,148 [INFO] Train : 201 | Valid : 50
2023-05-29 08:20:14,148 [INFO] Set parameters : {'max_depth': [6, 8, 10, 12], 'max_features': ['sqrt', 'log2'], 'min_samples_leaf': [2, 4, 8, 10], 'min_samples_split': [2, 4, 8, 10], 'n_estimators': [200, 600, 1000]}
2023-05-29 08:24:31,164 [INFO] GridSearchCV results :
     mean_valid_accuracy  mean_valid_precision  mean_valid_auc
0               0.965238                   1.0         0.95625
1               0.970000                   1.0         0.96250
262             0.975000                   1.0         0.96875
261             0.970238                   1.0         0.96250
260             0.965238                   1.0         0.95625
..                   ...                   ...             ...
125             0.970000                   1.0         0.96250
124             0.970000                   1.0         0.96250
123             0.970000                   1.0         0.96250
122             0.970000                   1.0         0.96250
383             0.970000                   1.0         0.96250

[384 rows x 3 columns]
2023-05-29 08:24:31,165 [INFO] Best model :
RandomForestClassifier(class_weight='balanced', max_depth=6, min_samples_leaf=2,
                       n_estimators=200, random_state=42)
2023-05-29 08:24:31,181 [INFO] Save train_prediction_log data...
2023-05-29 08:24:31,184 [INFO] {'Data': 'train', 'ACC': '1.0 (200 / 201)', 'TP': 79, 'FP': 0, 'FN': 1, 'TN': 121, 'Precision': '1.0 (79 / 79 + 0)', 'Recall': '0.99 (79 / 79 + 1)', 'F1': '0.99 (2 * (0.99 * 1.0) / 0.99 + 1.0)', 'Specificity': '1.0 (121 / 121 + 0)', 'AUC': 0.99, 'r2': 0.98}
2023-05-29 08:24:31,198 [INFO] Save valid_prediction_log data...
2023-05-29 08:24:31,200 [INFO] {'Data': 'valid', 'ACC': '1.0 (50 / 50)', 'TP': 20, 'FP': 0, 'FN': 0, 'TN': 30, 'Precision': '1.0 (20 / 20 + 0)', 'Recall': '1.0 (20 / 20 + 0)', 'F1': '1.0 (2 * (1.0 * 1.0) / 1.0 + 1.0)', 'Specificity': '1.0 (30 / 30 + 0)', 'AUC': 1.0, 'r2': 1.0}
2023-05-29 08:24:31,225 [INFO] Save test_prediction_log data...
2023-05-29 08:24:31,248 [INFO] {'Data': 'test', 'ACC': '0.64 (32 / 50)', 'TP': 6, 'FP': 4, 'FN': 14, 'TN': 26, 'Precision': '0.6 (6 / 6 + 4)', 'Recall': '0.3 (6 / 6 + 14)', 'F1': '0.4 (2 * (0.3 * 0.6) / 0.3 + 0.6)', 'Specificity': '0.87 (26 / 26 + 4)', 'AUC': 0.58, 'r2': -0.5}
2023-05-29 08:24:31,284 [INFO] Save training_log data...
2023-05-29 08:24:31,286 [INFO] Save score_log data...
2023-05-29 08:24:31,287 [INFO] Time : 257.17535948753357
