2023-05-29 08:38:28,768 [INFO] Train data : Vary_params_CDK2_EGFR_LCK\DUD-E\LCK\nG1_50\ECFP4_512bits\Standard\LCK_train_vector.tsv
2023-05-29 08:38:28,768 [INFO] Valid data : Vary_params_CDK2_EGFR_LCK\DUD-E\LCK\nG1_50\ECFP4_512bits\Standard\LCK_valid_vector.tsv
2023-05-29 08:38:28,768 [INFO] Output path : Vary_params_CDK2_EGFR_LCK\DUD-E\LCK\nG1_50\ECFP4_512bits\Standard\LCK_model\MLP
2023-05-29 08:38:28,768 [INFO] Model type : MLP
2023-05-29 08:38:28,768 [INFO] Use cores : 19
2023-05-29 08:38:28,843 [INFO] Start Learning model
2023-05-29 08:38:28,843 [INFO] Train : 736 | Valid : 185
2023-05-29 08:38:28,843 [INFO] Set parameters : {'hidden_layer_sizes': [(50,), (100,), (50, 50), (100, 100)], 'learning_rate': ['constant', 'invscaling', 'adaptive'], 'activation': ['relu', 'identity', 'logistic', 'tanh'], 'solver': ['adam', 'sgd', 'lbfgs'], 'alpha': [0.1, 0.01, 0.001], 'max_iter': [500, 1000], 'early_stopping': [True]}
2023-05-29 08:42:58,862 [INFO] GridSearchCV results :
     mean_valid_accuracy  mean_valid_precision  mean_valid_auc
432             0.947020              0.986552         0.93599
513             0.947020              0.986552         0.93599
585             0.947020              0.986552         0.93599
582             0.947020              0.986552         0.93599
579             0.947020              0.986552         0.93599
..                   ...                   ...             ...
562             0.600555              0.000000         0.50000
565             0.600555              0.000000         0.50000
493             0.600555              0.000000         0.50000
568             0.600555              0.000000         0.50000
616             0.600555              0.000000         0.50000

[864 rows x 3 columns]
2023-05-29 08:42:58,863 [INFO] Best model :
MLPClassifier(activation='logistic', alpha=0.1, early_stopping=True,
              hidden_layer_sizes=(50,), max_iter=500, random_state=42)
2023-05-29 08:42:58,872 [INFO] Save train_prediction_log data...
2023-05-29 08:42:58,876 [INFO] {'Data': 'train', 'ACC': '0.96 (709 / 736)', 'TP': 268, 'FP': 1, 'FN': 26, 'TN': 441, 'Precision': '1.0 (268 / 268 + 1)', 'Recall': '0.91 (268 / 268 + 26)', 'F1': '0.95 (2 * (0.91 * 1.0) / 0.91 + 1.0)', 'Specificity': '1.0 (441 / 441 + 1)', 'AUC': 0.95, 'r2': 0.85}
2023-05-29 08:42:58,881 [INFO] Save valid_prediction_log data...
2023-05-29 08:42:58,883 [INFO] {'Data': 'valid', 'ACC': '0.98 (182 / 185)', 'TP': 72, 'FP': 1, 'FN': 2, 'TN': 110, 'Precision': '0.99 (72 / 72 + 1)', 'Recall': '0.97 (72 / 72 + 2)', 'F1': '0.98 (2 * (0.97 * 0.99) / 0.97 + 0.99)', 'Specificity': '0.99 (110 / 110 + 1)', 'AUC': 0.98, 'r2': 0.93}
2023-05-29 08:42:58,906 [INFO] Save test_prediction_log data...
2023-05-29 08:42:58,908 [INFO] {'Data': 'test', 'ACC': '0.64 (119 / 185)', 'TP': 32, 'FP': 24, 'FN': 42, 'TN': 87, 'Precision': '0.57 (32 / 32 + 24)', 'Recall': '0.43 (32 / 32 + 42)', 'F1': '0.49 (2 * (0.43 * 0.57) / 0.43 + 0.57)', 'Specificity': '0.78 (87 / 87 + 24)', 'AUC': 0.61, 'r2': -0.49}
2023-05-29 08:42:58,910 [INFO] Save training_log data...
2023-05-29 08:42:58,916 [INFO] Save score_log data...
2023-05-29 08:42:58,916 [INFO] Time : 270.14803886413574
