2023-05-29 06:11:07,200 [INFO] Train data : Vary_params\DUD-E\KPCB\nG1_50\ECFP6_256bits\Standard\KPCB_train_vector.tsv
2023-05-29 06:11:07,201 [INFO] Valid data : Vary_params\DUD-E\KPCB\nG1_50\ECFP6_256bits\Standard\KPCB_valid_vector.tsv
2023-05-29 06:11:07,201 [INFO] Output path : Vary_params\DUD-E\KPCB\nG1_50\ECFP6_256bits\Standard\KPCB_model\RF
2023-05-29 06:11:07,201 [INFO] Model type : RF
2023-05-29 06:11:07,201 [INFO] Use cores : 11
2023-05-29 06:11:07,238 [INFO] Start Learning model
2023-05-29 06:11:07,238 [INFO] Train : 168 | Valid : 42
2023-05-29 06:11:07,238 [INFO] Set parameters : {'max_depth': [6, 8, 10, 12], 'max_features': ['sqrt', 'log2'], 'min_samples_leaf': [2, 4, 8, 10], 'min_samples_split': [2, 4, 8, 10], 'n_estimators': [200, 600, 1000]}
2023-05-29 06:16:42,803 [INFO] GridSearchCV results :
     mean_valid_accuracy  mean_valid_precision  mean_valid_auc
257             0.970588              1.000000        0.963095
246             0.976471              1.000000        0.971429
248             0.970588              1.000000        0.963095
249             0.964706              1.000000        0.955952
69              0.970588              1.000000        0.963095
..                   ...                   ...             ...
229             0.958824              0.969048        0.953550
230             0.958824              0.969048        0.953550
231             0.958824              0.969048        0.953550
232             0.958824              0.969048        0.953550
383             0.958824              0.969048        0.953550

[384 rows x 3 columns]
2023-05-29 06:16:42,804 [INFO] Best model :
RandomForestClassifier(class_weight='balanced', max_depth=6,
                       max_features='log2', min_samples_leaf=2,
                       n_estimators=200, random_state=42)
2023-05-29 06:16:42,823 [INFO] Save train_prediction_log data...
2023-05-29 06:16:42,827 [INFO] {'Data': 'train', 'ACC': '1.0 (168 / 168)', 'TP': 67, 'FP': 0, 'FN': 0, 'TN': 101, 'Precision': '1.0 (67 / 67 + 0)', 'Recall': '1.0 (67 / 67 + 0)', 'F1': '1.0 (2 * (1.0 * 1.0) / 1.0 + 1.0)', 'Specificity': '1.0 (101 / 101 + 0)', 'AUC': 1.0, 'r2': 1.0}
2023-05-29 06:16:42,842 [INFO] Save valid_prediction_log data...
2023-05-29 06:16:42,844 [INFO] {'Data': 'valid', 'ACC': '1.0 (42 / 42)', 'TP': 17, 'FP': 0, 'FN': 0, 'TN': 25, 'Precision': '1.0 (17 / 17 + 0)', 'Recall': '1.0 (17 / 17 + 0)', 'F1': '1.0 (2 * (1.0 * 1.0) / 1.0 + 1.0)', 'Specificity': '1.0 (25 / 25 + 0)', 'AUC': 1.0, 'r2': 1.0}
2023-05-29 06:16:42,897 [INFO] Save test_prediction_log data...
2023-05-29 06:16:42,908 [INFO] {'Data': 'test', 'ACC': '0.74 (31 / 42)', 'TP': 7, 'FP': 1, 'FN': 10, 'TN': 24, 'Precision': '0.88 (7 / 7 + 1)', 'Recall': '0.41 (7 / 7 + 10)', 'F1': '0.56 (2 * (0.41 * 0.88) / 0.41 + 0.88)', 'Specificity': '0.96 (24 / 24 + 1)', 'AUC': 0.69, 'r2': -0.09}
2023-05-29 06:16:42,960 [INFO] Save training_log data...
2023-05-29 06:16:42,963 [INFO] Save score_log data...
2023-05-29 06:16:42,964 [INFO] Time : 335.7646825313568
