2023-05-27 21:55:52,407 [INFO] Train data : Vary_params_SH\DUD-E\ROCK1\nG1_80\ECFP6_256bits\MinMax\ROCK1_train_vector.tsv
2023-05-27 21:55:52,407 [INFO] Valid data : Vary_params_SH\DUD-E\ROCK1\nG1_80\ECFP6_256bits\MinMax\ROCK1_valid_vector.tsv
2023-05-27 21:55:52,407 [INFO] Output path : Vary_params_SH\DUD-E\ROCK1\nG1_80\ECFP6_256bits\MinMax\ROCK1_model\SVM
2023-05-27 21:55:52,408 [INFO] Model type : SVM
2023-05-27 21:55:52,408 [INFO] Use cores : 3
2023-05-27 21:55:52,425 [INFO] Start Learning model
2023-05-27 21:55:52,425 [INFO] Train : 70 | Valid : 25
2023-05-27 21:55:52,425 [INFO] Set parameters : {'kernel': ['linear', 'rbf'], 'C': [0.01, 0.1, 1, 10, 100, 1000], 'gamma': [0.01, 0.1, 1, 100, 1000]}
2023-05-27 21:55:56,406 [INFO] GridSearchCV results :
    mean_valid_accuracy  mean_valid_precision  mean_valid_auc
30             0.985714                  0.95        0.991667
48             0.985714                  0.95        0.991667
38             0.985714                  0.95        0.991667
34             0.985714                  0.95        0.991667
32             0.985714                  0.95        0.991667
40             0.985714                  0.95        0.991667
28             0.985714                  0.95        0.991667
42             0.985714                  0.95        0.991667
26             0.985714                  0.95        0.991667
24             0.985714                  0.95        0.991667
44             0.985714                  0.95        0.991667
22             0.985714                  0.95        0.991667
20             0.985714                  0.95        0.991667
46             0.985714                  0.95        0.991667
16             0.985714                  0.95        0.991667
18             0.985714                  0.95        0.991667
14             0.985714                  0.95        0.991667
50             0.985714                  0.95        0.991667
58             0.985714                  0.95        0.991667
56             0.985714                  0.95        0.991667
54             0.985714                  0.95        0.991667
10             0.985714                  0.95        0.991667
52             0.985714                  0.95        0.991667
12             0.985714                  0.95        0.991667
36             0.985714                  0.95        0.991667
51             0.971429                  0.80        0.900000
41             0.971429                  0.80        0.900000
31             0.971429                  0.80        0.900000
45             0.857143                  0.00        0.500000
43             0.857143                  0.00        0.500000
47             0.857143                  0.00        0.500000
53             0.857143                  0.00        0.500000
55             0.857143                  0.00        0.500000
49             0.857143                  0.00        0.500000
39             0.857143                  0.00        0.500000
57             0.857143                  0.00        0.500000
37             0.857143                  0.00        0.500000
0              0.857143                  0.00        0.500000
35             0.857143                  0.00        0.500000
33             0.857143                  0.00        0.500000
2              0.857143                  0.00        0.500000
3              0.857143                  0.00        0.500000
4              0.857143                  0.00        0.500000
5              0.857143                  0.00        0.500000
6              0.857143                  0.00        0.500000
7              0.857143                  0.00        0.500000
8              0.857143                  0.00        0.500000
9              0.857143                  0.00        0.500000
11             0.857143                  0.00        0.500000
13             0.857143                  0.00        0.500000
15             0.857143                  0.00        0.500000
17             0.857143                  0.00        0.500000
19             0.857143                  0.00        0.500000
21             0.857143                  0.00        0.500000
23             0.857143                  0.00        0.500000
25             0.857143                  0.00        0.500000
27             0.857143                  0.00        0.500000
29             0.857143                  0.00        0.500000
1              0.857143                  0.00        0.500000
59             0.857143                  0.00        0.500000
2023-05-27 21:55:56,408 [INFO] Best model :
SVC(C=0.1, gamma=0.01, kernel='linear', random_state=42)
2023-05-27 21:55:56,413 [INFO] Save train_prediction_log data...
2023-05-27 21:55:56,417 [INFO] {'Data': 'train', 'ACC': '1.0 (70 / 70)', 'TP': 10, 'FP': 0, 'FN': 0, 'TN': 60, 'Precision': '1.0 (10 / 10 + 0)', 'Recall': '1.0 (10 / 10 + 0)', 'F1': '1.0 (2 * (1.0 * 1.0) / 1.0 + 1.0)', 'Specificity': '1.0 (60 / 60 + 0)', 'AUC': 1.0, 'r2': 1.0}
2023-05-27 21:55:56,422 [INFO] Save valid_prediction_log data...
2023-05-27 21:55:56,425 [INFO] {'Data': 'valid', 'ACC': '1.0 (25 / 25)', 'TP': 10, 'FP': 0, 'FN': 0, 'TN': 15, 'Precision': '1.0 (10 / 10 + 0)', 'Recall': '1.0 (10 / 10 + 0)', 'F1': '1.0 (2 * (1.0 * 1.0) / 1.0 + 1.0)', 'Specificity': '1.0 (15 / 15 + 0)', 'AUC': 1.0, 'r2': 1.0}
2023-05-27 21:55:56,438 [INFO] Save test_prediction_log data...
2023-05-27 21:55:56,440 [INFO] {'Data': 'test', 'ACC': '0.56 (14 / 25)', 'TP': 2, 'FP': 3, 'FN': 8, 'TN': 12, 'Precision': '0.4 (2 / 2 + 3)', 'Recall': '0.2 (2 / 2 + 8)', 'F1': '0.27 (2 * (0.2 * 0.4) / 0.2 + 0.4)', 'Specificity': '0.8 (12 / 12 + 3)', 'AUC': 0.5, 'r2': -0.83}
2023-05-27 21:55:56,443 [INFO] Save training_log data...
2023-05-27 21:55:56,445 [INFO] Save score_log data...
2023-05-27 21:55:56,446 [INFO] Time : 4.039363622665405
