2023-05-27 09:13:53,893 [INFO] Train data : Vary_params\DUD-E\MP2K1\nG1_20\ECFP6_512bits\Standard\MP2K1_train_vector.tsv
2023-05-27 09:13:53,893 [INFO] Valid data : Vary_params\DUD-E\MP2K1\nG1_20\ECFP6_512bits\Standard\MP2K1_valid_vector.tsv
2023-05-27 09:13:53,893 [INFO] Output path : Vary_params\DUD-E\MP2K1\nG1_20\ECFP6_512bits\Standard\MP2K1_model\SVM
2023-05-27 09:13:53,893 [INFO] Model type : SVM
2023-05-27 09:13:53,893 [INFO] Use cores : 10
2023-05-27 09:13:53,925 [INFO] Start Learning model
2023-05-27 09:13:53,925 [INFO] Train : 172 | Valid : 35
2023-05-27 09:13:53,925 [INFO] Set parameters : {'kernel': ['linear', 'rbf'], 'C': [0.01, 0.1, 1, 10, 100, 1000], 'gamma': [0.01, 0.1, 1, 100, 1000]}
2023-05-27 09:13:56,833 [INFO] GridSearchCV results :
    mean_valid_accuracy  mean_valid_precision  mean_valid_auc
21             0.810131              1.000000        0.814583
41             0.827778              1.000000        0.831944
31             0.827778              1.000000        0.831944
51             0.827778              1.000000        0.831944
26             0.936601              0.968889        0.938889
28             0.936601              0.968889        0.938889
32             0.936601              0.968889        0.938889
34             0.936601              0.968889        0.938889
36             0.936601              0.968889        0.938889
38             0.936601              0.968889        0.938889
40             0.936601              0.968889        0.938889
0              0.936601              0.968889        0.938889
24             0.936601              0.968889        0.938889
44             0.936601              0.968889        0.938889
46             0.936601              0.968889        0.938889
48             0.936601              0.968889        0.938889
50             0.936601              0.968889        0.938889
52             0.936601              0.968889        0.938889
54             0.936601              0.968889        0.938889
56             0.936601              0.968889        0.938889
58             0.936601              0.968889        0.938889
42             0.936601              0.968889        0.938889
30             0.936601              0.968889        0.938889
12             0.936601              0.968889        0.938889
2              0.936601              0.968889        0.938889
20             0.936601              0.968889        0.938889
22             0.936601              0.968889        0.938889
4              0.936601              0.968889        0.938889
18             0.936601              0.968889        0.938889
8              0.936601              0.968889        0.938889
10             0.936601              0.968889        0.938889
16             0.936601              0.968889        0.938889
6              0.936601              0.968889        0.938889
14             0.936601              0.968889        0.938889
49             0.505882              0.505882        0.500000
9              0.505882              0.505882        0.500000
47             0.505882              0.505882        0.500000
5              0.505882              0.505882        0.500000
7              0.505882              0.505882        0.500000
53             0.505882              0.505882        0.500000
55             0.505882              0.505882        0.500000
3              0.505882              0.505882        0.500000
57             0.505882              0.505882        0.500000
45             0.505882              0.505882        0.500000
23             0.505882              0.505882        0.500000
43             0.505882              0.505882        0.500000
11             0.505882              0.505882        0.500000
13             0.505882              0.505882        0.500000
39             0.505882              0.505882        0.500000
37             0.505882              0.505882        0.500000
15             0.505882              0.505882        0.500000
35             0.505882              0.505882        0.500000
33             0.505882              0.505882        0.500000
17             0.505882              0.505882        0.500000
1              0.505882              0.505882        0.500000
29             0.505882              0.505882        0.500000
19             0.505882              0.505882        0.500000
27             0.505882              0.505882        0.500000
25             0.505882              0.505882        0.500000
59             0.505882              0.505882        0.500000
2023-05-27 09:13:56,835 [INFO] Best model :
SVC(C=1, gamma=0.01, random_state=42)
2023-05-27 09:13:56,845 [INFO] Save train_prediction_log data...
2023-05-27 09:13:56,848 [INFO] {'Data': 'train', 'ACC': '1.0 (172 / 172)', 'TP': 87, 'FP': 0, 'FN': 0, 'TN': 85, 'Precision': '1.0 (87 / 87 + 0)', 'Recall': '1.0 (87 / 87 + 0)', 'F1': '1.0 (2 * (1.0 * 1.0) / 1.0 + 1.0)', 'Specificity': '1.0 (85 / 85 + 0)', 'AUC': 1.0, 'r2': 1.0}
2023-05-27 09:13:56,853 [INFO] Save valid_prediction_log data...
2023-05-27 09:13:56,855 [INFO] {'Data': 'valid', 'ACC': '1.0 (35 / 35)', 'TP': 14, 'FP': 0, 'FN': 0, 'TN': 21, 'Precision': '1.0 (14 / 14 + 0)', 'Recall': '1.0 (14 / 14 + 0)', 'F1': '1.0 (2 * (1.0 * 1.0) / 1.0 + 1.0)', 'Specificity': '1.0 (21 / 21 + 0)', 'AUC': 1.0, 'r2': 1.0}
2023-05-27 09:13:56,871 [INFO] Save test_prediction_log data...
2023-05-27 09:13:56,874 [INFO] {'Data': 'test', 'ACC': '0.69 (24 / 35)', 'TP': 3, 'FP': 0, 'FN': 11, 'TN': 21, 'Precision': '1.0 (3 / 3 + 0)', 'Recall': '0.21 (3 / 3 + 11)', 'F1': '0.35 (2 * (0.21 * 1.0) / 0.21 + 1.0)', 'Specificity': '1.0 (21 / 21 + 0)', 'AUC': 0.61, 'r2': -0.31}
2023-05-27 09:13:56,876 [INFO] Save training_log data...
2023-05-27 09:13:56,877 [INFO] Save score_log data...
2023-05-27 09:13:56,878 [INFO] Time : 2.9850175380706787
