2023-05-28 19:20:29,177 [INFO] Train data : Vary_params\DUD-E\FAK1\nG1_50\ECFP6_512bits\Robust\FAK1_train_vector.tsv
2023-05-28 19:20:29,178 [INFO] Valid data : Vary_params\DUD-E\FAK1\nG1_50\ECFP6_512bits\Robust\FAK1_valid_vector.tsv
2023-05-28 19:20:29,178 [INFO] Output path : Vary_params\DUD-E\FAK1\nG1_50\ECFP6_512bits\Robust\FAK1_model\MLP
2023-05-28 19:20:29,178 [INFO] Model type : MLP
2023-05-28 19:20:29,178 [INFO] Use cores : 11
2023-05-28 19:20:29,202 [INFO] Start Learning model
2023-05-28 19:20:29,202 [INFO] Train : 93 | Valid : 23
2023-05-28 19:20:29,202 [INFO] Set parameters : {'hidden_layer_sizes': [(50,), (100,), (50, 50), (100, 100)], 'learning_rate': ['constant', 'invscaling', 'adaptive'], 'activation': ['relu', 'identity', 'logistic', 'tanh'], 'solver': ['adam', 'sgd', 'lbfgs'], 'alpha': [0.1, 0.01, 0.001], 'max_iter': [500, 1000], 'early_stopping': [True]}
2023-05-28 19:25:13,176 [INFO] GridSearchCV results :
     mean_valid_accuracy  mean_valid_precision  mean_valid_auc
527             0.968889                   1.0          0.9625
593             0.968889                   1.0          0.9625
620             0.968889                   1.0          0.9625
617             0.968889                   1.0          0.9625
614             0.968889                   1.0          0.9625
..                   ...                   ...             ...
484             0.602222                   0.0          0.5000
483             0.602222                   0.0          0.5000
481             0.602222                   0.0          0.5000
480             0.602222                   0.0          0.5000
552             0.602222                   0.0          0.5000

[864 rows x 3 columns]
2023-05-28 19:25:13,178 [INFO] Best model :
MLPClassifier(alpha=0.1, early_stopping=True, hidden_layer_sizes=(50,),
              max_iter=500, random_state=42, solver='lbfgs')
2023-05-28 19:25:13,186 [INFO] Save train_prediction_log data...
2023-05-28 19:25:13,190 [INFO] {'Data': 'train', 'ACC': '1.0 (93 / 93)', 'TP': 37, 'FP': 0, 'FN': 0, 'TN': 56, 'Precision': '1.0 (37 / 37 + 0)', 'Recall': '1.0 (37 / 37 + 0)', 'F1': '1.0 (2 * (1.0 * 1.0) / 1.0 + 1.0)', 'Specificity': '1.0 (56 / 56 + 0)', 'AUC': 1.0, 'r2': 1.0}
2023-05-28 19:25:13,197 [INFO] Save valid_prediction_log data...
2023-05-28 19:25:13,199 [INFO] {'Data': 'valid', 'ACC': '1.0 (23 / 23)', 'TP': 9, 'FP': 0, 'FN': 0, 'TN': 14, 'Precision': '1.0 (9 / 9 + 0)', 'Recall': '1.0 (9 / 9 + 0)', 'F1': '1.0 (2 * (1.0 * 1.0) / 1.0 + 1.0)', 'Specificity': '1.0 (14 / 14 + 0)', 'AUC': 1.0, 'r2': 1.0}
2023-05-28 19:25:13,215 [INFO] Save test_prediction_log data...
2023-05-28 19:25:13,225 [INFO] {'Data': 'test', 'ACC': '0.57 (13 / 23)', 'TP': 0, 'FP': 1, 'FN': 9, 'TN': 13, 'Precision': '0 (0 / 0 + 1)', 'Recall': '0 (0 / 0 + 9)', 'F1': '0 (2 * (0 * 0) / 0 + 0)', 'Specificity': '0.93 (13 / 13 + 1)', 'AUC': 0.46, 'r2': -0.83}
2023-05-28 19:25:13,228 [INFO] Save training_log data...
2023-05-28 19:25:13,233 [INFO] Save score_log data...
2023-05-28 19:25:13,234 [INFO] Time : 284.05742383003235
