2023-05-30 03:59:11,572 [INFO] Train data : Baseline_noscale_DUDE\DUD-E\IGF1R\ECFP4_256bits\IGF1R_raw_train.tsv
2023-05-30 03:59:11,572 [INFO] Valid data : Baseline_noscale_DUDE\DUD-E\IGF1R\ECFP4_256bits\IGF1R_raw_valid.tsv
2023-05-30 03:59:11,572 [INFO] Output path : Baseline_noscale_DUDE\DUD-E\IGF1R\ECFP4_256bits\IGF1R_model\MLP
2023-05-30 03:59:11,572 [INFO] Model type : MLP
2023-05-30 03:59:11,572 [INFO] Use cores : 12
2023-05-30 03:59:11,582 [INFO] Start Learning model
2023-05-30 03:59:11,582 [INFO] Train : 196 | Valid : 49
2023-05-30 03:59:11,582 [INFO] Set parameters : {'hidden_layer_sizes': [(50,), (100,), (50, 50), (100, 100)], 'learning_rate': ['constant', 'invscaling', 'adaptive'], 'activation': ['relu', 'identity', 'logistic', 'tanh'], 'solver': ['adam', 'sgd', 'lbfgs'], 'alpha': [0.1, 0.01, 0.001], 'max_iter': [500, 1000], 'early_stopping': [True]}
2023-05-30 04:00:21,620 [INFO] GridSearchCV results :
     mean_valid_accuracy  mean_valid_precision  mean_valid_auc
443             1.000000                   1.0         1.00000
608             1.000000                   1.0         1.00000
299             0.995000                   1.0         0.99375
146             0.995000                   1.0         0.99375
611             1.000000                   1.0         1.00000
..                   ...                   ...             ...
523             0.602105                   0.0         0.50000
567             0.602105                   0.0         0.50000
619             0.602105                   0.0         0.50000
460             0.602105                   0.0         0.50000
628             0.602105                   0.0         0.50000

[864 rows x 3 columns]
2023-05-30 04:00:21,620 [INFO] Best model :
MLPClassifier(alpha=0.1, early_stopping=True, hidden_layer_sizes=(50,),
              max_iter=500, random_state=42, solver='lbfgs')
2023-05-30 04:00:21,624 [INFO] Save train_prediction_log data...
2023-05-30 04:00:21,627 [INFO] {'Data': 'train', 'ACC': '1.0 (196 / 196)', 'TP': 78, 'FP': 0, 'FN': 0, 'TN': 118, 'Precision': '1.0 (78 / 78 + 0)', 'Recall': '1.0 (78 / 78 + 0)', 'F1': '1.0 (2 * (1.0 * 1.0) / 1.0 + 1.0)', 'Specificity': '1.0 (118 / 118 + 0)', 'AUC': 1.0, 'r2': 1.0}
2023-05-30 04:00:21,630 [INFO] Save valid_prediction_log data...
2023-05-30 04:00:21,632 [INFO] {'Data': 'valid', 'ACC': '1.0 (49 / 49)', 'TP': 20, 'FP': 0, 'FN': 0, 'TN': 29, 'Precision': '1.0 (20 / 20 + 0)', 'Recall': '1.0 (20 / 20 + 0)', 'F1': '1.0 (2 * (1.0 * 1.0) / 1.0 + 1.0)', 'Specificity': '1.0 (29 / 29 + 0)', 'AUC': 1.0, 'r2': 1.0}
2023-05-30 04:00:21,638 [INFO] Save test_prediction_log data...
2023-05-30 04:00:21,640 [INFO] {'Data': 'test', 'ACC': '0.69 (34 / 49)', 'TP': 8, 'FP': 3, 'FN': 12, 'TN': 26, 'Precision': '0.73 (8 / 8 + 3)', 'Recall': '0.4 (8 / 8 + 12)', 'F1': '0.52 (2 * (0.4 * 0.73) / 0.4 + 0.73)', 'Specificity': '0.9 (26 / 26 + 3)', 'AUC': 0.65, 'r2': -0.27}
2023-05-30 04:00:21,642 [INFO] Save training_log data...
2023-05-30 04:00:21,647 [INFO] Save score_log data...
2023-05-30 04:00:21,648 [INFO] Time : 70.07565665245056
