2023-05-29 02:21:05,488 [INFO] Train data : Vary_params_A\DUD-E\MK10\nG1_80\ECFP6_256bits\Robust\MK10_train_vector.tsv
2023-05-29 02:21:05,489 [INFO] Valid data : Vary_params_A\DUD-E\MK10\nG1_80\ECFP6_256bits\Robust\MK10_valid_vector.tsv
2023-05-29 02:21:05,489 [INFO] Output path : Vary_params_A\DUD-E\MK10\nG1_80\ECFP6_256bits\Robust\MK10_model\XGB
2023-05-29 02:21:05,489 [INFO] Model type : XGB
2023-05-29 02:21:05,489 [INFO] Use cores : 3
2023-05-29 02:21:05,507 [INFO] Start Learning model
2023-05-29 02:21:05,507 [INFO] Train : 74 | Valid : 26
2023-05-29 02:21:05,508 [INFO] Set parameters : {'max_depth': [4, 6, 8], 'learning_rate': [0.01, 0.2], 'n_estimators': [200, 600, 1000], 'gamma': [0, 1000], 'min_child_weight': [1, 3], 'subsample': [0.5, 1], 'colsample_bytree': [0.5, 1], 'objective': ['binary:logitraw'], 'eval_metric': ['auc', 'error']}
2023-05-29 02:36:37,172 [INFO] GridSearchCV results :
     mean_valid_accuracy  mean_valid_precision  mean_valid_auc
160             0.923214                  0.65        0.816667
28              0.923214                  0.65        0.816667
304             0.923214                  0.65        0.816667
148             0.923214                  0.65        0.816667
4               0.923214                  0.65        0.816667
..                   ...                   ...             ...
380             0.839286                  0.00        0.500000
379             0.839286                  0.00        0.500000
378             0.839286                  0.00        0.500000
377             0.839286                  0.00        0.500000
575             0.839286                  0.00        0.500000

[576 rows x 3 columns]
2023-05-29 02:36:37,174 [INFO] Best model :
XGBClassifier(base_score=None, booster=None, callbacks=None,
              colsample_bylevel=None, colsample_bynode=None,
              colsample_bytree=0.5, early_stopping_rounds=None,
              enable_categorical=False, eval_metric='auc', feature_types=None,
              gamma=0, gpu_id=None, grow_policy=None, importance_type=None,
              interaction_constraints=None, learning_rate=0.01, max_bin=None,
              max_cat_threshold=None, max_cat_to_onehot=None,
              max_delta_step=None, max_depth=4, max_leaves=None,
              min_child_weight=1, missing=nan, monotone_constraints=None,
              n_estimators=1000, n_jobs=0, num_parallel_tree=None,
              objective='binary:logitraw', predictor=None, ...)
2023-05-29 02:36:37,185 [INFO] Save train_prediction_log data...
2023-05-29 02:36:37,190 [INFO] {'Data': 'train', 'ACC': '1.0 (74 / 74)', 'TP': 12, 'FP': 0, 'FN': 0, 'TN': 62, 'Precision': '1.0 (12 / 12 + 0)', 'Recall': '1.0 (12 / 12 + 0)', 'F1': '1.0 (2 * (1.0 * 1.0) / 1.0 + 1.0)', 'Specificity': '1.0 (62 / 62 + 0)', 'AUC': 1.0, 'r2': 1.0}
2023-05-29 02:36:37,200 [INFO] Save valid_prediction_log data...
2023-05-29 02:36:37,203 [INFO] {'Data': 'valid', 'ACC': '0.96 (25 / 26)', 'TP': 9, 'FP': 0, 'FN': 1, 'TN': 16, 'Precision': '1.0 (9 / 9 + 0)', 'Recall': '0.9 (9 / 9 + 1)', 'F1': '0.95 (2 * (0.9 * 1.0) / 0.9 + 1.0)', 'Specificity': '1.0 (16 / 16 + 0)', 'AUC': 0.95, 'r2': 0.84}
2023-05-29 02:36:37,220 [INFO] Save test_prediction_log data...
2023-05-29 02:36:37,223 [INFO] {'Data': 'test', 'ACC': '0.69 (18 / 26)', 'TP': 2, 'FP': 0, 'FN': 8, 'TN': 16, 'Precision': '1.0 (2 / 2 + 0)', 'Recall': '0.2 (2 / 2 + 8)', 'F1': '0.33 (2 * (0.2 * 1.0) / 0.2 + 1.0)', 'Specificity': '1.0 (16 / 16 + 0)', 'AUC': 0.6, 'r2': -0.3}
2023-05-29 02:36:37,237 [INFO] Save training_log data...
2023-05-29 02:36:37,242 [INFO] Save score_log data...
2023-05-29 02:36:37,244 [INFO] Time : 931.7557306289673
