2023-05-28 09:19:36,437 [INFO] Train data : Vary_params_A\DUD-E\MK10\nG1_20\ECFP6_512bits\Robust\MK10_train_vector.tsv
2023-05-28 09:19:36,438 [INFO] Valid data : Vary_params_A\DUD-E\MK10\nG1_20\ECFP6_512bits\Robust\MK10_valid_vector.tsv
2023-05-28 09:19:36,438 [INFO] Output path : Vary_params_A\DUD-E\MK10\nG1_20\ECFP6_512bits\Robust\MK10_model\SVM
2023-05-28 09:19:36,438 [INFO] Model type : SVM
2023-05-28 09:19:36,438 [INFO] Use cores : 3
2023-05-28 09:19:36,491 [INFO] Start Learning model
2023-05-28 09:19:36,492 [INFO] Train : 134 | Valid : 26
2023-05-28 09:19:36,492 [INFO] Set parameters : {'kernel': ['linear', 'rbf'], 'C': [0.01, 0.1, 1, 10, 100, 1000], 'gamma': [0.01, 0.1, 1, 100, 1000]}
2023-05-28 09:19:42,224 [INFO] GridSearchCV results :
    mean_valid_accuracy  mean_valid_precision  mean_valid_auc
0              0.860440              0.862659        0.857738
20             0.860440              0.862659        0.857738
24             0.860440              0.862659        0.857738
26             0.860440              0.862659        0.857738
28             0.860440              0.862659        0.857738
32             0.860440              0.862659        0.857738
34             0.860440              0.862659        0.857738
36             0.860440              0.862659        0.857738
38             0.860440              0.862659        0.857738
40             0.860440              0.862659        0.857738
42             0.860440              0.862659        0.857738
44             0.860440              0.862659        0.857738
46             0.860440              0.862659        0.857738
48             0.860440              0.862659        0.857738
50             0.860440              0.862659        0.857738
52             0.860440              0.862659        0.857738
54             0.860440              0.862659        0.857738
56             0.860440              0.862659        0.857738
58             0.860440              0.862659        0.857738
22             0.860440              0.862659        0.857738
30             0.860440              0.862659        0.857738
10             0.860440              0.862659        0.857738
2              0.860440              0.862659        0.857738
18             0.860440              0.862659        0.857738
8              0.860440              0.862659        0.857738
16             0.860440              0.862659        0.857738
4              0.860440              0.862659        0.857738
12             0.860440              0.862659        0.857738
6              0.860440              0.862659        0.857738
14             0.860440              0.862659        0.857738
49             0.537363              0.537363        0.500000
9              0.537363              0.537363        0.500000
45             0.537363              0.537363        0.500000
47             0.537363              0.537363        0.500000
7              0.537363              0.537363        0.500000
21             0.537363              0.537363        0.500000
43             0.537363              0.537363        0.500000
5              0.537363              0.537363        0.500000
53             0.537363              0.537363        0.500000
55             0.537363              0.537363        0.500000
3              0.537363              0.537363        0.500000
57             0.537363              0.537363        0.500000
51             0.537363              0.537363        0.500000
11             0.537363              0.537363        0.500000
41             0.537363              0.537363        0.500000
19             0.537363              0.537363        0.500000
39             0.537363              0.537363        0.500000
37             0.537363              0.537363        0.500000
13             0.537363              0.537363        0.500000
35             0.537363              0.537363        0.500000
33             0.537363              0.537363        0.500000
15             0.537363              0.537363        0.500000
31             0.537363              0.537363        0.500000
1              0.537363              0.537363        0.500000
29             0.537363              0.537363        0.500000
27             0.537363              0.537363        0.500000
17             0.537363              0.537363        0.500000
25             0.537363              0.537363        0.500000
23             0.537363              0.537363        0.500000
59             0.537363              0.537363        0.500000
2023-05-28 09:19:42,227 [INFO] Best model :
SVC(C=0.01, gamma=0.01, kernel='linear', random_state=42)
2023-05-28 09:19:42,238 [INFO] Save train_prediction_log data...
2023-05-28 09:19:42,244 [INFO] {'Data': 'train', 'ACC': '1.0 (134 / 134)', 'TP': 72, 'FP': 0, 'FN': 0, 'TN': 62, 'Precision': '1.0 (72 / 72 + 0)', 'Recall': '1.0 (72 / 72 + 0)', 'F1': '1.0 (2 * (1.0 * 1.0) / 1.0 + 1.0)', 'Specificity': '1.0 (62 / 62 + 0)', 'AUC': 1.0, 'r2': 1.0}
2023-05-28 09:19:42,252 [INFO] Save valid_prediction_log data...
2023-05-28 09:19:42,255 [INFO] {'Data': 'valid', 'ACC': '0.88 (23 / 26)', 'TP': 10, 'FP': 3, 'FN': 0, 'TN': 13, 'Precision': '0.77 (10 / 10 + 3)', 'Recall': '1.0 (10 / 10 + 0)', 'F1': '0.87 (2 * (1.0 * 0.77) / 1.0 + 0.77)', 'Specificity': '0.81 (13 / 13 + 3)', 'AUC': 0.91, 'r2': 0.51}
2023-05-28 09:19:42,276 [INFO] Save test_prediction_log data...
2023-05-28 09:19:42,280 [INFO] {'Data': 'test', 'ACC': '0.73 (19 / 26)', 'TP': 6, 'FP': 3, 'FN': 4, 'TN': 13, 'Precision': '0.67 (6 / 6 + 3)', 'Recall': '0.6 (6 / 6 + 4)', 'F1': '0.63 (2 * (0.6 * 0.67) / 0.6 + 0.67)', 'Specificity': '0.81 (13 / 13 + 3)', 'AUC': 0.71, 'r2': -0.14}
2023-05-28 09:19:42,283 [INFO] Save training_log data...
2023-05-28 09:19:42,285 [INFO] Save score_log data...
2023-05-28 09:19:42,287 [INFO] Time : 5.850329875946045
