2023-05-28 15:16:02,812 [INFO] Train data : Vary_params_SH\DUD-E\TGFR1\nG1_50\ECFP4_512bits\Robust\TGFR1_train_vector.tsv
2023-05-28 15:16:02,812 [INFO] Valid data : Vary_params_SH\DUD-E\TGFR1\nG1_50\ECFP4_512bits\Robust\TGFR1_valid_vector.tsv
2023-05-28 15:16:02,812 [INFO] Output path : Vary_params_SH\DUD-E\TGFR1\nG1_50\ECFP4_512bits\Robust\TGFR1_model\SVM
2023-05-28 15:16:02,812 [INFO] Model type : SVM
2023-05-28 15:16:02,812 [INFO] Use cores : 3
2023-05-28 15:16:02,869 [INFO] Start Learning model
2023-05-28 15:16:02,869 [INFO] Train : 164 | Valid : 41
2023-05-28 15:16:02,869 [INFO] Set parameters : {'kernel': ['linear', 'rbf'], 'C': [0.01, 0.1, 1, 10, 100, 1000], 'gamma': [0.01, 0.1, 1, 100, 1000]}
2023-05-28 15:16:08,588 [INFO] GridSearchCV results :
    mean_valid_accuracy  mean_valid_precision  mean_valid_auc
0              0.981985              0.963492           0.985
20             0.981985              0.963492           0.985
24             0.981985              0.963492           0.985
26             0.981985              0.963492           0.985
28             0.981985              0.963492           0.985
32             0.981985              0.963492           0.985
34             0.981985              0.963492           0.985
36             0.981985              0.963492           0.985
38             0.981985              0.963492           0.985
40             0.981985              0.963492           0.985
42             0.981985              0.963492           0.985
44             0.981985              0.963492           0.985
46             0.981985              0.963492           0.985
48             0.981985              0.963492           0.985
50             0.981985              0.963492           0.985
52             0.981985              0.963492           0.985
54             0.981985              0.963492           0.985
56             0.981985              0.963492           0.985
58             0.981985              0.963492           0.985
22             0.981985              0.963492           0.985
30             0.981985              0.963492           0.985
10             0.981985              0.963492           0.985
2              0.981985              0.963492           0.985
18             0.981985              0.963492           0.985
8              0.981985              0.963492           0.985
16             0.981985              0.963492           0.985
4              0.981985              0.963492           0.985
12             0.981985              0.963492           0.985
6              0.981985              0.963492           0.985
14             0.981985              0.963492           0.985
49             0.597794              0.000000           0.500
9              0.597794              0.000000           0.500
45             0.597794              0.000000           0.500
47             0.597794              0.000000           0.500
7              0.597794              0.000000           0.500
21             0.597794              0.000000           0.500
43             0.597794              0.000000           0.500
5              0.597794              0.000000           0.500
53             0.597794              0.000000           0.500
55             0.597794              0.000000           0.500
3              0.597794              0.000000           0.500
57             0.597794              0.000000           0.500
51             0.597794              0.000000           0.500
11             0.597794              0.000000           0.500
41             0.597794              0.000000           0.500
19             0.597794              0.000000           0.500
39             0.597794              0.000000           0.500
37             0.597794              0.000000           0.500
13             0.597794              0.000000           0.500
35             0.597794              0.000000           0.500
33             0.597794              0.000000           0.500
15             0.597794              0.000000           0.500
31             0.597794              0.000000           0.500
1              0.597794              0.000000           0.500
29             0.597794              0.000000           0.500
27             0.597794              0.000000           0.500
17             0.597794              0.000000           0.500
25             0.597794              0.000000           0.500
23             0.597794              0.000000           0.500
59             0.597794              0.000000           0.500
2023-05-28 15:16:08,590 [INFO] Best model :
SVC(C=0.01, gamma=0.01, kernel='linear', random_state=42)
2023-05-28 15:16:08,598 [INFO] Save train_prediction_log data...
2023-05-28 15:16:08,603 [INFO] {'Data': 'train', 'ACC': '1.0 (164 / 164)', 'TP': 66, 'FP': 0, 'FN': 0, 'TN': 98, 'Precision': '1.0 (66 / 66 + 0)', 'Recall': '1.0 (66 / 66 + 0)', 'F1': '1.0 (2 * (1.0 * 1.0) / 1.0 + 1.0)', 'Specificity': '1.0 (98 / 98 + 0)', 'AUC': 1.0, 'r2': 1.0}
2023-05-28 15:16:08,610 [INFO] Save valid_prediction_log data...
2023-05-28 15:16:08,613 [INFO] {'Data': 'valid', 'ACC': '1.0 (41 / 41)', 'TP': 16, 'FP': 0, 'FN': 0, 'TN': 25, 'Precision': '1.0 (16 / 16 + 0)', 'Recall': '1.0 (16 / 16 + 0)', 'F1': '1.0 (2 * (1.0 * 1.0) / 1.0 + 1.0)', 'Specificity': '1.0 (25 / 25 + 0)', 'AUC': 1.0, 'r2': 1.0}
2023-05-28 15:16:08,636 [INFO] Save test_prediction_log data...
2023-05-28 15:16:08,640 [INFO] {'Data': 'test', 'ACC': '0.56 (23 / 41)', 'TP': 7, 'FP': 9, 'FN': 9, 'TN': 16, 'Precision': '0.44 (7 / 7 + 9)', 'Recall': '0.44 (7 / 7 + 9)', 'F1': '0.44 (2 * (0.44 * 0.44) / 0.44 + 0.44)', 'Specificity': '0.64 (16 / 16 + 9)', 'AUC': 0.54, 'r2': -0.84}
2023-05-28 15:16:08,643 [INFO] Save training_log data...
2023-05-28 15:16:08,646 [INFO] Save score_log data...
2023-05-28 15:16:08,647 [INFO] Time : 5.835455417633057
