2023-05-26 22:32:06,153 [INFO] Train data : Vary_params_SH\DUD-E\ROCK1\nG1_20\ECFP4_512bits\Robust\ROCK1_train_vector.tsv
2023-05-26 22:32:06,153 [INFO] Valid data : Vary_params_SH\DUD-E\ROCK1\nG1_20\ECFP4_512bits\Robust\ROCK1_valid_vector.tsv
2023-05-26 22:32:06,154 [INFO] Output path : Vary_params_SH\DUD-E\ROCK1\nG1_20\ECFP4_512bits\Robust\ROCK1_model\XGB
2023-05-26 22:32:06,154 [INFO] Model type : XGB
2023-05-26 22:32:06,154 [INFO] Use cores : 3
2023-05-26 22:32:06,189 [INFO] Start Learning model
2023-05-26 22:32:06,189 [INFO] Train : 130 | Valid : 25
2023-05-26 22:32:06,191 [INFO] Set parameters : {'max_depth': [4, 6, 8], 'learning_rate': [0.01, 0.2], 'n_estimators': [200, 600, 1000], 'gamma': [0, 1000], 'min_child_weight': [1, 3], 'subsample': [0.5, 1], 'colsample_bytree': [0.5, 1], 'objective': ['binary:logitraw'], 'eval_metric': ['auc', 'error']}
2023-05-26 23:06:04,712 [INFO] GridSearchCV results :
     mean_valid_accuracy  mean_valid_precision  mean_valid_auc
0               0.900000                0.9625        0.903571
168             0.900000                0.9625        0.903571
25              0.915385                0.9625        0.917857
144             0.900000                0.9625        0.903571
13              0.915385                0.9625        0.917857
..                   ...                   ...             ...
263             0.461538                0.0000        0.500000
262             0.461538                0.0000        0.500000
261             0.461538                0.0000        0.500000
260             0.461538                0.0000        0.500000
575             0.461538                0.0000        0.500000

[576 rows x 3 columns]
2023-05-26 23:06:04,714 [INFO] Best model :
XGBClassifier(base_score=None, booster=None, callbacks=None,
              colsample_bylevel=None, colsample_bynode=None,
              colsample_bytree=0.5, early_stopping_rounds=None,
              enable_categorical=False, eval_metric='auc', feature_types=None,
              gamma=0, gpu_id=None, grow_policy=None, importance_type=None,
              interaction_constraints=None, learning_rate=0.01, max_bin=None,
              max_cat_threshold=None, max_cat_to_onehot=None,
              max_delta_step=None, max_depth=4, max_leaves=None,
              min_child_weight=1, missing=nan, monotone_constraints=None,
              n_estimators=200, n_jobs=0, num_parallel_tree=None,
              objective='binary:logitraw', predictor=None, ...)
2023-05-26 23:06:04,731 [INFO] Save train_prediction_log data...
2023-05-26 23:06:04,735 [INFO] {'Data': 'train', 'ACC': '0.97 (126 / 130)', 'TP': 66, 'FP': 0, 'FN': 4, 'TN': 60, 'Precision': '1.0 (66 / 66 + 0)', 'Recall': '0.94 (66 / 66 + 4)', 'F1': '0.97 (2 * (0.94 * 1.0) / 0.94 + 1.0)', 'Specificity': '1.0 (60 / 60 + 0)', 'AUC': 0.97, 'r2': 0.88}
2023-05-26 23:06:04,750 [INFO] Save valid_prediction_log data...
2023-05-26 23:06:04,981 [INFO] {'Data': 'valid', 'ACC': '1.0 (25 / 25)', 'TP': 10, 'FP': 0, 'FN': 0, 'TN': 15, 'Precision': '1.0 (10 / 10 + 0)', 'Recall': '1.0 (10 / 10 + 0)', 'F1': '1.0 (2 * (1.0 * 1.0) / 1.0 + 1.0)', 'Specificity': '1.0 (15 / 15 + 0)', 'AUC': 1.0, 'r2': 1.0}
2023-05-26 23:06:05,015 [INFO] Save test_prediction_log data...
2023-05-26 23:06:05,018 [INFO] {'Data': 'test', 'ACC': '0.56 (14 / 25)', 'TP': 5, 'FP': 6, 'FN': 5, 'TN': 9, 'Precision': '0.45 (5 / 5 + 6)', 'Recall': '0.5 (5 / 5 + 5)', 'F1': '0.47 (2 * (0.5 * 0.45) / 0.5 + 0.45)', 'Specificity': '0.6 (9 / 9 + 6)', 'AUC': 0.55, 'r2': -0.83}
2023-05-26 23:06:05,023 [INFO] Save training_log data...
2023-05-26 23:06:05,055 [INFO] Save score_log data...
2023-05-26 23:06:05,062 [INFO] Time : 2038.909368276596
