2023-05-25 19:20:30,794 [INFO] Active data : F_dataset\DUD-E\FAK1\FAK1_prepare\FAK1_active.tsv
2023-05-25 19:20:30,795 [INFO] Inactive data : F_dataset\DUD-E\FAK1\FAK1_prepare\FAK1_inactive.tsv
2023-05-25 19:20:30,795 [INFO] Output path : F_dataset\DUD-E\FAK1\FAK1_preprocessing
2023-05-25 19:20:30,795 [INFO] Fingerprint radius : 2
2023-05-25 19:20:30,795 [INFO] Fingerprint nbits : 256
2023-05-25 19:20:30,795 [INFO] Use cores : 12
2023-05-25 19:20:30,836 [INFO] Train : Valid = 8 : 2
2023-05-25 19:20:30,836 [INFO] Test size = 2
2023-05-25 19:20:30,836 [INFO] Use radius, nbits for Butina clustering : (3, 2048)
2023-05-25 19:20:30,836 [INFO] Generating distance matrix
2023-05-25 19:20:33,416 [INFO] center compounds : 50 | remain compounds : 59
2023-05-25 19:20:33,423 [INFO] Use radius, nbits for Butina clustering : (3, 2048)
2023-05-25 19:20:33,423 [INFO] Generating distance matrix
2023-05-25 19:20:35,987 [INFO] center compounds : 56 | remain compounds : 53
2023-05-25 19:20:35,988 [INFO] Adjust ratio : active (56), inactive (85)
2023-05-25 19:20:35,988 [INFO] tra : 39, va : 10, tea : 10
2023-05-25 19:20:35,988 [INFO] Use radius, nbits for Butina clustering : (3, 2048)
2023-05-25 19:20:35,988 [INFO] Generating distance matrix
2023-05-25 19:20:38,531 [INFO] center compounds : 38 | remain compounds : 21
2023-05-25 19:20:38,531 [INFO] Use radius, nbits for Butina clustering : (3, 1024)
2023-05-25 19:20:38,531 [INFO] Generating distance matrix
2023-05-25 19:20:41,085 [INFO] center compounds : 40 | remain compounds : 19
2023-05-25 19:20:41,085 [INFO] Use radius, nbits for Butina clustering : (3, 512)
2023-05-25 19:20:41,085 [INFO] Generating distance matrix
2023-05-25 19:20:43,663 [INFO] center compounds : 39 | remain compounds : 20
2023-05-25 19:20:43,667 [INFO] Use radius, nbits for Butina clustering : (3, 2048)
2023-05-25 19:20:43,667 [INFO] Generating distance matrix
2023-05-25 19:20:46,181 [INFO] center compounds : 10 | remain compounds : 10
2023-05-25 19:20:46,183 [INFO] train_act : 39, valid_act : 10, test_act : 10
2023-05-25 19:20:46,183 [INFO] tri : 57, va : 14, tea : 14
2023-05-25 19:20:46,183 [INFO] Use radius, nbits for Butina clustering : (3, 2048)
2023-05-25 19:20:46,183 [INFO] Generating distance matrix
2023-05-25 19:20:48,748 [INFO] center compounds : 61 | remain compounds : 24
2023-05-25 19:20:48,749 [INFO] Use radius, nbits for Butina clustering : (3, 1024)
2023-05-25 19:20:48,749 [INFO] Generating distance matrix
2023-05-25 19:20:51,310 [INFO] center compounds : 55 | remain compounds : 30
2023-05-25 19:20:51,310 [INFO] Use radius, nbits for Butina clustering : (3, 512)
2023-05-25 19:20:51,311 [INFO] Generating distance matrix
2023-05-25 19:20:53,903 [INFO] center compounds : 58 | remain compounds : 27
2023-05-25 19:20:53,903 [INFO] Use radius, nbits for Butina clustering : (3, 256)
2023-05-25 19:20:53,903 [INFO] Generating distance matrix
2023-05-25 19:20:56,908 [INFO] center compounds : 52 | remain compounds : 33
2023-05-25 19:20:56,908 [INFO] Use radius, nbits for Butina clustering : (2, 2048)
2023-05-25 19:20:56,908 [INFO] Generating distance matrix
2023-05-25 19:20:59,484 [INFO] center compounds : 64 | remain compounds : 21
2023-05-25 19:20:59,484 [INFO] Use radius, nbits for Butina clustering : (2, 1024)
2023-05-25 19:20:59,484 [INFO] Generating distance matrix
2023-05-25 19:21:02,090 [INFO] center compounds : 54 | remain compounds : 31
2023-05-25 19:21:02,090 [INFO] Use radius, nbits for Butina clustering : (2, 512)
2023-05-25 19:21:02,090 [INFO] Generating distance matrix
2023-05-25 19:21:04,646 [INFO] center compounds : 50 | remain compounds : 35
2023-05-25 19:21:04,647 [INFO] Use radius, nbits for Butina clustering : (2, 256)
2023-05-25 19:21:04,647 [INFO] Generating distance matrix
2023-05-25 19:21:07,217 [INFO] center compounds : 57 | remain compounds : 28
2023-05-25 19:21:07,222 [INFO] Use radius, nbits for Butina clustering : (3, 2048)
2023-05-25 19:21:07,223 [INFO] Generating distance matrix
2023-05-25 19:21:09,827 [INFO] center compounds : 11 | remain compounds : 17
2023-05-25 19:21:09,827 [INFO] Use radius, nbits for Butina clustering : (3, 1024)
2023-05-25 19:21:09,827 [INFO] Generating distance matrix
2023-05-25 19:21:12,468 [INFO] center compounds : 9 | remain compounds : 19
2023-05-25 19:21:12,468 [INFO] Use radius, nbits for Butina clustering : (3, 512)
2023-05-25 19:21:12,469 [INFO] Generating distance matrix
2023-05-25 19:21:15,048 [INFO] center compounds : 13 | remain compounds : 15
2023-05-25 19:21:15,048 [INFO] Use radius, nbits for Butina clustering : (3, 256)
2023-05-25 19:21:15,048 [INFO] Generating distance matrix
2023-05-25 19:21:17,594 [INFO] center compounds : 13 | remain compounds : 15
2023-05-25 19:21:17,594 [INFO] Use radius, nbits for Butina clustering : (2, 2048)
2023-05-25 19:21:17,594 [INFO] Generating distance matrix
2023-05-25 19:21:20,147 [INFO] center compounds : 14 | remain compounds : 14
2023-05-25 19:21:20,149 [INFO] train_inact : 57, valid_inact : 14, test_inact : 14
2023-05-25 19:21:20,152 [INFO] G1 : 50, Train : 96, Valid : 24, Test : 24
2023-05-25 19:21:20,152 [INFO] Save g1 data...
2023-05-25 19:21:20,477 [INFO] Save train data...
2023-05-25 19:21:20,566 [INFO] Save valid data...
2023-05-25 19:21:20,599 [INFO] Save test data...
2023-05-25 19:21:20,631 [INFO] Generate train vectors...
2023-05-25 19:21:23,519 [INFO] Generate valid vectors...
2023-05-25 19:21:26,163 [INFO] Generate test vectors...
2023-05-25 19:21:28,858 [INFO] Save train_raw_vector data...
2023-05-25 19:21:28,867 [INFO] Save valid_raw_vector data...
2023-05-25 19:21:28,870 [INFO] Save test_raw_vector data...
2023-05-25 19:21:28,872 [INFO] Scaling vectors...
2023-05-25 19:21:28,916 [INFO] Save train_vector data...
2023-05-25 19:21:28,925 [INFO] Save valid_vector data...
2023-05-25 19:21:28,929 [INFO] Save test_vector data...
2023-05-25 19:21:28,933 [INFO] Time : 58.13886022567749
