2023-05-29 03:58:48,891 [INFO] Train data : Vary_params_CDK2_EGFR_LCK\DUD-E\LCK\nG1_20\ECFP6_256bits\Robust\LCK_train_vector.tsv
2023-05-29 03:58:48,891 [INFO] Valid data : Vary_params_CDK2_EGFR_LCK\DUD-E\LCK\nG1_20\ECFP6_256bits\Robust\LCK_valid_vector.tsv
2023-05-29 03:58:48,891 [INFO] Output path : Vary_params_CDK2_EGFR_LCK\DUD-E\LCK\nG1_20\ECFP6_256bits\Robust\LCK_model\SVM
2023-05-29 03:58:48,891 [INFO] Model type : SVM
2023-05-29 03:58:48,891 [INFO] Use cores : 19
2023-05-29 03:58:48,910 [INFO] Start Learning model
2023-05-29 03:58:48,911 [INFO] Train : 766 | Valid : 185
2023-05-29 03:58:48,911 [INFO] Set parameters : {'kernel': ['linear', 'rbf'], 'C': [0.01, 0.1, 1, 10, 100, 1000], 'gamma': [0.01, 0.1, 1, 100, 1000]}
2023-05-29 03:58:53,964 [INFO] GridSearchCV results :
    mean_valid_accuracy  mean_valid_precision  mean_valid_auc
0              0.818592              0.773860        0.817759
2              0.818592              0.773860        0.817759
4              0.818592              0.773860        0.817759
6              0.818592              0.773860        0.817759
8              0.818592              0.773860        0.817759
44             0.796377              0.754687        0.793210
28             0.796377              0.754687        0.793210
32             0.796377              0.754687        0.793210
34             0.796377              0.754687        0.793210
36             0.796377              0.754687        0.793210
38             0.796377              0.754687        0.793210
40             0.796377              0.754687        0.793210
42             0.796377              0.754687        0.793210
48             0.796377              0.754687        0.793210
46             0.796377              0.754687        0.793210
24             0.796377              0.754687        0.793210
50             0.796377              0.754687        0.793210
52             0.796377              0.754687        0.793210
54             0.796377              0.754687        0.793210
56             0.796377              0.754687        0.793210
58             0.796377              0.754687        0.793210
26             0.796377              0.754687        0.793210
30             0.796377              0.754687        0.793210
18             0.796377              0.754687        0.793210
14             0.796377              0.754687        0.793210
22             0.796377              0.754687        0.793210
12             0.796377              0.754687        0.793210
20             0.796377              0.754687        0.793210
16             0.796377              0.754687        0.793210
10             0.796377              0.754687        0.793210
23             0.577033              0.000000        0.500000
47             0.577033              0.000000        0.500000
11             0.577033              0.000000        0.500000
49             0.577033              0.000000        0.500000
51             0.577033              0.000000        0.500000
13             0.577033              0.000000        0.500000
9              0.577033              0.000000        0.500000
53             0.577033              0.000000        0.500000
7              0.577033              0.000000        0.500000
55             0.577033              0.000000        0.500000
5              0.577033              0.000000        0.500000
57             0.577033              0.000000        0.500000
3              0.577033              0.000000        0.500000
45             0.577033              0.000000        0.500000
41             0.577033              0.000000        0.500000
43             0.577033              0.000000        0.500000
15             0.577033              0.000000        0.500000
39             0.577033              0.000000        0.500000
37             0.577033              0.000000        0.500000
17             0.577033              0.000000        0.500000
35             0.577033              0.000000        0.500000
33             0.577033              0.000000        0.500000
19             0.577033              0.000000        0.500000
31             0.577033              0.000000        0.500000
1              0.577033              0.000000        0.500000
29             0.577033              0.000000        0.500000
27             0.577033              0.000000        0.500000
21             0.577033              0.000000        0.500000
25             0.577033              0.000000        0.500000
59             0.577033              0.000000        0.500000
2023-05-29 03:58:53,965 [INFO] Best model :
SVC(C=0.01, gamma=0.01, kernel='linear', random_state=42)
2023-05-29 03:58:53,975 [INFO] Save train_prediction_log data...
2023-05-29 03:58:53,978 [INFO] {'Data': 'train', 'ACC': '0.99 (757 / 766)', 'TP': 318, 'FP': 3, 'FN': 6, 'TN': 439, 'Precision': '0.99 (318 / 318 + 3)', 'Recall': '0.98 (318 / 318 + 6)', 'F1': '0.98 (2 * (0.98 * 0.99) / 0.98 + 0.99)', 'Specificity': '0.99 (439 / 439 + 3)', 'AUC': 0.99, 'r2': 0.95}
2023-05-29 03:58:53,983 [INFO] Save valid_prediction_log data...
2023-05-29 03:58:53,985 [INFO] {'Data': 'valid', 'ACC': '0.85 (157 / 185)', 'TP': 67, 'FP': 21, 'FN': 7, 'TN': 90, 'Precision': '0.76 (67 / 67 + 21)', 'Recall': '0.91 (67 / 67 + 7)', 'F1': '0.83 (2 * (0.91 * 0.76) / 0.91 + 0.76)', 'Specificity': '0.81 (90 / 90 + 21)', 'AUC': 0.86, 'r2': 0.37}
2023-05-29 03:58:53,996 [INFO] Save test_prediction_log data...
2023-05-29 03:58:53,999 [INFO] {'Data': 'test', 'ACC': '0.64 (119 / 185)', 'TP': 48, 'FP': 40, 'FN': 26, 'TN': 71, 'Precision': '0.55 (48 / 48 + 40)', 'Recall': '0.65 (48 / 48 + 26)', 'F1': '0.6 (2 * (0.65 * 0.55) / 0.65 + 0.55)', 'Specificity': '0.64 (71 / 71 + 40)', 'AUC': 0.64, 'r2': -0.49}
2023-05-29 03:58:54,001 [INFO] Save training_log data...
2023-05-29 03:58:54,002 [INFO] Save score_log data...
2023-05-29 03:58:54,003 [INFO] Time : 5.111771583557129
