2023-05-28 12:01:06,325 [INFO] Train data : Vary_params_CDK2_EGFR_LCK\DUD-E\EGFR\nG1_20\ECFP6_512bits\Standard\EGFR_train_vector.tsv
2023-05-28 12:01:06,326 [INFO] Valid data : Vary_params_CDK2_EGFR_LCK\DUD-E\EGFR\nG1_20\ECFP6_512bits\Standard\EGFR_valid_vector.tsv
2023-05-28 12:01:06,326 [INFO] Output path : Vary_params_CDK2_EGFR_LCK\DUD-E\EGFR\nG1_20\ECFP6_512bits\Standard\EGFR_model\XGB
2023-05-28 12:01:06,326 [INFO] Model type : XGB
2023-05-28 12:01:06,326 [INFO] Use cores : 19
2023-05-28 12:01:06,412 [INFO] Start Learning model
2023-05-28 12:01:06,412 [INFO] Train : 900 | Valid : 218
2023-05-28 12:01:06,414 [INFO] Set parameters : {'max_depth': [4, 6, 8], 'learning_rate': [0.01, 0.2], 'n_estimators': [200, 600, 1000], 'gamma': [0, 1000], 'min_child_weight': [1, 3], 'subsample': [0.5, 1], 'colsample_bytree': [0.5, 1], 'objective': ['binary:logitraw'], 'eval_metric': ['auc', 'error']}
2023-05-28 12:30:06,329 [INFO] GridSearchCV results :
     mean_valid_accuracy  mean_valid_precision  mean_valid_auc
168             0.946667              0.997143        0.937019
24              0.946667              0.997143        0.937019
12              0.946667              0.997143        0.937019
156             0.946667              0.997143        0.937019
0               0.941111              0.994444        0.930687
..                   ...                   ...             ...
263             0.580000              0.000000        0.500000
262             0.580000              0.000000        0.500000
261             0.580000              0.000000        0.500000
260             0.580000              0.000000        0.500000
575             0.580000              0.000000        0.500000

[576 rows x 3 columns]
2023-05-28 12:30:06,330 [INFO] Best model :
XGBClassifier(base_score=None, booster=None, callbacks=None,
              colsample_bylevel=None, colsample_bynode=None,
              colsample_bytree=0.5, early_stopping_rounds=None,
              enable_categorical=False, eval_metric='auc', feature_types=None,
              gamma=0, gpu_id=None, grow_policy=None, importance_type=None,
              interaction_constraints=None, learning_rate=0.01, max_bin=None,
              max_cat_threshold=None, max_cat_to_onehot=None,
              max_delta_step=None, max_depth=6, max_leaves=None,
              min_child_weight=1, missing=nan, monotone_constraints=None,
              n_estimators=200, n_jobs=0, num_parallel_tree=None,
              objective='binary:logitraw', predictor=None, ...)
2023-05-28 12:30:06,348 [INFO] Save train_prediction_log data...
2023-05-28 12:30:06,352 [INFO] {'Data': 'train', 'ACC': '0.97 (875 / 900)', 'TP': 353, 'FP': 0, 'FN': 25, 'TN': 522, 'Precision': '1.0 (353 / 353 + 0)', 'Recall': '0.93 (353 / 353 + 25)', 'F1': '0.96 (2 * (0.93 * 1.0) / 0.93 + 1.0)', 'Specificity': '1.0 (522 / 522 + 0)', 'AUC': 0.97, 'r2': 0.89}
2023-05-28 12:30:06,365 [INFO] Save valid_prediction_log data...
2023-05-28 12:30:06,368 [INFO] {'Data': 'valid', 'ACC': '0.99 (215 / 218)', 'TP': 84, 'FP': 0, 'FN': 3, 'TN': 131, 'Precision': '1.0 (84 / 84 + 0)', 'Recall': '0.97 (84 / 84 + 3)', 'F1': '0.98 (2 * (0.97 * 1.0) / 0.97 + 1.0)', 'Specificity': '1.0 (131 / 131 + 0)', 'AUC': 0.98, 'r2': 0.94}
2023-05-28 12:30:06,408 [INFO] Save test_prediction_log data...
2023-05-28 12:30:06,411 [INFO] {'Data': 'test', 'ACC': '0.65 (141 / 218)', 'TP': 36, 'FP': 26, 'FN': 51, 'TN': 105, 'Precision': '0.58 (36 / 36 + 26)', 'Recall': '0.41 (36 / 36 + 51)', 'F1': '0.48 (2 * (0.41 * 0.58) / 0.41 + 0.58)', 'Specificity': '0.8 (105 / 105 + 26)', 'AUC': 0.61, 'r2': -0.47}
2023-05-28 12:30:06,416 [INFO] Save training_log data...
2023-05-28 12:30:06,421 [INFO] Save score_log data...
2023-05-28 12:30:06,422 [INFO] Time : 1740.0960674285889
