2023-05-29 07:37:54,426 [INFO] Train data : Vary_params_BRAF_MK14\DUD-E\BRAF\nG1_50\ECFP6_256bits\Standard\BRAF_train_vector.tsv
2023-05-29 07:37:54,427 [INFO] Valid data : Vary_params_BRAF_MK14\DUD-E\BRAF\nG1_50\ECFP6_256bits\Standard\BRAF_valid_vector.tsv
2023-05-29 07:37:54,427 [INFO] Output path : Vary_params_BRAF_MK14\DUD-E\BRAF\nG1_50\ECFP6_256bits\Standard\BRAF_model\MLP
2023-05-29 07:37:54,427 [INFO] Model type : MLP
2023-05-29 07:37:54,427 [INFO] Use cores : 12
2023-05-29 07:37:54,447 [INFO] Start Learning model
2023-05-29 07:37:54,447 [INFO] Train : 201 | Valid : 50
2023-05-29 07:37:54,447 [INFO] Set parameters : {'hidden_layer_sizes': [(50,), (100,), (50, 50), (100, 100)], 'learning_rate': ['constant', 'invscaling', 'adaptive'], 'activation': ['relu', 'identity', 'logistic', 'tanh'], 'solver': ['adam', 'sgd', 'lbfgs'], 'alpha': [0.1, 0.01, 0.001], 'max_iter': [500, 1000], 'early_stopping': [True]}
2023-05-29 07:40:29,108 [INFO] GridSearchCV results :
     mean_valid_accuracy  mean_valid_precision  mean_valid_auc
597             0.890714                   1.0         0.86250
606             0.890714                   1.0         0.86250
275             0.935714                   1.0         0.91875
278             0.935714                   1.0         0.91875
671             0.980238                   1.0         0.97500
..                   ...                   ...             ...
463             0.601905                   0.0         0.50000
466             0.601905                   0.0         0.50000
601             0.601905                   0.0         0.50000
538             0.601905                   0.0         0.50000
561             0.601905                   0.0         0.50000

[864 rows x 3 columns]
2023-05-29 07:40:29,109 [INFO] Best model :
MLPClassifier(activation='identity', alpha=0.1, early_stopping=True,
              max_iter=500, random_state=42, solver='lbfgs')
2023-05-29 07:40:29,114 [INFO] Save train_prediction_log data...
2023-05-29 07:40:29,117 [INFO] {'Data': 'train', 'ACC': '1.0 (201 / 201)', 'TP': 80, 'FP': 0, 'FN': 0, 'TN': 121, 'Precision': '1.0 (80 / 80 + 0)', 'Recall': '1.0 (80 / 80 + 0)', 'F1': '1.0 (2 * (1.0 * 1.0) / 1.0 + 1.0)', 'Specificity': '1.0 (121 / 121 + 0)', 'AUC': 1.0, 'r2': 1.0}
2023-05-29 07:40:29,120 [INFO] Save valid_prediction_log data...
2023-05-29 07:40:29,142 [INFO] {'Data': 'valid', 'ACC': '1.0 (50 / 50)', 'TP': 20, 'FP': 0, 'FN': 0, 'TN': 30, 'Precision': '1.0 (20 / 20 + 0)', 'Recall': '1.0 (20 / 20 + 0)', 'F1': '1.0 (2 * (1.0 * 1.0) / 1.0 + 1.0)', 'Specificity': '1.0 (30 / 30 + 0)', 'AUC': 1.0, 'r2': 1.0}
2023-05-29 07:40:29,153 [INFO] Save test_prediction_log data...
2023-05-29 07:40:29,156 [INFO] {'Data': 'test', 'ACC': '0.6 (30 / 50)', 'TP': 6, 'FP': 6, 'FN': 14, 'TN': 24, 'Precision': '0.5 (6 / 6 + 6)', 'Recall': '0.3 (6 / 6 + 14)', 'F1': '0.37 (2 * (0.3 * 0.5) / 0.3 + 0.5)', 'Specificity': '0.8 (24 / 24 + 6)', 'AUC': 0.55, 'r2': -0.67}
2023-05-29 07:40:29,159 [INFO] Save training_log data...
2023-05-29 07:40:29,164 [INFO] Save score_log data...
2023-05-29 07:40:29,165 [INFO] Time : 154.73862099647522
