2023-05-28 19:48:52,966 [INFO] Train data : Vary_params_FGFR1\DUD-E\FGFR1\nG1_50\ECFP4_256bits\Robust\FGFR1_train_vector.tsv
2023-05-28 19:48:52,967 [INFO] Valid data : Vary_params_FGFR1\DUD-E\FGFR1\nG1_50\ECFP4_256bits\Robust\FGFR1_valid_vector.tsv
2023-05-28 19:48:52,967 [INFO] Output path : Vary_params_FGFR1\DUD-E\FGFR1\nG1_50\ECFP4_256bits\Robust\FGFR1_model\MLP
2023-05-28 19:48:52,967 [INFO] Model type : MLP
2023-05-28 19:48:52,967 [INFO] Use cores : 10
2023-05-28 19:48:52,986 [INFO] Start Learning model
2023-05-28 19:48:52,986 [INFO] Train : 173 | Valid : 43
2023-05-28 19:48:52,986 [INFO] Set parameters : {'hidden_layer_sizes': [(50,), (100,), (50, 50), (100, 100)], 'learning_rate': ['constant', 'invscaling', 'adaptive'], 'activation': ['relu', 'identity', 'logistic', 'tanh'], 'solver': ['adam', 'sgd', 'lbfgs'], 'alpha': [0.1, 0.01, 0.001], 'max_iter': [500, 1000], 'early_stopping': [True]}
2023-05-28 19:51:14,829 [INFO] GridSearchCV results :
     mean_valid_accuracy  mean_valid_precision  mean_valid_auc
525             0.866667                0.9875        0.837121
609             0.866667                0.9875        0.837121
459             0.866667                0.9875        0.837121
597             0.866667                0.9875        0.837121
465             0.866667                0.9875        0.837121
..                   ...                   ...             ...
480             0.589869                0.1000        0.493052
624             0.589869                0.1000        0.493052
625             0.516013                0.1000        0.433831
477             0.589869                0.1000        0.493052
549             0.589869                0.1000        0.493052

[864 rows x 3 columns]
2023-05-28 19:51:14,832 [INFO] Best model :
MLPClassifier(activation='logistic', alpha=0.1, early_stopping=True,
              max_iter=500, random_state=42)
2023-05-28 19:51:14,841 [INFO] Save train_prediction_log data...
2023-05-28 19:51:14,848 [INFO] {'Data': 'train', 'ACC': '0.94 (163 / 173)', 'TP': 59, 'FP': 0, 'FN': 10, 'TN': 104, 'Precision': '1.0 (59 / 59 + 0)', 'Recall': '0.86 (59 / 59 + 10)', 'F1': '0.92 (2 * (0.86 * 1.0) / 0.86 + 1.0)', 'Specificity': '1.0 (104 / 104 + 0)', 'AUC': 0.93, 'r2': 0.76}
2023-05-28 19:51:14,866 [INFO] Save valid_prediction_log data...
2023-05-28 19:51:14,870 [INFO] {'Data': 'valid', 'ACC': '0.93 (40 / 43)', 'TP': 14, 'FP': 0, 'FN': 3, 'TN': 26, 'Precision': '1.0 (14 / 14 + 0)', 'Recall': '0.82 (14 / 14 + 3)', 'F1': '0.9 (2 * (0.82 * 1.0) / 0.82 + 1.0)', 'Specificity': '1.0 (26 / 26 + 0)', 'AUC': 0.91, 'r2': 0.71}
2023-05-28 19:51:14,908 [INFO] Save test_prediction_log data...
2023-05-28 19:51:14,914 [INFO] {'Data': 'test', 'ACC': '0.6 (26 / 43)', 'TP': 1, 'FP': 1, 'FN': 16, 'TN': 25, 'Precision': '0.5 (1 / 1 + 1)', 'Recall': '0.06 (1 / 1 + 16)', 'F1': '0.11 (2 * (0.06 * 0.5) / 0.06 + 0.5)', 'Specificity': '0.96 (25 / 25 + 1)', 'AUC': 0.51, 'r2': -0.65}
2023-05-28 19:51:14,918 [INFO] Save training_log data...
2023-05-28 19:51:14,924 [INFO] Save score_log data...
2023-05-28 19:51:14,925 [INFO] Time : 141.95896768569946
