2023-05-30 09:38:12,873 [INFO] Train data : Vary_params_BRAF_MK14\DUD-E\MK14\nG1_50\ECFP4_512bits\MinMax\MK14_train_vector.tsv
2023-05-30 09:38:12,873 [INFO] Valid data : Vary_params_BRAF_MK14\DUD-E\MK14\nG1_50\ECFP4_512bits\MinMax\MK14_valid_vector.tsv
2023-05-30 09:38:12,873 [INFO] Output path : Vary_params_BRAF_MK14\DUD-E\MK14\nG1_50\ECFP4_512bits\MinMax\MK14_model\SVM
2023-05-30 09:38:12,873 [INFO] Model type : SVM
2023-05-30 09:38:12,873 [INFO] Use cores : 10
2023-05-30 09:38:12,917 [INFO] Start Learning model
2023-05-30 09:38:12,917 [INFO] Train : 901 | Valid : 225
2023-05-30 09:38:12,917 [INFO] Set parameters : {'kernel': ['linear', 'rbf'], 'C': [0.01, 0.1, 1, 10, 100, 1000], 'gamma': [0.01, 0.1, 1, 100, 1000]}
2023-05-30 09:38:33,316 [INFO] GridSearchCV results :
    mean_valid_accuracy  mean_valid_precision  mean_valid_auc
53             0.829145              1.000000        0.786111
23             0.798071              1.000000        0.747222
11             0.876874              1.000000        0.845833
43             0.829145              1.000000        0.786111
33             0.829145              1.000000        0.786111
21             0.985568              0.983851        0.984739
41             0.984457              0.980839        0.983813
51             0.984457              0.980839        0.983813
31             0.984457              0.980839        0.983813
4              0.977790              0.980760        0.975480
6              0.977790              0.980760        0.975480
8              0.977790              0.980760        0.975480
2              0.977790              0.980760        0.975480
0              0.977790              0.980760        0.975480
34             0.968913              0.961762        0.967609
36             0.968913              0.961762        0.967609
38             0.968913              0.961762        0.967609
40             0.968913              0.961762        0.967609
48             0.968913              0.961762        0.967609
42             0.968913              0.961762        0.967609
44             0.968913              0.961762        0.967609
46             0.968913              0.961762        0.967609
50             0.968913              0.961762        0.967609
52             0.968913              0.961762        0.967609
54             0.968913              0.961762        0.967609
56             0.968913              0.961762        0.967609
58             0.968913              0.961762        0.967609
32             0.968913              0.961762        0.967609
30             0.968913              0.961762        0.967609
22             0.968913              0.961762        0.967609
28             0.968913              0.961762        0.967609
26             0.968913              0.961762        0.967609
24             0.968913              0.961762        0.967609
20             0.968913              0.961762        0.967609
14             0.971123              0.959139        0.970850
12             0.971123              0.959139        0.970850
10             0.971123              0.959139        0.970850
18             0.971123              0.959139        0.970850
16             0.971123              0.959139        0.970850
7              0.600440              0.000000        0.500000
55             0.600440              0.000000        0.500000
9              0.600440              0.000000        0.500000
5              0.600440              0.000000        0.500000
57             0.600440              0.000000        0.500000
3              0.600440              0.000000        0.500000
13             0.600440              0.000000        0.500000
49             0.600440              0.000000        0.500000
29             0.600440              0.000000        0.500000
47             0.600440              0.000000        0.500000
15             0.600440              0.000000        0.500000
45             0.600440              0.000000        0.500000
1              0.600440              0.000000        0.500000
17             0.600440              0.000000        0.500000
19             0.600440              0.000000        0.500000
39             0.600440              0.000000        0.500000
37             0.600440              0.000000        0.500000
35             0.600440              0.000000        0.500000
25             0.600440              0.000000        0.500000
27             0.600440              0.000000        0.500000
59             0.600440              0.000000        0.500000
2023-05-30 09:38:33,317 [INFO] Best model :
SVC(C=0.1, gamma=0.01, random_state=42)
2023-05-30 09:38:33,452 [INFO] Save train_prediction_log data...
2023-05-30 09:38:33,456 [INFO] {'Data': 'train', 'ACC': '0.92 (832 / 901)', 'TP': 292, 'FP': 1, 'FN': 68, 'TN': 540, 'Precision': '1.0 (292 / 292 + 1)', 'Recall': '0.81 (292 / 292 + 68)', 'F1': '0.9 (2 * (0.81 * 1.0) / 0.81 + 1.0)', 'Specificity': '1.0 (540 / 540 + 1)', 'AUC': 0.9, 'r2': 0.68}
2023-05-30 09:38:33,494 [INFO] Save valid_prediction_log data...
2023-05-30 09:38:33,496 [INFO] {'Data': 'valid', 'ACC': '0.96 (217 / 225)', 'TP': 82, 'FP': 0, 'FN': 8, 'TN': 135, 'Precision': '1.0 (82 / 82 + 0)', 'Recall': '0.91 (82 / 82 + 8)', 'F1': '0.95 (2 * (0.91 * 1.0) / 0.91 + 1.0)', 'Specificity': '1.0 (135 / 135 + 0)', 'AUC': 0.96, 'r2': 0.85}
2023-05-30 09:38:33,546 [INFO] Save test_prediction_log data...
2023-05-30 09:38:33,566 [INFO] {'Data': 'test', 'ACC': '0.69 (156 / 225)', 'TP': 45, 'FP': 24, 'FN': 45, 'TN': 111, 'Precision': '0.65 (45 / 45 + 24)', 'Recall': '0.5 (45 / 45 + 45)', 'F1': '0.57 (2 * (0.5 * 0.65) / 0.5 + 0.65)', 'Specificity': '0.82 (111 / 111 + 24)', 'AUC': 0.66, 'r2': -0.28}
2023-05-30 09:38:33,569 [INFO] Save training_log data...
2023-05-30 09:38:33,571 [INFO] Save score_log data...
2023-05-30 09:38:33,572 [INFO] Time : 20.699589729309082
