2023-05-28 02:25:36,373 [INFO] Train data : Vary_params_IGF1R_KIT\DUD-E\IGF1R\nG1_20\ECFP4_256bits\MinMax\IGF1R_train_vector.tsv
2023-05-28 02:25:36,373 [INFO] Valid data : Vary_params_IGF1R_KIT\DUD-E\IGF1R\nG1_20\ECFP4_256bits\MinMax\IGF1R_valid_vector.tsv
2023-05-28 02:25:36,373 [INFO] Output path : Vary_params_IGF1R_KIT\DUD-E\IGF1R\nG1_20\ECFP4_256bits\MinMax\IGF1R_model\SVM
2023-05-28 02:25:36,373 [INFO] Model type : SVM
2023-05-28 02:25:36,373 [INFO] Use cores : 10
2023-05-28 02:25:36,386 [INFO] Start Learning model
2023-05-28 02:25:36,386 [INFO] Train : 226 | Valid : 49
2023-05-28 02:25:36,386 [INFO] Set parameters : {'kernel': ['linear', 'rbf'], 'C': [0.01, 0.1, 1, 10, 100, 1000], 'gamma': [0.01, 0.1, 1, 100, 1000]}
2023-05-28 02:25:38,751 [INFO] GridSearchCV results :
    mean_valid_accuracy  mean_valid_precision  mean_valid_auc
43             0.925889              1.000000        0.922727
33             0.925889              1.000000        0.922727
23             0.912846              1.000000        0.909091
21             0.969565              1.000000        0.968182
53             0.925889              1.000000        0.922727
0              0.973913              0.991667        0.973106
2              0.973913              0.991667        0.973106
4              0.973913              0.991667        0.973106
6              0.973913              0.991667        0.973106
8              0.973913              0.991667        0.973106
41             0.965217              0.983333        0.964394
31             0.965217              0.983333        0.964394
51             0.965217              0.983333        0.964394
50             0.965217              0.965909        0.965152
48             0.965217              0.965909        0.965152
28             0.965217              0.965909        0.965152
44             0.965217              0.965909        0.965152
42             0.965217              0.965909        0.965152
52             0.965217              0.965909        0.965152
40             0.965217              0.965909        0.965152
38             0.965217              0.965909        0.965152
54             0.965217              0.965909        0.965152
36             0.965217              0.965909        0.965152
56             0.965217              0.965909        0.965152
34             0.965217              0.965909        0.965152
58             0.965217              0.965909        0.965152
32             0.965217              0.965909        0.965152
46             0.965217              0.965909        0.965152
30             0.965217              0.965909        0.965152
20             0.965217              0.965909        0.965152
14             0.965217              0.965909        0.965152
26             0.965217              0.965909        0.965152
12             0.965217              0.965909        0.965152
24             0.965217              0.965909        0.965152
22             0.965217              0.965909        0.965152
16             0.965217              0.965909        0.965152
10             0.965217              0.965909        0.965152
18             0.965217              0.965909        0.965152
11             0.597431              0.800000        0.580000
9              0.522134              0.000000        0.500000
29             0.522134              0.000000        0.500000
7              0.522134              0.000000        0.500000
13             0.522134              0.000000        0.500000
55             0.522134              0.000000        0.500000
5              0.522134              0.000000        0.500000
57             0.522134              0.000000        0.500000
3              0.522134              0.000000        0.500000
49             0.522134              0.000000        0.500000
15             0.522134              0.000000        0.500000
47             0.522134              0.000000        0.500000
45             0.522134              0.000000        0.500000
1              0.522134              0.000000        0.500000
17             0.522134              0.000000        0.500000
19             0.522134              0.000000        0.500000
39             0.522134              0.000000        0.500000
37             0.522134              0.000000        0.500000
35             0.522134              0.000000        0.500000
25             0.522134              0.000000        0.500000
27             0.522134              0.000000        0.500000
59             0.522134              0.000000        0.500000
2023-05-28 02:25:38,752 [INFO] Best model :
SVC(C=1, gamma=0.01, random_state=42)
2023-05-28 02:25:38,759 [INFO] Save train_prediction_log data...
2023-05-28 02:25:38,762 [INFO] {'Data': 'train', 'ACC': '0.99 (223 / 226)', 'TP': 105, 'FP': 0, 'FN': 3, 'TN': 118, 'Precision': '1.0 (105 / 105 + 0)', 'Recall': '0.97 (105 / 105 + 3)', 'F1': '0.98 (2 * (0.97 * 1.0) / 0.97 + 1.0)', 'Specificity': '1.0 (118 / 118 + 0)', 'AUC': 0.99, 'r2': 0.95}
2023-05-28 02:25:38,766 [INFO] Save valid_prediction_log data...
2023-05-28 02:25:38,768 [INFO] {'Data': 'valid', 'ACC': '1.0 (49 / 49)', 'TP': 20, 'FP': 0, 'FN': 0, 'TN': 29, 'Precision': '1.0 (20 / 20 + 0)', 'Recall': '1.0 (20 / 20 + 0)', 'F1': '1.0 (2 * (1.0 * 1.0) / 1.0 + 1.0)', 'Specificity': '1.0 (29 / 29 + 0)', 'AUC': 1.0, 'r2': 1.0}
2023-05-28 02:25:38,777 [INFO] Save test_prediction_log data...
2023-05-28 02:25:38,779 [INFO] {'Data': 'test', 'ACC': '0.65 (32 / 49)', 'TP': 6, 'FP': 3, 'FN': 14, 'TN': 26, 'Precision': '0.67 (6 / 6 + 3)', 'Recall': '0.3 (6 / 6 + 14)', 'F1': '0.41 (2 * (0.3 * 0.67) / 0.3 + 0.67)', 'Specificity': '0.9 (26 / 26 + 3)', 'AUC': 0.6, 'r2': -0.44}
2023-05-28 02:25:38,781 [INFO] Save training_log data...
2023-05-28 02:25:38,782 [INFO] Save score_log data...
2023-05-28 02:25:38,783 [INFO] Time : 2.4102087020874023
