2023-05-28 14:15:45,542 [INFO] Train data : Vary_params_IGF1R_KIT\DUD-E\KIT\nG1_20\ECFP4_512bits\Standard\KIT_train_vector.tsv
2023-05-28 14:15:45,542 [INFO] Valid data : Vary_params_IGF1R_KIT\DUD-E\KIT\nG1_20\ECFP4_512bits\Standard\KIT_valid_vector.tsv
2023-05-28 14:15:45,542 [INFO] Output path : Vary_params_IGF1R_KIT\DUD-E\KIT\nG1_20\ECFP4_512bits\Standard\KIT_model\SVM
2023-05-28 14:15:45,542 [INFO] Model type : SVM
2023-05-28 14:15:45,542 [INFO] Use cores : 10
2023-05-28 14:15:45,578 [INFO] Start Learning model
2023-05-28 14:15:45,578 [INFO] Train : 262 | Valid : 58
2023-05-28 14:15:45,578 [INFO] Set parameters : {'kernel': ['linear', 'rbf'], 'C': [0.01, 0.1, 1, 10, 100, 1000], 'gamma': [0.01, 0.1, 1, 100, 1000]}
2023-05-28 14:15:48,703 [INFO] GridSearchCV results :
    mean_valid_accuracy  mean_valid_precision  mean_valid_auc
21             0.695299              1.000000        0.675962
41             0.718234              1.000000        0.700321
31             0.718234              1.000000        0.700321
51             0.718234              1.000000        0.700321
26             0.958547              0.984615        0.958242
28             0.958547              0.984615        0.958242
32             0.958547              0.984615        0.958242
34             0.958547              0.984615        0.958242
36             0.958547              0.984615        0.958242
38             0.958547              0.984615        0.958242
40             0.958547              0.984615        0.958242
0              0.958547              0.984615        0.958242
24             0.958547              0.984615        0.958242
44             0.958547              0.984615        0.958242
46             0.958547              0.984615        0.958242
48             0.958547              0.984615        0.958242
50             0.958547              0.984615        0.958242
52             0.958547              0.984615        0.958242
54             0.958547              0.984615        0.958242
56             0.958547              0.984615        0.958242
58             0.958547              0.984615        0.958242
42             0.958547              0.984615        0.958242
30             0.958547              0.984615        0.958242
12             0.958547              0.984615        0.958242
2              0.958547              0.984615        0.958242
20             0.958547              0.984615        0.958242
22             0.958547              0.984615        0.958242
4              0.958547              0.984615        0.958242
18             0.958547              0.984615        0.958242
8              0.958547              0.984615        0.958242
10             0.958547              0.984615        0.958242
16             0.958547              0.984615        0.958242
6              0.958547              0.984615        0.958242
14             0.958547              0.984615        0.958242
49             0.530627              0.000000        0.500000
9              0.530627              0.000000        0.500000
47             0.530627              0.000000        0.500000
5              0.530627              0.000000        0.500000
7              0.530627              0.000000        0.500000
53             0.530627              0.000000        0.500000
55             0.530627              0.000000        0.500000
3              0.530627              0.000000        0.500000
57             0.530627              0.000000        0.500000
45             0.530627              0.000000        0.500000
23             0.530627              0.000000        0.500000
43             0.530627              0.000000        0.500000
11             0.530627              0.000000        0.500000
13             0.530627              0.000000        0.500000
39             0.530627              0.000000        0.500000
37             0.530627              0.000000        0.500000
15             0.530627              0.000000        0.500000
35             0.530627              0.000000        0.500000
33             0.530627              0.000000        0.500000
17             0.530627              0.000000        0.500000
1              0.530627              0.000000        0.500000
29             0.530627              0.000000        0.500000
19             0.530627              0.000000        0.500000
27             0.530627              0.000000        0.500000
25             0.530627              0.000000        0.500000
59             0.530627              0.000000        0.500000
2023-05-28 14:15:48,704 [INFO] Best model :
SVC(C=1, gamma=0.01, random_state=42)
2023-05-28 14:15:48,720 [INFO] Save train_prediction_log data...
2023-05-28 14:15:48,723 [INFO] {'Data': 'train', 'ACC': '1.0 (262 / 262)', 'TP': 123, 'FP': 0, 'FN': 0, 'TN': 139, 'Precision': '1.0 (123 / 123 + 0)', 'Recall': '1.0 (123 / 123 + 0)', 'F1': '1.0 (2 * (1.0 * 1.0) / 1.0 + 1.0)', 'Specificity': '1.0 (139 / 139 + 0)', 'AUC': 1.0, 'r2': 1.0}
2023-05-28 14:15:48,730 [INFO] Save valid_prediction_log data...
2023-05-28 14:15:48,731 [INFO] {'Data': 'valid', 'ACC': '0.88 (51 / 58)', 'TP': 16, 'FP': 0, 'FN': 7, 'TN': 35, 'Precision': '1.0 (16 / 16 + 0)', 'Recall': '0.7 (16 / 16 + 7)', 'F1': '0.82 (2 * (0.7 * 1.0) / 0.7 + 1.0)', 'Specificity': '1.0 (35 / 35 + 0)', 'AUC': 0.85, 'r2': 0.5}
2023-05-28 14:15:48,750 [INFO] Save test_prediction_log data...
2023-05-28 14:15:48,752 [INFO] {'Data': 'test', 'ACC': '0.66 (38 / 58)', 'TP': 3, 'FP': 0, 'FN': 20, 'TN': 35, 'Precision': '1.0 (3 / 3 + 0)', 'Recall': '0.13 (3 / 3 + 20)', 'F1': '0.23 (2 * (0.13 * 1.0) / 0.13 + 1.0)', 'Specificity': '1.0 (35 / 35 + 0)', 'AUC': 0.57, 'r2': -0.44}
2023-05-28 14:15:48,754 [INFO] Save training_log data...
2023-05-28 14:15:48,755 [INFO] Save score_log data...
2023-05-28 14:15:48,756 [INFO] Time : 3.214171886444092
