2023-05-26 12:29:45,083 [INFO] Train data : Vary_params\DUD-E\AKT1\nG1_20\ECFP4_256bits\MinMax\AKT1_train_vector.tsv
2023-05-26 12:29:45,083 [INFO] Valid data : Vary_params\DUD-E\AKT1\nG1_20\ECFP4_256bits\MinMax\AKT1_valid_vector.tsv
2023-05-26 12:29:45,083 [INFO] Output path : Vary_params\DUD-E\AKT1\nG1_20\ECFP4_256bits\MinMax\AKT1_model\MLP
2023-05-26 12:29:45,084 [INFO] Model type : MLP
2023-05-26 12:29:45,084 [INFO] Use cores : 11
2023-05-26 12:29:45,104 [INFO] Start Learning model
2023-05-26 12:29:45,104 [INFO] Train : 511 | Valid : 120
2023-05-26 12:29:45,104 [INFO] Set parameters : {'hidden_layer_sizes': [(50,), (100,), (50, 50), (100, 100)], 'learning_rate': ['constant', 'invscaling', 'adaptive'], 'activation': ['relu', 'identity', 'logistic', 'tanh'], 'solver': ['adam', 'sgd', 'lbfgs'], 'alpha': [0.1, 0.01, 0.001], 'max_iter': [500, 1000], 'early_stopping': [True]}
2023-05-26 12:34:48,452 [INFO] GridSearchCV results :
     mean_valid_accuracy  mean_valid_precision  mean_valid_auc
612             0.923906              0.995455        0.913098
615             0.923906              0.995455        0.913098
618             0.923906              0.995455        0.913098
621             0.923906              0.995455        0.913098
624             0.923906              0.995455        0.913098
..                   ...                   ...             ...
595             0.565573              0.000000        0.500000
523             0.565573              0.000000        0.500000
526             0.565573              0.000000        0.500000
529             0.565573              0.000000        0.500000
478             0.565573              0.000000        0.500000

[864 rows x 3 columns]
2023-05-26 12:34:48,453 [INFO] Best model :
MLPClassifier(activation='logistic', alpha=0.001, early_stopping=True,
              hidden_layer_sizes=(50, 50), max_iter=500, random_state=42)
2023-05-26 12:34:48,464 [INFO] Save train_prediction_log data...
2023-05-26 12:34:48,470 [INFO] {'Data': 'train', 'ACC': '0.95 (487 / 511)', 'TP': 199, 'FP': 1, 'FN': 23, 'TN': 288, 'Precision': '1.0 (199 / 199 + 1)', 'Recall': '0.9 (199 / 199 + 23)', 'F1': '0.95 (2 * (0.9 * 1.0) / 0.9 + 1.0)', 'Specificity': '1.0 (288 / 288 + 1)', 'AUC': 0.95, 'r2': 0.81}
2023-05-26 12:34:48,476 [INFO] Save valid_prediction_log data...
2023-05-26 12:34:48,479 [INFO] {'Data': 'valid', 'ACC': '1.0 (120 / 120)', 'TP': 48, 'FP': 0, 'FN': 0, 'TN': 72, 'Precision': '1.0 (48 / 48 + 0)', 'Recall': '1.0 (48 / 48 + 0)', 'F1': '1.0 (2 * (1.0 * 1.0) / 1.0 + 1.0)', 'Specificity': '1.0 (72 / 72 + 0)', 'AUC': 1.0, 'r2': 1.0}
2023-05-26 12:34:48,495 [INFO] Save test_prediction_log data...
2023-05-26 12:34:48,505 [INFO] {'Data': 'test', 'ACC': '0.64 (77 / 120)', 'TP': 15, 'FP': 10, 'FN': 33, 'TN': 62, 'Precision': '0.6 (15 / 15 + 10)', 'Recall': '0.31 (15 / 15 + 33)', 'F1': '0.41 (2 * (0.31 * 0.6) / 0.31 + 0.6)', 'Specificity': '0.86 (62 / 62 + 10)', 'AUC': 0.59, 'r2': -0.49}
2023-05-26 12:34:48,510 [INFO] Save training_log data...
2023-05-26 12:34:48,518 [INFO] Save score_log data...
2023-05-26 12:34:48,519 [INFO] Time : 303.4361503124237
