2023-05-28 09:00:56,019 [INFO] Train data : Vary_params\DUD-E\CSF1R\nG1_80\ECFP4_256bits\Robust\CSF1R_train_vector.tsv
2023-05-28 09:00:56,020 [INFO] Valid data : Vary_params\DUD-E\CSF1R\nG1_80\ECFP4_256bits\Robust\CSF1R_valid_vector.tsv
2023-05-28 09:00:56,020 [INFO] Output path : Vary_params\DUD-E\CSF1R\nG1_80\ECFP4_256bits\Robust\CSF1R_model\SVM
2023-05-28 09:00:56,020 [INFO] Model type : SVM
2023-05-28 09:00:56,020 [INFO] Use cores : 11
2023-05-28 09:00:56,054 [INFO] Start Learning model
2023-05-28 09:00:56,054 [INFO] Train : 156 | Valid : 47
2023-05-28 09:00:56,054 [INFO] Set parameters : {'kernel': ['linear', 'rbf'], 'C': [0.01, 0.1, 1, 10, 100, 1000], 'gamma': [0.01, 0.1, 1, 100, 1000]}
2023-05-28 09:00:59,349 [INFO] GridSearchCV results :
    mean_valid_accuracy  mean_valid_precision  mean_valid_auc
0              0.897083                 0.825         0.88447
20             0.897083                 0.825         0.88447
24             0.897083                 0.825         0.88447
26             0.897083                 0.825         0.88447
28             0.897083                 0.825         0.88447
32             0.897083                 0.825         0.88447
34             0.897083                 0.825         0.88447
36             0.897083                 0.825         0.88447
38             0.897083                 0.825         0.88447
40             0.897083                 0.825         0.88447
42             0.897083                 0.825         0.88447
44             0.897083                 0.825         0.88447
46             0.897083                 0.825         0.88447
48             0.897083                 0.825         0.88447
50             0.897083                 0.825         0.88447
52             0.897083                 0.825         0.88447
54             0.897083                 0.825         0.88447
56             0.897083                 0.825         0.88447
58             0.897083                 0.825         0.88447
22             0.897083                 0.825         0.88447
30             0.897083                 0.825         0.88447
10             0.897083                 0.825         0.88447
2              0.897083                 0.825         0.88447
18             0.897083                 0.825         0.88447
8              0.897083                 0.825         0.88447
16             0.897083                 0.825         0.88447
4              0.897083                 0.825         0.88447
12             0.897083                 0.825         0.88447
6              0.897083                 0.825         0.88447
14             0.897083                 0.825         0.88447
49             0.718333                 0.000         0.50000
9              0.718333                 0.000         0.50000
45             0.718333                 0.000         0.50000
47             0.718333                 0.000         0.50000
7              0.718333                 0.000         0.50000
21             0.718333                 0.000         0.50000
43             0.718333                 0.000         0.50000
5              0.718333                 0.000         0.50000
53             0.718333                 0.000         0.50000
55             0.718333                 0.000         0.50000
3              0.718333                 0.000         0.50000
57             0.718333                 0.000         0.50000
51             0.718333                 0.000         0.50000
11             0.718333                 0.000         0.50000
41             0.718333                 0.000         0.50000
19             0.718333                 0.000         0.50000
39             0.718333                 0.000         0.50000
37             0.718333                 0.000         0.50000
13             0.718333                 0.000         0.50000
35             0.718333                 0.000         0.50000
33             0.718333                 0.000         0.50000
15             0.718333                 0.000         0.50000
31             0.718333                 0.000         0.50000
1              0.718333                 0.000         0.50000
29             0.718333                 0.000         0.50000
27             0.718333                 0.000         0.50000
17             0.718333                 0.000         0.50000
25             0.718333                 0.000         0.50000
23             0.718333                 0.000         0.50000
59             0.718333                 0.000         0.50000
2023-05-28 09:00:59,359 [INFO] Best model :
SVC(C=0.01, gamma=0.01, kernel='linear', random_state=42)
2023-05-28 09:00:59,367 [INFO] Save train_prediction_log data...
2023-05-28 09:00:59,376 [INFO] {'Data': 'train', 'ACC': '1.0 (156 / 156)', 'TP': 44, 'FP': 0, 'FN': 0, 'TN': 112, 'Precision': '1.0 (44 / 44 + 0)', 'Recall': '1.0 (44 / 44 + 0)', 'F1': '1.0 (2 * (1.0 * 1.0) / 1.0 + 1.0)', 'Specificity': '1.0 (112 / 112 + 0)', 'AUC': 1.0, 'r2': 1.0}
2023-05-28 09:00:59,387 [INFO] Save valid_prediction_log data...
2023-05-28 09:00:59,394 [INFO] {'Data': 'valid', 'ACC': '0.94 (44 / 47)', 'TP': 19, 'FP': 3, 'FN': 0, 'TN': 25, 'Precision': '0.86 (19 / 19 + 3)', 'Recall': '1.0 (19 / 19 + 0)', 'F1': '0.92 (2 * (1.0 * 0.86) / 1.0 + 0.86)', 'Specificity': '0.89 (25 / 25 + 3)', 'AUC': 0.95, 'r2': 0.73}
2023-05-28 09:00:59,418 [INFO] Save test_prediction_log data...
2023-05-28 09:00:59,426 [INFO] {'Data': 'test', 'ACC': '0.66 (31 / 47)', 'TP': 10, 'FP': 7, 'FN': 9, 'TN': 21, 'Precision': '0.59 (10 / 10 + 7)', 'Recall': '0.53 (10 / 10 + 9)', 'F1': '0.56 (2 * (0.53 * 0.59) / 0.53 + 0.59)', 'Specificity': '0.75 (21 / 21 + 7)', 'AUC': 0.64, 'r2': -0.41}
2023-05-28 09:00:59,432 [INFO] Save training_log data...
2023-05-28 09:00:59,434 [INFO] Save score_log data...
2023-05-28 09:00:59,436 [INFO] Time : 3.4173266887664795
