2023-05-28 10:48:56,094 [INFO] Train data : Vary_params\DUD-E\CSF1R\nG1_80\ECFP4_512bits\MinMax\CSF1R_train_vector.tsv
2023-05-28 10:48:56,094 [INFO] Valid data : Vary_params\DUD-E\CSF1R\nG1_80\ECFP4_512bits\MinMax\CSF1R_valid_vector.tsv
2023-05-28 10:48:56,096 [INFO] Output path : Vary_params\DUD-E\CSF1R\nG1_80\ECFP4_512bits\MinMax\CSF1R_model\SVM
2023-05-28 10:48:56,096 [INFO] Model type : SVM
2023-05-28 10:48:56,096 [INFO] Use cores : 11
2023-05-28 10:48:56,121 [INFO] Start Learning model
2023-05-28 10:48:56,122 [INFO] Train : 156 | Valid : 47
2023-05-28 10:48:56,122 [INFO] Set parameters : {'kernel': ['linear', 'rbf'], 'C': [0.01, 0.1, 1, 10, 100, 1000], 'gamma': [0.01, 0.1, 1, 100, 1000]}
2023-05-28 10:48:59,812 [INFO] GridSearchCV results :
    mean_valid_accuracy  mean_valid_precision  mean_valid_auc
0              0.924583                  1.00        0.872500
2              0.924583                  1.00        0.872500
31             0.974583                  1.00        0.957500
4              0.924583                  1.00        0.872500
6              0.924583                  1.00        0.872500
8              0.924583                  1.00        0.872500
51             0.974583                  1.00        0.957500
41             0.974583                  1.00        0.957500
42             0.974583                  0.96        0.971288
32             0.974583                  0.96        0.971288
34             0.974583                  0.96        0.971288
36             0.974583                  0.96        0.971288
38             0.974583                  0.96        0.971288
40             0.974583                  0.96        0.971288
48             0.974583                  0.96        0.971288
44             0.974583                  0.96        0.971288
46             0.974583                  0.96        0.971288
26             0.974583                  0.96        0.971288
50             0.974583                  0.96        0.971288
52             0.974583                  0.96        0.971288
54             0.974583                  0.96        0.971288
56             0.974583                  0.96        0.971288
58             0.974583                  0.96        0.971288
28             0.974583                  0.96        0.971288
30             0.974583                  0.96        0.971288
10             0.974583                  0.96        0.971288
14             0.974583                  0.96        0.971288
22             0.974583                  0.96        0.971288
20             0.974583                  0.96        0.971288
24             0.974583                  0.96        0.971288
12             0.974583                  0.96        0.971288
18             0.974583                  0.96        0.971288
16             0.974583                  0.96        0.971288
21             0.924583                  0.90        0.872500
43             0.782917                  0.70        0.615000
33             0.782917                  0.70        0.615000
53             0.782917                  0.70        0.615000
23             0.750833                  0.50        0.557500
25             0.718333                  0.00        0.500000
11             0.718333                  0.00        0.500000
7              0.718333                  0.00        0.500000
9              0.718333                  0.00        0.500000
55             0.718333                  0.00        0.500000
5              0.718333                  0.00        0.500000
57             0.718333                  0.00        0.500000
3              0.718333                  0.00        0.500000
49             0.718333                  0.00        0.500000
15             0.718333                  0.00        0.500000
47             0.718333                  0.00        0.500000
13             0.718333                  0.00        0.500000
45             0.718333                  0.00        0.500000
17             0.718333                  0.00        0.500000
39             0.718333                  0.00        0.500000
37             0.718333                  0.00        0.500000
19             0.718333                  0.00        0.500000
35             0.718333                  0.00        0.500000
1              0.718333                  0.00        0.500000
29             0.718333                  0.00        0.500000
27             0.718333                  0.00        0.500000
59             0.718333                  0.00        0.500000
2023-05-28 10:48:59,815 [INFO] Best model :
SVC(C=0.01, gamma=0.01, kernel='linear', random_state=42)
2023-05-28 10:48:59,824 [INFO] Save train_prediction_log data...
2023-05-28 10:48:59,828 [INFO] {'Data': 'train', 'ACC': '0.97 (151 / 156)', 'TP': 39, 'FP': 0, 'FN': 5, 'TN': 112, 'Precision': '1.0 (39 / 39 + 0)', 'Recall': '0.89 (39 / 39 + 5)', 'F1': '0.94 (2 * (0.89 * 1.0) / 0.89 + 1.0)', 'Specificity': '1.0 (112 / 112 + 0)', 'AUC': 0.94, 'r2': 0.84}
2023-05-28 10:48:59,833 [INFO] Save valid_prediction_log data...
2023-05-28 10:48:59,837 [INFO] {'Data': 'valid', 'ACC': '0.98 (46 / 47)', 'TP': 18, 'FP': 0, 'FN': 1, 'TN': 28, 'Precision': '1.0 (18 / 18 + 0)', 'Recall': '0.95 (18 / 18 + 1)', 'F1': '0.97 (2 * (0.95 * 1.0) / 0.95 + 1.0)', 'Specificity': '1.0 (28 / 28 + 0)', 'AUC': 0.97, 'r2': 0.91}
2023-05-28 10:48:59,854 [INFO] Save test_prediction_log data...
2023-05-28 10:48:59,860 [INFO] {'Data': 'test', 'ACC': '0.72 (34 / 47)', 'TP': 9, 'FP': 3, 'FN': 10, 'TN': 25, 'Precision': '0.75 (9 / 9 + 3)', 'Recall': '0.47 (9 / 9 + 10)', 'F1': '0.58 (2 * (0.47 * 0.75) / 0.47 + 0.75)', 'Specificity': '0.89 (25 / 25 + 3)', 'AUC': 0.68, 'r2': -0.15}
2023-05-28 10:48:59,863 [INFO] Save training_log data...
2023-05-28 10:48:59,865 [INFO] Save score_log data...
2023-05-28 10:48:59,866 [INFO] Time : 3.771519899368286
