2023-05-28 06:44:40,133 [INFO] Train data : Vary_params\DUD-E\CSF1R\nG1_50\ECFP6_256bits\Robust\CSF1R_train_vector.tsv
2023-05-28 06:44:40,133 [INFO] Valid data : Vary_params\DUD-E\CSF1R\nG1_50\ECFP6_256bits\Robust\CSF1R_valid_vector.tsv
2023-05-28 06:44:40,133 [INFO] Output path : Vary_params\DUD-E\CSF1R\nG1_50\ECFP6_256bits\Robust\CSF1R_model\SVM
2023-05-28 06:44:40,133 [INFO] Model type : SVM
2023-05-28 06:44:40,133 [INFO] Use cores : 11
2023-05-28 06:44:40,148 [INFO] Start Learning model
2023-05-28 06:44:40,148 [INFO] Train : 186 | Valid : 47
2023-05-28 06:44:40,148 [INFO] Set parameters : {'kernel': ['linear', 'rbf'], 'C': [0.01, 0.1, 1, 10, 100, 1000], 'gamma': [0.01, 0.1, 1, 100, 1000]}
2023-05-28 06:44:43,522 [INFO] GridSearchCV results :
    mean_valid_accuracy  mean_valid_precision  mean_valid_auc
0              0.834211              0.789069        0.832576
20             0.834211              0.789069        0.832576
24             0.834211              0.789069        0.832576
26             0.834211              0.789069        0.832576
28             0.834211              0.789069        0.832576
32             0.834211              0.789069        0.832576
34             0.834211              0.789069        0.832576
36             0.834211              0.789069        0.832576
38             0.834211              0.789069        0.832576
40             0.834211              0.789069        0.832576
42             0.834211              0.789069        0.832576
44             0.834211              0.789069        0.832576
46             0.834211              0.789069        0.832576
48             0.834211              0.789069        0.832576
50             0.834211              0.789069        0.832576
52             0.834211              0.789069        0.832576
54             0.834211              0.789069        0.832576
56             0.834211              0.789069        0.832576
58             0.834211              0.789069        0.832576
22             0.834211              0.789069        0.832576
30             0.834211              0.789069        0.832576
10             0.834211              0.789069        0.832576
2              0.834211              0.789069        0.832576
18             0.834211              0.789069        0.832576
8              0.834211              0.789069        0.832576
16             0.834211              0.789069        0.832576
4              0.834211              0.789069        0.832576
12             0.834211              0.789069        0.832576
6              0.834211              0.789069        0.832576
14             0.834211              0.789069        0.832576
49             0.602339              0.000000        0.500000
9              0.602339              0.000000        0.500000
45             0.602339              0.000000        0.500000
47             0.602339              0.000000        0.500000
7              0.602339              0.000000        0.500000
21             0.602339              0.000000        0.500000
43             0.602339              0.000000        0.500000
5              0.602339              0.000000        0.500000
53             0.602339              0.000000        0.500000
55             0.602339              0.000000        0.500000
3              0.602339              0.000000        0.500000
57             0.602339              0.000000        0.500000
51             0.602339              0.000000        0.500000
11             0.602339              0.000000        0.500000
41             0.602339              0.000000        0.500000
19             0.602339              0.000000        0.500000
39             0.602339              0.000000        0.500000
37             0.602339              0.000000        0.500000
13             0.602339              0.000000        0.500000
35             0.602339              0.000000        0.500000
33             0.602339              0.000000        0.500000
15             0.602339              0.000000        0.500000
31             0.602339              0.000000        0.500000
1              0.602339              0.000000        0.500000
29             0.602339              0.000000        0.500000
27             0.602339              0.000000        0.500000
17             0.602339              0.000000        0.500000
25             0.602339              0.000000        0.500000
23             0.602339              0.000000        0.500000
59             0.602339              0.000000        0.500000
2023-05-28 06:44:43,524 [INFO] Best model :
SVC(C=0.01, gamma=0.01, kernel='linear', random_state=42)
2023-05-28 06:44:43,543 [INFO] Save train_prediction_log data...
2023-05-28 06:44:43,551 [INFO] {'Data': 'train', 'ACC': '1.0 (186 / 186)', 'TP': 74, 'FP': 0, 'FN': 0, 'TN': 112, 'Precision': '1.0 (74 / 74 + 0)', 'Recall': '1.0 (74 / 74 + 0)', 'F1': '1.0 (2 * (1.0 * 1.0) / 1.0 + 1.0)', 'Specificity': '1.0 (112 / 112 + 0)', 'AUC': 1.0, 'r2': 1.0}
2023-05-28 06:44:43,557 [INFO] Save valid_prediction_log data...
2023-05-28 06:44:43,559 [INFO] {'Data': 'valid', 'ACC': '0.83 (39 / 47)', 'TP': 18, 'FP': 7, 'FN': 1, 'TN': 21, 'Precision': '0.72 (18 / 18 + 7)', 'Recall': '0.95 (18 / 18 + 1)', 'F1': '0.82 (2 * (0.95 * 0.72) / 0.95 + 0.72)', 'Specificity': '0.75 (21 / 21 + 7)', 'AUC': 0.85, 'r2': 0.29}
2023-05-28 06:44:43,570 [INFO] Save test_prediction_log data...
2023-05-28 06:44:43,577 [INFO] {'Data': 'test', 'ACC': '0.66 (31 / 47)', 'TP': 10, 'FP': 7, 'FN': 9, 'TN': 21, 'Precision': '0.59 (10 / 10 + 7)', 'Recall': '0.53 (10 / 10 + 9)', 'F1': '0.56 (2 * (0.53 * 0.59) / 0.53 + 0.59)', 'Specificity': '0.75 (21 / 21 + 7)', 'AUC': 0.64, 'r2': -0.41}
2023-05-28 06:44:43,584 [INFO] Save training_log data...
2023-05-28 06:44:43,588 [INFO] Save score_log data...
2023-05-28 06:44:43,590 [INFO] Time : 3.457374334335327
