2023-05-30 06:47:46,064 [INFO] Train data : Baseline_noscale\DUD-E\ROCK1\ECFP6_256bits\ROCK1_raw_train.tsv
2023-05-30 06:47:46,064 [INFO] Valid data : Baseline_noscale\DUD-E\ROCK1\ECFP6_256bits\ROCK1_raw_valid.tsv
2023-05-30 06:47:46,064 [INFO] Output path : Baseline_noscale\DUD-E\ROCK1\ECFP6_256bits\ROCK1_model\XGB
2023-05-30 06:47:46,064 [INFO] Model type : XGB
2023-05-30 06:47:46,064 [INFO] Use cores : 12
2023-05-30 06:47:46,073 [INFO] Start Learning model
2023-05-30 06:47:46,073 [INFO] Train : 100 | Valid : 25
2023-05-30 06:47:46,074 [INFO] Set parameters : {'max_depth': [4, 6, 8], 'learning_rate': [0.01, 0.2], 'n_estimators': [200, 600, 1000], 'gamma': [0, 1000], 'min_child_weight': [1, 3], 'subsample': [0.5, 1], 'colsample_bytree': [0.5, 1], 'objective': ['binary:logitraw'], 'eval_metric': ['auc', 'error']}
2023-05-30 06:51:12,517 [INFO] GridSearchCV results :
     mean_valid_accuracy  mean_valid_precision  mean_valid_auc
50                  0.97                  0.98        0.966667
194                 0.97                  0.98        0.966667
56                  0.96                  0.98        0.954167
198                 0.96                  0.98        0.954167
200                 0.96                  0.98        0.954167
..                   ...                   ...             ...
376                 0.60                  0.00        0.500000
375                 0.60                  0.00        0.500000
374                 0.60                  0.00        0.500000
373                 0.60                  0.00        0.500000
575                 0.60                  0.00        0.500000

[576 rows x 3 columns]
2023-05-30 06:51:12,519 [INFO] Best model :
XGBClassifier(base_score=None, booster=None, callbacks=None,
              colsample_bylevel=None, colsample_bynode=None,
              colsample_bytree=0.5, early_stopping_rounds=None,
              enable_categorical=False, eval_metric='auc', feature_types=None,
              gamma=0, gpu_id=None, grow_policy=None, importance_type=None,
              interaction_constraints=None, learning_rate=0.2, max_bin=None,
              max_cat_threshold=None, max_cat_to_onehot=None,
              max_delta_step=None, max_depth=4, max_leaves=None,
              min_child_weight=1, missing=nan, monotone_constraints=None,
              n_estimators=200, n_jobs=0, num_parallel_tree=None,
              objective='binary:logitraw', predictor=None, ...)
2023-05-30 06:51:12,527 [INFO] Save train_prediction_log data...
2023-05-30 06:51:12,531 [INFO] {'Data': 'train', 'ACC': '1.0 (100 / 100)', 'TP': 40, 'FP': 0, 'FN': 0, 'TN': 60, 'Precision': '1.0 (40 / 40 + 0)', 'Recall': '1.0 (40 / 40 + 0)', 'F1': '1.0 (2 * (1.0 * 1.0) / 1.0 + 1.0)', 'Specificity': '1.0 (60 / 60 + 0)', 'AUC': 1.0, 'r2': 1.0}
2023-05-30 06:51:12,538 [INFO] Save valid_prediction_log data...
2023-05-30 06:51:12,540 [INFO] {'Data': 'valid', 'ACC': '1.0 (25 / 25)', 'TP': 10, 'FP': 0, 'FN': 0, 'TN': 15, 'Precision': '1.0 (10 / 10 + 0)', 'Recall': '1.0 (10 / 10 + 0)', 'F1': '1.0 (2 * (1.0 * 1.0) / 1.0 + 1.0)', 'Specificity': '1.0 (15 / 15 + 0)', 'AUC': 1.0, 'r2': 1.0}
2023-05-30 06:51:12,551 [INFO] Save test_prediction_log data...
2023-05-30 06:51:12,553 [INFO] {'Data': 'test', 'ACC': '0.64 (16 / 25)', 'TP': 5, 'FP': 4, 'FN': 5, 'TN': 11, 'Precision': '0.56 (5 / 5 + 4)', 'Recall': '0.5 (5 / 5 + 5)', 'F1': '0.53 (2 * (0.5 * 0.56) / 0.5 + 0.56)', 'Specificity': '0.73 (11 / 11 + 4)', 'AUC': 0.62, 'r2': -0.5}
2023-05-30 06:51:12,558 [INFO] Save training_log data...
2023-05-30 06:51:12,562 [INFO] Save score_log data...
2023-05-30 06:51:12,563 [INFO] Time : 206.49911165237427
