2023-05-29 08:37:45,527 [INFO] Train data : Vary_params_BRAF_MK14\DUD-E\BRAF\nG1_50\ECFP6_512bits\Standard\BRAF_train_vector.tsv
2023-05-29 08:37:45,527 [INFO] Valid data : Vary_params_BRAF_MK14\DUD-E\BRAF\nG1_50\ECFP6_512bits\Standard\BRAF_valid_vector.tsv
2023-05-29 08:37:45,527 [INFO] Output path : Vary_params_BRAF_MK14\DUD-E\BRAF\nG1_50\ECFP6_512bits\Standard\BRAF_model\MLP
2023-05-29 08:37:45,527 [INFO] Model type : MLP
2023-05-29 08:37:45,527 [INFO] Use cores : 12
2023-05-29 08:37:45,562 [INFO] Start Learning model
2023-05-29 08:37:45,562 [INFO] Train : 201 | Valid : 50
2023-05-29 08:37:45,562 [INFO] Set parameters : {'hidden_layer_sizes': [(50,), (100,), (50, 50), (100, 100)], 'learning_rate': ['constant', 'invscaling', 'adaptive'], 'activation': ['relu', 'identity', 'logistic', 'tanh'], 'solver': ['adam', 'sgd', 'lbfgs'], 'alpha': [0.1, 0.01, 0.001], 'max_iter': [500, 1000], 'early_stopping': [True]}
2023-05-29 08:42:50,482 [INFO] GridSearchCV results :
     mean_valid_accuracy  mean_valid_precision  mean_valid_auc
545             0.980238                   1.0        0.975000
195             0.920952                   1.0        0.900000
659             0.980238                   1.0        0.975000
206             0.990000                   1.0        0.987500
770             0.985238                   1.0        0.981250
..                   ...                   ...             ...
619             0.601905                   0.0        0.500000
484             0.601905                   0.0        0.500000
184             0.596905                   0.0        0.495833
621             0.601905                   0.0        0.500000
627             0.601905                   0.0        0.500000

[864 rows x 3 columns]
2023-05-29 08:42:50,484 [INFO] Best model :
MLPClassifier(alpha=0.1, early_stopping=True, hidden_layer_sizes=(50,),
              max_iter=500, random_state=42, solver='lbfgs')
2023-05-29 08:42:50,491 [INFO] Save train_prediction_log data...
2023-05-29 08:42:50,495 [INFO] {'Data': 'train', 'ACC': '1.0 (201 / 201)', 'TP': 80, 'FP': 0, 'FN': 0, 'TN': 121, 'Precision': '1.0 (80 / 80 + 0)', 'Recall': '1.0 (80 / 80 + 0)', 'F1': '1.0 (2 * (1.0 * 1.0) / 1.0 + 1.0)', 'Specificity': '1.0 (121 / 121 + 0)', 'AUC': 1.0, 'r2': 1.0}
2023-05-29 08:42:50,500 [INFO] Save valid_prediction_log data...
2023-05-29 08:42:50,502 [INFO] {'Data': 'valid', 'ACC': '0.98 (49 / 50)', 'TP': 20, 'FP': 1, 'FN': 0, 'TN': 29, 'Precision': '0.95 (20 / 20 + 1)', 'Recall': '1.0 (20 / 20 + 0)', 'F1': '0.97 (2 * (1.0 * 0.95) / 1.0 + 0.95)', 'Specificity': '0.97 (29 / 29 + 1)', 'AUC': 0.98, 'r2': 0.92}
2023-05-29 08:42:50,520 [INFO] Save test_prediction_log data...
2023-05-29 08:42:50,543 [INFO] {'Data': 'test', 'ACC': '0.6 (30 / 50)', 'TP': 6, 'FP': 6, 'FN': 14, 'TN': 24, 'Precision': '0.5 (6 / 6 + 6)', 'Recall': '0.3 (6 / 6 + 14)', 'F1': '0.37 (2 * (0.3 * 0.5) / 0.3 + 0.5)', 'Specificity': '0.8 (24 / 24 + 6)', 'AUC': 0.55, 'r2': -0.67}
2023-05-29 08:42:50,545 [INFO] Save training_log data...
2023-05-29 08:42:50,550 [INFO] Save score_log data...
2023-05-29 08:42:50,551 [INFO] Time : 305.02371168136597
