2023-05-27 21:50:37,285 [INFO] Train data : Vary_params\DUD-E\AKT2\nG1_80\ECFP6_256bits\Robust\AKT2_train_vector.tsv
2023-05-27 21:50:37,285 [INFO] Valid data : Vary_params\DUD-E\AKT2\nG1_80\ECFP6_256bits\Robust\AKT2_valid_vector.tsv
2023-05-27 21:50:37,286 [INFO] Output path : Vary_params\DUD-E\AKT2\nG1_80\ECFP6_256bits\Robust\AKT2_model\SVM
2023-05-27 21:50:37,286 [INFO] Model type : SVM
2023-05-27 21:50:37,286 [INFO] Use cores : 11
2023-05-27 21:50:37,299 [INFO] Start Learning model
2023-05-27 21:50:37,299 [INFO] Train : 95 | Valid : 31
2023-05-27 21:50:37,299 [INFO] Set parameters : {'kernel': ['linear', 'rbf'], 'C': [0.01, 0.1, 1, 10, 100, 1000], 'gamma': [0.01, 0.1, 1, 100, 1000]}
2023-05-27 21:50:40,496 [INFO] GridSearchCV results :
    mean_valid_accuracy  mean_valid_precision  mean_valid_auc
0              0.948889              0.933333        0.911607
20             0.948889              0.933333        0.911607
24             0.948889              0.933333        0.911607
26             0.948889              0.933333        0.911607
28             0.948889              0.933333        0.911607
32             0.948889              0.933333        0.911607
34             0.948889              0.933333        0.911607
36             0.948889              0.933333        0.911607
38             0.948889              0.933333        0.911607
40             0.948889              0.933333        0.911607
42             0.948889              0.933333        0.911607
44             0.948889              0.933333        0.911607
46             0.948889              0.933333        0.911607
48             0.948889              0.933333        0.911607
50             0.948889              0.933333        0.911607
52             0.948889              0.933333        0.911607
54             0.948889              0.933333        0.911607
56             0.948889              0.933333        0.911607
58             0.948889              0.933333        0.911607
22             0.948889              0.933333        0.911607
30             0.948889              0.933333        0.911607
10             0.948889              0.933333        0.911607
2              0.948889              0.933333        0.911607
18             0.948889              0.933333        0.911607
8              0.948889              0.933333        0.911607
16             0.948889              0.933333        0.911607
4              0.948889              0.933333        0.911607
12             0.948889              0.933333        0.911607
6              0.948889              0.933333        0.911607
14             0.948889              0.933333        0.911607
49             0.788889              0.000000        0.500000
9              0.788889              0.000000        0.500000
45             0.788889              0.000000        0.500000
47             0.788889              0.000000        0.500000
7              0.788889              0.000000        0.500000
21             0.788889              0.000000        0.500000
43             0.788889              0.000000        0.500000
5              0.788889              0.000000        0.500000
53             0.788889              0.000000        0.500000
55             0.788889              0.000000        0.500000
3              0.788889              0.000000        0.500000
57             0.788889              0.000000        0.500000
51             0.788889              0.000000        0.500000
11             0.788889              0.000000        0.500000
41             0.788889              0.000000        0.500000
19             0.788889              0.000000        0.500000
39             0.788889              0.000000        0.500000
37             0.788889              0.000000        0.500000
13             0.788889              0.000000        0.500000
35             0.788889              0.000000        0.500000
33             0.788889              0.000000        0.500000
15             0.788889              0.000000        0.500000
31             0.788889              0.000000        0.500000
1              0.788889              0.000000        0.500000
29             0.788889              0.000000        0.500000
27             0.788889              0.000000        0.500000
17             0.788889              0.000000        0.500000
25             0.788889              0.000000        0.500000
23             0.788889              0.000000        0.500000
59             0.788889              0.000000        0.500000
2023-05-27 21:50:40,506 [INFO] Best model :
SVC(C=0.01, gamma=0.01, kernel='linear', random_state=42)
2023-05-27 21:50:40,510 [INFO] Save train_prediction_log data...
2023-05-27 21:50:40,514 [INFO] {'Data': 'train', 'ACC': '1.0 (95 / 95)', 'TP': 20, 'FP': 0, 'FN': 0, 'TN': 75, 'Precision': '1.0 (20 / 20 + 0)', 'Recall': '1.0 (20 / 20 + 0)', 'F1': '1.0 (2 * (1.0 * 1.0) / 1.0 + 1.0)', 'Specificity': '1.0 (75 / 75 + 0)', 'AUC': 1.0, 'r2': 1.0}
2023-05-27 21:50:40,517 [INFO] Save valid_prediction_log data...
2023-05-27 21:50:40,520 [INFO] {'Data': 'valid', 'ACC': '0.87 (27 / 31)', 'TP': 10, 'FP': 2, 'FN': 2, 'TN': 17, 'Precision': '0.83 (10 / 10 + 2)', 'Recall': '0.83 (10 / 10 + 2)', 'F1': '0.83 (2 * (0.83 * 0.83) / 0.83 + 0.83)', 'Specificity': '0.89 (17 / 17 + 2)', 'AUC': 0.86, 'r2': 0.46}
2023-05-27 21:50:40,529 [INFO] Save test_prediction_log data...
2023-05-27 21:50:40,531 [INFO] {'Data': 'test', 'ACC': '0.71 (22 / 31)', 'TP': 6, 'FP': 3, 'FN': 6, 'TN': 16, 'Precision': '0.67 (6 / 6 + 3)', 'Recall': '0.5 (6 / 6 + 6)', 'F1': '0.57 (2 * (0.5 * 0.67) / 0.5 + 0.67)', 'Specificity': '0.84 (16 / 16 + 3)', 'AUC': 0.67, 'r2': -0.22}
2023-05-27 21:50:40,534 [INFO] Save training_log data...
2023-05-27 21:50:40,535 [INFO] Save score_log data...
2023-05-27 21:50:40,536 [INFO] Time : 3.2509548664093018
