2023-05-28 12:55:54,101 [INFO] Train data : Vary_params_ABL_BRAF_FGFR1\DUD-E\ABL1\nG1_20\ECFP4_512bits\Standard\ABL1_train_vector.tsv
2023-05-28 12:55:54,101 [INFO] Valid data : Vary_params_ABL_BRAF_FGFR1\DUD-E\ABL1\nG1_20\ECFP4_512bits\Standard\ABL1_valid_vector.tsv
2023-05-28 12:55:54,102 [INFO] Output path : Vary_params_ABL_BRAF_FGFR1\DUD-E\ABL1\nG1_20\ECFP4_512bits\Standard\ABL1_model\RF
2023-05-28 12:55:54,102 [INFO] Model type : RF
2023-05-28 12:55:54,102 [INFO] Use cores : 18
2023-05-28 12:55:54,143 [INFO] Start Learning model
2023-05-28 12:55:54,143 [INFO] Train : 294 | Valid : 66
2023-05-28 12:55:54,143 [INFO] Set parameters : {'max_depth': [6, 8, 10, 12], 'max_features': ['sqrt', 'log2'], 'min_samples_leaf': [2, 4, 8, 10], 'min_samples_split': [2, 4, 8, 10], 'n_estimators': [200, 600, 1000]}
2023-05-28 12:58:45,212 [INFO] GridSearchCV results :
     mean_valid_accuracy  mean_valid_precision  mean_valid_auc
257             0.932759              0.984524        0.928640
350             0.936092              0.984524        0.932212
199             0.949425              0.984524        0.946497
149             0.929425              0.984524        0.925069
146             0.929425              0.984524        0.925069
..                   ...                   ...             ...
364             0.905172              0.940882        0.900994
361             0.905172              0.940882        0.900994
172             0.901839              0.940882        0.897422
76              0.898506              0.940882        0.893851
175             0.901839              0.940882        0.897422

[384 rows x 3 columns]
2023-05-28 12:58:45,212 [INFO] Best model :
RandomForestClassifier(class_weight='balanced', max_depth=8,
                       max_features='log2', min_samples_leaf=2,
                       n_estimators=1000, random_state=42)
2023-05-28 12:58:45,263 [INFO] Save train_prediction_log data...
2023-05-28 12:58:45,263 [INFO] {'Data': 'train', 'ACC': '0.98 (287 / 294)', 'TP': 129, 'FP': 0, 'FN': 7, 'TN': 158, 'Precision': '1.0 (129 / 129 + 0)', 'Recall': '0.95 (129 / 129 + 7)', 'F1': '0.97 (2 * (0.95 * 1.0) / 0.95 + 1.0)', 'Specificity': '1.0 (158 / 158 + 0)', 'AUC': 0.97, 'r2': 0.9}
2023-05-28 12:58:45,303 [INFO] Save valid_prediction_log data...
2023-05-28 12:58:45,303 [INFO] {'Data': 'valid', 'ACC': '1.0 (66 / 66)', 'TP': 26, 'FP': 0, 'FN': 0, 'TN': 40, 'Precision': '1.0 (26 / 26 + 0)', 'Recall': '1.0 (26 / 26 + 0)', 'F1': '1.0 (2 * (1.0 * 1.0) / 1.0 + 1.0)', 'Specificity': '1.0 (40 / 40 + 0)', 'AUC': 1.0, 'r2': 1.0}
2023-05-28 12:58:45,353 [INFO] Save test_prediction_log data...
2023-05-28 12:58:45,353 [INFO] {'Data': 'test', 'ACC': '0.62 (41 / 66)', 'TP': 11, 'FP': 10, 'FN': 15, 'TN': 30, 'Precision': '0.52 (11 / 11 + 10)', 'Recall': '0.42 (11 / 11 + 15)', 'F1': '0.46 (2 * (0.42 * 0.52) / 0.42 + 0.52)', 'Specificity': '0.75 (30 / 30 + 10)', 'AUC': 0.59, 'r2': -0.59}
2023-05-28 12:58:45,503 [INFO] Save training_log data...
2023-05-28 12:58:45,503 [INFO] Save score_log data...
2023-05-28 12:58:45,503 [INFO] Time : 171.40160465240479
