2023-05-26 13:47:16,947 [INFO] Train data : Vary_params\DUD-E\MAPK2\nG1_20\ECFP6_512bits\Standard\MAPK2_train_vector.tsv
2023-05-26 13:47:16,948 [INFO] Valid data : Vary_params\DUD-E\MAPK2\nG1_20\ECFP6_512bits\Standard\MAPK2_valid_vector.tsv
2023-05-26 13:47:16,948 [INFO] Output path : Vary_params\DUD-E\MAPK2\nG1_20\ECFP6_512bits\Standard\MAPK2_model\SVM
2023-05-26 13:47:16,948 [INFO] Model type : SVM
2023-05-26 13:47:16,948 [INFO] Use cores : 10
2023-05-26 13:47:16,992 [INFO] Start Learning model
2023-05-26 13:47:16,992 [INFO] Train : 132 | Valid : 25
2023-05-26 13:47:16,992 [INFO] Set parameters : {'kernel': ['linear', 'rbf'], 'C': [0.01, 0.1, 1, 10, 100, 1000], 'gamma': [0.01, 0.1, 1, 100, 1000]}
2023-05-26 13:47:19,724 [INFO] GridSearchCV results :
    mean_valid_accuracy  mean_valid_precision  mean_valid_auc
0              0.932418              0.973214        0.933333
20             0.932418              0.973214        0.933333
24             0.932418              0.973214        0.933333
26             0.932418              0.973214        0.933333
28             0.932418              0.973214        0.933333
32             0.932418              0.973214        0.933333
34             0.932418              0.973214        0.933333
36             0.932418              0.973214        0.933333
38             0.932418              0.973214        0.933333
40             0.932418              0.973214        0.933333
42             0.932418              0.973214        0.933333
44             0.932418              0.973214        0.933333
46             0.932418              0.973214        0.933333
48             0.932418              0.973214        0.933333
50             0.932418              0.973214        0.933333
52             0.932418              0.973214        0.933333
54             0.932418              0.973214        0.933333
56             0.932418              0.973214        0.933333
58             0.932418              0.973214        0.933333
22             0.932418              0.973214        0.933333
30             0.932418              0.973214        0.933333
2              0.932418              0.973214        0.933333
18             0.932418              0.973214        0.933333
10             0.932418              0.973214        0.933333
8              0.932418              0.973214        0.933333
16             0.932418              0.973214        0.933333
4              0.932418              0.973214        0.933333
12             0.932418              0.973214        0.933333
14             0.932418              0.973214        0.933333
6              0.932418              0.973214        0.933333
41             0.632967              0.681410        0.609226
31             0.632967              0.681410        0.609226
51             0.632967              0.681410        0.609226
21             0.625275              0.676923        0.600893
7              0.537912              0.537912        0.500000
47             0.537912              0.537912        0.500000
5              0.537912              0.537912        0.500000
49             0.537912              0.537912        0.500000
9              0.537912              0.537912        0.500000
53             0.537912              0.537912        0.500000
55             0.537912              0.537912        0.500000
3              0.537912              0.537912        0.500000
57             0.537912              0.537912        0.500000
45             0.537912              0.537912        0.500000
11             0.537912              0.537912        0.500000
43             0.537912              0.537912        0.500000
19             0.537912              0.537912        0.500000
39             0.537912              0.537912        0.500000
37             0.537912              0.537912        0.500000
13             0.537912              0.537912        0.500000
35             0.537912              0.537912        0.500000
33             0.537912              0.537912        0.500000
15             0.537912              0.537912        0.500000
1              0.537912              0.537912        0.500000
29             0.537912              0.537912        0.500000
27             0.537912              0.537912        0.500000
17             0.537912              0.537912        0.500000
25             0.537912              0.537912        0.500000
23             0.537912              0.537912        0.500000
59             0.537912              0.537912        0.500000
2023-05-26 13:47:19,727 [INFO] Best model :
SVC(C=0.01, gamma=0.01, kernel='linear', random_state=42)
2023-05-26 13:47:19,732 [INFO] Save train_prediction_log data...
2023-05-26 13:47:19,735 [INFO] {'Data': 'train', 'ACC': '1.0 (132 / 132)', 'TP': 71, 'FP': 0, 'FN': 0, 'TN': 61, 'Precision': '1.0 (71 / 71 + 0)', 'Recall': '1.0 (71 / 71 + 0)', 'F1': '1.0 (2 * (1.0 * 1.0) / 1.0 + 1.0)', 'Specificity': '1.0 (61 / 61 + 0)', 'AUC': 1.0, 'r2': 1.0}
2023-05-26 13:47:19,739 [INFO] Save valid_prediction_log data...
2023-05-26 13:47:19,741 [INFO] {'Data': 'valid', 'ACC': '1.0 (25 / 25)', 'TP': 10, 'FP': 0, 'FN': 0, 'TN': 15, 'Precision': '1.0 (10 / 10 + 0)', 'Recall': '1.0 (10 / 10 + 0)', 'F1': '1.0 (2 * (1.0 * 1.0) / 1.0 + 1.0)', 'Specificity': '1.0 (15 / 15 + 0)', 'AUC': 1.0, 'r2': 1.0}
2023-05-26 13:47:19,756 [INFO] Save test_prediction_log data...
2023-05-26 13:47:19,758 [INFO] {'Data': 'test', 'ACC': '0.76 (19 / 25)', 'TP': 5, 'FP': 1, 'FN': 5, 'TN': 14, 'Precision': '0.83 (5 / 5 + 1)', 'Recall': '0.5 (5 / 5 + 5)', 'F1': '0.62 (2 * (0.5 * 0.83) / 0.5 + 0.83)', 'Specificity': '0.93 (14 / 14 + 1)', 'AUC': 0.72, 'r2': 0.0}
2023-05-26 13:47:19,760 [INFO] Save training_log data...
2023-05-26 13:47:19,761 [INFO] Save score_log data...
2023-05-26 13:47:19,762 [INFO] Time : 2.8148725032806396
