2023-05-29 06:07:36,049 [INFO] Train data : Vary_params\DUD-E\KPCB\nG1_50\ECFP6_256bits\Robust\KPCB_train_vector.tsv
2023-05-29 06:07:36,049 [INFO] Valid data : Vary_params\DUD-E\KPCB\nG1_50\ECFP6_256bits\Robust\KPCB_valid_vector.tsv
2023-05-29 06:07:36,049 [INFO] Output path : Vary_params\DUD-E\KPCB\nG1_50\ECFP6_256bits\Robust\KPCB_model\MLP
2023-05-29 06:07:36,049 [INFO] Model type : MLP
2023-05-29 06:07:36,049 [INFO] Use cores : 11
2023-05-29 06:07:36,063 [INFO] Start Learning model
2023-05-29 06:07:36,064 [INFO] Train : 168 | Valid : 42
2023-05-29 06:07:36,064 [INFO] Set parameters : {'hidden_layer_sizes': [(50,), (100,), (50, 50), (100, 100)], 'learning_rate': ['constant', 'invscaling', 'adaptive'], 'activation': ['relu', 'identity', 'logistic', 'tanh'], 'solver': ['adam', 'sgd', 'lbfgs'], 'alpha': [0.1, 0.01, 0.001], 'max_iter': [500, 1000], 'early_stopping': [True]}
2023-05-29 06:11:04,566 [INFO] GridSearchCV results :
     mean_valid_accuracy  mean_valid_precision  mean_valid_auc
609             0.815441               1.00000        0.766667
522             0.815441               1.00000        0.766667
525             0.815441               1.00000        0.766667
528             0.815441               1.00000        0.766667
531             0.815441               1.00000        0.766667
..                   ...                   ...             ...
495             0.589706               0.04375        0.505000
570             0.589706               0.04375        0.505000
489             0.589706               0.04375        0.505000
486             0.589706               0.04375        0.505000
492             0.589706               0.04375        0.505000

[864 rows x 3 columns]
2023-05-29 06:11:04,568 [INFO] Best model :
MLPClassifier(activation='logistic', alpha=0.1, early_stopping=True,
              max_iter=500, random_state=42)
2023-05-29 06:11:04,574 [INFO] Save train_prediction_log data...
2023-05-29 06:11:04,579 [INFO] {'Data': 'train', 'ACC': '0.99 (166 / 168)', 'TP': 65, 'FP': 0, 'FN': 2, 'TN': 101, 'Precision': '1.0 (65 / 65 + 0)', 'Recall': '0.97 (65 / 65 + 2)', 'F1': '0.98 (2 * (0.97 * 1.0) / 0.97 + 1.0)', 'Specificity': '1.0 (101 / 101 + 0)', 'AUC': 0.99, 'r2': 0.95}
2023-05-29 06:11:04,583 [INFO] Save valid_prediction_log data...
2023-05-29 06:11:04,585 [INFO] {'Data': 'valid', 'ACC': '0.93 (39 / 42)', 'TP': 14, 'FP': 0, 'FN': 3, 'TN': 25, 'Precision': '1.0 (14 / 14 + 0)', 'Recall': '0.82 (14 / 14 + 3)', 'F1': '0.9 (2 * (0.82 * 1.0) / 0.82 + 1.0)', 'Specificity': '1.0 (25 / 25 + 0)', 'AUC': 0.91, 'r2': 0.7}
2023-05-29 06:11:04,598 [INFO] Save test_prediction_log data...
2023-05-29 06:11:04,602 [INFO] {'Data': 'test', 'ACC': '0.71 (30 / 42)', 'TP': 5, 'FP': 0, 'FN': 12, 'TN': 25, 'Precision': '1.0 (5 / 5 + 0)', 'Recall': '0.29 (5 / 5 + 12)', 'F1': '0.45 (2 * (0.29 * 1.0) / 0.29 + 1.0)', 'Specificity': '1.0 (25 / 25 + 0)', 'AUC': 0.65, 'r2': -0.19}
2023-05-29 06:11:04,605 [INFO] Save training_log data...
2023-05-29 06:11:04,614 [INFO] Save score_log data...
2023-05-29 06:11:04,615 [INFO] Time : 208.56579160690308
