2023-05-26 15:00:58,399 [INFO] Train data : Vary_params\DUD-E\AKT1\nG1_20\ECFP4_512bits\MinMax\AKT1_train_vector.tsv
2023-05-26 15:00:58,399 [INFO] Valid data : Vary_params\DUD-E\AKT1\nG1_20\ECFP4_512bits\MinMax\AKT1_valid_vector.tsv
2023-05-26 15:00:58,399 [INFO] Output path : Vary_params\DUD-E\AKT1\nG1_20\ECFP4_512bits\MinMax\AKT1_model\SVM
2023-05-26 15:00:58,399 [INFO] Model type : SVM
2023-05-26 15:00:58,399 [INFO] Use cores : 11
2023-05-26 15:00:58,439 [INFO] Start Learning model
2023-05-26 15:00:58,439 [INFO] Train : 511 | Valid : 120
2023-05-26 15:00:58,439 [INFO] Set parameters : {'kernel': ['linear', 'rbf'], 'C': [0.01, 0.1, 1, 10, 100, 1000], 'gamma': [0.01, 0.1, 1, 100, 1000]}
2023-05-26 15:01:05,545 [INFO] GridSearchCV results :
    mean_valid_accuracy  mean_valid_precision  mean_valid_auc
53             0.910294              1.000000        0.897431
23             0.890686              1.000000        0.874901
21             0.976735              1.000000        0.973419
11             0.875038              1.000000        0.856917
43             0.910294              1.000000        0.897431
33             0.910294              1.000000        0.897431
6              0.961124              0.995652        0.955983
8              0.961124              0.995652        0.955983
41             0.984502              0.995652        0.982861
4              0.961124              0.995652        0.955983
51             0.984502              0.995652        0.982861
31             0.984502              0.995652        0.982861
2              0.961124              0.995652        0.955983
0              0.961124              0.995652        0.955983
34             0.974736              0.976950        0.973692
36             0.974736              0.976950        0.973692
38             0.974736              0.976950        0.973692
40             0.974736              0.976950        0.973692
48             0.974736              0.976950        0.973692
42             0.974736              0.976950        0.973692
44             0.974736              0.976950        0.973692
46             0.974736              0.976950        0.973692
50             0.974736              0.976950        0.973692
52             0.974736              0.976950        0.973692
54             0.974736              0.976950        0.973692
56             0.974736              0.976950        0.973692
58             0.974736              0.976950        0.973692
32             0.974736              0.976950        0.973692
30             0.974736              0.976950        0.973692
16             0.974736              0.976950        0.973692
24             0.974736              0.976950        0.973692
12             0.974736              0.976950        0.973692
10             0.974736              0.976950        0.973692
18             0.974736              0.976950        0.973692
20             0.974736              0.976950        0.973692
14             0.974736              0.976950        0.973692
22             0.974736              0.976950        0.973692
26             0.974736              0.976950        0.973692
28             0.974736              0.976950        0.973692
55             0.565573              0.000000        0.500000
5              0.565573              0.000000        0.500000
7              0.565573              0.000000        0.500000
57             0.565573              0.000000        0.500000
9              0.565573              0.000000        0.500000
3              0.565573              0.000000        0.500000
13             0.565573              0.000000        0.500000
49             0.565573              0.000000        0.500000
29             0.565573              0.000000        0.500000
47             0.565573              0.000000        0.500000
15             0.565573              0.000000        0.500000
45             0.565573              0.000000        0.500000
1              0.565573              0.000000        0.500000
17             0.565573              0.000000        0.500000
19             0.565573              0.000000        0.500000
39             0.565573              0.000000        0.500000
37             0.565573              0.000000        0.500000
35             0.565573              0.000000        0.500000
25             0.565573              0.000000        0.500000
27             0.565573              0.000000        0.500000
59             0.565573              0.000000        0.500000
2023-05-26 15:01:05,547 [INFO] Best model :
SVC(C=0.1, gamma=0.01, random_state=42)
2023-05-26 15:01:05,602 [INFO] Save train_prediction_log data...
2023-05-26 15:01:05,607 [INFO] {'Data': 'train', 'ACC': '0.9 (460 / 511)', 'TP': 171, 'FP': 0, 'FN': 51, 'TN': 289, 'Precision': '1.0 (171 / 171 + 0)', 'Recall': '0.77 (171 / 171 + 51)', 'F1': '0.87 (2 * (0.77 * 1.0) / 0.77 + 1.0)', 'Specificity': '1.0 (289 / 289 + 0)', 'AUC': 0.89, 'r2': 0.59}
2023-05-26 15:01:05,625 [INFO] Save valid_prediction_log data...
2023-05-26 15:01:05,628 [INFO] {'Data': 'valid', 'ACC': '1.0 (120 / 120)', 'TP': 48, 'FP': 0, 'FN': 0, 'TN': 72, 'Precision': '1.0 (48 / 48 + 0)', 'Recall': '1.0 (48 / 48 + 0)', 'F1': '1.0 (2 * (1.0 * 1.0) / 1.0 + 1.0)', 'Specificity': '1.0 (72 / 72 + 0)', 'AUC': 1.0, 'r2': 1.0}
2023-05-26 15:01:05,658 [INFO] Save test_prediction_log data...
2023-05-26 15:01:05,662 [INFO] {'Data': 'test', 'ACC': '0.68 (81 / 120)', 'TP': 10, 'FP': 1, 'FN': 38, 'TN': 71, 'Precision': '0.91 (10 / 10 + 1)', 'Recall': '0.21 (10 / 10 + 38)', 'F1': '0.34 (2 * (0.21 * 0.91) / 0.21 + 0.91)', 'Specificity': '0.99 (71 / 71 + 1)', 'AUC': 0.6, 'r2': -0.35}
2023-05-26 15:01:05,665 [INFO] Save training_log data...
2023-05-26 15:01:05,667 [INFO] Save score_log data...
2023-05-26 15:01:05,668 [INFO] Time : 7.268410682678223
