2023-05-29 04:24:20,050 [INFO] Train data : Vary_params_BRAF_MK14\DUD-E\BRAF\nG1_20\ECFP6_512bits\Robust\BRAF_train_vector.tsv
2023-05-29 04:24:20,050 [INFO] Valid data : Vary_params_BRAF_MK14\DUD-E\BRAF\nG1_20\ECFP6_512bits\Robust\BRAF_valid_vector.tsv
2023-05-29 04:24:20,050 [INFO] Output path : Vary_params_BRAF_MK14\DUD-E\BRAF\nG1_20\ECFP6_512bits\Robust\BRAF_model\SVM
2023-05-29 04:24:20,050 [INFO] Model type : SVM
2023-05-29 04:24:20,050 [INFO] Use cores : 12
2023-05-29 04:24:20,075 [INFO] Start Learning model
2023-05-29 04:24:20,075 [INFO] Train : 231 | Valid : 50
2023-05-29 04:24:20,076 [INFO] Set parameters : {'kernel': ['linear', 'rbf'], 'C': [0.01, 0.1, 1, 10, 100, 1000], 'gamma': [0.01, 0.1, 1, 100, 1000]}
2023-05-29 04:24:23,523 [INFO] GridSearchCV results :
    mean_valid_accuracy  mean_valid_precision  mean_valid_auc
0              0.956703              0.933858        0.957896
20             0.956703              0.933858        0.957896
24             0.956703              0.933858        0.957896
26             0.956703              0.933858        0.957896
28             0.956703              0.933858        0.957896
32             0.956703              0.933858        0.957896
34             0.956703              0.933858        0.957896
36             0.956703              0.933858        0.957896
38             0.956703              0.933858        0.957896
40             0.956703              0.933858        0.957896
42             0.956703              0.933858        0.957896
44             0.956703              0.933858        0.957896
46             0.956703              0.933858        0.957896
48             0.956703              0.933858        0.957896
50             0.956703              0.933858        0.957896
52             0.956703              0.933858        0.957896
54             0.956703              0.933858        0.957896
56             0.956703              0.933858        0.957896
58             0.956703              0.933858        0.957896
22             0.956703              0.933858        0.957896
30             0.956703              0.933858        0.957896
10             0.956703              0.933858        0.957896
2              0.956703              0.933858        0.957896
18             0.956703              0.933858        0.957896
8              0.956703              0.933858        0.957896
16             0.956703              0.933858        0.957896
4              0.956703              0.933858        0.957896
12             0.956703              0.933858        0.957896
6              0.956703              0.933858        0.957896
14             0.956703              0.933858        0.957896
49             0.523732              0.000000        0.500000
9              0.523732              0.000000        0.500000
45             0.523732              0.000000        0.500000
47             0.523732              0.000000        0.500000
7              0.523732              0.000000        0.500000
21             0.523732              0.000000        0.500000
43             0.523732              0.000000        0.500000
5              0.523732              0.000000        0.500000
53             0.523732              0.000000        0.500000
55             0.523732              0.000000        0.500000
3              0.523732              0.000000        0.500000
57             0.523732              0.000000        0.500000
51             0.523732              0.000000        0.500000
11             0.523732              0.000000        0.500000
41             0.523732              0.000000        0.500000
19             0.523732              0.000000        0.500000
39             0.523732              0.000000        0.500000
37             0.523732              0.000000        0.500000
13             0.523732              0.000000        0.500000
35             0.523732              0.000000        0.500000
33             0.523732              0.000000        0.500000
15             0.523732              0.000000        0.500000
31             0.523732              0.000000        0.500000
1              0.523732              0.000000        0.500000
29             0.523732              0.000000        0.500000
27             0.523732              0.000000        0.500000
17             0.523732              0.000000        0.500000
25             0.523732              0.000000        0.500000
23             0.523732              0.000000        0.500000
59             0.523732              0.000000        0.500000
2023-05-29 04:24:23,524 [INFO] Best model :
SVC(C=0.01, gamma=0.01, kernel='linear', random_state=42)
2023-05-29 04:24:23,531 [INFO] Save train_prediction_log data...
2023-05-29 04:24:23,534 [INFO] {'Data': 'train', 'ACC': '1.0 (231 / 231)', 'TP': 110, 'FP': 0, 'FN': 0, 'TN': 121, 'Precision': '1.0 (110 / 110 + 0)', 'Recall': '1.0 (110 / 110 + 0)', 'F1': '1.0 (2 * (1.0 * 1.0) / 1.0 + 1.0)', 'Specificity': '1.0 (121 / 121 + 0)', 'AUC': 1.0, 'r2': 1.0}
2023-05-29 04:24:23,539 [INFO] Save valid_prediction_log data...
2023-05-29 04:24:23,540 [INFO] {'Data': 'valid', 'ACC': '0.96 (48 / 50)', 'TP': 20, 'FP': 2, 'FN': 0, 'TN': 28, 'Precision': '0.91 (20 / 20 + 2)', 'Recall': '1.0 (20 / 20 + 0)', 'F1': '0.95 (2 * (1.0 * 0.91) / 1.0 + 0.91)', 'Specificity': '0.93 (28 / 28 + 2)', 'AUC': 0.97, 'r2': 0.83}
2023-05-29 04:24:23,554 [INFO] Save test_prediction_log data...
2023-05-29 04:24:23,556 [INFO] {'Data': 'test', 'ACC': '0.64 (32 / 50)', 'TP': 10, 'FP': 8, 'FN': 10, 'TN': 22, 'Precision': '0.56 (10 / 10 + 8)', 'Recall': '0.5 (10 / 10 + 10)', 'F1': '0.53 (2 * (0.5 * 0.56) / 0.5 + 0.56)', 'Specificity': '0.73 (22 / 22 + 8)', 'AUC': 0.62, 'r2': -0.5}
2023-05-29 04:24:23,558 [INFO] Save training_log data...
2023-05-29 04:24:23,559 [INFO] Save score_log data...
2023-05-29 04:24:23,560 [INFO] Time : 3.509789228439331
