2023-05-28 13:33:54,435 [INFO] Train data : Vary_params\DUD-E\FAK1\nG1_20\ECFP4_256bits\Standard\FAK1_train_vector.tsv
2023-05-28 13:33:54,435 [INFO] Valid data : Vary_params\DUD-E\FAK1\nG1_20\ECFP4_256bits\Standard\FAK1_valid_vector.tsv
2023-05-28 13:33:54,435 [INFO] Output path : Vary_params\DUD-E\FAK1\nG1_20\ECFP4_256bits\Standard\FAK1_model\SVM
2023-05-28 13:33:54,436 [INFO] Model type : SVM
2023-05-28 13:33:54,436 [INFO] Use cores : 11
2023-05-28 13:33:54,454 [INFO] Start Learning model
2023-05-28 13:33:54,454 [INFO] Train : 123 | Valid : 23
2023-05-28 13:33:54,454 [INFO] Set parameters : {'kernel': ['linear', 'rbf'], 'C': [0.01, 0.1, 1, 10, 100, 1000], 'gamma': [0.01, 0.1, 1, 100, 1000]}
2023-05-28 13:33:57,695 [INFO] GridSearchCV results :
    mean_valid_accuracy  mean_valid_precision  mean_valid_auc
0              0.991667              1.000000        0.992857
22             0.991667              1.000000        0.992857
26             0.991667              1.000000        0.992857
28             0.991667              1.000000        0.992857
31             0.968590              1.000000        0.971429
32             0.991667              1.000000        0.992857
34             0.991667              1.000000        0.992857
36             0.991667              1.000000        0.992857
38             0.991667              1.000000        0.992857
40             0.991667              1.000000        0.992857
41             0.968590              1.000000        0.971429
42             0.991667              1.000000        0.992857
44             0.991667              1.000000        0.992857
46             0.991667              1.000000        0.992857
48             0.991667              1.000000        0.992857
50             0.991667              1.000000        0.992857
51             0.968590              1.000000        0.971429
52             0.991667              1.000000        0.992857
54             0.991667              1.000000        0.992857
56             0.991667              1.000000        0.992857
58             0.991667              1.000000        0.992857
24             0.991667              1.000000        0.992857
30             0.991667              1.000000        0.992857
12             0.991667              1.000000        0.992857
2              0.991667              1.000000        0.992857
20             0.991667              1.000000        0.992857
21             0.968590              1.000000        0.971429
4              0.991667              1.000000        0.992857
18             0.991667              1.000000        0.992857
8              0.991667              1.000000        0.992857
10             0.991667              1.000000        0.992857
16             0.991667              1.000000        0.992857
6              0.991667              1.000000        0.992857
14             0.991667              1.000000        0.992857
49             0.544872              0.544872        0.500000
9              0.544872              0.544872        0.500000
47             0.544872              0.544872        0.500000
5              0.544872              0.544872        0.500000
7              0.544872              0.544872        0.500000
53             0.544872              0.544872        0.500000
55             0.544872              0.544872        0.500000
3              0.544872              0.544872        0.500000
57             0.544872              0.544872        0.500000
45             0.544872              0.544872        0.500000
23             0.544872              0.544872        0.500000
43             0.544872              0.544872        0.500000
11             0.544872              0.544872        0.500000
13             0.544872              0.544872        0.500000
39             0.544872              0.544872        0.500000
37             0.544872              0.544872        0.500000
15             0.544872              0.544872        0.500000
35             0.544872              0.544872        0.500000
33             0.544872              0.544872        0.500000
17             0.544872              0.544872        0.500000
1              0.544872              0.544872        0.500000
29             0.544872              0.544872        0.500000
19             0.544872              0.544872        0.500000
27             0.544872              0.544872        0.500000
25             0.544872              0.544872        0.500000
59             0.544872              0.544872        0.500000
2023-05-28 13:33:57,704 [INFO] Best model :
SVC(C=0.01, gamma=0.01, kernel='linear', random_state=42)
2023-05-28 13:33:57,708 [INFO] Save train_prediction_log data...
2023-05-28 13:33:57,712 [INFO] {'Data': 'train', 'ACC': '1.0 (123 / 123)', 'TP': 67, 'FP': 0, 'FN': 0, 'TN': 56, 'Precision': '1.0 (67 / 67 + 0)', 'Recall': '1.0 (67 / 67 + 0)', 'F1': '1.0 (2 * (1.0 * 1.0) / 1.0 + 1.0)', 'Specificity': '1.0 (56 / 56 + 0)', 'AUC': 1.0, 'r2': 1.0}
2023-05-28 13:33:57,718 [INFO] Save valid_prediction_log data...
2023-05-28 13:33:57,722 [INFO] {'Data': 'valid', 'ACC': '1.0 (23 / 23)', 'TP': 9, 'FP': 0, 'FN': 0, 'TN': 14, 'Precision': '1.0 (9 / 9 + 0)', 'Recall': '1.0 (9 / 9 + 0)', 'F1': '1.0 (2 * (1.0 * 1.0) / 1.0 + 1.0)', 'Specificity': '1.0 (14 / 14 + 0)', 'AUC': 1.0, 'r2': 1.0}
2023-05-28 13:33:57,735 [INFO] Save test_prediction_log data...
2023-05-28 13:33:57,739 [INFO] {'Data': 'test', 'ACC': '0.65 (15 / 23)', 'TP': 2, 'FP': 1, 'FN': 7, 'TN': 13, 'Precision': '0.67 (2 / 2 + 1)', 'Recall': '0.22 (2 / 2 + 7)', 'F1': '0.33 (2 * (0.22 * 0.67) / 0.22 + 0.67)', 'Specificity': '0.93 (13 / 13 + 1)', 'AUC': 0.58, 'r2': -0.46}
2023-05-28 13:33:57,740 [INFO] Save training_log data...
2023-05-28 13:33:57,743 [INFO] Save score_log data...
2023-05-28 13:33:57,744 [INFO] Time : 3.3089680671691895
