2023-05-26 12:21:00,005 [INFO] Train data : Vary_params\DUD-E\MAPK2\nG1_20\ECFP4_512bits\Standard\MAPK2_train_vector.tsv
2023-05-26 12:21:00,005 [INFO] Valid data : Vary_params\DUD-E\MAPK2\nG1_20\ECFP4_512bits\Standard\MAPK2_valid_vector.tsv
2023-05-26 12:21:00,005 [INFO] Output path : Vary_params\DUD-E\MAPK2\nG1_20\ECFP4_512bits\Standard\MAPK2_model\MLP
2023-05-26 12:21:00,006 [INFO] Model type : MLP
2023-05-26 12:21:00,006 [INFO] Use cores : 10
2023-05-26 12:21:00,041 [INFO] Start Learning model
2023-05-26 12:21:00,041 [INFO] Train : 132 | Valid : 25
2023-05-26 12:21:00,042 [INFO] Set parameters : {'hidden_layer_sizes': [(50,), (100,), (50, 50), (100, 100)], 'learning_rate': ['constant', 'invscaling', 'adaptive'], 'activation': ['relu', 'identity', 'logistic', 'tanh'], 'solver': ['adam', 'sgd', 'lbfgs'], 'alpha': [0.1, 0.01, 0.001], 'max_iter': [500, 1000], 'early_stopping': [True]}
2023-05-26 12:22:52,540 [INFO] GridSearchCV results :
     mean_valid_accuracy  mean_valid_precision  mean_valid_auc
536             0.962088                   1.0        0.964286
596             0.962088                   1.0        0.964286
530             0.962088                   1.0        0.964286
527             0.962088                   1.0        0.964286
524             0.962088                   1.0        0.964286
..                   ...                   ...             ...
612             0.462088                   0.0        0.500000
613             0.462088                   0.0        0.500000
615             0.462088                   0.0        0.500000
616             0.462088                   0.0        0.500000
624             0.462088                   0.0        0.500000

[864 rows x 3 columns]
2023-05-26 12:22:52,541 [INFO] Best model :
MLPClassifier(activation='logistic', alpha=0.1, early_stopping=True,
              hidden_layer_sizes=(100, 100), max_iter=500, random_state=42,
              solver='lbfgs')
2023-05-26 12:22:52,547 [INFO] Save train_prediction_log data...
2023-05-26 12:22:52,550 [INFO] {'Data': 'train', 'ACC': '1.0 (132 / 132)', 'TP': 71, 'FP': 0, 'FN': 0, 'TN': 61, 'Precision': '1.0 (71 / 71 + 0)', 'Recall': '1.0 (71 / 71 + 0)', 'F1': '1.0 (2 * (1.0 * 1.0) / 1.0 + 1.0)', 'Specificity': '1.0 (61 / 61 + 0)', 'AUC': 1.0, 'r2': 1.0}
2023-05-26 12:22:52,555 [INFO] Save valid_prediction_log data...
2023-05-26 12:22:52,557 [INFO] {'Data': 'valid', 'ACC': '1.0 (25 / 25)', 'TP': 10, 'FP': 0, 'FN': 0, 'TN': 15, 'Precision': '1.0 (10 / 10 + 0)', 'Recall': '1.0 (10 / 10 + 0)', 'F1': '1.0 (2 * (1.0 * 1.0) / 1.0 + 1.0)', 'Specificity': '1.0 (15 / 15 + 0)', 'AUC': 1.0, 'r2': 1.0}
2023-05-26 12:22:52,572 [INFO] Save test_prediction_log data...
2023-05-26 12:22:52,576 [INFO] {'Data': 'test', 'ACC': '0.84 (21 / 25)', 'TP': 7, 'FP': 1, 'FN': 3, 'TN': 14, 'Precision': '0.88 (7 / 7 + 1)', 'Recall': '0.7 (7 / 7 + 3)', 'F1': '0.78 (2 * (0.7 * 0.88) / 0.7 + 0.88)', 'Specificity': '0.93 (14 / 14 + 1)', 'AUC': 0.82, 'r2': 0.33}
2023-05-26 12:22:52,579 [INFO] Save training_log data...
2023-05-26 12:22:52,583 [INFO] Save score_log data...
2023-05-26 12:22:52,584 [INFO] Time : 112.57900404930115
