2023-05-27 20:54:13,217 [INFO] Train data : Vary_params_CDK2_EGFR_LCK\DUD-E\CDK2\nG1_50\ECFP4_512bits\MinMax\CDK2_train_vector.tsv
2023-05-27 20:54:13,217 [INFO] Valid data : Vary_params_CDK2_EGFR_LCK\DUD-E\CDK2\nG1_50\ECFP4_512bits\MinMax\CDK2_valid_vector.tsv
2023-05-27 20:54:13,217 [INFO] Output path : Vary_params_CDK2_EGFR_LCK\DUD-E\CDK2\nG1_50\ECFP4_512bits\MinMax\CDK2_model\XGB
2023-05-27 20:54:13,217 [INFO] Model type : XGB
2023-05-27 20:54:13,217 [INFO] Use cores : 19
2023-05-27 20:54:13,252 [INFO] Start Learning model
2023-05-27 20:54:13,252 [INFO] Train : 848 | Valid : 212
2023-05-27 20:54:13,254 [INFO] Set parameters : {'max_depth': [4, 6, 8], 'learning_rate': [0.01, 0.2], 'n_estimators': [200, 600, 1000], 'gamma': [0, 1000], 'min_child_weight': [1, 3], 'subsample': [0.5, 1], 'colsample_bytree': [0.5, 1], 'objective': ['binary:logitraw'], 'eval_metric': ['auc', 'error']}
2023-05-27 21:22:39,879 [INFO] GridSearchCV results :
     mean_valid_accuracy  mean_valid_precision  mean_valid_auc
29              0.955140              0.971503        0.948975
173             0.955140              0.971503        0.948975
160             0.955154              0.970938        0.948975
16              0.955154              0.970938        0.948975
14              0.949258              0.970023        0.941578
..                   ...                   ...             ...
379             0.600238              0.000000        0.500000
378             0.600238              0.000000        0.500000
377             0.600238              0.000000        0.500000
376             0.600238              0.000000        0.500000
575             0.600238              0.000000        0.500000

[576 rows x 3 columns]
2023-05-27 21:22:39,880 [INFO] Best model :
XGBClassifier(base_score=None, booster=None, callbacks=None,
              colsample_bylevel=None, colsample_bynode=None,
              colsample_bytree=0.5, early_stopping_rounds=None,
              enable_categorical=False, eval_metric='auc', feature_types=None,
              gamma=0, gpu_id=None, grow_policy=None, importance_type=None,
              interaction_constraints=None, learning_rate=0.01, max_bin=None,
              max_cat_threshold=None, max_cat_to_onehot=None,
              max_delta_step=None, max_depth=8, max_leaves=None,
              min_child_weight=1, missing=nan, monotone_constraints=None,
              n_estimators=1000, n_jobs=0, num_parallel_tree=None,
              objective='binary:logitraw', predictor=None, ...)
2023-05-27 21:22:39,900 [INFO] Save train_prediction_log data...
2023-05-27 21:22:39,905 [INFO] {'Data': 'train', 'ACC': '1.0 (848 / 848)', 'TP': 339, 'FP': 0, 'FN': 0, 'TN': 509, 'Precision': '1.0 (339 / 339 + 0)', 'Recall': '1.0 (339 / 339 + 0)', 'F1': '1.0 (2 * (1.0 * 1.0) / 1.0 + 1.0)', 'Specificity': '1.0 (509 / 509 + 0)', 'AUC': 1.0, 'r2': 1.0}
2023-05-27 21:22:39,921 [INFO] Save valid_prediction_log data...
2023-05-27 21:22:39,924 [INFO] {'Data': 'valid', 'ACC': '0.99 (210 / 212)', 'TP': 85, 'FP': 2, 'FN': 0, 'TN': 125, 'Precision': '0.98 (85 / 85 + 2)', 'Recall': '1.0 (85 / 85 + 0)', 'F1': '0.99 (2 * (1.0 * 0.98) / 1.0 + 0.98)', 'Specificity': '0.98 (125 / 125 + 2)', 'AUC': 0.99, 'r2': 0.96}
2023-05-27 21:22:39,957 [INFO] Save test_prediction_log data...
2023-05-27 21:22:39,960 [INFO] {'Data': 'test', 'ACC': '0.65 (137 / 212)', 'TP': 70, 'FP': 60, 'FN': 15, 'TN': 67, 'Precision': '0.54 (70 / 70 + 60)', 'Recall': '0.82 (70 / 70 + 15)', 'F1': '0.65 (2 * (0.82 * 0.54) / 0.82 + 0.54)', 'Specificity': '0.53 (67 / 67 + 60)', 'AUC': 0.68, 'r2': -0.47}
2023-05-27 21:22:39,982 [INFO] Save training_log data...
2023-05-27 21:22:39,988 [INFO] Save score_log data...
2023-05-27 21:22:39,989 [INFO] Time : 1706.7715599536896
