2023-05-27 21:49:50,745 [INFO] Train data : Vary_params_CDK2_EGFR_LCK\DUD-E\CDK2\nG1_50\ECFP6_256bits\Robust\CDK2_train_vector.tsv
2023-05-27 21:49:50,745 [INFO] Valid data : Vary_params_CDK2_EGFR_LCK\DUD-E\CDK2\nG1_50\ECFP6_256bits\Robust\CDK2_valid_vector.tsv
2023-05-27 21:49:50,746 [INFO] Output path : Vary_params_CDK2_EGFR_LCK\DUD-E\CDK2\nG1_50\ECFP6_256bits\Robust\CDK2_model\MLP
2023-05-27 21:49:50,746 [INFO] Model type : MLP
2023-05-27 21:49:50,746 [INFO] Use cores : 19
2023-05-27 21:49:50,766 [INFO] Start Learning model
2023-05-27 21:49:50,766 [INFO] Train : 848 | Valid : 212
2023-05-27 21:49:50,766 [INFO] Set parameters : {'hidden_layer_sizes': [(50,), (100,), (50, 50), (100, 100)], 'learning_rate': ['constant', 'invscaling', 'adaptive'], 'activation': ['relu', 'identity', 'logistic', 'tanh'], 'solver': ['adam', 'sgd', 'lbfgs'], 'alpha': [0.1, 0.01, 0.001], 'max_iter': [500, 1000], 'early_stopping': [True]}
2023-05-27 21:58:00,886 [INFO] GridSearchCV results :
     mean_valid_accuracy  mean_valid_precision  mean_valid_auc
531             0.818403              0.868357        0.789920
609             0.818403              0.868357        0.789920
603             0.818403              0.868357        0.789920
534             0.818403              0.868357        0.789920
600             0.818403              0.868357        0.789920
..                   ...                   ...             ...
544             0.594342              0.147619        0.497039
469             0.594342              0.147619        0.497039
541             0.594342              0.147619        0.497039
472             0.594342              0.147619        0.497039
553             0.594342              0.147619        0.497039

[864 rows x 3 columns]
2023-05-27 21:58:00,886 [INFO] Best model :
MLPClassifier(activation='logistic', alpha=0.01, early_stopping=True,
              max_iter=500, random_state=42)
2023-05-27 21:58:00,895 [INFO] Save train_prediction_log data...
2023-05-27 21:58:00,898 [INFO] {'Data': 'train', 'ACC': '0.97 (820 / 848)', 'TP': 318, 'FP': 7, 'FN': 21, 'TN': 502, 'Precision': '0.98 (318 / 318 + 7)', 'Recall': '0.94 (318 / 318 + 21)', 'F1': '0.96 (2 * (0.94 * 0.98) / 0.94 + 0.98)', 'Specificity': '0.99 (502 / 502 + 7)', 'AUC': 0.96, 'r2': 0.86}
2023-05-27 21:58:00,907 [INFO] Save valid_prediction_log data...
2023-05-27 21:58:00,912 [INFO] {'Data': 'valid', 'ACC': '0.86 (183 / 212)', 'TP': 74, 'FP': 18, 'FN': 11, 'TN': 109, 'Precision': '0.8 (74 / 74 + 18)', 'Recall': '0.87 (74 / 74 + 11)', 'F1': '0.83 (2 * (0.87 * 0.8) / 0.87 + 0.8)', 'Specificity': '0.86 (109 / 109 + 18)', 'AUC': 0.86, 'r2': 0.43}
2023-05-27 21:58:00,924 [INFO] Save test_prediction_log data...
2023-05-27 21:58:00,926 [INFO] {'Data': 'test', 'ACC': '0.59 (126 / 212)', 'TP': 34, 'FP': 35, 'FN': 51, 'TN': 92, 'Precision': '0.49 (34 / 34 + 35)', 'Recall': '0.4 (34 / 34 + 51)', 'F1': '0.44 (2 * (0.4 * 0.49) / 0.4 + 0.49)', 'Specificity': '0.72 (92 / 92 + 35)', 'AUC': 0.56, 'r2': -0.69}
2023-05-27 21:58:00,929 [INFO] Save training_log data...
2023-05-27 21:58:00,934 [INFO] Save score_log data...
2023-05-27 21:58:00,935 [INFO] Time : 490.1902611255646
