2023-05-26 12:04:08,872 [INFO] Train data : Vary_params\DUD-E\MAPK2\nG1_20\ECFP4_512bits\Robust\MAPK2_train_vector.tsv
2023-05-26 12:04:08,872 [INFO] Valid data : Vary_params\DUD-E\MAPK2\nG1_20\ECFP4_512bits\Robust\MAPK2_valid_vector.tsv
2023-05-26 12:04:08,872 [INFO] Output path : Vary_params\DUD-E\MAPK2\nG1_20\ECFP4_512bits\Robust\MAPK2_model\MLP
2023-05-26 12:04:08,872 [INFO] Model type : MLP
2023-05-26 12:04:08,872 [INFO] Use cores : 10
2023-05-26 12:04:08,894 [INFO] Start Learning model
2023-05-26 12:04:08,894 [INFO] Train : 132 | Valid : 25
2023-05-26 12:04:08,894 [INFO] Set parameters : {'hidden_layer_sizes': [(50,), (100,), (50, 50), (100, 100)], 'learning_rate': ['constant', 'invscaling', 'adaptive'], 'activation': ['relu', 'identity', 'logistic', 'tanh'], 'solver': ['adam', 'sgd', 'lbfgs'], 'alpha': [0.1, 0.01, 0.001], 'max_iter': [500, 1000], 'early_stopping': [True]}
2023-05-26 12:06:19,752 [INFO] GridSearchCV results :
     mean_valid_accuracy  mean_valid_precision  mean_valid_auc
644             0.962088                0.9875        0.963095
506             0.969231                0.9875        0.970238
521             0.969231                0.9875        0.970238
641             0.962088                0.9875        0.963095
578             0.969231                0.9875        0.970238
..                   ...                   ...             ...
469             0.462088                0.0000        0.500000
634             0.462088                0.0000        0.500000
613             0.462088                0.0000        0.500000
549             0.462088                0.0000        0.500000
547             0.462088                0.0000        0.500000

[864 rows x 3 columns]
2023-05-26 12:06:19,753 [INFO] Best model :
MLPClassifier(activation='logistic', alpha=0.01, early_stopping=True,
              hidden_layer_sizes=(50,), max_iter=500, random_state=42,
              solver='lbfgs')
2023-05-26 12:06:19,759 [INFO] Save train_prediction_log data...
2023-05-26 12:06:19,762 [INFO] {'Data': 'train', 'ACC': '1.0 (132 / 132)', 'TP': 71, 'FP': 0, 'FN': 0, 'TN': 61, 'Precision': '1.0 (71 / 71 + 0)', 'Recall': '1.0 (71 / 71 + 0)', 'F1': '1.0 (2 * (1.0 * 1.0) / 1.0 + 1.0)', 'Specificity': '1.0 (61 / 61 + 0)', 'AUC': 1.0, 'r2': 1.0}
2023-05-26 12:06:19,767 [INFO] Save valid_prediction_log data...
2023-05-26 12:06:19,768 [INFO] {'Data': 'valid', 'ACC': '0.96 (24 / 25)', 'TP': 10, 'FP': 1, 'FN': 0, 'TN': 14, 'Precision': '0.91 (10 / 10 + 1)', 'Recall': '1.0 (10 / 10 + 0)', 'F1': '0.95 (2 * (1.0 * 0.91) / 1.0 + 0.91)', 'Specificity': '0.93 (14 / 14 + 1)', 'AUC': 0.97, 'r2': 0.83}
2023-05-26 12:06:19,781 [INFO] Save test_prediction_log data...
2023-05-26 12:06:19,786 [INFO] {'Data': 'test', 'ACC': '0.64 (16 / 25)', 'TP': 6, 'FP': 5, 'FN': 4, 'TN': 10, 'Precision': '0.55 (6 / 6 + 5)', 'Recall': '0.6 (6 / 6 + 4)', 'F1': '0.57 (2 * (0.6 * 0.55) / 0.6 + 0.55)', 'Specificity': '0.67 (10 / 10 + 5)', 'AUC': 0.63, 'r2': -0.5}
2023-05-26 12:06:19,788 [INFO] Save training_log data...
2023-05-26 12:06:19,793 [INFO] Save score_log data...
2023-05-26 12:06:19,794 [INFO] Time : 130.9229371547699
