2023-05-30 18:43:41,720 [INFO] Train data : Vary_params_BRAF_MK14\DUD-E\MK14\nG1_80\ECFP4_256bits\MinMax\MK14_train_vector.tsv
2023-05-30 18:43:41,720 [INFO] Valid data : Vary_params_BRAF_MK14\DUD-E\MK14\nG1_80\ECFP4_256bits\MinMax\MK14_valid_vector.tsv
2023-05-30 18:43:41,720 [INFO] Output path : Vary_params_BRAF_MK14\DUD-E\MK14\nG1_80\ECFP4_256bits\MinMax\MK14_model\SVM
2023-05-30 18:43:41,721 [INFO] Model type : SVM
2023-05-30 18:43:41,721 [INFO] Use cores : 10
2023-05-30 18:43:41,745 [INFO] Start Learning model
2023-05-30 18:43:41,746 [INFO] Train : 871 | Valid : 225
2023-05-30 18:43:41,746 [INFO] Set parameters : {'kernel': ['linear', 'rbf'], 'C': [0.01, 0.1, 1, 10, 100, 1000], 'gamma': [0.01, 0.1, 1, 100, 1000]}
2023-05-30 18:43:47,432 [INFO] GridSearchCV results :
    mean_valid_accuracy  mean_valid_precision  mean_valid_auc
53             0.890948              1.000000        0.856061
43             0.890948              1.000000        0.856061
23             0.873746              1.000000        0.833333
33             0.890948              1.000000        0.856061
11             0.820912              1.000000        0.763636
21             0.974765              0.975824        0.971397
31             0.971304              0.959456        0.970370
41             0.971304              0.959456        0.970370
51             0.971304              0.959456        0.970370
0              0.959848              0.954857        0.955825
6              0.959848              0.954857        0.955825
2              0.959848              0.954857        0.955825
4              0.959848              0.954857        0.955825
8              0.959848              0.954857        0.955825
10             0.956361              0.933572        0.955993
18             0.956361              0.933572        0.955993
16             0.956361              0.933572        0.955993
14             0.956361              0.933572        0.955993
12             0.956361              0.933572        0.955993
50             0.946029              0.918409        0.945892
54             0.946029              0.918409        0.945892
48             0.946029              0.918409        0.945892
46             0.946029              0.918409        0.945892
44             0.946029              0.918409        0.945892
52             0.946029              0.918409        0.945892
58             0.946029              0.918409        0.945892
42             0.946029              0.918409        0.945892
40             0.946029              0.918409        0.945892
38             0.946029              0.918409        0.945892
36             0.946029              0.918409        0.945892
34             0.946029              0.918409        0.945892
56             0.946029              0.918409        0.945892
30             0.946029              0.918409        0.945892
32             0.946029              0.918409        0.945892
28             0.946029              0.918409        0.945892
22             0.946029              0.918409        0.945892
24             0.946029              0.918409        0.945892
26             0.946029              0.918409        0.945892
20             0.946029              0.918409        0.945892
39             0.621121              0.000000        0.500000
17             0.621121              0.000000        0.500000
3              0.621121              0.000000        0.500000
57             0.621121              0.000000        0.500000
5              0.621121              0.000000        0.500000
55             0.621121              0.000000        0.500000
7              0.621121              0.000000        0.500000
9              0.621121              0.000000        0.500000
13             0.621121              0.000000        0.500000
15             0.621121              0.000000        0.500000
49             0.621121              0.000000        0.500000
27             0.621121              0.000000        0.500000
19             0.621121              0.000000        0.500000
47             0.621121              0.000000        0.500000
1              0.621121              0.000000        0.500000
45             0.621121              0.000000        0.500000
35             0.621121              0.000000        0.500000
29             0.621121              0.000000        0.500000
25             0.621121              0.000000        0.500000
37             0.621121              0.000000        0.500000
59             0.621121              0.000000        0.500000
2023-05-30 18:43:47,433 [INFO] Best model :
SVC(C=0.1, gamma=0.01, random_state=42)
2023-05-30 18:43:47,508 [INFO] Save train_prediction_log data...
2023-05-30 18:43:47,512 [INFO] {'Data': 'train', 'ACC': '0.88 (768 / 871)', 'TP': 227, 'FP': 0, 'FN': 103, 'TN': 541, 'Precision': '1.0 (227 / 227 + 0)', 'Recall': '0.69 (227 / 227 + 103)', 'F1': '0.82 (2 * (0.69 * 1.0) / 0.69 + 1.0)', 'Specificity': '1.0 (541 / 541 + 0)', 'AUC': 0.84, 'r2': 0.5}
2023-05-30 18:43:47,533 [INFO] Save valid_prediction_log data...
2023-05-30 18:43:47,554 [INFO] {'Data': 'valid', 'ACC': '0.94 (211 / 225)', 'TP': 76, 'FP': 0, 'FN': 14, 'TN': 135, 'Precision': '1.0 (76 / 76 + 0)', 'Recall': '0.84 (76 / 76 + 14)', 'F1': '0.91 (2 * (0.84 * 1.0) / 0.84 + 1.0)', 'Specificity': '1.0 (135 / 135 + 0)', 'AUC': 0.92, 'r2': 0.74}
2023-05-30 18:43:47,582 [INFO] Save test_prediction_log data...
2023-05-30 18:43:47,584 [INFO] {'Data': 'test', 'ACC': '0.66 (148 / 225)', 'TP': 36, 'FP': 23, 'FN': 54, 'TN': 112, 'Precision': '0.61 (36 / 36 + 23)', 'Recall': '0.4 (36 / 36 + 54)', 'F1': '0.48 (2 * (0.4 * 0.61) / 0.4 + 0.61)', 'Specificity': '0.83 (112 / 112 + 23)', 'AUC': 0.61, 'r2': -0.43}
2023-05-30 18:43:47,586 [INFO] Save training_log data...
2023-05-30 18:43:47,588 [INFO] Save score_log data...
2023-05-30 18:43:47,589 [INFO] Time : 5.8693482875823975
