2023-05-27 12:09:14,611 [INFO] Train data : Vary_params_A\DUD-E\JAK2\nG1_50\ECFP6_256bits\MinMax\JAK2_train_vector.tsv
2023-05-27 12:09:14,612 [INFO] Valid data : Vary_params_A\DUD-E\JAK2\nG1_50\ECFP6_256bits\MinMax\JAK2_valid_vector.tsv
2023-05-27 12:09:14,612 [INFO] Output path : Vary_params_A\DUD-E\JAK2\nG1_50\ECFP6_256bits\MinMax\JAK2_model\RF
2023-05-27 12:09:14,612 [INFO] Model type : RF
2023-05-27 12:09:14,612 [INFO] Use cores : 3
2023-05-27 12:09:14,643 [INFO] Start Learning model
2023-05-27 12:09:14,643 [INFO] Train : 112 | Valid : 28
2023-05-27 12:09:14,643 [INFO] Set parameters : {'max_depth': [6, 8, 10, 12], 'max_features': ['sqrt', 'log2'], 'min_samples_leaf': [2, 4, 8, 10], 'min_samples_split': [2, 4, 8, 10], 'n_estimators': [200, 600, 1000]}
2023-05-27 12:26:07,055 [INFO] GridSearchCV results :
     mean_valid_accuracy  mean_valid_precision  mean_valid_auc
164             0.982576              0.983333        0.981667
110             0.973485              0.983333        0.971667
253             0.982576              0.983333        0.981667
251             0.982576              0.983333        0.981667
150             0.973485              0.983333        0.971667
..                   ...                   ...             ...
220             0.964394              0.943333        0.967381
221             0.955303              0.943333        0.957381
223             0.964394              0.943333        0.967381
224             0.955303              0.943333        0.957381
383             0.964394              0.943333        0.967381

[384 rows x 3 columns]
2023-05-27 12:26:07,057 [INFO] Best model :
RandomForestClassifier(class_weight='balanced', max_depth=6, min_samples_leaf=2,
                       n_estimators=600, random_state=42)
2023-05-27 12:26:07,113 [INFO] Save train_prediction_log data...
2023-05-27 12:26:07,118 [INFO] {'Data': 'train', 'ACC': '1.0 (112 / 112)', 'TP': 45, 'FP': 0, 'FN': 0, 'TN': 67, 'Precision': '1.0 (45 / 45 + 0)', 'Recall': '1.0 (45 / 45 + 0)', 'F1': '1.0 (2 * (1.0 * 1.0) / 1.0 + 1.0)', 'Specificity': '1.0 (67 / 67 + 0)', 'AUC': 1.0, 'r2': 1.0}
2023-05-27 12:26:07,169 [INFO] Save valid_prediction_log data...
2023-05-27 12:26:07,172 [INFO] {'Data': 'valid', 'ACC': '1.0 (28 / 28)', 'TP': 11, 'FP': 0, 'FN': 0, 'TN': 17, 'Precision': '1.0 (11 / 11 + 0)', 'Recall': '1.0 (11 / 11 + 0)', 'F1': '1.0 (2 * (1.0 * 1.0) / 1.0 + 1.0)', 'Specificity': '1.0 (17 / 17 + 0)', 'AUC': 1.0, 'r2': 1.0}
2023-05-27 12:26:07,236 [INFO] Save test_prediction_log data...
2023-05-27 12:26:07,239 [INFO] {'Data': 'test', 'ACC': '0.57 (16 / 28)', 'TP': 3, 'FP': 4, 'FN': 8, 'TN': 13, 'Precision': '0.43 (3 / 3 + 4)', 'Recall': '0.27 (3 / 3 + 8)', 'F1': '0.33 (2 * (0.27 * 0.43) / 0.27 + 0.43)', 'Specificity': '0.76 (13 / 13 + 4)', 'AUC': 0.52, 'r2': -0.8}
2023-05-27 12:26:07,435 [INFO] Save training_log data...
2023-05-27 12:26:07,438 [INFO] Save score_log data...
2023-05-27 12:26:07,440 [INFO] Time : 1012.8286030292511
