2023-05-27 13:37:06,544 [INFO] Train data : Vary_params_CDK2_EGFR_LCK\DUD-E\CDK2\nG1_20\ECFP4_512bits\Robust\CDK2_train_vector.tsv
2023-05-27 13:37:06,544 [INFO] Valid data : Vary_params_CDK2_EGFR_LCK\DUD-E\CDK2\nG1_20\ECFP4_512bits\Robust\CDK2_valid_vector.tsv
2023-05-27 13:37:06,544 [INFO] Output path : Vary_params_CDK2_EGFR_LCK\DUD-E\CDK2\nG1_20\ECFP4_512bits\Robust\CDK2_model\MLP
2023-05-27 13:37:06,544 [INFO] Model type : MLP
2023-05-27 13:37:06,544 [INFO] Use cores : 19
2023-05-27 13:37:06,579 [INFO] Start Learning model
2023-05-27 13:37:06,579 [INFO] Train : 878 | Valid : 212
2023-05-27 13:37:06,579 [INFO] Set parameters : {'hidden_layer_sizes': [(50,), (100,), (50, 50), (100, 100)], 'learning_rate': ['constant', 'invscaling', 'adaptive'], 'activation': ['relu', 'identity', 'logistic', 'tanh'], 'solver': ['adam', 'sgd', 'lbfgs'], 'alpha': [0.1, 0.01, 0.001], 'max_iter': [500, 1000], 'early_stopping': [True]}
2023-05-27 13:42:49,151 [INFO] GridSearchCV results :
     mean_valid_accuracy  mean_valid_precision  mean_valid_auc
540             0.910005              0.964146        0.898066
543             0.910005              0.964146        0.898066
624             0.906596              0.964146        0.894012
621             0.906596              0.964146        0.894012
618             0.906596              0.964146        0.894012
..                   ...                   ...             ...
634             0.579728              0.000000        0.500000
568             0.579728              0.000000        0.500000
571             0.579728              0.000000        0.500000
631             0.579728              0.000000        0.500000
613             0.579728              0.000000        0.500000

[864 rows x 3 columns]
2023-05-27 13:42:49,152 [INFO] Best model :
MLPClassifier(activation='logistic', alpha=0.01, early_stopping=True,
              hidden_layer_sizes=(50, 50), max_iter=500, random_state=42)
2023-05-27 13:42:49,163 [INFO] Save train_prediction_log data...
2023-05-27 13:42:49,166 [INFO] {'Data': 'train', 'ACC': '0.99 (872 / 878)', 'TP': 366, 'FP': 3, 'FN': 3, 'TN': 506, 'Precision': '0.99 (366 / 366 + 3)', 'Recall': '0.99 (366 / 366 + 3)', 'F1': '0.99 (2 * (0.99 * 0.99) / 0.99 + 0.99)', 'Specificity': '0.99 (506 / 506 + 3)', 'AUC': 0.99, 'r2': 0.97}
2023-05-27 13:42:49,172 [INFO] Save valid_prediction_log data...
2023-05-27 13:42:49,174 [INFO] {'Data': 'valid', 'ACC': '0.95 (201 / 212)', 'TP': 85, 'FP': 11, 'FN': 0, 'TN': 116, 'Precision': '0.89 (85 / 85 + 11)', 'Recall': '1.0 (85 / 85 + 0)', 'F1': '0.94 (2 * (1.0 * 0.89) / 1.0 + 0.89)', 'Specificity': '0.91 (116 / 116 + 11)', 'AUC': 0.96, 'r2': 0.78}
2023-05-27 13:42:49,190 [INFO] Save test_prediction_log data...
2023-05-27 13:42:49,193 [INFO] {'Data': 'test', 'ACC': '0.56 (119 / 212)', 'TP': 64, 'FP': 72, 'FN': 21, 'TN': 55, 'Precision': '0.47 (64 / 64 + 72)', 'Recall': '0.75 (64 / 64 + 21)', 'F1': '0.58 (2 * (0.75 * 0.47) / 0.75 + 0.47)', 'Specificity': '0.43 (55 / 55 + 72)', 'AUC': 0.59, 'r2': -0.83}
2023-05-27 13:42:49,195 [INFO] Save training_log data...
2023-05-27 13:42:49,200 [INFO] Save score_log data...
2023-05-27 13:42:49,201 [INFO] Time : 342.65850949287415
