2023-05-28 10:28:40,667 [INFO] Train data : AF_Baseline\DUD-E\MK10\ECFP4_256bits\Robust\MK10_train.tsv
2023-05-28 10:28:40,667 [INFO] Valid data : AF_Baseline\DUD-E\MK10\ECFP4_256bits\Robust\MK10_valid.tsv
2023-05-28 10:28:40,667 [INFO] Output path : AF_Baseline\DUD-E\MK10\ECFP4_256bits\Robust\MK10_model\MLP
2023-05-28 10:28:40,667 [INFO] Model type : MLP
2023-05-28 10:28:40,668 [INFO] Use cores : 12
2023-05-28 10:28:40,678 [INFO] Start Learning model
2023-05-28 10:28:40,678 [INFO] Train : 104 | Valid : 26
2023-05-28 10:28:40,678 [INFO] Set parameters : {'hidden_layer_sizes': [(50,), (100,), (50, 50), (100, 100)], 'learning_rate': ['constant', 'invscaling', 'adaptive'], 'activation': ['relu', 'identity', 'logistic', 'tanh'], 'solver': ['adam', 'sgd', 'lbfgs'], 'alpha': [0.1, 0.01, 0.001], 'max_iter': [500, 1000], 'early_stopping': [True]}
2023-05-28 10:29:34,931 [INFO] GridSearchCV results :
     mean_valid_accuracy  mean_valid_precision  mean_valid_auc
806             0.950909              0.926667        0.956667
800             0.950909              0.926667        0.956667
299             0.950909              0.926667        0.956667
302             0.950909              0.926667        0.956667
305             0.950909              0.926667        0.956667
..                   ...                   ...             ...
618             0.596364              0.000000        0.500000
489             0.596364              0.000000        0.500000
619             0.596364              0.000000        0.500000
621             0.596364              0.000000        0.500000
481             0.596364              0.000000        0.500000

[864 rows x 3 columns]
2023-05-28 10:29:34,932 [INFO] Best model :
MLPClassifier(alpha=0.01, early_stopping=True, hidden_layer_sizes=(50,),
              max_iter=500, random_state=42, solver='lbfgs')
2023-05-28 10:29:34,936 [INFO] Save train_prediction_log data...
2023-05-28 10:29:34,939 [INFO] {'Data': 'train', 'ACC': '1.0 (104 / 104)', 'TP': 42, 'FP': 0, 'FN': 0, 'TN': 62, 'Precision': '1.0 (42 / 42 + 0)', 'Recall': '1.0 (42 / 42 + 0)', 'F1': '1.0 (2 * (1.0 * 1.0) / 1.0 + 1.0)', 'Specificity': '1.0 (62 / 62 + 0)', 'AUC': 1.0, 'r2': 1.0}
2023-05-28 10:29:34,942 [INFO] Save valid_prediction_log data...
2023-05-28 10:29:34,943 [INFO] {'Data': 'valid', 'ACC': '1.0 (26 / 26)', 'TP': 10, 'FP': 0, 'FN': 0, 'TN': 16, 'Precision': '1.0 (10 / 10 + 0)', 'Recall': '1.0 (10 / 10 + 0)', 'F1': '1.0 (2 * (1.0 * 1.0) / 1.0 + 1.0)', 'Specificity': '1.0 (16 / 16 + 0)', 'AUC': 1.0, 'r2': 1.0}
2023-05-28 10:29:34,950 [INFO] Save test_prediction_log data...
2023-05-28 10:29:34,952 [INFO] {'Data': 'test', 'ACC': '0.62 (16 / 26)', 'TP': 4, 'FP': 4, 'FN': 6, 'TN': 12, 'Precision': '0.5 (4 / 4 + 4)', 'Recall': '0.4 (4 / 4 + 6)', 'F1': '0.44 (2 * (0.4 * 0.5) / 0.4 + 0.5)', 'Specificity': '0.75 (12 / 12 + 4)', 'AUC': 0.57, 'r2': -0.62}
2023-05-28 10:29:34,954 [INFO] Save training_log data...
2023-05-28 10:29:34,958 [INFO] Save score_log data...
2023-05-28 10:29:34,959 [INFO] Time : 54.29176330566406
