2023-05-30 05:30:06,092 [INFO] Train data : Baseline_noscale\DUD-E\MP2K1\ECFP6_256bits\MP2K1_raw_train.tsv
2023-05-30 05:30:06,092 [INFO] Valid data : Baseline_noscale\DUD-E\MP2K1\ECFP6_256bits\MP2K1_raw_valid.tsv
2023-05-30 05:30:06,092 [INFO] Output path : Baseline_noscale\DUD-E\MP2K1\ECFP6_256bits\MP2K1_model\RF
2023-05-30 05:30:06,092 [INFO] Model type : RF
2023-05-30 05:30:06,092 [INFO] Use cores : 12
2023-05-30 05:30:06,108 [INFO] Start Learning model
2023-05-30 05:30:06,108 [INFO] Train : 142 | Valid : 35
2023-05-30 05:30:06,108 [INFO] Set parameters : {'max_depth': [6, 8, 10, 12], 'max_features': ['sqrt', 'log2'], 'min_samples_leaf': [2, 4, 8, 10], 'min_samples_split': [2, 4, 8, 10], 'n_estimators': [200, 600, 1000]}
2023-05-30 05:33:07,351 [INFO] GridSearchCV results :
     mean_valid_accuracy  mean_valid_precision  mean_valid_auc
0               0.980000              1.000000        0.975000
210             0.972857              1.000000        0.965000
198             0.980000              1.000000        0.975000
199             0.980000              1.000000        0.975000
200             0.980000              1.000000        0.975000
..                   ...                   ...             ...
237             0.966190              0.985714        0.960417
238             0.966190              0.985714        0.960417
239             0.966190              0.985714        0.960417
66              0.972857              0.985714        0.968750
383             0.966190              0.985714        0.960417

[384 rows x 3 columns]
2023-05-30 05:33:07,351 [INFO] Best model :
RandomForestClassifier(class_weight='balanced', max_depth=6, min_samples_leaf=2,
                       n_estimators=200, random_state=42)
2023-05-30 05:33:07,362 [INFO] Save train_prediction_log data...
2023-05-30 05:33:07,365 [INFO] {'Data': 'train', 'ACC': '0.99 (141 / 142)', 'TP': 56, 'FP': 0, 'FN': 1, 'TN': 85, 'Precision': '1.0 (56 / 56 + 0)', 'Recall': '0.98 (56 / 56 + 1)', 'F1': '0.99 (2 * (0.98 * 1.0) / 0.98 + 1.0)', 'Specificity': '1.0 (85 / 85 + 0)', 'AUC': 0.99, 'r2': 0.97}
2023-05-30 05:33:07,375 [INFO] Save valid_prediction_log data...
2023-05-30 05:33:07,377 [INFO] {'Data': 'valid', 'ACC': '1.0 (35 / 35)', 'TP': 14, 'FP': 0, 'FN': 0, 'TN': 21, 'Precision': '1.0 (14 / 14 + 0)', 'Recall': '1.0 (14 / 14 + 0)', 'F1': '1.0 (2 * (1.0 * 1.0) / 1.0 + 1.0)', 'Specificity': '1.0 (21 / 21 + 0)', 'AUC': 1.0, 'r2': 1.0}
2023-05-30 05:33:07,394 [INFO] Save test_prediction_log data...
2023-05-30 05:33:07,396 [INFO] {'Data': 'test', 'ACC': '0.63 (22 / 35)', 'TP': 2, 'FP': 1, 'FN': 12, 'TN': 20, 'Precision': '0.67 (2 / 2 + 1)', 'Recall': '0.14 (2 / 2 + 12)', 'F1': '0.23 (2 * (0.14 * 0.67) / 0.14 + 0.67)', 'Specificity': '0.95 (20 / 20 + 1)', 'AUC': 0.55, 'r2': -0.55}
2023-05-30 05:33:07,427 [INFO] Save training_log data...
2023-05-30 05:33:07,429 [INFO] Save score_log data...
2023-05-30 05:33:07,430 [INFO] Time : 181.3384919166565
