2023-05-30 14:49:06,242 [INFO] Train data : Vary_params_BRAF_MK14\DUD-E\MK14\nG1_50\ECFP6_512bits\Standard\MK14_train_vector.tsv
2023-05-30 14:49:06,242 [INFO] Valid data : Vary_params_BRAF_MK14\DUD-E\MK14\nG1_50\ECFP6_512bits\Standard\MK14_valid_vector.tsv
2023-05-30 14:49:06,242 [INFO] Output path : Vary_params_BRAF_MK14\DUD-E\MK14\nG1_50\ECFP6_512bits\Standard\MK14_model\SVM
2023-05-30 14:49:06,242 [INFO] Model type : SVM
2023-05-30 14:49:06,242 [INFO] Use cores : 10
2023-05-30 14:49:06,341 [INFO] Start Learning model
2023-05-30 14:49:06,341 [INFO] Train : 901 | Valid : 225
2023-05-30 14:49:06,341 [INFO] Set parameters : {'kernel': ['linear', 'rbf'], 'C': [0.01, 0.1, 1, 10, 100, 1000], 'gamma': [0.01, 0.1, 1, 100, 1000]}
2023-05-30 14:49:29,189 [INFO] GridSearchCV results :
    mean_valid_accuracy  mean_valid_precision  mean_valid_auc
30             0.955568              0.936359        0.955572
40             0.955568              0.936359        0.955572
28             0.955568              0.936359        0.955572
22             0.955568              0.936359        0.955572
32             0.955568              0.936359        0.955572
20             0.955568              0.936359        0.955572
34             0.955568              0.936359        0.955572
18             0.955568              0.936359        0.955572
36             0.955568              0.936359        0.955572
16             0.955568              0.936359        0.955572
38             0.955568              0.936359        0.955572
14             0.955568              0.936359        0.955572
12             0.955568              0.936359        0.955572
26             0.955568              0.936359        0.955572
42             0.955568              0.936359        0.955572
10             0.955568              0.936359        0.955572
44             0.955568              0.936359        0.955572
46             0.955568              0.936359        0.955572
48             0.955568              0.936359        0.955572
50             0.955568              0.936359        0.955572
52             0.955568              0.936359        0.955572
54             0.955568              0.936359        0.955572
56             0.955568              0.936359        0.955572
58             0.955568              0.936359        0.955572
24             0.955568              0.936359        0.955572
0              0.953346              0.933170        0.953258
8              0.953346              0.933170        0.953258
2              0.953346              0.933170        0.953258
4              0.953346              0.933170        0.953258
6              0.953346              0.933170        0.953258
51             0.613773              0.800000        0.516667
41             0.613773              0.800000        0.516667
31             0.613773              0.800000        0.516667
21             0.602662              0.200000        0.502778
47             0.600440              0.000000        0.500000
7              0.600440              0.000000        0.500000
49             0.600440              0.000000        0.500000
25             0.600440              0.000000        0.500000
5              0.600440              0.000000        0.500000
45             0.600440              0.000000        0.500000
55             0.600440              0.000000        0.500000
3              0.600440              0.000000        0.500000
57             0.600440              0.000000        0.500000
53             0.600440              0.000000        0.500000
43             0.600440              0.000000        0.500000
9              0.600440              0.000000        0.500000
27             0.600440              0.000000        0.500000
11             0.600440              0.000000        0.500000
13             0.600440              0.000000        0.500000
39             0.600440              0.000000        0.500000
15             0.600440              0.000000        0.500000
37             0.600440              0.000000        0.500000
17             0.600440              0.000000        0.500000
35             0.600440              0.000000        0.500000
19             0.600440              0.000000        0.500000
33             0.600440              0.000000        0.500000
1              0.600440              0.000000        0.500000
29             0.600440              0.000000        0.500000
23             0.600440              0.000000        0.500000
59             0.600440              0.000000        0.500000
2023-05-30 14:49:29,190 [INFO] Best model :
SVC(C=0.1, gamma=0.01, kernel='linear', random_state=42)
2023-05-30 14:49:29,213 [INFO] Save train_prediction_log data...
2023-05-30 14:49:29,217 [INFO] {'Data': 'train', 'ACC': '1.0 (901 / 901)', 'TP': 360, 'FP': 0, 'FN': 0, 'TN': 541, 'Precision': '1.0 (360 / 360 + 0)', 'Recall': '1.0 (360 / 360 + 0)', 'F1': '1.0 (2 * (1.0 * 1.0) / 1.0 + 1.0)', 'Specificity': '1.0 (541 / 541 + 0)', 'AUC': 1.0, 'r2': 1.0}
2023-05-30 14:49:29,226 [INFO] Save valid_prediction_log data...
2023-05-30 14:49:29,228 [INFO] {'Data': 'valid', 'ACC': '0.96 (217 / 225)', 'TP': 89, 'FP': 7, 'FN': 1, 'TN': 128, 'Precision': '0.93 (89 / 89 + 7)', 'Recall': '0.99 (89 / 89 + 1)', 'F1': '0.96 (2 * (0.99 * 0.93) / 0.99 + 0.93)', 'Specificity': '0.95 (128 / 128 + 7)', 'AUC': 0.97, 'r2': 0.85}
2023-05-30 14:49:29,259 [INFO] Save test_prediction_log data...
2023-05-30 14:49:29,278 [INFO] {'Data': 'test', 'ACC': '0.64 (144 / 225)', 'TP': 66, 'FP': 57, 'FN': 24, 'TN': 78, 'Precision': '0.54 (66 / 66 + 57)', 'Recall': '0.73 (66 / 66 + 24)', 'F1': '0.62 (2 * (0.73 * 0.54) / 0.73 + 0.54)', 'Specificity': '0.58 (78 / 78 + 57)', 'AUC': 0.66, 'r2': -0.5}
2023-05-30 14:49:29,281 [INFO] Save training_log data...
2023-05-30 14:49:29,282 [INFO] Save score_log data...
2023-05-30 14:49:29,283 [INFO] Time : 23.04049277305603
