2023-05-26 20:09:41,633 [INFO] Train data : Vary_params\DUD-E\MET\nG1_20\ECFP4_256bits\Standard\MET_train_vector.tsv
2023-05-26 20:09:41,633 [INFO] Valid data : Vary_params\DUD-E\MET\nG1_20\ECFP4_256bits\Standard\MET_valid_vector.tsv
2023-05-26 20:09:41,633 [INFO] Output path : Vary_params\DUD-E\MET\nG1_20\ECFP4_256bits\Standard\MET_model\SVM
2023-05-26 20:09:41,633 [INFO] Model type : SVM
2023-05-26 20:09:41,633 [INFO] Use cores : 10
2023-05-26 20:09:41,654 [INFO] Start Learning model
2023-05-26 20:09:41,654 [INFO] Train : 226 | Valid : 49
2023-05-26 20:09:41,654 [INFO] Set parameters : {'kernel': ['linear', 'rbf'], 'C': [0.01, 0.1, 1, 10, 100, 1000], 'gamma': [0.01, 0.1, 1, 100, 1000]}
2023-05-26 20:09:44,270 [INFO] GridSearchCV results :
    mean_valid_accuracy  mean_valid_precision  mean_valid_auc
51             0.943281              1.000000        0.940909
21             0.938933              1.000000        0.936364
31             0.943281              1.000000        0.940909
41             0.943281              1.000000        0.940909
30             0.947233              0.947115        0.946515
16             0.947233              0.947115        0.946515
32             0.947233              0.947115        0.946515
26             0.947233              0.947115        0.946515
34             0.947233              0.947115        0.946515
24             0.947233              0.947115        0.946515
36             0.947233              0.947115        0.946515
22             0.947233              0.947115        0.946515
20             0.947233              0.947115        0.946515
38             0.947233              0.947115        0.946515
18             0.947233              0.947115        0.946515
40             0.947233              0.947115        0.946515
14             0.947233              0.947115        0.946515
42             0.947233              0.947115        0.946515
12             0.947233              0.947115        0.946515
44             0.947233              0.947115        0.946515
10             0.947233              0.947115        0.946515
46             0.947233              0.947115        0.946515
48             0.947233              0.947115        0.946515
50             0.947233              0.947115        0.946515
52             0.947233              0.947115        0.946515
54             0.947233              0.947115        0.946515
56             0.947233              0.947115        0.946515
58             0.947233              0.947115        0.946515
28             0.947233              0.947115        0.946515
0              0.942688              0.938024        0.942348
2              0.942688              0.938024        0.942348
4              0.942688              0.938024        0.942348
6              0.942688              0.938024        0.942348
8              0.942688              0.938024        0.942348
1              0.522134              0.000000        0.500000
29             0.522134              0.000000        0.500000
57             0.522134              0.000000        0.500000
3              0.522134              0.000000        0.500000
55             0.522134              0.000000        0.500000
53             0.522134              0.000000        0.500000
5              0.522134              0.000000        0.500000
7              0.522134              0.000000        0.500000
49             0.522134              0.000000        0.500000
47             0.522134              0.000000        0.500000
9              0.522134              0.000000        0.500000
45             0.522134              0.000000        0.500000
11             0.522134              0.000000        0.500000
43             0.522134              0.000000        0.500000
13             0.522134              0.000000        0.500000
15             0.522134              0.000000        0.500000
17             0.522134              0.000000        0.500000
39             0.522134              0.000000        0.500000
19             0.522134              0.000000        0.500000
37             0.522134              0.000000        0.500000
23             0.522134              0.000000        0.500000
35             0.522134              0.000000        0.500000
25             0.522134              0.000000        0.500000
33             0.522134              0.000000        0.500000
27             0.522134              0.000000        0.500000
59             0.522134              0.000000        0.500000
2023-05-26 20:09:44,273 [INFO] Best model :
SVC(C=1, gamma=0.01, random_state=42)
2023-05-26 20:09:44,282 [INFO] Save train_prediction_log data...
2023-05-26 20:09:44,285 [INFO] {'Data': 'train', 'ACC': '1.0 (226 / 226)', 'TP': 108, 'FP': 0, 'FN': 0, 'TN': 118, 'Precision': '1.0 (108 / 108 + 0)', 'Recall': '1.0 (108 / 108 + 0)', 'F1': '1.0 (2 * (1.0 * 1.0) / 1.0 + 1.0)', 'Specificity': '1.0 (118 / 118 + 0)', 'AUC': 1.0, 'r2': 1.0}
2023-05-26 20:09:44,290 [INFO] Save valid_prediction_log data...
2023-05-26 20:09:44,292 [INFO] {'Data': 'valid', 'ACC': '1.0 (49 / 49)', 'TP': 20, 'FP': 0, 'FN': 0, 'TN': 29, 'Precision': '1.0 (20 / 20 + 0)', 'Recall': '1.0 (20 / 20 + 0)', 'F1': '1.0 (2 * (1.0 * 1.0) / 1.0 + 1.0)', 'Specificity': '1.0 (29 / 29 + 0)', 'AUC': 1.0, 'r2': 1.0}
2023-05-26 20:09:44,304 [INFO] Save test_prediction_log data...
2023-05-26 20:09:44,307 [INFO] {'Data': 'test', 'ACC': '0.61 (30 / 49)', 'TP': 2, 'FP': 1, 'FN': 18, 'TN': 28, 'Precision': '0.67 (2 / 2 + 1)', 'Recall': '0.1 (2 / 2 + 18)', 'F1': '0.17 (2 * (0.1 * 0.67) / 0.1 + 0.67)', 'Specificity': '0.97 (28 / 28 + 1)', 'AUC': 0.53, 'r2': -0.61}
2023-05-26 20:09:44,309 [INFO] Save training_log data...
2023-05-26 20:09:44,310 [INFO] Save score_log data...
2023-05-26 20:09:44,311 [INFO] Time : 2.677509069442749
