2023-05-28 19:27:33,093 [INFO] Train data : Vary_params_FGFR1\DUD-E\FGFR1\nG1_20\ECFP6_512bits\MinMax\FGFR1_train_vector.tsv
2023-05-28 19:27:33,093 [INFO] Valid data : Vary_params_FGFR1\DUD-E\FGFR1\nG1_20\ECFP6_512bits\MinMax\FGFR1_valid_vector.tsv
2023-05-28 19:27:33,093 [INFO] Output path : Vary_params_FGFR1\DUD-E\FGFR1\nG1_20\ECFP6_512bits\MinMax\FGFR1_model\SVM
2023-05-28 19:27:33,093 [INFO] Model type : SVM
2023-05-28 19:27:33,093 [INFO] Use cores : 10
2023-05-28 19:27:33,130 [INFO] Start Learning model
2023-05-28 19:27:33,131 [INFO] Train : 203 | Valid : 43
2023-05-28 19:27:33,131 [INFO] Set parameters : {'kernel': ['linear', 'rbf'], 'C': [0.01, 0.1, 1, 10, 100, 1000], 'gamma': [0.01, 0.1, 1, 100, 1000]}
2023-05-28 19:27:40,014 [INFO] GridSearchCV results :
    mean_valid_accuracy  mean_valid_precision  mean_valid_auc
0              0.947143              1.000000        0.945000
43             0.745714              1.000000        0.738889
2              0.947143              1.000000        0.945000
33             0.745714              1.000000        0.738889
4              0.947143              1.000000        0.945000
23             0.725714              1.000000        0.718889
6              0.947143              1.000000        0.945000
21             0.942619              1.000000        0.940000
8              0.947143              1.000000        0.945000
53             0.745714              1.000000        0.738889
41             0.946905              0.981818        0.945000
31             0.946905              0.981818        0.945000
51             0.946905              0.981818        0.945000
50             0.956190              0.974242        0.955000
48             0.956190              0.974242        0.955000
28             0.956190              0.974242        0.955000
44             0.956190              0.974242        0.955000
42             0.956190              0.974242        0.955000
52             0.956190              0.974242        0.955000
40             0.956190              0.974242        0.955000
38             0.956190              0.974242        0.955000
54             0.956190              0.974242        0.955000
36             0.956190              0.974242        0.955000
56             0.956190              0.974242        0.955000
34             0.956190              0.974242        0.955000
58             0.956190              0.974242        0.955000
32             0.956190              0.974242        0.955000
46             0.956190              0.974242        0.955000
30             0.956190              0.974242        0.955000
20             0.956190              0.974242        0.955000
14             0.956190              0.974242        0.955000
26             0.956190              0.974242        0.955000
12             0.956190              0.974242        0.955000
24             0.956190              0.974242        0.955000
22             0.956190              0.974242        0.955000
16             0.956190              0.974242        0.955000
10             0.956190              0.974242        0.955000
18             0.956190              0.974242        0.955000
11             0.526905              0.300000        0.515000
9              0.512143              0.000000        0.500000
29             0.512143              0.000000        0.500000
7              0.512143              0.000000        0.500000
13             0.512143              0.000000        0.500000
55             0.512143              0.000000        0.500000
5              0.512143              0.000000        0.500000
57             0.512143              0.000000        0.500000
3              0.512143              0.000000        0.500000
49             0.512143              0.000000        0.500000
15             0.512143              0.000000        0.500000
47             0.512143              0.000000        0.500000
45             0.512143              0.000000        0.500000
1              0.512143              0.000000        0.500000
17             0.512143              0.000000        0.500000
19             0.512143              0.000000        0.500000
39             0.512143              0.000000        0.500000
37             0.512143              0.000000        0.500000
35             0.512143              0.000000        0.500000
25             0.512143              0.000000        0.500000
27             0.512143              0.000000        0.500000
59             0.512143              0.000000        0.500000
2023-05-28 19:27:40,015 [INFO] Best model :
SVC(C=0.01, gamma=0.01, kernel='linear', random_state=42)
2023-05-28 19:27:40,027 [INFO] Save train_prediction_log data...
2023-05-28 19:27:40,033 [INFO] {'Data': 'train', 'ACC': '0.98 (199 / 203)', 'TP': 95, 'FP': 0, 'FN': 4, 'TN': 104, 'Precision': '1.0 (95 / 95 + 0)', 'Recall': '0.96 (95 / 95 + 4)', 'F1': '0.98 (2 * (0.96 * 1.0) / 0.96 + 1.0)', 'Specificity': '1.0 (104 / 104 + 0)', 'AUC': 0.98, 'r2': 0.92}
2023-05-28 19:27:40,038 [INFO] Save valid_prediction_log data...
2023-05-28 19:27:40,042 [INFO] {'Data': 'valid', 'ACC': '1.0 (43 / 43)', 'TP': 17, 'FP': 0, 'FN': 0, 'TN': 26, 'Precision': '1.0 (17 / 17 + 0)', 'Recall': '1.0 (17 / 17 + 0)', 'F1': '1.0 (2 * (1.0 * 1.0) / 1.0 + 1.0)', 'Specificity': '1.0 (26 / 26 + 0)', 'AUC': 1.0, 'r2': 1.0}
2023-05-28 19:27:40,065 [INFO] Save test_prediction_log data...
2023-05-28 19:27:40,069 [INFO] {'Data': 'test', 'ACC': '0.6 (26 / 43)', 'TP': 6, 'FP': 6, 'FN': 11, 'TN': 20, 'Precision': '0.5 (6 / 6 + 6)', 'Recall': '0.35 (6 / 6 + 11)', 'F1': '0.41 (2 * (0.35 * 0.5) / 0.35 + 0.5)', 'Specificity': '0.77 (20 / 20 + 6)', 'AUC': 0.56, 'r2': -0.65}
2023-05-28 19:27:40,073 [INFO] Save training_log data...
2023-05-28 19:27:40,075 [INFO] Save score_log data...
2023-05-28 19:27:40,077 [INFO] Time : 6.98401951789856
