2023-05-28 15:02:47,527 [INFO] Train data : Vary_params_FGFR1\DUD-E\FGFR1\nG1_20\ECFP4_256bits\MinMax\FGFR1_train_vector.tsv
2023-05-28 15:02:47,527 [INFO] Valid data : Vary_params_FGFR1\DUD-E\FGFR1\nG1_20\ECFP4_256bits\MinMax\FGFR1_valid_vector.tsv
2023-05-28 15:02:47,527 [INFO] Output path : Vary_params_FGFR1\DUD-E\FGFR1\nG1_20\ECFP4_256bits\MinMax\FGFR1_model\SVM
2023-05-28 15:02:47,528 [INFO] Model type : SVM
2023-05-28 15:02:47,528 [INFO] Use cores : 10
2023-05-28 15:02:47,555 [INFO] Start Learning model
2023-05-28 15:02:47,556 [INFO] Train : 203 | Valid : 43
2023-05-28 15:02:47,556 [INFO] Set parameters : {'kernel': ['linear', 'rbf'], 'C': [0.01, 0.1, 1, 10, 100, 1000], 'gamma': [0.01, 0.1, 1, 100, 1000]}
2023-05-28 15:02:54,479 [INFO] GridSearchCV results :
    mean_valid_accuracy  mean_valid_precision  mean_valid_auc
43             0.874762              1.000000        0.870000
33             0.874762              1.000000        0.870000
23             0.869762              1.000000        0.865000
53             0.874762              1.000000        0.870000
21             0.942143              0.983333        0.939444
0              0.932381              0.970833        0.929899
2              0.932381              0.970833        0.929899
4              0.932381              0.970833        0.929899
6              0.932381              0.970833        0.929899
8              0.932381              0.970833        0.929899
41             0.946667              0.944545        0.946364
31             0.946667              0.944545        0.946364
51             0.946667              0.944545        0.946364
50             0.921905              0.903691        0.922273
48             0.921905              0.903691        0.922273
28             0.921905              0.903691        0.922273
44             0.921905              0.903691        0.922273
42             0.921905              0.903691        0.922273
52             0.921905              0.903691        0.922273
40             0.921905              0.903691        0.922273
38             0.921905              0.903691        0.922273
54             0.921905              0.903691        0.922273
36             0.921905              0.903691        0.922273
56             0.921905              0.903691        0.922273
34             0.921905              0.903691        0.922273
58             0.921905              0.903691        0.922273
32             0.921905              0.903691        0.922273
46             0.921905              0.903691        0.922273
30             0.921905              0.903691        0.922273
20             0.921905              0.903691        0.922273
14             0.921905              0.903691        0.922273
26             0.921905              0.903691        0.922273
12             0.921905              0.903691        0.922273
24             0.921905              0.903691        0.922273
22             0.921905              0.903691        0.922273
16             0.921905              0.903691        0.922273
10             0.921905              0.903691        0.922273
18             0.921905              0.903691        0.922273
11             0.536667              0.300000        0.525000
9              0.512143              0.000000        0.500000
29             0.512143              0.000000        0.500000
7              0.512143              0.000000        0.500000
13             0.512143              0.000000        0.500000
55             0.512143              0.000000        0.500000
5              0.512143              0.000000        0.500000
57             0.512143              0.000000        0.500000
3              0.512143              0.000000        0.500000
49             0.512143              0.000000        0.500000
15             0.512143              0.000000        0.500000
47             0.512143              0.000000        0.500000
45             0.512143              0.000000        0.500000
1              0.512143              0.000000        0.500000
17             0.512143              0.000000        0.500000
19             0.512143              0.000000        0.500000
39             0.512143              0.000000        0.500000
37             0.512143              0.000000        0.500000
35             0.512143              0.000000        0.500000
25             0.512143              0.000000        0.500000
27             0.512143              0.000000        0.500000
59             0.512143              0.000000        0.500000
2023-05-28 15:02:54,481 [INFO] Best model :
SVC(C=1, gamma=0.1, random_state=42)
2023-05-28 15:02:54,499 [INFO] Save train_prediction_log data...
2023-05-28 15:02:54,506 [INFO] {'Data': 'train', 'ACC': '1.0 (203 / 203)', 'TP': 99, 'FP': 0, 'FN': 0, 'TN': 104, 'Precision': '1.0 (99 / 99 + 0)', 'Recall': '1.0 (99 / 99 + 0)', 'F1': '1.0 (2 * (1.0 * 1.0) / 1.0 + 1.0)', 'Specificity': '1.0 (104 / 104 + 0)', 'AUC': 1.0, 'r2': 1.0}
2023-05-28 15:02:54,515 [INFO] Save valid_prediction_log data...
2023-05-28 15:02:54,520 [INFO] {'Data': 'valid', 'ACC': '1.0 (43 / 43)', 'TP': 17, 'FP': 0, 'FN': 0, 'TN': 26, 'Precision': '1.0 (17 / 17 + 0)', 'Recall': '1.0 (17 / 17 + 0)', 'F1': '1.0 (2 * (1.0 * 1.0) / 1.0 + 1.0)', 'Specificity': '1.0 (26 / 26 + 0)', 'AUC': 1.0, 'r2': 1.0}
2023-05-28 15:02:54,540 [INFO] Save test_prediction_log data...
2023-05-28 15:02:54,545 [INFO] {'Data': 'test', 'ACC': '0.63 (27 / 43)', 'TP': 1, 'FP': 0, 'FN': 16, 'TN': 26, 'Precision': '1.0 (1 / 1 + 0)', 'Recall': '0.06 (1 / 1 + 16)', 'F1': '0.11 (2 * (0.06 * 1.0) / 0.06 + 1.0)', 'Specificity': '1.0 (26 / 26 + 0)', 'AUC': 0.53, 'r2': -0.56}
2023-05-28 15:02:54,551 [INFO] Save training_log data...
2023-05-28 15:02:54,553 [INFO] Save score_log data...
2023-05-28 15:02:54,555 [INFO] Time : 7.028509140014648
