2023-05-27 17:12:56,920 [INFO] Train data : Vary_params\DUD-E\PLK1\nG1_20\ECFP6_256bits\Standard\PLK1_train_vector.tsv
2023-05-27 17:12:56,920 [INFO] Valid data : Vary_params\DUD-E\PLK1\nG1_20\ECFP6_256bits\Standard\PLK1_valid_vector.tsv
2023-05-27 17:12:56,920 [INFO] Output path : Vary_params\DUD-E\PLK1\nG1_20\ECFP6_256bits\Standard\PLK1_model\SVM
2023-05-27 17:12:56,921 [INFO] Model type : SVM
2023-05-27 17:12:56,921 [INFO] Use cores : 10
2023-05-27 17:12:56,938 [INFO] Start Learning model
2023-05-27 17:12:56,938 [INFO] Train : 144 | Valid : 28
2023-05-27 17:12:56,938 [INFO] Set parameters : {'kernel': ['linear', 'rbf'], 'C': [0.01, 0.1, 1, 10, 100, 1000], 'gamma': [0.01, 0.1, 1, 100, 1000]}
2023-05-27 17:12:59,441 [INFO] GridSearchCV results :
    mean_valid_accuracy  mean_valid_precision  mean_valid_auc
21             0.865714              1.000000        0.874107
41             0.886190              1.000000        0.893750
31             0.886190              1.000000        0.893750
51             0.886190              1.000000        0.893750
26             0.958095              0.963889        0.958631
28             0.958095              0.963889        0.958631
32             0.958095              0.963889        0.958631
34             0.958095              0.963889        0.958631
36             0.958095              0.963889        0.958631
38             0.958095              0.963889        0.958631
40             0.958095              0.963889        0.958631
0              0.958095              0.963889        0.958631
24             0.958095              0.963889        0.958631
44             0.958095              0.963889        0.958631
46             0.958095              0.963889        0.958631
48             0.958095              0.963889        0.958631
50             0.958095              0.963889        0.958631
52             0.958095              0.963889        0.958631
54             0.958095              0.963889        0.958631
56             0.958095              0.963889        0.958631
58             0.958095              0.963889        0.958631
42             0.958095              0.963889        0.958631
30             0.958095              0.963889        0.958631
12             0.958095              0.963889        0.958631
2              0.958095              0.963889        0.958631
20             0.958095              0.963889        0.958631
22             0.958095              0.963889        0.958631
4              0.958095              0.963889        0.958631
18             0.958095              0.963889        0.958631
8              0.958095              0.963889        0.958631
10             0.958095              0.963889        0.958631
16             0.958095              0.963889        0.958631
6              0.958095              0.963889        0.958631
14             0.958095              0.963889        0.958631
49             0.527619              0.527619        0.500000
9              0.527619              0.527619        0.500000
47             0.527619              0.527619        0.500000
5              0.527619              0.527619        0.500000
7              0.527619              0.527619        0.500000
53             0.527619              0.527619        0.500000
55             0.527619              0.527619        0.500000
3              0.527619              0.527619        0.500000
57             0.527619              0.527619        0.500000
45             0.527619              0.527619        0.500000
23             0.527619              0.527619        0.500000
43             0.527619              0.527619        0.500000
11             0.527619              0.527619        0.500000
13             0.527619              0.527619        0.500000
39             0.527619              0.527619        0.500000
37             0.527619              0.527619        0.500000
15             0.527619              0.527619        0.500000
35             0.527619              0.527619        0.500000
33             0.527619              0.527619        0.500000
17             0.527619              0.527619        0.500000
1              0.527619              0.527619        0.500000
29             0.527619              0.527619        0.500000
19             0.527619              0.527619        0.500000
27             0.527619              0.527619        0.500000
25             0.527619              0.527619        0.500000
59             0.527619              0.527619        0.500000
2023-05-27 17:12:59,444 [INFO] Best model :
SVC(C=1, gamma=0.01, random_state=42)
2023-05-27 17:12:59,450 [INFO] Save train_prediction_log data...
2023-05-27 17:12:59,453 [INFO] {'Data': 'train', 'ACC': '1.0 (144 / 144)', 'TP': 76, 'FP': 0, 'FN': 0, 'TN': 68, 'Precision': '1.0 (76 / 76 + 0)', 'Recall': '1.0 (76 / 76 + 0)', 'F1': '1.0 (2 * (1.0 * 1.0) / 1.0 + 1.0)', 'Specificity': '1.0 (68 / 68 + 0)', 'AUC': 1.0, 'r2': 1.0}
2023-05-27 17:12:59,456 [INFO] Save valid_prediction_log data...
2023-05-27 17:12:59,459 [INFO] {'Data': 'valid', 'ACC': '1.0 (28 / 28)', 'TP': 11, 'FP': 0, 'FN': 0, 'TN': 17, 'Precision': '1.0 (11 / 11 + 0)', 'Recall': '1.0 (11 / 11 + 0)', 'F1': '1.0 (2 * (1.0 * 1.0) / 1.0 + 1.0)', 'Specificity': '1.0 (17 / 17 + 0)', 'AUC': 1.0, 'r2': 1.0}
2023-05-27 17:12:59,468 [INFO] Save test_prediction_log data...
2023-05-27 17:12:59,470 [INFO] {'Data': 'test', 'ACC': '0.68 (19 / 28)', 'TP': 2, 'FP': 0, 'FN': 9, 'TN': 17, 'Precision': '1.0 (2 / 2 + 0)', 'Recall': '0.18 (2 / 2 + 9)', 'F1': '0.31 (2 * (0.18 * 1.0) / 0.18 + 1.0)', 'Specificity': '1.0 (17 / 17 + 0)', 'AUC': 0.59, 'r2': -0.35}
2023-05-27 17:12:59,472 [INFO] Save training_log data...
2023-05-27 17:12:59,473 [INFO] Save score_log data...
2023-05-27 17:12:59,474 [INFO] Time : 2.5539045333862305
