2023-05-29 00:08:06,308 [INFO] Train data : Vary_params_A\DUD-E\MK10\nG1_80\ECFP4_512bits\Robust\MK10_train_vector.tsv
2023-05-29 00:08:06,308 [INFO] Valid data : Vary_params_A\DUD-E\MK10\nG1_80\ECFP4_512bits\Robust\MK10_valid_vector.tsv
2023-05-29 00:08:06,308 [INFO] Output path : Vary_params_A\DUD-E\MK10\nG1_80\ECFP4_512bits\Robust\MK10_model\SVM
2023-05-29 00:08:06,308 [INFO] Model type : SVM
2023-05-29 00:08:06,308 [INFO] Use cores : 3
2023-05-29 00:08:06,341 [INFO] Start Learning model
2023-05-29 00:08:06,341 [INFO] Train : 74 | Valid : 26
2023-05-29 00:08:06,341 [INFO] Set parameters : {'kernel': ['linear', 'rbf'], 'C': [0.01, 0.1, 1, 10, 100, 1000], 'gamma': [0.01, 0.1, 1, 100, 1000]}
2023-05-29 00:08:11,499 [INFO] GridSearchCV results :
    mean_valid_accuracy  mean_valid_precision  mean_valid_auc
0              0.948214                  0.85        0.891667
20             0.948214                  0.85        0.891667
24             0.948214                  0.85        0.891667
26             0.948214                  0.85        0.891667
28             0.948214                  0.85        0.891667
32             0.948214                  0.85        0.891667
34             0.948214                  0.85        0.891667
36             0.948214                  0.85        0.891667
38             0.948214                  0.85        0.891667
40             0.948214                  0.85        0.891667
42             0.948214                  0.85        0.891667
44             0.948214                  0.85        0.891667
46             0.948214                  0.85        0.891667
48             0.948214                  0.85        0.891667
50             0.948214                  0.85        0.891667
52             0.948214                  0.85        0.891667
54             0.948214                  0.85        0.891667
56             0.948214                  0.85        0.891667
58             0.948214                  0.85        0.891667
22             0.948214                  0.85        0.891667
30             0.948214                  0.85        0.891667
10             0.948214                  0.85        0.891667
2              0.948214                  0.85        0.891667
18             0.948214                  0.85        0.891667
8              0.948214                  0.85        0.891667
16             0.948214                  0.85        0.891667
4              0.948214                  0.85        0.891667
12             0.948214                  0.85        0.891667
6              0.948214                  0.85        0.891667
14             0.948214                  0.85        0.891667
49             0.839286                  0.00        0.500000
9              0.839286                  0.00        0.500000
45             0.839286                  0.00        0.500000
47             0.839286                  0.00        0.500000
7              0.839286                  0.00        0.500000
21             0.839286                  0.00        0.500000
43             0.839286                  0.00        0.500000
5              0.839286                  0.00        0.500000
53             0.839286                  0.00        0.500000
55             0.839286                  0.00        0.500000
3              0.839286                  0.00        0.500000
57             0.839286                  0.00        0.500000
51             0.839286                  0.00        0.500000
11             0.839286                  0.00        0.500000
41             0.839286                  0.00        0.500000
19             0.839286                  0.00        0.500000
39             0.839286                  0.00        0.500000
37             0.839286                  0.00        0.500000
13             0.839286                  0.00        0.500000
35             0.839286                  0.00        0.500000
33             0.839286                  0.00        0.500000
15             0.839286                  0.00        0.500000
31             0.839286                  0.00        0.500000
1              0.839286                  0.00        0.500000
29             0.839286                  0.00        0.500000
27             0.839286                  0.00        0.500000
17             0.839286                  0.00        0.500000
25             0.839286                  0.00        0.500000
23             0.839286                  0.00        0.500000
59             0.839286                  0.00        0.500000
2023-05-29 00:08:11,500 [INFO] Best model :
SVC(C=0.01, gamma=0.01, kernel='linear', random_state=42)
2023-05-29 00:08:11,508 [INFO] Save train_prediction_log data...
2023-05-29 00:08:11,513 [INFO] {'Data': 'train', 'ACC': '1.0 (74 / 74)', 'TP': 12, 'FP': 0, 'FN': 0, 'TN': 62, 'Precision': '1.0 (12 / 12 + 0)', 'Recall': '1.0 (12 / 12 + 0)', 'F1': '1.0 (2 * (1.0 * 1.0) / 1.0 + 1.0)', 'Specificity': '1.0 (62 / 62 + 0)', 'AUC': 1.0, 'r2': 1.0}
2023-05-29 00:08:11,520 [INFO] Save valid_prediction_log data...
2023-05-29 00:08:11,523 [INFO] {'Data': 'valid', 'ACC': '0.96 (25 / 26)', 'TP': 9, 'FP': 0, 'FN': 1, 'TN': 16, 'Precision': '1.0 (9 / 9 + 0)', 'Recall': '0.9 (9 / 9 + 1)', 'F1': '0.95 (2 * (0.9 * 1.0) / 0.9 + 1.0)', 'Specificity': '1.0 (16 / 16 + 0)', 'AUC': 0.95, 'r2': 0.84}
2023-05-29 00:08:11,545 [INFO] Save test_prediction_log data...
2023-05-29 00:08:11,548 [INFO] {'Data': 'test', 'ACC': '0.69 (18 / 26)', 'TP': 2, 'FP': 0, 'FN': 8, 'TN': 16, 'Precision': '1.0 (2 / 2 + 0)', 'Recall': '0.2 (2 / 2 + 8)', 'F1': '0.33 (2 * (0.2 * 1.0) / 0.2 + 1.0)', 'Specificity': '1.0 (16 / 16 + 0)', 'AUC': 0.6, 'r2': -0.3}
2023-05-29 00:08:11,552 [INFO] Save training_log data...
2023-05-29 00:08:11,554 [INFO] Save score_log data...
2023-05-29 00:08:11,555 [INFO] Time : 5.246990442276001
