2023-05-28 00:29:44,543 [INFO] Train data : Vary_params\DUD-E\CSF1R\nG1_20\ECFP4_512bits\Robust\CSF1R_train_vector.tsv
2023-05-28 00:29:44,543 [INFO] Valid data : Vary_params\DUD-E\CSF1R\nG1_20\ECFP4_512bits\Robust\CSF1R_valid_vector.tsv
2023-05-28 00:29:44,543 [INFO] Output path : Vary_params\DUD-E\CSF1R\nG1_20\ECFP4_512bits\Robust\CSF1R_model\XGB
2023-05-28 00:29:44,543 [INFO] Model type : XGB
2023-05-28 00:29:44,544 [INFO] Use cores : 11
2023-05-28 00:29:44,571 [INFO] Start Learning model
2023-05-28 00:29:44,572 [INFO] Train : 216 | Valid : 47
2023-05-28 00:29:44,572 [INFO] Set parameters : {'max_depth': [4, 6, 8], 'learning_rate': [0.01, 0.2], 'n_estimators': [200, 600, 1000], 'gamma': [0, 1000], 'min_child_weight': [1, 3], 'subsample': [0.5, 1], 'colsample_bytree': [0.5, 1], 'objective': ['binary:logitraw'], 'eval_metric': ['auc', 'error']}
2023-05-28 00:47:55,893 [INFO] GridSearchCV results :
     mean_valid_accuracy  mean_valid_precision  mean_valid_auc
40              0.972511              0.990909        0.972273
184             0.972511              0.990909        0.972273
64              0.967749              0.981818        0.967727
52              0.967749              0.981818        0.967727
194             0.963203              0.981818        0.962727
..                   ...                   ...             ...
361             0.518615              0.000000        0.500000
360             0.518615              0.000000        0.500000
111             0.518615              0.000000        0.500000
112             0.518615              0.000000        0.500000
575             0.518615              0.000000        0.500000

[576 rows x 3 columns]
2023-05-28 00:47:55,896 [INFO] Best model :
XGBClassifier(base_score=None, booster=None, callbacks=None,
              colsample_bylevel=None, colsample_bynode=None,
              colsample_bytree=0.5, early_stopping_rounds=None,
              enable_categorical=False, eval_metric='auc', feature_types=None,
              gamma=0, gpu_id=None, grow_policy=None, importance_type=None,
              interaction_constraints=None, learning_rate=0.2, max_bin=None,
              max_cat_threshold=None, max_cat_to_onehot=None,
              max_delta_step=None, max_depth=4, max_leaves=None,
              min_child_weight=1, missing=nan, monotone_constraints=None,
              n_estimators=1000, n_jobs=0, num_parallel_tree=None,
              objective='binary:logitraw', predictor=None, ...)
2023-05-28 00:47:55,916 [INFO] Save train_prediction_log data...
2023-05-28 00:47:55,921 [INFO] {'Data': 'train', 'ACC': '1.0 (216 / 216)', 'TP': 104, 'FP': 0, 'FN': 0, 'TN': 112, 'Precision': '1.0 (104 / 104 + 0)', 'Recall': '1.0 (104 / 104 + 0)', 'F1': '1.0 (2 * (1.0 * 1.0) / 1.0 + 1.0)', 'Specificity': '1.0 (112 / 112 + 0)', 'AUC': 1.0, 'r2': 1.0}
2023-05-28 00:47:55,938 [INFO] Save valid_prediction_log data...
2023-05-28 00:47:55,941 [INFO] {'Data': 'valid', 'ACC': '0.94 (44 / 47)', 'TP': 19, 'FP': 3, 'FN': 0, 'TN': 25, 'Precision': '0.86 (19 / 19 + 3)', 'Recall': '1.0 (19 / 19 + 0)', 'F1': '0.92 (2 * (1.0 * 0.86) / 1.0 + 0.86)', 'Specificity': '0.89 (25 / 25 + 3)', 'AUC': 0.95, 'r2': 0.73}
2023-05-28 00:47:55,973 [INFO] Save test_prediction_log data...
2023-05-28 00:47:55,977 [INFO] {'Data': 'test', 'ACC': '0.53 (25 / 47)', 'TP': 15, 'FP': 18, 'FN': 4, 'TN': 10, 'Precision': '0.45 (15 / 15 + 18)', 'Recall': '0.79 (15 / 15 + 4)', 'F1': '0.57 (2 * (0.79 * 0.45) / 0.79 + 0.45)', 'Specificity': '0.36 (10 / 10 + 18)', 'AUC': 0.57, 'r2': -0.94}
2023-05-28 00:47:55,993 [INFO] Save training_log data...
2023-05-28 00:47:55,999 [INFO] Save score_log data...
2023-05-28 00:47:56,001 [INFO] Time : 1091.4579854011536
