2023-05-28 05:48:15,605 [INFO] Train data : Vary_params\DUD-E\WEE1\nG1_50\ECFP4_256bits\Robust\WEE1_train_vector.tsv
2023-05-28 05:48:15,605 [INFO] Valid data : Vary_params\DUD-E\WEE1\nG1_50\ECFP4_256bits\Robust\WEE1_valid_vector.tsv
2023-05-28 05:48:15,605 [INFO] Output path : Vary_params\DUD-E\WEE1\nG1_50\ECFP4_256bits\Robust\WEE1_model\SVM
2023-05-28 05:48:15,605 [INFO] Model type : SVM
2023-05-28 05:48:15,605 [INFO] Use cores : 10
2023-05-28 05:48:15,618 [INFO] Start Learning model
2023-05-28 05:48:15,618 [INFO] Train : 101 | Valid : 25
2023-05-28 05:48:15,618 [INFO] Set parameters : {'kernel': ['linear', 'rbf'], 'C': [0.01, 0.1, 1, 10, 100, 1000], 'gamma': [0.01, 0.1, 1, 100, 1000]}
2023-05-28 05:48:22,187 [INFO] GridSearchCV results :
    mean_valid_accuracy  mean_valid_precision  mean_valid_auc
0              1.000000                   1.0             1.0
20             1.000000                   1.0             1.0
24             1.000000                   1.0             1.0
26             1.000000                   1.0             1.0
28             1.000000                   1.0             1.0
32             1.000000                   1.0             1.0
34             1.000000                   1.0             1.0
36             1.000000                   1.0             1.0
38             1.000000                   1.0             1.0
40             1.000000                   1.0             1.0
42             1.000000                   1.0             1.0
44             1.000000                   1.0             1.0
46             1.000000                   1.0             1.0
48             1.000000                   1.0             1.0
50             1.000000                   1.0             1.0
52             1.000000                   1.0             1.0
54             1.000000                   1.0             1.0
56             1.000000                   1.0             1.0
58             1.000000                   1.0             1.0
22             1.000000                   1.0             1.0
30             1.000000                   1.0             1.0
10             1.000000                   1.0             1.0
2              1.000000                   1.0             1.0
18             1.000000                   1.0             1.0
8              1.000000                   1.0             1.0
16             1.000000                   1.0             1.0
4              1.000000                   1.0             1.0
12             1.000000                   1.0             1.0
6              1.000000                   1.0             1.0
14             1.000000                   1.0             1.0
49             0.603636                   0.0             0.5
9              0.603636                   0.0             0.5
45             0.603636                   0.0             0.5
47             0.603636                   0.0             0.5
7              0.603636                   0.0             0.5
21             0.603636                   0.0             0.5
43             0.603636                   0.0             0.5
5              0.603636                   0.0             0.5
53             0.603636                   0.0             0.5
55             0.603636                   0.0             0.5
3              0.603636                   0.0             0.5
57             0.603636                   0.0             0.5
51             0.603636                   0.0             0.5
11             0.603636                   0.0             0.5
41             0.603636                   0.0             0.5
19             0.603636                   0.0             0.5
39             0.603636                   0.0             0.5
37             0.603636                   0.0             0.5
13             0.603636                   0.0             0.5
35             0.603636                   0.0             0.5
33             0.603636                   0.0             0.5
15             0.603636                   0.0             0.5
31             0.603636                   0.0             0.5
1              0.603636                   0.0             0.5
29             0.603636                   0.0             0.5
27             0.603636                   0.0             0.5
17             0.603636                   0.0             0.5
25             0.603636                   0.0             0.5
23             0.603636                   0.0             0.5
59             0.603636                   0.0             0.5
2023-05-28 05:48:22,189 [INFO] Best model :
SVC(C=0.01, gamma=0.01, kernel='linear', random_state=42)
2023-05-28 05:48:22,195 [INFO] Save train_prediction_log data...
2023-05-28 05:48:22,200 [INFO] {'Data': 'train', 'ACC': '1.0 (101 / 101)', 'TP': 40, 'FP': 0, 'FN': 0, 'TN': 61, 'Precision': '1.0 (40 / 40 + 0)', 'Recall': '1.0 (40 / 40 + 0)', 'F1': '1.0 (2 * (1.0 * 1.0) / 1.0 + 1.0)', 'Specificity': '1.0 (61 / 61 + 0)', 'AUC': 1.0, 'r2': 1.0}
2023-05-28 05:48:22,203 [INFO] Save valid_prediction_log data...
2023-05-28 05:48:22,206 [INFO] {'Data': 'valid', 'ACC': '1.0 (25 / 25)', 'TP': 10, 'FP': 0, 'FN': 0, 'TN': 15, 'Precision': '1.0 (10 / 10 + 0)', 'Recall': '1.0 (10 / 10 + 0)', 'F1': '1.0 (2 * (1.0 * 1.0) / 1.0 + 1.0)', 'Specificity': '1.0 (15 / 15 + 0)', 'AUC': 1.0, 'r2': 1.0}
2023-05-28 05:48:22,215 [INFO] Save test_prediction_log data...
2023-05-28 05:48:22,218 [INFO] {'Data': 'test', 'ACC': '0.72 (18 / 25)', 'TP': 5, 'FP': 2, 'FN': 5, 'TN': 13, 'Precision': '0.71 (5 / 5 + 2)', 'Recall': '0.5 (5 / 5 + 5)', 'F1': '0.59 (2 * (0.5 * 0.71) / 0.5 + 0.71)', 'Specificity': '0.87 (13 / 13 + 2)', 'AUC': 0.68, 'r2': -0.17}
2023-05-28 05:48:22,221 [INFO] Save training_log data...
2023-05-28 05:48:22,222 [INFO] Save score_log data...
2023-05-28 05:48:22,223 [INFO] Time : 6.618000268936157
