2023-05-28 22:15:29,932 [INFO] Train data : Vary_params\DUD-E\FAK1\nG1_80\ECFP6_256bits\MinMax\FAK1_train_vector.tsv
2023-05-28 22:15:29,932 [INFO] Valid data : Vary_params\DUD-E\FAK1\nG1_80\ECFP6_256bits\MinMax\FAK1_valid_vector.tsv
2023-05-28 22:15:29,932 [INFO] Output path : Vary_params\DUD-E\FAK1\nG1_80\ECFP6_256bits\MinMax\FAK1_model\SVM
2023-05-28 22:15:29,932 [INFO] Model type : SVM
2023-05-28 22:15:29,932 [INFO] Use cores : 11
2023-05-28 22:15:29,946 [INFO] Start Learning model
2023-05-28 22:15:29,946 [INFO] Train : 63 | Valid : 23
2023-05-28 22:15:29,946 [INFO] Set parameters : {'kernel': ['linear', 'rbf'], 'C': [0.01, 0.1, 1, 10, 100, 1000], 'gamma': [0.01, 0.1, 1, 100, 1000]}
2023-05-28 22:15:33,274 [INFO] GridSearchCV results :
    mean_valid_accuracy  mean_valid_precision  mean_valid_auc
0              0.985714                   0.6            0.65
22             0.985714                   0.6            0.65
26             0.985714                   0.6            0.65
28             0.985714                   0.6            0.65
31             0.985714                   0.6            0.65
32             0.985714                   0.6            0.65
34             0.985714                   0.6            0.65
36             0.985714                   0.6            0.65
38             0.985714                   0.6            0.65
40             0.985714                   0.6            0.65
41             0.985714                   0.6            0.65
42             0.985714                   0.6            0.65
44             0.985714                   0.6            0.65
46             0.985714                   0.6            0.65
48             0.985714                   0.6            0.65
50             0.985714                   0.6            0.65
51             0.985714                   0.6            0.65
52             0.985714                   0.6            0.65
54             0.985714                   0.6            0.65
56             0.985714                   0.6            0.65
58             0.985714                   0.6            0.65
24             0.985714                   0.6            0.65
30             0.985714                   0.6            0.65
12             0.985714                   0.6            0.65
2              0.985714                   0.6            0.65
20             0.985714                   0.6            0.65
21             0.985714                   0.6            0.65
4              0.985714                   0.6            0.65
18             0.985714                   0.6            0.65
8              0.985714                   0.6            0.65
10             0.985714                   0.6            0.65
16             0.985714                   0.6            0.65
6              0.985714                   0.6            0.65
14             0.985714                   0.6            0.65
49             0.890476                   0.0            0.35
9              0.890476                   0.0            0.35
47             0.890476                   0.0            0.35
5              0.890476                   0.0            0.35
7              0.890476                   0.0            0.35
53             0.890476                   0.0            0.35
55             0.890476                   0.0            0.35
3              0.890476                   0.0            0.35
57             0.890476                   0.0            0.35
45             0.890476                   0.0            0.35
23             0.890476                   0.0            0.35
43             0.890476                   0.0            0.35
11             0.890476                   0.0            0.35
13             0.890476                   0.0            0.35
39             0.890476                   0.0            0.35
37             0.890476                   0.0            0.35
15             0.890476                   0.0            0.35
35             0.890476                   0.0            0.35
33             0.890476                   0.0            0.35
17             0.890476                   0.0            0.35
1              0.890476                   0.0            0.35
29             0.890476                   0.0            0.35
19             0.890476                   0.0            0.35
27             0.890476                   0.0            0.35
25             0.890476                   0.0            0.35
59             0.890476                   0.0            0.35
2023-05-28 22:15:33,283 [INFO] Best model :
SVC(C=0.01, gamma=0.01, kernel='linear', random_state=42)
2023-05-28 22:15:33,288 [INFO] Save train_prediction_log data...
2023-05-28 22:15:33,293 [INFO] {'Data': 'train', 'ACC': '0.98 (62 / 63)', 'TP': 6, 'FP': 0, 'FN': 1, 'TN': 56, 'Precision': '1.0 (6 / 6 + 0)', 'Recall': '0.86 (6 / 6 + 1)', 'F1': '0.92 (2 * (0.86 * 1.0) / 0.86 + 1.0)', 'Specificity': '1.0 (56 / 56 + 0)', 'AUC': 0.93, 'r2': 0.84}
2023-05-28 22:15:33,299 [INFO] Save valid_prediction_log data...
2023-05-28 22:15:33,302 [INFO] {'Data': 'valid', 'ACC': '1.0 (23 / 23)', 'TP': 9, 'FP': 0, 'FN': 0, 'TN': 14, 'Precision': '1.0 (9 / 9 + 0)', 'Recall': '1.0 (9 / 9 + 0)', 'F1': '1.0 (2 * (1.0 * 1.0) / 1.0 + 1.0)', 'Specificity': '1.0 (14 / 14 + 0)', 'AUC': 1.0, 'r2': 1.0}
2023-05-28 22:15:33,316 [INFO] Save test_prediction_log data...
2023-05-28 22:15:33,321 [INFO] {'Data': 'test', 'ACC': '0.61 (14 / 23)', 'TP': 0, 'FP': 0, 'FN': 9, 'TN': 14, 'Precision': '0 (0 / 0 + 0)', 'Recall': '0 (0 / 0 + 9)', 'F1': '0 (2 * (0 * 0) / 0 + 0)', 'Specificity': '1.0 (14 / 14 + 0)', 'AUC': 0.5, 'r2': -0.64}
2023-05-28 22:15:33,325 [INFO] Save training_log data...
2023-05-28 22:15:33,326 [INFO] Save score_log data...
2023-05-28 22:15:33,328 [INFO] Time : 3.3954310417175293
