2023-05-28 23:14:03,729 [INFO] Train data : Vary_params_ABL_BRAF_FGFR1\DUD-E\ABL1\nG1_80\ECFP4_512bits\MinMax\ABL1_train_vector.tsv
2023-05-28 23:14:03,729 [INFO] Valid data : Vary_params_ABL_BRAF_FGFR1\DUD-E\ABL1\nG1_80\ECFP4_512bits\MinMax\ABL1_valid_vector.tsv
2023-05-28 23:14:03,729 [INFO] Output path : Vary_params_ABL_BRAF_FGFR1\DUD-E\ABL1\nG1_80\ECFP4_512bits\MinMax\ABL1_model\XGB
2023-05-28 23:14:03,729 [INFO] Model type : XGB
2023-05-28 23:14:03,729 [INFO] Use cores : 19
2023-05-28 23:14:03,750 [INFO] Start Learning model
2023-05-28 23:14:03,750 [INFO] Train : 234 | Valid : 66
2023-05-28 23:14:03,751 [INFO] Set parameters : {'max_depth': [4, 6, 8], 'learning_rate': [0.01, 0.2], 'n_estimators': [200, 600, 1000], 'gamma': [0, 1000], 'min_child_weight': [1, 3], 'subsample': [0.5, 1], 'colsample_bytree': [0.5, 1], 'objective': ['binary:logitraw'], 'eval_metric': ['auc', 'error']}
2023-05-28 23:22:36,179 [INFO] GridSearchCV results :
     mean_valid_accuracy  mean_valid_precision  mean_valid_auc
311             0.970471                0.9875        0.958482
323             0.970471                0.9875        0.958482
173             0.974638                0.9875        0.964732
29              0.974638                0.9875        0.964732
28              0.970471                0.9875        0.958482
..                   ...                   ...             ...
382             0.675362                0.0000        0.500000
381             0.675362                0.0000        0.500000
380             0.675362                0.0000        0.500000
379             0.675362                0.0000        0.500000
575             0.675362                0.0000        0.500000

[576 rows x 3 columns]
2023-05-28 23:22:36,181 [INFO] Best model :
XGBClassifier(base_score=None, booster=None, callbacks=None,
              colsample_bylevel=None, colsample_bynode=None,
              colsample_bytree=0.5, early_stopping_rounds=None,
              enable_categorical=False, eval_metric='auc', feature_types=None,
              gamma=0, gpu_id=None, grow_policy=None, importance_type=None,
              interaction_constraints=None, learning_rate=0.01, max_bin=None,
              max_cat_threshold=None, max_cat_to_onehot=None,
              max_delta_step=None, max_depth=4, max_leaves=None,
              min_child_weight=1, missing=nan, monotone_constraints=None,
              n_estimators=600, n_jobs=0, num_parallel_tree=None,
              objective='binary:logitraw', predictor=None, ...)
2023-05-28 23:22:36,196 [INFO] Save train_prediction_log data...
2023-05-28 23:22:36,210 [INFO] {'Data': 'train', 'ACC': '1.0 (234 / 234)', 'TP': 76, 'FP': 0, 'FN': 0, 'TN': 158, 'Precision': '1.0 (76 / 76 + 0)', 'Recall': '1.0 (76 / 76 + 0)', 'F1': '1.0 (2 * (1.0 * 1.0) / 1.0 + 1.0)', 'Specificity': '1.0 (158 / 158 + 0)', 'AUC': 1.0, 'r2': 1.0}
2023-05-28 23:22:36,224 [INFO] Save valid_prediction_log data...
2023-05-28 23:22:36,226 [INFO] {'Data': 'valid', 'ACC': '1.0 (66 / 66)', 'TP': 26, 'FP': 0, 'FN': 0, 'TN': 40, 'Precision': '1.0 (26 / 26 + 0)', 'Recall': '1.0 (26 / 26 + 0)', 'F1': '1.0 (2 * (1.0 * 1.0) / 1.0 + 1.0)', 'Specificity': '1.0 (40 / 40 + 0)', 'AUC': 1.0, 'r2': 1.0}
2023-05-28 23:22:36,251 [INFO] Save test_prediction_log data...
2023-05-28 23:22:36,254 [INFO] {'Data': 'test', 'ACC': '0.64 (42 / 66)', 'TP': 9, 'FP': 7, 'FN': 17, 'TN': 33, 'Precision': '0.56 (9 / 9 + 7)', 'Recall': '0.35 (9 / 9 + 17)', 'F1': '0.43 (2 * (0.35 * 0.56) / 0.35 + 0.56)', 'Specificity': '0.82 (33 / 33 + 7)', 'AUC': 0.59, 'r2': -0.52}
2023-05-28 23:22:36,264 [INFO] Save training_log data...
2023-05-28 23:22:36,593 [INFO] Save score_log data...
2023-05-28 23:22:36,594 [INFO] Time : 512.8651058673859
