2023-05-28 21:24:47,842 [INFO] Train data : Vary_params_FGFR1\DUD-E\FGFR1\nG1_50\ECFP4_512bits\Standard\FGFR1_train_vector.tsv
2023-05-28 21:24:47,842 [INFO] Valid data : Vary_params_FGFR1\DUD-E\FGFR1\nG1_50\ECFP4_512bits\Standard\FGFR1_valid_vector.tsv
2023-05-28 21:24:47,842 [INFO] Output path : Vary_params_FGFR1\DUD-E\FGFR1\nG1_50\ECFP4_512bits\Standard\FGFR1_model\SVM
2023-05-28 21:24:47,842 [INFO] Model type : SVM
2023-05-28 21:24:47,843 [INFO] Use cores : 10
2023-05-28 21:24:47,887 [INFO] Start Learning model
2023-05-28 21:24:47,887 [INFO] Train : 173 | Valid : 43
2023-05-28 21:24:47,887 [INFO] Set parameters : {'kernel': ['linear', 'rbf'], 'C': [0.01, 0.1, 1, 10, 100, 1000], 'gamma': [0.01, 0.1, 1, 100, 1000]}
2023-05-28 21:24:54,579 [INFO] GridSearchCV results :
    mean_valid_accuracy  mean_valid_precision  mean_valid_auc
0              0.982353                   1.0        0.978571
22             0.982353                   1.0        0.978571
26             0.982353                   1.0        0.978571
28             0.982353                   1.0        0.978571
31             0.774183                   1.0        0.721429
32             0.982353                   1.0        0.978571
34             0.982353                   1.0        0.978571
36             0.982353                   1.0        0.978571
38             0.982353                   1.0        0.978571
40             0.982353                   1.0        0.978571
41             0.774183                   1.0        0.721429
42             0.982353                   1.0        0.978571
44             0.982353                   1.0        0.978571
46             0.982353                   1.0        0.978571
48             0.982353                   1.0        0.978571
50             0.982353                   1.0        0.978571
51             0.774183                   1.0        0.721429
52             0.982353                   1.0        0.978571
54             0.982353                   1.0        0.978571
56             0.982353                   1.0        0.978571
58             0.982353                   1.0        0.978571
24             0.982353                   1.0        0.978571
30             0.982353                   1.0        0.978571
12             0.982353                   1.0        0.978571
2              0.982353                   1.0        0.978571
20             0.982353                   1.0        0.978571
21             0.727778                   1.0        0.661905
4              0.982353                   1.0        0.978571
18             0.982353                   1.0        0.978571
8              0.982353                   1.0        0.978571
10             0.982353                   1.0        0.978571
16             0.982353                   1.0        0.978571
6              0.982353                   1.0        0.978571
14             0.982353                   1.0        0.978571
49             0.600980                   0.0        0.500000
9              0.600980                   0.0        0.500000
47             0.600980                   0.0        0.500000
5              0.600980                   0.0        0.500000
7              0.600980                   0.0        0.500000
53             0.600980                   0.0        0.500000
55             0.600980                   0.0        0.500000
3              0.600980                   0.0        0.500000
57             0.600980                   0.0        0.500000
45             0.600980                   0.0        0.500000
23             0.600980                   0.0        0.500000
43             0.600980                   0.0        0.500000
11             0.600980                   0.0        0.500000
13             0.600980                   0.0        0.500000
39             0.600980                   0.0        0.500000
37             0.600980                   0.0        0.500000
15             0.600980                   0.0        0.500000
35             0.600980                   0.0        0.500000
33             0.600980                   0.0        0.500000
17             0.600980                   0.0        0.500000
1              0.600980                   0.0        0.500000
29             0.600980                   0.0        0.500000
19             0.600980                   0.0        0.500000
27             0.600980                   0.0        0.500000
25             0.600980                   0.0        0.500000
59             0.600980                   0.0        0.500000
2023-05-28 21:24:54,580 [INFO] Best model :
SVC(C=0.01, gamma=0.01, kernel='linear', random_state=42)
2023-05-28 21:24:54,591 [INFO] Save train_prediction_log data...
2023-05-28 21:24:54,596 [INFO] {'Data': 'train', 'ACC': '1.0 (173 / 173)', 'TP': 69, 'FP': 0, 'FN': 0, 'TN': 104, 'Precision': '1.0 (69 / 69 + 0)', 'Recall': '1.0 (69 / 69 + 0)', 'F1': '1.0 (2 * (1.0 * 1.0) / 1.0 + 1.0)', 'Specificity': '1.0 (104 / 104 + 0)', 'AUC': 1.0, 'r2': 1.0}
2023-05-28 21:24:54,604 [INFO] Save valid_prediction_log data...
2023-05-28 21:24:54,607 [INFO] {'Data': 'valid', 'ACC': '0.98 (42 / 43)', 'TP': 17, 'FP': 1, 'FN': 0, 'TN': 25, 'Precision': '0.94 (17 / 17 + 1)', 'Recall': '1.0 (17 / 17 + 0)', 'F1': '0.97 (2 * (1.0 * 0.94) / 1.0 + 0.94)', 'Specificity': '0.96 (25 / 25 + 1)', 'AUC': 0.98, 'r2': 0.9}
2023-05-28 21:24:54,625 [INFO] Save test_prediction_log data...
2023-05-28 21:24:54,629 [INFO] {'Data': 'test', 'ACC': '0.63 (27 / 43)', 'TP': 7, 'FP': 6, 'FN': 10, 'TN': 20, 'Precision': '0.54 (7 / 7 + 6)', 'Recall': '0.41 (7 / 7 + 10)', 'F1': '0.47 (2 * (0.41 * 0.54) / 0.41 + 0.54)', 'Specificity': '0.77 (20 / 20 + 6)', 'AUC': 0.59, 'r2': -0.56}
2023-05-28 21:24:54,631 [INFO] Save training_log data...
2023-05-28 21:24:54,633 [INFO] Save score_log data...
2023-05-28 21:24:54,635 [INFO] Time : 6.7930004596710205
