2023-05-28 19:48:42,066 [INFO] Train data : Vary_params_FGFR1\DUD-E\FGFR1\nG1_50\ECFP4_256bits\Robust\FGFR1_train_vector.tsv
2023-05-28 19:48:42,066 [INFO] Valid data : Vary_params_FGFR1\DUD-E\FGFR1\nG1_50\ECFP4_256bits\Robust\FGFR1_valid_vector.tsv
2023-05-28 19:48:42,066 [INFO] Output path : Vary_params_FGFR1\DUD-E\FGFR1\nG1_50\ECFP4_256bits\Robust\FGFR1_model\SVM
2023-05-28 19:48:42,066 [INFO] Model type : SVM
2023-05-28 19:48:42,066 [INFO] Use cores : 10
2023-05-28 19:48:42,080 [INFO] Start Learning model
2023-05-28 19:48:42,080 [INFO] Train : 173 | Valid : 43
2023-05-28 19:48:42,080 [INFO] Set parameters : {'kernel': ['linear', 'rbf'], 'C': [0.01, 0.1, 1, 10, 100, 1000], 'gamma': [0.01, 0.1, 1, 100, 1000]}
2023-05-28 19:48:50,353 [INFO] GridSearchCV results :
    mean_valid_accuracy  mean_valid_precision  mean_valid_auc
0              0.965359              0.933929        0.969221
20             0.965359              0.933929        0.969221
24             0.965359              0.933929        0.969221
26             0.965359              0.933929        0.969221
28             0.965359              0.933929        0.969221
32             0.965359              0.933929        0.969221
34             0.965359              0.933929        0.969221
36             0.965359              0.933929        0.969221
38             0.965359              0.933929        0.969221
40             0.965359              0.933929        0.969221
42             0.965359              0.933929        0.969221
44             0.965359              0.933929        0.969221
46             0.965359              0.933929        0.969221
48             0.965359              0.933929        0.969221
50             0.965359              0.933929        0.969221
52             0.965359              0.933929        0.969221
54             0.965359              0.933929        0.969221
56             0.965359              0.933929        0.969221
58             0.965359              0.933929        0.969221
22             0.965359              0.933929        0.969221
30             0.965359              0.933929        0.969221
10             0.965359              0.933929        0.969221
2              0.965359              0.933929        0.969221
18             0.965359              0.933929        0.969221
8              0.965359              0.933929        0.969221
16             0.965359              0.933929        0.969221
4              0.965359              0.933929        0.969221
12             0.965359              0.933929        0.969221
6              0.965359              0.933929        0.969221
14             0.965359              0.933929        0.969221
49             0.600980              0.000000        0.500000
9              0.600980              0.000000        0.500000
45             0.600980              0.000000        0.500000
47             0.600980              0.000000        0.500000
7              0.600980              0.000000        0.500000
21             0.600980              0.000000        0.500000
43             0.600980              0.000000        0.500000
5              0.600980              0.000000        0.500000
53             0.600980              0.000000        0.500000
55             0.600980              0.000000        0.500000
3              0.600980              0.000000        0.500000
57             0.600980              0.000000        0.500000
51             0.600980              0.000000        0.500000
11             0.600980              0.000000        0.500000
41             0.600980              0.000000        0.500000
19             0.600980              0.000000        0.500000
39             0.600980              0.000000        0.500000
37             0.600980              0.000000        0.500000
13             0.600980              0.000000        0.500000
35             0.600980              0.000000        0.500000
33             0.600980              0.000000        0.500000
15             0.600980              0.000000        0.500000
31             0.600980              0.000000        0.500000
1              0.600980              0.000000        0.500000
29             0.600980              0.000000        0.500000
27             0.600980              0.000000        0.500000
17             0.600980              0.000000        0.500000
25             0.600980              0.000000        0.500000
23             0.600980              0.000000        0.500000
59             0.600980              0.000000        0.500000
2023-05-28 19:48:50,355 [INFO] Best model :
SVC(C=0.01, gamma=0.01, kernel='linear', random_state=42)
2023-05-28 19:48:50,362 [INFO] Save train_prediction_log data...
2023-05-28 19:48:50,367 [INFO] {'Data': 'train', 'ACC': '1.0 (173 / 173)', 'TP': 69, 'FP': 0, 'FN': 0, 'TN': 104, 'Precision': '1.0 (69 / 69 + 0)', 'Recall': '1.0 (69 / 69 + 0)', 'F1': '1.0 (2 * (1.0 * 1.0) / 1.0 + 1.0)', 'Specificity': '1.0 (104 / 104 + 0)', 'AUC': 1.0, 'r2': 1.0}
2023-05-28 19:48:50,373 [INFO] Save valid_prediction_log data...
2023-05-28 19:48:50,376 [INFO] {'Data': 'valid', 'ACC': '0.93 (40 / 43)', 'TP': 17, 'FP': 3, 'FN': 0, 'TN': 23, 'Precision': '0.85 (17 / 17 + 3)', 'Recall': '1.0 (17 / 17 + 0)', 'F1': '0.92 (2 * (1.0 * 0.85) / 1.0 + 0.85)', 'Specificity': '0.88 (23 / 23 + 3)', 'AUC': 0.94, 'r2': 0.71}
2023-05-28 19:48:50,390 [INFO] Save test_prediction_log data...
2023-05-28 19:48:50,396 [INFO] {'Data': 'test', 'ACC': '0.58 (25 / 43)', 'TP': 6, 'FP': 7, 'FN': 11, 'TN': 19, 'Precision': '0.46 (6 / 6 + 7)', 'Recall': '0.35 (6 / 6 + 11)', 'F1': '0.4 (2 * (0.35 * 0.46) / 0.35 + 0.46)', 'Specificity': '0.73 (19 / 19 + 7)', 'AUC': 0.54, 'r2': -0.75}
2023-05-28 19:48:50,399 [INFO] Save training_log data...
2023-05-28 19:48:50,401 [INFO] Save score_log data...
2023-05-28 19:48:50,402 [INFO] Time : 8.336523056030273
