2023-04-08 04:51:04,984 [INFO] Train data : D:\PARK\Lab\Database\ADis-QSAR_final\data\DUDE\MAPK2\ECFP4_256bits\preprocessing\MAPK2_train_vector.tsv
2023-04-08 04:51:04,984 [INFO] Test data : D:\PARK\Lab\Database\ADis-QSAR_final\data\DUDE\MAPK2\ECFP4_256bits\preprocessing\MAPK2_test_vector.tsv
2023-04-08 04:51:04,984 [INFO] Output path : D:\PARK\Lab\Database\ADis-QSAR_final\data\DUDE\MAPK2\ECFP4_256bits\MAPK2_model\XGB
2023-04-08 04:51:04,984 [INFO] Model type : XGB
2023-04-08 04:51:04,984 [INFO] Use cores : 10
2023-04-08 04:51:04,996 [INFO] Start Learning model
2023-04-08 04:51:04,996 [INFO] Train : 103 | Test : 26
2023-04-08 04:51:04,997 [INFO] Set parameters : {'max_depth': [4, 6, 8], 'learning_rate': [0.01, 0.2], 'n_estimators': [200, 600, 1000], 'gamma': [0, 1000], 'min_child_weight': [1, 3], 'subsample': [0.5, 1], 'colsample_bytree': [0.5, 1], 'objective': ['binary:logitraw'], 'eval_metric': ['auc', 'error']}
2023-04-08 04:54:55,064 [INFO] GridSearchCV results :
     mean_valid_accuracy  mean_valid_precision  mean_valid_auc
491             0.980000                  0.98        0.979167
477             0.980000                  0.98        0.979167
347             0.980000                  0.98        0.979167
184             0.961818                  0.98        0.956667
185             0.970909                  0.98        0.969167
..                   ...                   ...             ...
381             0.601818                  0.00        0.500000
380             0.601818                  0.00        0.500000
379             0.601818                  0.00        0.500000
378             0.601818                  0.00        0.500000
575             0.601818                  0.00        0.500000

[576 rows x 3 columns]
2023-04-08 04:54:55,067 [INFO] Best model :
XGBClassifier(base_score=0.5, booster='gbtree', callbacks=None,
              colsample_bylevel=1, colsample_bynode=1, colsample_bytree=0.5,
              early_stopping_rounds=None, enable_categorical=False,
              eval_metric='auc', gamma=0, gpu_id=-1, grow_policy='depthwise',
              importance_type=None, interaction_constraints='',
              learning_rate=0.01, max_bin=256, max_cat_to_onehot=4,
              max_delta_step=0, max_depth=4, max_leaves=0, min_child_weight=3,
              missing=nan, monotone_constraints='()', n_estimators=600,
              n_jobs=0, num_parallel_tree=1, objective='binary:logitraw',
              predictor='auto', random_state=42, reg_alpha=0, ...)
2023-04-08 04:54:55,074 [INFO] Save train_prediction_log data...
2023-04-08 04:54:55,077 [INFO] {'Data': 'train', 'ACC': '0.99 (102 / 103)', 'TP': 41, 'FP': 1, 'FN': 0, 'TN': 61, 'Precision': '0.98 (41 / 41 + 1)', 'Recall': '1.0 (41 / 41 + 0)', 'F1': '0.99 (2 * (1.0 * 0.98) / 1.0 + 0.98)', 'Specificity': '0.98 (61 / 61 + 1)', 'AUC': 0.99, 'r2': 0.96}
2023-04-08 04:54:55,083 [INFO] Save test_prediction_log data...
2023-04-08 04:54:55,086 [INFO] {'Data': 'test', 'ACC': '0.96 (25 / 26)', 'TP': 9, 'FP': 0, 'FN': 1, 'TN': 16, 'Precision': '1.0 (9 / 9 + 0)', 'Recall': '0.9 (9 / 9 + 1)', 'F1': '0.95 (2 * (0.9 * 1.0) / 0.9 + 1.0)', 'Specificity': '1.0 (16 / 16 + 0)', 'AUC': 0.95, 'r2': 0.84}
2023-04-08 04:54:55,101 [INFO] Save ext_prediction_log data...
2023-04-08 04:54:55,103 [INFO] {'Data': 'ext', 'ACC': '0.69 (18 / 26)', 'TP': 5, 'FP': 3, 'FN': 5, 'TN': 13, 'Precision': '0.62 (5 / 5 + 3)', 'Recall': '0.5 (5 / 5 + 5)', 'F1': '0.55 (2 * (0.5 * 0.62) / 0.5 + 0.62)', 'Specificity': '0.81 (13 / 13 + 3)', 'AUC': 0.66, 'r2': -0.3}
2023-04-08 04:54:55,113 [INFO] Save training_log data...
2023-04-08 04:54:55,130 [INFO] Save score_log data...
2023-04-08 04:54:55,131 [INFO] Time : 230.14714336395264
