2023-05-28 18:18:07,141 [INFO] Train data : Vary_params\DUD-E\FAK1\nG1_50\ECFP4_512bits\MinMax\FAK1_train_vector.tsv
2023-05-28 18:18:07,141 [INFO] Valid data : Vary_params\DUD-E\FAK1\nG1_50\ECFP4_512bits\MinMax\FAK1_valid_vector.tsv
2023-05-28 18:18:07,141 [INFO] Output path : Vary_params\DUD-E\FAK1\nG1_50\ECFP4_512bits\MinMax\FAK1_model\MLP
2023-05-28 18:18:07,141 [INFO] Model type : MLP
2023-05-28 18:18:07,141 [INFO] Use cores : 11
2023-05-28 18:18:07,164 [INFO] Start Learning model
2023-05-28 18:18:07,164 [INFO] Train : 93 | Valid : 23
2023-05-28 18:18:07,164 [INFO] Set parameters : {'hidden_layer_sizes': [(50,), (100,), (50, 50), (100, 100)], 'learning_rate': ['constant', 'invscaling', 'adaptive'], 'activation': ['relu', 'identity', 'logistic', 'tanh'], 'solver': ['adam', 'sgd', 'lbfgs'], 'alpha': [0.1, 0.01, 0.001], 'max_iter': [500, 1000], 'early_stopping': [True]}
2023-05-28 18:21:28,875 [INFO] GridSearchCV results :
     mean_valid_accuracy  mean_valid_precision  mean_valid_auc
863             0.990000                   1.0        0.987500
251             0.990000                   1.0        0.987500
545             0.990000                   1.0        0.987500
548             0.990000                   1.0        0.987500
257             0.990000                   1.0        0.987500
..                   ...                   ...             ...
763             0.483333                   0.0        0.403333
184             0.602222                   0.0        0.500000
181             0.602222                   0.0        0.500000
490             0.602222                   0.0        0.500000
621             0.602222                   0.0        0.500000

[864 rows x 3 columns]
2023-05-28 18:21:28,876 [INFO] Best model :
MLPClassifier(alpha=0.1, early_stopping=True, hidden_layer_sizes=(50,),
              max_iter=500, random_state=42, solver='lbfgs')
2023-05-28 18:21:28,884 [INFO] Save train_prediction_log data...
2023-05-28 18:21:28,888 [INFO] {'Data': 'train', 'ACC': '1.0 (93 / 93)', 'TP': 37, 'FP': 0, 'FN': 0, 'TN': 56, 'Precision': '1.0 (37 / 37 + 0)', 'Recall': '1.0 (37 / 37 + 0)', 'F1': '1.0 (2 * (1.0 * 1.0) / 1.0 + 1.0)', 'Specificity': '1.0 (56 / 56 + 0)', 'AUC': 1.0, 'r2': 1.0}
2023-05-28 18:21:28,894 [INFO] Save valid_prediction_log data...
2023-05-28 18:21:28,896 [INFO] {'Data': 'valid', 'ACC': '1.0 (23 / 23)', 'TP': 9, 'FP': 0, 'FN': 0, 'TN': 14, 'Precision': '1.0 (9 / 9 + 0)', 'Recall': '1.0 (9 / 9 + 0)', 'F1': '1.0 (2 * (1.0 * 1.0) / 1.0 + 1.0)', 'Specificity': '1.0 (14 / 14 + 0)', 'AUC': 1.0, 'r2': 1.0}
2023-05-28 18:21:28,914 [INFO] Save test_prediction_log data...
2023-05-28 18:21:28,925 [INFO] {'Data': 'test', 'ACC': '0.57 (13 / 23)', 'TP': 0, 'FP': 1, 'FN': 9, 'TN': 13, 'Precision': '0 (0 / 0 + 1)', 'Recall': '0 (0 / 0 + 9)', 'F1': '0 (2 * (0 * 0) / 0 + 0)', 'Specificity': '0.93 (13 / 13 + 1)', 'AUC': 0.46, 'r2': -0.83}
2023-05-28 18:21:28,929 [INFO] Save training_log data...
2023-05-28 18:21:28,936 [INFO] Save score_log data...
2023-05-28 18:21:28,937 [INFO] Time : 201.79599046707153
