2023-05-29 17:45:43,536 [INFO] Train data : Baseline_noscale_DUDE\DUD-E\ABL1\ECFP4_512bits\ABL1_raw_train.tsv
2023-05-29 17:45:43,536 [INFO] Valid data : Baseline_noscale_DUDE\DUD-E\ABL1\ECFP4_512bits\ABL1_raw_valid.tsv
2023-05-29 17:45:43,536 [INFO] Output path : Baseline_noscale_DUDE\DUD-E\ABL1\ECFP4_512bits\ABL1_model\SVM
2023-05-29 17:45:43,536 [INFO] Model type : SVM
2023-05-29 17:45:43,536 [INFO] Use cores : 12
2023-05-29 17:45:43,552 [INFO] Start Learning model
2023-05-29 17:45:43,552 [INFO] Train : 264 | Valid : 66
2023-05-29 17:45:43,552 [INFO] Set parameters : {'kernel': ['linear', 'rbf'], 'C': [0.01, 0.1, 1, 10, 100, 1000], 'gamma': [0.01, 0.1, 1, 100, 1000]}
2023-05-29 17:45:46,106 [INFO] GridSearchCV results :
    mean_valid_accuracy  mean_valid_precision  mean_valid_auc
21             0.947151              0.970909        0.939261
31             0.950997              0.962727        0.945928
51             0.950997              0.962727        0.945928
41             0.950997              0.962727        0.945928
0              0.924217              0.957298        0.912045
2              0.924217              0.957298        0.912045
4              0.924217              0.957298        0.912045
6              0.924217              0.957298        0.912045
8              0.924217              0.957298        0.912045
42             0.939459              0.939242        0.935890
32             0.939459              0.939242        0.935890
34             0.939459              0.939242        0.935890
36             0.939459              0.939242        0.935890
38             0.939459              0.939242        0.935890
40             0.939459              0.939242        0.935890
48             0.939459              0.939242        0.935890
44             0.939459              0.939242        0.935890
46             0.939459              0.939242        0.935890
26             0.939459              0.939242        0.935890
50             0.939459              0.939242        0.935890
52             0.939459              0.939242        0.935890
54             0.939459              0.939242        0.935890
56             0.939459              0.939242        0.935890
58             0.939459              0.939242        0.935890
28             0.939459              0.939242        0.935890
30             0.939459              0.939242        0.935890
12             0.939459              0.939242        0.935890
18             0.939459              0.939242        0.935890
24             0.939459              0.939242        0.935890
14             0.939459              0.939242        0.935890
10             0.939459              0.939242        0.935890
16             0.939459              0.939242        0.935890
22             0.939459              0.939242        0.935890
20             0.939459              0.939242        0.935890
53             0.757692              0.900000        0.699545
43             0.757692              0.900000        0.699545
33             0.757692              0.900000        0.699545
23             0.719943              0.900000        0.652727
47             0.598575              0.000000        0.500000
7              0.598575              0.000000        0.500000
5              0.598575              0.000000        0.500000
9              0.598575              0.000000        0.500000
57             0.598575              0.000000        0.500000
11             0.598575              0.000000        0.500000
3              0.598575              0.000000        0.500000
49             0.598575              0.000000        0.500000
55             0.598575              0.000000        0.500000
25             0.598575              0.000000        0.500000
13             0.598575              0.000000        0.500000
45             0.598575              0.000000        0.500000
27             0.598575              0.000000        0.500000
15             0.598575              0.000000        0.500000
17             0.598575              0.000000        0.500000
39             0.598575              0.000000        0.500000
37             0.598575              0.000000        0.500000
19             0.598575              0.000000        0.500000
35             0.598575              0.000000        0.500000
1              0.598575              0.000000        0.500000
29             0.598575              0.000000        0.500000
59             0.598575              0.000000        0.500000
2023-05-29 17:45:46,109 [INFO] Best model :
SVC(C=1, gamma=0.01, random_state=42)
2023-05-29 17:45:46,121 [INFO] Save train_prediction_log data...
2023-05-29 17:45:46,124 [INFO] {'Data': 'train', 'ACC': '0.98 (259 / 264)', 'TP': 101, 'FP': 0, 'FN': 5, 'TN': 158, 'Precision': '1.0 (101 / 101 + 0)', 'Recall': '0.95 (101 / 101 + 5)', 'F1': '0.97 (2 * (0.95 * 1.0) / 0.95 + 1.0)', 'Specificity': '1.0 (158 / 158 + 0)', 'AUC': 0.98, 'r2': 0.92}
2023-05-29 17:45:46,130 [INFO] Save valid_prediction_log data...
2023-05-29 17:45:46,131 [INFO] {'Data': 'valid', 'ACC': '1.0 (66 / 66)', 'TP': 26, 'FP': 0, 'FN': 0, 'TN': 40, 'Precision': '1.0 (26 / 26 + 0)', 'Recall': '1.0 (26 / 26 + 0)', 'F1': '1.0 (2 * (1.0 * 1.0) / 1.0 + 1.0)', 'Specificity': '1.0 (40 / 40 + 0)', 'AUC': 1.0, 'r2': 1.0}
2023-05-29 17:45:46,144 [INFO] Save test_prediction_log data...
2023-05-29 17:45:46,145 [INFO] {'Data': 'test', 'ACC': '0.62 (41 / 66)', 'TP': 9, 'FP': 8, 'FN': 17, 'TN': 32, 'Precision': '0.53 (9 / 9 + 8)', 'Recall': '0.35 (9 / 9 + 17)', 'F1': '0.42 (2 * (0.35 * 0.53) / 0.35 + 0.53)', 'Specificity': '0.8 (32 / 32 + 8)', 'AUC': 0.57, 'r2': -0.59}
2023-05-29 17:45:46,147 [INFO] Save training_log data...
2023-05-29 17:45:46,148 [INFO] Save score_log data...
2023-05-29 17:45:46,149 [INFO] Time : 2.612628936767578
