2023-05-29 07:02:46,161 [INFO] Train data : Vary_params_SH\DUD-E\TGFR1\nG1_80\ECFP6_512bits\Robust\TGFR1_train_vector.tsv
2023-05-29 07:02:46,162 [INFO] Valid data : Vary_params_SH\DUD-E\TGFR1\nG1_80\ECFP6_512bits\Robust\TGFR1_valid_vector.tsv
2023-05-29 07:02:46,162 [INFO] Output path : Vary_params_SH\DUD-E\TGFR1\nG1_80\ECFP6_512bits\Robust\TGFR1_model\MLP
2023-05-29 07:02:46,162 [INFO] Model type : MLP
2023-05-29 07:02:46,162 [INFO] Use cores : 3
2023-05-29 07:02:46,196 [INFO] Start Learning model
2023-05-29 07:02:46,196 [INFO] Train : 134 | Valid : 41
2023-05-29 07:02:46,197 [INFO] Set parameters : {'hidden_layer_sizes': [(50,), (100,), (50, 50), (100, 100)], 'learning_rate': ['constant', 'invscaling', 'adaptive'], 'activation': ['relu', 'identity', 'logistic', 'tanh'], 'solver': ['adam', 'sgd', 'lbfgs'], 'alpha': [0.1, 0.01, 0.001], 'max_iter': [500, 1000], 'early_stopping': [True]}
2023-05-29 07:15:04,010 [INFO] GridSearchCV results :
     mean_valid_accuracy  mean_valid_precision  mean_valid_auc
587             0.985165                   1.0          0.9750
551             0.985165                   1.0          0.9750
731             0.977473                   1.0          0.9625
434             0.992308                   1.0          0.9875
449             0.992308                   1.0          0.9875
..                   ...                   ...             ...
495             0.731868                   0.0          0.5000
612             0.731868                   0.0          0.5000
486             0.731868                   0.0          0.5000
613             0.731868                   0.0          0.5000
616             0.731868                   0.0          0.5000

[864 rows x 3 columns]
2023-05-29 07:15:04,012 [INFO] Best model :
MLPClassifier(alpha=0.1, early_stopping=True, hidden_layer_sizes=(100, 100),
              max_iter=500, random_state=42, solver='lbfgs')
2023-05-29 07:15:04,020 [INFO] Save train_prediction_log data...
2023-05-29 07:15:04,024 [INFO] {'Data': 'train', 'ACC': '1.0 (134 / 134)', 'TP': 36, 'FP': 0, 'FN': 0, 'TN': 98, 'Precision': '1.0 (36 / 36 + 0)', 'Recall': '1.0 (36 / 36 + 0)', 'F1': '1.0 (2 * (1.0 * 1.0) / 1.0 + 1.0)', 'Specificity': '1.0 (98 / 98 + 0)', 'AUC': 1.0, 'r2': 1.0}
2023-05-29 07:15:04,031 [INFO] Save valid_prediction_log data...
2023-05-29 07:15:04,034 [INFO] {'Data': 'valid', 'ACC': '1.0 (41 / 41)', 'TP': 16, 'FP': 0, 'FN': 0, 'TN': 25, 'Precision': '1.0 (16 / 16 + 0)', 'Recall': '1.0 (16 / 16 + 0)', 'F1': '1.0 (2 * (1.0 * 1.0) / 1.0 + 1.0)', 'Specificity': '1.0 (25 / 25 + 0)', 'AUC': 1.0, 'r2': 1.0}
2023-05-29 07:15:04,057 [INFO] Save test_prediction_log data...
2023-05-29 07:15:04,060 [INFO] {'Data': 'test', 'ACC': '0.56 (23 / 41)', 'TP': 4, 'FP': 6, 'FN': 12, 'TN': 19, 'Precision': '0.4 (4 / 4 + 6)', 'Recall': '0.25 (4 / 4 + 12)', 'F1': '0.31 (2 * (0.25 * 0.4) / 0.25 + 0.4)', 'Specificity': '0.76 (19 / 19 + 6)', 'AUC': 0.5, 'r2': -0.84}
2023-05-29 07:15:04,063 [INFO] Save training_log data...
2023-05-29 07:15:04,265 [INFO] Save score_log data...
2023-05-29 07:15:04,267 [INFO] Time : 738.1069400310516
