2023-05-30 02:00:48,182 [INFO] Train data : Baseline_noscale\DUD-E\MK10\ECFP4_256bits\MK10_raw_train.tsv
2023-05-30 02:00:48,182 [INFO] Valid data : Baseline_noscale\DUD-E\MK10\ECFP4_256bits\MK10_raw_valid.tsv
2023-05-30 02:00:48,182 [INFO] Output path : Baseline_noscale\DUD-E\MK10\ECFP4_256bits\MK10_model\RF
2023-05-30 02:00:48,182 [INFO] Model type : RF
2023-05-30 02:00:48,182 [INFO] Use cores : 12
2023-05-30 02:00:48,197 [INFO] Start Learning model
2023-05-30 02:00:48,197 [INFO] Train : 104 | Valid : 26
2023-05-30 02:00:48,197 [INFO] Set parameters : {'max_depth': [6, 8, 10, 12], 'max_features': ['sqrt', 'log2'], 'min_samples_leaf': [2, 4, 8, 10], 'min_samples_split': [2, 4, 8, 10], 'n_estimators': [200, 600, 1000]}
2023-05-30 02:03:47,252 [INFO] GridSearchCV results :
     mean_valid_accuracy  mean_valid_precision  mean_valid_auc
193             0.952727                  0.98        0.949167
100             0.952727                  0.98        0.949167
196             0.952727                  0.98        0.949167
292             0.952727                  0.98        0.949167
289             0.952727                  0.98        0.949167
..                   ...                   ...             ...
321             0.923636                  0.89        0.927024
216             0.923636                  0.89        0.927024
24              0.923636                  0.89        0.927024
222             0.923636                  0.89        0.927024
219             0.923636                  0.89        0.927024

[384 rows x 3 columns]
2023-05-30 02:03:47,253 [INFO] Best model :
RandomForestClassifier(class_weight='balanced', max_depth=8, min_samples_leaf=2,
                       n_estimators=600, random_state=42)
2023-05-30 02:03:47,278 [INFO] Save train_prediction_log data...
2023-05-30 02:03:47,280 [INFO] {'Data': 'train', 'ACC': '1.0 (104 / 104)', 'TP': 42, 'FP': 0, 'FN': 0, 'TN': 62, 'Precision': '1.0 (42 / 42 + 0)', 'Recall': '1.0 (42 / 42 + 0)', 'F1': '1.0 (2 * (1.0 * 1.0) / 1.0 + 1.0)', 'Specificity': '1.0 (62 / 62 + 0)', 'AUC': 1.0, 'r2': 1.0}
2023-05-30 02:03:47,301 [INFO] Save valid_prediction_log data...
2023-05-30 02:03:47,303 [INFO] {'Data': 'valid', 'ACC': '1.0 (26 / 26)', 'TP': 10, 'FP': 0, 'FN': 0, 'TN': 16, 'Precision': '1.0 (10 / 10 + 0)', 'Recall': '1.0 (10 / 10 + 0)', 'F1': '1.0 (2 * (1.0 * 1.0) / 1.0 + 1.0)', 'Specificity': '1.0 (16 / 16 + 0)', 'AUC': 1.0, 'r2': 1.0}
2023-05-30 02:03:47,333 [INFO] Save test_prediction_log data...
2023-05-30 02:03:47,335 [INFO] {'Data': 'test', 'ACC': '0.62 (16 / 26)', 'TP': 3, 'FP': 3, 'FN': 7, 'TN': 13, 'Precision': '0.5 (3 / 3 + 3)', 'Recall': '0.3 (3 / 3 + 7)', 'F1': '0.37 (2 * (0.3 * 0.5) / 0.3 + 0.5)', 'Specificity': '0.81 (13 / 13 + 3)', 'AUC': 0.56, 'r2': -0.62}
2023-05-30 02:03:47,422 [INFO] Save training_log data...
2023-05-30 02:03:47,424 [INFO] Save score_log data...
2023-05-30 02:03:47,425 [INFO] Time : 179.24321722984314
