2023-05-29 09:57:53,562 [INFO] Train data : Vary_params_CDK2_EGFR_LCK\DUD-E\LCK\nG1_50\ECFP6_256bits\MinMax\LCK_train_vector.tsv
2023-05-29 09:57:53,562 [INFO] Valid data : Vary_params_CDK2_EGFR_LCK\DUD-E\LCK\nG1_50\ECFP6_256bits\MinMax\LCK_valid_vector.tsv
2023-05-29 09:57:53,562 [INFO] Output path : Vary_params_CDK2_EGFR_LCK\DUD-E\LCK\nG1_50\ECFP6_256bits\MinMax\LCK_model\RF
2023-05-29 09:57:53,562 [INFO] Model type : RF
2023-05-29 09:57:53,562 [INFO] Use cores : 19
2023-05-29 09:57:53,581 [INFO] Start Learning model
2023-05-29 09:57:53,581 [INFO] Train : 736 | Valid : 185
2023-05-29 09:57:53,581 [INFO] Set parameters : {'max_depth': [6, 8, 10, 12], 'max_features': ['sqrt', 'log2'], 'min_samples_leaf': [2, 4, 8, 10], 'min_samples_split': [2, 4, 8, 10], 'n_estimators': [200, 600, 1000]}
2023-05-29 10:01:17,993 [INFO] GridSearchCV results :
     mean_valid_accuracy  mean_valid_precision  mean_valid_auc
341             0.959219              0.996552        0.949611
338             0.959219              0.996552        0.949611
244             0.959237              0.993333        0.950256
241             0.959237              0.993333        0.950256
144             0.960589              0.993333        0.951923
..                   ...                   ...             ...
279             0.949815              0.952497        0.945252
126             0.945705              0.948008        0.940617
120             0.945705              0.948008        0.940617
129             0.945705              0.948008        0.940617
123             0.945705              0.948008        0.940617

[384 rows x 3 columns]
2023-05-29 10:01:17,994 [INFO] Best model :
RandomForestClassifier(class_weight='balanced', max_depth=12,
                       max_features='log2', min_samples_leaf=2,
                       n_estimators=1000, random_state=42)
2023-05-29 10:01:18,074 [INFO] Save train_prediction_log data...
2023-05-29 10:01:18,078 [INFO] {'Data': 'train', 'ACC': '0.99 (732 / 736)', 'TP': 290, 'FP': 0, 'FN': 4, 'TN': 442, 'Precision': '1.0 (290 / 290 + 0)', 'Recall': '0.99 (290 / 290 + 4)', 'F1': '0.99 (2 * (0.99 * 1.0) / 0.99 + 1.0)', 'Specificity': '1.0 (442 / 442 + 0)', 'AUC': 0.99, 'r2': 0.98}
2023-05-29 10:01:18,122 [INFO] Save valid_prediction_log data...
2023-05-29 10:01:18,124 [INFO] {'Data': 'valid', 'ACC': '1.0 (185 / 185)', 'TP': 74, 'FP': 0, 'FN': 0, 'TN': 111, 'Precision': '1.0 (74 / 74 + 0)', 'Recall': '1.0 (74 / 74 + 0)', 'F1': '1.0 (2 * (1.0 * 1.0) / 1.0 + 1.0)', 'Specificity': '1.0 (111 / 111 + 0)', 'AUC': 1.0, 'r2': 1.0}
2023-05-29 10:01:18,175 [INFO] Save test_prediction_log data...
2023-05-29 10:01:18,177 [INFO] {'Data': 'test', 'ACC': '0.74 (137 / 185)', 'TP': 38, 'FP': 12, 'FN': 36, 'TN': 99, 'Precision': '0.76 (38 / 38 + 12)', 'Recall': '0.51 (38 / 38 + 36)', 'F1': '0.61 (2 * (0.51 * 0.76) / 0.51 + 0.76)', 'Specificity': '0.89 (99 / 99 + 12)', 'AUC': 0.7, 'r2': -0.08}
2023-05-29 10:01:18,330 [INFO] Save training_log data...
2023-05-29 10:01:18,498 [INFO] Save score_log data...
2023-05-29 10:01:18,501 [INFO] Time : 204.93876576423645
