2023-05-27 19:44:25,097 [INFO] Train data : Vary_params_A\DUD-E\JAK2\nG1_80\ECFP4_512bits\MinMax\JAK2_train_vector.tsv
2023-05-27 19:44:25,097 [INFO] Valid data : Vary_params_A\DUD-E\JAK2\nG1_80\ECFP4_512bits\MinMax\JAK2_valid_vector.tsv
2023-05-27 19:44:25,098 [INFO] Output path : Vary_params_A\DUD-E\JAK2\nG1_80\ECFP4_512bits\MinMax\JAK2_model\XGB
2023-05-27 19:44:25,098 [INFO] Model type : XGB
2023-05-27 19:44:25,098 [INFO] Use cores : 3
2023-05-27 19:44:25,131 [INFO] Start Learning model
2023-05-27 19:44:25,131 [INFO] Train : 82 | Valid : 28
2023-05-27 19:44:25,133 [INFO] Set parameters : {'max_depth': [4, 6, 8], 'learning_rate': [0.01, 0.2], 'n_estimators': [200, 600, 1000], 'gamma': [0, 1000], 'min_child_weight': [1, 3], 'subsample': [0.5, 1], 'colsample_bytree': [0.5, 1], 'objective': ['binary:logitraw'], 'eval_metric': ['auc', 'error']}
2023-05-27 20:12:10,431 [INFO] GridSearchCV results :
     mean_valid_accuracy  mean_valid_precision  mean_valid_auc
0               0.952778                   1.0             0.9
144             0.952778                   1.0             0.9
184             0.952778                   1.0             0.9
186             0.952778                   1.0             0.9
188             0.952778                   1.0             0.9
..                   ...                   ...             ...
263             0.818056                   0.0             0.5
262             0.818056                   0.0             0.5
261             0.818056                   0.0             0.5
260             0.818056                   0.0             0.5
575             0.818056                   0.0             0.5

[576 rows x 3 columns]
2023-05-27 20:12:10,433 [INFO] Best model :
XGBClassifier(base_score=None, booster=None, callbacks=None,
              colsample_bylevel=None, colsample_bynode=None,
              colsample_bytree=0.5, early_stopping_rounds=None,
              enable_categorical=False, eval_metric='auc', feature_types=None,
              gamma=0, gpu_id=None, grow_policy=None, importance_type=None,
              interaction_constraints=None, learning_rate=0.01, max_bin=None,
              max_cat_threshold=None, max_cat_to_onehot=None,
              max_delta_step=None, max_depth=4, max_leaves=None,
              min_child_weight=1, missing=nan, monotone_constraints=None,
              n_estimators=200, n_jobs=0, num_parallel_tree=None,
              objective='binary:logitraw', predictor=None, ...)
2023-05-27 20:12:10,450 [INFO] Save train_prediction_log data...
2023-05-27 20:12:10,455 [INFO] {'Data': 'train', 'ACC': '1.0 (82 / 82)', 'TP': 15, 'FP': 0, 'FN': 0, 'TN': 67, 'Precision': '1.0 (15 / 15 + 0)', 'Recall': '1.0 (15 / 15 + 0)', 'F1': '1.0 (2 * (1.0 * 1.0) / 1.0 + 1.0)', 'Specificity': '1.0 (67 / 67 + 0)', 'AUC': 1.0, 'r2': 1.0}
2023-05-27 20:12:10,470 [INFO] Save valid_prediction_log data...
2023-05-27 20:12:10,473 [INFO] {'Data': 'valid', 'ACC': '0.75 (21 / 28)', 'TP': 4, 'FP': 0, 'FN': 7, 'TN': 17, 'Precision': '1.0 (4 / 4 + 0)', 'Recall': '0.36 (4 / 4 + 7)', 'F1': '0.53 (2 * (0.36 * 1.0) / 0.36 + 1.0)', 'Specificity': '1.0 (17 / 17 + 0)', 'AUC': 0.68, 'r2': -0.05}
2023-05-27 20:12:10,503 [INFO] Save test_prediction_log data...
2023-05-27 20:12:10,507 [INFO] {'Data': 'test', 'ACC': '0.61 (17 / 28)', 'TP': 0, 'FP': 0, 'FN': 11, 'TN': 17, 'Precision': '0 (0 / 0 + 0)', 'Recall': '0 (0 / 0 + 11)', 'F1': '0 (2 * (0 * 0) / 0 + 0)', 'Specificity': '1.0 (17 / 17 + 0)', 'AUC': 0.5, 'r2': -0.65}
2023-05-27 20:12:10,511 [INFO] Save training_log data...
2023-05-27 20:12:16,016 [INFO] Save score_log data...
2023-05-27 20:12:16,021 [INFO] Time : 1670.9237115383148
