2023-05-26 14:54:25,883 [INFO] Train data : Vary_params\DUD-E\MAPK2\nG1_50\ECFP4_512bits\Robust\MAPK2_train_vector.tsv
2023-05-26 14:54:25,883 [INFO] Valid data : Vary_params\DUD-E\MAPK2\nG1_50\ECFP4_512bits\Robust\MAPK2_valid_vector.tsv
2023-05-26 14:54:25,883 [INFO] Output path : Vary_params\DUD-E\MAPK2\nG1_50\ECFP4_512bits\Robust\MAPK2_model\SVM
2023-05-26 14:54:25,883 [INFO] Model type : SVM
2023-05-26 14:54:25,883 [INFO] Use cores : 10
2023-05-26 14:54:25,904 [INFO] Start Learning model
2023-05-26 14:54:25,904 [INFO] Train : 102 | Valid : 25
2023-05-26 14:54:25,904 [INFO] Set parameters : {'kernel': ['linear', 'rbf'], 'C': [0.01, 0.1, 1, 10, 100, 1000], 'gamma': [0.01, 0.1, 1, 100, 1000]}
2023-05-26 14:54:28,692 [INFO] GridSearchCV results :
    mean_valid_accuracy  mean_valid_precision  mean_valid_auc
0              0.950909              0.966667        0.948333
20             0.950909              0.966667        0.948333
24             0.950909              0.966667        0.948333
26             0.950909              0.966667        0.948333
28             0.950909              0.966667        0.948333
32             0.950909              0.966667        0.948333
34             0.950909              0.966667        0.948333
36             0.950909              0.966667        0.948333
38             0.950909              0.966667        0.948333
40             0.950909              0.966667        0.948333
42             0.950909              0.966667        0.948333
44             0.950909              0.966667        0.948333
46             0.950909              0.966667        0.948333
48             0.950909              0.966667        0.948333
50             0.950909              0.966667        0.948333
52             0.950909              0.966667        0.948333
54             0.950909              0.966667        0.948333
56             0.950909              0.966667        0.948333
58             0.950909              0.966667        0.948333
22             0.950909              0.966667        0.948333
30             0.950909              0.966667        0.948333
10             0.950909              0.966667        0.948333
2              0.950909              0.966667        0.948333
18             0.950909              0.966667        0.948333
8              0.950909              0.966667        0.948333
16             0.950909              0.966667        0.948333
4              0.950909              0.966667        0.948333
12             0.950909              0.966667        0.948333
6              0.950909              0.966667        0.948333
14             0.950909              0.966667        0.948333
49             0.598182              0.000000        0.500000
9              0.598182              0.000000        0.500000
45             0.598182              0.000000        0.500000
47             0.598182              0.000000        0.500000
7              0.598182              0.000000        0.500000
21             0.598182              0.000000        0.500000
43             0.598182              0.000000        0.500000
5              0.598182              0.000000        0.500000
53             0.598182              0.000000        0.500000
55             0.598182              0.000000        0.500000
3              0.598182              0.000000        0.500000
57             0.598182              0.000000        0.500000
51             0.598182              0.000000        0.500000
11             0.598182              0.000000        0.500000
41             0.598182              0.000000        0.500000
19             0.598182              0.000000        0.500000
39             0.598182              0.000000        0.500000
37             0.598182              0.000000        0.500000
13             0.598182              0.000000        0.500000
35             0.598182              0.000000        0.500000
33             0.598182              0.000000        0.500000
15             0.598182              0.000000        0.500000
31             0.598182              0.000000        0.500000
1              0.598182              0.000000        0.500000
29             0.598182              0.000000        0.500000
27             0.598182              0.000000        0.500000
17             0.598182              0.000000        0.500000
25             0.598182              0.000000        0.500000
23             0.598182              0.000000        0.500000
59             0.598182              0.000000        0.500000
2023-05-26 14:54:28,695 [INFO] Best model :
SVC(C=0.01, gamma=0.01, kernel='linear', random_state=42)
2023-05-26 14:54:28,700 [INFO] Save train_prediction_log data...
2023-05-26 14:54:28,703 [INFO] {'Data': 'train', 'ACC': '1.0 (102 / 102)', 'TP': 41, 'FP': 0, 'FN': 0, 'TN': 61, 'Precision': '1.0 (41 / 41 + 0)', 'Recall': '1.0 (41 / 41 + 0)', 'F1': '1.0 (2 * (1.0 * 1.0) / 1.0 + 1.0)', 'Specificity': '1.0 (61 / 61 + 0)', 'AUC': 1.0, 'r2': 1.0}
2023-05-26 14:54:28,707 [INFO] Save valid_prediction_log data...
2023-05-26 14:54:28,709 [INFO] {'Data': 'valid', 'ACC': '1.0 (25 / 25)', 'TP': 10, 'FP': 0, 'FN': 0, 'TN': 15, 'Precision': '1.0 (10 / 10 + 0)', 'Recall': '1.0 (10 / 10 + 0)', 'F1': '1.0 (2 * (1.0 * 1.0) / 1.0 + 1.0)', 'Specificity': '1.0 (15 / 15 + 0)', 'AUC': 1.0, 'r2': 1.0}
2023-05-26 14:54:28,722 [INFO] Save test_prediction_log data...
2023-05-26 14:54:28,724 [INFO] {'Data': 'test', 'ACC': '0.72 (18 / 25)', 'TP': 4, 'FP': 1, 'FN': 6, 'TN': 14, 'Precision': '0.8 (4 / 4 + 1)', 'Recall': '0.4 (4 / 4 + 6)', 'F1': '0.53 (2 * (0.4 * 0.8) / 0.4 + 0.8)', 'Specificity': '0.93 (14 / 14 + 1)', 'AUC': 0.67, 'r2': -0.17}
2023-05-26 14:54:28,726 [INFO] Save training_log data...
2023-05-26 14:54:28,727 [INFO] Save score_log data...
2023-05-26 14:54:28,728 [INFO] Time : 2.8450002670288086
