2023-05-28 01:47:02,462 [INFO] Train data : Vary_params_IGF1R_KIT\DUD-E\IGF1R\nG1_20\ECFP4_256bits\Robust\IGF1R_train_vector.tsv
2023-05-28 01:47:02,462 [INFO] Valid data : Vary_params_IGF1R_KIT\DUD-E\IGF1R\nG1_20\ECFP4_256bits\Robust\IGF1R_valid_vector.tsv
2023-05-28 01:47:02,462 [INFO] Output path : Vary_params_IGF1R_KIT\DUD-E\IGF1R\nG1_20\ECFP4_256bits\Robust\IGF1R_model\XGB
2023-05-28 01:47:02,462 [INFO] Model type : XGB
2023-05-28 01:47:02,462 [INFO] Use cores : 10
2023-05-28 01:47:02,475 [INFO] Start Learning model
2023-05-28 01:47:02,476 [INFO] Train : 226 | Valid : 49
2023-05-28 01:47:02,476 [INFO] Set parameters : {'max_depth': [4, 6, 8], 'learning_rate': [0.01, 0.2], 'n_estimators': [200, 600, 1000], 'gamma': [0, 1000], 'min_child_weight': [1, 3], 'subsample': [0.5, 1], 'colsample_bytree': [0.5, 1], 'objective': ['binary:logitraw'], 'eval_metric': ['auc', 'error']}
2023-05-28 01:55:17,616 [INFO] GridSearchCV results :
     mean_valid_accuracy  mean_valid_precision  mean_valid_auc
0               0.956522                   1.0        0.954545
175             0.951976                   1.0        0.950000
177             0.956522                   1.0        0.954545
178             0.965217                   1.0        0.963636
181             0.960870                   1.0        0.959091
..                   ...                   ...             ...
263             0.522134                   0.0        0.500000
262             0.522134                   0.0        0.500000
261             0.522134                   0.0        0.500000
260             0.522134                   0.0        0.500000
575             0.522134                   0.0        0.500000

[576 rows x 3 columns]
2023-05-28 01:55:17,617 [INFO] Best model :
XGBClassifier(base_score=None, booster=None, callbacks=None,
              colsample_bylevel=None, colsample_bynode=None,
              colsample_bytree=0.5, early_stopping_rounds=None,
              enable_categorical=False, eval_metric='auc', feature_types=None,
              gamma=0, gpu_id=None, grow_policy=None, importance_type=None,
              interaction_constraints=None, learning_rate=0.01, max_bin=None,
              max_cat_threshold=None, max_cat_to_onehot=None,
              max_delta_step=None, max_depth=4, max_leaves=None,
              min_child_weight=1, missing=nan, monotone_constraints=None,
              n_estimators=200, n_jobs=0, num_parallel_tree=None,
              objective='binary:logitraw', predictor=None, ...)
2023-05-28 01:55:17,629 [INFO] Save train_prediction_log data...
2023-05-28 01:55:17,632 [INFO] {'Data': 'train', 'ACC': '0.98 (221 / 226)', 'TP': 103, 'FP': 0, 'FN': 5, 'TN': 118, 'Precision': '1.0 (103 / 103 + 0)', 'Recall': '0.95 (103 / 103 + 5)', 'F1': '0.97 (2 * (0.95 * 1.0) / 0.95 + 1.0)', 'Specificity': '1.0 (118 / 118 + 0)', 'AUC': 0.98, 'r2': 0.91}
2023-05-28 01:55:17,640 [INFO] Save valid_prediction_log data...
2023-05-28 01:55:17,642 [INFO] {'Data': 'valid', 'ACC': '1.0 (49 / 49)', 'TP': 20, 'FP': 0, 'FN': 0, 'TN': 29, 'Precision': '1.0 (20 / 20 + 0)', 'Recall': '1.0 (20 / 20 + 0)', 'F1': '1.0 (2 * (1.0 * 1.0) / 1.0 + 1.0)', 'Specificity': '1.0 (29 / 29 + 0)', 'AUC': 1.0, 'r2': 1.0}
2023-05-28 01:55:17,657 [INFO] Save test_prediction_log data...
2023-05-28 01:55:17,659 [INFO] {'Data': 'test', 'ACC': '0.67 (33 / 49)', 'TP': 6, 'FP': 2, 'FN': 14, 'TN': 27, 'Precision': '0.75 (6 / 6 + 2)', 'Recall': '0.3 (6 / 6 + 14)', 'F1': '0.43 (2 * (0.3 * 0.75) / 0.3 + 0.75)', 'Specificity': '0.93 (27 / 27 + 2)', 'AUC': 0.62, 'r2': -0.35}
2023-05-28 01:55:17,691 [INFO] Save training_log data...
2023-05-28 01:55:17,904 [INFO] Save score_log data...
2023-05-28 01:55:17,905 [INFO] Time : 495.4438693523407
