2023-05-31 00:14:28,859 [INFO] Train data : Vary_params_BRAF_MK14\DUD-E\MK14\nG1_80\ECFP6_256bits\MinMax\MK14_train_vector.tsv
2023-05-31 00:14:28,859 [INFO] Valid data : Vary_params_BRAF_MK14\DUD-E\MK14\nG1_80\ECFP6_256bits\MinMax\MK14_valid_vector.tsv
2023-05-31 00:14:28,859 [INFO] Output path : Vary_params_BRAF_MK14\DUD-E\MK14\nG1_80\ECFP6_256bits\MinMax\MK14_model\XGB
2023-05-31 00:14:28,859 [INFO] Model type : XGB
2023-05-31 00:14:28,859 [INFO] Use cores : 10
2023-05-31 00:14:28,886 [INFO] Start Learning model
2023-05-31 00:14:28,886 [INFO] Train : 871 | Valid : 225
2023-05-31 00:14:28,888 [INFO] Set parameters : {'max_depth': [4, 6, 8], 'learning_rate': [0.01, 0.2], 'n_estimators': [200, 600, 1000], 'gamma': [0, 1000], 'min_child_weight': [1, 3], 'subsample': [0.5, 1], 'colsample_bytree': [0.5, 1], 'objective': ['binary:logitraw'], 'eval_metric': ['auc', 'error']}
2023-05-31 00:42:00,779 [INFO] GridSearchCV results :
     mean_valid_accuracy  mean_valid_precision  mean_valid_auc
170             0.958686              0.978024        0.949579
26              0.958686              0.978024        0.949579
168             0.943757              0.976300        0.929882
24              0.943757              0.976300        0.929882
28              0.962121              0.975735        0.954714
..                   ...                   ...             ...
379             0.621121              0.000000        0.500000
378             0.621121              0.000000        0.500000
377             0.621121              0.000000        0.500000
376             0.621121              0.000000        0.500000
575             0.621121              0.000000        0.500000

[576 rows x 3 columns]
2023-05-31 00:42:00,780 [INFO] Best model :
XGBClassifier(base_score=None, booster=None, callbacks=None,
              colsample_bylevel=None, colsample_bynode=None,
              colsample_bytree=0.5, early_stopping_rounds=None,
              enable_categorical=False, eval_metric='auc', feature_types=None,
              gamma=0, gpu_id=None, grow_policy=None, importance_type=None,
              interaction_constraints=None, learning_rate=0.01, max_bin=None,
              max_cat_threshold=None, max_cat_to_onehot=None,
              max_delta_step=None, max_depth=8, max_leaves=None,
              min_child_weight=1, missing=nan, monotone_constraints=None,
              n_estimators=600, n_jobs=0, num_parallel_tree=None,
              objective='binary:logitraw', predictor=None, ...)
2023-05-31 00:42:00,797 [INFO] Save train_prediction_log data...
2023-05-31 00:42:00,802 [INFO] {'Data': 'train', 'ACC': '1.0 (871 / 871)', 'TP': 330, 'FP': 0, 'FN': 0, 'TN': 541, 'Precision': '1.0 (330 / 330 + 0)', 'Recall': '1.0 (330 / 330 + 0)', 'F1': '1.0 (2 * (1.0 * 1.0) / 1.0 + 1.0)', 'Specificity': '1.0 (541 / 541 + 0)', 'AUC': 1.0, 'r2': 1.0}
2023-05-31 00:42:00,813 [INFO] Save valid_prediction_log data...
2023-05-31 00:42:00,816 [INFO] {'Data': 'valid', 'ACC': '0.98 (221 / 225)', 'TP': 88, 'FP': 2, 'FN': 2, 'TN': 133, 'Precision': '0.98 (88 / 88 + 2)', 'Recall': '0.98 (88 / 88 + 2)', 'F1': '0.98 (2 * (0.98 * 0.98) / 0.98 + 0.98)', 'Specificity': '0.99 (133 / 133 + 2)', 'AUC': 0.98, 'r2': 0.93}
2023-05-31 00:42:00,838 [INFO] Save test_prediction_log data...
2023-05-31 00:42:00,842 [INFO] {'Data': 'test', 'ACC': '0.68 (152 / 225)', 'TP': 57, 'FP': 40, 'FN': 33, 'TN': 95, 'Precision': '0.59 (57 / 57 + 40)', 'Recall': '0.63 (57 / 57 + 33)', 'F1': '0.61 (2 * (0.63 * 0.59) / 0.63 + 0.59)', 'Specificity': '0.7 (95 / 95 + 40)', 'AUC': 0.67, 'r2': -0.35}
2023-05-31 00:42:04,836 [INFO] Save training_log data...
2023-05-31 00:42:04,879 [INFO] Save score_log data...
2023-05-31 00:42:04,880 [INFO] Time : 1656.0218524932861
