2023-05-29 14:18:39,385 [INFO] Train data : Vary_params_VGFR2\DUD-E\VGFR2\nG1_80\ECFP6_512bits\Robust\VGFR2_train_vector.tsv
2023-05-29 14:18:39,385 [INFO] Valid data : Vary_params_VGFR2\DUD-E\VGFR2\nG1_80\ECFP6_512bits\Robust\VGFR2_valid_vector.tsv
2023-05-29 14:18:39,385 [INFO] Output path : Vary_params_VGFR2\DUD-E\VGFR2\nG1_80\ECFP6_512bits\Robust\VGFR2_model\RF
2023-05-29 14:18:39,386 [INFO] Model type : RF
2023-05-29 14:18:39,386 [INFO] Use cores : 18
2023-05-29 14:18:39,435 [INFO] Start Learning model
2023-05-29 14:18:39,435 [INFO] Train : 687 | Valid : 180
2023-05-29 14:18:39,436 [INFO] Set parameters : {'max_depth': [6, 8, 10, 12], 'max_features': ['sqrt', 'log2'], 'min_samples_leaf': [2, 4, 8, 10], 'min_samples_split': [2, 4, 8, 10], 'n_estimators': [200, 600, 1000]}
2023-05-29 14:24:47,441 [INFO] GridSearchCV results :
     mean_valid_accuracy  mean_valid_precision  mean_valid_auc
244             0.975256              1.000000        0.966923
344             0.978176              1.000000        0.970846
243             0.970865              1.000000        0.961000
242             0.973806              1.000000        0.965000
241             0.975256              1.000000        0.966923
..                   ...                   ...             ...
33              0.963555              0.963604        0.959218
132             0.966454              0.963604        0.963064
141             0.966454              0.963604        0.963064
138             0.966454              0.963604        0.963064
30              0.963555              0.963604        0.959218

[384 rows x 3 columns]
2023-05-29 14:24:47,442 [INFO] Best model :
RandomForestClassifier(class_weight='balanced', max_depth=8,
                       max_features='log2', min_samples_leaf=2,
                       n_estimators=600, random_state=42)
2023-05-29 14:24:47,514 [INFO] Save train_prediction_log data...
2023-05-29 14:24:47,518 [INFO] {'Data': 'train', 'ACC': '1.0 (686 / 687)', 'TP': 256, 'FP': 0, 'FN': 1, 'TN': 430, 'Precision': '1.0 (256 / 256 + 0)', 'Recall': '1.0 (256 / 256 + 1)', 'F1': '1.0 (2 * (1.0 * 1.0) / 1.0 + 1.0)', 'Specificity': '1.0 (430 / 430 + 0)', 'AUC': 1.0, 'r2': 0.99}
2023-05-29 14:24:47,570 [INFO] Save valid_prediction_log data...
2023-05-29 14:24:47,573 [INFO] {'Data': 'valid', 'ACC': '0.99 (178 / 180)', 'TP': 71, 'FP': 1, 'FN': 1, 'TN': 107, 'Precision': '0.99 (71 / 71 + 1)', 'Recall': '0.99 (71 / 71 + 1)', 'F1': '0.99 (2 * (0.99 * 0.99) / 0.99 + 0.99)', 'Specificity': '0.99 (107 / 107 + 1)', 'AUC': 0.99, 'r2': 0.95}
2023-05-29 14:24:47,639 [INFO] Save test_prediction_log data...
2023-05-29 14:24:47,642 [INFO] {'Data': 'test', 'ACC': '0.59 (107 / 180)', 'TP': 22, 'FP': 23, 'FN': 50, 'TN': 85, 'Precision': '0.49 (22 / 22 + 23)', 'Recall': '0.31 (22 / 22 + 50)', 'F1': '0.38 (2 * (0.31 * 0.49) / 0.31 + 0.49)', 'Specificity': '0.79 (85 / 85 + 23)', 'AUC': 0.55, 'r2': -0.69}
2023-05-29 14:24:47,801 [INFO] Save training_log data...
2023-05-29 14:24:47,804 [INFO] Save score_log data...
2023-05-29 14:24:47,805 [INFO] Time : 368.4195592403412
