2023-05-28 19:44:58,674 [INFO] Train data : Vary_params\DUD-E\FAK1\nG1_50\ECFP6_512bits\MinMax\FAK1_train_vector.tsv
2023-05-28 19:44:58,674 [INFO] Valid data : Vary_params\DUD-E\FAK1\nG1_50\ECFP6_512bits\MinMax\FAK1_valid_vector.tsv
2023-05-28 19:44:58,674 [INFO] Output path : Vary_params\DUD-E\FAK1\nG1_50\ECFP6_512bits\MinMax\FAK1_model\RF
2023-05-28 19:44:58,674 [INFO] Model type : RF
2023-05-28 19:44:58,674 [INFO] Use cores : 11
2023-05-28 19:44:58,854 [INFO] Start Learning model
2023-05-28 19:44:58,854 [INFO] Train : 93 | Valid : 23
2023-05-28 19:44:58,854 [INFO] Set parameters : {'max_depth': [6, 8, 10, 12], 'max_features': ['sqrt', 'log2'], 'min_samples_leaf': [2, 4, 8, 10], 'min_samples_split': [2, 4, 8, 10], 'n_estimators': [200, 600, 1000]}
2023-05-28 19:50:21,259 [INFO] GridSearchCV results :
     mean_valid_accuracy  mean_valid_precision  mean_valid_auc
0                   0.99                   1.0          0.9875
237                 0.96                   1.0          0.9500
245                 0.99                   1.0          0.9875
244                 0.99                   1.0          0.9875
243                 0.99                   1.0          0.9875
..                   ...                   ...             ...
85                  0.95                   0.9          0.9375
270                 0.95                   0.9          0.9375
86                  0.95                   0.9          0.9375
87                  0.95                   0.9          0.9375
383                 0.95                   0.9          0.9375

[384 rows x 3 columns]
2023-05-28 19:50:21,261 [INFO] Best model :
RandomForestClassifier(class_weight='balanced', max_depth=6, min_samples_leaf=2,
                       n_estimators=200, random_state=42)
2023-05-28 19:50:21,279 [INFO] Save train_prediction_log data...
2023-05-28 19:50:21,283 [INFO] {'Data': 'train', 'ACC': '0.99 (92 / 93)', 'TP': 36, 'FP': 0, 'FN': 1, 'TN': 56, 'Precision': '1.0 (36 / 36 + 0)', 'Recall': '0.97 (36 / 36 + 1)', 'F1': '0.98 (2 * (0.97 * 1.0) / 0.97 + 1.0)', 'Specificity': '1.0 (56 / 56 + 0)', 'AUC': 0.99, 'r2': 0.96}
2023-05-28 19:50:21,300 [INFO] Save valid_prediction_log data...
2023-05-28 19:50:21,302 [INFO] {'Data': 'valid', 'ACC': '1.0 (23 / 23)', 'TP': 9, 'FP': 0, 'FN': 0, 'TN': 14, 'Precision': '1.0 (9 / 9 + 0)', 'Recall': '1.0 (9 / 9 + 0)', 'F1': '1.0 (2 * (1.0 * 1.0) / 1.0 + 1.0)', 'Specificity': '1.0 (14 / 14 + 0)', 'AUC': 1.0, 'r2': 1.0}
2023-05-28 19:50:21,340 [INFO] Save test_prediction_log data...
2023-05-28 19:50:21,353 [INFO] {'Data': 'test', 'ACC': '0.61 (14 / 23)', 'TP': 0, 'FP': 0, 'FN': 9, 'TN': 14, 'Precision': '0 (0 / 0 + 0)', 'Recall': '0 (0 / 0 + 9)', 'F1': '0 (2 * (0 * 0) / 0 + 0)', 'Specificity': '1.0 (14 / 14 + 0)', 'AUC': 0.5, 'r2': -0.64}
2023-05-28 19:50:21,394 [INFO] Save training_log data...
2023-05-28 19:50:21,398 [INFO] Save score_log data...
2023-05-28 19:50:21,400 [INFO] Time : 322.7253863811493
