2023-05-27 09:53:43,865 [INFO] Train data : Vary_params_SH\DUD-E\ROCK1\nG1_50\ECFP4_512bits\Standard\ROCK1_train_vector.tsv
2023-05-27 09:53:43,865 [INFO] Valid data : Vary_params_SH\DUD-E\ROCK1\nG1_50\ECFP4_512bits\Standard\ROCK1_valid_vector.tsv
2023-05-27 09:53:43,865 [INFO] Output path : Vary_params_SH\DUD-E\ROCK1\nG1_50\ECFP4_512bits\Standard\ROCK1_model\MLP
2023-05-27 09:53:43,865 [INFO] Model type : MLP
2023-05-27 09:53:43,865 [INFO] Use cores : 3
2023-05-27 09:53:43,909 [INFO] Start Learning model
2023-05-27 09:53:43,909 [INFO] Train : 100 | Valid : 25
2023-05-27 09:53:43,910 [INFO] Set parameters : {'hidden_layer_sizes': [(50,), (100,), (50, 50), (100, 100)], 'learning_rate': ['constant', 'invscaling', 'adaptive'], 'activation': ['relu', 'identity', 'logistic', 'tanh'], 'solver': ['adam', 'sgd', 'lbfgs'], 'alpha': [0.1, 0.01, 0.001], 'max_iter': [500, 1000], 'early_stopping': [True]}
2023-05-27 10:00:44,689 [INFO] GridSearchCV results :
     mean_valid_accuracy  mean_valid_precision  mean_valid_auc
141                 0.94                   1.0        0.925000
692                 0.97                   1.0        0.962500
689                 0.97                   1.0        0.962500
560                 0.98                   1.0        0.975000
561                 0.90                   1.0        0.875000
..                   ...                   ...             ...
544                 0.60                   0.0        0.500000
451                 0.57                   0.0        0.475000
193                 0.58                   0.0        0.483333
543                 0.60                   0.0        0.500000
478                 0.60                   0.0        0.500000

[864 rows x 3 columns]
2023-05-27 10:00:44,691 [INFO] Best model :
MLPClassifier(alpha=0.1, early_stopping=True, hidden_layer_sizes=(50,),
              max_iter=500, random_state=42, solver='lbfgs')
2023-05-27 10:00:44,698 [INFO] Save train_prediction_log data...
2023-05-27 10:00:44,702 [INFO] {'Data': 'train', 'ACC': '1.0 (100 / 100)', 'TP': 40, 'FP': 0, 'FN': 0, 'TN': 60, 'Precision': '1.0 (40 / 40 + 0)', 'Recall': '1.0 (40 / 40 + 0)', 'F1': '1.0 (2 * (1.0 * 1.0) / 1.0 + 1.0)', 'Specificity': '1.0 (60 / 60 + 0)', 'AUC': 1.0, 'r2': 1.0}
2023-05-27 10:00:44,709 [INFO] Save valid_prediction_log data...
2023-05-27 10:00:44,712 [INFO] {'Data': 'valid', 'ACC': '1.0 (25 / 25)', 'TP': 10, 'FP': 0, 'FN': 0, 'TN': 15, 'Precision': '1.0 (10 / 10 + 0)', 'Recall': '1.0 (10 / 10 + 0)', 'F1': '1.0 (2 * (1.0 * 1.0) / 1.0 + 1.0)', 'Specificity': '1.0 (15 / 15 + 0)', 'AUC': 1.0, 'r2': 1.0}
2023-05-27 10:00:44,736 [INFO] Save test_prediction_log data...
2023-05-27 10:00:44,739 [INFO] {'Data': 'test', 'ACC': '0.56 (14 / 25)', 'TP': 2, 'FP': 3, 'FN': 8, 'TN': 12, 'Precision': '0.4 (2 / 2 + 3)', 'Recall': '0.2 (2 / 2 + 8)', 'F1': '0.27 (2 * (0.2 * 0.4) / 0.2 + 0.4)', 'Specificity': '0.8 (12 / 12 + 3)', 'AUC': 0.5, 'r2': -0.83}
2023-05-27 10:00:44,742 [INFO] Save training_log data...
2023-05-27 10:00:44,970 [INFO] Save score_log data...
2023-05-27 10:00:44,972 [INFO] Time : 421.10651087760925
