2023-05-29 05:49:30,881 [INFO] Train data : Vary_params\DUD-E\KPCB\nG1_50\ECFP4_512bits\MinMax\KPCB_train_vector.tsv
2023-05-29 05:49:30,881 [INFO] Valid data : Vary_params\DUD-E\KPCB\nG1_50\ECFP4_512bits\MinMax\KPCB_valid_vector.tsv
2023-05-29 05:49:30,881 [INFO] Output path : Vary_params\DUD-E\KPCB\nG1_50\ECFP4_512bits\MinMax\KPCB_model\MLP
2023-05-29 05:49:30,881 [INFO] Model type : MLP
2023-05-29 05:49:30,881 [INFO] Use cores : 11
2023-05-29 05:49:30,908 [INFO] Start Learning model
2023-05-29 05:49:30,908 [INFO] Train : 168 | Valid : 42
2023-05-29 05:49:30,908 [INFO] Set parameters : {'hidden_layer_sizes': [(50,), (100,), (50, 50), (100, 100)], 'learning_rate': ['constant', 'invscaling', 'adaptive'], 'activation': ['relu', 'identity', 'logistic', 'tanh'], 'solver': ['adam', 'sgd', 'lbfgs'], 'alpha': [0.1, 0.01, 0.001], 'max_iter': [500, 1000], 'early_stopping': [True]}
2023-05-29 05:53:34,029 [INFO] GridSearchCV results :
     mean_valid_accuracy  mean_valid_precision  mean_valid_auc
180             0.887132                   1.0        0.858333
266             0.988235                   1.0        0.985714
662             0.988235                   1.0        0.985714
659             0.988235                   1.0        0.985714
497             0.988235                   1.0        0.985714
..                   ...                   ...             ...
124             0.601471                   0.0        0.500000
549             0.601471                   0.0        0.500000
121             0.601471                   0.0        0.500000
547             0.601471                   0.0        0.500000
612             0.601471                   0.0        0.500000

[864 rows x 3 columns]
2023-05-29 05:53:34,031 [INFO] Best model :
MLPClassifier(alpha=0.1, early_stopping=True, hidden_layer_sizes=(50,),
              max_iter=500, random_state=42, solver='lbfgs')
2023-05-29 05:53:34,039 [INFO] Save train_prediction_log data...
2023-05-29 05:53:34,043 [INFO] {'Data': 'train', 'ACC': '1.0 (168 / 168)', 'TP': 67, 'FP': 0, 'FN': 0, 'TN': 101, 'Precision': '1.0 (67 / 67 + 0)', 'Recall': '1.0 (67 / 67 + 0)', 'F1': '1.0 (2 * (1.0 * 1.0) / 1.0 + 1.0)', 'Specificity': '1.0 (101 / 101 + 0)', 'AUC': 1.0, 'r2': 1.0}
2023-05-29 05:53:34,050 [INFO] Save valid_prediction_log data...
2023-05-29 05:53:34,053 [INFO] {'Data': 'valid', 'ACC': '1.0 (42 / 42)', 'TP': 17, 'FP': 0, 'FN': 0, 'TN': 25, 'Precision': '1.0 (17 / 17 + 0)', 'Recall': '1.0 (17 / 17 + 0)', 'F1': '1.0 (2 * (1.0 * 1.0) / 1.0 + 1.0)', 'Specificity': '1.0 (25 / 25 + 0)', 'AUC': 1.0, 'r2': 1.0}
2023-05-29 05:53:34,075 [INFO] Save test_prediction_log data...
2023-05-29 05:53:34,085 [INFO] {'Data': 'test', 'ACC': '0.74 (31 / 42)', 'TP': 8, 'FP': 2, 'FN': 9, 'TN': 23, 'Precision': '0.8 (8 / 8 + 2)', 'Recall': '0.47 (8 / 8 + 9)', 'F1': '0.59 (2 * (0.47 * 0.8) / 0.47 + 0.8)', 'Specificity': '0.92 (23 / 23 + 2)', 'AUC': 0.7, 'r2': -0.09}
2023-05-29 05:53:34,088 [INFO] Save training_log data...
2023-05-29 05:53:34,093 [INFO] Save score_log data...
2023-05-29 05:53:34,094 [INFO] Time : 243.21295285224915
