2023-05-28 23:35:16,620 [INFO] Train data : Vary_params_VGFR2\DUD-E\VGFR2\nG1_50\ECFP4_256bits\Robust\VGFR2_train_vector.tsv
2023-05-28 23:35:16,620 [INFO] Valid data : Vary_params_VGFR2\DUD-E\VGFR2\nG1_50\ECFP4_256bits\Robust\VGFR2_valid_vector.tsv
2023-05-28 23:35:16,620 [INFO] Output path : Vary_params_VGFR2\DUD-E\VGFR2\nG1_50\ECFP4_256bits\Robust\VGFR2_model\SVM
2023-05-28 23:35:16,620 [INFO] Model type : SVM
2023-05-28 23:35:16,620 [INFO] Use cores : 18
2023-05-28 23:35:16,652 [INFO] Start Learning model
2023-05-28 23:35:16,652 [INFO] Train : 717 | Valid : 180
2023-05-28 23:35:16,652 [INFO] Set parameters : {'kernel': ['linear', 'rbf'], 'C': [0.01, 0.1, 1, 10, 100, 1000], 'gamma': [0.01, 0.1, 1, 100, 1000]}
2023-05-28 23:35:23,098 [INFO] GridSearchCV results :
    mean_valid_accuracy  mean_valid_precision  mean_valid_auc
0              0.870149              0.836365        0.865615
20             0.870149              0.836365        0.865615
24             0.870149              0.836365        0.865615
26             0.870149              0.836365        0.865615
28             0.870149              0.836365        0.865615
32             0.870149              0.836365        0.865615
34             0.870149              0.836365        0.865615
36             0.870149              0.836365        0.865615
38             0.870149              0.836365        0.865615
40             0.870149              0.836365        0.865615
42             0.870149              0.836365        0.865615
44             0.870149              0.836365        0.865615
46             0.870149              0.836365        0.865615
48             0.870149              0.836365        0.865615
50             0.870149              0.836365        0.865615
52             0.870149              0.836365        0.865615
54             0.870149              0.836365        0.865615
56             0.870149              0.836365        0.865615
58             0.870149              0.836365        0.865615
22             0.870149              0.836365        0.865615
30             0.870149              0.836365        0.865615
10             0.870149              0.836365        0.865615
2              0.870149              0.836365        0.865615
18             0.870149              0.836365        0.865615
8              0.870149              0.836365        0.865615
16             0.870149              0.836365        0.865615
4              0.870149              0.836365        0.865615
12             0.870149              0.836365        0.865615
6              0.870149              0.836365        0.865615
14             0.870149              0.836365        0.865615
49             0.599746              0.000000        0.500000
9              0.599746              0.000000        0.500000
45             0.599746              0.000000        0.500000
47             0.599746              0.000000        0.500000
7              0.599746              0.000000        0.500000
21             0.599746              0.000000        0.500000
43             0.599746              0.000000        0.500000
5              0.599746              0.000000        0.500000
53             0.599746              0.000000        0.500000
55             0.599746              0.000000        0.500000
3              0.599746              0.000000        0.500000
57             0.599746              0.000000        0.500000
51             0.599746              0.000000        0.500000
11             0.599746              0.000000        0.500000
41             0.599746              0.000000        0.500000
19             0.599746              0.000000        0.500000
39             0.599746              0.000000        0.500000
37             0.599746              0.000000        0.500000
13             0.599746              0.000000        0.500000
35             0.599746              0.000000        0.500000
33             0.599746              0.000000        0.500000
15             0.599746              0.000000        0.500000
31             0.599746              0.000000        0.500000
1              0.599746              0.000000        0.500000
29             0.599746              0.000000        0.500000
27             0.599746              0.000000        0.500000
17             0.599746              0.000000        0.500000
25             0.599746              0.000000        0.500000
23             0.599746              0.000000        0.500000
59             0.599746              0.000000        0.500000
2023-05-28 23:35:23,100 [INFO] Best model :
SVC(C=0.01, gamma=0.01, kernel='linear', random_state=42)
2023-05-28 23:35:23,114 [INFO] Save train_prediction_log data...
2023-05-28 23:35:23,119 [INFO] {'Data': 'train', 'ACC': '1.0 (717 / 717)', 'TP': 287, 'FP': 0, 'FN': 0, 'TN': 430, 'Precision': '1.0 (287 / 287 + 0)', 'Recall': '1.0 (287 / 287 + 0)', 'F1': '1.0 (2 * (1.0 * 1.0) / 1.0 + 1.0)', 'Specificity': '1.0 (430 / 430 + 0)', 'AUC': 1.0, 'r2': 1.0}
2023-05-28 23:35:23,125 [INFO] Save valid_prediction_log data...
2023-05-28 23:35:23,128 [INFO] {'Data': 'valid', 'ACC': '0.91 (163 / 180)', 'TP': 70, 'FP': 15, 'FN': 2, 'TN': 93, 'Precision': '0.82 (70 / 70 + 15)', 'Recall': '0.97 (70 / 70 + 2)', 'F1': '0.89 (2 * (0.97 * 0.82) / 0.97 + 0.82)', 'Specificity': '0.86 (93 / 93 + 15)', 'AUC': 0.92, 'r2': 0.61}
2023-05-28 23:35:23,142 [INFO] Save test_prediction_log data...
2023-05-28 23:35:23,145 [INFO] {'Data': 'test', 'ACC': '0.52 (93 / 180)', 'TP': 30, 'FP': 45, 'FN': 42, 'TN': 63, 'Precision': '0.4 (30 / 30 + 45)', 'Recall': '0.42 (30 / 30 + 42)', 'F1': '0.41 (2 * (0.42 * 0.4) / 0.42 + 0.4)', 'Specificity': '0.58 (63 / 63 + 45)', 'AUC': 0.5, 'r2': -1.01}
2023-05-28 23:35:23,147 [INFO] Save training_log data...
2023-05-28 23:35:23,149 [INFO] Save score_log data...
2023-05-28 23:35:23,150 [INFO] Time : 6.52978777885437
