2023-05-27 01:26:31,080 [INFO] Train data : Vary_params\DUD-E\MET\nG1_50\ECFP6_256bits\Robust\MET_train_vector.tsv
2023-05-27 01:26:31,080 [INFO] Valid data : Vary_params\DUD-E\MET\nG1_50\ECFP6_256bits\Robust\MET_valid_vector.tsv
2023-05-27 01:26:31,080 [INFO] Output path : Vary_params\DUD-E\MET\nG1_50\ECFP6_256bits\Robust\MET_model\SVM
2023-05-27 01:26:31,080 [INFO] Model type : SVM
2023-05-27 01:26:31,080 [INFO] Use cores : 10
2023-05-27 01:26:31,094 [INFO] Start Learning model
2023-05-27 01:26:31,094 [INFO] Train : 196 | Valid : 49
2023-05-27 01:26:31,094 [INFO] Set parameters : {'kernel': ['linear', 'rbf'], 'C': [0.01, 0.1, 1, 10, 100, 1000], 'gamma': [0.01, 0.1, 1, 100, 1000]}
2023-05-27 01:26:33,697 [INFO] GridSearchCV results :
    mean_valid_accuracy  mean_valid_precision  mean_valid_auc
0              0.832105               0.78614        0.830547
20             0.832105               0.78614        0.830547
24             0.832105               0.78614        0.830547
26             0.832105               0.78614        0.830547
28             0.832105               0.78614        0.830547
32             0.832105               0.78614        0.830547
34             0.832105               0.78614        0.830547
36             0.832105               0.78614        0.830547
38             0.832105               0.78614        0.830547
40             0.832105               0.78614        0.830547
42             0.832105               0.78614        0.830547
44             0.832105               0.78614        0.830547
46             0.832105               0.78614        0.830547
48             0.832105               0.78614        0.830547
50             0.832105               0.78614        0.830547
52             0.832105               0.78614        0.830547
54             0.832105               0.78614        0.830547
56             0.832105               0.78614        0.830547
58             0.832105               0.78614        0.830547
22             0.832105               0.78614        0.830547
30             0.832105               0.78614        0.830547
10             0.832105               0.78614        0.830547
2              0.832105               0.78614        0.830547
18             0.832105               0.78614        0.830547
8              0.832105               0.78614        0.830547
16             0.832105               0.78614        0.830547
4              0.832105               0.78614        0.830547
12             0.832105               0.78614        0.830547
6              0.832105               0.78614        0.830547
14             0.832105               0.78614        0.830547
49             0.602105               0.00000        0.500000
9              0.602105               0.00000        0.500000
45             0.602105               0.00000        0.500000
47             0.602105               0.00000        0.500000
7              0.602105               0.00000        0.500000
21             0.602105               0.00000        0.500000
43             0.602105               0.00000        0.500000
5              0.602105               0.00000        0.500000
53             0.602105               0.00000        0.500000
55             0.602105               0.00000        0.500000
3              0.602105               0.00000        0.500000
57             0.602105               0.00000        0.500000
51             0.602105               0.00000        0.500000
11             0.602105               0.00000        0.500000
41             0.602105               0.00000        0.500000
19             0.602105               0.00000        0.500000
39             0.602105               0.00000        0.500000
37             0.602105               0.00000        0.500000
13             0.602105               0.00000        0.500000
35             0.602105               0.00000        0.500000
33             0.602105               0.00000        0.500000
15             0.602105               0.00000        0.500000
31             0.602105               0.00000        0.500000
1              0.602105               0.00000        0.500000
29             0.602105               0.00000        0.500000
27             0.602105               0.00000        0.500000
17             0.602105               0.00000        0.500000
25             0.602105               0.00000        0.500000
23             0.602105               0.00000        0.500000
59             0.602105               0.00000        0.500000
2023-05-27 01:26:33,700 [INFO] Best model :
SVC(C=0.01, gamma=0.01, kernel='linear', random_state=42)
2023-05-27 01:26:33,704 [INFO] Save train_prediction_log data...
2023-05-27 01:26:33,708 [INFO] {'Data': 'train', 'ACC': '1.0 (196 / 196)', 'TP': 78, 'FP': 0, 'FN': 0, 'TN': 118, 'Precision': '1.0 (78 / 78 + 0)', 'Recall': '1.0 (78 / 78 + 0)', 'F1': '1.0 (2 * (1.0 * 1.0) / 1.0 + 1.0)', 'Specificity': '1.0 (118 / 118 + 0)', 'AUC': 1.0, 'r2': 1.0}
2023-05-27 01:26:33,711 [INFO] Save valid_prediction_log data...
2023-05-27 01:26:33,713 [INFO] {'Data': 'valid', 'ACC': '0.86 (42 / 49)', 'TP': 19, 'FP': 6, 'FN': 1, 'TN': 23, 'Precision': '0.76 (19 / 19 + 6)', 'Recall': '0.95 (19 / 19 + 1)', 'F1': '0.84 (2 * (0.95 * 0.76) / 0.95 + 0.76)', 'Specificity': '0.79 (23 / 23 + 6)', 'AUC': 0.87, 'r2': 0.41}
2023-05-27 01:26:33,722 [INFO] Save test_prediction_log data...
2023-05-27 01:26:33,724 [INFO] {'Data': 'test', 'ACC': '0.55 (27 / 49)', 'TP': 6, 'FP': 8, 'FN': 14, 'TN': 21, 'Precision': '0.43 (6 / 6 + 8)', 'Recall': '0.3 (6 / 6 + 14)', 'F1': '0.35 (2 * (0.3 * 0.43) / 0.3 + 0.43)', 'Specificity': '0.72 (21 / 21 + 8)', 'AUC': 0.51, 'r2': -0.86}
2023-05-27 01:26:33,726 [INFO] Save training_log data...
2023-05-27 01:26:33,727 [INFO] Save score_log data...
2023-05-27 01:26:33,728 [INFO] Time : 2.6480188369750977
