2023-05-27 14:31:48,957 [INFO] Train data : Vary_params\DUD-E\AKT2\nG1_20\ECFP6_256bits\Standard\AKT2_train_vector.tsv
2023-05-27 14:31:48,957 [INFO] Valid data : Vary_params\DUD-E\AKT2\nG1_20\ECFP6_256bits\Standard\AKT2_valid_vector.tsv
2023-05-27 14:31:48,957 [INFO] Output path : Vary_params\DUD-E\AKT2\nG1_20\ECFP6_256bits\Standard\AKT2_model\MLP
2023-05-27 14:31:48,957 [INFO] Model type : MLP
2023-05-27 14:31:48,957 [INFO] Use cores : 11
2023-05-27 14:31:48,979 [INFO] Start Learning model
2023-05-27 14:31:48,980 [INFO] Train : 155 | Valid : 31
2023-05-27 14:31:48,980 [INFO] Set parameters : {'hidden_layer_sizes': [(50,), (100,), (50, 50), (100, 100)], 'learning_rate': ['constant', 'invscaling', 'adaptive'], 'activation': ['relu', 'identity', 'logistic', 'tanh'], 'solver': ['adam', 'sgd', 'lbfgs'], 'alpha': [0.1, 0.01, 0.001], 'max_iter': [500, 1000], 'early_stopping': [True]}
2023-05-27 14:33:46,777 [INFO] GridSearchCV results :
     mean_valid_accuracy  mean_valid_precision  mean_valid_auc
167             0.968750                0.9875         0.96875
104             0.968750                0.9875         0.96875
101             0.968750                0.9875         0.96875
98              0.968750                0.9875         0.96875
95              0.968750                0.9875         0.96875
..                   ...                   ...             ...
526             0.483333                0.0000         0.50000
451             0.483333                0.0000         0.50000
454             0.483333                0.0000         0.50000
457             0.483333                0.0000         0.50000
523             0.483333                0.0000         0.50000

[864 rows x 3 columns]
2023-05-27 14:33:46,778 [INFO] Best model :
MLPClassifier(alpha=0.01, early_stopping=True, max_iter=500, random_state=42,
              solver='lbfgs')
2023-05-27 14:33:46,783 [INFO] Save train_prediction_log data...
2023-05-27 14:33:46,787 [INFO] {'Data': 'train', 'ACC': '1.0 (155 / 155)', 'TP': 80, 'FP': 0, 'FN': 0, 'TN': 75, 'Precision': '1.0 (80 / 80 + 0)', 'Recall': '1.0 (80 / 80 + 0)', 'F1': '1.0 (2 * (1.0 * 1.0) / 1.0 + 1.0)', 'Specificity': '1.0 (75 / 75 + 0)', 'AUC': 1.0, 'r2': 1.0}
2023-05-27 14:33:46,791 [INFO] Save valid_prediction_log data...
2023-05-27 14:33:46,794 [INFO] {'Data': 'valid', 'ACC': '0.97 (30 / 31)', 'TP': 12, 'FP': 1, 'FN': 0, 'TN': 18, 'Precision': '0.92 (12 / 12 + 1)', 'Recall': '1.0 (12 / 12 + 0)', 'F1': '0.96 (2 * (1.0 * 0.92) / 1.0 + 0.92)', 'Specificity': '0.95 (18 / 18 + 1)', 'AUC': 0.97, 'r2': 0.86}
2023-05-27 14:33:46,809 [INFO] Save test_prediction_log data...
2023-05-27 14:33:46,812 [INFO] {'Data': 'test', 'ACC': '0.68 (21 / 31)', 'TP': 9, 'FP': 7, 'FN': 3, 'TN': 12, 'Precision': '0.56 (9 / 9 + 7)', 'Recall': '0.75 (9 / 9 + 3)', 'F1': '0.64 (2 * (0.75 * 0.56) / 0.75 + 0.56)', 'Specificity': '0.63 (12 / 12 + 7)', 'AUC': 0.69, 'r2': -0.36}
2023-05-27 14:33:46,814 [INFO] Save training_log data...
2023-05-27 14:33:46,820 [INFO] Save score_log data...
2023-05-27 14:33:46,821 [INFO] Time : 117.86386489868164
