2023-05-28 09:30:41,943 [INFO] Train data : AF_Baseline\DUD-E\FGFR1\ECFP4_256bits\Robust\FGFR1_train.tsv
2023-05-28 09:30:41,943 [INFO] Valid data : AF_Baseline\DUD-E\FGFR1\ECFP4_256bits\Robust\FGFR1_valid.tsv
2023-05-28 09:30:41,943 [INFO] Output path : AF_Baseline\DUD-E\FGFR1\ECFP4_256bits\Robust\FGFR1_model\MLP
2023-05-28 09:30:41,943 [INFO] Model type : MLP
2023-05-28 09:30:41,943 [INFO] Use cores : 12
2023-05-28 09:30:41,955 [INFO] Start Learning model
2023-05-28 09:30:41,955 [INFO] Train : 173 | Valid : 43
2023-05-28 09:30:41,955 [INFO] Set parameters : {'hidden_layer_sizes': [(50,), (100,), (50, 50), (100, 100)], 'learning_rate': ['constant', 'invscaling', 'adaptive'], 'activation': ['relu', 'identity', 'logistic', 'tanh'], 'solver': ['adam', 'sgd', 'lbfgs'], 'alpha': [0.1, 0.01, 0.001], 'max_iter': [500, 1000], 'early_stopping': [True]}
2023-05-28 09:31:43,014 [INFO] GridSearchCV results :
     mean_valid_accuracy  mean_valid_precision  mean_valid_auc
531             0.896078                   1.0        0.869048
54              0.900980                   1.0        0.878571
129             0.900980                   1.0        0.878571
522             0.896078                   1.0        0.869048
126             0.900980                   1.0        0.878571
..                   ...                   ...             ...
595             0.600980                   0.0        0.500000
598             0.600980                   0.0        0.500000
601             0.600980                   0.0        0.500000
604             0.600980                   0.0        0.500000
555             0.600980                   0.0        0.500000

[864 rows x 3 columns]
2023-05-28 09:31:43,014 [INFO] Best model :
MLPClassifier(alpha=0.1, early_stopping=True, hidden_layer_sizes=(100, 100),
              max_iter=500, random_state=42)
2023-05-28 09:31:43,014 [INFO] Save train_prediction_log data...
2023-05-28 09:31:43,014 [INFO] {'Data': 'train', 'ACC': '0.9 (155 / 173)', 'TP': 51, 'FP': 0, 'FN': 18, 'TN': 104, 'Precision': '1.0 (51 / 51 + 0)', 'Recall': '0.74 (51 / 51 + 18)', 'F1': '0.85 (2 * (0.74 * 1.0) / 0.74 + 1.0)', 'Specificity': '1.0 (104 / 104 + 0)', 'AUC': 0.87, 'r2': 0.57}
2023-05-28 09:31:43,024 [INFO] Save valid_prediction_log data...
2023-05-28 09:31:43,024 [INFO] {'Data': 'valid', 'ACC': '0.84 (36 / 43)', 'TP': 10, 'FP': 0, 'FN': 7, 'TN': 26, 'Precision': '1.0 (10 / 10 + 0)', 'Recall': '0.59 (10 / 10 + 7)', 'F1': '0.74 (2 * (0.59 * 1.0) / 0.59 + 1.0)', 'Specificity': '1.0 (26 / 26 + 0)', 'AUC': 0.79, 'r2': 0.32}
2023-05-28 09:31:43,034 [INFO] Save test_prediction_log data...
2023-05-28 09:31:43,034 [INFO] {'Data': 'test', 'ACC': '0.65 (28 / 43)', 'TP': 3, 'FP': 1, 'FN': 14, 'TN': 25, 'Precision': '0.75 (3 / 3 + 1)', 'Recall': '0.18 (3 / 3 + 14)', 'F1': '0.29 (2 * (0.18 * 0.75) / 0.18 + 0.75)', 'Specificity': '0.96 (25 / 25 + 1)', 'AUC': 0.57, 'r2': -0.46}
2023-05-28 09:31:43,034 [INFO] Save training_log data...
2023-05-28 09:31:43,044 [INFO] Save score_log data...
2023-05-28 09:31:43,044 [INFO] Time : 61.10119986534119
