2023-05-28 03:02:17,213 [INFO] Train data : Vary_params_A\DUD-E\MK10\nG1_20\ECFP4_256bits\MinMax\MK10_train_vector.tsv
2023-05-28 03:02:17,213 [INFO] Valid data : Vary_params_A\DUD-E\MK10\nG1_20\ECFP4_256bits\MinMax\MK10_valid_vector.tsv
2023-05-28 03:02:17,214 [INFO] Output path : Vary_params_A\DUD-E\MK10\nG1_20\ECFP4_256bits\MinMax\MK10_model\SVM
2023-05-28 03:02:17,214 [INFO] Model type : SVM
2023-05-28 03:02:17,214 [INFO] Use cores : 3
2023-05-28 03:02:17,235 [INFO] Start Learning model
2023-05-28 03:02:17,235 [INFO] Train : 134 | Valid : 26
2023-05-28 03:02:17,235 [INFO] Set parameters : {'kernel': ['linear', 'rbf'], 'C': [0.01, 0.1, 1, 10, 100, 1000], 'gamma': [0.01, 0.1, 1, 100, 1000]}
2023-05-28 03:02:21,915 [INFO] GridSearchCV results :
    mean_valid_accuracy  mean_valid_precision  mean_valid_auc
33             0.935165              0.987500        0.940774
43             0.935165              0.987500        0.940774
53             0.935165              0.987500        0.940774
23             0.928022              0.987500        0.934524
40             0.924176              0.918214        0.921131
41             0.924176              0.918214        0.921131
20             0.924176              0.918214        0.921131
22             0.924176              0.918214        0.921131
24             0.924176              0.918214        0.921131
30             0.924176              0.918214        0.921131
18             0.924176              0.918214        0.921131
38             0.924176              0.918214        0.921131
28             0.924176              0.918214        0.921131
36             0.924176              0.918214        0.921131
34             0.924176              0.918214        0.921131
31             0.924176              0.918214        0.921131
26             0.924176              0.918214        0.921131
16             0.924176              0.918214        0.921131
42             0.924176              0.918214        0.921131
14             0.924176              0.918214        0.921131
44             0.924176              0.918214        0.921131
12             0.924176              0.918214        0.921131
46             0.924176              0.918214        0.921131
10             0.924176              0.918214        0.921131
48             0.924176              0.918214        0.921131
50             0.924176              0.918214        0.921131
51             0.924176              0.918214        0.921131
52             0.924176              0.918214        0.921131
54             0.924176              0.918214        0.921131
56             0.924176              0.918214        0.921131
58             0.924176              0.918214        0.921131
32             0.924176              0.918214        0.921131
21             0.924725              0.900992        0.921131
0              0.917033              0.899206        0.913988
2              0.917033              0.899206        0.913988
4              0.917033              0.899206        0.913988
6              0.917033              0.899206        0.913988
8              0.917033              0.899206        0.913988
1              0.537363              0.537363        0.500000
35             0.537363              0.537363        0.500000
57             0.537363              0.537363        0.500000
3              0.537363              0.537363        0.500000
55             0.537363              0.537363        0.500000
5              0.537363              0.537363        0.500000
7              0.537363              0.537363        0.500000
49             0.537363              0.537363        0.500000
9              0.537363              0.537363        0.500000
47             0.537363              0.537363        0.500000
11             0.537363              0.537363        0.500000
45             0.537363              0.537363        0.500000
13             0.537363              0.537363        0.500000
15             0.537363              0.537363        0.500000
17             0.537363              0.537363        0.500000
19             0.537363              0.537363        0.500000
25             0.537363              0.537363        0.500000
39             0.537363              0.537363        0.500000
27             0.537363              0.537363        0.500000
37             0.537363              0.537363        0.500000
29             0.537363              0.537363        0.500000
59             0.537363              0.537363        0.500000
2023-05-28 03:02:21,917 [INFO] Best model :
SVC(C=1, gamma=0.1, random_state=42)
2023-05-28 03:02:21,928 [INFO] Save train_prediction_log data...
2023-05-28 03:02:21,934 [INFO] {'Data': 'train', 'ACC': '1.0 (134 / 134)', 'TP': 72, 'FP': 0, 'FN': 0, 'TN': 62, 'Precision': '1.0 (72 / 72 + 0)', 'Recall': '1.0 (72 / 72 + 0)', 'F1': '1.0 (2 * (1.0 * 1.0) / 1.0 + 1.0)', 'Specificity': '1.0 (62 / 62 + 0)', 'AUC': 1.0, 'r2': 1.0}
2023-05-28 03:02:21,940 [INFO] Save valid_prediction_log data...
2023-05-28 03:02:21,943 [INFO] {'Data': 'valid', 'ACC': '1.0 (26 / 26)', 'TP': 10, 'FP': 0, 'FN': 0, 'TN': 16, 'Precision': '1.0 (10 / 10 + 0)', 'Recall': '1.0 (10 / 10 + 0)', 'F1': '1.0 (2 * (1.0 * 1.0) / 1.0 + 1.0)', 'Specificity': '1.0 (16 / 16 + 0)', 'AUC': 1.0, 'r2': 1.0}
2023-05-28 03:02:21,956 [INFO] Save test_prediction_log data...
2023-05-28 03:02:21,960 [INFO] {'Data': 'test', 'ACC': '0.69 (18 / 26)', 'TP': 4, 'FP': 2, 'FN': 6, 'TN': 14, 'Precision': '0.67 (4 / 4 + 2)', 'Recall': '0.4 (4 / 4 + 6)', 'F1': '0.5 (2 * (0.4 * 0.67) / 0.4 + 0.67)', 'Specificity': '0.88 (14 / 14 + 2)', 'AUC': 0.64, 'r2': -0.3}
2023-05-28 03:02:21,964 [INFO] Save training_log data...
2023-05-28 03:02:21,966 [INFO] Save score_log data...
2023-05-28 03:02:21,967 [INFO] Time : 4.753276586532593
