2023-05-29 17:29:08,784 [INFO] Train data : Baseline_noscale_DUDE\DUD-E\ABL1\ECFP4_256bits\ABL1_raw_train.tsv
2023-05-29 17:29:08,784 [INFO] Valid data : Baseline_noscale_DUDE\DUD-E\ABL1\ECFP4_256bits\ABL1_raw_valid.tsv
2023-05-29 17:29:08,784 [INFO] Output path : Baseline_noscale_DUDE\DUD-E\ABL1\ECFP4_256bits\ABL1_model\SVM
2023-05-29 17:29:08,784 [INFO] Model type : SVM
2023-05-29 17:29:08,784 [INFO] Use cores : 12
2023-05-29 17:29:08,793 [INFO] Start Learning model
2023-05-29 17:29:08,793 [INFO] Train : 264 | Valid : 66
2023-05-29 17:29:08,794 [INFO] Set parameters : {'kernel': ['linear', 'rbf'], 'C': [0.01, 0.1, 1, 10, 100, 1000], 'gamma': [0.01, 0.1, 1, 100, 1000]}
2023-05-29 17:29:11,030 [INFO] GridSearchCV results :
    mean_valid_accuracy  mean_valid_precision  mean_valid_auc
0              0.912678              0.958056        0.896629
8              0.912678              0.958056        0.896629
2              0.912678              0.958056        0.896629
4              0.912678              0.958056        0.896629
21             0.920228              0.958056        0.906174
6              0.912678              0.958056        0.896629
41             0.943447              0.938858        0.940436
51             0.943447              0.938858        0.940436
31             0.943447              0.938858        0.940436
16             0.909402              0.915005        0.902917
18             0.909402              0.915005        0.902917
12             0.909402              0.915005        0.902917
14             0.909402              0.915005        0.902917
10             0.909402              0.915005        0.902917
33             0.799715              0.900000        0.750909
23             0.773077              0.900000        0.718182
43             0.799715              0.900000        0.750909
53             0.799715              0.900000        0.750909
48             0.897721              0.891019        0.892670
46             0.897721              0.891019        0.892670
32             0.897721              0.891019        0.892670
56             0.897721              0.891019        0.892670
50             0.897721              0.891019        0.892670
54             0.897721              0.891019        0.892670
42             0.897721              0.891019        0.892670
58             0.897721              0.891019        0.892670
40             0.897721              0.891019        0.892670
38             0.897721              0.891019        0.892670
36             0.897721              0.891019        0.892670
34             0.897721              0.891019        0.892670
52             0.897721              0.891019        0.892670
44             0.897721              0.891019        0.892670
30             0.897721              0.891019        0.892670
28             0.897721              0.891019        0.892670
26             0.897721              0.891019        0.892670
24             0.897721              0.891019        0.892670
22             0.897721              0.891019        0.892670
20             0.897721              0.891019        0.892670
1              0.598575              0.000000        0.500000
49             0.598575              0.000000        0.500000
3              0.598575              0.000000        0.500000
57             0.598575              0.000000        0.500000
5              0.598575              0.000000        0.500000
55             0.598575              0.000000        0.500000
7              0.598575              0.000000        0.500000
9              0.598575              0.000000        0.500000
11             0.598575              0.000000        0.500000
13             0.598575              0.000000        0.500000
15             0.598575              0.000000        0.500000
19             0.598575              0.000000        0.500000
17             0.598575              0.000000        0.500000
47             0.598575              0.000000        0.500000
29             0.598575              0.000000        0.500000
45             0.598575              0.000000        0.500000
25             0.598575              0.000000        0.500000
39             0.598575              0.000000        0.500000
27             0.598575              0.000000        0.500000
37             0.598575              0.000000        0.500000
35             0.598575              0.000000        0.500000
59             0.598575              0.000000        0.500000
2023-05-29 17:29:11,031 [INFO] Best model :
SVC(C=0.01, gamma=0.01, kernel='linear', random_state=42)
2023-05-29 17:29:11,037 [INFO] Save train_prediction_log data...
2023-05-29 17:29:11,040 [INFO] {'Data': 'train', 'ACC': '0.95 (250 / 264)', 'TP': 92, 'FP': 0, 'FN': 14, 'TN': 158, 'Precision': '1.0 (92 / 92 + 0)', 'Recall': '0.87 (92 / 92 + 14)', 'F1': '0.93 (2 * (0.87 * 1.0) / 0.87 + 1.0)', 'Specificity': '1.0 (158 / 158 + 0)', 'AUC': 0.93, 'r2': 0.78}
2023-05-29 17:29:11,043 [INFO] Save valid_prediction_log data...
2023-05-29 17:29:11,045 [INFO] {'Data': 'valid', 'ACC': '1.0 (66 / 66)', 'TP': 26, 'FP': 0, 'FN': 0, 'TN': 40, 'Precision': '1.0 (26 / 26 + 0)', 'Recall': '1.0 (26 / 26 + 0)', 'F1': '1.0 (2 * (1.0 * 1.0) / 1.0 + 1.0)', 'Specificity': '1.0 (40 / 40 + 0)', 'AUC': 1.0, 'r2': 1.0}
2023-05-29 17:29:11,051 [INFO] Save test_prediction_log data...
2023-05-29 17:29:11,053 [INFO] {'Data': 'test', 'ACC': '0.62 (41 / 66)', 'TP': 10, 'FP': 9, 'FN': 16, 'TN': 31, 'Precision': '0.53 (10 / 10 + 9)', 'Recall': '0.38 (10 / 10 + 16)', 'F1': '0.44 (2 * (0.38 * 0.53) / 0.38 + 0.53)', 'Specificity': '0.78 (31 / 31 + 9)', 'AUC': 0.58, 'r2': -0.59}
2023-05-29 17:29:11,055 [INFO] Save training_log data...
2023-05-29 17:29:11,056 [INFO] Save score_log data...
2023-05-29 17:29:11,057 [INFO] Time : 2.2735071182250977
