2023-05-28 17:40:25,393 [INFO] Train data : Vary_params_IGF1R_KIT\DUD-E\KIT\nG1_50\ECFP4_256bits\MinMax\KIT_train_vector.tsv
2023-05-28 17:40:25,393 [INFO] Valid data : Vary_params_IGF1R_KIT\DUD-E\KIT\nG1_50\ECFP4_256bits\MinMax\KIT_valid_vector.tsv
2023-05-28 17:40:25,393 [INFO] Output path : Vary_params_IGF1R_KIT\DUD-E\KIT\nG1_50\ECFP4_256bits\MinMax\KIT_model\SVM
2023-05-28 17:40:25,393 [INFO] Model type : SVM
2023-05-28 17:40:25,393 [INFO] Use cores : 10
2023-05-28 17:40:25,407 [INFO] Start Learning model
2023-05-28 17:40:25,407 [INFO] Train : 232 | Valid : 58
2023-05-28 17:40:25,407 [INFO] Set parameters : {'kernel': ['linear', 'rbf'], 'C': [0.01, 0.1, 1, 10, 100, 1000], 'gamma': [0.01, 0.1, 1, 100, 1000]}
2023-05-28 17:40:27,763 [INFO] GridSearchCV results :
    mean_valid_accuracy  mean_valid_precision  mean_valid_auc
53             0.810688                  1.00        0.763889
33             0.810688                  1.00        0.763889
23             0.776087                  1.00        0.720556
21             0.991486                  1.00        0.989444
43             0.810688                  1.00        0.763889
0              0.978623                  0.99        0.975317
41             0.991486                  0.99        0.991429
51             0.991486                  0.99        0.991429
31             0.991486                  0.99        0.991429
8              0.978623                  0.99        0.975317
2              0.978623                  0.99        0.975317
6              0.978623                  0.99        0.975317
4              0.978623                  0.99        0.975317
40             0.982971                  0.98        0.982857
32             0.982971                  0.98        0.982857
34             0.982971                  0.98        0.982857
58             0.982971                  0.98        0.982857
36             0.982971                  0.98        0.982857
38             0.982971                  0.98        0.982857
56             0.982971                  0.98        0.982857
52             0.982971                  0.98        0.982857
42             0.982971                  0.98        0.982857
44             0.982971                  0.98        0.982857
28             0.982971                  0.98        0.982857
48             0.982971                  0.98        0.982857
50             0.982971                  0.98        0.982857
54             0.982971                  0.98        0.982857
46             0.982971                  0.98        0.982857
30             0.982971                  0.98        0.982857
20             0.982971                  0.98        0.982857
14             0.982971                  0.98        0.982857
26             0.982971                  0.98        0.982857
12             0.982971                  0.98        0.982857
24             0.982971                  0.98        0.982857
22             0.982971                  0.98        0.982857
16             0.982971                  0.98        0.982857
10             0.982971                  0.98        0.982857
18             0.982971                  0.98        0.982857
9              0.599275                  0.00        0.500000
11             0.599275                  0.00        0.500000
29             0.599275                  0.00        0.500000
7              0.599275                  0.00        0.500000
13             0.599275                  0.00        0.500000
55             0.599275                  0.00        0.500000
5              0.599275                  0.00        0.500000
57             0.599275                  0.00        0.500000
3              0.599275                  0.00        0.500000
49             0.599275                  0.00        0.500000
15             0.599275                  0.00        0.500000
47             0.599275                  0.00        0.500000
45             0.599275                  0.00        0.500000
1              0.599275                  0.00        0.500000
17             0.599275                  0.00        0.500000
19             0.599275                  0.00        0.500000
39             0.599275                  0.00        0.500000
37             0.599275                  0.00        0.500000
35             0.599275                  0.00        0.500000
25             0.599275                  0.00        0.500000
27             0.599275                  0.00        0.500000
59             0.599275                  0.00        0.500000
2023-05-28 17:40:27,764 [INFO] Best model :
SVC(C=1, gamma=0.01, random_state=42)
2023-05-28 17:40:27,771 [INFO] Save train_prediction_log data...
2023-05-28 17:40:27,774 [INFO] {'Data': 'train', 'ACC': '1.0 (231 / 232)', 'TP': 92, 'FP': 0, 'FN': 1, 'TN': 139, 'Precision': '1.0 (92 / 92 + 0)', 'Recall': '0.99 (92 / 92 + 1)', 'F1': '0.99 (2 * (0.99 * 1.0) / 0.99 + 1.0)', 'Specificity': '1.0 (139 / 139 + 0)', 'AUC': 0.99, 'r2': 0.98}
2023-05-28 17:40:27,778 [INFO] Save valid_prediction_log data...
2023-05-28 17:40:27,780 [INFO] {'Data': 'valid', 'ACC': '0.98 (57 / 58)', 'TP': 23, 'FP': 1, 'FN': 0, 'TN': 34, 'Precision': '0.96 (23 / 23 + 1)', 'Recall': '1.0 (23 / 23 + 0)', 'F1': '0.98 (2 * (1.0 * 0.96) / 1.0 + 0.96)', 'Specificity': '0.97 (34 / 34 + 1)', 'AUC': 0.99, 'r2': 0.93}
2023-05-28 17:40:27,790 [INFO] Save test_prediction_log data...
2023-05-28 17:40:27,792 [INFO] {'Data': 'test', 'ACC': '0.66 (38 / 58)', 'TP': 11, 'FP': 8, 'FN': 12, 'TN': 27, 'Precision': '0.58 (11 / 11 + 8)', 'Recall': '0.48 (11 / 11 + 12)', 'F1': '0.53 (2 * (0.48 * 0.58) / 0.48 + 0.58)', 'Specificity': '0.77 (27 / 27 + 8)', 'AUC': 0.62, 'r2': -0.44}
2023-05-28 17:40:27,794 [INFO] Save training_log data...
2023-05-28 17:40:27,795 [INFO] Save score_log data...
2023-05-28 17:40:27,795 [INFO] Time : 2.401888370513916
