2023-05-30 04:03:29,962 [INFO] Train data : Baseline_noscale_DUDE\DUD-E\IGF1R\ECFP4_512bits\IGF1R_raw_train.tsv
2023-05-30 04:03:29,962 [INFO] Valid data : Baseline_noscale_DUDE\DUD-E\IGF1R\ECFP4_512bits\IGF1R_raw_valid.tsv
2023-05-30 04:03:29,962 [INFO] Output path : Baseline_noscale_DUDE\DUD-E\IGF1R\ECFP4_512bits\IGF1R_model\XGB
2023-05-30 04:03:29,962 [INFO] Model type : XGB
2023-05-30 04:03:29,962 [INFO] Use cores : 12
2023-05-30 04:03:29,978 [INFO] Start Learning model
2023-05-30 04:03:29,978 [INFO] Train : 196 | Valid : 49
2023-05-30 04:03:29,979 [INFO] Set parameters : {'max_depth': [4, 6, 8], 'learning_rate': [0.01, 0.2], 'n_estimators': [200, 600, 1000], 'gamma': [0, 1000], 'min_child_weight': [1, 3], 'subsample': [0.5, 1], 'colsample_bytree': [0.5, 1], 'objective': ['binary:logitraw'], 'eval_metric': ['auc', 'error']}
2023-05-30 04:12:10,872 [INFO] GridSearchCV results :
     mean_valid_accuracy  mean_valid_precision  mean_valid_auc
0               0.980000                   1.0         0.97500
194             0.990000                   1.0         0.98750
177             0.980000                   1.0         0.97500
180             0.995000                   1.0         0.99375
181             0.990000                   1.0         0.98750
..                   ...                   ...             ...
263             0.602105                   0.0         0.50000
262             0.602105                   0.0         0.50000
261             0.602105                   0.0         0.50000
260             0.602105                   0.0         0.50000
575             0.602105                   0.0         0.50000

[576 rows x 3 columns]
2023-05-30 04:12:10,874 [INFO] Best model :
XGBClassifier(base_score=None, booster=None, callbacks=None,
              colsample_bylevel=None, colsample_bynode=None,
              colsample_bytree=0.5, early_stopping_rounds=None,
              enable_categorical=False, eval_metric='auc', feature_types=None,
              gamma=0, gpu_id=None, grow_policy=None, importance_type=None,
              interaction_constraints=None, learning_rate=0.01, max_bin=None,
              max_cat_threshold=None, max_cat_to_onehot=None,
              max_delta_step=None, max_depth=4, max_leaves=None,
              min_child_weight=1, missing=nan, monotone_constraints=None,
              n_estimators=200, n_jobs=0, num_parallel_tree=None,
              objective='binary:logitraw', predictor=None, ...)
2023-05-30 04:12:10,888 [INFO] Save train_prediction_log data...
2023-05-30 04:12:10,891 [INFO] {'Data': 'train', 'ACC': '1.0 (196 / 196)', 'TP': 78, 'FP': 0, 'FN': 0, 'TN': 118, 'Precision': '1.0 (78 / 78 + 0)', 'Recall': '1.0 (78 / 78 + 0)', 'F1': '1.0 (2 * (1.0 * 1.0) / 1.0 + 1.0)', 'Specificity': '1.0 (118 / 118 + 0)', 'AUC': 1.0, 'r2': 1.0}
2023-05-30 04:12:10,903 [INFO] Save valid_prediction_log data...
2023-05-30 04:12:10,905 [INFO] {'Data': 'valid', 'ACC': '1.0 (49 / 49)', 'TP': 20, 'FP': 0, 'FN': 0, 'TN': 29, 'Precision': '1.0 (20 / 20 + 0)', 'Recall': '1.0 (20 / 20 + 0)', 'F1': '1.0 (2 * (1.0 * 1.0) / 1.0 + 1.0)', 'Specificity': '1.0 (29 / 29 + 0)', 'AUC': 1.0, 'r2': 1.0}
2023-05-30 04:12:10,926 [INFO] Save test_prediction_log data...
2023-05-30 04:12:10,928 [INFO] {'Data': 'test', 'ACC': '0.71 (35 / 49)', 'TP': 6, 'FP': 0, 'FN': 14, 'TN': 29, 'Precision': '1.0 (6 / 6 + 0)', 'Recall': '0.3 (6 / 6 + 14)', 'F1': '0.46 (2 * (0.3 * 1.0) / 0.3 + 1.0)', 'Specificity': '1.0 (29 / 29 + 0)', 'AUC': 0.65, 'r2': -0.18}
2023-05-30 04:12:10,933 [INFO] Save training_log data...
2023-05-30 04:12:10,938 [INFO] Save score_log data...
2023-05-30 04:12:10,939 [INFO] Time : 520.9773442745209
