2023-05-30 01:22:10,088 [INFO] Train data : Baseline_noscale\DUD-E\MET\ECFP4_256bits\MET_raw_train.tsv
2023-05-30 01:22:10,088 [INFO] Valid data : Baseline_noscale\DUD-E\MET\ECFP4_256bits\MET_raw_valid.tsv
2023-05-30 01:22:10,088 [INFO] Output path : Baseline_noscale\DUD-E\MET\ECFP4_256bits\MET_model\MLP
2023-05-30 01:22:10,088 [INFO] Model type : MLP
2023-05-30 01:22:10,088 [INFO] Use cores : 12
2023-05-30 01:22:10,097 [INFO] Start Learning model
2023-05-30 01:22:10,097 [INFO] Train : 196 | Valid : 49
2023-05-30 01:22:10,097 [INFO] Set parameters : {'hidden_layer_sizes': [(50,), (100,), (50, 50), (100, 100)], 'learning_rate': ['constant', 'invscaling', 'adaptive'], 'activation': ['relu', 'identity', 'logistic', 'tanh'], 'solver': ['adam', 'sgd', 'lbfgs'], 'alpha': [0.1, 0.01, 0.001], 'max_iter': [500, 1000], 'early_stopping': [True]}
2023-05-30 01:23:16,090 [INFO] GridSearchCV results :
     mean_valid_accuracy  mean_valid_precision  mean_valid_auc
537             0.879211                   1.0        0.848214
603             0.879211                   1.0        0.848214
525             0.879211                   1.0        0.848214
465             0.879211                   1.0        0.848214
528             0.879211                   1.0        0.848214
..                   ...                   ...             ...
567             0.602105                   0.0        0.500000
570             0.602105                   0.0        0.500000
573             0.602105                   0.0        0.500000
595             0.602105                   0.0        0.500000
630             0.602105                   0.0        0.500000

[864 rows x 3 columns]
2023-05-30 01:23:16,091 [INFO] Best model :
MLPClassifier(activation='logistic', alpha=0.1, early_stopping=True,
              max_iter=500, random_state=42)
2023-05-30 01:23:16,096 [INFO] Save train_prediction_log data...
2023-05-30 01:23:16,099 [INFO] {'Data': 'train', 'ACC': '0.91 (179 / 196)', 'TP': 61, 'FP': 0, 'FN': 17, 'TN': 118, 'Precision': '1.0 (61 / 61 + 0)', 'Recall': '0.78 (61 / 61 + 17)', 'F1': '0.88 (2 * (0.78 * 1.0) / 0.78 + 1.0)', 'Specificity': '1.0 (118 / 118 + 0)', 'AUC': 0.89, 'r2': 0.64}
2023-05-30 01:23:16,102 [INFO] Save valid_prediction_log data...
2023-05-30 01:23:16,104 [INFO] {'Data': 'valid', 'ACC': '0.98 (48 / 49)', 'TP': 19, 'FP': 0, 'FN': 1, 'TN': 29, 'Precision': '1.0 (19 / 19 + 0)', 'Recall': '0.95 (19 / 19 + 1)', 'F1': '0.97 (2 * (0.95 * 1.0) / 0.95 + 1.0)', 'Specificity': '1.0 (29 / 29 + 0)', 'AUC': 0.98, 'r2': 0.92}
2023-05-30 01:23:16,111 [INFO] Save test_prediction_log data...
2023-05-30 01:23:16,112 [INFO] {'Data': 'test', 'ACC': '0.61 (30 / 49)', 'TP': 2, 'FP': 1, 'FN': 18, 'TN': 28, 'Precision': '0.67 (2 / 2 + 1)', 'Recall': '0.1 (2 / 2 + 18)', 'F1': '0.17 (2 * (0.1 * 0.67) / 0.1 + 0.67)', 'Specificity': '0.97 (28 / 28 + 1)', 'AUC': 0.53, 'r2': -0.61}
2023-05-30 01:23:16,115 [INFO] Save training_log data...
2023-05-30 01:23:16,119 [INFO] Save score_log data...
2023-05-30 01:23:16,120 [INFO] Time : 66.03259110450745
