2023-05-27 06:25:25,571 [INFO] Train data : Vary_params_A\DUD-E\JAK2\nG1_50\ECFP4_256bits\Robust\JAK2_train_vector.tsv
2023-05-27 06:25:25,572 [INFO] Valid data : Vary_params_A\DUD-E\JAK2\nG1_50\ECFP4_256bits\Robust\JAK2_valid_vector.tsv
2023-05-27 06:25:25,572 [INFO] Output path : Vary_params_A\DUD-E\JAK2\nG1_50\ECFP4_256bits\Robust\JAK2_model\SVM
2023-05-27 06:25:25,572 [INFO] Model type : SVM
2023-05-27 06:25:25,572 [INFO] Use cores : 3
2023-05-27 06:25:25,590 [INFO] Start Learning model
2023-05-27 06:25:25,591 [INFO] Train : 112 | Valid : 28
2023-05-27 06:25:25,591 [INFO] Set parameters : {'kernel': ['linear', 'rbf'], 'C': [0.01, 0.1, 1, 10, 100, 1000], 'gamma': [0.01, 0.1, 1, 100, 1000]}
2023-05-27 06:25:30,241 [INFO] GridSearchCV results :
    mean_valid_accuracy  mean_valid_precision  mean_valid_auc
0              0.875000              0.840952         0.88619
20             0.875000              0.840952         0.88619
24             0.875000              0.840952         0.88619
26             0.875000              0.840952         0.88619
28             0.875000              0.840952         0.88619
32             0.875000              0.840952         0.88619
34             0.875000              0.840952         0.88619
36             0.875000              0.840952         0.88619
38             0.875000              0.840952         0.88619
40             0.875000              0.840952         0.88619
42             0.875000              0.840952         0.88619
44             0.875000              0.840952         0.88619
46             0.875000              0.840952         0.88619
48             0.875000              0.840952         0.88619
50             0.875000              0.840952         0.88619
52             0.875000              0.840952         0.88619
54             0.875000              0.840952         0.88619
56             0.875000              0.840952         0.88619
58             0.875000              0.840952         0.88619
22             0.875000              0.840952         0.88619
30             0.875000              0.840952         0.88619
10             0.875000              0.840952         0.88619
2              0.875000              0.840952         0.88619
18             0.875000              0.840952         0.88619
8              0.875000              0.840952         0.88619
16             0.875000              0.840952         0.88619
4              0.875000              0.840952         0.88619
12             0.875000              0.840952         0.88619
6              0.875000              0.840952         0.88619
14             0.875000              0.840952         0.88619
49             0.598485              0.000000         0.50000
9              0.598485              0.000000         0.50000
45             0.598485              0.000000         0.50000
47             0.598485              0.000000         0.50000
7              0.598485              0.000000         0.50000
21             0.598485              0.000000         0.50000
43             0.598485              0.000000         0.50000
5              0.598485              0.000000         0.50000
53             0.598485              0.000000         0.50000
55             0.598485              0.000000         0.50000
3              0.598485              0.000000         0.50000
57             0.598485              0.000000         0.50000
51             0.598485              0.000000         0.50000
11             0.598485              0.000000         0.50000
41             0.598485              0.000000         0.50000
19             0.598485              0.000000         0.50000
39             0.598485              0.000000         0.50000
37             0.598485              0.000000         0.50000
13             0.598485              0.000000         0.50000
35             0.598485              0.000000         0.50000
33             0.598485              0.000000         0.50000
15             0.598485              0.000000         0.50000
31             0.598485              0.000000         0.50000
1              0.598485              0.000000         0.50000
29             0.598485              0.000000         0.50000
27             0.598485              0.000000         0.50000
17             0.598485              0.000000         0.50000
25             0.598485              0.000000         0.50000
23             0.598485              0.000000         0.50000
59             0.598485              0.000000         0.50000
2023-05-27 06:25:30,243 [INFO] Best model :
SVC(C=0.01, gamma=0.01, kernel='linear', random_state=42)
2023-05-27 06:25:30,250 [INFO] Save train_prediction_log data...
2023-05-27 06:25:30,257 [INFO] {'Data': 'train', 'ACC': '1.0 (112 / 112)', 'TP': 45, 'FP': 0, 'FN': 0, 'TN': 67, 'Precision': '1.0 (45 / 45 + 0)', 'Recall': '1.0 (45 / 45 + 0)', 'F1': '1.0 (2 * (1.0 * 1.0) / 1.0 + 1.0)', 'Specificity': '1.0 (67 / 67 + 0)', 'AUC': 1.0, 'r2': 1.0}
2023-05-27 06:25:30,262 [INFO] Save valid_prediction_log data...
2023-05-27 06:25:30,265 [INFO] {'Data': 'valid', 'ACC': '0.96 (27 / 28)', 'TP': 11, 'FP': 1, 'FN': 0, 'TN': 16, 'Precision': '0.92 (11 / 11 + 1)', 'Recall': '1.0 (11 / 11 + 0)', 'F1': '0.96 (2 * (1.0 * 0.92) / 1.0 + 0.92)', 'Specificity': '0.94 (16 / 16 + 1)', 'AUC': 0.97, 'r2': 0.85}
2023-05-27 06:25:30,281 [INFO] Save test_prediction_log data...
2023-05-27 06:25:30,285 [INFO] {'Data': 'test', 'ACC': '0.54 (15 / 28)', 'TP': 3, 'FP': 5, 'FN': 8, 'TN': 12, 'Precision': '0.38 (3 / 3 + 5)', 'Recall': '0.27 (3 / 3 + 8)', 'F1': '0.32 (2 * (0.27 * 0.38) / 0.27 + 0.38)', 'Specificity': '0.71 (12 / 12 + 5)', 'AUC': 0.49, 'r2': -0.95}
2023-05-27 06:25:30,288 [INFO] Save training_log data...
2023-05-27 06:25:30,291 [INFO] Save score_log data...
2023-05-27 06:25:30,293 [INFO] Time : 4.721395969390869
