2023-05-29 19:57:27,583 [INFO] Train data : Baseline_noscale_DUDE\DUD-E\AKT2\ECFP4_512bits\AKT2_raw_train.tsv
2023-05-29 19:57:27,583 [INFO] Valid data : Baseline_noscale_DUDE\DUD-E\AKT2\ECFP4_512bits\AKT2_raw_valid.tsv
2023-05-29 19:57:27,583 [INFO] Output path : Baseline_noscale_DUDE\DUD-E\AKT2\ECFP4_512bits\AKT2_model\SVM
2023-05-29 19:57:27,583 [INFO] Model type : SVM
2023-05-29 19:57:27,583 [INFO] Use cores : 12
2023-05-29 19:57:27,597 [INFO] Start Learning model
2023-05-29 19:57:27,597 [INFO] Train : 125 | Valid : 31
2023-05-29 19:57:27,597 [INFO] Set parameters : {'kernel': ['linear', 'rbf'], 'C': [0.01, 0.1, 1, 10, 100, 1000], 'gamma': [0.01, 0.1, 1, 100, 1000]}
2023-05-29 19:57:29,773 [INFO] GridSearchCV results :
    mean_valid_accuracy  mean_valid_precision  mean_valid_auc
0              0.984615                   1.0            0.98
24             1.000000                   1.0            1.00
28             1.000000                   1.0            1.00
31             1.000000                   1.0            1.00
32             1.000000                   1.0            1.00
33             0.782692                   1.0            0.73
34             1.000000                   1.0            1.00
36             1.000000                   1.0            1.00
38             1.000000                   1.0            1.00
40             1.000000                   1.0            1.00
41             1.000000                   1.0            1.00
42             1.000000                   1.0            1.00
43             0.782692                   1.0            0.73
44             1.000000                   1.0            1.00
46             1.000000                   1.0            1.00
48             1.000000                   1.0            1.00
50             1.000000                   1.0            1.00
51             1.000000                   1.0            1.00
52             1.000000                   1.0            1.00
53             0.782692                   1.0            0.73
54             1.000000                   1.0            1.00
56             1.000000                   1.0            1.00
58             1.000000                   1.0            1.00
26             1.000000                   1.0            1.00
30             1.000000                   1.0            1.00
10             1.000000                   1.0            1.00
8              0.984615                   1.0            0.98
2              0.984615                   1.0            0.98
22             1.000000                   1.0            1.00
21             0.984615                   1.0            0.98
20             1.000000                   1.0            1.00
12             1.000000                   1.0            1.00
18             1.000000                   1.0            1.00
4              0.984615                   1.0            0.98
6              0.984615                   1.0            0.98
16             1.000000                   1.0            1.00
14             1.000000                   1.0            1.00
23             0.678205                   0.6            0.60
9              0.599359                   0.0            0.50
49             0.599359                   0.0            0.50
25             0.599359                   0.0            0.50
7              0.599359                   0.0            0.50
47             0.599359                   0.0            0.50
55             0.599359                   0.0            0.50
3              0.599359                   0.0            0.50
57             0.599359                   0.0            0.50
5              0.599359                   0.0            0.50
13             0.599359                   0.0            0.50
45             0.599359                   0.0            0.50
11             0.599359                   0.0            0.50
15             0.599359                   0.0            0.50
39             0.599359                   0.0            0.50
37             0.599359                   0.0            0.50
17             0.599359                   0.0            0.50
35             0.599359                   0.0            0.50
19             0.599359                   0.0            0.50
1              0.599359                   0.0            0.50
29             0.599359                   0.0            0.50
27             0.599359                   0.0            0.50
59             0.599359                   0.0            0.50
2023-05-29 19:57:29,776 [INFO] Best model :
SVC(C=0.01, gamma=0.01, kernel='linear', random_state=42)
2023-05-29 19:57:29,781 [INFO] Save train_prediction_log data...
2023-05-29 19:57:29,784 [INFO] {'Data': 'train', 'ACC': '0.99 (124 / 125)', 'TP': 49, 'FP': 0, 'FN': 1, 'TN': 75, 'Precision': '1.0 (49 / 49 + 0)', 'Recall': '0.98 (49 / 49 + 1)', 'F1': '0.99 (2 * (0.98 * 1.0) / 0.98 + 1.0)', 'Specificity': '1.0 (75 / 75 + 0)', 'AUC': 0.99, 'r2': 0.97}
2023-05-29 19:57:29,788 [INFO] Save valid_prediction_log data...
2023-05-29 19:57:29,790 [INFO] {'Data': 'valid', 'ACC': '1.0 (31 / 31)', 'TP': 12, 'FP': 0, 'FN': 0, 'TN': 19, 'Precision': '1.0 (12 / 12 + 0)', 'Recall': '1.0 (12 / 12 + 0)', 'F1': '1.0 (2 * (1.0 * 1.0) / 1.0 + 1.0)', 'Specificity': '1.0 (19 / 19 + 0)', 'AUC': 1.0, 'r2': 1.0}
2023-05-29 19:57:29,801 [INFO] Save test_prediction_log data...
2023-05-29 19:57:29,803 [INFO] {'Data': 'test', 'ACC': '0.81 (25 / 31)', 'TP': 8, 'FP': 2, 'FN': 4, 'TN': 17, 'Precision': '0.8 (8 / 8 + 2)', 'Recall': '0.67 (8 / 8 + 4)', 'F1': '0.73 (2 * (0.67 * 0.8) / 0.67 + 0.8)', 'Specificity': '0.89 (17 / 17 + 2)', 'AUC': 0.78, 'r2': 0.18}
2023-05-29 19:57:29,805 [INFO] Save training_log data...
2023-05-29 19:57:29,807 [INFO] Save score_log data...
2023-05-29 19:57:29,807 [INFO] Time : 2.2236335277557373
