2023-05-27 00:17:43,800 [INFO] Train data : Vary_params\DUD-E\AKT1\nG1_50\ECFP6_256bits\Standard\AKT1_train_vector.tsv
2023-05-27 00:17:43,800 [INFO] Valid data : Vary_params\DUD-E\AKT1\nG1_50\ECFP6_256bits\Standard\AKT1_valid_vector.tsv
2023-05-27 00:17:43,800 [INFO] Output path : Vary_params\DUD-E\AKT1\nG1_50\ECFP6_256bits\Standard\AKT1_model\SVM
2023-05-27 00:17:43,800 [INFO] Model type : SVM
2023-05-27 00:17:43,800 [INFO] Use cores : 11
2023-05-27 00:17:43,835 [INFO] Start Learning model
2023-05-27 00:17:43,836 [INFO] Train : 481 | Valid : 120
2023-05-27 00:17:43,836 [INFO] Set parameters : {'kernel': ['linear', 'rbf'], 'C': [0.01, 0.1, 1, 10, 100, 1000], 'gamma': [0.01, 0.1, 1, 100, 1000]}
2023-05-27 00:17:48,585 [INFO] GridSearchCV results :
    mean_valid_accuracy  mean_valid_precision  mean_valid_auc
31             0.937968              1.000000        0.923026
21             0.925468              1.000000        0.907368
51             0.937968              1.000000        0.923026
41             0.937968              1.000000        0.923026
0              0.962755              0.951598        0.962372
2              0.962755              0.951598        0.962372
4              0.962755              0.951598        0.962372
6              0.962755              0.951598        0.962372
8              0.962755              0.951598        0.962372
42             0.958546              0.933438        0.960607
32             0.958546              0.933438        0.960607
34             0.958546              0.933438        0.960607
36             0.958546              0.933438        0.960607
38             0.958546              0.933438        0.960607
40             0.958546              0.933438        0.960607
48             0.958546              0.933438        0.960607
44             0.958546              0.933438        0.960607
46             0.958546              0.933438        0.960607
26             0.958546              0.933438        0.960607
50             0.958546              0.933438        0.960607
52             0.958546              0.933438        0.960607
54             0.958546              0.933438        0.960607
56             0.958546              0.933438        0.960607
58             0.958546              0.933438        0.960607
28             0.958546              0.933438        0.960607
30             0.958546              0.933438        0.960607
18             0.958546              0.933438        0.960607
24             0.958546              0.933438        0.960607
14             0.958546              0.933438        0.960607
12             0.958546              0.933438        0.960607
22             0.958546              0.933438        0.960607
16             0.958546              0.933438        0.960607
20             0.958546              0.933438        0.960607
10             0.958546              0.933438        0.960607
25             0.600850              0.000000        0.500000
49             0.600850              0.000000        0.500000
11             0.600850              0.000000        0.500000
53             0.600850              0.000000        0.500000
9              0.600850              0.000000        0.500000
13             0.600850              0.000000        0.500000
7              0.600850              0.000000        0.500000
55             0.600850              0.000000        0.500000
5              0.600850              0.000000        0.500000
57             0.600850              0.000000        0.500000
3              0.600850              0.000000        0.500000
47             0.600850              0.000000        0.500000
43             0.600850              0.000000        0.500000
45             0.600850              0.000000        0.500000
27             0.600850              0.000000        0.500000
15             0.600850              0.000000        0.500000
17             0.600850              0.000000        0.500000
39             0.600850              0.000000        0.500000
37             0.600850              0.000000        0.500000
19             0.600850              0.000000        0.500000
35             0.600850              0.000000        0.500000
33             0.600850              0.000000        0.500000
23             0.600850              0.000000        0.500000
1              0.600850              0.000000        0.500000
29             0.600850              0.000000        0.500000
59             0.600850              0.000000        0.500000
2023-05-27 00:17:48,593 [INFO] Best model :
SVC(C=1, gamma=0.01, random_state=42)
2023-05-27 00:17:48,629 [INFO] Save train_prediction_log data...
2023-05-27 00:17:48,636 [INFO] {'Data': 'train', 'ACC': '1.0 (481 / 481)', 'TP': 192, 'FP': 0, 'FN': 0, 'TN': 289, 'Precision': '1.0 (192 / 192 + 0)', 'Recall': '1.0 (192 / 192 + 0)', 'F1': '1.0 (2 * (1.0 * 1.0) / 1.0 + 1.0)', 'Specificity': '1.0 (289 / 289 + 0)', 'AUC': 1.0, 'r2': 1.0}
2023-05-27 00:17:48,655 [INFO] Save valid_prediction_log data...
2023-05-27 00:17:48,658 [INFO] {'Data': 'valid', 'ACC': '1.0 (120 / 120)', 'TP': 48, 'FP': 0, 'FN': 0, 'TN': 72, 'Precision': '1.0 (48 / 48 + 0)', 'Recall': '1.0 (48 / 48 + 0)', 'F1': '1.0 (2 * (1.0 * 1.0) / 1.0 + 1.0)', 'Specificity': '1.0 (72 / 72 + 0)', 'AUC': 1.0, 'r2': 1.0}
2023-05-27 00:17:48,679 [INFO] Save test_prediction_log data...
2023-05-27 00:17:48,683 [INFO] {'Data': 'test', 'ACC': '0.67 (80 / 120)', 'TP': 9, 'FP': 1, 'FN': 39, 'TN': 71, 'Precision': '0.9 (9 / 9 + 1)', 'Recall': '0.19 (9 / 9 + 39)', 'F1': '0.31 (2 * (0.19 * 0.9) / 0.19 + 0.9)', 'Specificity': '0.99 (71 / 71 + 1)', 'AUC': 0.59, 'r2': -0.39}
2023-05-27 00:17:48,685 [INFO] Save training_log data...
2023-05-27 00:17:48,686 [INFO] Save score_log data...
2023-05-27 00:17:48,688 [INFO] Time : 4.8881309032440186
