2023-05-29 02:39:51,122 [INFO] Train data : Vary_params_FGFR1\DUD-E\FGFR1\nG1_80\ECFP6_256bits\Standard\FGFR1_train_vector.tsv
2023-05-29 02:39:51,122 [INFO] Valid data : Vary_params_FGFR1\DUD-E\FGFR1\nG1_80\ECFP6_256bits\Standard\FGFR1_valid_vector.tsv
2023-05-29 02:39:51,122 [INFO] Output path : Vary_params_FGFR1\DUD-E\FGFR1\nG1_80\ECFP6_256bits\Standard\FGFR1_model\RF
2023-05-29 02:39:51,122 [INFO] Model type : RF
2023-05-29 02:39:51,122 [INFO] Use cores : 10
2023-05-29 02:39:51,161 [INFO] Start Learning model
2023-05-29 02:39:51,162 [INFO] Train : 143 | Valid : 43
2023-05-29 02:39:51,162 [INFO] Set parameters : {'max_depth': [6, 8, 10, 12], 'max_features': ['sqrt', 'log2'], 'min_samples_leaf': [2, 4, 8, 10], 'min_samples_split': [2, 4, 8, 10], 'n_estimators': [200, 600, 1000]}
2023-05-29 02:45:50,421 [INFO] GridSearchCV results :
     mean_valid_accuracy  mean_valid_precision  mean_valid_auc
0               0.972381                 1.000        0.950000
246             0.951905                 1.000        0.908333
254             0.972381                 1.000        0.945833
253             0.965238                 1.000        0.933333
252             0.958571                 1.000        0.920833
..                   ...                   ...             ...
320             0.965714                 0.975        0.945455
319             0.965714                 0.975        0.945455
318             0.965714                 0.975        0.945455
317             0.965714                 0.975        0.945455
321             0.965714                 0.975        0.945455

[384 rows x 3 columns]
2023-05-29 02:45:50,423 [INFO] Best model :
RandomForestClassifier(class_weight='balanced', max_depth=6, min_samples_leaf=2,
                       n_estimators=200, random_state=42)
2023-05-29 02:45:50,440 [INFO] Save train_prediction_log data...
2023-05-29 02:45:50,445 [INFO] {'Data': 'train', 'ACC': '1.0 (143 / 143)', 'TP': 39, 'FP': 0, 'FN': 0, 'TN': 104, 'Precision': '1.0 (39 / 39 + 0)', 'Recall': '1.0 (39 / 39 + 0)', 'F1': '1.0 (2 * (1.0 * 1.0) / 1.0 + 1.0)', 'Specificity': '1.0 (104 / 104 + 0)', 'AUC': 1.0, 'r2': 1.0}
2023-05-29 02:45:50,461 [INFO] Save valid_prediction_log data...
2023-05-29 02:45:50,465 [INFO] {'Data': 'valid', 'ACC': '1.0 (43 / 43)', 'TP': 17, 'FP': 0, 'FN': 0, 'TN': 26, 'Precision': '1.0 (17 / 17 + 0)', 'Recall': '1.0 (17 / 17 + 0)', 'F1': '1.0 (2 * (1.0 * 1.0) / 1.0 + 1.0)', 'Specificity': '1.0 (26 / 26 + 0)', 'AUC': 1.0, 'r2': 1.0}
2023-05-29 02:45:50,496 [INFO] Save test_prediction_log data...
2023-05-29 02:45:50,499 [INFO] {'Data': 'test', 'ACC': '0.6 (26 / 43)', 'TP': 2, 'FP': 2, 'FN': 15, 'TN': 24, 'Precision': '0.5 (2 / 2 + 2)', 'Recall': '0.12 (2 / 2 + 15)', 'F1': '0.19 (2 * (0.12 * 0.5) / 0.12 + 0.5)', 'Specificity': '0.92 (24 / 24 + 2)', 'AUC': 0.52, 'r2': -0.65}
2023-05-29 02:45:50,558 [INFO] Save training_log data...
2023-05-29 02:45:50,562 [INFO] Save score_log data...
2023-05-29 02:45:50,563 [INFO] Time : 359.4411942958832
