2023-05-27 04:52:06,080 [INFO] Train data : Vary_params\DUD-E\AKT1\nG1_80\ECFP4_512bits\Robust\AKT1_train_vector.tsv
2023-05-27 04:52:06,080 [INFO] Valid data : Vary_params\DUD-E\AKT1\nG1_80\ECFP4_512bits\Robust\AKT1_valid_vector.tsv
2023-05-27 04:52:06,080 [INFO] Output path : Vary_params\DUD-E\AKT1\nG1_80\ECFP4_512bits\Robust\AKT1_model\XGB
2023-05-27 04:52:06,080 [INFO] Model type : XGB
2023-05-27 04:52:06,080 [INFO] Use cores : 11
2023-05-27 04:52:06,113 [INFO] Start Learning model
2023-05-27 04:52:06,113 [INFO] Train : 451 | Valid : 120
2023-05-27 04:52:06,115 [INFO] Set parameters : {'max_depth': [4, 6, 8], 'learning_rate': [0.01, 0.2], 'n_estimators': [200, 600, 1000], 'gamma': [0, 1000], 'min_child_weight': [1, 3], 'subsample': [0.5, 1], 'colsample_bytree': [0.5, 1], 'objective': ['binary:logitraw'], 'eval_metric': ['auc', 'error']}
2023-05-27 05:24:09,095 [INFO] GridSearchCV results :
     mean_valid_accuracy  mean_valid_precision  mean_valid_auc
485             0.982319                   1.0        0.975735
483             0.982319                   1.0        0.975735
481             0.984541                   1.0        0.978860
341             0.982319                   1.0        0.975735
339             0.982319                   1.0        0.975735
..                   ...                   ...             ...
263             0.640821                   0.0        0.500000
262             0.640821                   0.0        0.500000
261             0.640821                   0.0        0.500000
260             0.640821                   0.0        0.500000
575             0.640821                   0.0        0.500000

[576 rows x 3 columns]
2023-05-27 05:24:09,097 [INFO] Best model :
XGBClassifier(base_score=None, booster=None, callbacks=None,
              colsample_bylevel=None, colsample_bynode=None, colsample_bytree=1,
              early_stopping_rounds=None, enable_categorical=False,
              eval_metric='auc', feature_types=None, gamma=0, gpu_id=None,
              grow_policy=None, importance_type=None,
              interaction_constraints=None, learning_rate=0.2, max_bin=None,
              max_cat_threshold=None, max_cat_to_onehot=None,
              max_delta_step=None, max_depth=6, max_leaves=None,
              min_child_weight=1, missing=nan, monotone_constraints=None,
              n_estimators=200, n_jobs=0, num_parallel_tree=None,
              objective='binary:logitraw', predictor=None, ...)
2023-05-27 05:24:09,119 [INFO] Save train_prediction_log data...
2023-05-27 05:24:09,124 [INFO] {'Data': 'train', 'ACC': '1.0 (451 / 451)', 'TP': 162, 'FP': 0, 'FN': 0, 'TN': 289, 'Precision': '1.0 (162 / 162 + 0)', 'Recall': '1.0 (162 / 162 + 0)', 'F1': '1.0 (2 * (1.0 * 1.0) / 1.0 + 1.0)', 'Specificity': '1.0 (289 / 289 + 0)', 'AUC': 1.0, 'r2': 1.0}
2023-05-27 05:24:09,143 [INFO] Save valid_prediction_log data...
2023-05-27 05:24:09,146 [INFO] {'Data': 'valid', 'ACC': '0.99 (119 / 120)', 'TP': 48, 'FP': 1, 'FN': 0, 'TN': 71, 'Precision': '0.98 (48 / 48 + 1)', 'Recall': '1.0 (48 / 48 + 0)', 'F1': '0.99 (2 * (1.0 * 0.98) / 1.0 + 0.98)', 'Specificity': '0.99 (71 / 71 + 1)', 'AUC': 0.99, 'r2': 0.97}
2023-05-27 05:24:09,183 [INFO] Save test_prediction_log data...
2023-05-27 05:24:09,194 [INFO] {'Data': 'test', 'ACC': '0.76 (91 / 120)', 'TP': 26, 'FP': 7, 'FN': 22, 'TN': 65, 'Precision': '0.79 (26 / 26 + 7)', 'Recall': '0.54 (26 / 26 + 22)', 'F1': '0.64 (2 * (0.54 * 0.79) / 0.54 + 0.79)', 'Specificity': '0.9 (65 / 65 + 7)', 'AUC': 0.72, 'r2': -0.01}
2023-05-27 05:24:09,199 [INFO] Save training_log data...
2023-05-27 05:24:09,205 [INFO] Save score_log data...
2023-05-27 05:24:09,206 [INFO] Time : 1923.1252462863922
