2023-05-29 01:01:06,965 [INFO] Train data : Vary_params_SH\DUD-E\TGFR1\nG1_80\ECFP4_256bits\MinMax\TGFR1_train_vector.tsv
2023-05-29 01:01:06,965 [INFO] Valid data : Vary_params_SH\DUD-E\TGFR1\nG1_80\ECFP4_256bits\MinMax\TGFR1_valid_vector.tsv
2023-05-29 01:01:06,965 [INFO] Output path : Vary_params_SH\DUD-E\TGFR1\nG1_80\ECFP4_256bits\MinMax\TGFR1_model\SVM
2023-05-29 01:01:06,965 [INFO] Model type : SVM
2023-05-29 01:01:06,966 [INFO] Use cores : 3
2023-05-29 01:01:06,986 [INFO] Start Learning model
2023-05-29 01:01:06,986 [INFO] Train : 134 | Valid : 41
2023-05-29 01:01:06,986 [INFO] Set parameters : {'kernel': ['linear', 'rbf'], 'C': [0.01, 0.1, 1, 10, 100, 1000], 'gamma': [0.01, 0.1, 1, 100, 1000]}
2023-05-29 01:01:11,226 [INFO] GridSearchCV results :
    mean_valid_accuracy  mean_valid_precision  mean_valid_auc
0              0.978022                   1.0        0.962500
22             0.985165                   1.0        0.975000
26             0.985165                   1.0        0.975000
28             0.985165                   1.0        0.975000
31             0.978022                   1.0        0.962500
32             0.985165                   1.0        0.975000
34             0.985165                   1.0        0.975000
36             0.985165                   1.0        0.975000
38             0.985165                   1.0        0.975000
40             0.985165                   1.0        0.975000
41             0.978022                   1.0        0.962500
42             0.985165                   1.0        0.975000
44             0.985165                   1.0        0.975000
46             0.985165                   1.0        0.975000
48             0.985165                   1.0        0.975000
50             0.985165                   1.0        0.975000
51             0.978022                   1.0        0.962500
52             0.985165                   1.0        0.975000
54             0.985165                   1.0        0.975000
56             0.985165                   1.0        0.975000
58             0.985165                   1.0        0.975000
24             0.985165                   1.0        0.975000
30             0.985165                   1.0        0.975000
12             0.985165                   1.0        0.975000
14             0.985165                   1.0        0.975000
2              0.978022                   1.0        0.962500
20             0.985165                   1.0        0.975000
4              0.978022                   1.0        0.962500
6              0.978022                   1.0        0.962500
8              0.978022                   1.0        0.962500
18             0.985165                   1.0        0.975000
10             0.985165                   1.0        0.975000
16             0.985165                   1.0        0.975000
21             0.978022                   1.0        0.962500
53             0.814286                   0.7        0.662500
33             0.814286                   0.7        0.662500
43             0.814286                   0.7        0.662500
23             0.784615                   0.6        0.604167
37             0.731868                   0.0        0.500000
39             0.731868                   0.0        0.500000
25             0.731868                   0.0        0.500000
57             0.731868                   0.0        0.500000
3              0.731868                   0.0        0.500000
55             0.731868                   0.0        0.500000
27             0.731868                   0.0        0.500000
19             0.731868                   0.0        0.500000
5              0.731868                   0.0        0.500000
29             0.731868                   0.0        0.500000
7              0.731868                   0.0        0.500000
49             0.731868                   0.0        0.500000
1              0.731868                   0.0        0.500000
47             0.731868                   0.0        0.500000
9              0.731868                   0.0        0.500000
45             0.731868                   0.0        0.500000
17             0.731868                   0.0        0.500000
35             0.731868                   0.0        0.500000
11             0.731868                   0.0        0.500000
15             0.731868                   0.0        0.500000
13             0.731868                   0.0        0.500000
59             0.731868                   0.0        0.500000
2023-05-29 01:01:11,228 [INFO] Best model :
SVC(C=0.01, gamma=0.01, kernel='linear', random_state=42)
2023-05-29 01:01:11,235 [INFO] Save train_prediction_log data...
2023-05-29 01:01:11,239 [INFO] {'Data': 'train', 'ACC': '0.99 (132 / 134)', 'TP': 34, 'FP': 0, 'FN': 2, 'TN': 98, 'Precision': '1.0 (34 / 34 + 0)', 'Recall': '0.94 (34 / 34 + 2)', 'F1': '0.97 (2 * (0.94 * 1.0) / 0.94 + 1.0)', 'Specificity': '1.0 (98 / 98 + 0)', 'AUC': 0.97, 'r2': 0.92}
2023-05-29 01:01:11,244 [INFO] Save valid_prediction_log data...
2023-05-29 01:01:11,247 [INFO] {'Data': 'valid', 'ACC': '0.95 (39 / 41)', 'TP': 14, 'FP': 0, 'FN': 2, 'TN': 25, 'Precision': '1.0 (14 / 14 + 0)', 'Recall': '0.88 (14 / 14 + 2)', 'F1': '0.94 (2 * (0.88 * 1.0) / 0.88 + 1.0)', 'Specificity': '1.0 (25 / 25 + 0)', 'AUC': 0.94, 'r2': 0.8}
2023-05-29 01:01:11,261 [INFO] Save test_prediction_log data...
2023-05-29 01:01:11,265 [INFO] {'Data': 'test', 'ACC': '0.61 (25 / 41)', 'TP': 3, 'FP': 3, 'FN': 13, 'TN': 22, 'Precision': '0.5 (3 / 3 + 3)', 'Recall': '0.19 (3 / 3 + 13)', 'F1': '0.28 (2 * (0.19 * 0.5) / 0.19 + 0.5)', 'Specificity': '0.88 (22 / 22 + 3)', 'AUC': 0.53, 'r2': -0.64}
2023-05-29 01:01:11,268 [INFO] Save training_log data...
2023-05-29 01:01:11,271 [INFO] Save score_log data...
2023-05-29 01:01:11,272 [INFO] Time : 4.306260108947754
