2023-05-28 22:53:39,525 [INFO] Train data : Vary_params\DUD-E\FAK1\nG1_80\ECFP6_512bits\Standard\FAK1_train_vector.tsv
2023-05-28 22:53:39,525 [INFO] Valid data : Vary_params\DUD-E\FAK1\nG1_80\ECFP6_512bits\Standard\FAK1_valid_vector.tsv
2023-05-28 22:53:39,525 [INFO] Output path : Vary_params\DUD-E\FAK1\nG1_80\ECFP6_512bits\Standard\FAK1_model\MLP
2023-05-28 22:53:39,525 [INFO] Model type : MLP
2023-05-28 22:53:39,525 [INFO] Use cores : 11
2023-05-28 22:53:39,553 [INFO] Start Learning model
2023-05-28 22:53:39,553 [INFO] Train : 63 | Valid : 23
2023-05-28 22:53:39,553 [INFO] Set parameters : {'hidden_layer_sizes': [(50,), (100,), (50, 50), (100, 100)], 'learning_rate': ['constant', 'invscaling', 'adaptive'], 'activation': ['relu', 'identity', 'logistic', 'tanh'], 'solver': ['adam', 'sgd', 'lbfgs'], 'alpha': [0.1, 0.01, 0.001], 'max_iter': [500, 1000], 'early_stopping': [True]}
2023-05-28 22:56:47,251 [INFO] GridSearchCV results :
     mean_valid_accuracy  mean_valid_precision  mean_valid_auc
77              0.983333                  0.65        0.690000
89              0.983333                  0.65        0.690000
74              0.983333                  0.65        0.690000
647             0.983333                  0.65        0.690000
146             0.983333                  0.65        0.690000
..                   ...                   ...             ...
214             0.890476                  0.00        0.350000
211             0.890476                  0.00        0.350000
208             0.890476                  0.00        0.350000
205             0.890476                  0.00        0.350000
454             0.845238                  0.00        0.323333

[864 rows x 3 columns]
2023-05-28 22:56:47,253 [INFO] Best model :
MLPClassifier(alpha=0.01, early_stopping=True, hidden_layer_sizes=(50,),
              max_iter=500, random_state=42, solver='lbfgs')
2023-05-28 22:56:47,262 [INFO] Save train_prediction_log data...
2023-05-28 22:56:47,266 [INFO] {'Data': 'train', 'ACC': '1.0 (63 / 63)', 'TP': 7, 'FP': 0, 'FN': 0, 'TN': 56, 'Precision': '1.0 (7 / 7 + 0)', 'Recall': '1.0 (7 / 7 + 0)', 'F1': '1.0 (2 * (1.0 * 1.0) / 1.0 + 1.0)', 'Specificity': '1.0 (56 / 56 + 0)', 'AUC': 1.0, 'r2': 1.0}
2023-05-28 22:56:47,271 [INFO] Save valid_prediction_log data...
2023-05-28 22:56:47,274 [INFO] {'Data': 'valid', 'ACC': '1.0 (23 / 23)', 'TP': 9, 'FP': 0, 'FN': 0, 'TN': 14, 'Precision': '1.0 (9 / 9 + 0)', 'Recall': '1.0 (9 / 9 + 0)', 'F1': '1.0 (2 * (1.0 * 1.0) / 1.0 + 1.0)', 'Specificity': '1.0 (14 / 14 + 0)', 'AUC': 1.0, 'r2': 1.0}
2023-05-28 22:56:47,299 [INFO] Save test_prediction_log data...
2023-05-28 22:56:47,303 [INFO] {'Data': 'test', 'ACC': '0.61 (14 / 23)', 'TP': 0, 'FP': 0, 'FN': 9, 'TN': 14, 'Precision': '0 (0 / 0 + 0)', 'Recall': '0 (0 / 0 + 9)', 'F1': '0 (2 * (0 * 0) / 0 + 0)', 'Specificity': '1.0 (14 / 14 + 0)', 'AUC': 0.5, 'r2': -0.64}
2023-05-28 22:56:47,306 [INFO] Save training_log data...
2023-05-28 22:56:47,313 [INFO] Save score_log data...
2023-05-28 22:56:47,314 [INFO] Time : 187.78887581825256
