2023-05-28 23:57:53,993 [INFO] Train data : Vary_params\DUD-E\KPCB\nG1_20\ECFP4_256bits\MinMax\KPCB_train_vector.tsv
2023-05-28 23:57:53,993 [INFO] Valid data : Vary_params\DUD-E\KPCB\nG1_20\ECFP4_256bits\MinMax\KPCB_valid_vector.tsv
2023-05-28 23:57:53,993 [INFO] Output path : Vary_params\DUD-E\KPCB\nG1_20\ECFP4_256bits\MinMax\KPCB_model\XGB
2023-05-28 23:57:53,993 [INFO] Model type : XGB
2023-05-28 23:57:53,993 [INFO] Use cores : 11
2023-05-28 23:57:54,009 [INFO] Start Learning model
2023-05-28 23:57:54,009 [INFO] Train : 198 | Valid : 42
2023-05-28 23:57:54,010 [INFO] Set parameters : {'max_depth': [4, 6, 8], 'learning_rate': [0.01, 0.2], 'n_estimators': [200, 600, 1000], 'gamma': [0, 1000], 'min_child_weight': [1, 3], 'subsample': [0.5, 1], 'colsample_bytree': [0.5, 1], 'objective': ['binary:logitraw'], 'eval_metric': ['auc', 'error']}
2023-05-29 00:07:20,450 [INFO] GridSearchCV results :
     mean_valid_accuracy  mean_valid_precision  mean_valid_auc
15              0.920000              0.956818        0.920909
159             0.920000              0.956818        0.920909
145             0.895000              0.950000        0.896364
1               0.895000              0.950000        0.896364
3               0.915000              0.950000        0.916364
..                   ...                   ...             ...
102             0.510263              0.000000        0.500000
103             0.510263              0.000000        0.500000
104             0.510263              0.000000        0.500000
105             0.510263              0.000000        0.500000
575             0.510263              0.000000        0.500000

[576 rows x 3 columns]
2023-05-29 00:07:20,452 [INFO] Best model :
XGBClassifier(base_score=None, booster=None, callbacks=None,
              colsample_bylevel=None, colsample_bynode=None,
              colsample_bytree=0.5, early_stopping_rounds=None,
              enable_categorical=False, eval_metric='auc', feature_types=None,
              gamma=0, gpu_id=None, grow_policy=None, importance_type=None,
              interaction_constraints=None, learning_rate=0.01, max_bin=None,
              max_cat_threshold=None, max_cat_to_onehot=None,
              max_delta_step=None, max_depth=6, max_leaves=None,
              min_child_weight=1, missing=nan, monotone_constraints=None,
              n_estimators=600, n_jobs=0, num_parallel_tree=None,
              objective='binary:logitraw', predictor=None, ...)
2023-05-29 00:07:20,465 [INFO] Save train_prediction_log data...
2023-05-29 00:07:20,469 [INFO] {'Data': 'train', 'ACC': '0.99 (197 / 198)', 'TP': 96, 'FP': 0, 'FN': 1, 'TN': 101, 'Precision': '1.0 (96 / 96 + 0)', 'Recall': '0.99 (96 / 96 + 1)', 'F1': '0.99 (2 * (0.99 * 1.0) / 0.99 + 1.0)', 'Specificity': '1.0 (101 / 101 + 0)', 'AUC': 0.99, 'r2': 0.98}
2023-05-29 00:07:20,481 [INFO] Save valid_prediction_log data...
2023-05-29 00:07:20,485 [INFO] {'Data': 'valid', 'ACC': '1.0 (42 / 42)', 'TP': 17, 'FP': 0, 'FN': 0, 'TN': 25, 'Precision': '1.0 (17 / 17 + 0)', 'Recall': '1.0 (17 / 17 + 0)', 'F1': '1.0 (2 * (1.0 * 1.0) / 1.0 + 1.0)', 'Specificity': '1.0 (25 / 25 + 0)', 'AUC': 1.0, 'r2': 1.0}
2023-05-29 00:07:20,504 [INFO] Save test_prediction_log data...
2023-05-29 00:07:20,508 [INFO] {'Data': 'test', 'ACC': '0.76 (32 / 42)', 'TP': 8, 'FP': 1, 'FN': 9, 'TN': 24, 'Precision': '0.89 (8 / 8 + 1)', 'Recall': '0.47 (8 / 8 + 9)', 'F1': '0.62 (2 * (0.47 * 0.89) / 0.47 + 0.89)', 'Specificity': '0.96 (24 / 24 + 1)', 'AUC': 0.72, 'r2': 0.01}
2023-05-29 00:07:20,520 [INFO] Save training_log data...
2023-05-29 00:07:20,525 [INFO] Save score_log data...
2023-05-29 00:07:20,526 [INFO] Time : 566.532689332962
