2023-05-26 20:16:05,797 [INFO] Train data : Vary_params\DUD-E\MET\nG1_20\ECFP4_256bits\MinMax\MET_train_vector.tsv
2023-05-26 20:16:05,797 [INFO] Valid data : Vary_params\DUD-E\MET\nG1_20\ECFP4_256bits\MinMax\MET_valid_vector.tsv
2023-05-26 20:16:05,797 [INFO] Output path : Vary_params\DUD-E\MET\nG1_20\ECFP4_256bits\MinMax\MET_model\XGB
2023-05-26 20:16:05,797 [INFO] Model type : XGB
2023-05-26 20:16:05,797 [INFO] Use cores : 10
2023-05-26 20:16:05,812 [INFO] Start Learning model
2023-05-26 20:16:05,812 [INFO] Train : 226 | Valid : 49
2023-05-26 20:16:05,813 [INFO] Set parameters : {'max_depth': [4, 6, 8], 'learning_rate': [0.01, 0.2], 'n_estimators': [200, 600, 1000], 'gamma': [0, 1000], 'min_child_weight': [1, 3], 'subsample': [0.5, 1], 'colsample_bytree': [0.5, 1], 'objective': ['binary:logitraw'], 'eval_metric': ['auc', 'error']}
2023-05-26 20:24:22,012 [INFO] GridSearchCV results :
     mean_valid_accuracy  mean_valid_precision  mean_valid_auc
30              0.934783              0.981818        0.932576
6               0.934783              0.981818        0.932576
162             0.934783              0.981818        0.932576
174             0.934783              0.981818        0.932576
18              0.934783              0.981818        0.932576
..                   ...                   ...             ...
381             0.522134              0.000000        0.500000
380             0.522134              0.000000        0.500000
379             0.522134              0.000000        0.500000
378             0.522134              0.000000        0.500000
575             0.522134              0.000000        0.500000

[576 rows x 3 columns]
2023-05-26 20:24:22,013 [INFO] Best model :
XGBClassifier(base_score=None, booster=None, callbacks=None,
              colsample_bylevel=None, colsample_bynode=None,
              colsample_bytree=0.5, early_stopping_rounds=None,
              enable_categorical=False, eval_metric='auc', feature_types=None,
              gamma=0, gpu_id=None, grow_policy=None, importance_type=None,
              interaction_constraints=None, learning_rate=0.01, max_bin=None,
              max_cat_threshold=None, max_cat_to_onehot=None,
              max_delta_step=None, max_depth=4, max_leaves=None,
              min_child_weight=3, missing=nan, monotone_constraints=None,
              n_estimators=200, n_jobs=0, num_parallel_tree=None,
              objective='binary:logitraw', predictor=None, ...)
2023-05-26 20:24:22,023 [INFO] Save train_prediction_log data...
2023-05-26 20:24:22,026 [INFO] {'Data': 'train', 'ACC': '0.95 (214 / 226)', 'TP': 97, 'FP': 1, 'FN': 11, 'TN': 117, 'Precision': '0.99 (97 / 97 + 1)', 'Recall': '0.9 (97 / 97 + 11)', 'F1': '0.94 (2 * (0.9 * 0.99) / 0.9 + 0.99)', 'Specificity': '0.99 (117 / 117 + 1)', 'AUC': 0.94, 'r2': 0.79}
2023-05-26 20:24:22,035 [INFO] Save valid_prediction_log data...
2023-05-26 20:24:22,037 [INFO] {'Data': 'valid', 'ACC': '0.98 (48 / 49)', 'TP': 20, 'FP': 1, 'FN': 0, 'TN': 28, 'Precision': '0.95 (20 / 20 + 1)', 'Recall': '1.0 (20 / 20 + 0)', 'F1': '0.97 (2 * (1.0 * 0.95) / 1.0 + 0.95)', 'Specificity': '0.97 (28 / 28 + 1)', 'AUC': 0.98, 'r2': 0.92}
2023-05-26 20:24:22,052 [INFO] Save test_prediction_log data...
2023-05-26 20:24:22,056 [INFO] {'Data': 'test', 'ACC': '0.59 (29 / 49)', 'TP': 6, 'FP': 6, 'FN': 14, 'TN': 23, 'Precision': '0.5 (6 / 6 + 6)', 'Recall': '0.3 (6 / 6 + 14)', 'F1': '0.37 (2 * (0.3 * 0.5) / 0.3 + 0.5)', 'Specificity': '0.79 (23 / 23 + 6)', 'AUC': 0.55, 'r2': -0.69}
2023-05-26 20:24:22,060 [INFO] Save training_log data...
2023-05-26 20:24:22,064 [INFO] Save score_log data...
2023-05-26 20:24:22,065 [INFO] Time : 496.2686367034912
