2023-05-27 11:28:49,426 [INFO] Train data : Vary_params_SH\DUD-E\ROCK1\nG1_50\ECFP6_256bits\Robust\ROCK1_train_vector.tsv
2023-05-27 11:28:49,426 [INFO] Valid data : Vary_params_SH\DUD-E\ROCK1\nG1_50\ECFP6_256bits\Robust\ROCK1_valid_vector.tsv
2023-05-27 11:28:49,427 [INFO] Output path : Vary_params_SH\DUD-E\ROCK1\nG1_50\ECFP6_256bits\Robust\ROCK1_model\SVM
2023-05-27 11:28:49,427 [INFO] Model type : SVM
2023-05-27 11:28:49,427 [INFO] Use cores : 3
2023-05-27 11:28:49,445 [INFO] Start Learning model
2023-05-27 11:28:49,445 [INFO] Train : 100 | Valid : 25
2023-05-27 11:28:49,445 [INFO] Set parameters : {'kernel': ['linear', 'rbf'], 'C': [0.01, 0.1, 1, 10, 100, 1000], 'gamma': [0.01, 0.1, 1, 100, 1000]}
2023-05-27 11:28:53,537 [INFO] GridSearchCV results :
    mean_valid_accuracy  mean_valid_precision  mean_valid_auc
0                  0.93                 0.905        0.929167
20                 0.93                 0.905        0.929167
24                 0.93                 0.905        0.929167
26                 0.93                 0.905        0.929167
28                 0.93                 0.905        0.929167
32                 0.93                 0.905        0.929167
34                 0.93                 0.905        0.929167
36                 0.93                 0.905        0.929167
38                 0.93                 0.905        0.929167
40                 0.93                 0.905        0.929167
42                 0.93                 0.905        0.929167
44                 0.93                 0.905        0.929167
46                 0.93                 0.905        0.929167
48                 0.93                 0.905        0.929167
50                 0.93                 0.905        0.929167
52                 0.93                 0.905        0.929167
54                 0.93                 0.905        0.929167
56                 0.93                 0.905        0.929167
58                 0.93                 0.905        0.929167
22                 0.93                 0.905        0.929167
30                 0.93                 0.905        0.929167
10                 0.93                 0.905        0.929167
2                  0.93                 0.905        0.929167
18                 0.93                 0.905        0.929167
8                  0.93                 0.905        0.929167
16                 0.93                 0.905        0.929167
4                  0.93                 0.905        0.929167
12                 0.93                 0.905        0.929167
6                  0.93                 0.905        0.929167
14                 0.93                 0.905        0.929167
49                 0.60                 0.000        0.500000
9                  0.60                 0.000        0.500000
45                 0.60                 0.000        0.500000
47                 0.60                 0.000        0.500000
7                  0.60                 0.000        0.500000
21                 0.60                 0.000        0.500000
43                 0.60                 0.000        0.500000
5                  0.60                 0.000        0.500000
53                 0.60                 0.000        0.500000
55                 0.60                 0.000        0.500000
3                  0.60                 0.000        0.500000
57                 0.60                 0.000        0.500000
51                 0.60                 0.000        0.500000
11                 0.60                 0.000        0.500000
41                 0.60                 0.000        0.500000
19                 0.60                 0.000        0.500000
39                 0.60                 0.000        0.500000
37                 0.60                 0.000        0.500000
13                 0.60                 0.000        0.500000
35                 0.60                 0.000        0.500000
33                 0.60                 0.000        0.500000
15                 0.60                 0.000        0.500000
31                 0.60                 0.000        0.500000
1                  0.60                 0.000        0.500000
29                 0.60                 0.000        0.500000
27                 0.60                 0.000        0.500000
17                 0.60                 0.000        0.500000
25                 0.60                 0.000        0.500000
23                 0.60                 0.000        0.500000
59                 0.60                 0.000        0.500000
2023-05-27 11:28:53,539 [INFO] Best model :
SVC(C=0.01, gamma=0.01, kernel='linear', random_state=42)
2023-05-27 11:28:53,546 [INFO] Save train_prediction_log data...
2023-05-27 11:28:53,552 [INFO] {'Data': 'train', 'ACC': '1.0 (100 / 100)', 'TP': 40, 'FP': 0, 'FN': 0, 'TN': 60, 'Precision': '1.0 (40 / 40 + 0)', 'Recall': '1.0 (40 / 40 + 0)', 'F1': '1.0 (2 * (1.0 * 1.0) / 1.0 + 1.0)', 'Specificity': '1.0 (60 / 60 + 0)', 'AUC': 1.0, 'r2': 1.0}
2023-05-27 11:28:53,559 [INFO] Save valid_prediction_log data...
2023-05-27 11:28:53,562 [INFO] {'Data': 'valid', 'ACC': '0.96 (24 / 25)', 'TP': 10, 'FP': 1, 'FN': 0, 'TN': 14, 'Precision': '0.91 (10 / 10 + 1)', 'Recall': '1.0 (10 / 10 + 0)', 'F1': '0.95 (2 * (1.0 * 0.91) / 1.0 + 0.91)', 'Specificity': '0.93 (14 / 14 + 1)', 'AUC': 0.97, 'r2': 0.83}
2023-05-27 11:28:53,578 [INFO] Save test_prediction_log data...
2023-05-27 11:28:53,582 [INFO] {'Data': 'test', 'ACC': '0.64 (16 / 25)', 'TP': 3, 'FP': 2, 'FN': 7, 'TN': 13, 'Precision': '0.6 (3 / 3 + 2)', 'Recall': '0.3 (3 / 3 + 7)', 'F1': '0.4 (2 * (0.3 * 0.6) / 0.3 + 0.6)', 'Specificity': '0.87 (13 / 13 + 2)', 'AUC': 0.58, 'r2': -0.5}
2023-05-27 11:28:53,587 [INFO] Save training_log data...
2023-05-27 11:28:53,589 [INFO] Save score_log data...
2023-05-27 11:28:53,591 [INFO] Time : 4.164893388748169
