2023-05-27 19:20:27,512 [INFO] Train data : Vary_params_A\DUD-E\JAK2\nG1_80\ECFP4_512bits\Standard\JAK2_train_vector.tsv
2023-05-27 19:20:27,512 [INFO] Valid data : Vary_params_A\DUD-E\JAK2\nG1_80\ECFP4_512bits\Standard\JAK2_valid_vector.tsv
2023-05-27 19:20:27,512 [INFO] Output path : Vary_params_A\DUD-E\JAK2\nG1_80\ECFP4_512bits\Standard\JAK2_model\SVM
2023-05-27 19:20:27,512 [INFO] Model type : SVM
2023-05-27 19:20:27,512 [INFO] Use cores : 3
2023-05-27 19:20:27,555 [INFO] Start Learning model
2023-05-27 19:20:27,556 [INFO] Train : 82 | Valid : 28
2023-05-27 19:20:27,556 [INFO] Set parameters : {'kernel': ['linear', 'rbf'], 'C': [0.01, 0.1, 1, 10, 100, 1000], 'gamma': [0.01, 0.1, 1, 100, 1000]}
2023-05-27 19:20:32,805 [INFO] GridSearchCV results :
    mean_valid_accuracy  mean_valid_precision  mean_valid_auc
0              0.965278                   1.0           0.925
20             0.965278                   1.0           0.925
24             0.965278                   1.0           0.925
26             0.965278                   1.0           0.925
28             0.965278                   1.0           0.925
32             0.965278                   1.0           0.925
34             0.965278                   1.0           0.925
36             0.965278                   1.0           0.925
38             0.965278                   1.0           0.925
40             0.965278                   1.0           0.925
42             0.965278                   1.0           0.925
44             0.965278                   1.0           0.925
46             0.965278                   1.0           0.925
48             0.965278                   1.0           0.925
50             0.965278                   1.0           0.925
52             0.965278                   1.0           0.925
54             0.965278                   1.0           0.925
56             0.965278                   1.0           0.925
58             0.965278                   1.0           0.925
22             0.965278                   1.0           0.925
30             0.965278                   1.0           0.925
10             0.965278                   1.0           0.925
2              0.965278                   1.0           0.925
18             0.965278                   1.0           0.925
8              0.965278                   1.0           0.925
16             0.965278                   1.0           0.925
4              0.965278                   1.0           0.925
12             0.965278                   1.0           0.925
6              0.965278                   1.0           0.925
14             0.965278                   1.0           0.925
49             0.818056                   0.0           0.500
9              0.818056                   0.0           0.500
45             0.818056                   0.0           0.500
47             0.818056                   0.0           0.500
7              0.818056                   0.0           0.500
21             0.818056                   0.0           0.500
43             0.818056                   0.0           0.500
5              0.818056                   0.0           0.500
53             0.818056                   0.0           0.500
55             0.818056                   0.0           0.500
3              0.818056                   0.0           0.500
57             0.818056                   0.0           0.500
51             0.818056                   0.0           0.500
11             0.818056                   0.0           0.500
41             0.818056                   0.0           0.500
19             0.818056                   0.0           0.500
39             0.818056                   0.0           0.500
37             0.818056                   0.0           0.500
13             0.818056                   0.0           0.500
35             0.818056                   0.0           0.500
33             0.818056                   0.0           0.500
15             0.818056                   0.0           0.500
31             0.818056                   0.0           0.500
1              0.818056                   0.0           0.500
29             0.818056                   0.0           0.500
27             0.818056                   0.0           0.500
17             0.818056                   0.0           0.500
25             0.818056                   0.0           0.500
23             0.818056                   0.0           0.500
59             0.818056                   0.0           0.500
2023-05-27 19:20:32,808 [INFO] Best model :
SVC(C=0.01, gamma=0.01, kernel='linear', random_state=42)
2023-05-27 19:20:32,817 [INFO] Save train_prediction_log data...
2023-05-27 19:20:32,823 [INFO] {'Data': 'train', 'ACC': '1.0 (82 / 82)', 'TP': 15, 'FP': 0, 'FN': 0, 'TN': 67, 'Precision': '1.0 (15 / 15 + 0)', 'Recall': '1.0 (15 / 15 + 0)', 'F1': '1.0 (2 * (1.0 * 1.0) / 1.0 + 1.0)', 'Specificity': '1.0 (67 / 67 + 0)', 'AUC': 1.0, 'r2': 1.0}
2023-05-27 19:20:32,831 [INFO] Save valid_prediction_log data...
2023-05-27 19:20:32,835 [INFO] {'Data': 'valid', 'ACC': '0.93 (26 / 28)', 'TP': 9, 'FP': 0, 'FN': 2, 'TN': 17, 'Precision': '1.0 (9 / 9 + 0)', 'Recall': '0.82 (9 / 9 + 2)', 'F1': '0.9 (2 * (0.82 * 1.0) / 0.82 + 1.0)', 'Specificity': '1.0 (17 / 17 + 0)', 'AUC': 0.91, 'r2': 0.7}
2023-05-27 19:20:32,866 [INFO] Save test_prediction_log data...
2023-05-27 19:20:32,870 [INFO] {'Data': 'test', 'ACC': '0.61 (17 / 28)', 'TP': 0, 'FP': 0, 'FN': 11, 'TN': 17, 'Precision': '0 (0 / 0 + 0)', 'Recall': '0 (0 / 0 + 11)', 'F1': '0 (2 * (0 * 0) / 0 + 0)', 'Specificity': '1.0 (17 / 17 + 0)', 'AUC': 0.5, 'r2': -0.65}
2023-05-27 19:20:32,875 [INFO] Save training_log data...
2023-05-27 19:20:32,877 [INFO] Save score_log data...
2023-05-27 19:20:32,879 [INFO] Time : 5.366697788238525
