2023-05-27 04:38:11,753 [INFO] Train data : Vary_params\DUD-E\MET\nG1_80\ECFP6_256bits\Robust\MET_train_vector.tsv
2023-05-27 04:38:11,753 [INFO] Valid data : Vary_params\DUD-E\MET\nG1_80\ECFP6_256bits\Robust\MET_valid_vector.tsv
2023-05-27 04:38:11,753 [INFO] Output path : Vary_params\DUD-E\MET\nG1_80\ECFP6_256bits\Robust\MET_model\RF
2023-05-27 04:38:11,753 [INFO] Model type : RF
2023-05-27 04:38:11,753 [INFO] Use cores : 10
2023-05-27 04:38:11,779 [INFO] Start Learning model
2023-05-27 04:38:11,779 [INFO] Train : 166 | Valid : 49
2023-05-27 04:38:11,779 [INFO] Set parameters : {'max_depth': [6, 8, 10, 12], 'max_features': ['sqrt', 'log2'], 'min_samples_leaf': [2, 4, 8, 10], 'min_samples_split': [2, 4, 8, 10], 'n_estimators': [200, 600, 1000]}
2023-05-27 04:42:52,261 [INFO] GridSearchCV results :
     mean_valid_accuracy  mean_valid_precision  mean_valid_auc
0               0.964706                   1.0            0.94
1               0.964706                   1.0            0.94
262             0.970588                   1.0            0.95
261             0.964706                   1.0            0.94
260             0.970588                   1.0            0.95
..                   ...                   ...             ...
125             0.970588                   1.0            0.95
124             0.970588                   1.0            0.95
123             0.964706                   1.0            0.94
122             0.970588                   1.0            0.95
383             0.964706                   1.0            0.94

[384 rows x 3 columns]
2023-05-27 04:42:52,262 [INFO] Best model :
RandomForestClassifier(class_weight='balanced', max_depth=6, min_samples_leaf=2,
                       n_estimators=200, random_state=42)
2023-05-27 04:42:52,274 [INFO] Save train_prediction_log data...
2023-05-27 04:42:52,277 [INFO] {'Data': 'train', 'ACC': '1.0 (166 / 166)', 'TP': 48, 'FP': 0, 'FN': 0, 'TN': 118, 'Precision': '1.0 (48 / 48 + 0)', 'Recall': '1.0 (48 / 48 + 0)', 'F1': '1.0 (2 * (1.0 * 1.0) / 1.0 + 1.0)', 'Specificity': '1.0 (118 / 118 + 0)', 'AUC': 1.0, 'r2': 1.0}
2023-05-27 04:42:52,287 [INFO] Save valid_prediction_log data...
2023-05-27 04:42:52,289 [INFO] {'Data': 'valid', 'ACC': '0.98 (48 / 49)', 'TP': 19, 'FP': 0, 'FN': 1, 'TN': 29, 'Precision': '1.0 (19 / 19 + 0)', 'Recall': '0.95 (19 / 19 + 1)', 'F1': '0.97 (2 * (0.95 * 1.0) / 0.95 + 1.0)', 'Specificity': '1.0 (29 / 29 + 0)', 'AUC': 0.98, 'r2': 0.92}
2023-05-27 04:42:52,326 [INFO] Save test_prediction_log data...
2023-05-27 04:42:52,331 [INFO] {'Data': 'test', 'ACC': '0.59 (29 / 49)', 'TP': 1, 'FP': 1, 'FN': 19, 'TN': 28, 'Precision': '0.5 (1 / 1 + 1)', 'Recall': '0.05 (1 / 1 + 19)', 'F1': '0.09 (2 * (0.05 * 0.5) / 0.05 + 0.5)', 'Specificity': '0.97 (28 / 28 + 1)', 'AUC': 0.51, 'r2': -0.69}
2023-05-27 04:42:52,365 [INFO] Save training_log data...
2023-05-27 04:42:52,367 [INFO] Save score_log data...
2023-05-27 04:42:52,368 [INFO] Time : 280.61560010910034
