2023-05-25 21:17:18,092 [INFO] Active data : F_dataset\DUD-E\CSF1R\CSF1R_prepare\CSF1R_active.tsv
2023-05-25 21:17:18,092 [INFO] Inactive data : F_dataset\DUD-E\CSF1R\CSF1R_prepare\CSF1R_inactive.tsv
2023-05-25 21:17:18,092 [INFO] Output path : F_dataset\DUD-E\CSF1R\CSF1R_preprocessing
2023-05-25 21:17:18,092 [INFO] Fingerprint radius : 2
2023-05-25 21:17:18,092 [INFO] Fingerprint nbits : 256
2023-05-25 21:17:18,092 [INFO] Use cores : 12
2023-05-25 21:17:18,159 [INFO] Train : Valid = 8 : 2
2023-05-25 21:17:18,159 [INFO] Test size = 2
2023-05-25 21:17:18,159 [INFO] Use radius, nbits for Butina clustering : (3, 2048)
2023-05-25 21:17:18,159 [INFO] Generating distance matrix
2023-05-25 21:17:20,800 [INFO] center compounds : 51 | remain compounds : 138
2023-05-25 21:17:20,801 [INFO] Use radius, nbits for Butina clustering : (3, 1024)
2023-05-25 21:17:20,801 [INFO] Generating distance matrix
2023-05-25 21:17:23,460 [INFO] center compounds : 51 | remain compounds : 138
2023-05-25 21:17:23,461 [INFO] Use radius, nbits for Butina clustering : (3, 512)
2023-05-25 21:17:23,461 [INFO] Generating distance matrix
2023-05-25 21:17:26,057 [INFO] center compounds : 50 | remain compounds : 139
2023-05-25 21:17:26,068 [INFO] Use radius, nbits for Butina clustering : (3, 2048)
2023-05-25 21:17:26,068 [INFO] Generating distance matrix
2023-05-25 21:17:28,648 [INFO] center compounds : 112 | remain compounds : 27
2023-05-25 21:17:28,648 [INFO] Adjust ratio : active (112), inactive (168)
2023-05-25 21:17:28,648 [INFO] tra : 75, va : 19, tea : 19
2023-05-25 21:17:28,648 [INFO] Use radius, nbits for Butina clustering : (3, 2048)
2023-05-25 21:17:28,648 [INFO] Generating distance matrix
2023-05-25 21:17:31,209 [INFO] center compounds : 75 | remain compounds : 37
2023-05-25 21:17:31,216 [INFO] Use radius, nbits for Butina clustering : (3, 2048)
2023-05-25 21:17:31,216 [INFO] Generating distance matrix
2023-05-25 21:17:33,792 [INFO] center compounds : 18 | remain compounds : 19
2023-05-25 21:17:33,793 [INFO] Use radius, nbits for Butina clustering : (3, 1024)
2023-05-25 21:17:33,793 [INFO] Generating distance matrix
2023-05-25 21:17:36,320 [INFO] center compounds : 19 | remain compounds : 18
2023-05-25 21:17:36,323 [INFO] train_act : 75, valid_act : 19, test_act : 18
2023-05-25 21:17:36,323 [INFO] tri : 112, va : 28, tea : 28
2023-05-25 21:17:36,323 [INFO] Use radius, nbits for Butina clustering : (3, 2048)
2023-05-25 21:17:36,323 [INFO] Generating distance matrix
2023-05-25 21:17:38,974 [INFO] center compounds : 100 | remain compounds : 68
2023-05-25 21:17:38,974 [INFO] Use radius, nbits for Butina clustering : (3, 1024)
2023-05-25 21:17:38,975 [INFO] Generating distance matrix
2023-05-25 21:17:41,612 [INFO] center compounds : 114 | remain compounds : 54
2023-05-25 21:17:41,612 [INFO] Use radius, nbits for Butina clustering : (3, 512)
2023-05-25 21:17:41,612 [INFO] Generating distance matrix
2023-05-25 21:17:44,238 [INFO] center compounds : 102 | remain compounds : 66
2023-05-25 21:17:44,238 [INFO] Use radius, nbits for Butina clustering : (3, 256)
2023-05-25 21:17:44,238 [INFO] Generating distance matrix
2023-05-25 21:17:46,854 [INFO] center compounds : 109 | remain compounds : 59
2023-05-25 21:17:46,854 [INFO] Use radius, nbits for Butina clustering : (2, 2048)
2023-05-25 21:17:46,854 [INFO] Generating distance matrix
2023-05-25 21:17:49,467 [INFO] center compounds : 125 | remain compounds : 43
2023-05-25 21:17:49,467 [INFO] Use radius, nbits for Butina clustering : (2, 1024)
2023-05-25 21:17:49,467 [INFO] Generating distance matrix
2023-05-25 21:17:52,105 [INFO] center compounds : 108 | remain compounds : 60
2023-05-25 21:17:52,105 [INFO] Use radius, nbits for Butina clustering : (2, 512)
2023-05-25 21:17:52,105 [INFO] Generating distance matrix
2023-05-25 21:17:54,724 [INFO] center compounds : 103 | remain compounds : 65
2023-05-25 21:17:54,725 [INFO] Use radius, nbits for Butina clustering : (2, 256)
2023-05-25 21:17:54,725 [INFO] Generating distance matrix
2023-05-25 21:17:57,342 [INFO] center compounds : 105 | remain compounds : 63
2023-05-25 21:17:57,342 [INFO] Use radius, nbits for Butina clustering : (1, 2048)
2023-05-25 21:17:57,342 [INFO] Generating distance matrix
2023-05-25 21:17:59,949 [INFO] center compounds : 108 | remain compounds : 60
2023-05-25 21:17:59,949 [INFO] Use radius, nbits for Butina clustering : (1, 1024)
2023-05-25 21:17:59,949 [INFO] Generating distance matrix
2023-05-25 21:18:02,597 [INFO] center compounds : 115 | remain compounds : 53
2023-05-25 21:18:02,597 [INFO] Use radius, nbits for Butina clustering : (1, 512)
2023-05-25 21:18:02,597 [INFO] Generating distance matrix
2023-05-25 21:18:05,214 [INFO] center compounds : 113 | remain compounds : 55
2023-05-25 21:18:05,223 [INFO] Use radius, nbits for Butina clustering : (3, 2048)
2023-05-25 21:18:05,224 [INFO] Generating distance matrix
2023-05-25 21:18:07,745 [INFO] center compounds : 33 | remain compounds : 23
2023-05-25 21:18:07,745 [INFO] Use radius, nbits for Butina clustering : (3, 1024)
2023-05-25 21:18:07,745 [INFO] Generating distance matrix
2023-05-25 21:18:10,289 [INFO] center compounds : 31 | remain compounds : 25
2023-05-25 21:18:10,289 [INFO] Use radius, nbits for Butina clustering : (3, 512)
2023-05-25 21:18:10,289 [INFO] Generating distance matrix
2023-05-25 21:18:12,817 [INFO] center compounds : 29 | remain compounds : 27
2023-05-25 21:18:12,817 [INFO] Use radius, nbits for Butina clustering : (3, 256)
2023-05-25 21:18:12,817 [INFO] Generating distance matrix
2023-05-25 21:18:15,359 [INFO] center compounds : 30 | remain compounds : 26
2023-05-25 21:18:15,359 [INFO] Use radius, nbits for Butina clustering : (2, 2048)
2023-05-25 21:18:15,359 [INFO] Generating distance matrix
2023-05-25 21:18:17,901 [INFO] center compounds : 22 | remain compounds : 34
2023-05-25 21:18:17,901 [INFO] Use radius, nbits for Butina clustering : (2, 1024)
2023-05-25 21:18:17,901 [INFO] Generating distance matrix
2023-05-25 21:18:20,452 [INFO] center compounds : 29 | remain compounds : 27
2023-05-25 21:18:20,452 [INFO] Use radius, nbits for Butina clustering : (2, 512)
2023-05-25 21:18:20,452 [INFO] Generating distance matrix
2023-05-25 21:18:22,988 [INFO] center compounds : 31 | remain compounds : 25
2023-05-25 21:18:22,988 [INFO] Use radius, nbits for Butina clustering : (2, 256)
2023-05-25 21:18:22,988 [INFO] Generating distance matrix
2023-05-25 21:18:25,567 [INFO] center compounds : 25 | remain compounds : 31
2023-05-25 21:18:25,567 [INFO] Use radius, nbits for Butina clustering : (1, 2048)
2023-05-25 21:18:25,567 [INFO] Generating distance matrix
2023-05-25 21:18:28,116 [INFO] center compounds : 30 | remain compounds : 26
2023-05-25 21:18:28,116 [INFO] Use radius, nbits for Butina clustering : (1, 1024)
2023-05-25 21:18:28,116 [INFO] Generating distance matrix
2023-05-25 21:18:30,652 [INFO] center compounds : 29 | remain compounds : 27
2023-05-25 21:18:30,652 [INFO] Use radius, nbits for Butina clustering : (1, 512)
2023-05-25 21:18:30,652 [INFO] Generating distance matrix
2023-05-25 21:18:33,176 [INFO] center compounds : 29 | remain compounds : 27
2023-05-25 21:18:33,181 [INFO] train_inact : 112, valid_inact : 28, test_inact : 28
2023-05-25 21:18:33,184 [INFO] G1 : 50, Train : 187, Valid : 47, Test : 46
2023-05-25 21:18:33,184 [INFO] Save g1 data...
2023-05-25 21:18:33,481 [INFO] Save train data...
2023-05-25 21:18:33,626 [INFO] Save valid data...
2023-05-25 21:18:33,675 [INFO] Save test data...
2023-05-25 21:18:33,726 [INFO] Generate train vectors...
2023-05-25 21:18:36,924 [INFO] Generate valid vectors...
2023-05-25 21:18:39,602 [INFO] Generate test vectors...
2023-05-25 21:18:42,290 [INFO] Save train_raw_vector data...
2023-05-25 21:18:42,306 [INFO] Save valid_raw_vector data...
2023-05-25 21:18:42,310 [INFO] Save test_raw_vector data...
2023-05-25 21:18:42,315 [INFO] Scaling vectors...
2023-05-25 21:18:42,360 [INFO] Save train_vector data...
2023-05-25 21:18:42,374 [INFO] Save valid_vector data...
2023-05-25 21:18:42,379 [INFO] Save test_vector data...
2023-05-25 21:18:42,385 [INFO] Time : 84.2930634021759
