2023-05-27 17:12:31,518 [INFO] Train data : Vary_params_SH\DUD-E\ROCK1\nG1_80\ECFP4_256bits\MinMax\ROCK1_train_vector.tsv
2023-05-27 17:12:31,518 [INFO] Valid data : Vary_params_SH\DUD-E\ROCK1\nG1_80\ECFP4_256bits\MinMax\ROCK1_valid_vector.tsv
2023-05-27 17:12:31,518 [INFO] Output path : Vary_params_SH\DUD-E\ROCK1\nG1_80\ECFP4_256bits\MinMax\ROCK1_model\XGB
2023-05-27 17:12:31,518 [INFO] Model type : XGB
2023-05-27 17:12:31,519 [INFO] Use cores : 3
2023-05-27 17:12:31,536 [INFO] Start Learning model
2023-05-27 17:12:31,537 [INFO] Train : 70 | Valid : 25
2023-05-27 17:12:31,538 [INFO] Set parameters : {'max_depth': [4, 6, 8], 'learning_rate': [0.01, 0.2], 'n_estimators': [200, 600, 1000], 'gamma': [0, 1000], 'min_child_weight': [1, 3], 'subsample': [0.5, 1], 'colsample_bytree': [0.5, 1], 'objective': ['binary:logitraw'], 'eval_metric': ['auc', 'error']}
2023-05-27 17:27:33,319 [INFO] GridSearchCV results :
     mean_valid_accuracy  mean_valid_precision  mean_valid_auc
51              0.971429                   0.9        0.941667
171             0.971429                   0.9        0.941667
175             0.971429                   0.9        0.941667
193             0.971429                   0.9        0.941667
460             0.985714                   0.9        0.950000
..                   ...                   ...             ...
380             0.857143                   0.0        0.500000
379             0.857143                   0.0        0.500000
378             0.857143                   0.0        0.500000
377             0.857143                   0.0        0.500000
575             0.857143                   0.0        0.500000

[576 rows x 3 columns]
2023-05-27 17:27:33,321 [INFO] Best model :
XGBClassifier(base_score=None, booster=None, callbacks=None,
              colsample_bylevel=None, colsample_bynode=None,
              colsample_bytree=0.5, early_stopping_rounds=None,
              enable_categorical=False, eval_metric='auc', feature_types=None,
              gamma=0, gpu_id=None, grow_policy=None, importance_type=None,
              interaction_constraints=None, learning_rate=0.01, max_bin=None,
              max_cat_threshold=None, max_cat_to_onehot=None,
              max_delta_step=None, max_depth=4, max_leaves=None,
              min_child_weight=1, missing=nan, monotone_constraints=None,
              n_estimators=600, n_jobs=0, num_parallel_tree=None,
              objective='binary:logitraw', predictor=None, ...)
2023-05-27 17:27:33,332 [INFO] Save train_prediction_log data...
2023-05-27 17:27:33,336 [INFO] {'Data': 'train', 'ACC': '1.0 (70 / 70)', 'TP': 10, 'FP': 0, 'FN': 0, 'TN': 60, 'Precision': '1.0 (10 / 10 + 0)', 'Recall': '1.0 (10 / 10 + 0)', 'F1': '1.0 (2 * (1.0 * 1.0) / 1.0 + 1.0)', 'Specificity': '1.0 (60 / 60 + 0)', 'AUC': 1.0, 'r2': 1.0}
2023-05-27 17:27:33,346 [INFO] Save valid_prediction_log data...
2023-05-27 17:27:33,349 [INFO] {'Data': 'valid', 'ACC': '1.0 (25 / 25)', 'TP': 10, 'FP': 0, 'FN': 0, 'TN': 15, 'Precision': '1.0 (10 / 10 + 0)', 'Recall': '1.0 (10 / 10 + 0)', 'F1': '1.0 (2 * (1.0 * 1.0) / 1.0 + 1.0)', 'Specificity': '1.0 (15 / 15 + 0)', 'AUC': 1.0, 'r2': 1.0}
2023-05-27 17:27:33,366 [INFO] Save test_prediction_log data...
2023-05-27 17:27:33,369 [INFO] {'Data': 'test', 'ACC': '0.48 (12 / 25)', 'TP': 2, 'FP': 5, 'FN': 8, 'TN': 10, 'Precision': '0.29 (2 / 2 + 5)', 'Recall': '0.2 (2 / 2 + 8)', 'F1': '0.24 (2 * (0.2 * 0.29) / 0.2 + 0.29)', 'Specificity': '0.67 (10 / 10 + 5)', 'AUC': 0.43, 'r2': -1.17}
2023-05-27 17:27:33,378 [INFO] Save training_log data...
2023-05-27 17:27:33,597 [INFO] Save score_log data...
2023-05-27 17:27:33,599 [INFO] Time : 902.0816431045532
