2023-05-27 00:02:06,013 [INFO] Train data : Vary_params\DUD-E\MET\nG1_50\ECFP4_256bits\MinMax\MET_train_vector.tsv
2023-05-27 00:02:06,013 [INFO] Valid data : Vary_params\DUD-E\MET\nG1_50\ECFP4_256bits\MinMax\MET_valid_vector.tsv
2023-05-27 00:02:06,013 [INFO] Output path : Vary_params\DUD-E\MET\nG1_50\ECFP4_256bits\MinMax\MET_model\XGB
2023-05-27 00:02:06,013 [INFO] Model type : XGB
2023-05-27 00:02:06,013 [INFO] Use cores : 10
2023-05-27 00:02:06,027 [INFO] Start Learning model
2023-05-27 00:02:06,027 [INFO] Train : 196 | Valid : 49
2023-05-27 00:02:06,028 [INFO] Set parameters : {'max_depth': [4, 6, 8], 'learning_rate': [0.01, 0.2], 'n_estimators': [200, 600, 1000], 'gamma': [0, 1000], 'min_child_weight': [1, 3], 'subsample': [0.5, 1], 'colsample_bytree': [0.5, 1], 'objective': ['binary:logitraw'], 'eval_metric': ['auc', 'error']}
2023-05-27 00:09:32,136 [INFO] GridSearchCV results :
     mean_valid_accuracy  mean_valid_precision  mean_valid_auc
24              0.950000                1.0000        0.937500
12              0.950000                1.0000        0.937500
168             0.950000                1.0000        0.937500
156             0.950000                1.0000        0.937500
26              0.955000                0.9875        0.945833
..                   ...                   ...             ...
102             0.602105                0.0000        0.500000
103             0.602105                0.0000        0.500000
104             0.602105                0.0000        0.500000
105             0.602105                0.0000        0.500000
575             0.602105                0.0000        0.500000

[576 rows x 3 columns]
2023-05-27 00:09:32,137 [INFO] Best model :
XGBClassifier(base_score=None, booster=None, callbacks=None,
              colsample_bylevel=None, colsample_bynode=None,
              colsample_bytree=0.5, early_stopping_rounds=None,
              enable_categorical=False, eval_metric='auc', feature_types=None,
              gamma=0, gpu_id=None, grow_policy=None, importance_type=None,
              interaction_constraints=None, learning_rate=0.01, max_bin=None,
              max_cat_threshold=None, max_cat_to_onehot=None,
              max_delta_step=None, max_depth=6, max_leaves=None,
              min_child_weight=1, missing=nan, monotone_constraints=None,
              n_estimators=200, n_jobs=0, num_parallel_tree=None,
              objective='binary:logitraw', predictor=None, ...)
2023-05-27 00:09:32,147 [INFO] Save train_prediction_log data...
2023-05-27 00:09:32,151 [INFO] {'Data': 'train', 'ACC': '1.0 (196 / 196)', 'TP': 78, 'FP': 0, 'FN': 0, 'TN': 118, 'Precision': '1.0 (78 / 78 + 0)', 'Recall': '1.0 (78 / 78 + 0)', 'F1': '1.0 (2 * (1.0 * 1.0) / 1.0 + 1.0)', 'Specificity': '1.0 (118 / 118 + 0)', 'AUC': 1.0, 'r2': 1.0}
2023-05-27 00:09:32,159 [INFO] Save valid_prediction_log data...
2023-05-27 00:09:32,162 [INFO] {'Data': 'valid', 'ACC': '0.98 (48 / 49)', 'TP': 19, 'FP': 0, 'FN': 1, 'TN': 29, 'Precision': '1.0 (19 / 19 + 0)', 'Recall': '0.95 (19 / 19 + 1)', 'F1': '0.97 (2 * (0.95 * 1.0) / 0.95 + 1.0)', 'Specificity': '1.0 (29 / 29 + 0)', 'AUC': 0.98, 'r2': 0.92}
2023-05-27 00:09:32,177 [INFO] Save test_prediction_log data...
2023-05-27 00:09:32,182 [INFO] {'Data': 'test', 'ACC': '0.61 (30 / 49)', 'TP': 3, 'FP': 2, 'FN': 17, 'TN': 27, 'Precision': '0.6 (3 / 3 + 2)', 'Recall': '0.15 (3 / 3 + 17)', 'F1': '0.24 (2 * (0.15 * 0.6) / 0.15 + 0.6)', 'Specificity': '0.93 (27 / 27 + 2)', 'AUC': 0.54, 'r2': -0.61}
2023-05-27 00:09:32,187 [INFO] Save training_log data...
2023-05-27 00:09:32,191 [INFO] Save score_log data...
2023-05-27 00:09:32,192 [INFO] Time : 446.178750038147
