2023-05-26 11:37:51,465 [INFO] Train data : Vary_params\DUD-E\MAPK2\nG1_20\ECFP4_256bits\MinMax\MAPK2_train_vector.tsv
2023-05-26 11:37:51,465 [INFO] Valid data : Vary_params\DUD-E\MAPK2\nG1_20\ECFP4_256bits\MinMax\MAPK2_valid_vector.tsv
2023-05-26 11:37:51,465 [INFO] Output path : Vary_params\DUD-E\MAPK2\nG1_20\ECFP4_256bits\MinMax\MAPK2_model\RF
2023-05-26 11:37:51,465 [INFO] Model type : RF
2023-05-26 11:37:51,465 [INFO] Use cores : 10
2023-05-26 11:37:51,485 [INFO] Start Learning model
2023-05-26 11:37:51,485 [INFO] Train : 132 | Valid : 25
2023-05-26 11:37:51,485 [INFO] Set parameters : {'max_depth': [6, 8, 10, 12], 'max_features': ['sqrt', 'log2'], 'min_samples_leaf': [2, 4, 8, 10], 'min_samples_split': [2, 4, 8, 10], 'n_estimators': [200, 600, 1000]}
2023-05-26 11:42:29,002 [INFO] GridSearchCV results :
     mean_valid_accuracy  mean_valid_precision  mean_valid_auc
0               0.948352                1.0000        0.950893
242             0.948352                1.0000        0.950893
251             0.940659                1.0000        0.943750
250             0.932967                1.0000        0.936607
249             0.940659                1.0000        0.943750
..                   ...                   ...             ...
75              0.903297                0.9875        0.908631
76              0.925275                0.9875        0.928274
78              0.903297                0.9875        0.908631
82              0.925275                0.9875        0.928274
361             0.925275                0.9875        0.928274

[384 rows x 3 columns]
2023-05-26 11:42:29,003 [INFO] Best model :
RandomForestClassifier(class_weight='balanced', max_depth=6, min_samples_leaf=2,
                       n_estimators=200, random_state=42)
2023-05-26 11:42:29,014 [INFO] Save train_prediction_log data...
2023-05-26 11:42:29,017 [INFO] {'Data': 'train', 'ACC': '1.0 (132 / 132)', 'TP': 71, 'FP': 0, 'FN': 0, 'TN': 61, 'Precision': '1.0 (71 / 71 + 0)', 'Recall': '1.0 (71 / 71 + 0)', 'F1': '1.0 (2 * (1.0 * 1.0) / 1.0 + 1.0)', 'Specificity': '1.0 (61 / 61 + 0)', 'AUC': 1.0, 'r2': 1.0}
2023-05-26 11:42:29,027 [INFO] Save valid_prediction_log data...
2023-05-26 11:42:29,029 [INFO] {'Data': 'valid', 'ACC': '0.96 (24 / 25)', 'TP': 10, 'FP': 1, 'FN': 0, 'TN': 14, 'Precision': '0.91 (10 / 10 + 1)', 'Recall': '1.0 (10 / 10 + 0)', 'F1': '0.95 (2 * (1.0 * 0.91) / 1.0 + 0.91)', 'Specificity': '0.93 (14 / 14 + 1)', 'AUC': 0.97, 'r2': 0.83}
2023-05-26 11:42:29,048 [INFO] Save test_prediction_log data...
2023-05-26 11:42:29,051 [INFO] {'Data': 'test', 'ACC': '0.84 (21 / 25)', 'TP': 7, 'FP': 1, 'FN': 3, 'TN': 14, 'Precision': '0.88 (7 / 7 + 1)', 'Recall': '0.7 (7 / 7 + 3)', 'F1': '0.78 (2 * (0.7 * 0.88) / 0.7 + 0.88)', 'Specificity': '0.93 (14 / 14 + 1)', 'AUC': 0.82, 'r2': 0.33}
2023-05-26 11:42:29,085 [INFO] Save training_log data...
2023-05-26 11:42:29,087 [INFO] Save score_log data...
2023-05-26 11:42:29,088 [INFO] Time : 277.6227698326111
