2023-05-30 04:35:50,844 [INFO] Train data : Baseline_noscale_DUDE\DUD-E\IGF1R\ECFP6_512bits\IGF1R_raw_train.tsv
2023-05-30 04:35:50,844 [INFO] Valid data : Baseline_noscale_DUDE\DUD-E\IGF1R\ECFP6_512bits\IGF1R_raw_valid.tsv
2023-05-30 04:35:50,844 [INFO] Output path : Baseline_noscale_DUDE\DUD-E\IGF1R\ECFP6_512bits\IGF1R_model\MLP
2023-05-30 04:35:50,844 [INFO] Model type : MLP
2023-05-30 04:35:50,844 [INFO] Use cores : 12
2023-05-30 04:35:50,860 [INFO] Start Learning model
2023-05-30 04:35:50,860 [INFO] Train : 196 | Valid : 49
2023-05-30 04:35:50,860 [INFO] Set parameters : {'hidden_layer_sizes': [(50,), (100,), (50, 50), (100, 100)], 'learning_rate': ['constant', 'invscaling', 'adaptive'], 'activation': ['relu', 'identity', 'logistic', 'tanh'], 'solver': ['adam', 'sgd', 'lbfgs'], 'alpha': [0.1, 0.01, 0.001], 'max_iter': [500, 1000], 'early_stopping': [True]}
2023-05-30 04:37:50,733 [INFO] GridSearchCV results :
     mean_valid_accuracy  mean_valid_precision  mean_valid_auc
230             0.995000                   1.0        0.993750
459             0.848684                   1.0        0.811607
453             0.848684                   1.0        0.811607
233             0.995000                   1.0        0.993750
456             0.848684                   1.0        0.811607
..                   ...                   ...             ...
486             0.602105                   0.0        0.500000
538             0.602105                   0.0        0.500000
636             0.602105                   0.0        0.500000
532             0.602105                   0.0        0.500000
555             0.602105                   0.0        0.500000

[864 rows x 3 columns]
2023-05-30 04:37:50,734 [INFO] Best model :
MLPClassifier(alpha=0.1, early_stopping=True, max_iter=500, random_state=42,
              solver='lbfgs')
2023-05-30 04:37:50,740 [INFO] Save train_prediction_log data...
2023-05-30 04:37:50,743 [INFO] {'Data': 'train', 'ACC': '1.0 (196 / 196)', 'TP': 78, 'FP': 0, 'FN': 0, 'TN': 118, 'Precision': '1.0 (78 / 78 + 0)', 'Recall': '1.0 (78 / 78 + 0)', 'F1': '1.0 (2 * (1.0 * 1.0) / 1.0 + 1.0)', 'Specificity': '1.0 (118 / 118 + 0)', 'AUC': 1.0, 'r2': 1.0}
2023-05-30 04:37:50,747 [INFO] Save valid_prediction_log data...
2023-05-30 04:37:50,749 [INFO] {'Data': 'valid', 'ACC': '1.0 (49 / 49)', 'TP': 20, 'FP': 0, 'FN': 0, 'TN': 29, 'Precision': '1.0 (20 / 20 + 0)', 'Recall': '1.0 (20 / 20 + 0)', 'F1': '1.0 (2 * (1.0 * 1.0) / 1.0 + 1.0)', 'Specificity': '1.0 (29 / 29 + 0)', 'AUC': 1.0, 'r2': 1.0}
2023-05-30 04:37:50,760 [INFO] Save test_prediction_log data...
2023-05-30 04:37:50,762 [INFO] {'Data': 'test', 'ACC': '0.67 (33 / 49)', 'TP': 6, 'FP': 2, 'FN': 14, 'TN': 27, 'Precision': '0.75 (6 / 6 + 2)', 'Recall': '0.3 (6 / 6 + 14)', 'F1': '0.43 (2 * (0.3 * 0.75) / 0.3 + 0.75)', 'Specificity': '0.93 (27 / 27 + 2)', 'AUC': 0.62, 'r2': -0.35}
2023-05-30 04:37:50,764 [INFO] Save training_log data...
2023-05-30 04:37:50,769 [INFO] Save score_log data...
2023-05-30 04:37:50,770 [INFO] Time : 119.92642903327942
