2023-05-28 05:49:05,796 [INFO] Train data : Vary_params_IGF1R_KIT\DUD-E\IGF1R\nG1_50\ECFP4_256bits\Robust\IGF1R_train_vector.tsv
2023-05-28 05:49:05,796 [INFO] Valid data : Vary_params_IGF1R_KIT\DUD-E\IGF1R\nG1_50\ECFP4_256bits\Robust\IGF1R_valid_vector.tsv
2023-05-28 05:49:05,796 [INFO] Output path : Vary_params_IGF1R_KIT\DUD-E\IGF1R\nG1_50\ECFP4_256bits\Robust\IGF1R_model\SVM
2023-05-28 05:49:05,796 [INFO] Model type : SVM
2023-05-28 05:49:05,796 [INFO] Use cores : 10
2023-05-28 05:49:05,816 [INFO] Start Learning model
2023-05-28 05:49:05,816 [INFO] Train : 196 | Valid : 49
2023-05-28 05:49:05,816 [INFO] Set parameters : {'kernel': ['linear', 'rbf'], 'C': [0.01, 0.1, 1, 10, 100, 1000], 'gamma': [0.01, 0.1, 1, 100, 1000]}
2023-05-28 05:49:08,172 [INFO] GridSearchCV results :
    mean_valid_accuracy  mean_valid_precision  mean_valid_auc
0              0.933947                 0.895        0.938826
20             0.933947                 0.895        0.938826
24             0.933947                 0.895        0.938826
26             0.933947                 0.895        0.938826
28             0.933947                 0.895        0.938826
32             0.933947                 0.895        0.938826
34             0.933947                 0.895        0.938826
36             0.933947                 0.895        0.938826
38             0.933947                 0.895        0.938826
40             0.933947                 0.895        0.938826
42             0.933947                 0.895        0.938826
44             0.933947                 0.895        0.938826
46             0.933947                 0.895        0.938826
48             0.933947                 0.895        0.938826
50             0.933947                 0.895        0.938826
52             0.933947                 0.895        0.938826
54             0.933947                 0.895        0.938826
56             0.933947                 0.895        0.938826
58             0.933947                 0.895        0.938826
22             0.933947                 0.895        0.938826
30             0.933947                 0.895        0.938826
10             0.933947                 0.895        0.938826
2              0.933947                 0.895        0.938826
18             0.933947                 0.895        0.938826
8              0.933947                 0.895        0.938826
16             0.933947                 0.895        0.938826
4              0.933947                 0.895        0.938826
12             0.933947                 0.895        0.938826
6              0.933947                 0.895        0.938826
14             0.933947                 0.895        0.938826
49             0.602105                 0.000        0.500000
9              0.602105                 0.000        0.500000
45             0.602105                 0.000        0.500000
47             0.602105                 0.000        0.500000
7              0.602105                 0.000        0.500000
21             0.602105                 0.000        0.500000
43             0.602105                 0.000        0.500000
5              0.602105                 0.000        0.500000
53             0.602105                 0.000        0.500000
55             0.602105                 0.000        0.500000
3              0.602105                 0.000        0.500000
57             0.602105                 0.000        0.500000
51             0.602105                 0.000        0.500000
11             0.602105                 0.000        0.500000
41             0.602105                 0.000        0.500000
19             0.602105                 0.000        0.500000
39             0.602105                 0.000        0.500000
37             0.602105                 0.000        0.500000
13             0.602105                 0.000        0.500000
35             0.602105                 0.000        0.500000
33             0.602105                 0.000        0.500000
15             0.602105                 0.000        0.500000
31             0.602105                 0.000        0.500000
1              0.602105                 0.000        0.500000
29             0.602105                 0.000        0.500000
27             0.602105                 0.000        0.500000
17             0.602105                 0.000        0.500000
25             0.602105                 0.000        0.500000
23             0.602105                 0.000        0.500000
59             0.602105                 0.000        0.500000
2023-05-28 05:49:08,173 [INFO] Best model :
SVC(C=0.01, gamma=0.01, kernel='linear', random_state=42)
2023-05-28 05:49:08,178 [INFO] Save train_prediction_log data...
2023-05-28 05:49:08,181 [INFO] {'Data': 'train', 'ACC': '1.0 (196 / 196)', 'TP': 78, 'FP': 0, 'FN': 0, 'TN': 118, 'Precision': '1.0 (78 / 78 + 0)', 'Recall': '1.0 (78 / 78 + 0)', 'F1': '1.0 (2 * (1.0 * 1.0) / 1.0 + 1.0)', 'Specificity': '1.0 (118 / 118 + 0)', 'AUC': 1.0, 'r2': 1.0}
2023-05-28 05:49:08,185 [INFO] Save valid_prediction_log data...
2023-05-28 05:49:08,187 [INFO] {'Data': 'valid', 'ACC': '0.94 (46 / 49)', 'TP': 20, 'FP': 3, 'FN': 0, 'TN': 26, 'Precision': '0.87 (20 / 20 + 3)', 'Recall': '1.0 (20 / 20 + 0)', 'F1': '0.93 (2 * (1.0 * 0.87) / 1.0 + 0.87)', 'Specificity': '0.9 (26 / 26 + 3)', 'AUC': 0.95, 'r2': 0.75}
2023-05-28 05:49:08,196 [INFO] Save test_prediction_log data...
2023-05-28 05:49:08,197 [INFO] {'Data': 'test', 'ACC': '0.59 (29 / 49)', 'TP': 7, 'FP': 7, 'FN': 13, 'TN': 22, 'Precision': '0.5 (7 / 7 + 7)', 'Recall': '0.35 (7 / 7 + 13)', 'F1': '0.41 (2 * (0.35 * 0.5) / 0.35 + 0.5)', 'Specificity': '0.76 (22 / 22 + 7)', 'AUC': 0.55, 'r2': -0.69}
2023-05-28 05:49:08,199 [INFO] Save training_log data...
2023-05-28 05:49:08,200 [INFO] Save score_log data...
2023-05-28 05:49:08,202 [INFO] Time : 2.4055416584014893
