2023-05-28 14:27:35,394 [INFO] Train data : Vary_params_VGFR2\DUD-E\VGFR2\nG1_20\ECFP4_256bits\Robust\VGFR2_train_vector.tsv
2023-05-28 14:27:35,395 [INFO] Valid data : Vary_params_VGFR2\DUD-E\VGFR2\nG1_20\ECFP4_256bits\Robust\VGFR2_valid_vector.tsv
2023-05-28 14:27:35,395 [INFO] Output path : Vary_params_VGFR2\DUD-E\VGFR2\nG1_20\ECFP4_256bits\Robust\VGFR2_model\MLP
2023-05-28 14:27:35,395 [INFO] Model type : MLP
2023-05-28 14:27:35,395 [INFO] Use cores : 18
2023-05-28 14:27:35,420 [INFO] Start Learning model
2023-05-28 14:27:35,420 [INFO] Train : 747 | Valid : 180
2023-05-28 14:27:35,420 [INFO] Set parameters : {'hidden_layer_sizes': [(50,), (100,), (50, 50), (100, 100)], 'learning_rate': ['constant', 'invscaling', 'adaptive'], 'activation': ['relu', 'identity', 'logistic', 'tanh'], 'solver': ['adam', 'sgd', 'lbfgs'], 'alpha': [0.1, 0.01, 0.001], 'max_iter': [500, 1000], 'early_stopping': [True]}
2023-05-28 14:33:10,683 [INFO] GridSearchCV results :
     mean_valid_accuracy  mean_valid_precision  mean_valid_auc
474             0.872937              0.947048        0.856802
477             0.872937              0.947048        0.856802
471             0.872937              0.947048        0.856802
468             0.872937              0.947048        0.856802
483             0.872937              0.947048        0.856802
..                   ...                   ...             ...
532             0.480595              0.156349        0.424590
529             0.480595              0.156349        0.424590
601             0.480595              0.156349        0.424590
460             0.480595              0.156349        0.424590
604             0.480595              0.156349        0.424590

[864 rows x 3 columns]
2023-05-28 14:33:10,685 [INFO] Best model :
MLPClassifier(activation='logistic', alpha=0.1, early_stopping=True,
              hidden_layer_sizes=(50, 50), max_iter=500, random_state=42)
2023-05-28 14:33:10,703 [INFO] Save train_prediction_log data...
2023-05-28 14:33:10,707 [INFO] {'Data': 'train', 'ACC': '0.97 (722 / 747)', 'TP': 297, 'FP': 5, 'FN': 20, 'TN': 425, 'Precision': '0.98 (297 / 297 + 5)', 'Recall': '0.94 (297 / 297 + 20)', 'F1': '0.96 (2 * (0.94 * 0.98) / 0.94 + 0.98)', 'Specificity': '0.99 (425 / 425 + 5)', 'AUC': 0.96, 'r2': 0.86}
2023-05-28 14:33:10,714 [INFO] Save valid_prediction_log data...
2023-05-28 14:33:10,717 [INFO] {'Data': 'valid', 'ACC': '0.92 (166 / 180)', 'TP': 67, 'FP': 9, 'FN': 5, 'TN': 99, 'Precision': '0.88 (67 / 67 + 9)', 'Recall': '0.93 (67 / 67 + 5)', 'F1': '0.9 (2 * (0.93 * 0.88) / 0.93 + 0.88)', 'Specificity': '0.92 (99 / 99 + 9)', 'AUC': 0.92, 'r2': 0.68}
2023-05-28 14:33:10,736 [INFO] Save test_prediction_log data...
2023-05-28 14:33:10,740 [INFO] {'Data': 'test', 'ACC': '0.56 (101 / 180)', 'TP': 32, 'FP': 39, 'FN': 40, 'TN': 69, 'Precision': '0.45 (32 / 32 + 39)', 'Recall': '0.44 (32 / 32 + 40)', 'F1': '0.44 (2 * (0.44 * 0.45) / 0.44 + 0.45)', 'Specificity': '0.64 (69 / 69 + 39)', 'AUC': 0.54, 'r2': -0.83}
2023-05-28 14:33:10,743 [INFO] Save training_log data...
2023-05-28 14:33:10,750 [INFO] Save score_log data...
2023-05-28 14:33:10,751 [INFO] Time : 335.35703587532043
