2023-05-26 18:14:58,783 [INFO] Train data : Vary_params\DUD-E\MAPK2\nG1_80\ECFP4_512bits\MinMax\MAPK2_train_vector.tsv
2023-05-26 18:14:58,783 [INFO] Valid data : Vary_params\DUD-E\MAPK2\nG1_80\ECFP4_512bits\MinMax\MAPK2_valid_vector.tsv
2023-05-26 18:14:58,783 [INFO] Output path : Vary_params\DUD-E\MAPK2\nG1_80\ECFP4_512bits\MinMax\MAPK2_model\MLP
2023-05-26 18:14:58,783 [INFO] Model type : MLP
2023-05-26 18:14:58,783 [INFO] Use cores : 10
2023-05-26 18:14:58,802 [INFO] Start Learning model
2023-05-26 18:14:58,803 [INFO] Train : 72 | Valid : 25
2023-05-26 18:14:58,803 [INFO] Set parameters : {'hidden_layer_sizes': [(50,), (100,), (50, 50), (100, 100)], 'learning_rate': ['constant', 'invscaling', 'adaptive'], 'activation': ['relu', 'identity', 'logistic', 'tanh'], 'solver': ['adam', 'sgd', 'lbfgs'], 'alpha': [0.1, 0.01, 0.001], 'max_iter': [500, 1000], 'early_stopping': [True]}
2023-05-26 18:16:59,786 [INFO] GridSearchCV results :
     mean_valid_accuracy  mean_valid_precision  mean_valid_auc
863             0.973214                   0.9           0.925
224             0.973214                   0.9           0.925
536             0.973214                   0.9           0.925
230             0.973214                   0.9           0.925
539             0.973214                   0.9           0.925
..                   ...                   ...             ...
606             0.848214                   0.0           0.500
193             0.848214                   0.0           0.500
604             0.848214                   0.0           0.500
603             0.848214                   0.0           0.500
636             0.848214                   0.0           0.500

[864 rows x 3 columns]
2023-05-26 18:16:59,788 [INFO] Best model :
MLPClassifier(alpha=0.1, early_stopping=True, hidden_layer_sizes=(50,),
              max_iter=500, random_state=42, solver='lbfgs')
2023-05-26 18:16:59,793 [INFO] Save train_prediction_log data...
2023-05-26 18:16:59,797 [INFO] {'Data': 'train', 'ACC': '1.0 (72 / 72)', 'TP': 11, 'FP': 0, 'FN': 0, 'TN': 61, 'Precision': '1.0 (11 / 11 + 0)', 'Recall': '1.0 (11 / 11 + 0)', 'F1': '1.0 (2 * (1.0 * 1.0) / 1.0 + 1.0)', 'Specificity': '1.0 (61 / 61 + 0)', 'AUC': 1.0, 'r2': 1.0}
2023-05-26 18:16:59,801 [INFO] Save valid_prediction_log data...
2023-05-26 18:16:59,803 [INFO] {'Data': 'valid', 'ACC': '1.0 (25 / 25)', 'TP': 10, 'FP': 0, 'FN': 0, 'TN': 15, 'Precision': '1.0 (10 / 10 + 0)', 'Recall': '1.0 (10 / 10 + 0)', 'F1': '1.0 (2 * (1.0 * 1.0) / 1.0 + 1.0)', 'Specificity': '1.0 (15 / 15 + 0)', 'AUC': 1.0, 'r2': 1.0}
2023-05-26 18:16:59,820 [INFO] Save test_prediction_log data...
2023-05-26 18:16:59,823 [INFO] {'Data': 'test', 'ACC': '0.68 (17 / 25)', 'TP': 3, 'FP': 1, 'FN': 7, 'TN': 14, 'Precision': '0.75 (3 / 3 + 1)', 'Recall': '0.3 (3 / 3 + 7)', 'F1': '0.43 (2 * (0.3 * 0.75) / 0.3 + 0.75)', 'Specificity': '0.93 (14 / 14 + 1)', 'AUC': 0.62, 'r2': -0.33}
2023-05-26 18:16:59,825 [INFO] Save training_log data...
2023-05-26 18:16:59,830 [INFO] Save score_log data...
2023-05-26 18:16:59,831 [INFO] Time : 121.04857540130615
