2023-05-30 05:22:52,121 [INFO] Train data : Baseline_noscale_DUDE\DUD-E\KIT\ECFP4_256bits\KIT_raw_train.tsv
2023-05-30 05:22:52,122 [INFO] Valid data : Baseline_noscale_DUDE\DUD-E\KIT\ECFP4_256bits\KIT_raw_valid.tsv
2023-05-30 05:22:52,122 [INFO] Output path : Baseline_noscale_DUDE\DUD-E\KIT\ECFP4_256bits\KIT_model\MLP
2023-05-30 05:22:52,122 [INFO] Model type : MLP
2023-05-30 05:22:52,122 [INFO] Use cores : 12
2023-05-30 05:22:52,131 [INFO] Start Learning model
2023-05-30 05:22:52,131 [INFO] Train : 232 | Valid : 58
2023-05-30 05:22:52,131 [INFO] Set parameters : {'hidden_layer_sizes': [(50,), (100,), (50, 50), (100, 100)], 'learning_rate': ['constant', 'invscaling', 'adaptive'], 'activation': ['relu', 'identity', 'logistic', 'tanh'], 'solver': ['adam', 'sgd', 'lbfgs'], 'alpha': [0.1, 0.01, 0.001], 'max_iter': [500, 1000], 'early_stopping': [True]}
2023-05-30 05:24:04,203 [INFO] GridSearchCV results :
     mean_valid_accuracy  mean_valid_precision  mean_valid_auc
102             0.957246                   1.0        0.947222
96              0.957246                   1.0        0.947222
531             0.887681                   1.0        0.858333
30              0.961594                   1.0        0.952778
105             0.957246                   1.0        0.947222
..                   ...                   ...             ...
627             0.599275                   0.0        0.500000
625             0.599275                   0.0        0.500000
624             0.599275                   0.0        0.500000
622             0.599275                   0.0        0.500000
633             0.599275                   0.0        0.500000

[864 rows x 3 columns]
2023-05-30 05:24:04,204 [INFO] Best model :
MLPClassifier(alpha=0.1, early_stopping=True, max_iter=500, random_state=42)
2023-05-30 05:24:04,208 [INFO] Save train_prediction_log data...
2023-05-30 05:24:04,210 [INFO] {'Data': 'train', 'ACC': '0.98 (228 / 232)', 'TP': 89, 'FP': 0, 'FN': 4, 'TN': 139, 'Precision': '1.0 (89 / 89 + 0)', 'Recall': '0.96 (89 / 89 + 4)', 'F1': '0.98 (2 * (0.96 * 1.0) / 0.96 + 1.0)', 'Specificity': '1.0 (139 / 139 + 0)', 'AUC': 0.98, 'r2': 0.93}
2023-05-30 05:24:04,213 [INFO] Save valid_prediction_log data...
2023-05-30 05:24:04,215 [INFO] {'Data': 'valid', 'ACC': '0.93 (54 / 58)', 'TP': 22, 'FP': 3, 'FN': 1, 'TN': 32, 'Precision': '0.88 (22 / 22 + 3)', 'Recall': '0.96 (22 / 22 + 1)', 'F1': '0.92 (2 * (0.96 * 0.88) / 0.96 + 0.88)', 'Specificity': '0.91 (32 / 32 + 3)', 'AUC': 0.94, 'r2': 0.71}
2023-05-30 05:24:04,222 [INFO] Save test_prediction_log data...
2023-05-30 05:24:04,224 [INFO] {'Data': 'test', 'ACC': '0.64 (37 / 58)', 'TP': 12, 'FP': 10, 'FN': 11, 'TN': 25, 'Precision': '0.55 (12 / 12 + 10)', 'Recall': '0.52 (12 / 12 + 11)', 'F1': '0.53 (2 * (0.52 * 0.55) / 0.52 + 0.55)', 'Specificity': '0.71 (25 / 25 + 10)', 'AUC': 0.62, 'r2': -0.51}
2023-05-30 05:24:04,226 [INFO] Save training_log data...
2023-05-30 05:24:04,231 [INFO] Save score_log data...
2023-05-30 05:24:04,232 [INFO] Time : 72.11125230789185
