2023-05-27 15:06:37,732 [INFO] Train data : Vary_params_CDK2_EGFR_LCK\DUD-E\CDK2\nG1_20\ECFP6_256bits\Robust\CDK2_train_vector.tsv
2023-05-27 15:06:37,732 [INFO] Valid data : Vary_params_CDK2_EGFR_LCK\DUD-E\CDK2\nG1_20\ECFP6_256bits\Robust\CDK2_valid_vector.tsv
2023-05-27 15:06:37,732 [INFO] Output path : Vary_params_CDK2_EGFR_LCK\DUD-E\CDK2\nG1_20\ECFP6_256bits\Robust\CDK2_model\XGB
2023-05-27 15:06:37,732 [INFO] Model type : XGB
2023-05-27 15:06:37,732 [INFO] Use cores : 19
2023-05-27 15:06:37,753 [INFO] Start Learning model
2023-05-27 15:06:37,753 [INFO] Train : 878 | Valid : 212
2023-05-27 15:06:37,754 [INFO] Set parameters : {'max_depth': [4, 6, 8], 'learning_rate': [0.01, 0.2], 'n_estimators': [200, 600, 1000], 'gamma': [0, 1000], 'min_child_weight': [1, 3], 'subsample': [0.5, 1], 'colsample_bytree': [0.5, 1], 'objective': ['binary:logitraw'], 'eval_metric': ['auc', 'error']}
2023-05-27 15:23:14,648 [INFO] GridSearchCV results :
     mean_valid_accuracy  mean_valid_precision  mean_valid_auc
170             0.924830              0.965627        0.915225
26              0.924830              0.965627        0.915225
158             0.925967              0.963273        0.916947
14              0.925967              0.963273        0.916947
24              0.903239              0.962114        0.889920
..                   ...                   ...             ...
378             0.579728              0.000000        0.500000
377             0.579728              0.000000        0.500000
376             0.579728              0.000000        0.500000
375             0.579728              0.000000        0.500000
575             0.579728              0.000000        0.500000

[576 rows x 3 columns]
2023-05-27 15:23:14,650 [INFO] Best model :
XGBClassifier(base_score=None, booster=None, callbacks=None,
              colsample_bylevel=None, colsample_bynode=None,
              colsample_bytree=0.5, early_stopping_rounds=None,
              enable_categorical=False, eval_metric='auc', feature_types=None,
              gamma=0, gpu_id=None, grow_policy=None, importance_type=None,
              interaction_constraints=None, learning_rate=0.01, max_bin=None,
              max_cat_threshold=None, max_cat_to_onehot=None,
              max_delta_step=None, max_depth=8, max_leaves=None,
              min_child_weight=1, missing=nan, monotone_constraints=None,
              n_estimators=600, n_jobs=0, num_parallel_tree=None,
              objective='binary:logitraw', predictor=None, ...)
2023-05-27 15:23:14,669 [INFO] Save train_prediction_log data...
2023-05-27 15:23:14,676 [INFO] {'Data': 'train', 'ACC': '1.0 (876 / 878)', 'TP': 367, 'FP': 0, 'FN': 2, 'TN': 509, 'Precision': '1.0 (367 / 367 + 0)', 'Recall': '0.99 (367 / 367 + 2)', 'F1': '0.99 (2 * (0.99 * 1.0) / 0.99 + 1.0)', 'Specificity': '1.0 (509 / 509 + 0)', 'AUC': 1.0, 'r2': 0.99}
2023-05-27 15:23:14,690 [INFO] Save valid_prediction_log data...
2023-05-27 15:23:14,693 [INFO] {'Data': 'valid', 'ACC': '0.98 (207 / 212)', 'TP': 85, 'FP': 5, 'FN': 0, 'TN': 122, 'Precision': '0.94 (85 / 85 + 5)', 'Recall': '1.0 (85 / 85 + 0)', 'F1': '0.97 (2 * (1.0 * 0.94) / 1.0 + 0.94)', 'Specificity': '0.96 (122 / 122 + 5)', 'AUC': 0.98, 'r2': 0.9}
2023-05-27 15:23:14,721 [INFO] Save test_prediction_log data...
2023-05-27 15:23:14,726 [INFO] {'Data': 'test', 'ACC': '0.56 (119 / 212)', 'TP': 61, 'FP': 69, 'FN': 24, 'TN': 58, 'Precision': '0.47 (61 / 61 + 69)', 'Recall': '0.72 (61 / 61 + 24)', 'F1': '0.57 (2 * (0.72 * 0.47) / 0.72 + 0.47)', 'Specificity': '0.46 (58 / 58 + 69)', 'AUC': 0.59, 'r2': -0.83}
2023-05-27 15:23:14,740 [INFO] Save training_log data...
2023-05-27 15:23:14,747 [INFO] Save score_log data...
2023-05-27 15:23:14,748 [INFO] Time : 997.0163533687592
