2023-05-27 18:40:53,501 [INFO] Train data : Vary_params_CDK2_EGFR_LCK\DUD-E\CDK2\nG1_50\ECFP4_256bits\Robust\CDK2_train_vector.tsv
2023-05-27 18:40:53,501 [INFO] Valid data : Vary_params_CDK2_EGFR_LCK\DUD-E\CDK2\nG1_50\ECFP4_256bits\Robust\CDK2_valid_vector.tsv
2023-05-27 18:40:53,501 [INFO] Output path : Vary_params_CDK2_EGFR_LCK\DUD-E\CDK2\nG1_50\ECFP4_256bits\Robust\CDK2_model\SVM
2023-05-27 18:40:53,501 [INFO] Model type : SVM
2023-05-27 18:40:53,501 [INFO] Use cores : 19
2023-05-27 18:40:53,520 [INFO] Start Learning model
2023-05-27 18:40:53,520 [INFO] Train : 848 | Valid : 212
2023-05-27 18:40:53,521 [INFO] Set parameters : {'kernel': ['linear', 'rbf'], 'C': [0.01, 0.1, 1, 10, 100, 1000], 'gamma': [0.01, 0.1, 1, 100, 1000]}
2023-05-27 18:40:58,523 [INFO] GridSearchCV results :
    mean_valid_accuracy  mean_valid_precision  mean_valid_auc
0              0.843109              0.797008        0.839332
20             0.843109              0.797008        0.839332
24             0.843109              0.797008        0.839332
26             0.843109              0.797008        0.839332
28             0.843109              0.797008        0.839332
32             0.843109              0.797008        0.839332
34             0.843109              0.797008        0.839332
36             0.843109              0.797008        0.839332
38             0.843109              0.797008        0.839332
40             0.843109              0.797008        0.839332
42             0.843109              0.797008        0.839332
44             0.843109              0.797008        0.839332
46             0.843109              0.797008        0.839332
48             0.843109              0.797008        0.839332
50             0.843109              0.797008        0.839332
52             0.843109              0.797008        0.839332
54             0.843109              0.797008        0.839332
56             0.843109              0.797008        0.839332
58             0.843109              0.797008        0.839332
22             0.843109              0.797008        0.839332
30             0.843109              0.797008        0.839332
10             0.843109              0.797008        0.839332
2              0.843109              0.797008        0.839332
18             0.843109              0.797008        0.839332
8              0.843109              0.797008        0.839332
16             0.843109              0.797008        0.839332
4              0.843109              0.797008        0.839332
12             0.843109              0.797008        0.839332
6              0.843109              0.797008        0.839332
14             0.843109              0.797008        0.839332
49             0.600238              0.000000        0.500000
9              0.600238              0.000000        0.500000
45             0.600238              0.000000        0.500000
47             0.600238              0.000000        0.500000
7              0.600238              0.000000        0.500000
21             0.600238              0.000000        0.500000
43             0.600238              0.000000        0.500000
5              0.600238              0.000000        0.500000
53             0.600238              0.000000        0.500000
55             0.600238              0.000000        0.500000
3              0.600238              0.000000        0.500000
57             0.600238              0.000000        0.500000
51             0.600238              0.000000        0.500000
11             0.600238              0.000000        0.500000
41             0.600238              0.000000        0.500000
19             0.600238              0.000000        0.500000
39             0.600238              0.000000        0.500000
37             0.600238              0.000000        0.500000
13             0.600238              0.000000        0.500000
35             0.600238              0.000000        0.500000
33             0.600238              0.000000        0.500000
15             0.600238              0.000000        0.500000
31             0.600238              0.000000        0.500000
1              0.600238              0.000000        0.500000
29             0.600238              0.000000        0.500000
27             0.600238              0.000000        0.500000
17             0.600238              0.000000        0.500000
25             0.600238              0.000000        0.500000
23             0.600238              0.000000        0.500000
59             0.600238              0.000000        0.500000
2023-05-27 18:40:58,524 [INFO] Best model :
SVC(C=0.01, gamma=0.01, kernel='linear', random_state=42)
2023-05-27 18:40:58,534 [INFO] Save train_prediction_log data...
2023-05-27 18:40:58,539 [INFO] {'Data': 'train', 'ACC': '1.0 (848 / 848)', 'TP': 339, 'FP': 0, 'FN': 0, 'TN': 509, 'Precision': '1.0 (339 / 339 + 0)', 'Recall': '1.0 (339 / 339 + 0)', 'F1': '1.0 (2 * (1.0 * 1.0) / 1.0 + 1.0)', 'Specificity': '1.0 (509 / 509 + 0)', 'AUC': 1.0, 'r2': 1.0}
2023-05-27 18:40:58,544 [INFO] Save valid_prediction_log data...
2023-05-27 18:40:58,546 [INFO] {'Data': 'valid', 'ACC': '0.86 (183 / 212)', 'TP': 81, 'FP': 25, 'FN': 4, 'TN': 102, 'Precision': '0.76 (81 / 81 + 25)', 'Recall': '0.95 (81 / 81 + 4)', 'F1': '0.84 (2 * (0.95 * 0.76) / 0.95 + 0.76)', 'Specificity': '0.8 (102 / 102 + 25)', 'AUC': 0.88, 'r2': 0.43}
2023-05-27 18:40:58,557 [INFO] Save test_prediction_log data...
2023-05-27 18:40:58,559 [INFO] {'Data': 'test', 'ACC': '0.53 (113 / 212)', 'TP': 52, 'FP': 66, 'FN': 33, 'TN': 61, 'Precision': '0.44 (52 / 52 + 66)', 'Recall': '0.61 (52 / 52 + 33)', 'F1': '0.51 (2 * (0.61 * 0.44) / 0.61 + 0.44)', 'Specificity': '0.48 (61 / 61 + 66)', 'AUC': 0.55, 'r2': -0.94}
2023-05-27 18:40:58,560 [INFO] Save training_log data...
2023-05-27 18:40:58,562 [INFO] Save score_log data...
2023-05-27 18:40:58,563 [INFO] Time : 5.060985803604126
