2023-05-27 04:08:18,803 [INFO] Train data : Vary_params_SH\DUD-E\ROCK1\nG1_20\ECFP6_512bits\Robust\ROCK1_train_vector.tsv
2023-05-27 04:08:18,803 [INFO] Valid data : Vary_params_SH\DUD-E\ROCK1\nG1_20\ECFP6_512bits\Robust\ROCK1_valid_vector.tsv
2023-05-27 04:08:18,803 [INFO] Output path : Vary_params_SH\DUD-E\ROCK1\nG1_20\ECFP6_512bits\Robust\ROCK1_model\SVM
2023-05-27 04:08:18,803 [INFO] Model type : SVM
2023-05-27 04:08:18,803 [INFO] Use cores : 3
2023-05-27 04:08:18,838 [INFO] Start Learning model
2023-05-27 04:08:18,838 [INFO] Train : 130 | Valid : 25
2023-05-27 04:08:18,838 [INFO] Set parameters : {'kernel': ['linear', 'rbf'], 'C': [0.01, 0.1, 1, 10, 100, 1000], 'gamma': [0.01, 0.1, 1, 100, 1000]}
2023-05-27 04:08:23,916 [INFO] GridSearchCV results :
    mean_valid_accuracy  mean_valid_precision  mean_valid_auc
0              0.953846              0.975000        0.954762
20             0.953846              0.975000        0.954762
24             0.953846              0.975000        0.954762
26             0.953846              0.975000        0.954762
28             0.953846              0.975000        0.954762
32             0.953846              0.975000        0.954762
34             0.953846              0.975000        0.954762
36             0.953846              0.975000        0.954762
38             0.953846              0.975000        0.954762
40             0.953846              0.975000        0.954762
42             0.953846              0.975000        0.954762
44             0.953846              0.975000        0.954762
46             0.953846              0.975000        0.954762
48             0.953846              0.975000        0.954762
50             0.953846              0.975000        0.954762
52             0.953846              0.975000        0.954762
54             0.953846              0.975000        0.954762
56             0.953846              0.975000        0.954762
58             0.953846              0.975000        0.954762
22             0.953846              0.975000        0.954762
30             0.953846              0.975000        0.954762
10             0.953846              0.975000        0.954762
2              0.953846              0.975000        0.954762
18             0.953846              0.975000        0.954762
8              0.953846              0.975000        0.954762
16             0.953846              0.975000        0.954762
4              0.953846              0.975000        0.954762
12             0.953846              0.975000        0.954762
6              0.953846              0.975000        0.954762
14             0.953846              0.975000        0.954762
49             0.538462              0.538462        0.500000
9              0.538462              0.538462        0.500000
45             0.538462              0.538462        0.500000
47             0.538462              0.538462        0.500000
7              0.538462              0.538462        0.500000
21             0.538462              0.538462        0.500000
43             0.538462              0.538462        0.500000
5              0.538462              0.538462        0.500000
53             0.538462              0.538462        0.500000
55             0.538462              0.538462        0.500000
3              0.538462              0.538462        0.500000
57             0.538462              0.538462        0.500000
51             0.538462              0.538462        0.500000
11             0.538462              0.538462        0.500000
41             0.538462              0.538462        0.500000
19             0.538462              0.538462        0.500000
39             0.538462              0.538462        0.500000
37             0.538462              0.538462        0.500000
13             0.538462              0.538462        0.500000
35             0.538462              0.538462        0.500000
33             0.538462              0.538462        0.500000
15             0.538462              0.538462        0.500000
31             0.538462              0.538462        0.500000
1              0.538462              0.538462        0.500000
29             0.538462              0.538462        0.500000
27             0.538462              0.538462        0.500000
17             0.538462              0.538462        0.500000
25             0.538462              0.538462        0.500000
23             0.538462              0.538462        0.500000
59             0.538462              0.538462        0.500000
2023-05-27 04:08:23,919 [INFO] Best model :
SVC(C=0.01, gamma=0.01, kernel='linear', random_state=42)
2023-05-27 04:08:23,927 [INFO] Save train_prediction_log data...
2023-05-27 04:08:23,932 [INFO] {'Data': 'train', 'ACC': '1.0 (130 / 130)', 'TP': 70, 'FP': 0, 'FN': 0, 'TN': 60, 'Precision': '1.0 (70 / 70 + 0)', 'Recall': '1.0 (70 / 70 + 0)', 'F1': '1.0 (2 * (1.0 * 1.0) / 1.0 + 1.0)', 'Specificity': '1.0 (60 / 60 + 0)', 'AUC': 1.0, 'r2': 1.0}
2023-05-27 04:08:23,938 [INFO] Save valid_prediction_log data...
2023-05-27 04:08:23,941 [INFO] {'Data': 'valid', 'ACC': '0.96 (24 / 25)', 'TP': 10, 'FP': 1, 'FN': 0, 'TN': 14, 'Precision': '0.91 (10 / 10 + 1)', 'Recall': '1.0 (10 / 10 + 0)', 'F1': '0.95 (2 * (1.0 * 0.91) / 1.0 + 0.91)', 'Specificity': '0.93 (14 / 14 + 1)', 'AUC': 0.97, 'r2': 0.83}
2023-05-27 04:08:23,962 [INFO] Save test_prediction_log data...
2023-05-27 04:08:23,965 [INFO] {'Data': 'test', 'ACC': '0.56 (14 / 25)', 'TP': 4, 'FP': 5, 'FN': 6, 'TN': 10, 'Precision': '0.44 (4 / 4 + 5)', 'Recall': '0.4 (4 / 4 + 6)', 'F1': '0.42 (2 * (0.4 * 0.44) / 0.4 + 0.44)', 'Specificity': '0.67 (10 / 10 + 5)', 'AUC': 0.53, 'r2': -0.83}
2023-05-27 04:08:23,968 [INFO] Save training_log data...
2023-05-27 04:08:23,970 [INFO] Save score_log data...
2023-05-27 04:08:23,971 [INFO] Time : 5.168368101119995
