2023-05-26 22:11:56,177 [INFO] Train data : Vary_params_A\DUD-E\JAK2\nG1_20\ECFP4_512bits\Robust\JAK2_train_vector.tsv
2023-05-26 22:11:56,177 [INFO] Valid data : Vary_params_A\DUD-E\JAK2\nG1_20\ECFP4_512bits\Robust\JAK2_valid_vector.tsv
2023-05-26 22:11:56,177 [INFO] Output path : Vary_params_A\DUD-E\JAK2\nG1_20\ECFP4_512bits\Robust\JAK2_model\MLP
2023-05-26 22:11:56,178 [INFO] Model type : MLP
2023-05-26 22:11:56,178 [INFO] Use cores : 3
2023-05-26 22:11:56,213 [INFO] Start Learning model
2023-05-26 22:11:56,213 [INFO] Train : 142 | Valid : 28
2023-05-26 22:11:56,213 [INFO] Set parameters : {'hidden_layer_sizes': [(50,), (100,), (50, 50), (100, 100)], 'learning_rate': ['constant', 'invscaling', 'adaptive'], 'activation': ['relu', 'identity', 'logistic', 'tanh'], 'solver': ['adam', 'sgd', 'lbfgs'], 'alpha': [0.1, 0.01, 0.001], 'max_iter': [500, 1000], 'early_stopping': [True]}
2023-05-26 22:21:05,066 [INFO] GridSearchCV results :
     mean_valid_accuracy  mean_valid_precision  mean_valid_auc
38              0.943333              0.954167        0.942857
41              0.943333              0.954167        0.942857
44              0.943333              0.954167        0.942857
53              0.943333              0.954167        0.942857
47              0.943333              0.954167        0.942857
..                   ...                   ...             ...
544             0.471905              0.000000        0.500000
546             0.471905              0.000000        0.500000
547             0.471905              0.000000        0.500000
484             0.471905              0.000000        0.500000
646             0.471905              0.000000        0.500000

[864 rows x 3 columns]
2023-05-26 22:21:05,068 [INFO] Best model :
MLPClassifier(alpha=0.1, early_stopping=True, hidden_layer_sizes=(50, 50),
              max_iter=500, random_state=42, solver='lbfgs')
2023-05-26 22:21:05,076 [INFO] Save train_prediction_log data...
2023-05-26 22:21:05,081 [INFO] {'Data': 'train', 'ACC': '1.0 (142 / 142)', 'TP': 75, 'FP': 0, 'FN': 0, 'TN': 67, 'Precision': '1.0 (75 / 75 + 0)', 'Recall': '1.0 (75 / 75 + 0)', 'F1': '1.0 (2 * (1.0 * 1.0) / 1.0 + 1.0)', 'Specificity': '1.0 (67 / 67 + 0)', 'AUC': 1.0, 'r2': 1.0}
2023-05-26 22:21:05,088 [INFO] Save valid_prediction_log data...
2023-05-26 22:21:05,091 [INFO] {'Data': 'valid', 'ACC': '0.96 (27 / 28)', 'TP': 11, 'FP': 1, 'FN': 0, 'TN': 16, 'Precision': '0.92 (11 / 11 + 1)', 'Recall': '1.0 (11 / 11 + 0)', 'F1': '0.96 (2 * (1.0 * 0.92) / 1.0 + 0.92)', 'Specificity': '0.94 (16 / 16 + 1)', 'AUC': 0.97, 'r2': 0.85}
2023-05-26 22:21:05,112 [INFO] Save test_prediction_log data...
2023-05-26 22:21:05,115 [INFO] {'Data': 'test', 'ACC': '0.46 (13 / 28)', 'TP': 7, 'FP': 11, 'FN': 4, 'TN': 6, 'Precision': '0.39 (7 / 7 + 11)', 'Recall': '0.64 (7 / 7 + 4)', 'F1': '0.48 (2 * (0.64 * 0.39) / 0.64 + 0.39)', 'Specificity': '0.35 (6 / 6 + 11)', 'AUC': 0.49, 'r2': -1.25}
2023-05-26 22:21:05,119 [INFO] Save training_log data...
2023-05-26 22:21:05,126 [INFO] Save score_log data...
2023-05-26 22:21:05,128 [INFO] Time : 548.9508612155914
