2023-05-27 04:42:54,949 [INFO] Train data : Vary_params\DUD-E\MET\nG1_80\ECFP6_256bits\Robust\MET_train_vector.tsv
2023-05-27 04:42:54,949 [INFO] Valid data : Vary_params\DUD-E\MET\nG1_80\ECFP6_256bits\Robust\MET_valid_vector.tsv
2023-05-27 04:42:54,949 [INFO] Output path : Vary_params\DUD-E\MET\nG1_80\ECFP6_256bits\Robust\MET_model\XGB
2023-05-27 04:42:54,949 [INFO] Model type : XGB
2023-05-27 04:42:54,949 [INFO] Use cores : 10
2023-05-27 04:42:54,962 [INFO] Start Learning model
2023-05-27 04:42:54,962 [INFO] Train : 166 | Valid : 49
2023-05-27 04:42:54,963 [INFO] Set parameters : {'max_depth': [4, 6, 8], 'learning_rate': [0.01, 0.2], 'n_estimators': [200, 600, 1000], 'gamma': [0, 1000], 'min_child_weight': [1, 3], 'subsample': [0.5, 1], 'colsample_bytree': [0.5, 1], 'objective': ['binary:logitraw'], 'eval_metric': ['auc', 'error']}
2023-05-27 04:49:38,662 [INFO] GridSearchCV results :
     mean_valid_accuracy  mean_valid_precision  mean_valid_auc
0               0.964706                   1.0            0.94
154             0.970588                   1.0            0.95
157             0.964706                   1.0            0.94
158             0.970588                   1.0            0.95
160             0.970588                   1.0            0.95
..                   ...                   ...             ...
370             0.711029                   0.0            0.50
369             0.711029                   0.0            0.50
368             0.711029                   0.0            0.50
367             0.711029                   0.0            0.50
575             0.711029                   0.0            0.50

[576 rows x 3 columns]
2023-05-27 04:49:38,663 [INFO] Best model :
XGBClassifier(base_score=None, booster=None, callbacks=None,
              colsample_bylevel=None, colsample_bynode=None,
              colsample_bytree=0.5, early_stopping_rounds=None,
              enable_categorical=False, eval_metric='auc', feature_types=None,
              gamma=0, gpu_id=None, grow_policy=None, importance_type=None,
              interaction_constraints=None, learning_rate=0.01, max_bin=None,
              max_cat_threshold=None, max_cat_to_onehot=None,
              max_delta_step=None, max_depth=4, max_leaves=None,
              min_child_weight=1, missing=nan, monotone_constraints=None,
              n_estimators=200, n_jobs=0, num_parallel_tree=None,
              objective='binary:logitraw', predictor=None, ...)
2023-05-27 04:49:38,674 [INFO] Save train_prediction_log data...
2023-05-27 04:49:38,677 [INFO] {'Data': 'train', 'ACC': '0.99 (165 / 166)', 'TP': 47, 'FP': 0, 'FN': 1, 'TN': 118, 'Precision': '1.0 (47 / 47 + 0)', 'Recall': '0.98 (47 / 47 + 1)', 'F1': '0.99 (2 * (0.98 * 1.0) / 0.98 + 1.0)', 'Specificity': '1.0 (118 / 118 + 0)', 'AUC': 0.99, 'r2': 0.97}
2023-05-27 04:49:38,686 [INFO] Save valid_prediction_log data...
2023-05-27 04:49:38,688 [INFO] {'Data': 'valid', 'ACC': '0.96 (47 / 49)', 'TP': 20, 'FP': 2, 'FN': 0, 'TN': 27, 'Precision': '0.91 (20 / 20 + 2)', 'Recall': '1.0 (20 / 20 + 0)', 'F1': '0.95 (2 * (1.0 * 0.91) / 1.0 + 0.91)', 'Specificity': '0.93 (27 / 27 + 2)', 'AUC': 0.97, 'r2': 0.83}
2023-05-27 04:49:38,703 [INFO] Save test_prediction_log data...
2023-05-27 04:49:38,707 [INFO] {'Data': 'test', 'ACC': '0.59 (29 / 49)', 'TP': 1, 'FP': 1, 'FN': 19, 'TN': 28, 'Precision': '0.5 (1 / 1 + 1)', 'Recall': '0.05 (1 / 1 + 19)', 'F1': '0.09 (2 * (0.05 * 0.5) / 0.05 + 0.5)', 'Specificity': '0.97 (28 / 28 + 1)', 'AUC': 0.51, 'r2': -0.69}
2023-05-27 04:49:38,712 [INFO] Save training_log data...
2023-05-27 04:49:38,716 [INFO] Save score_log data...
2023-05-27 04:49:38,717 [INFO] Time : 403.7687072753906
