2023-05-30 03:45:43,407 [INFO] Train data : Vary_params_BRAF_MK14\DUD-E\MK14\nG1_20\ECFP6_512bits\MinMax\MK14_train_vector.tsv
2023-05-30 03:45:43,407 [INFO] Valid data : Vary_params_BRAF_MK14\DUD-E\MK14\nG1_20\ECFP6_512bits\MinMax\MK14_valid_vector.tsv
2023-05-30 03:45:43,408 [INFO] Output path : Vary_params_BRAF_MK14\DUD-E\MK14\nG1_20\ECFP6_512bits\MinMax\MK14_model\SVM
2023-05-30 03:45:43,408 [INFO] Model type : SVM
2023-05-30 03:45:43,408 [INFO] Use cores : 10
2023-05-30 03:45:43,453 [INFO] Start Learning model
2023-05-30 03:45:43,453 [INFO] Train : 931 | Valid : 225
2023-05-30 03:45:43,453 [INFO] Set parameters : {'kernel': ['linear', 'rbf'], 'C': [0.01, 0.1, 1, 10, 100, 1000], 'gamma': [0.01, 0.1, 1, 100, 1000]}
2023-05-30 03:46:03,110 [INFO] GridSearchCV results :
    mean_valid_accuracy  mean_valid_precision  mean_valid_auc
11             0.838973              1.000000        0.807692
31             0.983894              0.977372        0.983991
51             0.983894              0.977372        0.983991
41             0.983894              0.977372        0.983991
21             0.977454              0.977166        0.976299
0              0.969927              0.969653        0.968393
2              0.969927              0.969653        0.968393
4              0.969927              0.969653        0.968393
6              0.969927              0.969653        0.968393
8              0.969927              0.969653        0.968393
42             0.963475              0.950435        0.963550
32             0.963475              0.950435        0.963550
34             0.963475              0.950435        0.963550
36             0.963475              0.950435        0.963550
38             0.963475              0.950435        0.963550
40             0.963475              0.950435        0.963550
48             0.963475              0.950435        0.963550
44             0.963475              0.950435        0.963550
46             0.963475              0.950435        0.963550
26             0.963475              0.950435        0.963550
50             0.963475              0.950435        0.963550
52             0.963475              0.950435        0.963550
54             0.963475              0.950435        0.963550
56             0.963475              0.950435        0.963550
58             0.963475              0.950435        0.963550
28             0.963475              0.950435        0.963550
30             0.963475              0.950435        0.963550
14             0.963475              0.950435        0.963550
20             0.963475              0.950435        0.963550
12             0.963475              0.950435        0.963550
10             0.963475              0.950435        0.963550
24             0.963475              0.950435        0.963550
16             0.963475              0.950435        0.963550
18             0.963475              0.950435        0.963550
22             0.963475              0.950435        0.963550
53             0.619721              0.900000        0.546154
43             0.619721              0.900000        0.546154
33             0.619721              0.900000        0.546154
23             0.593949              0.700000        0.515385
13             0.581091              0.000000        0.500000
7              0.581091              0.000000        0.500000
5              0.581091              0.000000        0.500000
9              0.581091              0.000000        0.500000
57             0.581091              0.000000        0.500000
3              0.581091              0.000000        0.500000
49             0.581091              0.000000        0.500000
55             0.581091              0.000000        0.500000
27             0.581091              0.000000        0.500000
47             0.581091              0.000000        0.500000
45             0.581091              0.000000        0.500000
15             0.581091              0.000000        0.500000
25             0.581091              0.000000        0.500000
17             0.581091              0.000000        0.500000
39             0.581091              0.000000        0.500000
19             0.581091              0.000000        0.500000
37             0.581091              0.000000        0.500000
35             0.581091              0.000000        0.500000
1              0.581091              0.000000        0.500000
29             0.581091              0.000000        0.500000
59             0.581091              0.000000        0.500000
2023-05-30 03:46:03,111 [INFO] Best model :
SVC(C=0.1, gamma=0.01, random_state=42)
2023-05-30 03:46:03,251 [INFO] Save train_prediction_log data...
2023-05-30 03:46:03,255 [INFO] {'Data': 'train', 'ACC': '0.9 (837 / 931)', 'TP': 296, 'FP': 0, 'FN': 94, 'TN': 541, 'Precision': '1.0 (296 / 296 + 0)', 'Recall': '0.76 (296 / 296 + 94)', 'F1': '0.86 (2 * (0.76 * 1.0) / 0.76 + 1.0)', 'Specificity': '1.0 (541 / 541 + 0)', 'AUC': 0.88, 'r2': 0.59}
2023-05-30 03:46:03,291 [INFO] Save valid_prediction_log data...
2023-05-30 03:46:03,306 [INFO] {'Data': 'valid', 'ACC': '0.96 (215 / 225)', 'TP': 80, 'FP': 0, 'FN': 10, 'TN': 135, 'Precision': '1.0 (80 / 80 + 0)', 'Recall': '0.89 (80 / 80 + 10)', 'F1': '0.94 (2 * (0.89 * 1.0) / 0.89 + 1.0)', 'Specificity': '1.0 (135 / 135 + 0)', 'AUC': 0.94, 'r2': 0.81}
2023-05-30 03:46:03,356 [INFO] Save test_prediction_log data...
2023-05-30 03:46:03,358 [INFO] {'Data': 'test', 'ACC': '0.66 (149 / 225)', 'TP': 38, 'FP': 24, 'FN': 52, 'TN': 111, 'Precision': '0.61 (38 / 38 + 24)', 'Recall': '0.42 (38 / 38 + 52)', 'F1': '0.5 (2 * (0.42 * 0.61) / 0.42 + 0.61)', 'Specificity': '0.82 (111 / 111 + 24)', 'AUC': 0.62, 'r2': -0.41}
2023-05-30 03:46:03,362 [INFO] Save training_log data...
2023-05-30 03:46:03,363 [INFO] Save score_log data...
2023-05-30 03:46:03,364 [INFO] Time : 19.956355094909668
