2023-05-27 15:34:48,693 [INFO] Train data : Vary_params\DUD-E\AKT2\nG1_20\ECFP6_512bits\Standard\AKT2_train_vector.tsv
2023-05-27 15:34:48,693 [INFO] Valid data : Vary_params\DUD-E\AKT2\nG1_20\ECFP6_512bits\Standard\AKT2_valid_vector.tsv
2023-05-27 15:34:48,694 [INFO] Output path : Vary_params\DUD-E\AKT2\nG1_20\ECFP6_512bits\Standard\AKT2_model\SVM
2023-05-27 15:34:48,694 [INFO] Model type : SVM
2023-05-27 15:34:48,694 [INFO] Use cores : 11
2023-05-27 15:34:48,728 [INFO] Start Learning model
2023-05-27 15:34:48,728 [INFO] Train : 155 | Valid : 31
2023-05-27 15:34:48,728 [INFO] Set parameters : {'kernel': ['linear', 'rbf'], 'C': [0.01, 0.1, 1, 10, 100, 1000], 'gamma': [0.01, 0.1, 1, 100, 1000]}
2023-05-27 15:34:52,436 [INFO] GridSearchCV results :
    mean_valid_accuracy  mean_valid_precision  mean_valid_auc
0              0.981250              1.000000        0.981250
20             0.981250              1.000000        0.981250
24             0.981250              1.000000        0.981250
26             0.981250              1.000000        0.981250
28             0.981250              1.000000        0.981250
32             0.981250              1.000000        0.981250
34             0.981250              1.000000        0.981250
36             0.981250              1.000000        0.981250
38             0.981250              1.000000        0.981250
40             0.981250              1.000000        0.981250
42             0.981250              1.000000        0.981250
44             0.981250              1.000000        0.981250
46             0.981250              1.000000        0.981250
48             0.981250              1.000000        0.981250
50             0.981250              1.000000        0.981250
52             0.981250              1.000000        0.981250
54             0.981250              1.000000        0.981250
56             0.981250              1.000000        0.981250
58             0.981250              1.000000        0.981250
22             0.981250              1.000000        0.981250
30             0.981250              1.000000        0.981250
2              0.981250              1.000000        0.981250
18             0.981250              1.000000        0.981250
10             0.981250              1.000000        0.981250
8              0.981250              1.000000        0.981250
16             0.981250              1.000000        0.981250
4              0.981250              1.000000        0.981250
12             0.981250              1.000000        0.981250
14             0.981250              1.000000        0.981250
6              0.981250              1.000000        0.981250
41             0.815000              0.771360        0.810714
31             0.815000              0.771360        0.810714
51             0.815000              0.771360        0.810714
21             0.770833              0.734693        0.766071
7              0.516667              0.516667        0.500000
47             0.516667              0.516667        0.500000
5              0.516667              0.516667        0.500000
49             0.516667              0.516667        0.500000
9              0.516667              0.516667        0.500000
53             0.516667              0.516667        0.500000
55             0.516667              0.516667        0.500000
3              0.516667              0.516667        0.500000
57             0.516667              0.516667        0.500000
45             0.516667              0.516667        0.500000
11             0.516667              0.516667        0.500000
43             0.516667              0.516667        0.500000
19             0.516667              0.516667        0.500000
39             0.516667              0.516667        0.500000
37             0.516667              0.516667        0.500000
13             0.516667              0.516667        0.500000
35             0.516667              0.516667        0.500000
33             0.516667              0.516667        0.500000
15             0.516667              0.516667        0.500000
1              0.516667              0.516667        0.500000
29             0.516667              0.516667        0.500000
27             0.516667              0.516667        0.500000
17             0.516667              0.516667        0.500000
25             0.516667              0.516667        0.500000
23             0.516667              0.516667        0.500000
59             0.516667              0.516667        0.500000
2023-05-27 15:34:52,447 [INFO] Best model :
SVC(C=0.01, gamma=0.01, kernel='linear', random_state=42)
2023-05-27 15:34:52,459 [INFO] Save train_prediction_log data...
2023-05-27 15:34:52,465 [INFO] {'Data': 'train', 'ACC': '1.0 (155 / 155)', 'TP': 80, 'FP': 0, 'FN': 0, 'TN': 75, 'Precision': '1.0 (80 / 80 + 0)', 'Recall': '1.0 (80 / 80 + 0)', 'F1': '1.0 (2 * (1.0 * 1.0) / 1.0 + 1.0)', 'Specificity': '1.0 (75 / 75 + 0)', 'AUC': 1.0, 'r2': 1.0}
2023-05-27 15:34:52,479 [INFO] Save valid_prediction_log data...
2023-05-27 15:34:52,485 [INFO] {'Data': 'valid', 'ACC': '1.0 (31 / 31)', 'TP': 12, 'FP': 0, 'FN': 0, 'TN': 19, 'Precision': '1.0 (12 / 12 + 0)', 'Recall': '1.0 (12 / 12 + 0)', 'F1': '1.0 (2 * (1.0 * 1.0) / 1.0 + 1.0)', 'Specificity': '1.0 (19 / 19 + 0)', 'AUC': 1.0, 'r2': 1.0}
2023-05-27 15:34:52,507 [INFO] Save test_prediction_log data...
2023-05-27 15:34:52,511 [INFO] {'Data': 'test', 'ACC': '0.71 (22 / 31)', 'TP': 10, 'FP': 7, 'FN': 2, 'TN': 12, 'Precision': '0.59 (10 / 10 + 7)', 'Recall': '0.83 (10 / 10 + 2)', 'F1': '0.69 (2 * (0.83 * 0.59) / 0.83 + 0.59)', 'Specificity': '0.63 (12 / 12 + 7)', 'AUC': 0.73, 'r2': -0.22}
2023-05-27 15:34:52,514 [INFO] Save training_log data...
2023-05-27 15:34:52,516 [INFO] Save score_log data...
2023-05-27 15:34:52,517 [INFO] Time : 3.8242685794830322
