2023-05-26 21:08:31,079 [INFO] Train data : Vary_params\DUD-E\MET\nG1_20\ECFP4_512bits\Standard\MET_train_vector.tsv
2023-05-26 21:08:31,079 [INFO] Valid data : Vary_params\DUD-E\MET\nG1_20\ECFP4_512bits\Standard\MET_valid_vector.tsv
2023-05-26 21:08:31,079 [INFO] Output path : Vary_params\DUD-E\MET\nG1_20\ECFP4_512bits\Standard\MET_model\SVM
2023-05-26 21:08:31,080 [INFO] Model type : SVM
2023-05-26 21:08:31,080 [INFO] Use cores : 10
2023-05-26 21:08:31,116 [INFO] Start Learning model
2023-05-26 21:08:31,116 [INFO] Train : 226 | Valid : 49
2023-05-26 21:08:31,116 [INFO] Set parameters : {'kernel': ['linear', 'rbf'], 'C': [0.01, 0.1, 1, 10, 100, 1000], 'gamma': [0.01, 0.1, 1, 100, 1000]}
2023-05-26 21:08:34,249 [INFO] GridSearchCV results :
    mean_valid_accuracy  mean_valid_precision  mean_valid_auc
0              0.973913                   1.0        0.972727
22             0.973913                   1.0        0.972727
26             0.973913                   1.0        0.972727
28             0.973913                   1.0        0.972727
31             0.775692                   1.0        0.766364
32             0.973913                   1.0        0.972727
34             0.973913                   1.0        0.972727
36             0.973913                   1.0        0.972727
38             0.973913                   1.0        0.972727
40             0.973913                   1.0        0.972727
41             0.775692                   1.0        0.766364
42             0.973913                   1.0        0.972727
44             0.973913                   1.0        0.972727
46             0.973913                   1.0        0.972727
48             0.973913                   1.0        0.972727
50             0.973913                   1.0        0.972727
51             0.775692                   1.0        0.766364
52             0.973913                   1.0        0.972727
54             0.973913                   1.0        0.972727
56             0.973913                   1.0        0.972727
58             0.973913                   1.0        0.972727
24             0.973913                   1.0        0.972727
30             0.973913                   1.0        0.972727
12             0.973913                   1.0        0.972727
2              0.973913                   1.0        0.972727
20             0.973913                   1.0        0.972727
21             0.735573                   1.0        0.725000
4              0.973913                   1.0        0.972727
18             0.973913                   1.0        0.972727
8              0.973913                   1.0        0.972727
10             0.973913                   1.0        0.972727
16             0.973913                   1.0        0.972727
6              0.973913                   1.0        0.972727
14             0.973913                   1.0        0.972727
49             0.522134                   0.0        0.500000
9              0.522134                   0.0        0.500000
47             0.522134                   0.0        0.500000
5              0.522134                   0.0        0.500000
7              0.522134                   0.0        0.500000
53             0.522134                   0.0        0.500000
55             0.522134                   0.0        0.500000
3              0.522134                   0.0        0.500000
57             0.522134                   0.0        0.500000
45             0.522134                   0.0        0.500000
23             0.522134                   0.0        0.500000
43             0.522134                   0.0        0.500000
11             0.522134                   0.0        0.500000
13             0.522134                   0.0        0.500000
39             0.522134                   0.0        0.500000
37             0.522134                   0.0        0.500000
15             0.522134                   0.0        0.500000
35             0.522134                   0.0        0.500000
33             0.522134                   0.0        0.500000
17             0.522134                   0.0        0.500000
1              0.522134                   0.0        0.500000
29             0.522134                   0.0        0.500000
19             0.522134                   0.0        0.500000
27             0.522134                   0.0        0.500000
25             0.522134                   0.0        0.500000
59             0.522134                   0.0        0.500000
2023-05-26 21:08:34,252 [INFO] Best model :
SVC(C=0.01, gamma=0.01, kernel='linear', random_state=42)
2023-05-26 21:08:34,259 [INFO] Save train_prediction_log data...
2023-05-26 21:08:34,262 [INFO] {'Data': 'train', 'ACC': '1.0 (226 / 226)', 'TP': 108, 'FP': 0, 'FN': 0, 'TN': 118, 'Precision': '1.0 (108 / 108 + 0)', 'Recall': '1.0 (108 / 108 + 0)', 'F1': '1.0 (2 * (1.0 * 1.0) / 1.0 + 1.0)', 'Specificity': '1.0 (118 / 118 + 0)', 'AUC': 1.0, 'r2': 1.0}
2023-05-26 21:08:34,267 [INFO] Save valid_prediction_log data...
2023-05-26 21:08:34,269 [INFO] {'Data': 'valid', 'ACC': '0.96 (47 / 49)', 'TP': 20, 'FP': 2, 'FN': 0, 'TN': 27, 'Precision': '0.91 (20 / 20 + 2)', 'Recall': '1.0 (20 / 20 + 0)', 'F1': '0.95 (2 * (1.0 * 0.91) / 1.0 + 0.91)', 'Specificity': '0.93 (27 / 27 + 2)', 'AUC': 0.97, 'r2': 0.83}
2023-05-26 21:08:34,286 [INFO] Save test_prediction_log data...
2023-05-26 21:08:34,288 [INFO] {'Data': 'test', 'ACC': '0.63 (31 / 49)', 'TP': 9, 'FP': 7, 'FN': 11, 'TN': 22, 'Precision': '0.56 (9 / 9 + 7)', 'Recall': '0.45 (9 / 9 + 11)', 'F1': '0.5 (2 * (0.45 * 0.56) / 0.45 + 0.56)', 'Specificity': '0.76 (22 / 22 + 7)', 'AUC': 0.6, 'r2': -0.52}
2023-05-26 21:08:34,290 [INFO] Save training_log data...
2023-05-26 21:08:34,291 [INFO] Save score_log data...
2023-05-26 21:08:34,292 [INFO] Time : 3.213000535964966
