2023-05-29 13:57:40,868 [INFO] Train data : Vary_params_CDK2_EGFR_LCK\DUD-E\LCK\nG1_80\ECFP4_512bits\Standard\LCK_train_vector.tsv
2023-05-29 13:57:40,868 [INFO] Valid data : Vary_params_CDK2_EGFR_LCK\DUD-E\LCK\nG1_80\ECFP4_512bits\Standard\LCK_valid_vector.tsv
2023-05-29 13:57:40,868 [INFO] Output path : Vary_params_CDK2_EGFR_LCK\DUD-E\LCK\nG1_80\ECFP4_512bits\Standard\LCK_model\SVM
2023-05-29 13:57:40,868 [INFO] Model type : SVM
2023-05-29 13:57:40,868 [INFO] Use cores : 19
2023-05-29 13:57:40,933 [INFO] Start Learning model
2023-05-29 13:57:40,933 [INFO] Train : 706 | Valid : 185
2023-05-29 13:57:40,933 [INFO] Set parameters : {'kernel': ['linear', 'rbf'], 'C': [0.01, 0.1, 1, 10, 100, 1000], 'gamma': [0.01, 0.1, 1, 100, 1000]}
2023-05-29 13:57:48,392 [INFO] GridSearchCV results :
    mean_valid_accuracy  mean_valid_precision  mean_valid_auc
21             0.689839              1.000000        0.585185
41             0.742314              1.000000        0.655484
31             0.742314              1.000000        0.655484
51             0.742314              1.000000        0.655484
26             0.984447              0.982011        0.983207
28             0.984447              0.982011        0.983207
32             0.984447              0.982011        0.983207
34             0.984447              0.982011        0.983207
36             0.984447              0.982011        0.983207
38             0.984447              0.982011        0.983207
40             0.984447              0.982011        0.983207
0              0.984447              0.982011        0.983207
24             0.984447              0.982011        0.983207
44             0.984447              0.982011        0.983207
46             0.984447              0.982011        0.983207
48             0.984447              0.982011        0.983207
50             0.984447              0.982011        0.983207
52             0.984447              0.982011        0.983207
54             0.984447              0.982011        0.983207
56             0.984447              0.982011        0.983207
58             0.984447              0.982011        0.983207
42             0.984447              0.982011        0.983207
30             0.984447              0.982011        0.983207
12             0.984447              0.982011        0.983207
2              0.984447              0.982011        0.983207
20             0.984447              0.982011        0.983207
22             0.984447              0.982011        0.983207
4              0.984447              0.982011        0.983207
18             0.984447              0.982011        0.983207
8              0.984447              0.982011        0.983207
10             0.984447              0.982011        0.983207
16             0.984447              0.982011        0.983207
6              0.984447              0.982011        0.983207
14             0.984447              0.982011        0.983207
49             0.626076              0.000000        0.500000
9              0.626076              0.000000        0.500000
47             0.626076              0.000000        0.500000
5              0.626076              0.000000        0.500000
7              0.626076              0.000000        0.500000
53             0.626076              0.000000        0.500000
55             0.626076              0.000000        0.500000
3              0.626076              0.000000        0.500000
57             0.626076              0.000000        0.500000
45             0.626076              0.000000        0.500000
23             0.626076              0.000000        0.500000
43             0.626076              0.000000        0.500000
11             0.626076              0.000000        0.500000
13             0.626076              0.000000        0.500000
39             0.626076              0.000000        0.500000
37             0.626076              0.000000        0.500000
15             0.626076              0.000000        0.500000
35             0.626076              0.000000        0.500000
33             0.626076              0.000000        0.500000
17             0.626076              0.000000        0.500000
1              0.626076              0.000000        0.500000
29             0.626076              0.000000        0.500000
19             0.626076              0.000000        0.500000
27             0.626076              0.000000        0.500000
25             0.626076              0.000000        0.500000
59             0.626076              0.000000        0.500000
2023-05-29 13:57:48,392 [INFO] Best model :
SVC(C=1, gamma=0.01, random_state=42)
2023-05-29 13:57:48,469 [INFO] Save train_prediction_log data...
2023-05-29 13:57:48,472 [INFO] {'Data': 'train', 'ACC': '1.0 (706 / 706)', 'TP': 264, 'FP': 0, 'FN': 0, 'TN': 442, 'Precision': '1.0 (264 / 264 + 0)', 'Recall': '1.0 (264 / 264 + 0)', 'F1': '1.0 (2 * (1.0 * 1.0) / 1.0 + 1.0)', 'Specificity': '1.0 (442 / 442 + 0)', 'AUC': 1.0, 'r2': 1.0}
2023-05-29 13:57:48,494 [INFO] Save valid_prediction_log data...
2023-05-29 13:57:48,496 [INFO] {'Data': 'valid', 'ACC': '0.88 (162 / 185)', 'TP': 51, 'FP': 0, 'FN': 23, 'TN': 111, 'Precision': '1.0 (51 / 51 + 0)', 'Recall': '0.69 (51 / 51 + 23)', 'F1': '0.82 (2 * (0.69 * 1.0) / 0.69 + 1.0)', 'Specificity': '1.0 (111 / 111 + 0)', 'AUC': 0.84, 'r2': 0.48}
2023-05-29 13:57:48,535 [INFO] Save test_prediction_log data...
2023-05-29 13:57:48,537 [INFO] {'Data': 'test', 'ACC': '0.64 (118 / 185)', 'TP': 8, 'FP': 1, 'FN': 66, 'TN': 110, 'Precision': '0.89 (8 / 8 + 1)', 'Recall': '0.11 (8 / 8 + 66)', 'F1': '0.2 (2 * (0.11 * 0.89) / 0.11 + 0.89)', 'Specificity': '0.99 (110 / 110 + 1)', 'AUC': 0.55, 'r2': -0.51}
2023-05-29 13:57:48,540 [INFO] Save training_log data...
2023-05-29 13:57:48,542 [INFO] Save score_log data...
2023-05-29 13:57:48,543 [INFO] Time : 7.675827503204346
