2023-05-26 21:30:47,300 [INFO] Train data : Vary_params\DUD-E\MET\nG1_20\ECFP4_512bits\MinMax\MET_train_vector.tsv
2023-05-26 21:30:47,300 [INFO] Valid data : Vary_params\DUD-E\MET\nG1_20\ECFP4_512bits\MinMax\MET_valid_vector.tsv
2023-05-26 21:30:47,300 [INFO] Output path : Vary_params\DUD-E\MET\nG1_20\ECFP4_512bits\MinMax\MET_model\MLP
2023-05-26 21:30:47,300 [INFO] Model type : MLP
2023-05-26 21:30:47,300 [INFO] Use cores : 10
2023-05-26 21:30:47,324 [INFO] Start Learning model
2023-05-26 21:30:47,324 [INFO] Train : 226 | Valid : 49
2023-05-26 21:30:47,324 [INFO] Set parameters : {'hidden_layer_sizes': [(50,), (100,), (50, 50), (100, 100)], 'learning_rate': ['constant', 'invscaling', 'adaptive'], 'activation': ['relu', 'identity', 'logistic', 'tanh'], 'solver': ['adam', 'sgd', 'lbfgs'], 'alpha': [0.1, 0.01, 0.001], 'max_iter': [500, 1000], 'early_stopping': [True]}
2023-05-26 21:33:26,083 [INFO] GridSearchCV results :
     mean_valid_accuracy  mean_valid_precision  mean_valid_auc
395             0.973913              0.990909        0.973106
815             0.973913              0.990909        0.973106
812             0.973913              0.990909        0.973106
389             0.973913              0.990909        0.973106
386             0.973913              0.990909        0.973106
..                   ...                   ...             ...
181             0.522134              0.000000        0.500000
115             0.522134              0.000000        0.500000
490             0.522134              0.000000        0.500000
493             0.522134              0.000000        0.500000
634             0.522134              0.000000        0.500000

[864 rows x 3 columns]
2023-05-26 21:33:26,085 [INFO] Best model :
MLPClassifier(alpha=0.1, early_stopping=True, max_iter=500, random_state=42,
              solver='lbfgs')
2023-05-26 21:33:26,091 [INFO] Save train_prediction_log data...
2023-05-26 21:33:26,095 [INFO] {'Data': 'train', 'ACC': '1.0 (226 / 226)', 'TP': 108, 'FP': 0, 'FN': 0, 'TN': 118, 'Precision': '1.0 (108 / 108 + 0)', 'Recall': '1.0 (108 / 108 + 0)', 'F1': '1.0 (2 * (1.0 * 1.0) / 1.0 + 1.0)', 'Specificity': '1.0 (118 / 118 + 0)', 'AUC': 1.0, 'r2': 1.0}
2023-05-26 21:33:26,100 [INFO] Save valid_prediction_log data...
2023-05-26 21:33:26,102 [INFO] {'Data': 'valid', 'ACC': '0.98 (48 / 49)', 'TP': 20, 'FP': 1, 'FN': 0, 'TN': 28, 'Precision': '0.95 (20 / 20 + 1)', 'Recall': '1.0 (20 / 20 + 0)', 'F1': '0.97 (2 * (1.0 * 0.95) / 1.0 + 0.95)', 'Specificity': '0.97 (28 / 28 + 1)', 'AUC': 0.98, 'r2': 0.92}
2023-05-26 21:33:26,121 [INFO] Save test_prediction_log data...
2023-05-26 21:33:26,124 [INFO] {'Data': 'test', 'ACC': '0.59 (29 / 49)', 'TP': 9, 'FP': 9, 'FN': 11, 'TN': 20, 'Precision': '0.5 (9 / 9 + 9)', 'Recall': '0.45 (9 / 9 + 11)', 'F1': '0.47 (2 * (0.45 * 0.5) / 0.45 + 0.5)', 'Specificity': '0.69 (20 / 20 + 9)', 'AUC': 0.57, 'r2': -0.69}
2023-05-26 21:33:26,127 [INFO] Save training_log data...
2023-05-26 21:33:26,131 [INFO] Save score_log data...
2023-05-26 21:33:26,132 [INFO] Time : 158.83226442337036
