2023-05-29 09:43:10,935 [INFO] Train data : Vary_params_BRAF_MK14\DUD-E\BRAF\nG1_80\ECFP4_256bits\MinMax\BRAF_train_vector.tsv
2023-05-29 09:43:10,935 [INFO] Valid data : Vary_params_BRAF_MK14\DUD-E\BRAF\nG1_80\ECFP4_256bits\MinMax\BRAF_valid_vector.tsv
2023-05-29 09:43:10,935 [INFO] Output path : Vary_params_BRAF_MK14\DUD-E\BRAF\nG1_80\ECFP4_256bits\MinMax\BRAF_model\MLP
2023-05-29 09:43:10,935 [INFO] Model type : MLP
2023-05-29 09:43:10,935 [INFO] Use cores : 12
2023-05-29 09:43:10,949 [INFO] Start Learning model
2023-05-29 09:43:10,949 [INFO] Train : 171 | Valid : 50
2023-05-29 09:43:10,949 [INFO] Set parameters : {'hidden_layer_sizes': [(50,), (100,), (50, 50), (100, 100)], 'learning_rate': ['constant', 'invscaling', 'adaptive'], 'activation': ['relu', 'identity', 'logistic', 'tanh'], 'solver': ['adam', 'sgd', 'lbfgs'], 'alpha': [0.1, 0.01, 0.001], 'max_iter': [500, 1000], 'early_stopping': [True]}
2023-05-29 09:45:49,057 [INFO] GridSearchCV results :
     mean_valid_accuracy  mean_valid_precision  mean_valid_auc
687             0.930719                   1.0            0.88
699             0.930719                   1.0            0.88
284             0.988562                   1.0            0.98
210             0.947386                   1.0            0.91
207             0.947386                   1.0            0.91
..                   ...                   ...             ...
619             0.707516                   0.0            0.50
474             0.707516                   0.0            0.50
621             0.707516                   0.0            0.50
622             0.707516                   0.0            0.50
523             0.707516                   0.0            0.50

[864 rows x 3 columns]
2023-05-29 09:45:49,058 [INFO] Best model :
MLPClassifier(alpha=0.1, early_stopping=True, hidden_layer_sizes=(100, 100),
              max_iter=500, random_state=42)
2023-05-29 09:45:49,062 [INFO] Save train_prediction_log data...
2023-05-29 09:45:49,089 [INFO] {'Data': 'train', 'ACC': '0.98 (167 / 171)', 'TP': 46, 'FP': 0, 'FN': 4, 'TN': 121, 'Precision': '1.0 (46 / 46 + 0)', 'Recall': '0.92 (46 / 46 + 4)', 'F1': '0.96 (2 * (0.92 * 1.0) / 0.92 + 1.0)', 'Specificity': '1.0 (121 / 121 + 0)', 'AUC': 0.96, 'r2': 0.89}
2023-05-29 09:45:49,093 [INFO] Save valid_prediction_log data...
2023-05-29 09:45:49,095 [INFO] {'Data': 'valid', 'ACC': '0.98 (49 / 50)', 'TP': 19, 'FP': 0, 'FN': 1, 'TN': 30, 'Precision': '1.0 (19 / 19 + 0)', 'Recall': '0.95 (19 / 19 + 1)', 'F1': '0.97 (2 * (0.95 * 1.0) / 0.95 + 1.0)', 'Specificity': '1.0 (30 / 30 + 0)', 'AUC': 0.98, 'r2': 0.92}
2023-05-29 09:45:49,104 [INFO] Save test_prediction_log data...
2023-05-29 09:45:49,106 [INFO] {'Data': 'test', 'ACC': '0.64 (32 / 50)', 'TP': 4, 'FP': 2, 'FN': 16, 'TN': 28, 'Precision': '0.67 (4 / 4 + 2)', 'Recall': '0.2 (4 / 4 + 16)', 'F1': '0.31 (2 * (0.2 * 0.67) / 0.2 + 0.67)', 'Specificity': '0.93 (28 / 28 + 2)', 'AUC': 0.57, 'r2': -0.5}
2023-05-29 09:45:49,109 [INFO] Save training_log data...
2023-05-29 09:45:49,114 [INFO] Save score_log data...
2023-05-29 09:45:49,115 [INFO] Time : 158.18014788627625
