2023-05-27 18:25:27,485 [INFO] Train data : Vary_params\DUD-E\AKT2\nG1_50\ECFP6_256bits\Standard\AKT2_train_vector.tsv
2023-05-27 18:25:27,485 [INFO] Valid data : Vary_params\DUD-E\AKT2\nG1_50\ECFP6_256bits\Standard\AKT2_valid_vector.tsv
2023-05-27 18:25:27,485 [INFO] Output path : Vary_params\DUD-E\AKT2\nG1_50\ECFP6_256bits\Standard\AKT2_model\SVM
2023-05-27 18:25:27,485 [INFO] Model type : SVM
2023-05-27 18:25:27,485 [INFO] Use cores : 11
2023-05-27 18:25:27,504 [INFO] Start Learning model
2023-05-27 18:25:27,504 [INFO] Train : 125 | Valid : 31
2023-05-27 18:25:27,504 [INFO] Set parameters : {'kernel': ['linear', 'rbf'], 'C': [0.01, 0.1, 1, 10, 100, 1000], 'gamma': [0.01, 0.1, 1, 100, 1000]}
2023-05-27 18:25:30,795 [INFO] GridSearchCV results :
    mean_valid_accuracy  mean_valid_precision  mean_valid_auc
21             0.849359              1.000000        0.810000
41             0.889744              1.000000        0.860000
31             0.889744              1.000000        0.860000
51             0.889744              1.000000        0.860000
26             0.960897              0.966667        0.956607
28             0.960897              0.966667        0.956607
32             0.960897              0.966667        0.956607
34             0.960897              0.966667        0.956607
36             0.960897              0.966667        0.956607
38             0.960897              0.966667        0.956607
40             0.960897              0.966667        0.956607
0              0.960897              0.966667        0.956607
24             0.960897              0.966667        0.956607
44             0.960897              0.966667        0.956607
46             0.960897              0.966667        0.956607
48             0.960897              0.966667        0.956607
50             0.960897              0.966667        0.956607
52             0.960897              0.966667        0.956607
54             0.960897              0.966667        0.956607
56             0.960897              0.966667        0.956607
58             0.960897              0.966667        0.956607
42             0.960897              0.966667        0.956607
30             0.960897              0.966667        0.956607
12             0.960897              0.966667        0.956607
2              0.960897              0.966667        0.956607
20             0.960897              0.966667        0.956607
22             0.960897              0.966667        0.956607
4              0.960897              0.966667        0.956607
18             0.960897              0.966667        0.956607
8              0.960897              0.966667        0.956607
10             0.960897              0.966667        0.956607
16             0.960897              0.966667        0.956607
6              0.960897              0.966667        0.956607
14             0.960897              0.966667        0.956607
49             0.599359              0.000000        0.500000
9              0.599359              0.000000        0.500000
47             0.599359              0.000000        0.500000
5              0.599359              0.000000        0.500000
7              0.599359              0.000000        0.500000
53             0.599359              0.000000        0.500000
55             0.599359              0.000000        0.500000
3              0.599359              0.000000        0.500000
57             0.599359              0.000000        0.500000
45             0.599359              0.000000        0.500000
23             0.599359              0.000000        0.500000
43             0.599359              0.000000        0.500000
11             0.599359              0.000000        0.500000
13             0.599359              0.000000        0.500000
39             0.599359              0.000000        0.500000
37             0.599359              0.000000        0.500000
15             0.599359              0.000000        0.500000
35             0.599359              0.000000        0.500000
33             0.599359              0.000000        0.500000
17             0.599359              0.000000        0.500000
1              0.599359              0.000000        0.500000
29             0.599359              0.000000        0.500000
19             0.599359              0.000000        0.500000
27             0.599359              0.000000        0.500000
25             0.599359              0.000000        0.500000
59             0.599359              0.000000        0.500000
2023-05-27 18:25:30,797 [INFO] Best model :
SVC(C=1, gamma=0.01, random_state=42)
2023-05-27 18:25:30,806 [INFO] Save train_prediction_log data...
2023-05-27 18:25:30,812 [INFO] {'Data': 'train', 'ACC': '1.0 (125 / 125)', 'TP': 50, 'FP': 0, 'FN': 0, 'TN': 75, 'Precision': '1.0 (50 / 50 + 0)', 'Recall': '1.0 (50 / 50 + 0)', 'F1': '1.0 (2 * (1.0 * 1.0) / 1.0 + 1.0)', 'Specificity': '1.0 (75 / 75 + 0)', 'AUC': 1.0, 'r2': 1.0}
2023-05-27 18:25:30,821 [INFO] Save valid_prediction_log data...
2023-05-27 18:25:30,823 [INFO] {'Data': 'valid', 'ACC': '1.0 (31 / 31)', 'TP': 12, 'FP': 0, 'FN': 0, 'TN': 19, 'Precision': '1.0 (12 / 12 + 0)', 'Recall': '1.0 (12 / 12 + 0)', 'F1': '1.0 (2 * (1.0 * 1.0) / 1.0 + 1.0)', 'Specificity': '1.0 (19 / 19 + 0)', 'AUC': 1.0, 'r2': 1.0}
2023-05-27 18:25:30,834 [INFO] Save test_prediction_log data...
2023-05-27 18:25:30,838 [INFO] {'Data': 'test', 'ACC': '0.77 (24 / 31)', 'TP': 5, 'FP': 0, 'FN': 7, 'TN': 19, 'Precision': '1.0 (5 / 5 + 0)', 'Recall': '0.42 (5 / 5 + 7)', 'F1': '0.59 (2 * (0.42 * 1.0) / 0.42 + 1.0)', 'Specificity': '1.0 (19 / 19 + 0)', 'AUC': 0.71, 'r2': 0.05}
2023-05-27 18:25:30,841 [INFO] Save training_log data...
2023-05-27 18:25:30,843 [INFO] Save score_log data...
2023-05-27 18:25:30,843 [INFO] Time : 3.357943534851074
