2023-05-28 11:18:05,770 [INFO] Train data : Vary_params_CDK2_EGFR_LCK\DUD-E\EGFR\nG1_20\ECFP6_512bits\Robust\EGFR_train_vector.tsv
2023-05-28 11:18:05,770 [INFO] Valid data : Vary_params_CDK2_EGFR_LCK\DUD-E\EGFR\nG1_20\ECFP6_512bits\Robust\EGFR_valid_vector.tsv
2023-05-28 11:18:05,770 [INFO] Output path : Vary_params_CDK2_EGFR_LCK\DUD-E\EGFR\nG1_20\ECFP6_512bits\Robust\EGFR_model\RF
2023-05-28 11:18:05,770 [INFO] Model type : RF
2023-05-28 11:18:05,770 [INFO] Use cores : 19
2023-05-28 11:18:05,806 [INFO] Start Learning model
2023-05-28 11:18:05,806 [INFO] Train : 900 | Valid : 218
2023-05-28 11:18:05,806 [INFO] Set parameters : {'max_depth': [6, 8, 10, 12], 'max_features': ['sqrt', 'log2'], 'min_samples_leaf': [2, 4, 8, 10], 'min_samples_split': [2, 4, 8, 10], 'n_estimators': [200, 600, 1000]}
2023-05-28 11:21:54,775 [INFO] GridSearchCV results :
     mean_valid_accuracy  mean_valid_precision  mean_valid_auc
342             0.945556              1.000000        0.935242
339             0.945556              1.000000        0.935277
336             0.945556              1.000000        0.935277
192             0.946667              0.997222        0.936912
294             0.951111              0.997222        0.942211
..                   ...                   ...             ...
46              0.936667              0.994018        0.925388
47              0.937778              0.994018        0.926740
40              0.936667              0.994018        0.925388
38              0.937778              0.994018        0.926740
37              0.936667              0.994018        0.925388

[384 rows x 3 columns]
2023-05-28 11:21:54,775 [INFO] Best model :
RandomForestClassifier(class_weight='balanced', max_depth=12,
                       max_features='log2', min_samples_leaf=2,
                       n_estimators=200, random_state=42)
2023-05-28 11:21:54,800 [INFO] Save train_prediction_log data...
2023-05-28 11:21:54,803 [INFO] {'Data': 'train', 'ACC': '0.99 (887 / 900)', 'TP': 365, 'FP': 0, 'FN': 13, 'TN': 522, 'Precision': '1.0 (365 / 365 + 0)', 'Recall': '0.97 (365 / 365 + 13)', 'F1': '0.98 (2 * (0.97 * 1.0) / 0.97 + 1.0)', 'Specificity': '1.0 (522 / 522 + 0)', 'AUC': 0.98, 'r2': 0.94}
2023-05-28 11:21:54,816 [INFO] Save valid_prediction_log data...
2023-05-28 11:21:54,818 [INFO] {'Data': 'valid', 'ACC': '1.0 (217 / 218)', 'TP': 86, 'FP': 0, 'FN': 1, 'TN': 131, 'Precision': '1.0 (86 / 86 + 0)', 'Recall': '0.99 (86 / 86 + 1)', 'F1': '0.99 (2 * (0.99 * 1.0) / 0.99 + 1.0)', 'Specificity': '1.0 (131 / 131 + 0)', 'AUC': 0.99, 'r2': 0.98}
2023-05-28 11:21:54,842 [INFO] Save test_prediction_log data...
2023-05-28 11:21:54,845 [INFO] {'Data': 'test', 'ACC': '0.67 (145 / 218)', 'TP': 34, 'FP': 20, 'FN': 53, 'TN': 111, 'Precision': '0.63 (34 / 34 + 20)', 'Recall': '0.39 (34 / 34 + 53)', 'F1': '0.48 (2 * (0.39 * 0.63) / 0.39 + 0.63)', 'Specificity': '0.85 (111 / 111 + 20)', 'AUC': 0.62, 'r2': -0.4}
2023-05-28 11:21:54,875 [INFO] Save training_log data...
2023-05-28 11:21:54,879 [INFO] Save score_log data...
2023-05-28 11:21:54,880 [INFO] Time : 229.10986709594727
