2023-05-28 13:32:38,308 [INFO] Train data : Vary_params_IGF1R_KIT\DUD-E\KIT\nG1_20\ECFP4_512bits\Robust\KIT_train_vector.tsv
2023-05-28 13:32:38,308 [INFO] Valid data : Vary_params_IGF1R_KIT\DUD-E\KIT\nG1_20\ECFP4_512bits\Robust\KIT_valid_vector.tsv
2023-05-28 13:32:38,308 [INFO] Output path : Vary_params_IGF1R_KIT\DUD-E\KIT\nG1_20\ECFP4_512bits\Robust\KIT_model\XGB
2023-05-28 13:32:38,308 [INFO] Model type : XGB
2023-05-28 13:32:38,308 [INFO] Use cores : 10
2023-05-28 13:32:38,330 [INFO] Start Learning model
2023-05-28 13:32:38,330 [INFO] Train : 262 | Valid : 58
2023-05-28 13:32:38,331 [INFO] Set parameters : {'max_depth': [4, 6, 8], 'learning_rate': [0.01, 0.2], 'n_estimators': [200, 600, 1000], 'gamma': [0, 1000], 'min_child_weight': [1, 3], 'subsample': [0.5, 1], 'colsample_bytree': [0.5, 1], 'objective': ['binary:logitraw'], 'eval_metric': ['auc', 'error']}
2023-05-28 13:49:54,051 [INFO] GridSearchCV results :
     mean_valid_accuracy  mean_valid_precision  mean_valid_auc
292             0.954701              0.992308        0.953800
40              0.962251              0.992308        0.961172
323             0.954416              0.992308        0.953480
311             0.954416              0.992308        0.953480
304             0.958547              0.992308        0.957647
..                   ...                   ...             ...
108             0.530627              0.000000        0.500000
109             0.530627              0.000000        0.500000
110             0.530627              0.000000        0.500000
111             0.530627              0.000000        0.500000
575             0.530627              0.000000        0.500000

[576 rows x 3 columns]
2023-05-28 13:49:54,053 [INFO] Best model :
XGBClassifier(base_score=None, booster=None, callbacks=None,
              colsample_bylevel=None, colsample_bynode=None,
              colsample_bytree=0.5, early_stopping_rounds=None,
              enable_categorical=False, eval_metric='auc', feature_types=None,
              gamma=0, gpu_id=None, grow_policy=None, importance_type=None,
              interaction_constraints=None, learning_rate=0.01, max_bin=None,
              max_cat_threshold=None, max_cat_to_onehot=None,
              max_delta_step=None, max_depth=4, max_leaves=None,
              min_child_weight=3, missing=nan, monotone_constraints=None,
              n_estimators=600, n_jobs=0, num_parallel_tree=None,
              objective='binary:logitraw', predictor=None, ...)
2023-05-28 13:49:54,068 [INFO] Save train_prediction_log data...
2023-05-28 13:49:54,072 [INFO] {'Data': 'train', 'ACC': '0.98 (258 / 262)', 'TP': 119, 'FP': 0, 'FN': 4, 'TN': 139, 'Precision': '1.0 (119 / 119 + 0)', 'Recall': '0.97 (119 / 119 + 4)', 'F1': '0.98 (2 * (0.97 * 1.0) / 0.97 + 1.0)', 'Specificity': '1.0 (139 / 139 + 0)', 'AUC': 0.98, 'r2': 0.94}
2023-05-28 13:49:54,086 [INFO] Save valid_prediction_log data...
2023-05-28 13:49:54,088 [INFO] {'Data': 'valid', 'ACC': '0.97 (56 / 58)', 'TP': 23, 'FP': 2, 'FN': 0, 'TN': 33, 'Precision': '0.92 (23 / 23 + 2)', 'Recall': '1.0 (23 / 23 + 0)', 'F1': '0.96 (2 * (1.0 * 0.92) / 1.0 + 0.92)', 'Specificity': '0.94 (33 / 33 + 2)', 'AUC': 0.97, 'r2': 0.86}
2023-05-28 13:49:54,115 [INFO] Save test_prediction_log data...
2023-05-28 13:49:54,117 [INFO] {'Data': 'test', 'ACC': '0.66 (38 / 58)', 'TP': 11, 'FP': 8, 'FN': 12, 'TN': 27, 'Precision': '0.58 (11 / 11 + 8)', 'Recall': '0.48 (11 / 11 + 12)', 'F1': '0.53 (2 * (0.48 * 0.58) / 0.48 + 0.58)', 'Specificity': '0.77 (27 / 27 + 8)', 'AUC': 0.62, 'r2': -0.44}
2023-05-28 13:49:54,126 [INFO] Save training_log data...
2023-05-28 13:49:54,130 [INFO] Save score_log data...
2023-05-28 13:49:54,130 [INFO] Time : 1035.8225317001343
