2023-05-31 04:30:44,783 [INFO] Train data : Vary_params_BRAF_MK14\DUD-E\MK14\nG1_80\ECFP6_512bits\MinMax\MK14_train_vector.tsv
2023-05-31 04:30:44,783 [INFO] Valid data : Vary_params_BRAF_MK14\DUD-E\MK14\nG1_80\ECFP6_512bits\MinMax\MK14_valid_vector.tsv
2023-05-31 04:30:44,783 [INFO] Output path : Vary_params_BRAF_MK14\DUD-E\MK14\nG1_80\ECFP6_512bits\MinMax\MK14_model\MLP
2023-05-31 04:30:44,783 [INFO] Model type : MLP
2023-05-31 04:30:44,783 [INFO] Use cores : 10
2023-05-31 04:30:44,828 [INFO] Start Learning model
2023-05-31 04:30:44,828 [INFO] Train : 871 | Valid : 225
2023-05-31 04:30:44,829 [INFO] Set parameters : {'hidden_layer_sizes': [(50,), (100,), (50, 50), (100, 100)], 'learning_rate': ['constant', 'invscaling', 'adaptive'], 'activation': ['relu', 'identity', 'logistic', 'tanh'], 'solver': ['adam', 'sgd', 'lbfgs'], 'alpha': [0.1, 0.01, 0.001], 'max_iter': [500, 1000], 'early_stopping': [True]}
2023-05-31 04:45:07,870 [INFO] GridSearchCV results :
     mean_valid_accuracy  mean_valid_precision  mean_valid_auc
528             0.940282              0.993833        0.922407
465             0.942581              0.993833        0.925438
459             0.942581              0.993833        0.925438
456             0.942581              0.993833        0.925438
522             0.940282              0.993833        0.922407
..                   ...                   ...             ...
628             0.621121              0.000000        0.500000
118             0.621121              0.000000        0.500000
631             0.621121              0.000000        0.500000
460             0.621121              0.000000        0.500000
523             0.621121              0.000000        0.500000

[864 rows x 3 columns]
2023-05-31 04:45:07,871 [INFO] Best model :
MLPClassifier(activation='logistic', alpha=0.1, early_stopping=True,
              max_iter=500, random_state=42)
2023-05-31 04:45:07,884 [INFO] Save train_prediction_log data...
2023-05-31 04:45:07,888 [INFO] {'Data': 'train', 'ACC': '0.98 (857 / 871)', 'TP': 317, 'FP': 1, 'FN': 13, 'TN': 540, 'Precision': '1.0 (317 / 317 + 1)', 'Recall': '0.96 (317 / 317 + 13)', 'F1': '0.98 (2 * (0.96 * 1.0) / 0.96 + 1.0)', 'Specificity': '1.0 (540 / 540 + 1)', 'AUC': 0.98, 'r2': 0.93}
2023-05-31 04:45:07,894 [INFO] Save valid_prediction_log data...
2023-05-31 04:45:07,897 [INFO] {'Data': 'valid', 'ACC': '0.99 (222 / 225)', 'TP': 88, 'FP': 1, 'FN': 2, 'TN': 134, 'Precision': '0.99 (88 / 88 + 1)', 'Recall': '0.98 (88 / 88 + 2)', 'F1': '0.98 (2 * (0.98 * 0.99) / 0.98 + 0.99)', 'Specificity': '0.99 (134 / 134 + 1)', 'AUC': 0.99, 'r2': 0.94}
2023-05-31 04:45:07,918 [INFO] Save test_prediction_log data...
2023-05-31 04:45:07,920 [INFO] {'Data': 'test', 'ACC': '0.65 (147 / 225)', 'TP': 56, 'FP': 44, 'FN': 34, 'TN': 91, 'Precision': '0.56 (56 / 56 + 44)', 'Recall': '0.62 (56 / 56 + 34)', 'F1': '0.59 (2 * (0.62 * 0.56) / 0.62 + 0.56)', 'Specificity': '0.67 (91 / 91 + 44)', 'AUC': 0.65, 'r2': -0.44}
2023-05-31 04:45:08,308 [INFO] Save training_log data...
2023-05-31 04:45:08,427 [INFO] Save score_log data...
2023-05-31 04:45:08,428 [INFO] Time : 863.6458368301392
