2023-05-29 02:26:53,121 [INFO] Train data : Vary_params\DUD-E\KPCB\nG1_20\ECFP6_256bits\MinMax\KPCB_train_vector.tsv
2023-05-29 02:26:53,121 [INFO] Valid data : Vary_params\DUD-E\KPCB\nG1_20\ECFP6_256bits\MinMax\KPCB_valid_vector.tsv
2023-05-29 02:26:53,121 [INFO] Output path : Vary_params\DUD-E\KPCB\nG1_20\ECFP6_256bits\MinMax\KPCB_model\MLP
2023-05-29 02:26:53,121 [INFO] Model type : MLP
2023-05-29 02:26:53,122 [INFO] Use cores : 11
2023-05-29 02:26:53,138 [INFO] Start Learning model
2023-05-29 02:26:53,138 [INFO] Train : 198 | Valid : 42
2023-05-29 02:26:53,138 [INFO] Set parameters : {'hidden_layer_sizes': [(50,), (100,), (50, 50), (100, 100)], 'learning_rate': ['constant', 'invscaling', 'adaptive'], 'activation': ['relu', 'identity', 'logistic', 'tanh'], 'solver': ['adam', 'sgd', 'lbfgs'], 'alpha': [0.1, 0.01, 0.001], 'max_iter': [500, 1000], 'early_stopping': [True]}
2023-05-29 02:29:14,097 [INFO] GridSearchCV results :
     mean_valid_accuracy  mean_valid_precision  mean_valid_auc
618             0.905000                  0.98        0.903889
612             0.905000                  0.98        0.903889
540             0.910000                  0.98        0.908889
543             0.910000                  0.98        0.908889
546             0.910000                  0.98        0.908889
..                   ...                   ...             ...
475             0.510263                  0.00        0.500000
616             0.510263                  0.00        0.500000
478             0.510263                  0.00        0.500000
460             0.510263                  0.00        0.500000
613             0.510263                  0.00        0.500000

[864 rows x 3 columns]
2023-05-29 02:29:14,098 [INFO] Best model :
MLPClassifier(activation='logistic', alpha=0.01, early_stopping=True,
              hidden_layer_sizes=(50, 50), max_iter=500, random_state=42)
2023-05-29 02:29:14,105 [INFO] Save train_prediction_log data...
2023-05-29 02:29:14,110 [INFO] {'Data': 'train', 'ACC': '0.93 (184 / 198)', 'TP': 83, 'FP': 0, 'FN': 14, 'TN': 101, 'Precision': '1.0 (83 / 83 + 0)', 'Recall': '0.86 (83 / 83 + 14)', 'F1': '0.92 (2 * (0.86 * 1.0) / 0.86 + 1.0)', 'Specificity': '1.0 (101 / 101 + 0)', 'AUC': 0.93, 'r2': 0.72}
2023-05-29 02:29:14,115 [INFO] Save valid_prediction_log data...
2023-05-29 02:29:14,118 [INFO] {'Data': 'valid', 'ACC': '1.0 (42 / 42)', 'TP': 17, 'FP': 0, 'FN': 0, 'TN': 25, 'Precision': '1.0 (17 / 17 + 0)', 'Recall': '1.0 (17 / 17 + 0)', 'F1': '1.0 (2 * (1.0 * 1.0) / 1.0 + 1.0)', 'Specificity': '1.0 (25 / 25 + 0)', 'AUC': 1.0, 'r2': 1.0}
2023-05-29 02:29:14,132 [INFO] Save test_prediction_log data...
2023-05-29 02:29:14,143 [INFO] {'Data': 'test', 'ACC': '0.76 (32 / 42)', 'TP': 8, 'FP': 1, 'FN': 9, 'TN': 24, 'Precision': '0.89 (8 / 8 + 1)', 'Recall': '0.47 (8 / 8 + 9)', 'F1': '0.62 (2 * (0.47 * 0.89) / 0.47 + 0.89)', 'Specificity': '0.96 (24 / 24 + 1)', 'AUC': 0.72, 'r2': 0.01}
2023-05-29 02:29:14,147 [INFO] Save training_log data...
2023-05-29 02:29:14,152 [INFO] Save score_log data...
2023-05-29 02:29:14,153 [INFO] Time : 141.03161478042603
