2023-05-28 22:42:18,377 [INFO] Train data : Vary_params_A\DUD-E\MK10\nG1_80\ECFP4_256bits\Standard\MK10_train_vector.tsv
2023-05-28 22:42:18,377 [INFO] Valid data : Vary_params_A\DUD-E\MK10\nG1_80\ECFP4_256bits\Standard\MK10_valid_vector.tsv
2023-05-28 22:42:18,377 [INFO] Output path : Vary_params_A\DUD-E\MK10\nG1_80\ECFP4_256bits\Standard\MK10_model\SVM
2023-05-28 22:42:18,377 [INFO] Model type : SVM
2023-05-28 22:42:18,377 [INFO] Use cores : 3
2023-05-28 22:42:18,401 [INFO] Start Learning model
2023-05-28 22:42:18,401 [INFO] Train : 74 | Valid : 26
2023-05-28 22:42:18,402 [INFO] Set parameters : {'kernel': ['linear', 'rbf'], 'C': [0.01, 0.1, 1, 10, 100, 1000], 'gamma': [0.01, 0.1, 1, 100, 1000]}
2023-05-28 22:42:22,750 [INFO] GridSearchCV results :
    mean_valid_accuracy  mean_valid_precision  mean_valid_auc
0              0.950000                   0.8            0.85
20             0.950000                   0.8            0.85
24             0.950000                   0.8            0.85
26             0.950000                   0.8            0.85
28             0.950000                   0.8            0.85
32             0.950000                   0.8            0.85
34             0.950000                   0.8            0.85
36             0.950000                   0.8            0.85
38             0.950000                   0.8            0.85
40             0.950000                   0.8            0.85
42             0.950000                   0.8            0.85
44             0.950000                   0.8            0.85
46             0.950000                   0.8            0.85
48             0.950000                   0.8            0.85
50             0.950000                   0.8            0.85
52             0.950000                   0.8            0.85
54             0.950000                   0.8            0.85
56             0.950000                   0.8            0.85
58             0.950000                   0.8            0.85
22             0.950000                   0.8            0.85
30             0.950000                   0.8            0.85
10             0.950000                   0.8            0.85
2              0.950000                   0.8            0.85
18             0.950000                   0.8            0.85
8              0.950000                   0.8            0.85
16             0.950000                   0.8            0.85
4              0.950000                   0.8            0.85
12             0.950000                   0.8            0.85
6              0.950000                   0.8            0.85
14             0.950000                   0.8            0.85
49             0.839286                   0.0            0.50
9              0.839286                   0.0            0.50
45             0.839286                   0.0            0.50
47             0.839286                   0.0            0.50
7              0.839286                   0.0            0.50
21             0.839286                   0.0            0.50
43             0.839286                   0.0            0.50
5              0.839286                   0.0            0.50
53             0.839286                   0.0            0.50
55             0.839286                   0.0            0.50
3              0.839286                   0.0            0.50
57             0.839286                   0.0            0.50
51             0.839286                   0.0            0.50
11             0.839286                   0.0            0.50
41             0.839286                   0.0            0.50
19             0.839286                   0.0            0.50
39             0.839286                   0.0            0.50
37             0.839286                   0.0            0.50
13             0.839286                   0.0            0.50
35             0.839286                   0.0            0.50
33             0.839286                   0.0            0.50
15             0.839286                   0.0            0.50
31             0.839286                   0.0            0.50
1              0.839286                   0.0            0.50
29             0.839286                   0.0            0.50
27             0.839286                   0.0            0.50
17             0.839286                   0.0            0.50
25             0.839286                   0.0            0.50
23             0.839286                   0.0            0.50
59             0.839286                   0.0            0.50
2023-05-28 22:42:22,752 [INFO] Best model :
SVC(C=0.01, gamma=0.01, kernel='linear', random_state=42)
2023-05-28 22:42:22,758 [INFO] Save train_prediction_log data...
2023-05-28 22:42:22,763 [INFO] {'Data': 'train', 'ACC': '1.0 (74 / 74)', 'TP': 12, 'FP': 0, 'FN': 0, 'TN': 62, 'Precision': '1.0 (12 / 12 + 0)', 'Recall': '1.0 (12 / 12 + 0)', 'F1': '1.0 (2 * (1.0 * 1.0) / 1.0 + 1.0)', 'Specificity': '1.0 (62 / 62 + 0)', 'AUC': 1.0, 'r2': 1.0}
2023-05-28 22:42:22,768 [INFO] Save valid_prediction_log data...
2023-05-28 22:42:22,771 [INFO] {'Data': 'valid', 'ACC': '0.96 (25 / 26)', 'TP': 9, 'FP': 0, 'FN': 1, 'TN': 16, 'Precision': '1.0 (9 / 9 + 0)', 'Recall': '0.9 (9 / 9 + 1)', 'F1': '0.95 (2 * (0.9 * 1.0) / 0.9 + 1.0)', 'Specificity': '1.0 (16 / 16 + 0)', 'AUC': 0.95, 'r2': 0.84}
2023-05-28 22:42:22,785 [INFO] Save test_prediction_log data...
2023-05-28 22:42:22,789 [INFO] {'Data': 'test', 'ACC': '0.69 (18 / 26)', 'TP': 2, 'FP': 0, 'FN': 8, 'TN': 16, 'Precision': '1.0 (2 / 2 + 0)', 'Recall': '0.2 (2 / 2 + 8)', 'F1': '0.33 (2 * (0.2 * 1.0) / 0.2 + 1.0)', 'Specificity': '1.0 (16 / 16 + 0)', 'AUC': 0.6, 'r2': -0.3}
2023-05-28 22:42:22,792 [INFO] Save training_log data...
2023-05-28 22:42:22,794 [INFO] Save score_log data...
2023-05-28 22:42:22,795 [INFO] Time : 4.4175920486450195
