2023-05-28 15:00:29,729 [INFO] Train data : Vary_params_VGFR2\DUD-E\VGFR2\nG1_20\ECFP4_256bits\Standard\VGFR2_train_vector.tsv
2023-05-28 15:00:29,729 [INFO] Valid data : Vary_params_VGFR2\DUD-E\VGFR2\nG1_20\ECFP4_256bits\Standard\VGFR2_valid_vector.tsv
2023-05-28 15:00:29,729 [INFO] Output path : Vary_params_VGFR2\DUD-E\VGFR2\nG1_20\ECFP4_256bits\Standard\VGFR2_model\SVM
2023-05-28 15:00:29,729 [INFO] Model type : SVM
2023-05-28 15:00:29,729 [INFO] Use cores : 18
2023-05-28 15:00:29,785 [INFO] Start Learning model
2023-05-28 15:00:29,785 [INFO] Train : 747 | Valid : 180
2023-05-28 15:00:29,785 [INFO] Set parameters : {'kernel': ['linear', 'rbf'], 'C': [0.01, 0.1, 1, 10, 100, 1000], 'gamma': [0.01, 0.1, 1, 100, 1000]}
2023-05-28 15:00:36,752 [INFO] GridSearchCV results :
    mean_valid_accuracy  mean_valid_precision  mean_valid_auc
31             0.942468              1.000000        0.932258
21             0.934450              1.000000        0.922833
51             0.942468              1.000000        0.932258
41             0.942468              1.000000        0.932258
0              0.958468              0.944479        0.958606
2              0.958468              0.944479        0.958606
4              0.958468              0.944479        0.958606
6              0.958468              0.944479        0.958606
8              0.958468              0.944479        0.958606
42             0.941081              0.918439        0.941790
32             0.941081              0.918439        0.941790
34             0.941081              0.918439        0.941790
36             0.941081              0.918439        0.941790
38             0.941081              0.918439        0.941790
40             0.941081              0.918439        0.941790
48             0.941081              0.918439        0.941790
44             0.941081              0.918439        0.941790
46             0.941081              0.918439        0.941790
26             0.941081              0.918439        0.941790
50             0.941081              0.918439        0.941790
52             0.941081              0.918439        0.941790
54             0.941081              0.918439        0.941790
56             0.941081              0.918439        0.941790
58             0.941081              0.918439        0.941790
28             0.941081              0.918439        0.941790
30             0.941081              0.918439        0.941790
12             0.941081              0.918439        0.941790
18             0.941081              0.918439        0.941790
24             0.941081              0.918439        0.941790
14             0.941081              0.918439        0.941790
10             0.941081              0.918439        0.941790
16             0.941081              0.918439        0.941790
22             0.941081              0.918439        0.941790
20             0.941081              0.918439        0.941790
53             0.578342              0.200000        0.503175
43             0.578342              0.200000        0.503175
33             0.578342              0.200000        0.503175
23             0.578342              0.200000        0.503175
47             0.575658              0.000000        0.500000
7              0.575658              0.000000        0.500000
5              0.575658              0.000000        0.500000
9              0.575658              0.000000        0.500000
57             0.575658              0.000000        0.500000
11             0.575658              0.000000        0.500000
3              0.575658              0.000000        0.500000
49             0.575658              0.000000        0.500000
55             0.575658              0.000000        0.500000
25             0.575658              0.000000        0.500000
13             0.575658              0.000000        0.500000
45             0.575658              0.000000        0.500000
27             0.575658              0.000000        0.500000
15             0.575658              0.000000        0.500000
17             0.575658              0.000000        0.500000
39             0.575658              0.000000        0.500000
37             0.575658              0.000000        0.500000
19             0.575658              0.000000        0.500000
35             0.575658              0.000000        0.500000
1              0.575658              0.000000        0.500000
29             0.575658              0.000000        0.500000
59             0.575658              0.000000        0.500000
2023-05-28 15:00:36,753 [INFO] Best model :
SVC(C=1, gamma=0.01, random_state=42)
2023-05-28 15:00:36,847 [INFO] Save train_prediction_log data...
2023-05-28 15:00:36,852 [INFO] {'Data': 'train', 'ACC': '1.0 (747 / 747)', 'TP': 317, 'FP': 0, 'FN': 0, 'TN': 430, 'Precision': '1.0 (317 / 317 + 0)', 'Recall': '1.0 (317 / 317 + 0)', 'F1': '1.0 (2 * (1.0 * 1.0) / 1.0 + 1.0)', 'Specificity': '1.0 (430 / 430 + 0)', 'AUC': 1.0, 'r2': 1.0}
2023-05-28 15:00:36,876 [INFO] Save valid_prediction_log data...
2023-05-28 15:00:36,879 [INFO] {'Data': 'valid', 'ACC': '1.0 (180 / 180)', 'TP': 72, 'FP': 0, 'FN': 0, 'TN': 108, 'Precision': '1.0 (72 / 72 + 0)', 'Recall': '1.0 (72 / 72 + 0)', 'F1': '1.0 (2 * (1.0 * 1.0) / 1.0 + 1.0)', 'Specificity': '1.0 (108 / 108 + 0)', 'AUC': 1.0, 'r2': 1.0}
2023-05-28 15:00:36,918 [INFO] Save test_prediction_log data...
2023-05-28 15:00:36,921 [INFO] {'Data': 'test', 'ACC': '0.64 (115 / 180)', 'TP': 18, 'FP': 11, 'FN': 54, 'TN': 97, 'Precision': '0.62 (18 / 18 + 11)', 'Recall': '0.25 (18 / 18 + 54)', 'F1': '0.36 (2 * (0.25 * 0.62) / 0.25 + 0.62)', 'Specificity': '0.9 (97 / 97 + 11)', 'AUC': 0.57, 'r2': -0.5}
2023-05-28 15:00:36,923 [INFO] Save training_log data...
2023-05-28 15:00:36,925 [INFO] Save score_log data...
2023-05-28 15:00:36,926 [INFO] Time : 7.196621894836426
