2023-05-28 16:28:38,046 [INFO] Train data : Vary_params_CDK2_EGFR_LCK\DUD-E\EGFR\nG1_50\ECFP6_256bits\Robust\EGFR_train_vector.tsv
2023-05-28 16:28:38,046 [INFO] Valid data : Vary_params_CDK2_EGFR_LCK\DUD-E\EGFR\nG1_50\ECFP6_256bits\Robust\EGFR_valid_vector.tsv
2023-05-28 16:28:38,046 [INFO] Output path : Vary_params_CDK2_EGFR_LCK\DUD-E\EGFR\nG1_50\ECFP6_256bits\Robust\EGFR_model\SVM
2023-05-28 16:28:38,046 [INFO] Model type : SVM
2023-05-28 16:28:38,046 [INFO] Use cores : 19
2023-05-28 16:28:38,066 [INFO] Start Learning model
2023-05-28 16:28:38,066 [INFO] Train : 870 | Valid : 218
2023-05-28 16:28:38,066 [INFO] Set parameters : {'kernel': ['linear', 'rbf'], 'C': [0.01, 0.1, 1, 10, 100, 1000], 'gamma': [0.01, 0.1, 1, 100, 1000]}
2023-05-28 16:28:43,409 [INFO] GridSearchCV results :
    mean_valid_accuracy  mean_valid_precision  mean_valid_auc
0              0.841379              0.794391        0.837714
20             0.841379              0.794391        0.837714
24             0.841379              0.794391        0.837714
26             0.841379              0.794391        0.837714
28             0.841379              0.794391        0.837714
32             0.841379              0.794391        0.837714
34             0.841379              0.794391        0.837714
36             0.841379              0.794391        0.837714
38             0.841379              0.794391        0.837714
40             0.841379              0.794391        0.837714
42             0.841379              0.794391        0.837714
44             0.841379              0.794391        0.837714
46             0.841379              0.794391        0.837714
48             0.841379              0.794391        0.837714
50             0.841379              0.794391        0.837714
52             0.841379              0.794391        0.837714
54             0.841379              0.794391        0.837714
56             0.841379              0.794391        0.837714
58             0.841379              0.794391        0.837714
22             0.841379              0.794391        0.837714
30             0.841379              0.794391        0.837714
10             0.841379              0.794391        0.837714
2              0.841379              0.794391        0.837714
18             0.841379              0.794391        0.837714
8              0.841379              0.794391        0.837714
16             0.841379              0.794391        0.837714
4              0.841379              0.794391        0.837714
12             0.841379              0.794391        0.837714
6              0.841379              0.794391        0.837714
14             0.841379              0.794391        0.837714
49             0.600000              0.000000        0.500000
9              0.600000              0.000000        0.500000
45             0.600000              0.000000        0.500000
47             0.600000              0.000000        0.500000
7              0.600000              0.000000        0.500000
21             0.600000              0.000000        0.500000
43             0.600000              0.000000        0.500000
5              0.600000              0.000000        0.500000
53             0.600000              0.000000        0.500000
55             0.600000              0.000000        0.500000
3              0.600000              0.000000        0.500000
57             0.600000              0.000000        0.500000
51             0.600000              0.000000        0.500000
11             0.600000              0.000000        0.500000
41             0.600000              0.000000        0.500000
19             0.600000              0.000000        0.500000
39             0.600000              0.000000        0.500000
37             0.600000              0.000000        0.500000
13             0.600000              0.000000        0.500000
35             0.600000              0.000000        0.500000
33             0.600000              0.000000        0.500000
15             0.600000              0.000000        0.500000
31             0.600000              0.000000        0.500000
1              0.600000              0.000000        0.500000
29             0.600000              0.000000        0.500000
27             0.600000              0.000000        0.500000
17             0.600000              0.000000        0.500000
25             0.600000              0.000000        0.500000
23             0.600000              0.000000        0.500000
59             0.600000              0.000000        0.500000
2023-05-28 16:28:43,409 [INFO] Best model :
SVC(C=0.01, gamma=0.01, kernel='linear', random_state=42)
2023-05-28 16:28:43,420 [INFO] Save train_prediction_log data...
2023-05-28 16:28:43,423 [INFO] {'Data': 'train', 'ACC': '1.0 (870 / 870)', 'TP': 348, 'FP': 0, 'FN': 0, 'TN': 522, 'Precision': '1.0 (348 / 348 + 0)', 'Recall': '1.0 (348 / 348 + 0)', 'F1': '1.0 (2 * (1.0 * 1.0) / 1.0 + 1.0)', 'Specificity': '1.0 (522 / 522 + 0)', 'AUC': 1.0, 'r2': 1.0}
2023-05-28 16:28:43,427 [INFO] Save valid_prediction_log data...
2023-05-28 16:28:43,429 [INFO] {'Data': 'valid', 'ACC': '0.86 (188 / 218)', 'TP': 77, 'FP': 20, 'FN': 10, 'TN': 111, 'Precision': '0.79 (77 / 77 + 20)', 'Recall': '0.89 (77 / 77 + 10)', 'F1': '0.84 (2 * (0.89 * 0.79) / 0.89 + 0.79)', 'Specificity': '0.85 (111 / 111 + 20)', 'AUC': 0.87, 'r2': 0.43}
2023-05-28 16:28:43,441 [INFO] Save test_prediction_log data...
2023-05-28 16:28:43,443 [INFO] {'Data': 'test', 'ACC': '0.58 (127 / 218)', 'TP': 47, 'FP': 51, 'FN': 40, 'TN': 80, 'Precision': '0.48 (47 / 47 + 51)', 'Recall': '0.54 (47 / 47 + 40)', 'F1': '0.51 (2 * (0.54 * 0.48) / 0.54 + 0.48)', 'Specificity': '0.61 (80 / 80 + 51)', 'AUC': 0.58, 'r2': -0.74}
2023-05-28 16:28:43,444 [INFO] Save training_log data...
2023-05-28 16:28:43,622 [INFO] Save score_log data...
2023-05-28 16:28:43,623 [INFO] Time : 5.577215671539307
