2023-05-28 23:37:16,171 [INFO] Train data : Vary_params_CDK2_EGFR_LCK\DUD-E\EGFR\nG1_80\ECFP6_512bits\Robust\EGFR_train_vector.tsv
2023-05-28 23:37:16,172 [INFO] Valid data : Vary_params_CDK2_EGFR_LCK\DUD-E\EGFR\nG1_80\ECFP6_512bits\Robust\EGFR_valid_vector.tsv
2023-05-28 23:37:16,172 [INFO] Output path : Vary_params_CDK2_EGFR_LCK\DUD-E\EGFR\nG1_80\ECFP6_512bits\Robust\EGFR_model\MLP
2023-05-28 23:37:16,172 [INFO] Model type : MLP
2023-05-28 23:37:16,172 [INFO] Use cores : 19
2023-05-28 23:37:16,207 [INFO] Start Learning model
2023-05-28 23:37:16,207 [INFO] Train : 840 | Valid : 218
2023-05-28 23:37:16,207 [INFO] Set parameters : {'hidden_layer_sizes': [(50,), (100,), (50, 50), (100, 100)], 'learning_rate': ['constant', 'invscaling', 'adaptive'], 'activation': ['relu', 'identity', 'logistic', 'tanh'], 'solver': ['adam', 'sgd', 'lbfgs'], 'alpha': [0.1, 0.01, 0.001], 'max_iter': [500, 1000], 'early_stopping': [True]}
2023-05-28 23:45:40,328 [INFO] GridSearchCV results :
     mean_valid_accuracy  mean_valid_precision  mean_valid_auc
537             0.941667              0.983951        0.926378
600             0.941667              0.983951        0.926378
534             0.941667              0.983951        0.926378
531             0.941667              0.983951        0.926378
528             0.941667              0.983951        0.926378
..                   ...                   ...             ...
544             0.621429              0.000000        0.500000
547             0.621429              0.000000        0.500000
550             0.621429              0.000000        0.500000
553             0.621429              0.000000        0.500000
631             0.621429              0.000000        0.500000

[864 rows x 3 columns]
2023-05-28 23:45:40,329 [INFO] Best model :
MLPClassifier(activation='logistic', alpha=0.01, early_stopping=True,
              max_iter=500, random_state=42)
2023-05-28 23:45:40,339 [INFO] Save train_prediction_log data...
2023-05-28 23:45:40,343 [INFO] {'Data': 'train', 'ACC': '0.99 (830 / 840)', 'TP': 309, 'FP': 1, 'FN': 9, 'TN': 521, 'Precision': '1.0 (309 / 309 + 1)', 'Recall': '0.97 (309 / 309 + 9)', 'F1': '0.98 (2 * (0.97 * 1.0) / 0.97 + 1.0)', 'Specificity': '1.0 (521 / 521 + 1)', 'AUC': 0.98, 'r2': 0.95}
2023-05-28 23:45:40,348 [INFO] Save valid_prediction_log data...
2023-05-28 23:45:40,350 [INFO] {'Data': 'valid', 'ACC': '0.96 (209 / 218)', 'TP': 81, 'FP': 3, 'FN': 6, 'TN': 128, 'Precision': '0.96 (81 / 81 + 3)', 'Recall': '0.93 (81 / 81 + 6)', 'F1': '0.94 (2 * (0.93 * 0.96) / 0.93 + 0.96)', 'Specificity': '0.98 (128 / 128 + 3)', 'AUC': 0.95, 'r2': 0.83}
2023-05-28 23:45:40,367 [INFO] Save test_prediction_log data...
2023-05-28 23:45:40,369 [INFO] {'Data': 'test', 'ACC': '0.63 (138 / 218)', 'TP': 23, 'FP': 16, 'FN': 64, 'TN': 115, 'Precision': '0.59 (23 / 23 + 16)', 'Recall': '0.26 (23 / 23 + 64)', 'F1': '0.36 (2 * (0.26 * 0.59) / 0.26 + 0.59)', 'Specificity': '0.88 (115 / 115 + 16)', 'AUC': 0.57, 'r2': -0.53}
2023-05-28 23:45:40,371 [INFO] Save training_log data...
2023-05-28 23:45:40,377 [INFO] Save score_log data...
2023-05-28 23:45:40,377 [INFO] Time : 504.2066810131073
