2023-05-27 05:09:05,006 [INFO] Train data : Vary_params_SH\DUD-E\ROCK1\nG1_20\ECFP6_512bits\Standard\ROCK1_train_vector.tsv
2023-05-27 05:09:05,006 [INFO] Valid data : Vary_params_SH\DUD-E\ROCK1\nG1_20\ECFP6_512bits\Standard\ROCK1_valid_vector.tsv
2023-05-27 05:09:05,006 [INFO] Output path : Vary_params_SH\DUD-E\ROCK1\nG1_20\ECFP6_512bits\Standard\ROCK1_model\MLP
2023-05-27 05:09:05,007 [INFO] Model type : MLP
2023-05-27 05:09:05,007 [INFO] Use cores : 3
2023-05-27 05:09:05,053 [INFO] Start Learning model
2023-05-27 05:09:05,053 [INFO] Train : 130 | Valid : 25
2023-05-27 05:09:05,053 [INFO] Set parameters : {'hidden_layer_sizes': [(50,), (100,), (50, 50), (100, 100)], 'learning_rate': ['constant', 'invscaling', 'adaptive'], 'activation': ['relu', 'identity', 'logistic', 'tanh'], 'solver': ['adam', 'sgd', 'lbfgs'], 'alpha': [0.1, 0.01, 0.001], 'max_iter': [500, 1000], 'early_stopping': [True]}
2023-05-27 05:16:33,866 [INFO] GridSearchCV results :
     mean_valid_accuracy  mean_valid_precision  mean_valid_auc
597             0.923077                0.9875        0.927381
594             0.923077                0.9875        0.927381
734             0.969231                0.9875        0.970238
737             0.969231                0.9875        0.970238
614             0.953846                0.9875        0.955952
..                   ...                   ...             ...
472             0.461538                0.0000        0.500000
646             0.461538                0.0000        0.500000
471             0.461538                0.0000        0.500000
109             0.453846                0.0000        0.491667
559             0.461538                0.0000        0.500000

[864 rows x 3 columns]
2023-05-27 05:16:33,867 [INFO] Best model :
MLPClassifier(activation='logistic', alpha=0.1, early_stopping=True,
              max_iter=500, random_state=42)
2023-05-27 05:16:33,876 [INFO] Save train_prediction_log data...
2023-05-27 05:16:33,880 [INFO] {'Data': 'train', 'ACC': '0.97 (126 / 130)', 'TP': 66, 'FP': 0, 'FN': 4, 'TN': 60, 'Precision': '1.0 (66 / 66 + 0)', 'Recall': '0.94 (66 / 66 + 4)', 'F1': '0.97 (2 * (0.94 * 1.0) / 0.94 + 1.0)', 'Specificity': '1.0 (60 / 60 + 0)', 'AUC': 0.97, 'r2': 0.88}
2023-05-27 05:16:33,887 [INFO] Save valid_prediction_log data...
2023-05-27 05:16:33,890 [INFO] {'Data': 'valid', 'ACC': '0.92 (23 / 25)', 'TP': 9, 'FP': 1, 'FN': 1, 'TN': 14, 'Precision': '0.9 (9 / 9 + 1)', 'Recall': '0.9 (9 / 9 + 1)', 'F1': '0.9 (2 * (0.9 * 0.9) / 0.9 + 0.9)', 'Specificity': '0.93 (14 / 14 + 1)', 'AUC': 0.92, 'r2': 0.67}
2023-05-27 05:16:33,914 [INFO] Save test_prediction_log data...
2023-05-27 05:16:33,916 [INFO] {'Data': 'test', 'ACC': '0.68 (17 / 25)', 'TP': 3, 'FP': 1, 'FN': 7, 'TN': 14, 'Precision': '0.75 (3 / 3 + 1)', 'Recall': '0.3 (3 / 3 + 7)', 'F1': '0.43 (2 * (0.3 * 0.75) / 0.3 + 0.75)', 'Specificity': '0.93 (14 / 14 + 1)', 'AUC': 0.62, 'r2': -0.33}
2023-05-27 05:16:33,920 [INFO] Save training_log data...
2023-05-27 05:16:34,126 [INFO] Save score_log data...
2023-05-27 05:16:34,127 [INFO] Time : 449.1207494735718
