2023-04-07 06:43:53,594 [INFO] Train data : D:\PARK\Lab\Database\ADis-QSAR_final\data\DUDE\FAK1\ECFP4_256bits\preprocessing\FAK1_train_vector.tsv
2023-04-07 06:43:53,594 [INFO] Test data : D:\PARK\Lab\Database\ADis-QSAR_final\data\DUDE\FAK1\ECFP4_256bits\preprocessing\FAK1_test_vector.tsv
2023-04-07 06:43:53,594 [INFO] Output path : D:\PARK\Lab\Database\ADis-QSAR_final\data\DUDE\FAK1\ECFP4_256bits\FAK1_model\XGB
2023-04-07 06:43:53,594 [INFO] Model type : XGB
2023-04-07 06:43:53,594 [INFO] Use cores : 10
2023-04-07 06:43:53,606 [INFO] Start Learning model
2023-04-07 06:43:53,606 [INFO] Train : 96 | Test : 24
2023-04-07 06:43:53,607 [INFO] Set parameters : {'max_depth': [4, 6, 8], 'learning_rate': [0.01, 0.2], 'n_estimators': [200, 600, 1000], 'gamma': [0, 1000], 'min_child_weight': [1, 3], 'subsample': [0.5, 1], 'colsample_bytree': [0.5, 1], 'objective': ['binary:logitraw'], 'eval_metric': ['auc', 'error']}
2023-04-07 06:47:06,504 [INFO] GridSearchCV results :
     mean_valid_accuracy  mean_valid_precision  mean_valid_auc
0               0.967778                   1.0          0.9625
188             0.956667                   1.0          0.9500
196             0.967778                   1.0          0.9625
195             0.956667                   1.0          0.9500
194             0.967778                   1.0          0.9625
..                   ...                   ...             ...
265             0.572222                   0.0          0.5000
264             0.572222                   0.0          0.5000
263             0.572222                   0.0          0.5000
262             0.572222                   0.0          0.5000
575             0.572222                   0.0          0.5000

[576 rows x 3 columns]
2023-04-07 06:47:06,507 [INFO] Best model :
XGBClassifier(base_score=0.5, booster='gbtree', callbacks=None,
              colsample_bylevel=1, colsample_bynode=1, colsample_bytree=0.5,
              early_stopping_rounds=None, enable_categorical=False,
              eval_metric='auc', gamma=0, gpu_id=-1, grow_policy='depthwise',
              importance_type=None, interaction_constraints='',
              learning_rate=0.01, max_bin=256, max_cat_to_onehot=4,
              max_delta_step=0, max_depth=4, max_leaves=0, min_child_weight=1,
              missing=nan, monotone_constraints='()', n_estimators=200,
              n_jobs=0, num_parallel_tree=1, objective='binary:logitraw',
              predictor='auto', random_state=42, reg_alpha=0, ...)
2023-04-07 06:47:06,514 [INFO] Save train_prediction_log data...
2023-04-07 06:47:06,518 [INFO] {'Data': 'train', 'ACC': '0.99 (95 / 96)', 'TP': 40, 'FP': 0, 'FN': 1, 'TN': 55, 'Precision': '1.0 (40 / 40 + 0)', 'Recall': '0.98 (40 / 40 + 1)', 'F1': '0.99 (2 * (0.98 * 1.0) / 0.98 + 1.0)', 'Specificity': '1.0 (55 / 55 + 0)', 'AUC': 0.99, 'r2': 0.96}
2023-04-07 06:47:06,524 [INFO] Save test_prediction_log data...
2023-04-07 06:47:06,526 [INFO] {'Data': 'test', 'ACC': '1.0 (24 / 24)', 'TP': 9, 'FP': 0, 'FN': 0, 'TN': 15, 'Precision': '1.0 (9 / 9 + 0)', 'Recall': '1.0 (9 / 9 + 0)', 'F1': '1.0 (2 * (1.0 * 1.0) / 1.0 + 1.0)', 'Specificity': '1.0 (15 / 15 + 0)', 'AUC': 1.0, 'r2': 1.0}
2023-04-07 06:47:06,538 [INFO] Save ext_prediction_log data...
2023-04-07 06:47:06,540 [INFO] {'Data': 'ext', 'ACC': '0.71 (17 / 24)', 'TP': 2, 'FP': 0, 'FN': 7, 'TN': 15, 'Precision': '1.0 (2 / 2 + 0)', 'Recall': '0.22 (2 / 2 + 7)', 'F1': '0.36 (2 * (0.22 * 1.0) / 0.22 + 1.0)', 'Specificity': '1.0 (15 / 15 + 0)', 'AUC': 0.61, 'r2': -0.24}
2023-04-07 06:47:06,545 [INFO] Save training_log data...
2023-04-07 06:47:06,549 [INFO] Save score_log data...
2023-04-07 06:47:06,549 [INFO] Time : 192.95518469810486
