2023-05-28 12:47:56,907 [INFO] Train data : Vary_params_SH\DUD-E\TGFR1\nG1_50\ECFP4_256bits\Robust\TGFR1_train_vector.tsv
2023-05-28 12:47:56,907 [INFO] Valid data : Vary_params_SH\DUD-E\TGFR1\nG1_50\ECFP4_256bits\Robust\TGFR1_valid_vector.tsv
2023-05-28 12:47:56,907 [INFO] Output path : Vary_params_SH\DUD-E\TGFR1\nG1_50\ECFP4_256bits\Robust\TGFR1_model\MLP
2023-05-28 12:47:56,907 [INFO] Model type : MLP
2023-05-28 12:47:56,907 [INFO] Use cores : 3
2023-05-28 12:47:56,926 [INFO] Start Learning model
2023-05-28 12:47:56,926 [INFO] Train : 164 | Valid : 41
2023-05-28 12:47:56,926 [INFO] Set parameters : {'hidden_layer_sizes': [(50,), (100,), (50, 50), (100, 100)], 'learning_rate': ['constant', 'invscaling', 'adaptive'], 'activation': ['relu', 'identity', 'logistic', 'tanh'], 'solver': ['adam', 'sgd', 'lbfgs'], 'alpha': [0.1, 0.01, 0.001], 'max_iter': [500, 1000], 'early_stopping': [True]}
2023-05-28 12:54:24,250 [INFO] GridSearchCV results :
     mean_valid_accuracy  mean_valid_precision  mean_valid_auc
531             0.909191                   1.0        0.884524
465             0.909191                   1.0        0.884524
522             0.909191                   1.0        0.884524
537             0.909191                   1.0        0.884524
609             0.903309                   1.0        0.877381
..                   ...                   ...             ...
483             0.591544                   0.0        0.495000
627             0.597794                   0.0        0.500000
624             0.597794                   0.0        0.500000
621             0.597794                   0.0        0.500000
615             0.597794                   0.0        0.500000

[864 rows x 3 columns]
2023-05-28 12:54:24,251 [INFO] Best model :
MLPClassifier(activation='logistic', alpha=0.1, early_stopping=True,
              max_iter=500, random_state=42)
2023-05-28 12:54:24,260 [INFO] Save train_prediction_log data...
2023-05-28 12:54:24,265 [INFO] {'Data': 'train', 'ACC': '0.93 (153 / 164)', 'TP': 55, 'FP': 0, 'FN': 11, 'TN': 98, 'Precision': '1.0 (55 / 55 + 0)', 'Recall': '0.83 (55 / 55 + 11)', 'F1': '0.91 (2 * (0.83 * 1.0) / 0.83 + 1.0)', 'Specificity': '1.0 (98 / 98 + 0)', 'AUC': 0.92, 'r2': 0.72}
2023-05-28 12:54:24,271 [INFO] Save valid_prediction_log data...
2023-05-28 12:54:24,274 [INFO] {'Data': 'valid', 'ACC': '0.8 (33 / 41)', 'TP': 10, 'FP': 2, 'FN': 6, 'TN': 23, 'Precision': '0.83 (10 / 10 + 2)', 'Recall': '0.62 (10 / 10 + 6)', 'F1': '0.71 (2 * (0.62 * 0.83) / 0.62 + 0.83)', 'Specificity': '0.92 (23 / 23 + 2)', 'AUC': 0.77, 'r2': 0.18}
2023-05-28 12:54:24,289 [INFO] Save test_prediction_log data...
2023-05-28 12:54:24,293 [INFO] {'Data': 'test', 'ACC': '0.59 (24 / 41)', 'TP': 1, 'FP': 2, 'FN': 15, 'TN': 23, 'Precision': '0.33 (1 / 1 + 2)', 'Recall': '0.06 (1 / 1 + 15)', 'F1': '0.1 (2 * (0.06 * 0.33) / 0.06 + 0.33)', 'Specificity': '0.92 (23 / 23 + 2)', 'AUC': 0.49, 'r2': -0.74}
2023-05-28 12:54:24,584 [INFO] Save training_log data...
2023-05-28 12:54:24,592 [INFO] Save score_log data...
2023-05-28 12:54:24,593 [INFO] Time : 387.68593978881836
