2023-05-29 13:24:41,001 [INFO] Train data : Vary_params_CDK2_EGFR_LCK\DUD-E\LCK\nG1_80\ECFP4_512bits\Robust\LCK_train_vector.tsv
2023-05-29 13:24:41,001 [INFO] Valid data : Vary_params_CDK2_EGFR_LCK\DUD-E\LCK\nG1_80\ECFP4_512bits\Robust\LCK_valid_vector.tsv
2023-05-29 13:24:41,001 [INFO] Output path : Vary_params_CDK2_EGFR_LCK\DUD-E\LCK\nG1_80\ECFP4_512bits\Robust\LCK_model\SVM
2023-05-29 13:24:41,001 [INFO] Model type : SVM
2023-05-29 13:24:41,001 [INFO] Use cores : 19
2023-05-29 13:24:41,033 [INFO] Start Learning model
2023-05-29 13:24:41,033 [INFO] Train : 706 | Valid : 185
2023-05-29 13:24:41,033 [INFO] Set parameters : {'kernel': ['linear', 'rbf'], 'C': [0.01, 0.1, 1, 10, 100, 1000], 'gamma': [0.01, 0.1, 1, 100, 1000]}
2023-05-29 13:24:48,540 [INFO] GridSearchCV results :
    mean_valid_accuracy  mean_valid_precision  mean_valid_auc
0              0.973119              0.959687        0.972618
20             0.973119              0.959687        0.972618
24             0.973119              0.959687        0.972618
26             0.973119              0.959687        0.972618
28             0.973119              0.959687        0.972618
32             0.973119              0.959687        0.972618
34             0.973119              0.959687        0.972618
36             0.973119              0.959687        0.972618
38             0.973119              0.959687        0.972618
40             0.973119              0.959687        0.972618
42             0.973119              0.959687        0.972618
44             0.973119              0.959687        0.972618
46             0.973119              0.959687        0.972618
48             0.973119              0.959687        0.972618
50             0.973119              0.959687        0.972618
52             0.973119              0.959687        0.972618
54             0.973119              0.959687        0.972618
56             0.973119              0.959687        0.972618
58             0.973119              0.959687        0.972618
22             0.973119              0.959687        0.972618
30             0.973119              0.959687        0.972618
10             0.973119              0.959687        0.972618
2              0.973119              0.959687        0.972618
18             0.973119              0.959687        0.972618
8              0.973119              0.959687        0.972618
16             0.973119              0.959687        0.972618
4              0.973119              0.959687        0.972618
12             0.973119              0.959687        0.972618
6              0.973119              0.959687        0.972618
14             0.973119              0.959687        0.972618
49             0.626076              0.000000        0.500000
9              0.626076              0.000000        0.500000
45             0.626076              0.000000        0.500000
47             0.626076              0.000000        0.500000
7              0.626076              0.000000        0.500000
21             0.626076              0.000000        0.500000
43             0.626076              0.000000        0.500000
5              0.626076              0.000000        0.500000
53             0.626076              0.000000        0.500000
55             0.626076              0.000000        0.500000
3              0.626076              0.000000        0.500000
57             0.626076              0.000000        0.500000
51             0.626076              0.000000        0.500000
11             0.626076              0.000000        0.500000
41             0.626076              0.000000        0.500000
19             0.626076              0.000000        0.500000
39             0.626076              0.000000        0.500000
37             0.626076              0.000000        0.500000
13             0.626076              0.000000        0.500000
35             0.626076              0.000000        0.500000
33             0.626076              0.000000        0.500000
15             0.626076              0.000000        0.500000
31             0.626076              0.000000        0.500000
1              0.626076              0.000000        0.500000
29             0.626076              0.000000        0.500000
27             0.626076              0.000000        0.500000
17             0.626076              0.000000        0.500000
25             0.626076              0.000000        0.500000
23             0.626076              0.000000        0.500000
59             0.626076              0.000000        0.500000
2023-05-29 13:24:48,541 [INFO] Best model :
SVC(C=0.01, gamma=0.01, kernel='linear', random_state=42)
2023-05-29 13:24:48,555 [INFO] Save train_prediction_log data...
2023-05-29 13:24:48,558 [INFO] {'Data': 'train', 'ACC': '1.0 (706 / 706)', 'TP': 264, 'FP': 0, 'FN': 0, 'TN': 442, 'Precision': '1.0 (264 / 264 + 0)', 'Recall': '1.0 (264 / 264 + 0)', 'F1': '1.0 (2 * (1.0 * 1.0) / 1.0 + 1.0)', 'Specificity': '1.0 (442 / 442 + 0)', 'AUC': 1.0, 'r2': 1.0}
2023-05-29 13:24:48,565 [INFO] Save valid_prediction_log data...
2023-05-29 13:24:48,567 [INFO] {'Data': 'valid', 'ACC': '0.97 (180 / 185)', 'TP': 74, 'FP': 5, 'FN': 0, 'TN': 106, 'Precision': '0.94 (74 / 74 + 5)', 'Recall': '1.0 (74 / 74 + 0)', 'F1': '0.97 (2 * (1.0 * 0.94) / 1.0 + 0.94)', 'Specificity': '0.95 (106 / 106 + 5)', 'AUC': 0.98, 'r2': 0.89}
2023-05-29 13:24:48,586 [INFO] Save test_prediction_log data...
2023-05-29 13:24:48,588 [INFO] {'Data': 'test', 'ACC': '0.7 (129 / 185)', 'TP': 44, 'FP': 26, 'FN': 30, 'TN': 85, 'Precision': '0.63 (44 / 44 + 26)', 'Recall': '0.59 (44 / 44 + 30)', 'F1': '0.61 (2 * (0.59 * 0.63) / 0.59 + 0.63)', 'Specificity': '0.77 (85 / 85 + 26)', 'AUC': 0.68, 'r2': -0.26}
2023-05-29 13:24:48,589 [INFO] Save training_log data...
2023-05-29 13:24:48,591 [INFO] Save score_log data...
2023-05-29 13:24:48,592 [INFO] Time : 7.591871976852417
