2023-05-28 11:52:59,788 [INFO] Train data : Vary_params_IGF1R_KIT\DUD-E\IGF1R\nG1_80\ECFP6_512bits\Robust\IGF1R_train_vector.tsv
2023-05-28 11:52:59,788 [INFO] Valid data : Vary_params_IGF1R_KIT\DUD-E\IGF1R\nG1_80\ECFP6_512bits\Robust\IGF1R_valid_vector.tsv
2023-05-28 11:52:59,788 [INFO] Output path : Vary_params_IGF1R_KIT\DUD-E\IGF1R\nG1_80\ECFP6_512bits\Robust\IGF1R_model\MLP
2023-05-28 11:52:59,788 [INFO] Model type : MLP
2023-05-28 11:52:59,788 [INFO] Use cores : 10
2023-05-28 11:52:59,810 [INFO] Start Learning model
2023-05-28 11:52:59,810 [INFO] Train : 166 | Valid : 49
2023-05-28 11:52:59,810 [INFO] Set parameters : {'hidden_layer_sizes': [(50,), (100,), (50, 50), (100, 100)], 'learning_rate': ['constant', 'invscaling', 'adaptive'], 'activation': ['relu', 'identity', 'logistic', 'tanh'], 'solver': ['adam', 'sgd', 'lbfgs'], 'alpha': [0.1, 0.01, 0.001], 'max_iter': [500, 1000], 'early_stopping': [True]}
2023-05-28 11:57:25,898 [INFO] GridSearchCV results :
     mean_valid_accuracy  mean_valid_precision  mean_valid_auc
632             0.981985              0.983333        0.975455
635             0.981985              0.983333        0.975455
638             0.981985              0.983333        0.975455
641             0.981985              0.983333        0.975455
644             0.981985              0.983333        0.975455
..                   ...                   ...             ...
573             0.711029              0.000000        0.500000
574             0.711029              0.000000        0.500000
612             0.711029              0.000000        0.500000
613             0.711029              0.000000        0.500000
636             0.711029              0.000000        0.500000

[864 rows x 3 columns]
2023-05-28 11:57:25,899 [INFO] Best model :
MLPClassifier(activation='logistic', alpha=0.001, early_stopping=True,
              hidden_layer_sizes=(100, 100), max_iter=500, random_state=42,
              solver='lbfgs')
2023-05-28 11:57:25,905 [INFO] Save train_prediction_log data...
2023-05-28 11:57:25,908 [INFO] {'Data': 'train', 'ACC': '1.0 (166 / 166)', 'TP': 48, 'FP': 0, 'FN': 0, 'TN': 118, 'Precision': '1.0 (48 / 48 + 0)', 'Recall': '1.0 (48 / 48 + 0)', 'F1': '1.0 (2 * (1.0 * 1.0) / 1.0 + 1.0)', 'Specificity': '1.0 (118 / 118 + 0)', 'AUC': 1.0, 'r2': 1.0}
2023-05-28 11:57:25,913 [INFO] Save valid_prediction_log data...
2023-05-28 11:57:25,915 [INFO] {'Data': 'valid', 'ACC': '0.98 (48 / 49)', 'TP': 20, 'FP': 1, 'FN': 0, 'TN': 28, 'Precision': '0.95 (20 / 20 + 1)', 'Recall': '1.0 (20 / 20 + 0)', 'F1': '0.97 (2 * (1.0 * 0.95) / 1.0 + 0.95)', 'Specificity': '0.97 (28 / 28 + 1)', 'AUC': 0.98, 'r2': 0.92}
2023-05-28 11:57:25,930 [INFO] Save test_prediction_log data...
2023-05-28 11:57:25,932 [INFO] {'Data': 'test', 'ACC': '0.61 (30 / 49)', 'TP': 5, 'FP': 4, 'FN': 15, 'TN': 25, 'Precision': '0.56 (5 / 5 + 4)', 'Recall': '0.25 (5 / 5 + 15)', 'F1': '0.35 (2 * (0.25 * 0.56) / 0.25 + 0.56)', 'Specificity': '0.86 (25 / 25 + 4)', 'AUC': 0.56, 'r2': -0.61}
2023-05-28 11:57:25,934 [INFO] Save training_log data...
2023-05-28 11:57:25,938 [INFO] Save score_log data...
2023-05-28 11:57:25,939 [INFO] Time : 266.15096831321716
