2023-05-29 08:37:40,213 [INFO] Train data : Vary_params_BRAF_MK14\DUD-E\BRAF\nG1_50\ECFP6_512bits\Standard\BRAF_train_vector.tsv
2023-05-29 08:37:40,213 [INFO] Valid data : Vary_params_BRAF_MK14\DUD-E\BRAF\nG1_50\ECFP6_512bits\Standard\BRAF_valid_vector.tsv
2023-05-29 08:37:40,213 [INFO] Output path : Vary_params_BRAF_MK14\DUD-E\BRAF\nG1_50\ECFP6_512bits\Standard\BRAF_model\SVM
2023-05-29 08:37:40,213 [INFO] Model type : SVM
2023-05-29 08:37:40,213 [INFO] Use cores : 12
2023-05-29 08:37:40,248 [INFO] Start Learning model
2023-05-29 08:37:40,248 [INFO] Train : 201 | Valid : 50
2023-05-29 08:37:40,248 [INFO] Set parameters : {'kernel': ['linear', 'rbf'], 'C': [0.01, 0.1, 1, 10, 100, 1000], 'gamma': [0.01, 0.1, 1, 100, 1000]}
2023-05-29 08:37:43,581 [INFO] GridSearchCV results :
    mean_valid_accuracy  mean_valid_precision  mean_valid_auc
0              0.980476                0.9875        0.977404
20             0.980476                0.9875        0.977404
24             0.980476                0.9875        0.977404
26             0.980476                0.9875        0.977404
28             0.980476                0.9875        0.977404
32             0.980476                0.9875        0.977404
34             0.980476                0.9875        0.977404
36             0.980476                0.9875        0.977404
38             0.980476                0.9875        0.977404
40             0.980476                0.9875        0.977404
42             0.980476                0.9875        0.977404
44             0.980476                0.9875        0.977404
46             0.980476                0.9875        0.977404
48             0.980476                0.9875        0.977404
50             0.980476                0.9875        0.977404
52             0.980476                0.9875        0.977404
54             0.980476                0.9875        0.977404
56             0.980476                0.9875        0.977404
58             0.980476                0.9875        0.977404
22             0.980476                0.9875        0.977404
30             0.980476                0.9875        0.977404
2              0.980476                0.9875        0.977404
18             0.980476                0.9875        0.977404
10             0.980476                0.9875        0.977404
8              0.980476                0.9875        0.977404
16             0.980476                0.9875        0.977404
4              0.980476                0.9875        0.977404
12             0.980476                0.9875        0.977404
14             0.980476                0.9875        0.977404
6              0.980476                0.9875        0.977404
41             0.606905                0.1000        0.506250
31             0.606905                0.1000        0.506250
51             0.606905                0.1000        0.506250
21             0.601905                0.0000        0.500000
7              0.601905                0.0000        0.500000
47             0.601905                0.0000        0.500000
5              0.601905                0.0000        0.500000
49             0.601905                0.0000        0.500000
9              0.601905                0.0000        0.500000
53             0.601905                0.0000        0.500000
55             0.601905                0.0000        0.500000
3              0.601905                0.0000        0.500000
57             0.601905                0.0000        0.500000
45             0.601905                0.0000        0.500000
11             0.601905                0.0000        0.500000
43             0.601905                0.0000        0.500000
19             0.601905                0.0000        0.500000
39             0.601905                0.0000        0.500000
37             0.601905                0.0000        0.500000
13             0.601905                0.0000        0.500000
35             0.601905                0.0000        0.500000
33             0.601905                0.0000        0.500000
15             0.601905                0.0000        0.500000
1              0.601905                0.0000        0.500000
29             0.601905                0.0000        0.500000
27             0.601905                0.0000        0.500000
17             0.601905                0.0000        0.500000
25             0.601905                0.0000        0.500000
23             0.601905                0.0000        0.500000
59             0.601905                0.0000        0.500000
2023-05-29 08:37:43,583 [INFO] Best model :
SVC(C=0.01, gamma=0.01, kernel='linear', random_state=42)
2023-05-29 08:37:43,589 [INFO] Save train_prediction_log data...
2023-05-29 08:37:43,592 [INFO] {'Data': 'train', 'ACC': '1.0 (201 / 201)', 'TP': 80, 'FP': 0, 'FN': 0, 'TN': 121, 'Precision': '1.0 (80 / 80 + 0)', 'Recall': '1.0 (80 / 80 + 0)', 'F1': '1.0 (2 * (1.0 * 1.0) / 1.0 + 1.0)', 'Specificity': '1.0 (121 / 121 + 0)', 'AUC': 1.0, 'r2': 1.0}
2023-05-29 08:37:43,597 [INFO] Save valid_prediction_log data...
2023-05-29 08:37:43,599 [INFO] {'Data': 'valid', 'ACC': '1.0 (50 / 50)', 'TP': 20, 'FP': 0, 'FN': 0, 'TN': 30, 'Precision': '1.0 (20 / 20 + 0)', 'Recall': '1.0 (20 / 20 + 0)', 'F1': '1.0 (2 * (1.0 * 1.0) / 1.0 + 1.0)', 'Specificity': '1.0 (30 / 30 + 0)', 'AUC': 1.0, 'r2': 1.0}
2023-05-29 08:37:43,617 [INFO] Save test_prediction_log data...
2023-05-29 08:37:43,620 [INFO] {'Data': 'test', 'ACC': '0.64 (32 / 50)', 'TP': 8, 'FP': 6, 'FN': 12, 'TN': 24, 'Precision': '0.57 (8 / 8 + 6)', 'Recall': '0.4 (8 / 8 + 12)', 'F1': '0.47 (2 * (0.4 * 0.57) / 0.4 + 0.57)', 'Specificity': '0.8 (24 / 24 + 6)', 'AUC': 0.6, 'r2': -0.5}
2023-05-29 08:37:43,622 [INFO] Save training_log data...
2023-05-29 08:37:43,623 [INFO] Save score_log data...
2023-05-29 08:37:43,624 [INFO] Time : 3.4109654426574707
