2023-05-27 01:11:16,645 [INFO] Train data : Vary_params\DUD-E\MET\nG1_50\ECFP4_512bits\MinMax\MET_train_vector.tsv
2023-05-27 01:11:16,645 [INFO] Valid data : Vary_params\DUD-E\MET\nG1_50\ECFP4_512bits\MinMax\MET_valid_vector.tsv
2023-05-27 01:11:16,645 [INFO] Output path : Vary_params\DUD-E\MET\nG1_50\ECFP4_512bits\MinMax\MET_model\MLP
2023-05-27 01:11:16,646 [INFO] Model type : MLP
2023-05-27 01:11:16,646 [INFO] Use cores : 10
2023-05-27 01:11:16,669 [INFO] Start Learning model
2023-05-27 01:11:16,669 [INFO] Train : 196 | Valid : 49
2023-05-27 01:11:16,669 [INFO] Set parameters : {'hidden_layer_sizes': [(50,), (100,), (50, 50), (100, 100)], 'learning_rate': ['constant', 'invscaling', 'adaptive'], 'activation': ['relu', 'identity', 'logistic', 'tanh'], 'solver': ['adam', 'sgd', 'lbfgs'], 'alpha': [0.1, 0.01, 0.001], 'max_iter': [500, 1000], 'early_stopping': [True]}
2023-05-27 01:13:48,460 [INFO] GridSearchCV results :
     mean_valid_accuracy  mean_valid_precision  mean_valid_auc
0               0.954737                   1.0         0.94375
425             0.995000                   1.0         0.99375
446             0.995000                   1.0         0.99375
443             0.995000                   1.0         0.99375
440             0.995000                   1.0         0.99375
..                   ...                   ...             ...
564             0.602105                   0.0         0.50000
562             0.602105                   0.0         0.50000
561             0.602105                   0.0         0.50000
559             0.602105                   0.0         0.50000
549             0.602105                   0.0         0.50000

[864 rows x 3 columns]
2023-05-27 01:13:48,461 [INFO] Best model :
MLPClassifier(alpha=0.1, early_stopping=True, hidden_layer_sizes=(50,),
              max_iter=500, random_state=42)
2023-05-27 01:13:48,467 [INFO] Save train_prediction_log data...
2023-05-27 01:13:48,469 [INFO] {'Data': 'train', 'ACC': '0.98 (193 / 196)', 'TP': 75, 'FP': 0, 'FN': 3, 'TN': 118, 'Precision': '1.0 (75 / 75 + 0)', 'Recall': '0.96 (75 / 75 + 3)', 'F1': '0.98 (2 * (0.96 * 1.0) / 0.96 + 1.0)', 'Specificity': '1.0 (118 / 118 + 0)', 'AUC': 0.98, 'r2': 0.94}
2023-05-27 01:13:48,474 [INFO] Save valid_prediction_log data...
2023-05-27 01:13:48,476 [INFO] {'Data': 'valid', 'ACC': '0.98 (48 / 49)', 'TP': 19, 'FP': 0, 'FN': 1, 'TN': 29, 'Precision': '1.0 (19 / 19 + 0)', 'Recall': '0.95 (19 / 19 + 1)', 'F1': '0.97 (2 * (0.95 * 1.0) / 0.95 + 1.0)', 'Specificity': '1.0 (29 / 29 + 0)', 'AUC': 0.98, 'r2': 0.92}
2023-05-27 01:13:48,489 [INFO] Save test_prediction_log data...
2023-05-27 01:13:48,494 [INFO] {'Data': 'test', 'ACC': '0.61 (30 / 49)', 'TP': 5, 'FP': 4, 'FN': 15, 'TN': 25, 'Precision': '0.56 (5 / 5 + 4)', 'Recall': '0.25 (5 / 5 + 15)', 'F1': '0.35 (2 * (0.25 * 0.56) / 0.25 + 0.56)', 'Specificity': '0.86 (25 / 25 + 4)', 'AUC': 0.56, 'r2': -0.61}
2023-05-27 01:13:48,497 [INFO] Save training_log data...
2023-05-27 01:13:48,502 [INFO] Save score_log data...
2023-05-27 01:13:48,503 [INFO] Time : 151.8577139377594
