2023-05-27 22:26:31,789 [INFO] Train data : Vary_params\DUD-E\PLK1\nG1_80\ECFP4_512bits\Robust\PLK1_train_vector.tsv
2023-05-27 22:26:31,789 [INFO] Valid data : Vary_params\DUD-E\PLK1\nG1_80\ECFP4_512bits\Robust\PLK1_valid_vector.tsv
2023-05-27 22:26:31,789 [INFO] Output path : Vary_params\DUD-E\PLK1\nG1_80\ECFP4_512bits\Robust\PLK1_model\RF
2023-05-27 22:26:31,789 [INFO] Model type : RF
2023-05-27 22:26:31,789 [INFO] Use cores : 10
2023-05-27 22:26:31,826 [INFO] Start Learning model
2023-05-27 22:26:31,826 [INFO] Train : 84 | Valid : 28
2023-05-27 22:26:31,826 [INFO] Set parameters : {'max_depth': [6, 8, 10, 12], 'max_features': ['sqrt', 'log2'], 'min_samples_leaf': [2, 4, 8, 10], 'min_samples_split': [2, 4, 8, 10], 'n_estimators': [200, 600, 1000]}
2023-05-27 22:32:22,931 [INFO] GridSearchCV results :
     mean_valid_accuracy  mean_valid_precision  mean_valid_auc
0               0.954167                   0.9           0.875
281             0.954167                   0.9           0.875
257             0.954167                   0.9           0.875
256             0.954167                   0.9           0.875
255             0.954167                   0.9           0.875
..                   ...                   ...             ...
341             0.943056                   0.8           0.850
342             0.943056                   0.8           0.850
292             0.943056                   0.8           0.850
344             0.943056                   0.8           0.850
103             0.943056                   0.8           0.850

[384 rows x 3 columns]
2023-05-27 22:32:22,932 [INFO] Best model :
RandomForestClassifier(class_weight='balanced', max_depth=6, min_samples_leaf=2,
                       n_estimators=200, random_state=42)
2023-05-27 22:32:22,947 [INFO] Save train_prediction_log data...
2023-05-27 22:32:22,950 [INFO] {'Data': 'train', 'ACC': '1.0 (84 / 84)', 'TP': 16, 'FP': 0, 'FN': 0, 'TN': 68, 'Precision': '1.0 (16 / 16 + 0)', 'Recall': '1.0 (16 / 16 + 0)', 'F1': '1.0 (2 * (1.0 * 1.0) / 1.0 + 1.0)', 'Specificity': '1.0 (68 / 68 + 0)', 'AUC': 1.0, 'r2': 1.0}
2023-05-27 22:32:22,965 [INFO] Save valid_prediction_log data...
2023-05-27 22:32:22,968 [INFO] {'Data': 'valid', 'ACC': '1.0 (28 / 28)', 'TP': 11, 'FP': 0, 'FN': 0, 'TN': 17, 'Precision': '1.0 (11 / 11 + 0)', 'Recall': '1.0 (11 / 11 + 0)', 'F1': '1.0 (2 * (1.0 * 1.0) / 1.0 + 1.0)', 'Specificity': '1.0 (17 / 17 + 0)', 'AUC': 1.0, 'r2': 1.0}
2023-05-27 22:32:22,996 [INFO] Save test_prediction_log data...
2023-05-27 22:32:22,999 [INFO] {'Data': 'test', 'ACC': '0.61 (17 / 28)', 'TP': 1, 'FP': 1, 'FN': 10, 'TN': 16, 'Precision': '0.5 (1 / 1 + 1)', 'Recall': '0.09 (1 / 1 + 10)', 'F1': '0.15 (2 * (0.09 * 0.5) / 0.09 + 0.5)', 'Specificity': '0.94 (16 / 16 + 1)', 'AUC': 0.52, 'r2': -0.65}
2023-05-27 22:32:23,047 [INFO] Save training_log data...
2023-05-27 22:32:23,050 [INFO] Save score_log data...
2023-05-27 22:32:23,052 [INFO] Time : 351.2633743286133
