2023-05-30 01:30:10,397 [INFO] Train data : Vary_params_BRAF_MK14\DUD-E\MK14\nG1_20\ECFP6_512bits\Standard\MK14_train_vector.tsv
2023-05-30 01:30:10,397 [INFO] Valid data : Vary_params_BRAF_MK14\DUD-E\MK14\nG1_20\ECFP6_512bits\Standard\MK14_valid_vector.tsv
2023-05-30 01:30:10,397 [INFO] Output path : Vary_params_BRAF_MK14\DUD-E\MK14\nG1_20\ECFP6_512bits\Standard\MK14_model\XGB
2023-05-30 01:30:10,397 [INFO] Model type : XGB
2023-05-30 01:30:10,397 [INFO] Use cores : 10
2023-05-30 01:30:10,494 [INFO] Start Learning model
2023-05-30 01:30:10,494 [INFO] Train : 931 | Valid : 225
2023-05-30 01:30:10,496 [INFO] Set parameters : {'max_depth': [4, 6, 8], 'learning_rate': [0.01, 0.2], 'n_estimators': [200, 600, 1000], 'gamma': [0, 1000], 'min_child_weight': [1, 3], 'subsample': [0.5, 1], 'colsample_bytree': [0.5, 1], 'objective': ['binary:logitraw'], 'eval_metric': ['auc', 'error']}
2023-05-30 02:27:27,168 [INFO] GridSearchCV results :
     mean_valid_accuracy  mean_valid_precision  mean_valid_auc
28              0.976401              0.986827        0.973592
172             0.976401              0.986827        0.973592
26              0.974262              0.986748        0.971028
170             0.974262              0.986748        0.971028
48              0.977454              0.984545        0.975231
..                   ...                   ...             ...
379             0.581091              0.000000        0.500000
378             0.581091              0.000000        0.500000
377             0.581091              0.000000        0.500000
376             0.581091              0.000000        0.500000
575             0.581091              0.000000        0.500000

[576 rows x 3 columns]
2023-05-30 02:27:27,169 [INFO] Best model :
XGBClassifier(base_score=None, booster=None, callbacks=None,
              colsample_bylevel=None, colsample_bynode=None,
              colsample_bytree=0.5, early_stopping_rounds=None,
              enable_categorical=False, eval_metric='auc', feature_types=None,
              gamma=0, gpu_id=None, grow_policy=None, importance_type=None,
              interaction_constraints=None, learning_rate=0.01, max_bin=None,
              max_cat_threshold=None, max_cat_to_onehot=None,
              max_delta_step=None, max_depth=8, max_leaves=None,
              min_child_weight=1, missing=nan, monotone_constraints=None,
              n_estimators=1000, n_jobs=0, num_parallel_tree=None,
              objective='binary:logitraw', predictor=None, ...)
2023-05-30 02:27:27,192 [INFO] Save train_prediction_log data...
2023-05-30 02:27:27,198 [INFO] {'Data': 'train', 'ACC': '1.0 (931 / 931)', 'TP': 390, 'FP': 0, 'FN': 0, 'TN': 541, 'Precision': '1.0 (390 / 390 + 0)', 'Recall': '1.0 (390 / 390 + 0)', 'F1': '1.0 (2 * (1.0 * 1.0) / 1.0 + 1.0)', 'Specificity': '1.0 (541 / 541 + 0)', 'AUC': 1.0, 'r2': 1.0}
2023-05-30 02:27:27,216 [INFO] Save valid_prediction_log data...
2023-05-30 02:27:27,219 [INFO] {'Data': 'valid', 'ACC': '0.98 (221 / 225)', 'TP': 89, 'FP': 3, 'FN': 1, 'TN': 132, 'Precision': '0.97 (89 / 89 + 3)', 'Recall': '0.99 (89 / 89 + 1)', 'F1': '0.98 (2 * (0.99 * 0.97) / 0.99 + 0.97)', 'Specificity': '0.98 (132 / 132 + 3)', 'AUC': 0.98, 'r2': 0.93}
2023-05-30 02:27:27,269 [INFO] Save test_prediction_log data...
2023-05-30 02:27:27,273 [INFO] {'Data': 'test', 'ACC': '0.71 (159 / 225)', 'TP': 64, 'FP': 40, 'FN': 26, 'TN': 95, 'Precision': '0.62 (64 / 64 + 40)', 'Recall': '0.71 (64 / 64 + 26)', 'F1': '0.66 (2 * (0.71 * 0.62) / 0.71 + 0.62)', 'Specificity': '0.7 (95 / 95 + 40)', 'AUC': 0.71, 'r2': -0.22}
2023-05-30 02:27:31,258 [INFO] Save training_log data...
2023-05-30 02:27:31,289 [INFO] Save score_log data...
2023-05-30 02:27:31,290 [INFO] Time : 3440.8927516937256
