2023-05-28 22:57:45,203 [INFO] Train data : Vary_params_VGFR2\DUD-E\VGFR2\nG1_20\ECFP6_512bits\MinMax\VGFR2_train_vector.tsv
2023-05-28 22:57:45,203 [INFO] Valid data : Vary_params_VGFR2\DUD-E\VGFR2\nG1_20\ECFP6_512bits\MinMax\VGFR2_valid_vector.tsv
2023-05-28 22:57:45,203 [INFO] Output path : Vary_params_VGFR2\DUD-E\VGFR2\nG1_20\ECFP6_512bits\MinMax\VGFR2_model\SVM
2023-05-28 22:57:45,203 [INFO] Model type : SVM
2023-05-28 22:57:45,203 [INFO] Use cores : 18
2023-05-28 22:57:45,257 [INFO] Start Learning model
2023-05-28 22:57:45,257 [INFO] Train : 747 | Valid : 180
2023-05-28 22:57:45,257 [INFO] Set parameters : {'kernel': ['linear', 'rbf'], 'C': [0.01, 0.1, 1, 10, 100, 1000], 'gamma': [0.01, 0.1, 1, 100, 1000]}
2023-05-28 22:58:04,518 [INFO] GridSearchCV results :
    mean_valid_accuracy  mean_valid_precision  mean_valid_auc
53             0.652126              1.000000        0.590373
33             0.652126              1.000000        0.590373
43             0.652126              1.000000        0.590373
11             0.816595              1.000000        0.783871
21             0.977243              0.981706        0.975735
31             0.977261              0.975987        0.976585
41             0.977261              0.975987        0.976585
51             0.977261              0.975987        0.976585
0              0.967856              0.963413        0.967145
8              0.967856              0.963413        0.967145
4              0.967856              0.963413        0.967145
6              0.967856              0.963413        0.967145
2              0.967856              0.963413        0.967145
32             0.962505              0.953683        0.962094
34             0.962505              0.953683        0.962094
36             0.962505              0.953683        0.962094
38             0.962505              0.953683        0.962094
58             0.962505              0.953683        0.962094
40             0.962505              0.953683        0.962094
42             0.962505              0.953683        0.962094
52             0.962505              0.953683        0.962094
56             0.962505              0.953683        0.962094
44             0.962505              0.953683        0.962094
46             0.962505              0.953683        0.962094
28             0.962505              0.953683        0.962094
50             0.962505              0.953683        0.962094
54             0.962505              0.953683        0.962094
48             0.962505              0.953683        0.962094
30             0.962505              0.953683        0.962094
16             0.962505              0.953683        0.962094
14             0.962505              0.953683        0.962094
12             0.962505              0.953683        0.962094
10             0.962505              0.953683        0.962094
18             0.962505              0.953683        0.962094
20             0.962505              0.953683        0.962094
22             0.962505              0.953683        0.962094
24             0.962505              0.953683        0.962094
26             0.962505              0.953683        0.962094
23             0.613225              0.900000        0.544405
55             0.575658              0.000000        0.500000
5              0.575658              0.000000        0.500000
7              0.575658              0.000000        0.500000
9              0.575658              0.000000        0.500000
57             0.575658              0.000000        0.500000
3              0.575658              0.000000        0.500000
13             0.575658              0.000000        0.500000
49             0.575658              0.000000        0.500000
29             0.575658              0.000000        0.500000
47             0.575658              0.000000        0.500000
15             0.575658              0.000000        0.500000
45             0.575658              0.000000        0.500000
1              0.575658              0.000000        0.500000
17             0.575658              0.000000        0.500000
19             0.575658              0.000000        0.500000
39             0.575658              0.000000        0.500000
37             0.575658              0.000000        0.500000
35             0.575658              0.000000        0.500000
25             0.575658              0.000000        0.500000
27             0.575658              0.000000        0.500000
59             0.575658              0.000000        0.500000
2023-05-28 22:58:04,520 [INFO] Best model :
SVC(C=0.1, gamma=0.01, random_state=42)
2023-05-28 22:58:04,664 [INFO] Save train_prediction_log data...
2023-05-28 22:58:04,668 [INFO] {'Data': 'train', 'ACC': '0.91 (677 / 747)', 'TP': 247, 'FP': 0, 'FN': 70, 'TN': 430, 'Precision': '1.0 (247 / 247 + 0)', 'Recall': '0.78 (247 / 247 + 70)', 'F1': '0.88 (2 * (0.78 * 1.0) / 0.78 + 1.0)', 'Specificity': '1.0 (430 / 430 + 0)', 'AUC': 0.89, 'r2': 0.62}
2023-05-28 22:58:04,706 [INFO] Save valid_prediction_log data...
2023-05-28 22:58:04,709 [INFO] {'Data': 'valid', 'ACC': '0.96 (172 / 180)', 'TP': 65, 'FP': 1, 'FN': 7, 'TN': 107, 'Precision': '0.98 (65 / 65 + 1)', 'Recall': '0.9 (65 / 65 + 7)', 'F1': '0.94 (2 * (0.9 * 0.98) / 0.9 + 0.98)', 'Specificity': '0.99 (107 / 107 + 1)', 'AUC': 0.95, 'r2': 0.81}
2023-05-28 22:58:04,762 [INFO] Save test_prediction_log data...
2023-05-28 22:58:04,765 [INFO] {'Data': 'test', 'ACC': '0.58 (104 / 180)', 'TP': 7, 'FP': 11, 'FN': 65, 'TN': 97, 'Precision': '0.39 (7 / 7 + 11)', 'Recall': '0.1 (7 / 7 + 65)', 'F1': '0.16 (2 * (0.1 * 0.39) / 0.1 + 0.39)', 'Specificity': '0.9 (97 / 97 + 11)', 'AUC': 0.5, 'r2': -0.76}
2023-05-28 22:58:04,769 [INFO] Save training_log data...
2023-05-28 22:58:04,771 [INFO] Save score_log data...
2023-05-28 22:58:04,772 [INFO] Time : 19.568490505218506
