2023-05-28 17:57:33,366 [INFO] Train data : Vary_params_FGFR1\DUD-E\FGFR1\nG1_20\ECFP6_256bits\MinMax\FGFR1_train_vector.tsv
2023-05-28 17:57:33,366 [INFO] Valid data : Vary_params_FGFR1\DUD-E\FGFR1\nG1_20\ECFP6_256bits\MinMax\FGFR1_valid_vector.tsv
2023-05-28 17:57:33,366 [INFO] Output path : Vary_params_FGFR1\DUD-E\FGFR1\nG1_20\ECFP6_256bits\MinMax\FGFR1_model\MLP
2023-05-28 17:57:33,366 [INFO] Model type : MLP
2023-05-28 17:57:33,366 [INFO] Use cores : 10
2023-05-28 17:57:33,389 [INFO] Start Learning model
2023-05-28 17:57:33,389 [INFO] Train : 203 | Valid : 43
2023-05-28 17:57:33,389 [INFO] Set parameters : {'hidden_layer_sizes': [(50,), (100,), (50, 50), (100, 100)], 'learning_rate': ['constant', 'invscaling', 'adaptive'], 'activation': ['relu', 'identity', 'logistic', 'tanh'], 'solver': ['adam', 'sgd', 'lbfgs'], 'alpha': [0.1, 0.01, 0.001], 'max_iter': [500, 1000], 'early_stopping': [True]}
2023-05-28 17:59:37,573 [INFO] GridSearchCV results :
     mean_valid_accuracy  mean_valid_precision  mean_valid_auc
642             0.883333              0.990909        0.879444
573             0.883333              0.990909        0.879444
558             0.883333              0.990909        0.879444
561             0.883333              0.990909        0.879444
564             0.883333              0.990909        0.879444
..                   ...                   ...             ...
619             0.512143              0.000000        0.500000
622             0.512143              0.000000        0.500000
625             0.512143              0.000000        0.500000
628             0.512143              0.000000        0.500000
469             0.512143              0.000000        0.500000

[864 rows x 3 columns]
2023-05-28 17:59:37,574 [INFO] Best model :
MLPClassifier(activation='logistic', alpha=0.01, early_stopping=True,
              hidden_layer_sizes=(100, 100), max_iter=500, random_state=42)
2023-05-28 17:59:37,583 [INFO] Save train_prediction_log data...
2023-05-28 17:59:37,588 [INFO] {'Data': 'train', 'ACC': '0.91 (184 / 203)', 'TP': 80, 'FP': 0, 'FN': 19, 'TN': 104, 'Precision': '1.0 (80 / 80 + 0)', 'Recall': '0.81 (80 / 80 + 19)', 'F1': '0.9 (2 * (0.81 * 1.0) / 0.81 + 1.0)', 'Specificity': '1.0 (104 / 104 + 0)', 'AUC': 0.9, 'r2': 0.63}
2023-05-28 17:59:37,612 [INFO] Save valid_prediction_log data...
2023-05-28 17:59:37,616 [INFO] {'Data': 'valid', 'ACC': '0.93 (40 / 43)', 'TP': 14, 'FP': 0, 'FN': 3, 'TN': 26, 'Precision': '1.0 (14 / 14 + 0)', 'Recall': '0.82 (14 / 14 + 3)', 'F1': '0.9 (2 * (0.82 * 1.0) / 0.82 + 1.0)', 'Specificity': '1.0 (26 / 26 + 0)', 'AUC': 0.91, 'r2': 0.71}
2023-05-28 17:59:37,660 [INFO] Save test_prediction_log data...
2023-05-28 17:59:37,665 [INFO] {'Data': 'test', 'ACC': '0.67 (29 / 43)', 'TP': 5, 'FP': 2, 'FN': 12, 'TN': 24, 'Precision': '0.71 (5 / 5 + 2)', 'Recall': '0.29 (5 / 5 + 12)', 'F1': '0.41 (2 * (0.29 * 0.71) / 0.29 + 0.71)', 'Specificity': '0.92 (24 / 24 + 2)', 'AUC': 0.61, 'r2': -0.36}
2023-05-28 17:59:37,670 [INFO] Save training_log data...
2023-05-28 17:59:37,678 [INFO] Save score_log data...
2023-05-28 17:59:37,680 [INFO] Time : 124.31510710716248
