2023-05-28 14:50:30,288 [INFO] Train data : Vary_params_FGFR1\DUD-E\FGFR1\nG1_20\ECFP4_256bits\MinMax\FGFR1_train_vector.tsv
2023-05-28 14:50:30,289 [INFO] Valid data : Vary_params_FGFR1\DUD-E\FGFR1\nG1_20\ECFP4_256bits\MinMax\FGFR1_valid_vector.tsv
2023-05-28 14:50:30,289 [INFO] Output path : Vary_params_FGFR1\DUD-E\FGFR1\nG1_20\ECFP4_256bits\MinMax\FGFR1_model\XGB
2023-05-28 14:50:30,289 [INFO] Model type : XGB
2023-05-28 14:50:30,289 [INFO] Use cores : 10
2023-05-28 14:50:30,311 [INFO] Start Learning model
2023-05-28 14:50:30,311 [INFO] Train : 203 | Valid : 43
2023-05-28 14:50:30,312 [INFO] Set parameters : {'max_depth': [4, 6, 8], 'learning_rate': [0.01, 0.2], 'n_estimators': [200, 600, 1000], 'gamma': [0, 1000], 'min_child_weight': [1, 3], 'subsample': [0.5, 1], 'colsample_bytree': [0.5, 1], 'objective': ['binary:logitraw'], 'eval_metric': ['auc', 'error']}
2023-05-28 15:02:44,952 [INFO] GridSearchCV results :
     mean_valid_accuracy  mean_valid_precision  mean_valid_auc
0               0.903333              0.979798        0.899899
12              0.903333              0.979798        0.899899
24              0.903333              0.979798        0.899899
150             0.874286              0.979798        0.869899
156             0.903333              0.979798        0.899899
..                   ...                   ...             ...
383             0.512143              0.000000        0.500000
382             0.512143              0.000000        0.500000
381             0.512143              0.000000        0.500000
380             0.512143              0.000000        0.500000
575             0.512143              0.000000        0.500000

[576 rows x 3 columns]
2023-05-28 15:02:44,955 [INFO] Best model :
XGBClassifier(base_score=None, booster=None, callbacks=None,
              colsample_bylevel=None, colsample_bynode=None,
              colsample_bytree=0.5, early_stopping_rounds=None,
              enable_categorical=False, eval_metric='auc', feature_types=None,
              gamma=0, gpu_id=None, grow_policy=None, importance_type=None,
              interaction_constraints=None, learning_rate=0.01, max_bin=None,
              max_cat_threshold=None, max_cat_to_onehot=None,
              max_delta_step=None, max_depth=4, max_leaves=None,
              min_child_weight=1, missing=nan, monotone_constraints=None,
              n_estimators=200, n_jobs=0, num_parallel_tree=None,
              objective='binary:logitraw', predictor=None, ...)
2023-05-28 15:02:44,972 [INFO] Save train_prediction_log data...
2023-05-28 15:02:44,978 [INFO] {'Data': 'train', 'ACC': '0.97 (197 / 203)', 'TP': 93, 'FP': 0, 'FN': 6, 'TN': 104, 'Precision': '1.0 (93 / 93 + 0)', 'Recall': '0.94 (93 / 93 + 6)', 'F1': '0.97 (2 * (0.94 * 1.0) / 0.94 + 1.0)', 'Specificity': '1.0 (104 / 104 + 0)', 'AUC': 0.97, 'r2': 0.88}
2023-05-28 15:02:44,990 [INFO] Save valid_prediction_log data...
2023-05-28 15:02:44,994 [INFO] {'Data': 'valid', 'ACC': '0.98 (42 / 43)', 'TP': 17, 'FP': 1, 'FN': 0, 'TN': 25, 'Precision': '0.94 (17 / 17 + 1)', 'Recall': '1.0 (17 / 17 + 0)', 'F1': '0.97 (2 * (1.0 * 0.94) / 1.0 + 0.94)', 'Specificity': '0.96 (25 / 25 + 1)', 'AUC': 0.98, 'r2': 0.9}
2023-05-28 15:02:45,015 [INFO] Save test_prediction_log data...
2023-05-28 15:02:45,019 [INFO] {'Data': 'test', 'ACC': '0.65 (28 / 43)', 'TP': 7, 'FP': 5, 'FN': 10, 'TN': 21, 'Precision': '0.58 (7 / 7 + 5)', 'Recall': '0.41 (7 / 7 + 10)', 'F1': '0.48 (2 * (0.41 * 0.58) / 0.41 + 0.58)', 'Specificity': '0.81 (21 / 21 + 5)', 'AUC': 0.61, 'r2': -0.46}
2023-05-28 15:02:45,035 [INFO] Save training_log data...
2023-05-28 15:02:45,041 [INFO] Save score_log data...
2023-05-28 15:02:45,042 [INFO] Time : 734.7542159557343
