2023-05-28 21:51:52,258 [INFO] Train data : Vary_params_FGFR1\DUD-E\FGFR1\nG1_50\ECFP4_512bits\MinMax\FGFR1_train_vector.tsv
2023-05-28 21:51:52,258 [INFO] Valid data : Vary_params_FGFR1\DUD-E\FGFR1\nG1_50\ECFP4_512bits\MinMax\FGFR1_valid_vector.tsv
2023-05-28 21:51:52,258 [INFO] Output path : Vary_params_FGFR1\DUD-E\FGFR1\nG1_50\ECFP4_512bits\MinMax\FGFR1_model\MLP
2023-05-28 21:51:52,258 [INFO] Model type : MLP
2023-05-28 21:51:52,258 [INFO] Use cores : 10
2023-05-28 21:51:52,293 [INFO] Start Learning model
2023-05-28 21:51:52,293 [INFO] Train : 173 | Valid : 43
2023-05-28 21:51:52,293 [INFO] Set parameters : {'hidden_layer_sizes': [(50,), (100,), (50, 50), (100, 100)], 'learning_rate': ['constant', 'invscaling', 'adaptive'], 'activation': ['relu', 'identity', 'logistic', 'tanh'], 'solver': ['adam', 'sgd', 'lbfgs'], 'alpha': [0.1, 0.01, 0.001], 'max_iter': [500, 1000], 'early_stopping': [True]}
2023-05-28 21:54:40,187 [INFO] GridSearchCV results :
     mean_valid_accuracy  mean_valid_precision  mean_valid_auc
662             0.976797                   1.0        0.971429
597             0.884641                   1.0        0.857143
260             0.970915                   1.0        0.964286
600             0.884641                   1.0        0.857143
257             0.970915                   1.0        0.964286
..                   ...                   ...             ...
208             0.600980                   0.0        0.500000
205             0.600980                   0.0        0.500000
481             0.600980                   0.0        0.500000
202             0.600980                   0.0        0.500000
181             0.600980                   0.0        0.500000

[864 rows x 3 columns]
2023-05-28 21:54:40,188 [INFO] Best model :
MLPClassifier(alpha=0.1, early_stopping=True, hidden_layer_sizes=(50,),
              max_iter=500, random_state=42, solver='lbfgs')
2023-05-28 21:54:40,206 [INFO] Save train_prediction_log data...
2023-05-28 21:54:40,212 [INFO] {'Data': 'train', 'ACC': '1.0 (173 / 173)', 'TP': 69, 'FP': 0, 'FN': 0, 'TN': 104, 'Precision': '1.0 (69 / 69 + 0)', 'Recall': '1.0 (69 / 69 + 0)', 'F1': '1.0 (2 * (1.0 * 1.0) / 1.0 + 1.0)', 'Specificity': '1.0 (104 / 104 + 0)', 'AUC': 1.0, 'r2': 1.0}
2023-05-28 21:54:40,219 [INFO] Save valid_prediction_log data...
2023-05-28 21:54:40,222 [INFO] {'Data': 'valid', 'ACC': '1.0 (43 / 43)', 'TP': 17, 'FP': 0, 'FN': 0, 'TN': 26, 'Precision': '1.0 (17 / 17 + 0)', 'Recall': '1.0 (17 / 17 + 0)', 'F1': '1.0 (2 * (1.0 * 1.0) / 1.0 + 1.0)', 'Specificity': '1.0 (26 / 26 + 0)', 'AUC': 1.0, 'r2': 1.0}
2023-05-28 21:54:40,246 [INFO] Save test_prediction_log data...
2023-05-28 21:54:40,249 [INFO] {'Data': 'test', 'ACC': '0.65 (28 / 43)', 'TP': 8, 'FP': 6, 'FN': 9, 'TN': 20, 'Precision': '0.57 (8 / 8 + 6)', 'Recall': '0.47 (8 / 8 + 9)', 'F1': '0.52 (2 * (0.47 * 0.57) / 0.47 + 0.57)', 'Specificity': '0.77 (20 / 20 + 6)', 'AUC': 0.62, 'r2': -0.46}
2023-05-28 21:54:40,253 [INFO] Save training_log data...
2023-05-28 21:54:40,260 [INFO] Save score_log data...
2023-05-28 21:54:40,262 [INFO] Time : 168.00390028953552
