2023-05-29 01:38:53,572 [INFO] Train data : Vary_params_BRAF_MK14\DUD-E\BRAF\nG1_20\ECFP4_256bits\Standard\BRAF_train_vector.tsv
2023-05-29 01:38:53,572 [INFO] Valid data : Vary_params_BRAF_MK14\DUD-E\BRAF\nG1_20\ECFP4_256bits\Standard\BRAF_valid_vector.tsv
2023-05-29 01:38:53,573 [INFO] Output path : Vary_params_BRAF_MK14\DUD-E\BRAF\nG1_20\ECFP4_256bits\Standard\BRAF_model\RF
2023-05-29 01:38:53,573 [INFO] Model type : RF
2023-05-29 01:38:53,573 [INFO] Use cores : 12
2023-05-29 01:38:53,598 [INFO] Start Learning model
2023-05-29 01:38:53,598 [INFO] Train : 231 | Valid : 50
2023-05-29 01:38:53,598 [INFO] Set parameters : {'max_depth': [6, 8, 10, 12], 'max_features': ['sqrt', 'log2'], 'min_samples_leaf': [2, 4, 8, 10], 'min_samples_split': [2, 4, 8, 10], 'n_estimators': [200, 600, 1000]}
2023-05-29 01:43:14,867 [INFO] GridSearchCV results :
     mean_valid_accuracy  mean_valid_precision  mean_valid_auc
0               0.991304              1.000000        0.990909
235             0.982790              1.000000        0.981818
245             0.991304              1.000000        0.990909
244             0.991304              1.000000        0.990909
242             0.991304              1.000000        0.990909
..                   ...                   ...             ...
85              0.982609              0.991667        0.982197
273             0.974094              0.991667        0.973106
87              0.978442              0.991667        0.977652
88              0.982609              0.991667        0.982197
277             0.982609              0.991667        0.982197

[384 rows x 3 columns]
2023-05-29 01:43:14,867 [INFO] Best model :
RandomForestClassifier(class_weight='balanced', max_depth=6, min_samples_leaf=2,
                       n_estimators=200, random_state=42)
2023-05-29 01:43:14,883 [INFO] Save train_prediction_log data...
2023-05-29 01:43:14,902 [INFO] {'Data': 'train', 'ACC': '1.0 (230 / 231)', 'TP': 109, 'FP': 0, 'FN': 1, 'TN': 121, 'Precision': '1.0 (109 / 109 + 0)', 'Recall': '0.99 (109 / 109 + 1)', 'F1': '0.99 (2 * (0.99 * 1.0) / 0.99 + 1.0)', 'Specificity': '1.0 (121 / 121 + 0)', 'AUC': 1.0, 'r2': 0.98}
2023-05-29 01:43:14,916 [INFO] Save valid_prediction_log data...
2023-05-29 01:43:14,919 [INFO] {'Data': 'valid', 'ACC': '1.0 (50 / 50)', 'TP': 20, 'FP': 0, 'FN': 0, 'TN': 30, 'Precision': '1.0 (20 / 20 + 0)', 'Recall': '1.0 (20 / 20 + 0)', 'F1': '1.0 (2 * (1.0 * 1.0) / 1.0 + 1.0)', 'Specificity': '1.0 (30 / 30 + 0)', 'AUC': 1.0, 'r2': 1.0}
2023-05-29 01:43:14,940 [INFO] Save test_prediction_log data...
2023-05-29 01:43:14,943 [INFO] {'Data': 'test', 'ACC': '0.66 (33 / 50)', 'TP': 9, 'FP': 6, 'FN': 11, 'TN': 24, 'Precision': '0.6 (9 / 9 + 6)', 'Recall': '0.45 (9 / 9 + 11)', 'F1': '0.51 (2 * (0.45 * 0.6) / 0.45 + 0.6)', 'Specificity': '0.8 (24 / 24 + 6)', 'AUC': 0.62, 'r2': -0.42}
2023-05-29 01:43:14,983 [INFO] Save training_log data...
2023-05-29 01:43:14,985 [INFO] Save score_log data...
2023-05-29 01:43:14,986 [INFO] Time : 261.4139018058777
