2023-05-26 22:09:18,068 [INFO] Train data : Vary_params\DUD-E\MET\nG1_20\ECFP6_256bits\MinMax\MET_train_vector.tsv
2023-05-26 22:09:18,068 [INFO] Valid data : Vary_params\DUD-E\MET\nG1_20\ECFP6_256bits\MinMax\MET_valid_vector.tsv
2023-05-26 22:09:18,068 [INFO] Output path : Vary_params\DUD-E\MET\nG1_20\ECFP6_256bits\MinMax\MET_model\XGB
2023-05-26 22:09:18,068 [INFO] Model type : XGB
2023-05-26 22:09:18,068 [INFO] Use cores : 10
2023-05-26 22:09:18,083 [INFO] Start Learning model
2023-05-26 22:09:18,083 [INFO] Train : 226 | Valid : 49
2023-05-26 22:09:18,084 [INFO] Set parameters : {'max_depth': [4, 6, 8], 'learning_rate': [0.01, 0.2], 'n_estimators': [200, 600, 1000], 'gamma': [0, 1000], 'min_child_weight': [1, 3], 'subsample': [0.5, 1], 'colsample_bytree': [0.5, 1], 'objective': ['binary:logitraw'], 'eval_metric': ['auc', 'error']}
2023-05-26 22:17:55,292 [INFO] GridSearchCV results :
     mean_valid_accuracy  mean_valid_precision  mean_valid_auc
28              0.939130              0.973333          0.9375
16              0.939130              0.973333          0.9375
2               0.939130              0.973333          0.9375
26              0.939130              0.973333          0.9375
4               0.939130              0.973333          0.9375
..                   ...                   ...             ...
368             0.522134              0.000000          0.5000
367             0.522134              0.000000          0.5000
366             0.522134              0.000000          0.5000
365             0.522134              0.000000          0.5000
575             0.522134              0.000000          0.5000

[576 rows x 3 columns]
2023-05-26 22:17:55,293 [INFO] Best model :
XGBClassifier(base_score=None, booster=None, callbacks=None,
              colsample_bylevel=None, colsample_bynode=None,
              colsample_bytree=0.5, early_stopping_rounds=None,
              enable_categorical=False, eval_metric='auc', feature_types=None,
              gamma=0, gpu_id=None, grow_policy=None, importance_type=None,
              interaction_constraints=None, learning_rate=0.01, max_bin=None,
              max_cat_threshold=None, max_cat_to_onehot=None,
              max_delta_step=None, max_depth=4, max_leaves=None,
              min_child_weight=1, missing=nan, monotone_constraints=None,
              n_estimators=600, n_jobs=0, num_parallel_tree=None,
              objective='binary:logitraw', predictor=None, ...)
2023-05-26 22:17:55,303 [INFO] Save train_prediction_log data...
2023-05-26 22:17:55,307 [INFO] {'Data': 'train', 'ACC': '1.0 (225 / 226)', 'TP': 107, 'FP': 0, 'FN': 1, 'TN': 118, 'Precision': '1.0 (107 / 107 + 0)', 'Recall': '0.99 (107 / 107 + 1)', 'F1': '0.99 (2 * (0.99 * 1.0) / 0.99 + 1.0)', 'Specificity': '1.0 (118 / 118 + 0)', 'AUC': 1.0, 'r2': 0.98}
2023-05-26 22:17:55,316 [INFO] Save valid_prediction_log data...
2023-05-26 22:17:55,318 [INFO] {'Data': 'valid', 'ACC': '0.98 (48 / 49)', 'TP': 20, 'FP': 1, 'FN': 0, 'TN': 28, 'Precision': '0.95 (20 / 20 + 1)', 'Recall': '1.0 (20 / 20 + 0)', 'F1': '0.97 (2 * (1.0 * 0.95) / 1.0 + 0.95)', 'Specificity': '0.97 (28 / 28 + 1)', 'AUC': 0.98, 'r2': 0.92}
2023-05-26 22:17:55,334 [INFO] Save test_prediction_log data...
2023-05-26 22:17:55,338 [INFO] {'Data': 'test', 'ACC': '0.61 (30 / 49)', 'TP': 7, 'FP': 6, 'FN': 13, 'TN': 23, 'Precision': '0.54 (7 / 7 + 6)', 'Recall': '0.35 (7 / 7 + 13)', 'F1': '0.42 (2 * (0.35 * 0.54) / 0.35 + 0.54)', 'Specificity': '0.79 (23 / 23 + 6)', 'AUC': 0.57, 'r2': -0.61}
2023-05-26 22:17:55,347 [INFO] Save training_log data...
2023-05-26 22:17:55,352 [INFO] Save score_log data...
2023-05-26 22:17:55,353 [INFO] Time : 517.2849962711334
