2023-05-27 12:55:38,497 [INFO] Train data : Vary_params\DUD-E\AKT2\nG1_20\ECFP4_512bits\Robust\AKT2_train_vector.tsv
2023-05-27 12:55:38,497 [INFO] Valid data : Vary_params\DUD-E\AKT2\nG1_20\ECFP4_512bits\Robust\AKT2_valid_vector.tsv
2023-05-27 12:55:38,497 [INFO] Output path : Vary_params\DUD-E\AKT2\nG1_20\ECFP4_512bits\Robust\AKT2_model\XGB
2023-05-27 12:55:38,497 [INFO] Model type : XGB
2023-05-27 12:55:38,498 [INFO] Use cores : 11
2023-05-27 12:55:38,524 [INFO] Start Learning model
2023-05-27 12:55:38,524 [INFO] Train : 155 | Valid : 31
2023-05-27 12:55:38,525 [INFO] Set parameters : {'max_depth': [4, 6, 8], 'learning_rate': [0.01, 0.2], 'n_estimators': [200, 600, 1000], 'gamma': [0, 1000], 'min_child_weight': [1, 3], 'subsample': [0.5, 1], 'colsample_bytree': [0.5, 1], 'objective': ['binary:logitraw'], 'eval_metric': ['auc', 'error']}
2023-05-27 13:09:48,053 [INFO] GridSearchCV results :
     mean_valid_accuracy  mean_valid_precision  mean_valid_auc
0               0.968333                   1.0         0.96875
12              0.968333                   1.0         0.96875
456             0.974583                   1.0         0.97500
444             0.974583                   1.0         0.97500
432             0.974583                   1.0         0.97500
..                   ...                   ...             ...
102             0.483333                   0.0         0.50000
103             0.483333                   0.0         0.50000
104             0.483333                   0.0         0.50000
105             0.483333                   0.0         0.50000
575             0.483333                   0.0         0.50000

[576 rows x 3 columns]
2023-05-27 13:09:48,055 [INFO] Best model :
XGBClassifier(base_score=None, booster=None, callbacks=None,
              colsample_bylevel=None, colsample_bynode=None,
              colsample_bytree=0.5, early_stopping_rounds=None,
              enable_categorical=False, eval_metric='auc', feature_types=None,
              gamma=0, gpu_id=None, grow_policy=None, importance_type=None,
              interaction_constraints=None, learning_rate=0.01, max_bin=None,
              max_cat_threshold=None, max_cat_to_onehot=None,
              max_delta_step=None, max_depth=4, max_leaves=None,
              min_child_weight=1, missing=nan, monotone_constraints=None,
              n_estimators=200, n_jobs=0, num_parallel_tree=None,
              objective='binary:logitraw', predictor=None, ...)
2023-05-27 13:09:48,074 [INFO] Save train_prediction_log data...
2023-05-27 13:09:48,079 [INFO] {'Data': 'train', 'ACC': '0.98 (152 / 155)', 'TP': 77, 'FP': 0, 'FN': 3, 'TN': 75, 'Precision': '1.0 (77 / 77 + 0)', 'Recall': '0.96 (77 / 77 + 3)', 'F1': '0.98 (2 * (0.96 * 1.0) / 0.96 + 1.0)', 'Specificity': '1.0 (75 / 75 + 0)', 'AUC': 0.98, 'r2': 0.92}
2023-05-27 13:09:48,095 [INFO] Save valid_prediction_log data...
2023-05-27 13:09:48,099 [INFO] {'Data': 'valid', 'ACC': '0.97 (30 / 31)', 'TP': 12, 'FP': 1, 'FN': 0, 'TN': 18, 'Precision': '0.92 (12 / 12 + 1)', 'Recall': '1.0 (12 / 12 + 0)', 'F1': '0.96 (2 * (1.0 * 0.92) / 1.0 + 0.92)', 'Specificity': '0.95 (18 / 18 + 1)', 'AUC': 0.97, 'r2': 0.86}
2023-05-27 13:09:48,130 [INFO] Save test_prediction_log data...
2023-05-27 13:09:48,140 [INFO] {'Data': 'test', 'ACC': '0.77 (24 / 31)', 'TP': 9, 'FP': 4, 'FN': 3, 'TN': 15, 'Precision': '0.69 (9 / 9 + 4)', 'Recall': '0.75 (9 / 9 + 3)', 'F1': '0.72 (2 * (0.75 * 0.69) / 0.75 + 0.69)', 'Specificity': '0.79 (15 / 15 + 4)', 'AUC': 0.77, 'r2': 0.05}
2023-05-27 13:09:48,146 [INFO] Save training_log data...
2023-05-27 13:09:48,151 [INFO] Save score_log data...
2023-05-27 13:09:48,152 [INFO] Time : 849.6549706459045
