2023-05-27 04:13:30,861 [INFO] Train data : Vary_params\DUD-E\AKT1\nG1_80\ECFP4_256bits\Standard\AKT1_train_vector.tsv
2023-05-27 04:13:30,861 [INFO] Valid data : Vary_params\DUD-E\AKT1\nG1_80\ECFP4_256bits\Standard\AKT1_valid_vector.tsv
2023-05-27 04:13:30,861 [INFO] Output path : Vary_params\DUD-E\AKT1\nG1_80\ECFP4_256bits\Standard\AKT1_model\SVM
2023-05-27 04:13:30,861 [INFO] Model type : SVM
2023-05-27 04:13:30,861 [INFO] Use cores : 11
2023-05-27 04:13:30,896 [INFO] Start Learning model
2023-05-27 04:13:30,896 [INFO] Train : 451 | Valid : 120
2023-05-27 04:13:30,896 [INFO] Set parameters : {'kernel': ['linear', 'rbf'], 'C': [0.01, 0.1, 1, 10, 100, 1000], 'gamma': [0.01, 0.1, 1, 100, 1000]}
2023-05-27 04:13:35,499 [INFO] GridSearchCV results :
    mean_valid_accuracy  mean_valid_precision  mean_valid_auc
31             0.953527              1.000000        0.936029
21             0.946908              1.000000        0.927022
51             0.953527              1.000000        0.936029
41             0.953527              1.000000        0.936029
0              0.977923              0.970221        0.976490
2              0.977923              0.970221        0.976490
4              0.977923              0.970221        0.976490
6              0.977923              0.970221        0.976490
8              0.977923              0.970221        0.976490
42             0.977874              0.965359        0.977523
32             0.977874              0.965359        0.977523
34             0.977874              0.965359        0.977523
36             0.977874              0.965359        0.977523
38             0.977874              0.965359        0.977523
40             0.977874              0.965359        0.977523
48             0.977874              0.965359        0.977523
44             0.977874              0.965359        0.977523
46             0.977874              0.965359        0.977523
26             0.977874              0.965359        0.977523
50             0.977874              0.965359        0.977523
52             0.977874              0.965359        0.977523
54             0.977874              0.965359        0.977523
56             0.977874              0.965359        0.977523
58             0.977874              0.965359        0.977523
28             0.977874              0.965359        0.977523
30             0.977874              0.965359        0.977523
18             0.977874              0.965359        0.977523
24             0.977874              0.965359        0.977523
14             0.977874              0.965359        0.977523
12             0.977874              0.965359        0.977523
22             0.977874              0.965359        0.977523
16             0.977874              0.965359        0.977523
20             0.977874              0.965359        0.977523
10             0.977874              0.965359        0.977523
11             0.643043              0.100000        0.503125
25             0.640821              0.000000        0.500000
49             0.640821              0.000000        0.500000
53             0.640821              0.000000        0.500000
9              0.640821              0.000000        0.500000
13             0.640821              0.000000        0.500000
7              0.640821              0.000000        0.500000
55             0.640821              0.000000        0.500000
5              0.640821              0.000000        0.500000
57             0.640821              0.000000        0.500000
3              0.640821              0.000000        0.500000
47             0.640821              0.000000        0.500000
43             0.640821              0.000000        0.500000
45             0.640821              0.000000        0.500000
27             0.640821              0.000000        0.500000
15             0.640821              0.000000        0.500000
17             0.640821              0.000000        0.500000
39             0.640821              0.000000        0.500000
37             0.640821              0.000000        0.500000
19             0.640821              0.000000        0.500000
35             0.640821              0.000000        0.500000
33             0.640821              0.000000        0.500000
23             0.640821              0.000000        0.500000
1              0.640821              0.000000        0.500000
29             0.640821              0.000000        0.500000
59             0.640821              0.000000        0.500000
2023-05-27 04:13:35,511 [INFO] Best model :
SVC(C=1, gamma=0.01, random_state=42)
2023-05-27 04:13:35,563 [INFO] Save train_prediction_log data...
2023-05-27 04:13:35,570 [INFO] {'Data': 'train', 'ACC': '1.0 (451 / 451)', 'TP': 162, 'FP': 0, 'FN': 0, 'TN': 289, 'Precision': '1.0 (162 / 162 + 0)', 'Recall': '1.0 (162 / 162 + 0)', 'F1': '1.0 (2 * (1.0 * 1.0) / 1.0 + 1.0)', 'Specificity': '1.0 (289 / 289 + 0)', 'AUC': 1.0, 'r2': 1.0}
2023-05-27 04:13:35,584 [INFO] Save valid_prediction_log data...
2023-05-27 04:13:35,588 [INFO] {'Data': 'valid', 'ACC': '1.0 (120 / 120)', 'TP': 48, 'FP': 0, 'FN': 0, 'TN': 72, 'Precision': '1.0 (48 / 48 + 0)', 'Recall': '1.0 (48 / 48 + 0)', 'F1': '1.0 (2 * (1.0 * 1.0) / 1.0 + 1.0)', 'Specificity': '1.0 (72 / 72 + 0)', 'AUC': 1.0, 'r2': 1.0}
2023-05-27 04:13:35,609 [INFO] Save test_prediction_log data...
2023-05-27 04:13:35,613 [INFO] {'Data': 'test', 'ACC': '0.68 (81 / 120)', 'TP': 10, 'FP': 1, 'FN': 38, 'TN': 71, 'Precision': '0.91 (10 / 10 + 1)', 'Recall': '0.21 (10 / 10 + 38)', 'F1': '0.34 (2 * (0.21 * 0.91) / 0.21 + 0.91)', 'Specificity': '0.99 (71 / 71 + 1)', 'AUC': 0.6, 'r2': -0.35}
2023-05-27 04:13:35,615 [INFO] Save training_log data...
2023-05-27 04:13:35,616 [INFO] Save score_log data...
2023-05-27 04:13:35,617 [INFO] Time : 4.755608558654785
