2023-05-27 08:54:04,376 [INFO] Train data : Vary_params\DUD-E\MP2K1\nG1_20\ECFP6_512bits\Robust\MP2K1_train_vector.tsv
2023-05-27 08:54:04,377 [INFO] Valid data : Vary_params\DUD-E\MP2K1\nG1_20\ECFP6_512bits\Robust\MP2K1_valid_vector.tsv
2023-05-27 08:54:04,377 [INFO] Output path : Vary_params\DUD-E\MP2K1\nG1_20\ECFP6_512bits\Robust\MP2K1_model\MLP
2023-05-27 08:54:04,377 [INFO] Model type : MLP
2023-05-27 08:54:04,377 [INFO] Use cores : 10
2023-05-27 08:54:04,399 [INFO] Start Learning model
2023-05-27 08:54:04,399 [INFO] Train : 172 | Valid : 35
2023-05-27 08:54:04,400 [INFO] Set parameters : {'hidden_layer_sizes': [(50,), (100,), (50, 50), (100, 100)], 'learning_rate': ['constant', 'invscaling', 'adaptive'], 'activation': ['relu', 'identity', 'logistic', 'tanh'], 'solver': ['adam', 'sgd', 'lbfgs'], 'alpha': [0.1, 0.01, 0.001], 'max_iter': [500, 1000], 'early_stopping': [True]}
2023-05-27 08:56:41,495 [INFO] GridSearchCV results :
     mean_valid_accuracy  mean_valid_precision  mean_valid_auc
56              0.935948                  0.98        0.938889
59              0.935948                  0.98        0.938889
62              0.935948                  0.98        0.938889
65              0.935948                  0.98        0.938889
68              0.935948                  0.98        0.938889
..                   ...                   ...             ...
568             0.494118                  0.00        0.500000
478             0.494118                  0.00        0.500000
541             0.494118                  0.00        0.500000
571             0.494118                  0.00        0.500000
544             0.494118                  0.00        0.500000

[864 rows x 3 columns]
2023-05-27 08:56:41,496 [INFO] Best model :
MLPClassifier(alpha=0.1, early_stopping=True, hidden_layer_sizes=(100, 100),
              max_iter=500, random_state=42, solver='lbfgs')
2023-05-27 08:56:41,502 [INFO] Save train_prediction_log data...
2023-05-27 08:56:41,505 [INFO] {'Data': 'train', 'ACC': '1.0 (172 / 172)', 'TP': 87, 'FP': 0, 'FN': 0, 'TN': 85, 'Precision': '1.0 (87 / 87 + 0)', 'Recall': '1.0 (87 / 87 + 0)', 'F1': '1.0 (2 * (1.0 * 1.0) / 1.0 + 1.0)', 'Specificity': '1.0 (85 / 85 + 0)', 'AUC': 1.0, 'r2': 1.0}
2023-05-27 08:56:41,509 [INFO] Save valid_prediction_log data...
2023-05-27 08:56:41,511 [INFO] {'Data': 'valid', 'ACC': '0.91 (32 / 35)', 'TP': 14, 'FP': 3, 'FN': 0, 'TN': 18, 'Precision': '0.82 (14 / 14 + 3)', 'Recall': '1.0 (14 / 14 + 0)', 'F1': '0.9 (2 * (1.0 * 0.82) / 1.0 + 0.82)', 'Specificity': '0.86 (18 / 18 + 3)', 'AUC': 0.93, 'r2': 0.64}
2023-05-27 08:56:41,525 [INFO] Save test_prediction_log data...
2023-05-27 08:56:41,528 [INFO] {'Data': 'test', 'ACC': '0.69 (24 / 35)', 'TP': 6, 'FP': 3, 'FN': 8, 'TN': 18, 'Precision': '0.67 (6 / 6 + 3)', 'Recall': '0.43 (6 / 6 + 8)', 'F1': '0.52 (2 * (0.43 * 0.67) / 0.43 + 0.67)', 'Specificity': '0.86 (18 / 18 + 3)', 'AUC': 0.64, 'r2': -0.31}
2023-05-27 08:56:41,531 [INFO] Save training_log data...
2023-05-27 08:56:41,535 [INFO] Save score_log data...
2023-05-27 08:56:41,536 [INFO] Time : 157.15995025634766
