2023-05-27 16:20:24,914 [INFO] Train data : Vary_params_SH\DUD-E\ROCK1\nG1_80\ECFP4_256bits\Standard\ROCK1_train_vector.tsv
2023-05-27 16:20:24,914 [INFO] Valid data : Vary_params_SH\DUD-E\ROCK1\nG1_80\ECFP4_256bits\Standard\ROCK1_valid_vector.tsv
2023-05-27 16:20:24,914 [INFO] Output path : Vary_params_SH\DUD-E\ROCK1\nG1_80\ECFP4_256bits\Standard\ROCK1_model\RF
2023-05-27 16:20:24,914 [INFO] Model type : RF
2023-05-27 16:20:24,915 [INFO] Use cores : 3
2023-05-27 16:20:24,951 [INFO] Start Learning model
2023-05-27 16:20:24,952 [INFO] Train : 70 | Valid : 25
2023-05-27 16:20:24,952 [INFO] Set parameters : {'max_depth': [6, 8, 10, 12], 'max_features': ['sqrt', 'log2'], 'min_samples_leaf': [2, 4, 8, 10], 'min_samples_split': [2, 4, 8, 10], 'n_estimators': [200, 600, 1000]}
2023-05-27 16:36:47,618 [INFO] GridSearchCV results :
     mean_valid_accuracy  mean_valid_precision  mean_valid_auc
104             0.985714                  0.90        0.950000
248             0.985714                  0.90        0.950000
295             0.985714                  0.90        0.950000
202             0.985714                  0.90        0.950000
166             0.985714                  0.90        0.950000
..                   ...                   ...             ...
184             0.900000                  0.45        0.733333
183             0.900000                  0.45        0.733333
182             0.900000                  0.45        0.733333
48              0.900000                  0.30        0.650000
51              0.900000                  0.30        0.650000

[384 rows x 3 columns]
2023-05-27 16:36:47,620 [INFO] Best model :
RandomForestClassifier(class_weight='balanced', max_depth=6, min_samples_leaf=2,
                       min_samples_split=8, n_estimators=600, random_state=42)
2023-05-27 16:36:47,672 [INFO] Save train_prediction_log data...
2023-05-27 16:36:47,676 [INFO] {'Data': 'train', 'ACC': '1.0 (70 / 70)', 'TP': 10, 'FP': 0, 'FN': 0, 'TN': 60, 'Precision': '1.0 (10 / 10 + 0)', 'Recall': '1.0 (10 / 10 + 0)', 'F1': '1.0 (2 * (1.0 * 1.0) / 1.0 + 1.0)', 'Specificity': '1.0 (60 / 60 + 0)', 'AUC': 1.0, 'r2': 1.0}
2023-05-27 16:36:47,728 [INFO] Save valid_prediction_log data...
2023-05-27 16:36:47,731 [INFO] {'Data': 'valid', 'ACC': '0.92 (23 / 25)', 'TP': 8, 'FP': 0, 'FN': 2, 'TN': 15, 'Precision': '1.0 (8 / 8 + 0)', 'Recall': '0.8 (8 / 8 + 2)', 'F1': '0.89 (2 * (0.8 * 1.0) / 0.8 + 1.0)', 'Specificity': '1.0 (15 / 15 + 0)', 'AUC': 0.9, 'r2': 0.67}
2023-05-27 16:36:47,796 [INFO] Save test_prediction_log data...
2023-05-27 16:36:47,799 [INFO] {'Data': 'test', 'ACC': '0.56 (14 / 25)', 'TP': 1, 'FP': 2, 'FN': 9, 'TN': 13, 'Precision': '0.33 (1 / 1 + 2)', 'Recall': '0.1 (1 / 1 + 9)', 'F1': '0.15 (2 * (0.1 * 0.33) / 0.1 + 0.33)', 'Specificity': '0.87 (13 / 13 + 2)', 'AUC': 0.48, 'r2': -0.83}
2023-05-27 16:36:47,990 [INFO] Save training_log data...
2023-05-27 16:36:47,994 [INFO] Save score_log data...
2023-05-27 16:36:47,995 [INFO] Time : 983.0810968875885
