2023-04-09 14:14:51,846 [INFO] Train data : D:\PARK\Lab\Database\ADis-QSAR_final\data\DUDE\WEE1\ECFP4_256bits\preprocessing\WEE1_train_vector.tsv
2023-04-09 14:14:51,846 [INFO] Test data : D:\PARK\Lab\Database\ADis-QSAR_final\data\DUDE\WEE1\ECFP4_256bits\preprocessing\WEE1_test_vector.tsv
2023-04-09 14:14:51,846 [INFO] Output path : D:\PARK\Lab\Database\ADis-QSAR_final\data\DUDE\WEE1\ECFP4_256bits\WEE1_model\SVM
2023-04-09 14:14:51,846 [INFO] Model type : SVM
2023-04-09 14:14:51,846 [INFO] Use cores : 10
2023-04-09 14:14:51,858 [INFO] Start Learning model
2023-04-09 14:14:51,858 [INFO] Train : 103 | Test : 25
2023-04-09 14:14:51,858 [INFO] Set parameters : {'C': [0.01, 0.1, 1, 10, 100, 1000], 'gamma': [0.01, 0.1, 1, 100, 1000]}
2023-04-09 14:14:54,183 [INFO] GridSearchCV results :
    mean_valid_accuracy  mean_valid_precision  mean_valid_auc
0              0.592727                   0.0             0.5
1              0.592727                   0.0             0.5
28             0.592727                   0.0             0.5
27             0.592727                   0.0             0.5
26             0.592727                   0.0             0.5
25             0.592727                   0.0             0.5
24             0.592727                   0.0             0.5
23             0.592727                   0.0             0.5
22             0.592727                   0.0             0.5
21             0.592727                   0.0             0.5
20             0.592727                   0.0             0.5
19             0.592727                   0.0             0.5
18             0.592727                   0.0             0.5
17             0.592727                   0.0             0.5
16             0.592727                   0.0             0.5
15             0.592727                   0.0             0.5
14             0.592727                   0.0             0.5
13             0.592727                   0.0             0.5
12             0.592727                   0.0             0.5
11             0.592727                   0.0             0.5
10             0.592727                   0.0             0.5
9              0.592727                   0.0             0.5
8              0.592727                   0.0             0.5
7              0.592727                   0.0             0.5
6              0.592727                   0.0             0.5
5              0.592727                   0.0             0.5
4              0.592727                   0.0             0.5
3              0.592727                   0.0             0.5
2              0.592727                   0.0             0.5
29             0.592727                   0.0             0.5
2023-04-09 14:14:54,184 [INFO] Best model :
SVC(C=0.01, gamma=0.01, random_state=42)
2023-04-09 14:14:54,189 [INFO] Save train_prediction_log data...
2023-04-09 14:14:54,191 [INFO] {'Data': 'train', 'ACC': '0.59 (61 / 103)', 'TP': 0, 'FP': 0, 'FN': 42, 'TN': 61, 'Precision': '0 (0 / 0 + 0)', 'Recall': '0 (0 / 0 + 42)', 'F1': '0 (2 * (0 * 0) / 0 + 0)', 'Specificity': '1.0 (61 / 61 + 0)', 'AUC': 0.5, 'r2': -0.69}
2023-04-09 14:14:54,195 [INFO] Save test_prediction_log data...
2023-04-09 14:14:54,196 [INFO] {'Data': 'test', 'ACC': '0.6 (15 / 25)', 'TP': 0, 'FP': 0, 'FN': 10, 'TN': 15, 'Precision': '0 (0 / 0 + 0)', 'Recall': '0 (0 / 0 + 10)', 'F1': '0 (2 * (0 * 0) / 0 + 0)', 'Specificity': '1.0 (15 / 15 + 0)', 'AUC': 0.5, 'r2': -0.67}
2023-04-09 14:14:54,204 [INFO] Save ext_prediction_log data...
2023-04-09 14:14:54,206 [INFO] {'Data': 'ext', 'ACC': '0.6 (15 / 25)', 'TP': 0, 'FP': 0, 'FN': 10, 'TN': 15, 'Precision': '0 (0 / 0 + 0)', 'Recall': '0 (0 / 0 + 10)', 'F1': '0 (2 * (0 * 0) / 0 + 0)', 'Specificity': '1.0 (15 / 15 + 0)', 'AUC': 0.5, 'r2': -0.67}
2023-04-09 14:14:54,208 [INFO] Save training_log data...
2023-04-09 14:14:54,209 [INFO] Save score_log data...
2023-04-09 14:14:54,210 [INFO] Time : 2.3635897636413574
