2023-05-27 14:31:43,580 [INFO] Train data : Vary_params\DUD-E\AKT2\nG1_20\ECFP6_256bits\Standard\AKT2_train_vector.tsv
2023-05-27 14:31:43,580 [INFO] Valid data : Vary_params\DUD-E\AKT2\nG1_20\ECFP6_256bits\Standard\AKT2_valid_vector.tsv
2023-05-27 14:31:43,580 [INFO] Output path : Vary_params\DUD-E\AKT2\nG1_20\ECFP6_256bits\Standard\AKT2_model\SVM
2023-05-27 14:31:43,580 [INFO] Model type : SVM
2023-05-27 14:31:43,580 [INFO] Use cores : 11
2023-05-27 14:31:43,599 [INFO] Start Learning model
2023-05-27 14:31:43,600 [INFO] Train : 155 | Valid : 31
2023-05-27 14:31:43,600 [INFO] Set parameters : {'kernel': ['linear', 'rbf'], 'C': [0.01, 0.1, 1, 10, 100, 1000], 'gamma': [0.01, 0.1, 1, 100, 1000]}
2023-05-27 14:31:46,877 [INFO] GridSearchCV results :
    mean_valid_accuracy  mean_valid_precision  mean_valid_auc
21             0.975000              1.000000        0.975000
41             0.975000              1.000000        0.975000
31             0.975000              1.000000        0.975000
51             0.975000              1.000000        0.975000
26             0.955417              0.950000        0.954464
28             0.955417              0.950000        0.954464
32             0.955417              0.950000        0.954464
34             0.955417              0.950000        0.954464
36             0.955417              0.950000        0.954464
38             0.955417              0.950000        0.954464
40             0.955417              0.950000        0.954464
0              0.955417              0.950000        0.954464
24             0.955417              0.950000        0.954464
44             0.955417              0.950000        0.954464
46             0.955417              0.950000        0.954464
48             0.955417              0.950000        0.954464
50             0.955417              0.950000        0.954464
52             0.955417              0.950000        0.954464
54             0.955417              0.950000        0.954464
56             0.955417              0.950000        0.954464
58             0.955417              0.950000        0.954464
42             0.955417              0.950000        0.954464
30             0.955417              0.950000        0.954464
12             0.955417              0.950000        0.954464
2              0.955417              0.950000        0.954464
20             0.955417              0.950000        0.954464
22             0.955417              0.950000        0.954464
4              0.955417              0.950000        0.954464
18             0.955417              0.950000        0.954464
8              0.955417              0.950000        0.954464
10             0.955417              0.950000        0.954464
16             0.955417              0.950000        0.954464
6              0.955417              0.950000        0.954464
14             0.955417              0.950000        0.954464
49             0.516667              0.516667        0.500000
9              0.516667              0.516667        0.500000
47             0.516667              0.516667        0.500000
5              0.516667              0.516667        0.500000
7              0.516667              0.516667        0.500000
53             0.516667              0.516667        0.500000
55             0.516667              0.516667        0.500000
3              0.516667              0.516667        0.500000
57             0.516667              0.516667        0.500000
45             0.516667              0.516667        0.500000
23             0.516667              0.516667        0.500000
43             0.516667              0.516667        0.500000
11             0.516667              0.516667        0.500000
13             0.516667              0.516667        0.500000
39             0.516667              0.516667        0.500000
37             0.516667              0.516667        0.500000
15             0.516667              0.516667        0.500000
35             0.516667              0.516667        0.500000
33             0.516667              0.516667        0.500000
17             0.516667              0.516667        0.500000
1              0.516667              0.516667        0.500000
29             0.516667              0.516667        0.500000
19             0.516667              0.516667        0.500000
27             0.516667              0.516667        0.500000
25             0.516667              0.516667        0.500000
59             0.516667              0.516667        0.500000
2023-05-27 14:31:46,886 [INFO] Best model :
SVC(C=1, gamma=0.01, random_state=42)
2023-05-27 14:31:46,894 [INFO] Save train_prediction_log data...
2023-05-27 14:31:46,901 [INFO] {'Data': 'train', 'ACC': '1.0 (155 / 155)', 'TP': 80, 'FP': 0, 'FN': 0, 'TN': 75, 'Precision': '1.0 (80 / 80 + 0)', 'Recall': '1.0 (80 / 80 + 0)', 'F1': '1.0 (2 * (1.0 * 1.0) / 1.0 + 1.0)', 'Specificity': '1.0 (75 / 75 + 0)', 'AUC': 1.0, 'r2': 1.0}
2023-05-27 14:31:46,909 [INFO] Save valid_prediction_log data...
2023-05-27 14:31:46,912 [INFO] {'Data': 'valid', 'ACC': '1.0 (31 / 31)', 'TP': 12, 'FP': 0, 'FN': 0, 'TN': 19, 'Precision': '1.0 (12 / 12 + 0)', 'Recall': '1.0 (12 / 12 + 0)', 'F1': '1.0 (2 * (1.0 * 1.0) / 1.0 + 1.0)', 'Specificity': '1.0 (19 / 19 + 0)', 'AUC': 1.0, 'r2': 1.0}
2023-05-27 14:31:46,923 [INFO] Save test_prediction_log data...
2023-05-27 14:31:46,926 [INFO] {'Data': 'test', 'ACC': '0.81 (25 / 31)', 'TP': 7, 'FP': 1, 'FN': 5, 'TN': 18, 'Precision': '0.88 (7 / 7 + 1)', 'Recall': '0.58 (7 / 7 + 5)', 'F1': '0.7 (2 * (0.58 * 0.88) / 0.58 + 0.88)', 'Specificity': '0.95 (18 / 18 + 1)', 'AUC': 0.77, 'r2': 0.18}
2023-05-27 14:31:46,931 [INFO] Save training_log data...
2023-05-27 14:31:46,933 [INFO] Save score_log data...
2023-05-27 14:31:46,934 [INFO] Time : 3.3543968200683594
