2023-05-28 17:14:34,665 [INFO] Train data : Vary_params_CDK2_EGFR_LCK\DUD-E\EGFR\nG1_50\ECFP6_256bits\MinMax\EGFR_train_vector.tsv
2023-05-28 17:14:34,665 [INFO] Valid data : Vary_params_CDK2_EGFR_LCK\DUD-E\EGFR\nG1_50\ECFP6_256bits\MinMax\EGFR_valid_vector.tsv
2023-05-28 17:14:34,665 [INFO] Output path : Vary_params_CDK2_EGFR_LCK\DUD-E\EGFR\nG1_50\ECFP6_256bits\MinMax\EGFR_model\MLP
2023-05-28 17:14:34,665 [INFO] Model type : MLP
2023-05-28 17:14:34,665 [INFO] Use cores : 19
2023-05-28 17:14:34,687 [INFO] Start Learning model
2023-05-28 17:14:34,687 [INFO] Train : 870 | Valid : 218
2023-05-28 17:14:34,687 [INFO] Set parameters : {'hidden_layer_sizes': [(50,), (100,), (50, 50), (100, 100)], 'learning_rate': ['constant', 'invscaling', 'adaptive'], 'activation': ['relu', 'identity', 'logistic', 'tanh'], 'solver': ['adam', 'sgd', 'lbfgs'], 'alpha': [0.1, 0.01, 0.001], 'max_iter': [500, 1000], 'early_stopping': [True]}
2023-05-28 17:18:02,814 [INFO] GridSearchCV results :
     mean_valid_accuracy  mean_valid_precision  mean_valid_auc
456             0.948276              0.984832        0.937852
465             0.948276              0.984832        0.937852
462             0.948276              0.984832        0.937852
459             0.948276              0.984832        0.937852
453             0.948276              0.984832        0.937852
..                   ...                   ...             ...
643             0.600000              0.000000        0.500000
520             0.595402              0.000000        0.496172
646             0.600000              0.000000        0.500000
517             0.595402              0.000000        0.496172
433             0.595402              0.000000        0.496172

[864 rows x 3 columns]
2023-05-28 17:18:02,815 [INFO] Best model :
MLPClassifier(activation='logistic', alpha=0.1, early_stopping=True,
              max_iter=500, random_state=42)
2023-05-28 17:18:02,825 [INFO] Save train_prediction_log data...
2023-05-28 17:18:02,828 [INFO] {'Data': 'train', 'ACC': '0.96 (831 / 870)', 'TP': 312, 'FP': 3, 'FN': 36, 'TN': 519, 'Precision': '0.99 (312 / 312 + 3)', 'Recall': '0.9 (312 / 312 + 36)', 'F1': '0.94 (2 * (0.9 * 0.99) / 0.9 + 0.99)', 'Specificity': '0.99 (519 / 519 + 3)', 'AUC': 0.95, 'r2': 0.81}
2023-05-28 17:18:02,833 [INFO] Save valid_prediction_log data...
2023-05-28 17:18:02,835 [INFO] {'Data': 'valid', 'ACC': '0.97 (211 / 218)', 'TP': 80, 'FP': 0, 'FN': 7, 'TN': 131, 'Precision': '1.0 (80 / 80 + 0)', 'Recall': '0.92 (80 / 80 + 7)', 'F1': '0.96 (2 * (0.92 * 1.0) / 0.92 + 1.0)', 'Specificity': '1.0 (131 / 131 + 0)', 'AUC': 0.96, 'r2': 0.87}
2023-05-28 17:18:02,846 [INFO] Save test_prediction_log data...
2023-05-28 17:18:02,849 [INFO] {'Data': 'test', 'ACC': '0.63 (138 / 218)', 'TP': 34, 'FP': 27, 'FN': 53, 'TN': 104, 'Precision': '0.56 (34 / 34 + 27)', 'Recall': '0.39 (34 / 34 + 53)', 'F1': '0.46 (2 * (0.39 * 0.56) / 0.39 + 0.56)', 'Specificity': '0.79 (104 / 104 + 27)', 'AUC': 0.59, 'r2': -0.53}
2023-05-28 17:18:02,851 [INFO] Save training_log data...
2023-05-28 17:18:02,857 [INFO] Save score_log data...
2023-05-28 17:18:02,858 [INFO] Time : 208.19271087646484
