2023-05-30 00:54:13,698 [INFO] Train data : Baseline_noscale\DUD-E\MAPK2\ECFP4_512bits\MAPK2_raw_train.tsv
2023-05-30 00:54:13,699 [INFO] Valid data : Baseline_noscale\DUD-E\MAPK2\ECFP4_512bits\MAPK2_raw_valid.tsv
2023-05-30 00:54:13,699 [INFO] Output path : Baseline_noscale\DUD-E\MAPK2\ECFP4_512bits\MAPK2_model\SVM
2023-05-30 00:54:13,699 [INFO] Model type : SVM
2023-05-30 00:54:13,699 [INFO] Use cores : 12
2023-05-30 00:54:13,714 [INFO] Start Learning model
2023-05-30 00:54:13,714 [INFO] Train : 102 | Valid : 25
2023-05-30 00:54:13,714 [INFO] Set parameters : {'kernel': ['linear', 'rbf'], 'C': [0.01, 0.1, 1, 10, 100, 1000], 'gamma': [0.01, 0.1, 1, 100, 1000]}
2023-05-30 00:54:16,476 [INFO] GridSearchCV results :
    mean_valid_accuracy  mean_valid_precision  mean_valid_auc
0              0.920909                  1.00        0.902500
53             0.834545                  1.00        0.795000
33             0.834545                  1.00        0.795000
23             0.804545                  1.00        0.757500
21             0.930909                  1.00        0.915000
41             0.970909                  1.00        0.965000
43             0.834545                  1.00        0.795000
51             0.970909                  1.00        0.965000
31             0.970909                  1.00        0.965000
8              0.920909                  1.00        0.902500
2              0.920909                  1.00        0.902500
6              0.920909                  1.00        0.902500
4              0.920909                  1.00        0.902500
40             0.970909                  0.98        0.969167
32             0.970909                  0.98        0.969167
34             0.970909                  0.98        0.969167
58             0.970909                  0.98        0.969167
36             0.970909                  0.98        0.969167
38             0.970909                  0.98        0.969167
56             0.970909                  0.98        0.969167
52             0.970909                  0.98        0.969167
42             0.970909                  0.98        0.969167
44             0.970909                  0.98        0.969167
28             0.970909                  0.98        0.969167
48             0.970909                  0.98        0.969167
50             0.970909                  0.98        0.969167
54             0.970909                  0.98        0.969167
46             0.970909                  0.98        0.969167
30             0.970909                  0.98        0.969167
20             0.970909                  0.98        0.969167
14             0.970909                  0.98        0.969167
26             0.970909                  0.98        0.969167
12             0.970909                  0.98        0.969167
24             0.970909                  0.98        0.969167
22             0.970909                  0.98        0.969167
16             0.970909                  0.98        0.969167
10             0.970909                  0.98        0.969167
18             0.970909                  0.98        0.969167
9              0.598182                  0.00        0.500000
11             0.598182                  0.00        0.500000
29             0.598182                  0.00        0.500000
7              0.598182                  0.00        0.500000
13             0.598182                  0.00        0.500000
55             0.598182                  0.00        0.500000
5              0.598182                  0.00        0.500000
57             0.598182                  0.00        0.500000
3              0.598182                  0.00        0.500000
49             0.598182                  0.00        0.500000
15             0.598182                  0.00        0.500000
47             0.598182                  0.00        0.500000
45             0.598182                  0.00        0.500000
1              0.598182                  0.00        0.500000
17             0.598182                  0.00        0.500000
19             0.598182                  0.00        0.500000
39             0.598182                  0.00        0.500000
37             0.598182                  0.00        0.500000
35             0.598182                  0.00        0.500000
25             0.598182                  0.00        0.500000
27             0.598182                  0.00        0.500000
59             0.598182                  0.00        0.500000
2023-05-30 00:54:16,478 [INFO] Best model :
SVC(C=0.01, gamma=0.01, kernel='linear', random_state=42)
2023-05-30 00:54:16,483 [INFO] Save train_prediction_log data...
2023-05-30 00:54:16,486 [INFO] {'Data': 'train', 'ACC': '0.96 (98 / 102)', 'TP': 37, 'FP': 0, 'FN': 4, 'TN': 61, 'Precision': '1.0 (37 / 37 + 0)', 'Recall': '0.9 (37 / 37 + 4)', 'F1': '0.95 (2 * (0.9 * 1.0) / 0.9 + 1.0)', 'Specificity': '1.0 (61 / 61 + 0)', 'AUC': 0.95, 'r2': 0.84}
2023-05-30 00:54:16,490 [INFO] Save valid_prediction_log data...
2023-05-30 00:54:16,492 [INFO] {'Data': 'valid', 'ACC': '1.0 (25 / 25)', 'TP': 10, 'FP': 0, 'FN': 0, 'TN': 15, 'Precision': '1.0 (10 / 10 + 0)', 'Recall': '1.0 (10 / 10 + 0)', 'F1': '1.0 (2 * (1.0 * 1.0) / 1.0 + 1.0)', 'Specificity': '1.0 (15 / 15 + 0)', 'AUC': 1.0, 'r2': 1.0}
2023-05-30 00:54:16,502 [INFO] Save test_prediction_log data...
2023-05-30 00:54:16,504 [INFO] {'Data': 'test', 'ACC': '0.76 (19 / 25)', 'TP': 5, 'FP': 1, 'FN': 5, 'TN': 14, 'Precision': '0.83 (5 / 5 + 1)', 'Recall': '0.5 (5 / 5 + 5)', 'F1': '0.62 (2 * (0.5 * 0.83) / 0.5 + 0.83)', 'Specificity': '0.93 (14 / 14 + 1)', 'AUC': 0.72, 'r2': 0.0}
2023-05-30 00:54:16,506 [INFO] Save training_log data...
2023-05-30 00:54:16,507 [INFO] Save score_log data...
2023-05-30 00:54:16,508 [INFO] Time : 2.8089230060577393
