2023-05-27 09:46:35,510 [INFO] Train data : Vary_params\DUD-E\MP2K1\nG1_50\ECFP4_256bits\Robust\MP2K1_train_vector.tsv
2023-05-27 09:46:35,510 [INFO] Valid data : Vary_params\DUD-E\MP2K1\nG1_50\ECFP4_256bits\Robust\MP2K1_valid_vector.tsv
2023-05-27 09:46:35,510 [INFO] Output path : Vary_params\DUD-E\MP2K1\nG1_50\ECFP4_256bits\Robust\MP2K1_model\SVM
2023-05-27 09:46:35,510 [INFO] Model type : SVM
2023-05-27 09:46:35,511 [INFO] Use cores : 10
2023-05-27 09:46:35,523 [INFO] Start Learning model
2023-05-27 09:46:35,523 [INFO] Train : 142 | Valid : 35
2023-05-27 09:46:35,523 [INFO] Set parameters : {'kernel': ['linear', 'rbf'], 'C': [0.01, 0.1, 1, 10, 100, 1000], 'gamma': [0.01, 0.1, 1, 100, 1000]}
2023-05-27 09:46:38,049 [INFO] GridSearchCV results :
    mean_valid_accuracy  mean_valid_precision  mean_valid_auc
0              0.959048              0.954762        0.957639
20             0.959048              0.954762        0.957639
24             0.959048              0.954762        0.957639
26             0.959048              0.954762        0.957639
28             0.959048              0.954762        0.957639
32             0.959048              0.954762        0.957639
34             0.959048              0.954762        0.957639
36             0.959048              0.954762        0.957639
38             0.959048              0.954762        0.957639
40             0.959048              0.954762        0.957639
42             0.959048              0.954762        0.957639
44             0.959048              0.954762        0.957639
46             0.959048              0.954762        0.957639
48             0.959048              0.954762        0.957639
50             0.959048              0.954762        0.957639
52             0.959048              0.954762        0.957639
54             0.959048              0.954762        0.957639
56             0.959048              0.954762        0.957639
58             0.959048              0.954762        0.957639
22             0.959048              0.954762        0.957639
30             0.959048              0.954762        0.957639
10             0.959048              0.954762        0.957639
2              0.959048              0.954762        0.957639
18             0.959048              0.954762        0.957639
8              0.959048              0.954762        0.957639
16             0.959048              0.954762        0.957639
4              0.959048              0.954762        0.957639
12             0.959048              0.954762        0.957639
6              0.959048              0.954762        0.957639
14             0.959048              0.954762        0.957639
49             0.598571              0.000000        0.500000
9              0.598571              0.000000        0.500000
45             0.598571              0.000000        0.500000
47             0.598571              0.000000        0.500000
7              0.598571              0.000000        0.500000
21             0.598571              0.000000        0.500000
43             0.598571              0.000000        0.500000
5              0.598571              0.000000        0.500000
53             0.598571              0.000000        0.500000
55             0.598571              0.000000        0.500000
3              0.598571              0.000000        0.500000
57             0.598571              0.000000        0.500000
51             0.598571              0.000000        0.500000
11             0.598571              0.000000        0.500000
41             0.598571              0.000000        0.500000
19             0.598571              0.000000        0.500000
39             0.598571              0.000000        0.500000
37             0.598571              0.000000        0.500000
13             0.598571              0.000000        0.500000
35             0.598571              0.000000        0.500000
33             0.598571              0.000000        0.500000
15             0.598571              0.000000        0.500000
31             0.598571              0.000000        0.500000
1              0.598571              0.000000        0.500000
29             0.598571              0.000000        0.500000
27             0.598571              0.000000        0.500000
17             0.598571              0.000000        0.500000
25             0.598571              0.000000        0.500000
23             0.598571              0.000000        0.500000
59             0.598571              0.000000        0.500000
2023-05-27 09:46:38,051 [INFO] Best model :
SVC(C=0.01, gamma=0.01, kernel='linear', random_state=42)
2023-05-27 09:46:38,055 [INFO] Save train_prediction_log data...
2023-05-27 09:46:38,058 [INFO] {'Data': 'train', 'ACC': '1.0 (142 / 142)', 'TP': 57, 'FP': 0, 'FN': 0, 'TN': 85, 'Precision': '1.0 (57 / 57 + 0)', 'Recall': '1.0 (57 / 57 + 0)', 'F1': '1.0 (2 * (1.0 * 1.0) / 1.0 + 1.0)', 'Specificity': '1.0 (85 / 85 + 0)', 'AUC': 1.0, 'r2': 1.0}
2023-05-27 09:46:38,061 [INFO] Save valid_prediction_log data...
2023-05-27 09:46:38,063 [INFO] {'Data': 'valid', 'ACC': '0.91 (32 / 35)', 'TP': 14, 'FP': 3, 'FN': 0, 'TN': 18, 'Precision': '0.82 (14 / 14 + 3)', 'Recall': '1.0 (14 / 14 + 0)', 'F1': '0.9 (2 * (1.0 * 0.82) / 1.0 + 0.82)', 'Specificity': '0.86 (18 / 18 + 3)', 'AUC': 0.93, 'r2': 0.64}
2023-05-27 09:46:38,071 [INFO] Save test_prediction_log data...
2023-05-27 09:46:38,072 [INFO] {'Data': 'test', 'ACC': '0.69 (24 / 35)', 'TP': 5, 'FP': 2, 'FN': 9, 'TN': 19, 'Precision': '0.71 (5 / 5 + 2)', 'Recall': '0.36 (5 / 5 + 9)', 'F1': '0.48 (2 * (0.36 * 0.71) / 0.36 + 0.71)', 'Specificity': '0.9 (19 / 19 + 2)', 'AUC': 0.63, 'r2': -0.31}
2023-05-27 09:46:38,074 [INFO] Save training_log data...
2023-05-27 09:46:38,075 [INFO] Save score_log data...
2023-05-27 09:46:38,076 [INFO] Time : 2.5664007663726807
