2023-05-28 19:41:35,542 [INFO] Train data : Vary_params\DUD-E\FAK1\nG1_50\ECFP6_512bits\Standard\FAK1_train_vector.tsv
2023-05-28 19:41:35,542 [INFO] Valid data : Vary_params\DUD-E\FAK1\nG1_50\ECFP6_512bits\Standard\FAK1_valid_vector.tsv
2023-05-28 19:41:35,542 [INFO] Output path : Vary_params\DUD-E\FAK1\nG1_50\ECFP6_512bits\Standard\FAK1_model\SVM
2023-05-28 19:41:35,542 [INFO] Model type : SVM
2023-05-28 19:41:35,542 [INFO] Use cores : 11
2023-05-28 19:41:35,571 [INFO] Start Learning model
2023-05-28 19:41:35,572 [INFO] Train : 93 | Valid : 23
2023-05-28 19:41:35,572 [INFO] Set parameters : {'kernel': ['linear', 'rbf'], 'C': [0.01, 0.1, 1, 10, 100, 1000], 'gamma': [0.01, 0.1, 1, 100, 1000]}
2023-05-28 19:41:39,021 [INFO] GridSearchCV results :
    mean_valid_accuracy  mean_valid_precision  mean_valid_auc
0              0.990000                   1.0          0.9875
20             0.990000                   1.0          0.9875
24             0.990000                   1.0          0.9875
26             0.990000                   1.0          0.9875
28             0.990000                   1.0          0.9875
32             0.990000                   1.0          0.9875
34             0.990000                   1.0          0.9875
36             0.990000                   1.0          0.9875
38             0.990000                   1.0          0.9875
40             0.990000                   1.0          0.9875
42             0.990000                   1.0          0.9875
44             0.990000                   1.0          0.9875
46             0.990000                   1.0          0.9875
48             0.990000                   1.0          0.9875
50             0.990000                   1.0          0.9875
52             0.990000                   1.0          0.9875
54             0.990000                   1.0          0.9875
56             0.990000                   1.0          0.9875
58             0.990000                   1.0          0.9875
22             0.990000                   1.0          0.9875
30             0.990000                   1.0          0.9875
2              0.990000                   1.0          0.9875
18             0.990000                   1.0          0.9875
10             0.990000                   1.0          0.9875
8              0.990000                   1.0          0.9875
16             0.990000                   1.0          0.9875
4              0.990000                   1.0          0.9875
12             0.990000                   1.0          0.9875
14             0.990000                   1.0          0.9875
6              0.990000                   1.0          0.9875
41             0.842222                   0.9          0.8125
31             0.842222                   0.9          0.8125
51             0.842222                   0.9          0.8125
21             0.765556                   0.8          0.7125
7              0.602222                   0.0          0.5000
47             0.602222                   0.0          0.5000
5              0.602222                   0.0          0.5000
49             0.602222                   0.0          0.5000
9              0.602222                   0.0          0.5000
53             0.602222                   0.0          0.5000
55             0.602222                   0.0          0.5000
3              0.602222                   0.0          0.5000
57             0.602222                   0.0          0.5000
45             0.602222                   0.0          0.5000
11             0.602222                   0.0          0.5000
43             0.602222                   0.0          0.5000
19             0.602222                   0.0          0.5000
39             0.602222                   0.0          0.5000
37             0.602222                   0.0          0.5000
13             0.602222                   0.0          0.5000
35             0.602222                   0.0          0.5000
33             0.602222                   0.0          0.5000
15             0.602222                   0.0          0.5000
1              0.602222                   0.0          0.5000
29             0.602222                   0.0          0.5000
27             0.602222                   0.0          0.5000
17             0.602222                   0.0          0.5000
25             0.602222                   0.0          0.5000
23             0.602222                   0.0          0.5000
59             0.602222                   0.0          0.5000
2023-05-28 19:41:39,030 [INFO] Best model :
SVC(C=0.01, gamma=0.01, kernel='linear', random_state=42)
2023-05-28 19:41:39,043 [INFO] Save train_prediction_log data...
2023-05-28 19:41:39,048 [INFO] {'Data': 'train', 'ACC': '1.0 (93 / 93)', 'TP': 37, 'FP': 0, 'FN': 0, 'TN': 56, 'Precision': '1.0 (37 / 37 + 0)', 'Recall': '1.0 (37 / 37 + 0)', 'F1': '1.0 (2 * (1.0 * 1.0) / 1.0 + 1.0)', 'Specificity': '1.0 (56 / 56 + 0)', 'AUC': 1.0, 'r2': 1.0}
2023-05-28 19:41:39,053 [INFO] Save valid_prediction_log data...
2023-05-28 19:41:39,055 [INFO] {'Data': 'valid', 'ACC': '1.0 (23 / 23)', 'TP': 9, 'FP': 0, 'FN': 0, 'TN': 14, 'Precision': '1.0 (9 / 9 + 0)', 'Recall': '1.0 (9 / 9 + 0)', 'F1': '1.0 (2 * (1.0 * 1.0) / 1.0 + 1.0)', 'Specificity': '1.0 (14 / 14 + 0)', 'AUC': 1.0, 'r2': 1.0}
2023-05-28 19:41:39,092 [INFO] Save test_prediction_log data...
2023-05-28 19:41:39,096 [INFO] {'Data': 'test', 'ACC': '0.61 (14 / 23)', 'TP': 0, 'FP': 0, 'FN': 9, 'TN': 14, 'Precision': '0 (0 / 0 + 0)', 'Recall': '0 (0 / 0 + 9)', 'F1': '0 (2 * (0 * 0) / 0 + 0)', 'Specificity': '1.0 (14 / 14 + 0)', 'AUC': 0.5, 'r2': -0.64}
2023-05-28 19:41:39,098 [INFO] Save training_log data...
2023-05-28 19:41:39,098 [INFO] Save score_log data...
2023-05-28 19:41:39,100 [INFO] Time : 3.557990550994873
