2023-05-27 18:09:14,169 [INFO] Train data : Vary_params\DUD-E\AKT2\nG1_50\ECFP6_256bits\Robust\AKT2_train_vector.tsv
2023-05-27 18:09:14,169 [INFO] Valid data : Vary_params\DUD-E\AKT2\nG1_50\ECFP6_256bits\Robust\AKT2_valid_vector.tsv
2023-05-27 18:09:14,169 [INFO] Output path : Vary_params\DUD-E\AKT2\nG1_50\ECFP6_256bits\Robust\AKT2_model\SVM
2023-05-27 18:09:14,169 [INFO] Model type : SVM
2023-05-27 18:09:14,170 [INFO] Use cores : 11
2023-05-27 18:09:14,182 [INFO] Start Learning model
2023-05-27 18:09:14,182 [INFO] Train : 125 | Valid : 31
2023-05-27 18:09:14,182 [INFO] Set parameters : {'kernel': ['linear', 'rbf'], 'C': [0.01, 0.1, 1, 10, 100, 1000], 'gamma': [0.01, 0.1, 1, 100, 1000]}
2023-05-27 18:09:17,470 [INFO] GridSearchCV results :
    mean_valid_accuracy  mean_valid_precision  mean_valid_auc
0              0.911538                0.9125        0.908036
20             0.911538                0.9125        0.908036
24             0.911538                0.9125        0.908036
26             0.911538                0.9125        0.908036
28             0.911538                0.9125        0.908036
32             0.911538                0.9125        0.908036
34             0.911538                0.9125        0.908036
36             0.911538                0.9125        0.908036
38             0.911538                0.9125        0.908036
40             0.911538                0.9125        0.908036
42             0.911538                0.9125        0.908036
44             0.911538                0.9125        0.908036
46             0.911538                0.9125        0.908036
48             0.911538                0.9125        0.908036
50             0.911538                0.9125        0.908036
52             0.911538                0.9125        0.908036
54             0.911538                0.9125        0.908036
56             0.911538                0.9125        0.908036
58             0.911538                0.9125        0.908036
22             0.911538                0.9125        0.908036
30             0.911538                0.9125        0.908036
10             0.911538                0.9125        0.908036
2              0.911538                0.9125        0.908036
18             0.911538                0.9125        0.908036
8              0.911538                0.9125        0.908036
16             0.911538                0.9125        0.908036
4              0.911538                0.9125        0.908036
12             0.911538                0.9125        0.908036
6              0.911538                0.9125        0.908036
14             0.911538                0.9125        0.908036
49             0.599359                0.0000        0.500000
9              0.599359                0.0000        0.500000
45             0.599359                0.0000        0.500000
47             0.599359                0.0000        0.500000
7              0.599359                0.0000        0.500000
21             0.599359                0.0000        0.500000
43             0.599359                0.0000        0.500000
5              0.599359                0.0000        0.500000
53             0.599359                0.0000        0.500000
55             0.599359                0.0000        0.500000
3              0.599359                0.0000        0.500000
57             0.599359                0.0000        0.500000
51             0.599359                0.0000        0.500000
11             0.599359                0.0000        0.500000
41             0.599359                0.0000        0.500000
19             0.599359                0.0000        0.500000
39             0.599359                0.0000        0.500000
37             0.599359                0.0000        0.500000
13             0.599359                0.0000        0.500000
35             0.599359                0.0000        0.500000
33             0.599359                0.0000        0.500000
15             0.599359                0.0000        0.500000
31             0.599359                0.0000        0.500000
1              0.599359                0.0000        0.500000
29             0.599359                0.0000        0.500000
27             0.599359                0.0000        0.500000
17             0.599359                0.0000        0.500000
25             0.599359                0.0000        0.500000
23             0.599359                0.0000        0.500000
59             0.599359                0.0000        0.500000
2023-05-27 18:09:17,480 [INFO] Best model :
SVC(C=0.01, gamma=0.01, kernel='linear', random_state=42)
2023-05-27 18:09:17,485 [INFO] Save train_prediction_log data...
2023-05-27 18:09:17,491 [INFO] {'Data': 'train', 'ACC': '1.0 (125 / 125)', 'TP': 50, 'FP': 0, 'FN': 0, 'TN': 75, 'Precision': '1.0 (50 / 50 + 0)', 'Recall': '1.0 (50 / 50 + 0)', 'F1': '1.0 (2 * (1.0 * 1.0) / 1.0 + 1.0)', 'Specificity': '1.0 (75 / 75 + 0)', 'AUC': 1.0, 'r2': 1.0}
2023-05-27 18:09:17,499 [INFO] Save valid_prediction_log data...
2023-05-27 18:09:17,505 [INFO] {'Data': 'valid', 'ACC': '0.77 (24 / 31)', 'TP': 12, 'FP': 7, 'FN': 0, 'TN': 12, 'Precision': '0.63 (12 / 12 + 7)', 'Recall': '1.0 (12 / 12 + 0)', 'F1': '0.77 (2 * (1.0 * 0.63) / 1.0 + 0.63)', 'Specificity': '0.63 (12 / 12 + 7)', 'AUC': 0.82, 'r2': 0.05}
2023-05-27 18:09:17,526 [INFO] Save test_prediction_log data...
2023-05-27 18:09:17,532 [INFO] {'Data': 'test', 'ACC': '0.68 (21 / 31)', 'TP': 10, 'FP': 8, 'FN': 2, 'TN': 11, 'Precision': '0.56 (10 / 10 + 8)', 'Recall': '0.83 (10 / 10 + 2)', 'F1': '0.67 (2 * (0.83 * 0.56) / 0.83 + 0.56)', 'Specificity': '0.58 (11 / 11 + 8)', 'AUC': 0.71, 'r2': -0.36}
2023-05-27 18:09:17,535 [INFO] Save training_log data...
2023-05-27 18:09:17,538 [INFO] Save score_log data...
2023-05-27 18:09:17,539 [INFO] Time : 3.3703644275665283
