2023-05-29 11:21:46,354 [INFO] Train data : Vary_params_CDK2_EGFR_LCK\DUD-E\LCK\nG1_50\ECFP6_512bits\Standard\LCK_train_vector.tsv
2023-05-29 11:21:46,354 [INFO] Valid data : Vary_params_CDK2_EGFR_LCK\DUD-E\LCK\nG1_50\ECFP6_512bits\Standard\LCK_valid_vector.tsv
2023-05-29 11:21:46,354 [INFO] Output path : Vary_params_CDK2_EGFR_LCK\DUD-E\LCK\nG1_50\ECFP6_512bits\Standard\LCK_model\SVM
2023-05-29 11:21:46,354 [INFO] Model type : SVM
2023-05-29 11:21:46,354 [INFO] Use cores : 19
2023-05-29 11:21:46,425 [INFO] Start Learning model
2023-05-29 11:21:46,425 [INFO] Train : 736 | Valid : 185
2023-05-29 11:21:46,425 [INFO] Set parameters : {'kernel': ['linear', 'rbf'], 'C': [0.01, 0.1, 1, 10, 100, 1000], 'gamma': [0.01, 0.1, 1, 100, 1000]}
2023-05-29 11:21:54,695 [INFO] GridSearchCV results :
    mean_valid_accuracy  mean_valid_precision  mean_valid_auc
31             0.668512              1.000000        0.585172
51             0.668512              1.000000        0.585172
41             0.668512              1.000000        0.585172
0              0.968771              0.966604        0.966758
2              0.968771              0.966604        0.966758
4              0.968771              0.966604        0.966758
6              0.968771              0.966604        0.966758
8              0.968771              0.966604        0.966758
42             0.961959              0.960497        0.959428
32             0.961959              0.960497        0.959428
34             0.961959              0.960497        0.959428
36             0.961959              0.960497        0.959428
38             0.961959              0.960497        0.959428
40             0.961959              0.960497        0.959428
48             0.961959              0.960497        0.959428
44             0.961959              0.960497        0.959428
46             0.961959              0.960497        0.959428
26             0.961959              0.960497        0.959428
50             0.961959              0.960497        0.959428
52             0.961959              0.960497        0.959428
54             0.961959              0.960497        0.959428
56             0.961959              0.960497        0.959428
58             0.961959              0.960497        0.959428
28             0.961959              0.960497        0.959428
30             0.961959              0.960497        0.959428
10             0.961959              0.960497        0.959428
14             0.961959              0.960497        0.959428
12             0.961959              0.960497        0.959428
24             0.961959              0.960497        0.959428
16             0.961959              0.960497        0.959428
22             0.961959              0.960497        0.959428
20             0.961959              0.960497        0.959428
18             0.961959              0.960497        0.959428
21             0.634561              0.900000        0.542759
25             0.600555              0.000000        0.500000
49             0.600555              0.000000        0.500000
11             0.600555              0.000000        0.500000
53             0.600555              0.000000        0.500000
9              0.600555              0.000000        0.500000
13             0.600555              0.000000        0.500000
7              0.600555              0.000000        0.500000
55             0.600555              0.000000        0.500000
5              0.600555              0.000000        0.500000
57             0.600555              0.000000        0.500000
3              0.600555              0.000000        0.500000
47             0.600555              0.000000        0.500000
15             0.600555              0.000000        0.500000
45             0.600555              0.000000        0.500000
43             0.600555              0.000000        0.500000
17             0.600555              0.000000        0.500000
39             0.600555              0.000000        0.500000
37             0.600555              0.000000        0.500000
19             0.600555              0.000000        0.500000
35             0.600555              0.000000        0.500000
33             0.600555              0.000000        0.500000
1              0.600555              0.000000        0.500000
29             0.600555              0.000000        0.500000
23             0.600555              0.000000        0.500000
27             0.600555              0.000000        0.500000
59             0.600555              0.000000        0.500000
2023-05-29 11:21:54,696 [INFO] Best model :
SVC(C=10, gamma=0.01, random_state=42)
2023-05-29 11:21:54,775 [INFO] Save train_prediction_log data...
2023-05-29 11:21:54,779 [INFO] {'Data': 'train', 'ACC': '1.0 (736 / 736)', 'TP': 294, 'FP': 0, 'FN': 0, 'TN': 442, 'Precision': '1.0 (294 / 294 + 0)', 'Recall': '1.0 (294 / 294 + 0)', 'F1': '1.0 (2 * (1.0 * 1.0) / 1.0 + 1.0)', 'Specificity': '1.0 (442 / 442 + 0)', 'AUC': 1.0, 'r2': 1.0}
2023-05-29 11:21:54,802 [INFO] Save valid_prediction_log data...
2023-05-29 11:21:54,805 [INFO] {'Data': 'valid', 'ACC': '0.89 (165 / 185)', 'TP': 54, 'FP': 0, 'FN': 20, 'TN': 111, 'Precision': '1.0 (54 / 54 + 0)', 'Recall': '0.73 (54 / 54 + 20)', 'F1': '0.84 (2 * (0.73 * 1.0) / 0.73 + 1.0)', 'Specificity': '1.0 (111 / 111 + 0)', 'AUC': 0.86, 'r2': 0.55}
2023-05-29 11:21:54,845 [INFO] Save test_prediction_log data...
2023-05-29 11:21:54,847 [INFO] {'Data': 'test', 'ACC': '0.63 (117 / 185)', 'TP': 7, 'FP': 1, 'FN': 67, 'TN': 110, 'Precision': '0.88 (7 / 7 + 1)', 'Recall': '0.09 (7 / 7 + 67)', 'F1': '0.16 (2 * (0.09 * 0.88) / 0.09 + 0.88)', 'Specificity': '0.99 (110 / 110 + 1)', 'AUC': 0.54, 'r2': -0.53}
2023-05-29 11:21:54,850 [INFO] Save training_log data...
2023-05-29 11:21:54,856 [INFO] Save score_log data...
2023-05-29 11:21:54,856 [INFO] Time : 8.50199031829834
