2023-05-28 01:46:06,990 [INFO] Train data : Vary_params\DUD-E\CSF1R\nG1_20\ECFP4_512bits\MinMax\CSF1R_train_vector.tsv
2023-05-28 01:46:06,990 [INFO] Valid data : Vary_params\DUD-E\CSF1R\nG1_20\ECFP4_512bits\MinMax\CSF1R_valid_vector.tsv
2023-05-28 01:46:06,990 [INFO] Output path : Vary_params\DUD-E\CSF1R\nG1_20\ECFP4_512bits\MinMax\CSF1R_model\SVM
2023-05-28 01:46:06,990 [INFO] Model type : SVM
2023-05-28 01:46:06,990 [INFO] Use cores : 11
2023-05-28 01:46:07,016 [INFO] Start Learning model
2023-05-28 01:46:07,016 [INFO] Train : 216 | Valid : 47
2023-05-28 01:46:07,016 [INFO] Set parameters : {'kernel': ['linear', 'rbf'], 'C': [0.01, 0.1, 1, 10, 100, 1000], 'gamma': [0.01, 0.1, 1, 100, 1000]}
2023-05-28 01:46:10,888 [INFO] GridSearchCV results :
    mean_valid_accuracy  mean_valid_precision  mean_valid_auc
43             0.857576              1.000000        0.855000
33             0.857576              1.000000        0.855000
23             0.834416              1.000000        0.830455
53             0.857576              1.000000        0.855000
21             0.950000              0.979167        0.949545
0              0.935714              0.977381        0.934545
2              0.935714              0.977381        0.934545
4              0.935714              0.977381        0.934545
6              0.935714              0.977381        0.934545
8              0.935714              0.977381        0.934545
41             0.959091              0.973504        0.958636
31             0.959091              0.973504        0.958636
51             0.959091              0.973504        0.958636
50             0.940043              0.941336        0.940455
48             0.940043              0.941336        0.940455
28             0.940043              0.941336        0.940455
44             0.940043              0.941336        0.940455
42             0.940043              0.941336        0.940455
52             0.940043              0.941336        0.940455
40             0.940043              0.941336        0.940455
38             0.940043              0.941336        0.940455
54             0.940043              0.941336        0.940455
36             0.940043              0.941336        0.940455
56             0.940043              0.941336        0.940455
34             0.940043              0.941336        0.940455
58             0.940043              0.941336        0.940455
32             0.940043              0.941336        0.940455
46             0.940043              0.941336        0.940455
30             0.940043              0.941336        0.940455
12             0.940043              0.941336        0.940455
18             0.940043              0.941336        0.940455
14             0.940043              0.941336        0.940455
26             0.940043              0.941336        0.940455
24             0.940043              0.941336        0.940455
10             0.940043              0.941336        0.940455
22             0.940043              0.941336        0.940455
16             0.940043              0.941336        0.940455
20             0.940043              0.941336        0.940455
45             0.527922              0.200000        0.509545
55             0.527922              0.200000        0.509545
35             0.527922              0.200000        0.509545
7              0.518615              0.000000        0.500000
49             0.518615              0.000000        0.500000
9              0.518615              0.000000        0.500000
5              0.518615              0.000000        0.500000
57             0.518615              0.000000        0.500000
3              0.518615              0.000000        0.500000
11             0.518615              0.000000        0.500000
29             0.518615              0.000000        0.500000
15             0.518615              0.000000        0.500000
13             0.518615              0.000000        0.500000
47             0.518615              0.000000        0.500000
1              0.518615              0.000000        0.500000
17             0.518615              0.000000        0.500000
19             0.518615              0.000000        0.500000
39             0.518615              0.000000        0.500000
37             0.518615              0.000000        0.500000
25             0.518615              0.000000        0.500000
27             0.518615              0.000000        0.500000
59             0.518615              0.000000        0.500000
2023-05-28 01:46:10,892 [INFO] Best model :
SVC(C=1, gamma=0.1, random_state=42)
2023-05-28 01:46:10,915 [INFO] Save train_prediction_log data...
2023-05-28 01:46:10,921 [INFO] {'Data': 'train', 'ACC': '1.0 (216 / 216)', 'TP': 104, 'FP': 0, 'FN': 0, 'TN': 112, 'Precision': '1.0 (104 / 104 + 0)', 'Recall': '1.0 (104 / 104 + 0)', 'F1': '1.0 (2 * (1.0 * 1.0) / 1.0 + 1.0)', 'Specificity': '1.0 (112 / 112 + 0)', 'AUC': 1.0, 'r2': 1.0}
2023-05-28 01:46:10,939 [INFO] Save valid_prediction_log data...
2023-05-28 01:46:10,944 [INFO] {'Data': 'valid', 'ACC': '0.98 (46 / 47)', 'TP': 18, 'FP': 0, 'FN': 1, 'TN': 28, 'Precision': '1.0 (18 / 18 + 0)', 'Recall': '0.95 (18 / 18 + 1)', 'F1': '0.97 (2 * (0.95 * 1.0) / 0.95 + 1.0)', 'Specificity': '1.0 (28 / 28 + 0)', 'AUC': 0.97, 'r2': 0.91}
2023-05-28 01:46:10,965 [INFO] Save test_prediction_log data...
2023-05-28 01:46:10,969 [INFO] {'Data': 'test', 'ACC': '0.62 (29 / 47)', 'TP': 3, 'FP': 2, 'FN': 16, 'TN': 26, 'Precision': '0.6 (3 / 3 + 2)', 'Recall': '0.16 (3 / 3 + 16)', 'F1': '0.25 (2 * (0.16 * 0.6) / 0.16 + 0.6)', 'Specificity': '0.93 (26 / 26 + 2)', 'AUC': 0.54, 'r2': -0.59}
2023-05-28 01:46:10,973 [INFO] Save training_log data...
2023-05-28 01:46:10,974 [INFO] Save score_log data...
2023-05-28 01:46:10,975 [INFO] Time : 3.984583854675293
