2023-05-28 14:17:01,495 [INFO] Train data : Vary_params_ABL_BRAF_FGFR1\DUD-E\ABL1\nG1_20\ECFP6_512bits\Robust\ABL1_train_vector.tsv
2023-05-28 14:17:01,496 [INFO] Valid data : Vary_params_ABL_BRAF_FGFR1\DUD-E\ABL1\nG1_20\ECFP6_512bits\Robust\ABL1_valid_vector.tsv
2023-05-28 14:17:01,496 [INFO] Output path : Vary_params_ABL_BRAF_FGFR1\DUD-E\ABL1\nG1_20\ECFP6_512bits\Robust\ABL1_model\MLP
2023-05-28 14:17:01,496 [INFO] Model type : MLP
2023-05-28 14:17:01,496 [INFO] Use cores : 18
2023-05-28 14:17:01,518 [INFO] Start Learning model
2023-05-28 14:17:01,519 [INFO] Train : 294 | Valid : 66
2023-05-28 14:17:01,519 [INFO] Set parameters : {'hidden_layer_sizes': [(50,), (100,), (50, 50), (100, 100)], 'learning_rate': ['constant', 'invscaling', 'adaptive'], 'activation': ['relu', 'identity', 'logistic', 'tanh'], 'solver': ['adam', 'sgd', 'lbfgs'], 'alpha': [0.1, 0.01, 0.001], 'max_iter': [500, 1000], 'early_stopping': [True]}
2023-05-28 14:20:23,334 [INFO] GridSearchCV results :
     mean_valid_accuracy  mean_valid_precision  mean_valid_auc
624             0.899425                   1.0        0.892308
468             0.896092                   1.0        0.888736
540             0.899425                   1.0        0.892308
543             0.899425                   1.0        0.892308
546             0.899425                   1.0        0.892308
..                   ...                   ...             ...
544             0.537471                   0.0        0.500000
547             0.537471                   0.0        0.500000
550             0.537471                   0.0        0.500000
553             0.537471                   0.0        0.500000
469             0.537471                   0.0        0.500000

[864 rows x 3 columns]
2023-05-28 14:20:23,336 [INFO] Best model :
MLPClassifier(activation='logistic', alpha=0.1, early_stopping=True,
              hidden_layer_sizes=(50, 50), max_iter=500, random_state=42)
2023-05-28 14:20:23,342 [INFO] Save train_prediction_log data...
2023-05-28 14:20:23,345 [INFO] {'Data': 'train', 'ACC': '0.98 (288 / 294)', 'TP': 130, 'FP': 0, 'FN': 6, 'TN': 158, 'Precision': '1.0 (130 / 130 + 0)', 'Recall': '0.96 (130 / 130 + 6)', 'F1': '0.98 (2 * (0.96 * 1.0) / 0.96 + 1.0)', 'Specificity': '1.0 (158 / 158 + 0)', 'AUC': 0.98, 'r2': 0.92}
2023-05-28 14:20:23,350 [INFO] Save valid_prediction_log data...
2023-05-28 14:20:23,352 [INFO] {'Data': 'valid', 'ACC': '1.0 (66 / 66)', 'TP': 26, 'FP': 0, 'FN': 0, 'TN': 40, 'Precision': '1.0 (26 / 26 + 0)', 'Recall': '1.0 (26 / 26 + 0)', 'F1': '1.0 (2 * (1.0 * 1.0) / 1.0 + 1.0)', 'Specificity': '1.0 (40 / 40 + 0)', 'AUC': 1.0, 'r2': 1.0}
2023-05-28 14:20:23,365 [INFO] Save test_prediction_log data...
2023-05-28 14:20:23,366 [INFO] {'Data': 'test', 'ACC': '0.61 (40 / 66)', 'TP': 6, 'FP': 6, 'FN': 20, 'TN': 34, 'Precision': '0.5 (6 / 6 + 6)', 'Recall': '0.23 (6 / 6 + 20)', 'F1': '0.32 (2 * (0.23 * 0.5) / 0.23 + 0.5)', 'Specificity': '0.85 (34 / 34 + 6)', 'AUC': 0.54, 'r2': -0.65}
2023-05-28 14:20:23,369 [INFO] Save training_log data...
2023-05-28 14:20:23,374 [INFO] Save score_log data...
2023-05-28 14:20:23,375 [INFO] Time : 201.8799765110016
