2023-05-28 15:16:28,610 [INFO] Train data : Vary_params_ABL_BRAF_FGFR1\DUD-E\ABL1\nG1_50\ECFP4_256bits\Standard\ABL1_train_vector.tsv
2023-05-28 15:16:28,610 [INFO] Valid data : Vary_params_ABL_BRAF_FGFR1\DUD-E\ABL1\nG1_50\ECFP4_256bits\Standard\ABL1_valid_vector.tsv
2023-05-28 15:16:28,610 [INFO] Output path : Vary_params_ABL_BRAF_FGFR1\DUD-E\ABL1\nG1_50\ECFP4_256bits\Standard\ABL1_model\MLP
2023-05-28 15:16:28,610 [INFO] Model type : MLP
2023-05-28 15:16:28,610 [INFO] Use cores : 18
2023-05-28 15:16:28,630 [INFO] Start Learning model
2023-05-28 15:16:28,630 [INFO] Train : 264 | Valid : 66
2023-05-28 15:16:28,630 [INFO] Set parameters : {'hidden_layer_sizes': [(50,), (100,), (50, 50), (100, 100)], 'learning_rate': ['constant', 'invscaling', 'adaptive'], 'activation': ['relu', 'identity', 'logistic', 'tanh'], 'solver': ['adam', 'sgd', 'lbfgs'], 'alpha': [0.1, 0.01, 0.001], 'max_iter': [500, 1000], 'early_stopping': [True]}
2023-05-28 15:17:50,414 [INFO] GridSearchCV results :
     mean_valid_accuracy  mean_valid_precision  mean_valid_auc
528             0.856838              0.979167        0.824451
609             0.856838              0.979167        0.824451
603             0.856838              0.979167        0.824451
531             0.856838              0.979167        0.824451
600             0.856838              0.979167        0.824451
..                   ...                   ...             ...
621             0.598575              0.000000        0.500000
624             0.598575              0.000000        0.500000
627             0.598575              0.000000        0.500000
607             0.598575              0.000000        0.500000
532             0.598575              0.000000        0.500000

[864 rows x 3 columns]
2023-05-28 15:17:50,415 [INFO] Best model :
MLPClassifier(activation='logistic', alpha=0.01, early_stopping=True,
              max_iter=500, random_state=42)
2023-05-28 15:17:50,420 [INFO] Save train_prediction_log data...
2023-05-28 15:17:50,423 [INFO] {'Data': 'train', 'ACC': '0.89 (234 / 264)', 'TP': 77, 'FP': 1, 'FN': 29, 'TN': 157, 'Precision': '0.99 (77 / 77 + 1)', 'Recall': '0.73 (77 / 77 + 29)', 'F1': '0.84 (2 * (0.73 * 0.99) / 0.73 + 0.99)', 'Specificity': '0.99 (157 / 157 + 1)', 'AUC': 0.86, 'r2': 0.53}
2023-05-28 15:17:50,427 [INFO] Save valid_prediction_log data...
2023-05-28 15:17:50,428 [INFO] {'Data': 'valid', 'ACC': '0.98 (65 / 66)', 'TP': 25, 'FP': 0, 'FN': 1, 'TN': 40, 'Precision': '1.0 (25 / 25 + 0)', 'Recall': '0.96 (25 / 25 + 1)', 'F1': '0.98 (2 * (0.96 * 1.0) / 0.96 + 1.0)', 'Specificity': '1.0 (40 / 40 + 0)', 'AUC': 0.98, 'r2': 0.94}
2023-05-28 15:17:50,438 [INFO] Save test_prediction_log data...
2023-05-28 15:17:50,440 [INFO] {'Data': 'test', 'ACC': '0.64 (42 / 66)', 'TP': 4, 'FP': 2, 'FN': 22, 'TN': 38, 'Precision': '0.67 (4 / 4 + 2)', 'Recall': '0.15 (4 / 4 + 22)', 'F1': '0.25 (2 * (0.15 * 0.67) / 0.15 + 0.67)', 'Specificity': '0.95 (38 / 38 + 2)', 'AUC': 0.55, 'r2': -0.52}
2023-05-28 15:17:50,442 [INFO] Save training_log data...
2023-05-28 15:17:50,446 [INFO] Save score_log data...
2023-05-28 15:17:50,446 [INFO] Time : 81.8367006778717
