2023-05-28 07:36:03,316 [INFO] Train data : Vary_params_IGF1R_KIT\DUD-E\IGF1R\nG1_50\ECFP6_256bits\Robust\IGF1R_train_vector.tsv
2023-05-28 07:36:03,316 [INFO] Valid data : Vary_params_IGF1R_KIT\DUD-E\IGF1R\nG1_50\ECFP6_256bits\Robust\IGF1R_valid_vector.tsv
2023-05-28 07:36:03,316 [INFO] Output path : Vary_params_IGF1R_KIT\DUD-E\IGF1R\nG1_50\ECFP6_256bits\Robust\IGF1R_model\SVM
2023-05-28 07:36:03,316 [INFO] Model type : SVM
2023-05-28 07:36:03,316 [INFO] Use cores : 10
2023-05-28 07:36:03,329 [INFO] Start Learning model
2023-05-28 07:36:03,329 [INFO] Train : 196 | Valid : 49
2023-05-28 07:36:03,329 [INFO] Set parameters : {'kernel': ['linear', 'rbf'], 'C': [0.01, 0.1, 1, 10, 100, 1000], 'gamma': [0.01, 0.1, 1, 100, 1000]}
2023-05-28 07:36:05,682 [INFO] GridSearchCV results :
    mean_valid_accuracy  mean_valid_precision  mean_valid_auc
0              0.867105              0.799275        0.875189
20             0.867105              0.799275        0.875189
24             0.867105              0.799275        0.875189
26             0.867105              0.799275        0.875189
28             0.867105              0.799275        0.875189
32             0.867105              0.799275        0.875189
34             0.867105              0.799275        0.875189
36             0.867105              0.799275        0.875189
38             0.867105              0.799275        0.875189
40             0.867105              0.799275        0.875189
42             0.867105              0.799275        0.875189
44             0.867105              0.799275        0.875189
46             0.867105              0.799275        0.875189
48             0.867105              0.799275        0.875189
50             0.867105              0.799275        0.875189
52             0.867105              0.799275        0.875189
54             0.867105              0.799275        0.875189
56             0.867105              0.799275        0.875189
58             0.867105              0.799275        0.875189
22             0.867105              0.799275        0.875189
30             0.867105              0.799275        0.875189
10             0.867105              0.799275        0.875189
2              0.867105              0.799275        0.875189
18             0.867105              0.799275        0.875189
8              0.867105              0.799275        0.875189
16             0.867105              0.799275        0.875189
4              0.867105              0.799275        0.875189
12             0.867105              0.799275        0.875189
6              0.867105              0.799275        0.875189
14             0.867105              0.799275        0.875189
49             0.602105              0.000000        0.500000
9              0.602105              0.000000        0.500000
45             0.602105              0.000000        0.500000
47             0.602105              0.000000        0.500000
7              0.602105              0.000000        0.500000
21             0.602105              0.000000        0.500000
43             0.602105              0.000000        0.500000
5              0.602105              0.000000        0.500000
53             0.602105              0.000000        0.500000
55             0.602105              0.000000        0.500000
3              0.602105              0.000000        0.500000
57             0.602105              0.000000        0.500000
51             0.602105              0.000000        0.500000
11             0.602105              0.000000        0.500000
41             0.602105              0.000000        0.500000
19             0.602105              0.000000        0.500000
39             0.602105              0.000000        0.500000
37             0.602105              0.000000        0.500000
13             0.602105              0.000000        0.500000
35             0.602105              0.000000        0.500000
33             0.602105              0.000000        0.500000
15             0.602105              0.000000        0.500000
31             0.602105              0.000000        0.500000
1              0.602105              0.000000        0.500000
29             0.602105              0.000000        0.500000
27             0.602105              0.000000        0.500000
17             0.602105              0.000000        0.500000
25             0.602105              0.000000        0.500000
23             0.602105              0.000000        0.500000
59             0.602105              0.000000        0.500000
2023-05-28 07:36:05,682 [INFO] Best model :
SVC(C=0.01, gamma=0.01, kernel='linear', random_state=42)
2023-05-28 07:36:05,687 [INFO] Save train_prediction_log data...
2023-05-28 07:36:05,690 [INFO] {'Data': 'train', 'ACC': '1.0 (196 / 196)', 'TP': 78, 'FP': 0, 'FN': 0, 'TN': 118, 'Precision': '1.0 (78 / 78 + 0)', 'Recall': '1.0 (78 / 78 + 0)', 'F1': '1.0 (2 * (1.0 * 1.0) / 1.0 + 1.0)', 'Specificity': '1.0 (118 / 118 + 0)', 'AUC': 1.0, 'r2': 1.0}
2023-05-28 07:36:05,693 [INFO] Save valid_prediction_log data...
2023-05-28 07:36:05,695 [INFO] {'Data': 'valid', 'ACC': '0.9 (44 / 49)', 'TP': 20, 'FP': 5, 'FN': 0, 'TN': 24, 'Precision': '0.8 (20 / 20 + 5)', 'Recall': '1.0 (20 / 20 + 0)', 'F1': '0.89 (2 * (1.0 * 0.8) / 1.0 + 0.8)', 'Specificity': '0.83 (24 / 24 + 5)', 'AUC': 0.91, 'r2': 0.58}
2023-05-28 07:36:05,704 [INFO] Save test_prediction_log data...
2023-05-28 07:36:05,706 [INFO] {'Data': 'test', 'ACC': '0.55 (27 / 49)', 'TP': 6, 'FP': 8, 'FN': 14, 'TN': 21, 'Precision': '0.43 (6 / 6 + 8)', 'Recall': '0.3 (6 / 6 + 14)', 'F1': '0.35 (2 * (0.3 * 0.43) / 0.3 + 0.43)', 'Specificity': '0.72 (21 / 21 + 8)', 'AUC': 0.51, 'r2': -0.86}
2023-05-28 07:36:05,708 [INFO] Save training_log data...
2023-05-28 07:36:05,709 [INFO] Save score_log data...
2023-05-28 07:36:05,709 [INFO] Time : 2.3925893306732178
