2023-05-27 07:15:44,590 [INFO] Train data : Vary_params\DUD-E\MP2K1\nG1_20\ECFP4_512bits\Robust\MP2K1_train_vector.tsv
2023-05-27 07:15:44,590 [INFO] Valid data : Vary_params\DUD-E\MP2K1\nG1_20\ECFP4_512bits\Robust\MP2K1_valid_vector.tsv
2023-05-27 07:15:44,590 [INFO] Output path : Vary_params\DUD-E\MP2K1\nG1_20\ECFP4_512bits\Robust\MP2K1_model\SVM
2023-05-27 07:15:44,590 [INFO] Model type : SVM
2023-05-27 07:15:44,590 [INFO] Use cores : 10
2023-05-27 07:15:44,612 [INFO] Start Learning model
2023-05-27 07:15:44,612 [INFO] Train : 172 | Valid : 35
2023-05-27 07:15:44,612 [INFO] Set parameters : {'kernel': ['linear', 'rbf'], 'C': [0.01, 0.1, 1, 10, 100, 1000], 'gamma': [0.01, 0.1, 1, 100, 1000]}
2023-05-27 07:15:47,452 [INFO] GridSearchCV results :
    mean_valid_accuracy  mean_valid_precision  mean_valid_auc
0              0.953922              0.977778        0.954861
20             0.953922              0.977778        0.954861
24             0.953922              0.977778        0.954861
26             0.953922              0.977778        0.954861
28             0.953922              0.977778        0.954861
32             0.953922              0.977778        0.954861
34             0.953922              0.977778        0.954861
36             0.953922              0.977778        0.954861
38             0.953922              0.977778        0.954861
40             0.953922              0.977778        0.954861
42             0.953922              0.977778        0.954861
44             0.953922              0.977778        0.954861
46             0.953922              0.977778        0.954861
48             0.953922              0.977778        0.954861
50             0.953922              0.977778        0.954861
52             0.953922              0.977778        0.954861
54             0.953922              0.977778        0.954861
56             0.953922              0.977778        0.954861
58             0.953922              0.977778        0.954861
22             0.953922              0.977778        0.954861
30             0.953922              0.977778        0.954861
10             0.953922              0.977778        0.954861
2              0.953922              0.977778        0.954861
18             0.953922              0.977778        0.954861
8              0.953922              0.977778        0.954861
16             0.953922              0.977778        0.954861
4              0.953922              0.977778        0.954861
12             0.953922              0.977778        0.954861
6              0.953922              0.977778        0.954861
14             0.953922              0.977778        0.954861
49             0.505882              0.505882        0.500000
9              0.505882              0.505882        0.500000
45             0.505882              0.505882        0.500000
47             0.505882              0.505882        0.500000
7              0.505882              0.505882        0.500000
21             0.505882              0.505882        0.500000
43             0.505882              0.505882        0.500000
5              0.505882              0.505882        0.500000
53             0.505882              0.505882        0.500000
55             0.505882              0.505882        0.500000
3              0.505882              0.505882        0.500000
57             0.505882              0.505882        0.500000
51             0.505882              0.505882        0.500000
11             0.505882              0.505882        0.500000
41             0.505882              0.505882        0.500000
19             0.505882              0.505882        0.500000
39             0.505882              0.505882        0.500000
37             0.505882              0.505882        0.500000
13             0.505882              0.505882        0.500000
35             0.505882              0.505882        0.500000
33             0.505882              0.505882        0.500000
15             0.505882              0.505882        0.500000
31             0.505882              0.505882        0.500000
1              0.505882              0.505882        0.500000
29             0.505882              0.505882        0.500000
27             0.505882              0.505882        0.500000
17             0.505882              0.505882        0.500000
25             0.505882              0.505882        0.500000
23             0.505882              0.505882        0.500000
59             0.505882              0.505882        0.500000
2023-05-27 07:15:47,455 [INFO] Best model :
SVC(C=0.01, gamma=0.01, kernel='linear', random_state=42)
2023-05-27 07:15:47,461 [INFO] Save train_prediction_log data...
2023-05-27 07:15:47,464 [INFO] {'Data': 'train', 'ACC': '1.0 (172 / 172)', 'TP': 87, 'FP': 0, 'FN': 0, 'TN': 85, 'Precision': '1.0 (87 / 87 + 0)', 'Recall': '1.0 (87 / 87 + 0)', 'F1': '1.0 (2 * (1.0 * 1.0) / 1.0 + 1.0)', 'Specificity': '1.0 (85 / 85 + 0)', 'AUC': 1.0, 'r2': 1.0}
2023-05-27 07:15:47,469 [INFO] Save valid_prediction_log data...
2023-05-27 07:15:47,471 [INFO] {'Data': 'valid', 'ACC': '0.97 (34 / 35)', 'TP': 14, 'FP': 1, 'FN': 0, 'TN': 20, 'Precision': '0.93 (14 / 14 + 1)', 'Recall': '1.0 (14 / 14 + 0)', 'F1': '0.96 (2 * (1.0 * 0.93) / 1.0 + 0.93)', 'Specificity': '0.95 (20 / 20 + 1)', 'AUC': 0.98, 'r2': 0.88}
2023-05-27 07:15:47,485 [INFO] Save test_prediction_log data...
2023-05-27 07:15:47,487 [INFO] {'Data': 'test', 'ACC': '0.71 (25 / 35)', 'TP': 7, 'FP': 3, 'FN': 7, 'TN': 18, 'Precision': '0.7 (7 / 7 + 3)', 'Recall': '0.5 (7 / 7 + 7)', 'F1': '0.58 (2 * (0.5 * 0.7) / 0.5 + 0.7)', 'Specificity': '0.86 (18 / 18 + 3)', 'AUC': 0.68, 'r2': -0.19}
2023-05-27 07:15:47,490 [INFO] Save training_log data...
2023-05-27 07:15:47,491 [INFO] Save score_log data...
2023-05-27 07:15:47,492 [INFO] Time : 2.901606798171997
