2023-05-28 23:33:07,329 [INFO] Train data : Vary_params_ABL_BRAF_FGFR1\DUD-E\ABL1\nG1_80\ECFP6_256bits\Robust\ABL1_train_vector.tsv
2023-05-28 23:33:07,329 [INFO] Valid data : Vary_params_ABL_BRAF_FGFR1\DUD-E\ABL1\nG1_80\ECFP6_256bits\Robust\ABL1_valid_vector.tsv
2023-05-28 23:33:07,329 [INFO] Output path : Vary_params_ABL_BRAF_FGFR1\DUD-E\ABL1\nG1_80\ECFP6_256bits\Robust\ABL1_model\SVM
2023-05-28 23:33:07,329 [INFO] Model type : SVM
2023-05-28 23:33:07,329 [INFO] Use cores : 19
2023-05-28 23:33:07,342 [INFO] Start Learning model
2023-05-28 23:33:07,342 [INFO] Train : 234 | Valid : 66
2023-05-28 23:33:07,342 [INFO] Set parameters : {'kernel': ['linear', 'rbf'], 'C': [0.01, 0.1, 1, 10, 100, 1000], 'gamma': [0.01, 0.1, 1, 100, 1000]}
2023-05-28 23:33:10,814 [INFO] GridSearchCV results :
    mean_valid_accuracy  mean_valid_precision  mean_valid_auc
0              0.876630              0.805862        0.864554
20             0.876630              0.805862        0.864554
24             0.876630              0.805862        0.864554
26             0.876630              0.805862        0.864554
28             0.876630              0.805862        0.864554
32             0.876630              0.805862        0.864554
34             0.876630              0.805862        0.864554
36             0.876630              0.805862        0.864554
38             0.876630              0.805862        0.864554
40             0.876630              0.805862        0.864554
42             0.876630              0.805862        0.864554
44             0.876630              0.805862        0.864554
46             0.876630              0.805862        0.864554
48             0.876630              0.805862        0.864554
50             0.876630              0.805862        0.864554
52             0.876630              0.805862        0.864554
54             0.876630              0.805862        0.864554
56             0.876630              0.805862        0.864554
58             0.876630              0.805862        0.864554
22             0.876630              0.805862        0.864554
30             0.876630              0.805862        0.864554
14             0.876630              0.805862        0.864554
16             0.876630              0.805862        0.864554
10             0.876630              0.805862        0.864554
6              0.876630              0.805862        0.864554
12             0.876630              0.805862        0.864554
4              0.876630              0.805862        0.864554
8              0.876630              0.805862        0.864554
18             0.876630              0.805862        0.864554
2              0.876630              0.805862        0.864554
51             0.683877              0.200000        0.513393
55             0.683877              0.200000        0.513393
45             0.683877              0.200000        0.513393
43             0.683877              0.200000        0.513393
23             0.683877              0.200000        0.513393
41             0.683877              0.200000        0.513393
21             0.683877              0.200000        0.513393
35             0.683877              0.200000        0.513393
33             0.683877              0.200000        0.513393
53             0.683877              0.200000        0.513393
31             0.683877              0.200000        0.513393
5              0.675362              0.000000        0.500000
47             0.675362              0.000000        0.500000
49             0.675362              0.000000        0.500000
7              0.675362              0.000000        0.500000
57             0.675362              0.000000        0.500000
3              0.675362              0.000000        0.500000
11             0.675362              0.000000        0.500000
9              0.675362              0.000000        0.500000
19             0.675362              0.000000        0.500000
39             0.675362              0.000000        0.500000
37             0.675362              0.000000        0.500000
13             0.675362              0.000000        0.500000
15             0.675362              0.000000        0.500000
1              0.675362              0.000000        0.500000
29             0.675362              0.000000        0.500000
27             0.675362              0.000000        0.500000
17             0.675362              0.000000        0.500000
25             0.675362              0.000000        0.500000
59             0.675362              0.000000        0.500000
2023-05-28 23:33:10,815 [INFO] Best model :
SVC(C=0.01, gamma=0.01, kernel='linear', random_state=42)
2023-05-28 23:33:10,820 [INFO] Save train_prediction_log data...
2023-05-28 23:33:10,824 [INFO] {'Data': 'train', 'ACC': '1.0 (234 / 234)', 'TP': 76, 'FP': 0, 'FN': 0, 'TN': 158, 'Precision': '1.0 (76 / 76 + 0)', 'Recall': '1.0 (76 / 76 + 0)', 'F1': '1.0 (2 * (1.0 * 1.0) / 1.0 + 1.0)', 'Specificity': '1.0 (158 / 158 + 0)', 'AUC': 1.0, 'r2': 1.0}
2023-05-28 23:33:10,827 [INFO] Save valid_prediction_log data...
2023-05-28 23:33:10,828 [INFO] {'Data': 'valid', 'ACC': '0.95 (63 / 66)', 'TP': 25, 'FP': 2, 'FN': 1, 'TN': 38, 'Precision': '0.93 (25 / 25 + 2)', 'Recall': '0.96 (25 / 25 + 1)', 'F1': '0.94 (2 * (0.96 * 0.93) / 0.96 + 0.93)', 'Specificity': '0.95 (38 / 38 + 2)', 'AUC': 0.96, 'r2': 0.81}
2023-05-28 23:33:10,839 [INFO] Save test_prediction_log data...
2023-05-28 23:33:10,841 [INFO] {'Data': 'test', 'ACC': '0.67 (44 / 66)', 'TP': 10, 'FP': 6, 'FN': 16, 'TN': 34, 'Precision': '0.62 (10 / 10 + 6)', 'Recall': '0.38 (10 / 10 + 16)', 'F1': '0.47 (2 * (0.38 * 0.62) / 0.38 + 0.62)', 'Specificity': '0.85 (34 / 34 + 6)', 'AUC': 0.62, 'r2': -0.4}
2023-05-28 23:33:10,843 [INFO] Save training_log data...
2023-05-28 23:33:10,844 [INFO] Save score_log data...
2023-05-28 23:33:10,845 [INFO] Time : 3.515357255935669
