2023-05-29 12:36:41,274 [INFO] Train data : Vary_params_CDK2_EGFR_LCK\DUD-E\LCK\nG1_80\ECFP4_256bits\Standard\LCK_train_vector.tsv
2023-05-29 12:36:41,274 [INFO] Valid data : Vary_params_CDK2_EGFR_LCK\DUD-E\LCK\nG1_80\ECFP4_256bits\Standard\LCK_valid_vector.tsv
2023-05-29 12:36:41,274 [INFO] Output path : Vary_params_CDK2_EGFR_LCK\DUD-E\LCK\nG1_80\ECFP4_256bits\Standard\LCK_model\SVM
2023-05-29 12:36:41,274 [INFO] Model type : SVM
2023-05-29 12:36:41,274 [INFO] Use cores : 19
2023-05-29 12:36:41,309 [INFO] Start Learning model
2023-05-29 12:36:41,309 [INFO] Train : 706 | Valid : 185
2023-05-29 12:36:41,309 [INFO] Set parameters : {'kernel': ['linear', 'rbf'], 'C': [0.01, 0.1, 1, 10, 100, 1000], 'gamma': [0.01, 0.1, 1, 100, 1000]}
2023-05-29 12:36:45,224 [INFO] GridSearchCV results :
    mean_valid_accuracy  mean_valid_precision  mean_valid_auc
31             0.943360              1.000000        0.924501
21             0.933441              1.000000        0.911040
51             0.943360              1.000000        0.924501
41             0.943360              1.000000        0.924501
0              0.963219              0.958698        0.959538
2              0.963219              0.958698        0.959538
4              0.963219              0.958698        0.959538
6              0.963219              0.958698        0.959538
8              0.963219              0.958698        0.959538
42             0.939135              0.914128        0.936408
32             0.939135              0.914128        0.936408
34             0.939135              0.914128        0.936408
36             0.939135              0.914128        0.936408
38             0.939135              0.914128        0.936408
40             0.939135              0.914128        0.936408
48             0.939135              0.914128        0.936408
44             0.939135              0.914128        0.936408
46             0.939135              0.914128        0.936408
26             0.939135              0.914128        0.936408
50             0.939135              0.914128        0.936408
52             0.939135              0.914128        0.936408
54             0.939135              0.914128        0.936408
56             0.939135              0.914128        0.936408
58             0.939135              0.914128        0.936408
28             0.939135              0.914128        0.936408
30             0.939135              0.914128        0.936408
18             0.939135              0.914128        0.936408
24             0.939135              0.914128        0.936408
14             0.939135              0.914128        0.936408
12             0.939135              0.914128        0.936408
22             0.939135              0.914128        0.936408
16             0.939135              0.914128        0.936408
20             0.939135              0.914128        0.936408
10             0.939135              0.914128        0.936408
25             0.626076              0.000000        0.500000
49             0.626076              0.000000        0.500000
11             0.626076              0.000000        0.500000
53             0.626076              0.000000        0.500000
9              0.626076              0.000000        0.500000
13             0.626076              0.000000        0.500000
7              0.626076              0.000000        0.500000
55             0.626076              0.000000        0.500000
5              0.626076              0.000000        0.500000
57             0.626076              0.000000        0.500000
3              0.626076              0.000000        0.500000
47             0.626076              0.000000        0.500000
43             0.626076              0.000000        0.500000
45             0.626076              0.000000        0.500000
27             0.626076              0.000000        0.500000
15             0.626076              0.000000        0.500000
17             0.626076              0.000000        0.500000
39             0.626076              0.000000        0.500000
37             0.626076              0.000000        0.500000
19             0.626076              0.000000        0.500000
35             0.626076              0.000000        0.500000
33             0.626076              0.000000        0.500000
23             0.626076              0.000000        0.500000
1              0.626076              0.000000        0.500000
29             0.626076              0.000000        0.500000
59             0.626076              0.000000        0.500000
2023-05-29 12:36:45,225 [INFO] Best model :
SVC(C=1, gamma=0.01, random_state=42)
2023-05-29 12:36:45,268 [INFO] Save train_prediction_log data...
2023-05-29 12:36:45,272 [INFO] {'Data': 'train', 'ACC': '1.0 (706 / 706)', 'TP': 264, 'FP': 0, 'FN': 0, 'TN': 442, 'Precision': '1.0 (264 / 264 + 0)', 'Recall': '1.0 (264 / 264 + 0)', 'F1': '1.0 (2 * (1.0 * 1.0) / 1.0 + 1.0)', 'Specificity': '1.0 (442 / 442 + 0)', 'AUC': 1.0, 'r2': 1.0}
2023-05-29 12:36:45,285 [INFO] Save valid_prediction_log data...
2023-05-29 12:36:45,287 [INFO] {'Data': 'valid', 'ACC': '0.99 (184 / 185)', 'TP': 73, 'FP': 0, 'FN': 1, 'TN': 111, 'Precision': '1.0 (73 / 73 + 0)', 'Recall': '0.99 (73 / 73 + 1)', 'F1': '0.99 (2 * (0.99 * 1.0) / 0.99 + 1.0)', 'Specificity': '1.0 (111 / 111 + 0)', 'AUC': 0.99, 'r2': 0.98}
2023-05-29 12:36:45,311 [INFO] Save test_prediction_log data...
2023-05-29 12:36:45,313 [INFO] {'Data': 'test', 'ACC': '0.69 (128 / 185)', 'TP': 21, 'FP': 4, 'FN': 53, 'TN': 107, 'Precision': '0.84 (21 / 21 + 4)', 'Recall': '0.28 (21 / 21 + 53)', 'F1': '0.42 (2 * (0.28 * 0.84) / 0.28 + 0.84)', 'Specificity': '0.96 (107 / 107 + 4)', 'AUC': 0.62, 'r2': -0.28}
2023-05-29 12:36:45,316 [INFO] Save training_log data...
2023-05-29 12:36:45,510 [INFO] Save score_log data...
2023-05-29 12:36:45,512 [INFO] Time : 4.237645626068115
