2023-05-29 03:01:27,315 [INFO] Train data : Vary_params_CDK2_EGFR_LCK\DUD-E\LCK\nG1_20\ECFP4_512bits\Standard\LCK_train_vector.tsv
2023-05-29 03:01:27,315 [INFO] Valid data : Vary_params_CDK2_EGFR_LCK\DUD-E\LCK\nG1_20\ECFP4_512bits\Standard\LCK_valid_vector.tsv
2023-05-29 03:01:27,315 [INFO] Output path : Vary_params_CDK2_EGFR_LCK\DUD-E\LCK\nG1_20\ECFP4_512bits\Standard\LCK_model\MLP
2023-05-29 03:01:27,315 [INFO] Model type : MLP
2023-05-29 03:01:27,315 [INFO] Use cores : 19
2023-05-29 03:01:27,382 [INFO] Start Learning model
2023-05-29 03:01:27,382 [INFO] Train : 766 | Valid : 185
2023-05-29 03:01:27,383 [INFO] Set parameters : {'hidden_layer_sizes': [(50,), (100,), (50, 50), (100, 100)], 'learning_rate': ['constant', 'invscaling', 'adaptive'], 'activation': ['relu', 'identity', 'logistic', 'tanh'], 'solver': ['adam', 'sgd', 'lbfgs'], 'alpha': [0.1, 0.01, 0.001], 'max_iter': [500, 1000], 'early_stopping': [True]}
2023-05-29 03:06:26,589 [INFO] GridSearchCV results :
     mean_valid_accuracy  mean_valid_precision  mean_valid_auc
535             0.857912              0.995238        0.833239
463             0.857912              0.995238        0.833239
598             0.842327              0.995238        0.815057
595             0.842327              0.995238        0.815057
538             0.857912              0.995238        0.833239
..                   ...                   ...             ...
643             0.577033              0.000000        0.500000
550             0.577033              0.000000        0.500000
547             0.577033              0.000000        0.500000
646             0.577033              0.000000        0.500000
562             0.577033              0.000000        0.500000

[864 rows x 3 columns]
2023-05-29 03:06:26,590 [INFO] Best model :
MLPClassifier(activation='logistic', alpha=0.1, early_stopping=True,
              max_iter=500, random_state=42, solver='sgd')
2023-05-29 03:06:26,600 [INFO] Save train_prediction_log data...
2023-05-29 03:06:26,603 [INFO] {'Data': 'train', 'ACC': '0.88 (676 / 766)', 'TP': 235, 'FP': 1, 'FN': 89, 'TN': 441, 'Precision': '1.0 (235 / 235 + 1)', 'Recall': '0.73 (235 / 235 + 89)', 'F1': '0.84 (2 * (0.73 * 1.0) / 0.73 + 1.0)', 'Specificity': '1.0 (441 / 441 + 1)', 'AUC': 0.86, 'r2': 0.52}
2023-05-29 03:06:26,609 [INFO] Save valid_prediction_log data...
2023-05-29 03:06:26,611 [INFO] {'Data': 'valid', 'ACC': '0.92 (171 / 185)', 'TP': 61, 'FP': 1, 'FN': 13, 'TN': 110, 'Precision': '0.98 (61 / 61 + 1)', 'Recall': '0.82 (61 / 61 + 13)', 'F1': '0.89 (2 * (0.82 * 0.98) / 0.82 + 0.98)', 'Specificity': '0.99 (110 / 110 + 1)', 'AUC': 0.91, 'r2': 0.68}
2023-05-29 03:06:26,634 [INFO] Save test_prediction_log data...
2023-05-29 03:06:26,636 [INFO] {'Data': 'test', 'ACC': '0.69 (127 / 185)', 'TP': 22, 'FP': 6, 'FN': 52, 'TN': 105, 'Precision': '0.79 (22 / 22 + 6)', 'Recall': '0.3 (22 / 22 + 52)', 'F1': '0.43 (2 * (0.3 * 0.79) / 0.3 + 0.79)', 'Specificity': '0.95 (105 / 105 + 6)', 'AUC': 0.62, 'r2': -0.31}
2023-05-29 03:06:26,639 [INFO] Save training_log data...
2023-05-29 03:06:26,644 [INFO] Save score_log data...
2023-05-29 03:06:26,645 [INFO] Time : 299.3303151130676
