2023-05-26 18:27:07,387 [INFO] Train data : Vary_params\DUD-E\MAPK2\nG1_80\ECFP6_256bits\Robust\MAPK2_train_vector.tsv
2023-05-26 18:27:07,387 [INFO] Valid data : Vary_params\DUD-E\MAPK2\nG1_80\ECFP6_256bits\Robust\MAPK2_valid_vector.tsv
2023-05-26 18:27:07,387 [INFO] Output path : Vary_params\DUD-E\MAPK2\nG1_80\ECFP6_256bits\Robust\MAPK2_model\SVM
2023-05-26 18:27:07,387 [INFO] Model type : SVM
2023-05-26 18:27:07,387 [INFO] Use cores : 10
2023-05-26 18:27:07,398 [INFO] Start Learning model
2023-05-26 18:27:07,398 [INFO] Train : 72 | Valid : 25
2023-05-26 18:27:07,398 [INFO] Set parameters : {'kernel': ['linear', 'rbf'], 'C': [0.01, 0.1, 1, 10, 100, 1000], 'gamma': [0.01, 0.1, 1, 100, 1000]}
2023-05-26 18:27:09,991 [INFO] GridSearchCV results :
    mean_valid_accuracy  mean_valid_precision  mean_valid_auc
0              0.944643                  0.75        0.866667
20             0.944643                  0.75        0.866667
24             0.944643                  0.75        0.866667
26             0.944643                  0.75        0.866667
28             0.944643                  0.75        0.866667
32             0.944643                  0.75        0.866667
34             0.944643                  0.75        0.866667
36             0.944643                  0.75        0.866667
38             0.944643                  0.75        0.866667
40             0.944643                  0.75        0.866667
42             0.944643                  0.75        0.866667
44             0.944643                  0.75        0.866667
46             0.944643                  0.75        0.866667
48             0.944643                  0.75        0.866667
50             0.944643                  0.75        0.866667
52             0.944643                  0.75        0.866667
54             0.944643                  0.75        0.866667
56             0.944643                  0.75        0.866667
58             0.944643                  0.75        0.866667
22             0.944643                  0.75        0.866667
30             0.944643                  0.75        0.866667
10             0.944643                  0.75        0.866667
2              0.944643                  0.75        0.866667
18             0.944643                  0.75        0.866667
8              0.944643                  0.75        0.866667
16             0.944643                  0.75        0.866667
4              0.944643                  0.75        0.866667
12             0.944643                  0.75        0.866667
6              0.944643                  0.75        0.866667
14             0.944643                  0.75        0.866667
49             0.848214                  0.00        0.500000
9              0.848214                  0.00        0.500000
45             0.848214                  0.00        0.500000
47             0.848214                  0.00        0.500000
7              0.848214                  0.00        0.500000
21             0.848214                  0.00        0.500000
43             0.848214                  0.00        0.500000
5              0.848214                  0.00        0.500000
53             0.848214                  0.00        0.500000
55             0.848214                  0.00        0.500000
3              0.848214                  0.00        0.500000
57             0.848214                  0.00        0.500000
51             0.848214                  0.00        0.500000
11             0.848214                  0.00        0.500000
41             0.848214                  0.00        0.500000
19             0.848214                  0.00        0.500000
39             0.848214                  0.00        0.500000
37             0.848214                  0.00        0.500000
13             0.848214                  0.00        0.500000
35             0.848214                  0.00        0.500000
33             0.848214                  0.00        0.500000
15             0.848214                  0.00        0.500000
31             0.848214                  0.00        0.500000
1              0.848214                  0.00        0.500000
29             0.848214                  0.00        0.500000
27             0.848214                  0.00        0.500000
17             0.848214                  0.00        0.500000
25             0.848214                  0.00        0.500000
23             0.848214                  0.00        0.500000
59             0.848214                  0.00        0.500000
2023-05-26 18:27:09,995 [INFO] Best model :
SVC(C=0.01, gamma=0.01, kernel='linear', random_state=42)
2023-05-26 18:27:09,999 [INFO] Save train_prediction_log data...
2023-05-26 18:27:10,002 [INFO] {'Data': 'train', 'ACC': '1.0 (72 / 72)', 'TP': 11, 'FP': 0, 'FN': 0, 'TN': 61, 'Precision': '1.0 (11 / 11 + 0)', 'Recall': '1.0 (11 / 11 + 0)', 'F1': '1.0 (2 * (1.0 * 1.0) / 1.0 + 1.0)', 'Specificity': '1.0 (61 / 61 + 0)', 'AUC': 1.0, 'r2': 1.0}
2023-05-26 18:27:10,006 [INFO] Save valid_prediction_log data...
2023-05-26 18:27:10,008 [INFO] {'Data': 'valid', 'ACC': '0.96 (24 / 25)', 'TP': 10, 'FP': 1, 'FN': 0, 'TN': 14, 'Precision': '0.91 (10 / 10 + 1)', 'Recall': '1.0 (10 / 10 + 0)', 'F1': '0.95 (2 * (1.0 * 0.91) / 1.0 + 0.91)', 'Specificity': '0.93 (14 / 14 + 1)', 'AUC': 0.97, 'r2': 0.83}
2023-05-26 18:27:10,017 [INFO] Save test_prediction_log data...
2023-05-26 18:27:10,020 [INFO] {'Data': 'test', 'ACC': '0.68 (17 / 25)', 'TP': 3, 'FP': 1, 'FN': 7, 'TN': 14, 'Precision': '0.75 (3 / 3 + 1)', 'Recall': '0.3 (3 / 3 + 7)', 'F1': '0.43 (2 * (0.3 * 0.75) / 0.3 + 0.75)', 'Specificity': '0.93 (14 / 14 + 1)', 'AUC': 0.62, 'r2': -0.33}
2023-05-26 18:27:10,022 [INFO] Save training_log data...
2023-05-26 18:27:10,023 [INFO] Save score_log data...
2023-05-26 18:27:10,024 [INFO] Time : 2.638000249862671
