2023-05-29 05:15:46,801 [INFO] Train data : Vary_params_CDK2_EGFR_LCK\DUD-E\LCK\nG1_20\ECFP6_512bits\Robust\LCK_train_vector.tsv
2023-05-29 05:15:46,802 [INFO] Valid data : Vary_params_CDK2_EGFR_LCK\DUD-E\LCK\nG1_20\ECFP6_512bits\Robust\LCK_valid_vector.tsv
2023-05-29 05:15:46,802 [INFO] Output path : Vary_params_CDK2_EGFR_LCK\DUD-E\LCK\nG1_20\ECFP6_512bits\Robust\LCK_model\MLP
2023-05-29 05:15:46,802 [INFO] Model type : MLP
2023-05-29 05:15:46,802 [INFO] Use cores : 19
2023-05-29 05:15:46,835 [INFO] Start Learning model
2023-05-29 05:15:46,836 [INFO] Train : 766 | Valid : 185
2023-05-29 05:15:46,836 [INFO] Set parameters : {'hidden_layer_sizes': [(50,), (100,), (50, 50), (100, 100)], 'learning_rate': ['constant', 'invscaling', 'adaptive'], 'activation': ['relu', 'identity', 'logistic', 'tanh'], 'solver': ['adam', 'sgd', 'lbfgs'], 'alpha': [0.1, 0.01, 0.001], 'max_iter': [500, 1000], 'early_stopping': [True]}
2023-05-29 05:21:08,174 [INFO] GridSearchCV results :
     mean_valid_accuracy  mean_valid_precision  mean_valid_auc
624             0.933442              0.970691        0.925407
546             0.933442              0.970691        0.925407
540             0.933442              0.970691        0.925407
615             0.933442              0.970691        0.925407
618             0.933442              0.970691        0.925407
..                   ...                   ...             ...
640             0.577033              0.000000        0.500000
613             0.577033              0.000000        0.500000
544             0.577033              0.000000        0.500000
490             0.577033              0.000000        0.500000
553             0.577033              0.000000        0.500000

[864 rows x 3 columns]
2023-05-29 05:21:08,175 [INFO] Best model :
MLPClassifier(activation='logistic', alpha=0.01, early_stopping=True,
              hidden_layer_sizes=(50, 50), max_iter=500, random_state=42)
2023-05-29 05:21:08,184 [INFO] Save train_prediction_log data...
2023-05-29 05:21:08,188 [INFO] {'Data': 'train', 'ACC': '0.99 (762 / 766)', 'TP': 322, 'FP': 2, 'FN': 2, 'TN': 440, 'Precision': '0.99 (322 / 322 + 2)', 'Recall': '0.99 (322 / 322 + 2)', 'F1': '0.99 (2 * (0.99 * 0.99) / 0.99 + 0.99)', 'Specificity': '1.0 (440 / 440 + 2)', 'AUC': 0.99, 'r2': 0.98}
2023-05-29 05:21:08,193 [INFO] Save valid_prediction_log data...
2023-05-29 05:21:08,195 [INFO] {'Data': 'valid', 'ACC': '0.96 (178 / 185)', 'TP': 72, 'FP': 5, 'FN': 2, 'TN': 106, 'Precision': '0.94 (72 / 72 + 5)', 'Recall': '0.97 (72 / 72 + 2)', 'F1': '0.95 (2 * (0.97 * 0.94) / 0.97 + 0.94)', 'Specificity': '0.95 (106 / 106 + 5)', 'AUC': 0.96, 'r2': 0.84}
2023-05-29 05:21:08,211 [INFO] Save test_prediction_log data...
2023-05-29 05:21:08,213 [INFO] {'Data': 'test', 'ACC': '0.62 (115 / 185)', 'TP': 41, 'FP': 37, 'FN': 33, 'TN': 74, 'Precision': '0.53 (41 / 41 + 37)', 'Recall': '0.55 (41 / 41 + 33)', 'F1': '0.54 (2 * (0.55 * 0.53) / 0.55 + 0.53)', 'Specificity': '0.67 (74 / 74 + 37)', 'AUC': 0.61, 'r2': -0.58}
2023-05-29 05:21:08,215 [INFO] Save training_log data...
2023-05-29 05:21:08,220 [INFO] Save score_log data...
2023-05-29 05:21:08,221 [INFO] Time : 321.42013597488403
