2023-05-28 07:25:08,462 [INFO] Train data : Vary_params\DUD-E\WEE1\nG1_50\ECFP4_512bits\MinMax\WEE1_train_vector.tsv
2023-05-28 07:25:08,462 [INFO] Valid data : Vary_params\DUD-E\WEE1\nG1_50\ECFP4_512bits\MinMax\WEE1_valid_vector.tsv
2023-05-28 07:25:08,462 [INFO] Output path : Vary_params\DUD-E\WEE1\nG1_50\ECFP4_512bits\MinMax\WEE1_model\SVM
2023-05-28 07:25:08,462 [INFO] Model type : SVM
2023-05-28 07:25:08,462 [INFO] Use cores : 10
2023-05-28 07:25:08,497 [INFO] Start Learning model
2023-05-28 07:25:08,497 [INFO] Train : 101 | Valid : 25
2023-05-28 07:25:08,497 [INFO] Set parameters : {'kernel': ['linear', 'rbf'], 'C': [0.01, 0.1, 1, 10, 100, 1000], 'gamma': [0.01, 0.1, 1, 100, 1000]}
2023-05-28 07:25:15,584 [INFO] GridSearchCV results :
    mean_valid_accuracy  mean_valid_precision  mean_valid_auc
0              1.000000                   1.0          1.0000
24             1.000000                   1.0          1.0000
28             1.000000                   1.0          1.0000
31             1.000000                   1.0          1.0000
32             1.000000                   1.0          1.0000
33             0.950909                   1.0          0.9375
34             1.000000                   1.0          1.0000
36             1.000000                   1.0          1.0000
38             1.000000                   1.0          1.0000
40             1.000000                   1.0          1.0000
41             1.000000                   1.0          1.0000
42             1.000000                   1.0          1.0000
43             0.950909                   1.0          0.9375
44             1.000000                   1.0          1.0000
46             1.000000                   1.0          1.0000
48             1.000000                   1.0          1.0000
50             1.000000                   1.0          1.0000
51             1.000000                   1.0          1.0000
52             1.000000                   1.0          1.0000
53             0.950909                   1.0          0.9375
54             1.000000                   1.0          1.0000
56             1.000000                   1.0          1.0000
58             1.000000                   1.0          1.0000
26             1.000000                   1.0          1.0000
30             1.000000                   1.0          1.0000
10             1.000000                   1.0          1.0000
8              1.000000                   1.0          1.0000
2              1.000000                   1.0          1.0000
22             1.000000                   1.0          1.0000
21             1.000000                   1.0          1.0000
20             1.000000                   1.0          1.0000
12             1.000000                   1.0          1.0000
18             1.000000                   1.0          1.0000
4              1.000000                   1.0          1.0000
23             0.930909                   1.0          0.9125
6              1.000000                   1.0          1.0000
16             1.000000                   1.0          1.0000
14             1.000000                   1.0          1.0000
9              0.603636                   0.0          0.5000
49             0.603636                   0.0          0.5000
25             0.603636                   0.0          0.5000
7              0.603636                   0.0          0.5000
47             0.603636                   0.0          0.5000
55             0.603636                   0.0          0.5000
3              0.603636                   0.0          0.5000
57             0.603636                   0.0          0.5000
5              0.603636                   0.0          0.5000
13             0.603636                   0.0          0.5000
45             0.603636                   0.0          0.5000
11             0.603636                   0.0          0.5000
15             0.603636                   0.0          0.5000
39             0.603636                   0.0          0.5000
37             0.603636                   0.0          0.5000
17             0.603636                   0.0          0.5000
35             0.603636                   0.0          0.5000
19             0.603636                   0.0          0.5000
1              0.603636                   0.0          0.5000
29             0.603636                   0.0          0.5000
27             0.603636                   0.0          0.5000
59             0.603636                   0.0          0.5000
2023-05-28 07:25:15,588 [INFO] Best model :
SVC(C=0.01, gamma=0.01, kernel='linear', random_state=42)
2023-05-28 07:25:15,596 [INFO] Save train_prediction_log data...
2023-05-28 07:25:15,600 [INFO] {'Data': 'train', 'ACC': '1.0 (101 / 101)', 'TP': 40, 'FP': 0, 'FN': 0, 'TN': 61, 'Precision': '1.0 (40 / 40 + 0)', 'Recall': '1.0 (40 / 40 + 0)', 'F1': '1.0 (2 * (1.0 * 1.0) / 1.0 + 1.0)', 'Specificity': '1.0 (61 / 61 + 0)', 'AUC': 1.0, 'r2': 1.0}
2023-05-28 07:25:15,605 [INFO] Save valid_prediction_log data...
2023-05-28 07:25:15,607 [INFO] {'Data': 'valid', 'ACC': '1.0 (25 / 25)', 'TP': 10, 'FP': 0, 'FN': 0, 'TN': 15, 'Precision': '1.0 (10 / 10 + 0)', 'Recall': '1.0 (10 / 10 + 0)', 'F1': '1.0 (2 * (1.0 * 1.0) / 1.0 + 1.0)', 'Specificity': '1.0 (15 / 15 + 0)', 'AUC': 1.0, 'r2': 1.0}
2023-05-28 07:25:15,626 [INFO] Save test_prediction_log data...
2023-05-28 07:25:15,630 [INFO] {'Data': 'test', 'ACC': '0.76 (19 / 25)', 'TP': 5, 'FP': 1, 'FN': 5, 'TN': 14, 'Precision': '0.83 (5 / 5 + 1)', 'Recall': '0.5 (5 / 5 + 5)', 'F1': '0.62 (2 * (0.5 * 0.83) / 0.5 + 0.83)', 'Specificity': '0.93 (14 / 14 + 1)', 'AUC': 0.72, 'r2': 0.0}
2023-05-28 07:25:15,633 [INFO] Save training_log data...
2023-05-28 07:25:15,635 [INFO] Save score_log data...
2023-05-28 07:25:15,636 [INFO] Time : 7.173508882522583
