2023-05-29 02:55:24,165 [INFO] Train data : Vary_params_FGFR1\DUD-E\FGFR1\nG1_80\ECFP6_256bits\Standard\FGFR1_train_vector.tsv
2023-05-29 02:55:24,166 [INFO] Valid data : Vary_params_FGFR1\DUD-E\FGFR1\nG1_80\ECFP6_256bits\Standard\FGFR1_valid_vector.tsv
2023-05-29 02:55:24,166 [INFO] Output path : Vary_params_FGFR1\DUD-E\FGFR1\nG1_80\ECFP6_256bits\Standard\FGFR1_model\SVM
2023-05-29 02:55:24,166 [INFO] Model type : SVM
2023-05-29 02:55:24,166 [INFO] Use cores : 10
2023-05-29 02:55:24,189 [INFO] Start Learning model
2023-05-29 02:55:24,189 [INFO] Train : 143 | Valid : 43
2023-05-29 02:55:24,190 [INFO] Set parameters : {'kernel': ['linear', 'rbf'], 'C': [0.01, 0.1, 1, 10, 100, 1000], 'gamma': [0.01, 0.1, 1, 100, 1000]}
2023-05-29 02:55:31,112 [INFO] GridSearchCV results :
    mean_valid_accuracy  mean_valid_precision  mean_valid_auc
41             0.873810                 1.000        0.766667
31             0.873810                 1.000        0.766667
51             0.873810                 1.000        0.766667
0              0.972381                 0.955        0.965455
26             0.972381                 0.955        0.965455
28             0.972381                 0.955        0.965455
32             0.972381                 0.955        0.965455
34             0.972381                 0.955        0.965455
36             0.972381                 0.955        0.965455
38             0.972381                 0.955        0.965455
40             0.972381                 0.955        0.965455
42             0.972381                 0.955        0.965455
22             0.972381                 0.955        0.965455
44             0.972381                 0.955        0.965455
46             0.972381                 0.955        0.965455
48             0.972381                 0.955        0.965455
50             0.972381                 0.955        0.965455
52             0.972381                 0.955        0.965455
54             0.972381                 0.955        0.965455
56             0.972381                 0.955        0.965455
58             0.972381                 0.955        0.965455
24             0.972381                 0.955        0.965455
30             0.972381                 0.955        0.965455
12             0.972381                 0.955        0.965455
2              0.972381                 0.955        0.965455
20             0.972381                 0.955        0.965455
4              0.972381                 0.955        0.965455
18             0.972381                 0.955        0.965455
8              0.972381                 0.955        0.965455
10             0.972381                 0.955        0.965455
16             0.972381                 0.955        0.965455
6              0.972381                 0.955        0.965455
14             0.972381                 0.955        0.965455
21             0.781905                 0.600        0.600000
49             0.727143                 0.000        0.500000
9              0.727143                 0.000        0.500000
47             0.727143                 0.000        0.500000
5              0.727143                 0.000        0.500000
7              0.727143                 0.000        0.500000
53             0.727143                 0.000        0.500000
55             0.727143                 0.000        0.500000
3              0.727143                 0.000        0.500000
57             0.727143                 0.000        0.500000
45             0.727143                 0.000        0.500000
23             0.727143                 0.000        0.500000
43             0.727143                 0.000        0.500000
11             0.727143                 0.000        0.500000
13             0.727143                 0.000        0.500000
39             0.727143                 0.000        0.500000
37             0.727143                 0.000        0.500000
15             0.727143                 0.000        0.500000
35             0.727143                 0.000        0.500000
33             0.727143                 0.000        0.500000
17             0.727143                 0.000        0.500000
1              0.727143                 0.000        0.500000
29             0.727143                 0.000        0.500000
19             0.727143                 0.000        0.500000
27             0.727143                 0.000        0.500000
25             0.727143                 0.000        0.500000
59             0.727143                 0.000        0.500000
2023-05-29 02:55:31,113 [INFO] Best model :
SVC(C=10, gamma=0.01, random_state=42)
2023-05-29 02:55:31,123 [INFO] Save train_prediction_log data...
2023-05-29 02:55:31,128 [INFO] {'Data': 'train', 'ACC': '1.0 (143 / 143)', 'TP': 39, 'FP': 0, 'FN': 0, 'TN': 104, 'Precision': '1.0 (39 / 39 + 0)', 'Recall': '1.0 (39 / 39 + 0)', 'F1': '1.0 (2 * (1.0 * 1.0) / 1.0 + 1.0)', 'Specificity': '1.0 (104 / 104 + 0)', 'AUC': 1.0, 'r2': 1.0}
2023-05-29 02:55:31,135 [INFO] Save valid_prediction_log data...
2023-05-29 02:55:31,138 [INFO] {'Data': 'valid', 'ACC': '1.0 (43 / 43)', 'TP': 17, 'FP': 0, 'FN': 0, 'TN': 26, 'Precision': '1.0 (17 / 17 + 0)', 'Recall': '1.0 (17 / 17 + 0)', 'F1': '1.0 (2 * (1.0 * 1.0) / 1.0 + 1.0)', 'Specificity': '1.0 (26 / 26 + 0)', 'AUC': 1.0, 'r2': 1.0}
2023-05-29 02:55:31,151 [INFO] Save test_prediction_log data...
2023-05-29 02:55:31,154 [INFO] {'Data': 'test', 'ACC': '0.63 (27 / 43)', 'TP': 1, 'FP': 0, 'FN': 16, 'TN': 26, 'Precision': '1.0 (1 / 1 + 0)', 'Recall': '0.06 (1 / 1 + 16)', 'F1': '0.11 (2 * (0.06 * 1.0) / 0.06 + 1.0)', 'Specificity': '1.0 (26 / 26 + 0)', 'AUC': 0.53, 'r2': -0.56}
2023-05-29 02:55:31,156 [INFO] Save training_log data...
2023-05-29 02:55:31,158 [INFO] Save score_log data...
2023-05-29 02:55:31,160 [INFO] Time : 6.9955291748046875
