2023-05-30 02:11:18,249 [INFO] Train data : Baseline_noscale\DUD-E\MK10\ECFP4_512bits\MK10_raw_train.tsv
2023-05-30 02:11:18,249 [INFO] Valid data : Baseline_noscale\DUD-E\MK10\ECFP4_512bits\MK10_raw_valid.tsv
2023-05-30 02:11:18,249 [INFO] Output path : Baseline_noscale\DUD-E\MK10\ECFP4_512bits\MK10_model\XGB
2023-05-30 02:11:18,249 [INFO] Model type : XGB
2023-05-30 02:11:18,249 [INFO] Use cores : 12
2023-05-30 02:11:18,264 [INFO] Start Learning model
2023-05-30 02:11:18,264 [INFO] Train : 104 | Valid : 26
2023-05-30 02:11:18,265 [INFO] Set parameters : {'max_depth': [4, 6, 8], 'learning_rate': [0.01, 0.2], 'n_estimators': [200, 600, 1000], 'gamma': [0, 1000], 'min_child_weight': [1, 3], 'subsample': [0.5, 1], 'colsample_bytree': [0.5, 1], 'objective': ['binary:logitraw'], 'eval_metric': ['auc', 'error']}
2023-05-30 02:17:22,714 [INFO] GridSearchCV results :
     mean_valid_accuracy  mean_valid_precision  mean_valid_auc
194             0.952727                  0.96        0.953333
192             0.952727                  0.96        0.953333
50              0.952727                  0.96        0.953333
60              0.952727                  0.96        0.953333
48              0.952727                  0.96        0.953333
..                   ...                   ...             ...
365             0.596364                  0.00        0.500000
364             0.596364                  0.00        0.500000
363             0.596364                  0.00        0.500000
362             0.596364                  0.00        0.500000
575             0.596364                  0.00        0.500000

[576 rows x 3 columns]
2023-05-30 02:17:22,716 [INFO] Best model :
XGBClassifier(base_score=None, booster=None, callbacks=None,
              colsample_bylevel=None, colsample_bynode=None,
              colsample_bytree=0.5, early_stopping_rounds=None,
              enable_categorical=False, eval_metric='auc', feature_types=None,
              gamma=0, gpu_id=None, grow_policy=None, importance_type=None,
              interaction_constraints=None, learning_rate=0.2, max_bin=None,
              max_cat_threshold=None, max_cat_to_onehot=None,
              max_delta_step=None, max_depth=6, max_leaves=None,
              min_child_weight=1, missing=nan, monotone_constraints=None,
              n_estimators=200, n_jobs=0, num_parallel_tree=None,
              objective='binary:logitraw', predictor=None, ...)
2023-05-30 02:17:22,728 [INFO] Save train_prediction_log data...
2023-05-30 02:17:22,732 [INFO] {'Data': 'train', 'ACC': '1.0 (104 / 104)', 'TP': 42, 'FP': 0, 'FN': 0, 'TN': 62, 'Precision': '1.0 (42 / 42 + 0)', 'Recall': '1.0 (42 / 42 + 0)', 'F1': '1.0 (2 * (1.0 * 1.0) / 1.0 + 1.0)', 'Specificity': '1.0 (62 / 62 + 0)', 'AUC': 1.0, 'r2': 1.0}
2023-05-30 02:17:22,743 [INFO] Save valid_prediction_log data...
2023-05-30 02:17:22,745 [INFO] {'Data': 'valid', 'ACC': '0.96 (25 / 26)', 'TP': 10, 'FP': 1, 'FN': 0, 'TN': 15, 'Precision': '0.91 (10 / 10 + 1)', 'Recall': '1.0 (10 / 10 + 0)', 'F1': '0.95 (2 * (1.0 * 0.91) / 1.0 + 0.91)', 'Specificity': '0.94 (15 / 15 + 1)', 'AUC': 0.97, 'r2': 0.84}
2023-05-30 02:17:22,764 [INFO] Save test_prediction_log data...
2023-05-30 02:17:22,766 [INFO] {'Data': 'test', 'ACC': '0.65 (17 / 26)', 'TP': 3, 'FP': 2, 'FN': 7, 'TN': 14, 'Precision': '0.6 (3 / 3 + 2)', 'Recall': '0.3 (3 / 3 + 7)', 'F1': '0.4 (2 * (0.3 * 0.6) / 0.3 + 0.6)', 'Specificity': '0.88 (14 / 14 + 2)', 'AUC': 0.59, 'r2': -0.46}
2023-05-30 02:17:22,771 [INFO] Save training_log data...
2023-05-30 02:17:23,073 [INFO] Save score_log data...
2023-05-30 02:17:23,074 [INFO] Time : 364.82575011253357
