2023-05-29 11:10:47,172 [INFO] Train data : Vary_params\DUD-E\KPCB\nG1_80\ECFP6_512bits\Standard\KPCB_train_vector.tsv
2023-05-29 11:10:47,172 [INFO] Valid data : Vary_params\DUD-E\KPCB\nG1_80\ECFP6_512bits\Standard\KPCB_valid_vector.tsv
2023-05-29 11:10:47,172 [INFO] Output path : Vary_params\DUD-E\KPCB\nG1_80\ECFP6_512bits\Standard\KPCB_model\XGB
2023-05-29 11:10:47,172 [INFO] Model type : XGB
2023-05-29 11:10:47,172 [INFO] Use cores : 11
2023-05-29 11:10:47,207 [INFO] Start Learning model
2023-05-29 11:10:47,207 [INFO] Train : 138 | Valid : 42
2023-05-29 11:10:47,207 [INFO] Set parameters : {'max_depth': [4, 6, 8], 'learning_rate': [0.01, 0.2], 'n_estimators': [200, 600, 1000], 'gamma': [0, 1000], 'min_child_weight': [1, 3], 'subsample': [0.5, 1], 'colsample_bytree': [0.5, 1], 'objective': ['binary:logitraw'], 'eval_metric': ['auc', 'error']}
2023-05-29 11:23:53,950 [INFO] GridSearchCV results :
     mean_valid_accuracy  mean_valid_precision  mean_valid_auc
0               0.963736                   1.0        0.933333
290             0.971429                   1.0        0.950000
185             0.985714                   1.0        0.975000
188             0.963736                   1.0        0.933333
190             0.963736                   1.0        0.933333
..                   ...                   ...             ...
277             0.732418                   0.0        0.500000
276             0.732418                   0.0        0.500000
275             0.732418                   0.0        0.500000
274             0.732418                   0.0        0.500000
575             0.732418                   0.0        0.500000

[576 rows x 3 columns]
2023-05-29 11:23:53,952 [INFO] Best model :
XGBClassifier(base_score=None, booster=None, callbacks=None,
              colsample_bylevel=None, colsample_bynode=None,
              colsample_bytree=0.5, early_stopping_rounds=None,
              enable_categorical=False, eval_metric='auc', feature_types=None,
              gamma=0, gpu_id=None, grow_policy=None, importance_type=None,
              interaction_constraints=None, learning_rate=0.01, max_bin=None,
              max_cat_threshold=None, max_cat_to_onehot=None,
              max_delta_step=None, max_depth=4, max_leaves=None,
              min_child_weight=1, missing=nan, monotone_constraints=None,
              n_estimators=200, n_jobs=0, num_parallel_tree=None,
              objective='binary:logitraw', predictor=None, ...)
2023-05-29 11:23:53,969 [INFO] Save train_prediction_log data...
2023-05-29 11:23:53,973 [INFO] {'Data': 'train', 'ACC': '1.0 (138 / 138)', 'TP': 37, 'FP': 0, 'FN': 0, 'TN': 101, 'Precision': '1.0 (37 / 37 + 0)', 'Recall': '1.0 (37 / 37 + 0)', 'F1': '1.0 (2 * (1.0 * 1.0) / 1.0 + 1.0)', 'Specificity': '1.0 (101 / 101 + 0)', 'AUC': 1.0, 'r2': 1.0}
2023-05-29 11:23:53,991 [INFO] Save valid_prediction_log data...
2023-05-29 11:23:53,994 [INFO] {'Data': 'valid', 'ACC': '0.95 (40 / 42)', 'TP': 16, 'FP': 1, 'FN': 1, 'TN': 24, 'Precision': '0.94 (16 / 16 + 1)', 'Recall': '0.94 (16 / 16 + 1)', 'F1': '0.94 (2 * (0.94 * 0.94) / 0.94 + 0.94)', 'Specificity': '0.96 (24 / 24 + 1)', 'AUC': 0.95, 'r2': 0.8}
2023-05-29 11:23:54,031 [INFO] Save test_prediction_log data...
2023-05-29 11:23:54,034 [INFO] {'Data': 'test', 'ACC': '0.69 (29 / 42)', 'TP': 5, 'FP': 1, 'FN': 12, 'TN': 24, 'Precision': '0.83 (5 / 5 + 1)', 'Recall': '0.29 (5 / 5 + 12)', 'F1': '0.43 (2 * (0.29 * 0.83) / 0.29 + 0.83)', 'Specificity': '0.96 (24 / 24 + 1)', 'AUC': 0.63, 'r2': -0.28}
2023-05-29 11:23:54,040 [INFO] Save training_log data...
2023-05-29 11:23:54,046 [INFO] Save score_log data...
2023-05-29 11:23:54,047 [INFO] Time : 786.8751103878021
