2023-04-09 00:42:47,224 [INFO] Train data : D:\PARK\Lab\Database\ADis-QSAR_final\data\DUDE\PLK1\ECFP4_256bits\preprocessing\PLK1_train_vector.tsv
2023-04-09 00:42:47,224 [INFO] Test data : D:\PARK\Lab\Database\ADis-QSAR_final\data\DUDE\PLK1\ECFP4_256bits\preprocessing\PLK1_test_vector.tsv
2023-04-09 00:42:47,224 [INFO] Output path : D:\PARK\Lab\Database\ADis-QSAR_final\data\DUDE\PLK1\ECFP4_256bits\PLK1_model\XGB
2023-04-09 00:42:47,224 [INFO] Model type : XGB
2023-04-09 00:42:47,224 [INFO] Use cores : 10
2023-04-09 00:42:47,236 [INFO] Start Learning model
2023-04-09 00:42:47,236 [INFO] Train : 116 | Test : 27
2023-04-09 00:42:47,237 [INFO] Set parameters : {'max_depth': [4, 6, 8], 'learning_rate': [0.01, 0.2], 'n_estimators': [200, 600, 1000], 'gamma': [0, 1000], 'min_child_weight': [1, 3], 'subsample': [0.5, 1], 'colsample_bytree': [0.5, 1], 'objective': ['binary:logitraw'], 'eval_metric': ['auc', 'error']}
2023-04-09 00:46:41,118 [INFO] GridSearchCV results :
     mean_valid_accuracy  mean_valid_precision  mean_valid_auc
160             0.981818                   1.0          0.9750
166             0.954545                   1.0          0.9375
32              0.954545                   1.0          0.9375
34              0.954545                   1.0          0.9375
490             0.972727                   1.0          0.9625
..                   ...                   ...             ...
102             0.595455                   0.0          0.5000
103             0.595455                   0.0          0.5000
104             0.595455                   0.0          0.5000
105             0.595455                   0.0          0.5000
575             0.595455                   0.0          0.5000

[576 rows x 3 columns]
2023-04-09 00:46:41,121 [INFO] Best model :
XGBClassifier(base_score=0.5, booster='gbtree', callbacks=None,
              colsample_bylevel=1, colsample_bynode=1, colsample_bytree=0.5,
              early_stopping_rounds=None, enable_categorical=False,
              eval_metric='auc', gamma=0, gpu_id=-1, grow_policy='depthwise',
              importance_type=None, interaction_constraints='',
              learning_rate=0.01, max_bin=256, max_cat_to_onehot=4,
              max_delta_step=0, max_depth=4, max_leaves=0, min_child_weight=1,
              missing=nan, monotone_constraints='()', n_estimators=600,
              n_jobs=0, num_parallel_tree=1, objective='binary:logitraw',
              predictor='auto', random_state=42, reg_alpha=0, ...)
2023-04-09 00:46:41,129 [INFO] Save train_prediction_log data...
2023-04-09 00:46:41,132 [INFO] {'Data': 'train', 'ACC': '1.0 (116 / 116)', 'TP': 47, 'FP': 0, 'FN': 0, 'TN': 69, 'Precision': '1.0 (47 / 47 + 0)', 'Recall': '1.0 (47 / 47 + 0)', 'F1': '1.0 (2 * (1.0 * 1.0) / 1.0 + 1.0)', 'Specificity': '1.0 (69 / 69 + 0)', 'AUC': 1.0, 'r2': 1.0}
2023-04-09 00:46:41,138 [INFO] Save test_prediction_log data...
2023-04-09 00:46:41,140 [INFO] {'Data': 'test', 'ACC': '1.0 (27 / 27)', 'TP': 10, 'FP': 0, 'FN': 0, 'TN': 17, 'Precision': '1.0 (10 / 10 + 0)', 'Recall': '1.0 (10 / 10 + 0)', 'F1': '1.0 (2 * (1.0 * 1.0) / 1.0 + 1.0)', 'Specificity': '1.0 (17 / 17 + 0)', 'AUC': 1.0, 'r2': 1.0}
2023-04-09 00:46:41,154 [INFO] Save ext_prediction_log data...
2023-04-09 00:46:41,156 [INFO] {'Data': 'ext', 'ACC': '0.7 (19 / 27)', 'TP': 3, 'FP': 1, 'FN': 7, 'TN': 16, 'Precision': '0.75 (3 / 3 + 1)', 'Recall': '0.3 (3 / 3 + 7)', 'F1': '0.43 (2 * (0.3 * 0.75) / 0.3 + 0.75)', 'Specificity': '0.94 (16 / 16 + 1)', 'AUC': 0.62, 'r2': -0.27}
2023-04-09 00:46:41,166 [INFO] Save training_log data...
2023-04-09 00:46:41,170 [INFO] Save score_log data...
2023-04-09 00:46:41,171 [INFO] Time : 233.94715762138367
