2023-05-27 13:29:28,418 [INFO] Train data : Vary_params\DUD-E\MP2K1\nG1_80\ECFP4_512bits\Standard\MP2K1_train_vector.tsv
2023-05-27 13:29:28,418 [INFO] Valid data : Vary_params\DUD-E\MP2K1\nG1_80\ECFP4_512bits\Standard\MP2K1_valid_vector.tsv
2023-05-27 13:29:28,418 [INFO] Output path : Vary_params\DUD-E\MP2K1\nG1_80\ECFP4_512bits\Standard\MP2K1_model\XGB
2023-05-27 13:29:28,418 [INFO] Model type : XGB
2023-05-27 13:29:28,418 [INFO] Use cores : 10
2023-05-27 13:29:28,446 [INFO] Start Learning model
2023-05-27 13:29:28,446 [INFO] Train : 112 | Valid : 35
2023-05-27 13:29:28,447 [INFO] Set parameters : {'max_depth': [4, 6, 8], 'learning_rate': [0.01, 0.2], 'n_estimators': [200, 600, 1000], 'gamma': [0, 1000], 'min_child_weight': [1, 3], 'subsample': [0.5, 1], 'colsample_bytree': [0.5, 1], 'objective': ['binary:logitraw'], 'eval_metric': ['auc', 'error']}
2023-05-27 13:38:38,324 [INFO] GridSearchCV results :
     mean_valid_accuracy  mean_valid_precision  mean_valid_auc
0               0.972727                   1.0        0.941667
446             0.990909                   1.0        0.975000
336             0.990909                   1.0        0.975000
314             0.990909                   1.0        0.975000
348             0.990909                   1.0        0.975000
..                   ...                   ...             ...
365             0.759091                   0.0        0.500000
364             0.759091                   0.0        0.500000
363             0.759091                   0.0        0.500000
362             0.759091                   0.0        0.500000
575             0.759091                   0.0        0.500000

[576 rows x 3 columns]
2023-05-27 13:38:38,325 [INFO] Best model :
XGBClassifier(base_score=None, booster=None, callbacks=None,
              colsample_bylevel=None, colsample_bynode=None,
              colsample_bytree=0.5, early_stopping_rounds=None,
              enable_categorical=False, eval_metric='auc', feature_types=None,
              gamma=0, gpu_id=None, grow_policy=None, importance_type=None,
              interaction_constraints=None, learning_rate=0.01, max_bin=None,
              max_cat_threshold=None, max_cat_to_onehot=None,
              max_delta_step=None, max_depth=4, max_leaves=None,
              min_child_weight=1, missing=nan, monotone_constraints=None,
              n_estimators=200, n_jobs=0, num_parallel_tree=None,
              objective='binary:logitraw', predictor=None, ...)
2023-05-27 13:38:38,339 [INFO] Save train_prediction_log data...
2023-05-27 13:38:38,343 [INFO] {'Data': 'train', 'ACC': '1.0 (112 / 112)', 'TP': 27, 'FP': 0, 'FN': 0, 'TN': 85, 'Precision': '1.0 (27 / 27 + 0)', 'Recall': '1.0 (27 / 27 + 0)', 'F1': '1.0 (2 * (1.0 * 1.0) / 1.0 + 1.0)', 'Specificity': '1.0 (85 / 85 + 0)', 'AUC': 1.0, 'r2': 1.0}
2023-05-27 13:38:38,356 [INFO] Save valid_prediction_log data...
2023-05-27 13:38:38,358 [INFO] {'Data': 'valid', 'ACC': '1.0 (35 / 35)', 'TP': 14, 'FP': 0, 'FN': 0, 'TN': 21, 'Precision': '1.0 (14 / 14 + 0)', 'Recall': '1.0 (14 / 14 + 0)', 'F1': '1.0 (2 * (1.0 * 1.0) / 1.0 + 1.0)', 'Specificity': '1.0 (21 / 21 + 0)', 'AUC': 1.0, 'r2': 1.0}
2023-05-27 13:38:38,386 [INFO] Save test_prediction_log data...
2023-05-27 13:38:38,391 [INFO] {'Data': 'test', 'ACC': '0.63 (22 / 35)', 'TP': 2, 'FP': 1, 'FN': 12, 'TN': 20, 'Precision': '0.67 (2 / 2 + 1)', 'Recall': '0.14 (2 / 2 + 12)', 'F1': '0.23 (2 * (0.14 * 0.67) / 0.14 + 0.67)', 'Specificity': '0.95 (20 / 20 + 1)', 'AUC': 0.55, 'r2': -0.55}
2023-05-27 13:38:38,395 [INFO] Save training_log data...
2023-05-27 13:38:38,399 [INFO] Save score_log data...
2023-05-27 13:38:38,400 [INFO] Time : 549.9821960926056
