2023-05-30 00:02:45,593 [INFO] Train data : Baseline_noscale_DUDE\DUD-E\CSF1R\ECFP6_256bits\CSF1R_raw_train.tsv
2023-05-30 00:02:45,593 [INFO] Valid data : Baseline_noscale_DUDE\DUD-E\CSF1R\ECFP6_256bits\CSF1R_raw_valid.tsv
2023-05-30 00:02:45,593 [INFO] Output path : Baseline_noscale_DUDE\DUD-E\CSF1R\ECFP6_256bits\CSF1R_model\MLP
2023-05-30 00:02:45,594 [INFO] Model type : MLP
2023-05-30 00:02:45,594 [INFO] Use cores : 12
2023-05-30 00:02:45,603 [INFO] Start Learning model
2023-05-30 00:02:45,603 [INFO] Train : 186 | Valid : 47
2023-05-30 00:02:45,603 [INFO] Set parameters : {'hidden_layer_sizes': [(50,), (100,), (50, 50), (100, 100)], 'learning_rate': ['constant', 'invscaling', 'adaptive'], 'activation': ['relu', 'identity', 'logistic', 'tanh'], 'solver': ['adam', 'sgd', 'lbfgs'], 'alpha': [0.1, 0.01, 0.001], 'max_iter': [500, 1000], 'early_stopping': [True]}
2023-05-30 00:03:54,681 [INFO] GridSearchCV results :
     mean_valid_accuracy  mean_valid_precision  mean_valid_auc
213             0.861404                   1.0        0.828571
135             0.856140                   1.0        0.822321
207             0.861404                   1.0        0.828571
204             0.861404                   1.0        0.828571
201             0.861404                   1.0        0.828571
..                   ...                   ...             ...
616             0.602339                   0.0        0.500000
615             0.602339                   0.0        0.500000
613             0.602339                   0.0        0.500000
612             0.602339                   0.0        0.500000
469             0.602339                   0.0        0.500000

[864 rows x 3 columns]
2023-05-30 00:03:54,682 [INFO] Best model :
MLPClassifier(alpha=0.1, early_stopping=True, hidden_layer_sizes=(100, 100),
              max_iter=500, random_state=42)
2023-05-30 00:03:54,686 [INFO] Save train_prediction_log data...
2023-05-30 00:03:54,688 [INFO] {'Data': 'train', 'ACC': '1.0 (186 / 186)', 'TP': 74, 'FP': 0, 'FN': 0, 'TN': 112, 'Precision': '1.0 (74 / 74 + 0)', 'Recall': '1.0 (74 / 74 + 0)', 'F1': '1.0 (2 * (1.0 * 1.0) / 1.0 + 1.0)', 'Specificity': '1.0 (112 / 112 + 0)', 'AUC': 1.0, 'r2': 1.0}
2023-05-30 00:03:54,692 [INFO] Save valid_prediction_log data...
2023-05-30 00:03:54,694 [INFO] {'Data': 'valid', 'ACC': '0.96 (45 / 47)', 'TP': 18, 'FP': 1, 'FN': 1, 'TN': 27, 'Precision': '0.95 (18 / 18 + 1)', 'Recall': '0.95 (18 / 18 + 1)', 'F1': '0.95 (2 * (0.95 * 0.95) / 0.95 + 0.95)', 'Specificity': '0.96 (27 / 27 + 1)', 'AUC': 0.96, 'r2': 0.82}
2023-05-30 00:03:54,700 [INFO] Save test_prediction_log data...
2023-05-30 00:03:54,702 [INFO] {'Data': 'test', 'ACC': '0.66 (31 / 47)', 'TP': 10, 'FP': 7, 'FN': 9, 'TN': 21, 'Precision': '0.59 (10 / 10 + 7)', 'Recall': '0.53 (10 / 10 + 9)', 'F1': '0.56 (2 * (0.53 * 0.59) / 0.53 + 0.59)', 'Specificity': '0.75 (21 / 21 + 7)', 'AUC': 0.64, 'r2': -0.41}
2023-05-30 00:03:54,705 [INFO] Save training_log data...
2023-05-30 00:03:54,710 [INFO] Save score_log data...
2023-05-30 00:03:54,711 [INFO] Time : 69.11836624145508
