2023-05-29 01:01:13,784 [INFO] Train data : Vary_params_SH\DUD-E\TGFR1\nG1_80\ECFP4_256bits\MinMax\TGFR1_train_vector.tsv
2023-05-29 01:01:13,784 [INFO] Valid data : Vary_params_SH\DUD-E\TGFR1\nG1_80\ECFP4_256bits\MinMax\TGFR1_valid_vector.tsv
2023-05-29 01:01:13,784 [INFO] Output path : Vary_params_SH\DUD-E\TGFR1\nG1_80\ECFP4_256bits\MinMax\TGFR1_model\MLP
2023-05-29 01:01:13,784 [INFO] Model type : MLP
2023-05-29 01:01:13,784 [INFO] Use cores : 3
2023-05-29 01:01:13,805 [INFO] Start Learning model
2023-05-29 01:01:13,805 [INFO] Train : 134 | Valid : 41
2023-05-29 01:01:13,805 [INFO] Set parameters : {'hidden_layer_sizes': [(50,), (100,), (50, 50), (100, 100)], 'learning_rate': ['constant', 'invscaling', 'adaptive'], 'activation': ['relu', 'identity', 'logistic', 'tanh'], 'solver': ['adam', 'sgd', 'lbfgs'], 'alpha': [0.1, 0.01, 0.001], 'max_iter': [500, 1000], 'early_stopping': [True]}
2023-05-29 01:06:09,181 [INFO] GridSearchCV results :
     mean_valid_accuracy  mean_valid_precision  mean_valid_auc
527             0.985165                   1.0        0.975000
707             0.978022                   1.0        0.962500
387             0.925275                   1.0        0.866667
800             0.978022                   1.0        0.962500
384             0.925275                   1.0        0.866667
..                   ...                   ...             ...
484             0.731868                   0.0        0.500000
618             0.731868                   0.0        0.500000
619             0.731868                   0.0        0.500000
483             0.731868                   0.0        0.500000
529             0.731868                   0.0        0.500000

[864 rows x 3 columns]
2023-05-29 01:06:09,183 [INFO] Best model :
MLPClassifier(alpha=0.1, early_stopping=True, hidden_layer_sizes=(50,),
              max_iter=500, random_state=42, solver='lbfgs')
2023-05-29 01:06:09,189 [INFO] Save train_prediction_log data...
2023-05-29 01:06:09,193 [INFO] {'Data': 'train', 'ACC': '1.0 (134 / 134)', 'TP': 36, 'FP': 0, 'FN': 0, 'TN': 98, 'Precision': '1.0 (36 / 36 + 0)', 'Recall': '1.0 (36 / 36 + 0)', 'F1': '1.0 (2 * (1.0 * 1.0) / 1.0 + 1.0)', 'Specificity': '1.0 (98 / 98 + 0)', 'AUC': 1.0, 'r2': 1.0}
2023-05-29 01:06:09,198 [INFO] Save valid_prediction_log data...
2023-05-29 01:06:09,201 [INFO] {'Data': 'valid', 'ACC': '1.0 (41 / 41)', 'TP': 16, 'FP': 0, 'FN': 0, 'TN': 25, 'Precision': '1.0 (16 / 16 + 0)', 'Recall': '1.0 (16 / 16 + 0)', 'F1': '1.0 (2 * (1.0 * 1.0) / 1.0 + 1.0)', 'Specificity': '1.0 (25 / 25 + 0)', 'AUC': 1.0, 'r2': 1.0}
2023-05-29 01:06:09,214 [INFO] Save test_prediction_log data...
2023-05-29 01:06:09,217 [INFO] {'Data': 'test', 'ACC': '0.61 (25 / 41)', 'TP': 7, 'FP': 7, 'FN': 9, 'TN': 18, 'Precision': '0.5 (7 / 7 + 7)', 'Recall': '0.44 (7 / 7 + 9)', 'F1': '0.47 (2 * (0.44 * 0.5) / 0.44 + 0.5)', 'Specificity': '0.72 (18 / 18 + 7)', 'AUC': 0.58, 'r2': -0.64}
2023-05-29 01:06:09,220 [INFO] Save training_log data...
2023-05-29 01:06:09,445 [INFO] Save score_log data...
2023-05-29 01:06:09,445 [INFO] Time : 295.661559343338
