2023-05-28 12:30:08,116 [INFO] Train data : Vary_params_CDK2_EGFR_LCK\DUD-E\EGFR\nG1_20\ECFP6_512bits\Standard\EGFR_train_vector.tsv
2023-05-28 12:30:08,116 [INFO] Valid data : Vary_params_CDK2_EGFR_LCK\DUD-E\EGFR\nG1_20\ECFP6_512bits\Standard\EGFR_valid_vector.tsv
2023-05-28 12:30:08,116 [INFO] Output path : Vary_params_CDK2_EGFR_LCK\DUD-E\EGFR\nG1_20\ECFP6_512bits\Standard\EGFR_model\SVM
2023-05-28 12:30:08,116 [INFO] Model type : SVM
2023-05-28 12:30:08,116 [INFO] Use cores : 19
2023-05-28 12:30:08,194 [INFO] Start Learning model
2023-05-28 12:30:08,194 [INFO] Train : 900 | Valid : 218
2023-05-28 12:30:08,195 [INFO] Set parameters : {'kernel': ['linear', 'rbf'], 'C': [0.01, 0.1, 1, 10, 100, 1000], 'gamma': [0.01, 0.1, 1, 100, 1000]}
2023-05-28 12:30:21,069 [INFO] GridSearchCV results :
    mean_valid_accuracy  mean_valid_precision  mean_valid_auc
51             0.662222              1.000000        0.597973
21             0.640000              1.000000        0.571408
31             0.662222              1.000000        0.597973
41             0.662222              1.000000        0.597973
30             0.958889              0.952863        0.957730
16             0.958889              0.952863        0.957730
32             0.958889              0.952863        0.957730
26             0.958889              0.952863        0.957730
34             0.958889              0.952863        0.957730
24             0.958889              0.952863        0.957730
36             0.958889              0.952863        0.957730
22             0.958889              0.952863        0.957730
20             0.958889              0.952863        0.957730
38             0.958889              0.952863        0.957730
18             0.958889              0.952863        0.957730
40             0.958889              0.952863        0.957730
14             0.958889              0.952863        0.957730
42             0.958889              0.952863        0.957730
12             0.958889              0.952863        0.957730
44             0.958889              0.952863        0.957730
10             0.958889              0.952863        0.957730
46             0.958889              0.952863        0.957730
48             0.958889              0.952863        0.957730
50             0.958889              0.952863        0.957730
52             0.958889              0.952863        0.957730
54             0.958889              0.952863        0.957730
56             0.958889              0.952863        0.957730
58             0.958889              0.952863        0.957730
28             0.958889              0.952863        0.957730
0              0.957778              0.952650        0.956379
2              0.957778              0.952650        0.956379
4              0.957778              0.952650        0.956379
6              0.957778              0.952650        0.956379
8              0.957778              0.952650        0.956379
1              0.580000              0.000000        0.500000
29             0.580000              0.000000        0.500000
57             0.580000              0.000000        0.500000
3              0.580000              0.000000        0.500000
55             0.580000              0.000000        0.500000
53             0.580000              0.000000        0.500000
5              0.580000              0.000000        0.500000
7              0.580000              0.000000        0.500000
49             0.580000              0.000000        0.500000
47             0.580000              0.000000        0.500000
9              0.580000              0.000000        0.500000
45             0.580000              0.000000        0.500000
11             0.580000              0.000000        0.500000
43             0.580000              0.000000        0.500000
13             0.580000              0.000000        0.500000
15             0.580000              0.000000        0.500000
17             0.580000              0.000000        0.500000
39             0.580000              0.000000        0.500000
19             0.580000              0.000000        0.500000
37             0.580000              0.000000        0.500000
23             0.580000              0.000000        0.500000
35             0.580000              0.000000        0.500000
25             0.580000              0.000000        0.500000
33             0.580000              0.000000        0.500000
27             0.580000              0.000000        0.500000
59             0.580000              0.000000        0.500000
2023-05-28 12:30:21,070 [INFO] Best model :
SVC(C=1, gamma=0.01, random_state=42)
2023-05-28 12:30:21,192 [INFO] Save train_prediction_log data...
2023-05-28 12:30:21,196 [INFO] {'Data': 'train', 'ACC': '1.0 (900 / 900)', 'TP': 378, 'FP': 0, 'FN': 0, 'TN': 522, 'Precision': '1.0 (378 / 378 + 0)', 'Recall': '1.0 (378 / 378 + 0)', 'F1': '1.0 (2 * (1.0 * 1.0) / 1.0 + 1.0)', 'Specificity': '1.0 (522 / 522 + 0)', 'AUC': 1.0, 'r2': 1.0}
2023-05-28 12:30:21,226 [INFO] Save valid_prediction_log data...
2023-05-28 12:30:21,228 [INFO] {'Data': 'valid', 'ACC': '0.72 (158 / 218)', 'TP': 27, 'FP': 0, 'FN': 60, 'TN': 131, 'Precision': '1.0 (27 / 27 + 0)', 'Recall': '0.31 (27 / 27 + 60)', 'F1': '0.47 (2 * (0.31 * 1.0) / 0.31 + 1.0)', 'Specificity': '1.0 (131 / 131 + 0)', 'AUC': 0.66, 'r2': -0.15}
2023-05-28 12:30:21,280 [INFO] Save test_prediction_log data...
2023-05-28 12:30:21,282 [INFO] {'Data': 'test', 'ACC': '0.61 (132 / 218)', 'TP': 2, 'FP': 1, 'FN': 85, 'TN': 130, 'Precision': '0.67 (2 / 2 + 1)', 'Recall': '0.02 (2 / 2 + 85)', 'F1': '0.04 (2 * (0.02 * 0.67) / 0.02 + 0.67)', 'Specificity': '0.99 (130 / 130 + 1)', 'AUC': 0.51, 'r2': -0.64}
2023-05-28 12:30:21,285 [INFO] Save training_log data...
2023-05-28 12:30:21,286 [INFO] Save score_log data...
2023-05-28 12:30:21,287 [INFO] Time : 13.171513080596924
