2023-05-28 19:02:00,083 [INFO] Train data : Vary_params\DUD-E\FAK1\nG1_50\ECFP6_256bits\MinMax\FAK1_train_vector.tsv
2023-05-28 19:02:00,083 [INFO] Valid data : Vary_params\DUD-E\FAK1\nG1_50\ECFP6_256bits\MinMax\FAK1_valid_vector.tsv
2023-05-28 19:02:00,083 [INFO] Output path : Vary_params\DUD-E\FAK1\nG1_50\ECFP6_256bits\MinMax\FAK1_model\MLP
2023-05-28 19:02:00,083 [INFO] Model type : MLP
2023-05-28 19:02:00,083 [INFO] Use cores : 11
2023-05-28 19:02:00,096 [INFO] Start Learning model
2023-05-28 19:02:00,096 [INFO] Train : 93 | Valid : 23
2023-05-28 19:02:00,096 [INFO] Set parameters : {'hidden_layer_sizes': [(50,), (100,), (50, 50), (100, 100)], 'learning_rate': ['constant', 'invscaling', 'adaptive'], 'activation': ['relu', 'identity', 'logistic', 'tanh'], 'solver': ['adam', 'sgd', 'lbfgs'], 'alpha': [0.1, 0.01, 0.001], 'max_iter': [500, 1000], 'early_stopping': [True]}
2023-05-28 19:03:48,530 [INFO] GridSearchCV results :
     mean_valid_accuracy  mean_valid_precision  mean_valid_auc
863             0.980000                   1.0          0.9750
194             0.970000                   1.0          0.9625
335             0.990000                   1.0          0.9875
692             0.990000                   1.0          0.9875
332             0.990000                   1.0          0.9875
..                   ...                   ...             ...
471             0.602222                   0.0          0.5000
601             0.602222                   0.0          0.5000
469             0.602222                   0.0          0.5000
468             0.602222                   0.0          0.5000
529             0.602222                   0.0          0.5000

[864 rows x 3 columns]
2023-05-28 19:03:48,532 [INFO] Best model :
MLPClassifier(alpha=0.1, early_stopping=True, hidden_layer_sizes=(50,),
              max_iter=500, random_state=42, solver='lbfgs')
2023-05-28 19:03:48,537 [INFO] Save train_prediction_log data...
2023-05-28 19:03:48,542 [INFO] {'Data': 'train', 'ACC': '1.0 (93 / 93)', 'TP': 37, 'FP': 0, 'FN': 0, 'TN': 56, 'Precision': '1.0 (37 / 37 + 0)', 'Recall': '1.0 (37 / 37 + 0)', 'F1': '1.0 (2 * (1.0 * 1.0) / 1.0 + 1.0)', 'Specificity': '1.0 (56 / 56 + 0)', 'AUC': 1.0, 'r2': 1.0}
2023-05-28 19:03:48,545 [INFO] Save valid_prediction_log data...
2023-05-28 19:03:48,549 [INFO] {'Data': 'valid', 'ACC': '1.0 (23 / 23)', 'TP': 9, 'FP': 0, 'FN': 0, 'TN': 14, 'Precision': '1.0 (9 / 9 + 0)', 'Recall': '1.0 (9 / 9 + 0)', 'F1': '1.0 (2 * (1.0 * 1.0) / 1.0 + 1.0)', 'Specificity': '1.0 (14 / 14 + 0)', 'AUC': 1.0, 'r2': 1.0}
2023-05-28 19:03:48,563 [INFO] Save test_prediction_log data...
2023-05-28 19:03:48,566 [INFO] {'Data': 'test', 'ACC': '0.61 (14 / 23)', 'TP': 0, 'FP': 0, 'FN': 9, 'TN': 14, 'Precision': '0 (0 / 0 + 0)', 'Recall': '0 (0 / 0 + 9)', 'F1': '0 (2 * (0 * 0) / 0 + 0)', 'Specificity': '1.0 (14 / 14 + 0)', 'AUC': 0.5, 'r2': -0.64}
2023-05-28 19:03:48,569 [INFO] Save training_log data...
2023-05-28 19:03:48,575 [INFO] Save score_log data...
2023-05-28 19:03:48,576 [INFO] Time : 108.49259567260742
