2023-05-30 08:36:53,962 [INFO] Train data : Vary_params_BRAF_MK14\DUD-E\MK14\nG1_50\ECFP4_512bits\MinMax\MK14_train_vector.tsv
2023-05-30 08:36:53,962 [INFO] Valid data : Vary_params_BRAF_MK14\DUD-E\MK14\nG1_50\ECFP4_512bits\MinMax\MK14_valid_vector.tsv
2023-05-30 08:36:53,962 [INFO] Output path : Vary_params_BRAF_MK14\DUD-E\MK14\nG1_50\ECFP4_512bits\MinMax\MK14_model\RF
2023-05-30 08:36:53,962 [INFO] Model type : RF
2023-05-30 08:36:53,962 [INFO] Use cores : 10
2023-05-30 08:36:54,007 [INFO] Start Learning model
2023-05-30 08:36:54,007 [INFO] Train : 901 | Valid : 225
2023-05-30 08:36:54,007 [INFO] Set parameters : {'max_depth': [6, 8, 10, 12], 'max_features': ['sqrt', 'log2'], 'min_samples_leaf': [2, 4, 8, 10], 'min_samples_split': [2, 4, 8, 10], 'n_estimators': [200, 600, 1000]}
2023-05-30 08:43:38,472 [INFO] GridSearchCV results :
     mean_valid_accuracy  mean_valid_precision  mean_valid_auc
336             0.978926              0.986081        0.975943
339             0.978926              0.986081        0.975943
192             0.973382              0.985630        0.968998
195             0.973382              0.985630        0.968998
261             0.977802              0.983546        0.975017
..                   ...                   ...             ...
237             0.952283              0.948952        0.949091
330             0.952283              0.946644        0.949554
327             0.952283              0.946644        0.949554
324             0.952283              0.946644        0.949554
333             0.952283              0.946644        0.949554

[384 rows x 3 columns]
2023-05-30 08:43:38,473 [INFO] Best model :
RandomForestClassifier(class_weight='balanced', max_depth=12,
                       max_features='log2', min_samples_leaf=2,
                       n_estimators=200, random_state=42)
2023-05-30 08:43:38,502 [INFO] Save train_prediction_log data...
2023-05-30 08:43:38,505 [INFO] {'Data': 'train', 'ACC': '1.0 (900 / 901)', 'TP': 359, 'FP': 0, 'FN': 1, 'TN': 541, 'Precision': '1.0 (359 / 359 + 0)', 'Recall': '1.0 (359 / 359 + 1)', 'F1': '1.0 (2 * (1.0 * 1.0) / 1.0 + 1.0)', 'Specificity': '1.0 (541 / 541 + 0)', 'AUC': 1.0, 'r2': 1.0}
2023-05-30 08:43:38,523 [INFO] Save valid_prediction_log data...
2023-05-30 08:43:38,526 [INFO] {'Data': 'valid', 'ACC': '1.0 (224 / 225)', 'TP': 89, 'FP': 0, 'FN': 1, 'TN': 135, 'Precision': '1.0 (89 / 89 + 0)', 'Recall': '0.99 (89 / 89 + 1)', 'F1': '0.99 (2 * (0.99 * 1.0) / 0.99 + 1.0)', 'Specificity': '1.0 (135 / 135 + 0)', 'AUC': 0.99, 'r2': 0.98}
2023-05-30 08:43:38,558 [INFO] Save test_prediction_log data...
2023-05-30 08:43:38,926 [INFO] {'Data': 'test', 'ACC': '0.68 (153 / 225)', 'TP': 63, 'FP': 45, 'FN': 27, 'TN': 90, 'Precision': '0.58 (63 / 63 + 45)', 'Recall': '0.7 (63 / 63 + 27)', 'F1': '0.63 (2 * (0.7 * 0.58) / 0.7 + 0.58)', 'Specificity': '0.67 (90 / 90 + 45)', 'AUC': 0.68, 'r2': -0.33}
2023-05-30 08:43:38,970 [INFO] Save training_log data...
2023-05-30 08:43:38,973 [INFO] Save score_log data...
2023-05-30 08:43:38,974 [INFO] Time : 405.01187562942505
