2023-05-27 18:42:53,999 [INFO] Train data : Vary_params\DUD-E\PLK1\nG1_50\ECFP4_256bits\Standard\PLK1_train_vector.tsv
2023-05-27 18:42:53,999 [INFO] Valid data : Vary_params\DUD-E\PLK1\nG1_50\ECFP4_256bits\Standard\PLK1_valid_vector.tsv
2023-05-27 18:42:53,999 [INFO] Output path : Vary_params\DUD-E\PLK1\nG1_50\ECFP4_256bits\Standard\PLK1_model\MLP
2023-05-27 18:42:53,999 [INFO] Model type : MLP
2023-05-27 18:42:53,999 [INFO] Use cores : 10
2023-05-27 18:42:54,015 [INFO] Start Learning model
2023-05-27 18:42:54,016 [INFO] Train : 114 | Valid : 28
2023-05-27 18:42:54,016 [INFO] Set parameters : {'hidden_layer_sizes': [(50,), (100,), (50, 50), (100, 100)], 'learning_rate': ['constant', 'invscaling', 'adaptive'], 'activation': ['relu', 'identity', 'logistic', 'tanh'], 'solver': ['adam', 'sgd', 'lbfgs'], 'alpha': [0.1, 0.01, 0.001], 'max_iter': [500, 1000], 'early_stopping': [True]}
2023-05-27 18:43:59,638 [INFO] GridSearchCV results :
     mean_valid_accuracy  mean_valid_precision  mean_valid_auc
179             0.975000                   1.0        0.970000
227             0.975000                   1.0        0.970000
224             0.975000                   1.0        0.970000
563             0.983333                   1.0        0.980000
566             0.983333                   1.0        0.980000
..                   ...                   ...             ...
616             0.562879                   0.0        0.470238
618             0.596970                   0.0        0.500000
619             0.562879                   0.0        0.470238
471             0.596970                   0.0        0.500000
612             0.596970                   0.0        0.500000

[864 rows x 3 columns]
2023-05-27 18:43:59,639 [INFO] Best model :
MLPClassifier(alpha=0.1, early_stopping=True, hidden_layer_sizes=(50,),
              max_iter=500, random_state=42, solver='lbfgs')
2023-05-27 18:43:59,643 [INFO] Save train_prediction_log data...
2023-05-27 18:43:59,646 [INFO] {'Data': 'train', 'ACC': '1.0 (114 / 114)', 'TP': 46, 'FP': 0, 'FN': 0, 'TN': 68, 'Precision': '1.0 (46 / 46 + 0)', 'Recall': '1.0 (46 / 46 + 0)', 'F1': '1.0 (2 * (1.0 * 1.0) / 1.0 + 1.0)', 'Specificity': '1.0 (68 / 68 + 0)', 'AUC': 1.0, 'r2': 1.0}
2023-05-27 18:43:59,649 [INFO] Save valid_prediction_log data...
2023-05-27 18:43:59,651 [INFO] {'Data': 'valid', 'ACC': '1.0 (28 / 28)', 'TP': 11, 'FP': 0, 'FN': 0, 'TN': 17, 'Precision': '1.0 (11 / 11 + 0)', 'Recall': '1.0 (11 / 11 + 0)', 'F1': '1.0 (2 * (1.0 * 1.0) / 1.0 + 1.0)', 'Specificity': '1.0 (17 / 17 + 0)', 'AUC': 1.0, 'r2': 1.0}
2023-05-27 18:43:59,661 [INFO] Save test_prediction_log data...
2023-05-27 18:43:59,664 [INFO] {'Data': 'test', 'ACC': '0.68 (19 / 28)', 'TP': 3, 'FP': 1, 'FN': 8, 'TN': 16, 'Precision': '0.75 (3 / 3 + 1)', 'Recall': '0.27 (3 / 3 + 8)', 'F1': '0.4 (2 * (0.27 * 0.75) / 0.27 + 0.75)', 'Specificity': '0.94 (16 / 16 + 1)', 'AUC': 0.61, 'r2': -0.35}
2023-05-27 18:43:59,666 [INFO] Save training_log data...
2023-05-27 18:43:59,672 [INFO] Save score_log data...
2023-05-27 18:43:59,673 [INFO] Time : 65.67312216758728
