2023-05-29 14:33:33,235 [INFO] Train data : Vary_params_CDK2_EGFR_LCK\DUD-E\LCK\nG1_80\ECFP6_256bits\Robust\LCK_train_vector.tsv
2023-05-29 14:33:33,236 [INFO] Valid data : Vary_params_CDK2_EGFR_LCK\DUD-E\LCK\nG1_80\ECFP6_256bits\Robust\LCK_valid_vector.tsv
2023-05-29 14:33:33,236 [INFO] Output path : Vary_params_CDK2_EGFR_LCK\DUD-E\LCK\nG1_80\ECFP6_256bits\Robust\LCK_model\RF
2023-05-29 14:33:33,236 [INFO] Model type : RF
2023-05-29 14:33:33,236 [INFO] Use cores : 19
2023-05-29 14:33:33,256 [INFO] Start Learning model
2023-05-29 14:33:33,256 [INFO] Train : 706 | Valid : 185
2023-05-29 14:33:33,256 [INFO] Set parameters : {'max_depth': [6, 8, 10, 12], 'max_features': ['sqrt', 'log2'], 'min_samples_leaf': [2, 4, 8, 10], 'min_samples_split': [2, 4, 8, 10], 'n_estimators': [200, 600, 1000]}
2023-05-29 14:36:53,502 [INFO] GridSearchCV results :
     mean_valid_accuracy  mean_valid_precision  mean_valid_auc
149             0.964628              0.996154        0.953707
151             0.964608              0.996154        0.953707
343             0.961791              0.996154        0.949932
344             0.963199              0.996154        0.951855
337             0.960382              0.996154        0.948080
..                   ...                   ...             ...
141             0.953260              0.961097        0.945311
43              0.950443              0.960652        0.941607
40              0.950443              0.960652        0.941607
37              0.950443              0.960652        0.941607
46              0.950443              0.960652        0.941607

[384 rows x 3 columns]
2023-05-29 14:36:53,503 [INFO] Best model :
RandomForestClassifier(class_weight='balanced', max_depth=8,
                       max_features='log2', min_samples_leaf=2,
                       n_estimators=600, random_state=42)
2023-05-29 14:36:53,565 [INFO] Save train_prediction_log data...
2023-05-29 14:36:53,568 [INFO] {'Data': 'train', 'ACC': '0.99 (702 / 706)', 'TP': 260, 'FP': 0, 'FN': 4, 'TN': 442, 'Precision': '1.0 (260 / 260 + 0)', 'Recall': '0.98 (260 / 260 + 4)', 'F1': '0.99 (2 * (0.98 * 1.0) / 0.98 + 1.0)', 'Specificity': '1.0 (442 / 442 + 0)', 'AUC': 0.99, 'r2': 0.98}
2023-05-29 14:36:53,597 [INFO] Save valid_prediction_log data...
2023-05-29 14:36:53,599 [INFO] {'Data': 'valid', 'ACC': '0.99 (183 / 185)', 'TP': 74, 'FP': 2, 'FN': 0, 'TN': 109, 'Precision': '0.97 (74 / 74 + 2)', 'Recall': '1.0 (74 / 74 + 0)', 'F1': '0.98 (2 * (1.0 * 0.97) / 1.0 + 0.97)', 'Specificity': '0.98 (109 / 109 + 2)', 'AUC': 0.99, 'r2': 0.95}
2023-05-29 14:36:53,634 [INFO] Save test_prediction_log data...
2023-05-29 14:36:53,636 [INFO] {'Data': 'test', 'ACC': '0.74 (136 / 185)', 'TP': 37, 'FP': 12, 'FN': 37, 'TN': 99, 'Precision': '0.76 (37 / 37 + 12)', 'Recall': '0.5 (37 / 37 + 37)', 'F1': '0.6 (2 * (0.5 * 0.76) / 0.5 + 0.76)', 'Specificity': '0.89 (99 / 99 + 12)', 'AUC': 0.7, 'r2': -0.1}
2023-05-29 14:36:53,728 [INFO] Save training_log data...
2023-05-29 14:36:53,764 [INFO] Save score_log data...
2023-05-29 14:36:53,765 [INFO] Time : 200.53021264076233
