2023-05-28 00:31:07,277 [INFO] Train data : Vary_params_SH\DUD-E\ROCK1\nG1_80\ECFP6_512bits\MinMax\ROCK1_train_vector.tsv
2023-05-28 00:31:07,278 [INFO] Valid data : Vary_params_SH\DUD-E\ROCK1\nG1_80\ECFP6_512bits\MinMax\ROCK1_valid_vector.tsv
2023-05-28 00:31:07,278 [INFO] Output path : Vary_params_SH\DUD-E\ROCK1\nG1_80\ECFP6_512bits\MinMax\ROCK1_model\MLP
2023-05-28 00:31:07,278 [INFO] Model type : MLP
2023-05-28 00:31:07,278 [INFO] Use cores : 3
2023-05-28 00:31:07,308 [INFO] Start Learning model
2023-05-28 00:31:07,308 [INFO] Train : 70 | Valid : 25
2023-05-28 00:31:07,308 [INFO] Set parameters : {'hidden_layer_sizes': [(50,), (100,), (50, 50), (100, 100)], 'learning_rate': ['constant', 'invscaling', 'adaptive'], 'activation': ['relu', 'identity', 'logistic', 'tanh'], 'solver': ['adam', 'sgd', 'lbfgs'], 'alpha': [0.1, 0.01, 0.001], 'max_iter': [500, 1000], 'early_stopping': [True]}
2023-05-28 00:38:18,289 [INFO] GridSearchCV results :
     mean_valid_accuracy  mean_valid_precision  mean_valid_auc
128             1.000000                   1.0        1.000000
629             1.000000                   1.0        1.000000
617             1.000000                   1.0        1.000000
623             1.000000                   1.0        1.000000
203             1.000000                   1.0        1.000000
..                   ...                   ...             ...
595             0.857143                   0.0        0.500000
594             0.857143                   0.0        0.500000
318             0.728571                   0.0        0.425000
592             0.757143                   0.0        0.441667
660             0.814286                   0.0        0.475000

[864 rows x 3 columns]
2023-05-28 00:38:18,291 [INFO] Best model :
MLPClassifier(alpha=0.01, early_stopping=True, hidden_layer_sizes=(100, 100),
              max_iter=500, random_state=42, solver='lbfgs')
2023-05-28 00:38:18,299 [INFO] Save train_prediction_log data...
2023-05-28 00:38:18,303 [INFO] {'Data': 'train', 'ACC': '1.0 (70 / 70)', 'TP': 10, 'FP': 0, 'FN': 0, 'TN': 60, 'Precision': '1.0 (10 / 10 + 0)', 'Recall': '1.0 (10 / 10 + 0)', 'F1': '1.0 (2 * (1.0 * 1.0) / 1.0 + 1.0)', 'Specificity': '1.0 (60 / 60 + 0)', 'AUC': 1.0, 'r2': 1.0}
2023-05-28 00:38:18,310 [INFO] Save valid_prediction_log data...
2023-05-28 00:38:18,313 [INFO] {'Data': 'valid', 'ACC': '0.96 (24 / 25)', 'TP': 9, 'FP': 0, 'FN': 1, 'TN': 15, 'Precision': '1.0 (9 / 9 + 0)', 'Recall': '0.9 (9 / 9 + 1)', 'F1': '0.95 (2 * (0.9 * 1.0) / 0.9 + 1.0)', 'Specificity': '1.0 (15 / 15 + 0)', 'AUC': 0.95, 'r2': 0.83}
2023-05-28 00:38:18,334 [INFO] Save test_prediction_log data...
2023-05-28 00:38:18,337 [INFO] {'Data': 'test', 'ACC': '0.56 (14 / 25)', 'TP': 1, 'FP': 2, 'FN': 9, 'TN': 13, 'Precision': '0.33 (1 / 1 + 2)', 'Recall': '0.1 (1 / 1 + 9)', 'F1': '0.15 (2 * (0.1 * 0.33) / 0.1 + 0.33)', 'Specificity': '0.87 (13 / 13 + 2)', 'AUC': 0.48, 'r2': -0.83}
2023-05-28 00:38:18,340 [INFO] Save training_log data...
2023-05-28 00:38:18,539 [INFO] Save score_log data...
2023-05-28 00:38:18,541 [INFO] Time : 431.2640333175659
