2023-05-28 18:02:42,378 [INFO] Train data : Vary_params_IGF1R_KIT\DUD-E\KIT\nG1_50\ECFP4_512bits\Robust\KIT_train_vector.tsv
2023-05-28 18:02:42,378 [INFO] Valid data : Vary_params_IGF1R_KIT\DUD-E\KIT\nG1_50\ECFP4_512bits\Robust\KIT_valid_vector.tsv
2023-05-28 18:02:42,378 [INFO] Output path : Vary_params_IGF1R_KIT\DUD-E\KIT\nG1_50\ECFP4_512bits\Robust\KIT_model\MLP
2023-05-28 18:02:42,378 [INFO] Model type : MLP
2023-05-28 18:02:42,379 [INFO] Use cores : 10
2023-05-28 18:02:42,402 [INFO] Start Learning model
2023-05-28 18:02:42,402 [INFO] Train : 232 | Valid : 58
2023-05-28 18:02:42,402 [INFO] Set parameters : {'hidden_layer_sizes': [(50,), (100,), (50, 50), (100, 100)], 'learning_rate': ['constant', 'invscaling', 'adaptive'], 'activation': ['relu', 'identity', 'logistic', 'tanh'], 'solver': ['adam', 'sgd', 'lbfgs'], 'alpha': [0.1, 0.01, 0.001], 'max_iter': [500, 1000], 'early_stopping': [True]}
2023-05-28 18:06:36,781 [INFO] GridSearchCV results :
     mean_valid_accuracy  mean_valid_precision  mean_valid_auc
489             0.909964                   1.0        0.889444
486             0.909964                   1.0        0.889444
639             0.880072                   1.0        0.852778
642             0.880072                   1.0        0.852778
645             0.880072                   1.0        0.852778
..                   ...                   ...             ...
544             0.599275                   0.0        0.500000
546             0.599275                   0.0        0.500000
547             0.599275                   0.0        0.500000
549             0.599275                   0.0        0.500000
480             0.599275                   0.0        0.500000

[864 rows x 3 columns]
2023-05-28 18:06:36,782 [INFO] Best model :
MLPClassifier(activation='logistic', alpha=0.1, early_stopping=True,
              hidden_layer_sizes=(100, 100), max_iter=500, random_state=42)
2023-05-28 18:06:36,790 [INFO] Save train_prediction_log data...
2023-05-28 18:06:36,793 [INFO] {'Data': 'train', 'ACC': '0.98 (228 / 232)', 'TP': 89, 'FP': 0, 'FN': 4, 'TN': 139, 'Precision': '1.0 (89 / 89 + 0)', 'Recall': '0.96 (89 / 89 + 4)', 'F1': '0.98 (2 * (0.96 * 1.0) / 0.96 + 1.0)', 'Specificity': '1.0 (139 / 139 + 0)', 'AUC': 0.98, 'r2': 0.93}
2023-05-28 18:06:36,798 [INFO] Save valid_prediction_log data...
2023-05-28 18:06:36,800 [INFO] {'Data': 'valid', 'ACC': '0.97 (56 / 58)', 'TP': 21, 'FP': 0, 'FN': 2, 'TN': 35, 'Precision': '1.0 (21 / 21 + 0)', 'Recall': '0.91 (21 / 21 + 2)', 'F1': '0.95 (2 * (0.91 * 1.0) / 0.91 + 1.0)', 'Specificity': '1.0 (35 / 35 + 0)', 'AUC': 0.96, 'r2': 0.86}
2023-05-28 18:06:36,815 [INFO] Save test_prediction_log data...
2023-05-28 18:06:36,817 [INFO] {'Data': 'test', 'ACC': '0.71 (41 / 58)', 'TP': 9, 'FP': 3, 'FN': 14, 'TN': 32, 'Precision': '0.75 (9 / 9 + 3)', 'Recall': '0.39 (9 / 9 + 14)', 'F1': '0.51 (2 * (0.39 * 0.75) / 0.39 + 0.75)', 'Specificity': '0.91 (32 / 32 + 3)', 'AUC': 0.65, 'r2': -0.22}
2023-05-28 18:06:36,820 [INFO] Save training_log data...
2023-05-28 18:06:36,825 [INFO] Save score_log data...
2023-05-28 18:06:36,825 [INFO] Time : 234.4471356868744
