2023-05-28 03:51:40,528 [INFO] Train data : Vary_params_IGF1R_KIT\DUD-E\IGF1R\nG1_20\ECFP6_256bits\Robust\IGF1R_train_vector.tsv
2023-05-28 03:51:40,528 [INFO] Valid data : Vary_params_IGF1R_KIT\DUD-E\IGF1R\nG1_20\ECFP6_256bits\Robust\IGF1R_valid_vector.tsv
2023-05-28 03:51:40,528 [INFO] Output path : Vary_params_IGF1R_KIT\DUD-E\IGF1R\nG1_20\ECFP6_256bits\Robust\IGF1R_model\SVM
2023-05-28 03:51:40,528 [INFO] Model type : SVM
2023-05-28 03:51:40,528 [INFO] Use cores : 10
2023-05-28 03:51:40,541 [INFO] Start Learning model
2023-05-28 03:51:40,541 [INFO] Train : 226 | Valid : 49
2023-05-28 03:51:40,541 [INFO] Set parameters : {'kernel': ['linear', 'rbf'], 'C': [0.01, 0.1, 1, 10, 100, 1000], 'gamma': [0.01, 0.1, 1, 100, 1000]}
2023-05-28 03:51:42,955 [INFO] GridSearchCV results :
    mean_valid_accuracy  mean_valid_precision  mean_valid_auc
0              0.761660              0.711944         0.76447
20             0.761660              0.711944         0.76447
24             0.761660              0.711944         0.76447
26             0.761660              0.711944         0.76447
28             0.761660              0.711944         0.76447
32             0.761660              0.711944         0.76447
34             0.761660              0.711944         0.76447
36             0.761660              0.711944         0.76447
38             0.761660              0.711944         0.76447
40             0.761660              0.711944         0.76447
42             0.761660              0.711944         0.76447
44             0.761660              0.711944         0.76447
46             0.761660              0.711944         0.76447
48             0.761660              0.711944         0.76447
50             0.761660              0.711944         0.76447
52             0.761660              0.711944         0.76447
54             0.761660              0.711944         0.76447
56             0.761660              0.711944         0.76447
58             0.761660              0.711944         0.76447
22             0.761660              0.711944         0.76447
30             0.761660              0.711944         0.76447
10             0.761660              0.711944         0.76447
2              0.761660              0.711944         0.76447
18             0.761660              0.711944         0.76447
8              0.761660              0.711944         0.76447
16             0.761660              0.711944         0.76447
4              0.761660              0.711944         0.76447
12             0.761660              0.711944         0.76447
6              0.761660              0.711944         0.76447
14             0.761660              0.711944         0.76447
49             0.522134              0.000000         0.50000
9              0.522134              0.000000         0.50000
45             0.522134              0.000000         0.50000
47             0.522134              0.000000         0.50000
7              0.522134              0.000000         0.50000
21             0.522134              0.000000         0.50000
43             0.522134              0.000000         0.50000
5              0.522134              0.000000         0.50000
53             0.522134              0.000000         0.50000
55             0.522134              0.000000         0.50000
3              0.522134              0.000000         0.50000
57             0.522134              0.000000         0.50000
51             0.522134              0.000000         0.50000
11             0.522134              0.000000         0.50000
41             0.522134              0.000000         0.50000
19             0.522134              0.000000         0.50000
39             0.522134              0.000000         0.50000
37             0.522134              0.000000         0.50000
13             0.522134              0.000000         0.50000
35             0.522134              0.000000         0.50000
33             0.522134              0.000000         0.50000
15             0.522134              0.000000         0.50000
31             0.522134              0.000000         0.50000
1              0.522134              0.000000         0.50000
29             0.522134              0.000000         0.50000
27             0.522134              0.000000         0.50000
17             0.522134              0.000000         0.50000
25             0.522134              0.000000         0.50000
23             0.522134              0.000000         0.50000
59             0.522134              0.000000         0.50000
2023-05-28 03:51:42,956 [INFO] Best model :
SVC(C=0.01, gamma=0.01, kernel='linear', random_state=42)
2023-05-28 03:51:42,961 [INFO] Save train_prediction_log data...
2023-05-28 03:51:42,964 [INFO] {'Data': 'train', 'ACC': '1.0 (226 / 226)', 'TP': 108, 'FP': 0, 'FN': 0, 'TN': 118, 'Precision': '1.0 (108 / 108 + 0)', 'Recall': '1.0 (108 / 108 + 0)', 'F1': '1.0 (2 * (1.0 * 1.0) / 1.0 + 1.0)', 'Specificity': '1.0 (118 / 118 + 0)', 'AUC': 1.0, 'r2': 1.0}
2023-05-28 03:51:42,967 [INFO] Save valid_prediction_log data...
2023-05-28 03:51:42,969 [INFO] {'Data': 'valid', 'ACC': '0.88 (43 / 49)', 'TP': 20, 'FP': 6, 'FN': 0, 'TN': 23, 'Precision': '0.77 (20 / 20 + 6)', 'Recall': '1.0 (20 / 20 + 0)', 'F1': '0.87 (2 * (1.0 * 0.77) / 1.0 + 0.77)', 'Specificity': '0.79 (23 / 23 + 6)', 'AUC': 0.9, 'r2': 0.49}
2023-05-28 03:51:42,978 [INFO] Save test_prediction_log data...
2023-05-28 03:51:42,980 [INFO] {'Data': 'test', 'ACC': '0.57 (28 / 49)', 'TP': 11, 'FP': 12, 'FN': 9, 'TN': 17, 'Precision': '0.48 (11 / 11 + 12)', 'Recall': '0.55 (11 / 11 + 9)', 'F1': '0.51 (2 * (0.55 * 0.48) / 0.55 + 0.48)', 'Specificity': '0.59 (17 / 17 + 12)', 'AUC': 0.57, 'r2': -0.77}
2023-05-28 03:51:42,982 [INFO] Save training_log data...
2023-05-28 03:51:42,983 [INFO] Save score_log data...
2023-05-28 03:51:42,983 [INFO] Time : 2.4552712440490723
