2023-05-29 21:04:38,280 [INFO] Train data : Baseline_noscale_DUDE\DUD-E\CDK2\ECFP4_256bits\CDK2_raw_train.tsv
2023-05-29 21:04:38,280 [INFO] Valid data : Baseline_noscale_DUDE\DUD-E\CDK2\ECFP4_256bits\CDK2_raw_valid.tsv
2023-05-29 21:04:38,280 [INFO] Output path : Baseline_noscale_DUDE\DUD-E\CDK2\ECFP4_256bits\CDK2_model\RF
2023-05-29 21:04:38,280 [INFO] Model type : RF
2023-05-29 21:04:38,280 [INFO] Use cores : 12
2023-05-29 21:04:38,294 [INFO] Start Learning model
2023-05-29 21:04:38,294 [INFO] Train : 848 | Valid : 212
2023-05-29 21:04:38,294 [INFO] Set parameters : {'max_depth': [6, 8, 10, 12], 'max_features': ['sqrt', 'log2'], 'min_samples_leaf': [2, 4, 8, 10], 'min_samples_split': [2, 4, 8, 10], 'n_estimators': [200, 600, 1000]}
2023-05-29 21:08:42,457 [INFO] GridSearchCV results :
     mean_valid_accuracy  mean_valid_precision  mean_valid_auc
337             0.948095              0.990546        0.936720
341             0.946919              0.990546        0.935250
340             0.948095              0.990546        0.936720
338             0.946919              0.990546        0.935250
242             0.945756              0.987289        0.934269
..                   ...                   ...             ...
40              0.909146              0.903439        0.903387
137             0.909174              0.901752        0.903387
134             0.909174              0.901752        0.903387
140             0.909174              0.901752        0.903387
143             0.909174              0.901752        0.903387

[384 rows x 3 columns]
2023-05-29 21:08:42,458 [INFO] Best model :
RandomForestClassifier(class_weight='balanced', max_depth=12,
                       max_features='log2', min_samples_leaf=2,
                       n_estimators=600, random_state=42)
2023-05-29 21:08:42,515 [INFO] Save train_prediction_log data...
2023-05-29 21:08:42,518 [INFO] {'Data': 'train', 'ACC': '1.0 (847 / 848)', 'TP': 338, 'FP': 0, 'FN': 1, 'TN': 509, 'Precision': '1.0 (338 / 338 + 0)', 'Recall': '1.0 (338 / 338 + 1)', 'F1': '1.0 (2 * (1.0 * 1.0) / 1.0 + 1.0)', 'Specificity': '1.0 (509 / 509 + 0)', 'AUC': 1.0, 'r2': 1.0}
2023-05-29 21:08:42,547 [INFO] Save valid_prediction_log data...
2023-05-29 21:08:42,549 [INFO] {'Data': 'valid', 'ACC': '1.0 (211 / 212)', 'TP': 85, 'FP': 1, 'FN': 0, 'TN': 126, 'Precision': '0.99 (85 / 85 + 1)', 'Recall': '1.0 (85 / 85 + 0)', 'F1': '0.99 (2 * (1.0 * 0.99) / 1.0 + 0.99)', 'Specificity': '0.99 (126 / 126 + 1)', 'AUC': 1.0, 'r2': 0.98}
2023-05-29 21:08:42,584 [INFO] Save test_prediction_log data...
2023-05-29 21:08:42,586 [INFO] {'Data': 'test', 'ACC': '0.59 (126 / 212)', 'TP': 60, 'FP': 61, 'FN': 25, 'TN': 66, 'Precision': '0.5 (60 / 60 + 61)', 'Recall': '0.71 (60 / 60 + 25)', 'F1': '0.59 (2 * (0.71 * 0.5) / 0.71 + 0.5)', 'Specificity': '0.52 (66 / 66 + 61)', 'AUC': 0.61, 'r2': -0.69}
2023-05-29 21:08:42,680 [INFO] Save training_log data...
2023-05-29 21:08:42,684 [INFO] Save score_log data...
2023-05-29 21:08:42,685 [INFO] Time : 244.4049961566925
