2023-05-29 06:07:30,563 [INFO] Train data : Vary_params\DUD-E\KPCB\nG1_50\ECFP6_256bits\Robust\KPCB_train_vector.tsv
2023-05-29 06:07:30,563 [INFO] Valid data : Vary_params\DUD-E\KPCB\nG1_50\ECFP6_256bits\Robust\KPCB_valid_vector.tsv
2023-05-29 06:07:30,563 [INFO] Output path : Vary_params\DUD-E\KPCB\nG1_50\ECFP6_256bits\Robust\KPCB_model\SVM
2023-05-29 06:07:30,563 [INFO] Model type : SVM
2023-05-29 06:07:30,563 [INFO] Use cores : 11
2023-05-29 06:07:30,577 [INFO] Start Learning model
2023-05-29 06:07:30,577 [INFO] Train : 168 | Valid : 42
2023-05-29 06:07:30,578 [INFO] Set parameters : {'kernel': ['linear', 'rbf'], 'C': [0.01, 0.1, 1, 10, 100, 1000], 'gamma': [0.01, 0.1, 1, 100, 1000]}
2023-05-29 06:07:33,957 [INFO] GridSearchCV results :
    mean_valid_accuracy  mean_valid_precision  mean_valid_auc
0              0.875000              0.858135        0.869719
20             0.875000              0.858135        0.869719
24             0.875000              0.858135        0.869719
26             0.875000              0.858135        0.869719
28             0.875000              0.858135        0.869719
32             0.875000              0.858135        0.869719
34             0.875000              0.858135        0.869719
36             0.875000              0.858135        0.869719
38             0.875000              0.858135        0.869719
40             0.875000              0.858135        0.869719
42             0.875000              0.858135        0.869719
44             0.875000              0.858135        0.869719
46             0.875000              0.858135        0.869719
48             0.875000              0.858135        0.869719
50             0.875000              0.858135        0.869719
52             0.875000              0.858135        0.869719
54             0.875000              0.858135        0.869719
56             0.875000              0.858135        0.869719
58             0.875000              0.858135        0.869719
22             0.875000              0.858135        0.869719
30             0.875000              0.858135        0.869719
10             0.875000              0.858135        0.869719
2              0.875000              0.858135        0.869719
18             0.875000              0.858135        0.869719
8              0.875000              0.858135        0.869719
16             0.875000              0.858135        0.869719
4              0.875000              0.858135        0.869719
12             0.875000              0.858135        0.869719
6              0.875000              0.858135        0.869719
14             0.875000              0.858135        0.869719
49             0.601471              0.000000        0.500000
9              0.601471              0.000000        0.500000
45             0.601471              0.000000        0.500000
47             0.601471              0.000000        0.500000
7              0.601471              0.000000        0.500000
21             0.601471              0.000000        0.500000
43             0.601471              0.000000        0.500000
5              0.601471              0.000000        0.500000
53             0.601471              0.000000        0.500000
55             0.601471              0.000000        0.500000
3              0.601471              0.000000        0.500000
57             0.601471              0.000000        0.500000
51             0.601471              0.000000        0.500000
11             0.601471              0.000000        0.500000
41             0.601471              0.000000        0.500000
19             0.601471              0.000000        0.500000
39             0.601471              0.000000        0.500000
37             0.601471              0.000000        0.500000
13             0.601471              0.000000        0.500000
35             0.601471              0.000000        0.500000
33             0.601471              0.000000        0.500000
15             0.601471              0.000000        0.500000
31             0.601471              0.000000        0.500000
1              0.601471              0.000000        0.500000
29             0.601471              0.000000        0.500000
27             0.601471              0.000000        0.500000
17             0.601471              0.000000        0.500000
25             0.601471              0.000000        0.500000
23             0.601471              0.000000        0.500000
59             0.601471              0.000000        0.500000
2023-05-29 06:07:33,959 [INFO] Best model :
SVC(C=0.01, gamma=0.01, kernel='linear', random_state=42)
2023-05-29 06:07:33,964 [INFO] Save train_prediction_log data...
2023-05-29 06:07:33,969 [INFO] {'Data': 'train', 'ACC': '1.0 (168 / 168)', 'TP': 67, 'FP': 0, 'FN': 0, 'TN': 101, 'Precision': '1.0 (67 / 67 + 0)', 'Recall': '1.0 (67 / 67 + 0)', 'F1': '1.0 (2 * (1.0 * 1.0) / 1.0 + 1.0)', 'Specificity': '1.0 (101 / 101 + 0)', 'AUC': 1.0, 'r2': 1.0}
2023-05-29 06:07:33,973 [INFO] Save valid_prediction_log data...
2023-05-29 06:07:33,975 [INFO] {'Data': 'valid', 'ACC': '0.93 (39 / 42)', 'TP': 17, 'FP': 3, 'FN': 0, 'TN': 22, 'Precision': '0.85 (17 / 17 + 3)', 'Recall': '1.0 (17 / 17 + 0)', 'F1': '0.92 (2 * (1.0 * 0.85) / 1.0 + 0.85)', 'Specificity': '0.88 (22 / 22 + 3)', 'AUC': 0.94, 'r2': 0.7}
2023-05-29 06:07:33,987 [INFO] Save test_prediction_log data...
2023-05-29 06:07:33,990 [INFO] {'Data': 'test', 'ACC': '0.67 (28 / 42)', 'TP': 8, 'FP': 5, 'FN': 9, 'TN': 20, 'Precision': '0.62 (8 / 8 + 5)', 'Recall': '0.47 (8 / 8 + 9)', 'F1': '0.53 (2 * (0.47 * 0.62) / 0.47 + 0.62)', 'Specificity': '0.8 (20 / 20 + 5)', 'AUC': 0.64, 'r2': -0.38}
2023-05-29 06:07:33,993 [INFO] Save training_log data...
2023-05-29 06:07:33,995 [INFO] Save score_log data...
2023-05-29 06:07:33,996 [INFO] Time : 3.4330217838287354
