2023-05-29 12:28:07,217 [INFO] Train data : Vary_params_VGFR2\DUD-E\VGFR2\nG1_80\ECFP4_512bits\MinMax\VGFR2_train_vector.tsv
2023-05-29 12:28:07,217 [INFO] Valid data : Vary_params_VGFR2\DUD-E\VGFR2\nG1_80\ECFP4_512bits\MinMax\VGFR2_valid_vector.tsv
2023-05-29 12:28:07,217 [INFO] Output path : Vary_params_VGFR2\DUD-E\VGFR2\nG1_80\ECFP4_512bits\MinMax\VGFR2_model\SVM
2023-05-29 12:28:07,217 [INFO] Model type : SVM
2023-05-29 12:28:07,217 [INFO] Use cores : 18
2023-05-29 12:28:07,265 [INFO] Start Learning model
2023-05-29 12:28:07,265 [INFO] Train : 687 | Valid : 180
2023-05-29 12:28:07,266 [INFO] Set parameters : {'kernel': ['linear', 'rbf'], 'C': [0.01, 0.1, 1, 10, 100, 1000], 'gamma': [0.01, 0.1, 1, 100, 1000]}
2023-05-29 12:28:22,190 [INFO] GridSearchCV results :
    mean_valid_accuracy  mean_valid_precision  mean_valid_auc
53             0.815260              1.000000        0.753308
43             0.815260              1.000000        0.753308
23             0.774531              1.000000        0.698923
33             0.815260              1.000000        0.753308
11             0.774339              1.000000        0.698231
31             0.992711              0.996296        0.990991
41             0.992711              0.996296        0.990991
51             0.992711              0.996296        0.990991
21             0.982566              0.996154        0.977530
0              0.975277              0.980117        0.970878
6              0.975277              0.980117        0.970878
2              0.975277              0.980117        0.970878
4              0.975277              0.980117        0.970878
8              0.975277              0.980117        0.970878
10             0.976705              0.959173        0.977440
18             0.976705              0.959173        0.977440
16             0.976705              0.959173        0.977440
14             0.976705              0.959173        0.977440
12             0.976705              0.959173        0.977440
50             0.975256              0.955971        0.976277
54             0.975256              0.955971        0.976277
48             0.975256              0.955971        0.976277
46             0.975256              0.955971        0.976277
44             0.975256              0.955971        0.976277
52             0.975256              0.955971        0.976277
58             0.975256              0.955971        0.976277
42             0.975256              0.955971        0.976277
40             0.975256              0.955971        0.976277
38             0.975256              0.955971        0.976277
36             0.975256              0.955971        0.976277
34             0.975256              0.955971        0.976277
56             0.975256              0.955971        0.976277
30             0.975256              0.955971        0.976277
32             0.975256              0.955971        0.976277
28             0.975256              0.955971        0.976277
22             0.975256              0.955971        0.976277
24             0.975256              0.955971        0.976277
26             0.975256              0.955971        0.976277
20             0.975256              0.955971        0.976277
39             0.625938              0.000000        0.500000
17             0.625938              0.000000        0.500000
3              0.625938              0.000000        0.500000
57             0.625938              0.000000        0.500000
5              0.625938              0.000000        0.500000
55             0.625938              0.000000        0.500000
7              0.625938              0.000000        0.500000
9              0.625938              0.000000        0.500000
13             0.625938              0.000000        0.500000
15             0.625938              0.000000        0.500000
49             0.625938              0.000000        0.500000
27             0.625938              0.000000        0.500000
19             0.625938              0.000000        0.500000
47             0.625938              0.000000        0.500000
1              0.625938              0.000000        0.500000
45             0.625938              0.000000        0.500000
35             0.625938              0.000000        0.500000
29             0.625938              0.000000        0.500000
25             0.625938              0.000000        0.500000
37             0.625938              0.000000        0.500000
59             0.625938              0.000000        0.500000
2023-05-29 12:28:22,192 [INFO] Best model :
SVC(C=0.1, gamma=0.01, random_state=42)
2023-05-29 12:28:22,299 [INFO] Save train_prediction_log data...
2023-05-29 12:28:22,304 [INFO] {'Data': 'train', 'ACC': '0.85 (586 / 687)', 'TP': 156, 'FP': 0, 'FN': 101, 'TN': 430, 'Precision': '1.0 (156 / 156 + 0)', 'Recall': '0.61 (156 / 156 + 101)', 'F1': '0.76 (2 * (0.61 * 1.0) / 0.61 + 1.0)', 'Specificity': '1.0 (430 / 430 + 0)', 'AUC': 0.8, 'r2': 0.37}
2023-05-29 12:28:22,335 [INFO] Save valid_prediction_log data...
2023-05-29 12:28:22,337 [INFO] {'Data': 'valid', 'ACC': '0.84 (151 / 180)', 'TP': 43, 'FP': 0, 'FN': 29, 'TN': 108, 'Precision': '1.0 (43 / 43 + 0)', 'Recall': '0.6 (43 / 43 + 29)', 'F1': '0.75 (2 * (0.6 * 1.0) / 0.6 + 1.0)', 'Specificity': '1.0 (108 / 108 + 0)', 'AUC': 0.8, 'r2': 0.33}
2023-05-29 12:28:22,386 [INFO] Save test_prediction_log data...
2023-05-29 12:28:22,389 [INFO] {'Data': 'test', 'ACC': '0.59 (107 / 180)', 'TP': 5, 'FP': 6, 'FN': 67, 'TN': 102, 'Precision': '0.45 (5 / 5 + 6)', 'Recall': '0.07 (5 / 5 + 67)', 'F1': '0.12 (2 * (0.07 * 0.45) / 0.07 + 0.45)', 'Specificity': '0.94 (102 / 102 + 6)', 'AUC': 0.51, 'r2': -0.69}
2023-05-29 12:28:22,392 [INFO] Save training_log data...
2023-05-29 12:28:22,394 [INFO] Save score_log data...
2023-05-29 12:28:22,395 [INFO] Time : 15.179698467254639
