2023-05-28 01:32:04,767 [INFO] Train data : Vary_params_CDK2_EGFR_LCK\DUD-E\CDK2\nG1_80\ECFP4_256bits\Standard\CDK2_train_vector.tsv
2023-05-28 01:32:04,767 [INFO] Valid data : Vary_params_CDK2_EGFR_LCK\DUD-E\CDK2\nG1_80\ECFP4_256bits\Standard\CDK2_valid_vector.tsv
2023-05-28 01:32:04,767 [INFO] Output path : Vary_params_CDK2_EGFR_LCK\DUD-E\CDK2\nG1_80\ECFP4_256bits\Standard\CDK2_model\MLP
2023-05-28 01:32:04,767 [INFO] Model type : MLP
2023-05-28 01:32:04,767 [INFO] Use cores : 19
2023-05-28 01:32:04,806 [INFO] Start Learning model
2023-05-28 01:32:04,806 [INFO] Train : 818 | Valid : 212
2023-05-28 01:32:04,806 [INFO] Set parameters : {'hidden_layer_sizes': [(50,), (100,), (50, 50), (100, 100)], 'learning_rate': ['constant', 'invscaling', 'adaptive'], 'activation': ['relu', 'identity', 'logistic', 'tanh'], 'solver': ['adam', 'sgd', 'lbfgs'], 'alpha': [0.1, 0.01, 0.001], 'max_iter': [500, 1000], 'early_stopping': [True]}
2023-05-28 01:35:02,070 [INFO] GridSearchCV results :
     mean_valid_accuracy  mean_valid_precision  mean_valid_auc
522             0.921725              0.937945        0.908032
525             0.921725              0.937945        0.908032
606             0.921725              0.937945        0.908032
603             0.921725              0.937945        0.908032
600             0.921725              0.937945        0.908032
..                   ...                   ...             ...
451             0.622252              0.000000        0.500000
643             0.622252              0.000000        0.500000
535             0.622252              0.000000        0.500000
487             0.622252              0.000000        0.500000
433             0.616140              0.000000        0.495098

[864 rows x 3 columns]
2023-05-28 01:35:02,071 [INFO] Best model :
MLPClassifier(activation='logistic', alpha=0.01, early_stopping=True,
              max_iter=500, random_state=42)
2023-05-28 01:35:02,080 [INFO] Save train_prediction_log data...
2023-05-28 01:35:02,083 [INFO] {'Data': 'train', 'ACC': '0.95 (780 / 818)', 'TP': 283, 'FP': 12, 'FN': 26, 'TN': 497, 'Precision': '0.96 (283 / 283 + 12)', 'Recall': '0.92 (283 / 283 + 26)', 'F1': '0.94 (2 * (0.92 * 0.96) / 0.92 + 0.96)', 'Specificity': '0.98 (497 / 497 + 12)', 'AUC': 0.95, 'r2': 0.8}
2023-05-28 01:35:02,087 [INFO] Save valid_prediction_log data...
2023-05-28 01:35:02,093 [INFO] {'Data': 'valid', 'ACC': '0.94 (199 / 212)', 'TP': 82, 'FP': 10, 'FN': 3, 'TN': 117, 'Precision': '0.89 (82 / 82 + 10)', 'Recall': '0.96 (82 / 82 + 3)', 'F1': '0.92 (2 * (0.96 * 0.89) / 0.96 + 0.89)', 'Specificity': '0.92 (117 / 117 + 10)', 'AUC': 0.94, 'r2': 0.74}
2023-05-28 01:35:02,107 [INFO] Save test_prediction_log data...
2023-05-28 01:35:02,109 [INFO] {'Data': 'test', 'ACC': '0.52 (111 / 212)', 'TP': 52, 'FP': 68, 'FN': 33, 'TN': 59, 'Precision': '0.43 (52 / 52 + 68)', 'Recall': '0.61 (52 / 52 + 33)', 'F1': '0.5 (2 * (0.61 * 0.43) / 0.61 + 0.43)', 'Specificity': '0.46 (59 / 59 + 68)', 'AUC': 0.54, 'r2': -0.98}
2023-05-28 01:35:02,112 [INFO] Save training_log data...
2023-05-28 01:35:02,116 [INFO] Save score_log data...
2023-05-28 01:35:02,117 [INFO] Time : 177.34903383255005
