2023-05-29 19:01:48,871 [INFO] Train data : Baseline_noscale_DUDE\DUD-E\AKT1\ECFP6_256bits\AKT1_raw_train.tsv
2023-05-29 19:01:48,872 [INFO] Valid data : Baseline_noscale_DUDE\DUD-E\AKT1\ECFP6_256bits\AKT1_raw_valid.tsv
2023-05-29 19:01:48,872 [INFO] Output path : Baseline_noscale_DUDE\DUD-E\AKT1\ECFP6_256bits\AKT1_model\XGB
2023-05-29 19:01:48,872 [INFO] Model type : XGB
2023-05-29 19:01:48,872 [INFO] Use cores : 12
2023-05-29 19:01:48,883 [INFO] Start Learning model
2023-05-29 19:01:48,883 [INFO] Train : 481 | Valid : 120
2023-05-29 19:01:48,884 [INFO] Set parameters : {'max_depth': [4, 6, 8], 'learning_rate': [0.01, 0.2], 'n_estimators': [200, 600, 1000], 'gamma': [0, 1000], 'min_child_weight': [1, 3], 'subsample': [0.5, 1], 'colsample_bytree': [0.5, 1], 'objective': ['binary:logitraw'], 'eval_metric': ['auc', 'error']}
2023-05-29 19:12:10,702 [INFO] GridSearchCV results :
     mean_valid_accuracy  mean_valid_precision  mean_valid_auc
5               0.975128              0.980000        0.972840
149             0.975128              0.980000        0.972840
3               0.970961              0.979737        0.967709
147             0.970961              0.979737        0.967709
62              0.969048              0.979474        0.965340
..                   ...                   ...             ...
107             0.600850              0.000000        0.500000
108             0.600850              0.000000        0.500000
109             0.600850              0.000000        0.500000
110             0.600850              0.000000        0.500000
575             0.600850              0.000000        0.500000

[576 rows x 3 columns]
2023-05-29 19:12:10,704 [INFO] Best model :
XGBClassifier(base_score=None, booster=None, callbacks=None,
              colsample_bylevel=None, colsample_bynode=None,
              colsample_bytree=0.5, early_stopping_rounds=None,
              enable_categorical=False, eval_metric='auc', feature_types=None,
              gamma=0, gpu_id=None, grow_policy=None, importance_type=None,
              interaction_constraints=None, learning_rate=0.01, max_bin=None,
              max_cat_threshold=None, max_cat_to_onehot=None,
              max_delta_step=None, max_depth=4, max_leaves=None,
              min_child_weight=1, missing=nan, monotone_constraints=None,
              n_estimators=1000, n_jobs=0, num_parallel_tree=None,
              objective='binary:logitraw', predictor=None, ...)
2023-05-29 19:12:10,720 [INFO] Save train_prediction_log data...
2023-05-29 19:12:10,726 [INFO] {'Data': 'train', 'ACC': '1.0 (481 / 481)', 'TP': 192, 'FP': 0, 'FN': 0, 'TN': 289, 'Precision': '1.0 (192 / 192 + 0)', 'Recall': '1.0 (192 / 192 + 0)', 'F1': '1.0 (2 * (1.0 * 1.0) / 1.0 + 1.0)', 'Specificity': '1.0 (289 / 289 + 0)', 'AUC': 1.0, 'r2': 1.0}
2023-05-29 19:12:10,739 [INFO] Save valid_prediction_log data...
2023-05-29 19:12:10,742 [INFO] {'Data': 'valid', 'ACC': '0.99 (119 / 120)', 'TP': 48, 'FP': 1, 'FN': 0, 'TN': 71, 'Precision': '0.98 (48 / 48 + 1)', 'Recall': '1.0 (48 / 48 + 0)', 'F1': '0.99 (2 * (1.0 * 0.98) / 1.0 + 0.98)', 'Specificity': '0.99 (71 / 71 + 1)', 'AUC': 0.99, 'r2': 0.97}
2023-05-29 19:12:10,764 [INFO] Save test_prediction_log data...
2023-05-29 19:12:10,767 [INFO] {'Data': 'test', 'ACC': '0.7 (84 / 120)', 'TP': 20, 'FP': 8, 'FN': 28, 'TN': 64, 'Precision': '0.71 (20 / 20 + 8)', 'Recall': '0.42 (20 / 20 + 28)', 'F1': '0.53 (2 * (0.42 * 0.71) / 0.42 + 0.71)', 'Specificity': '0.89 (64 / 64 + 8)', 'AUC': 0.65, 'r2': -0.25}
2023-05-29 19:12:10,787 [INFO] Save training_log data...
2023-05-29 19:12:10,793 [INFO] Save score_log data...
2023-05-29 19:12:10,794 [INFO] Time : 621.9233393669128
