2023-05-29 12:16:08,374 [INFO] Train data : Vary_params_CDK2_EGFR_LCK\DUD-E\LCK\nG1_80\ECFP4_256bits\Robust\LCK_train_vector.tsv
2023-05-29 12:16:08,374 [INFO] Valid data : Vary_params_CDK2_EGFR_LCK\DUD-E\LCK\nG1_80\ECFP4_256bits\Robust\LCK_valid_vector.tsv
2023-05-29 12:16:08,374 [INFO] Output path : Vary_params_CDK2_EGFR_LCK\DUD-E\LCK\nG1_80\ECFP4_256bits\Robust\LCK_model\MLP
2023-05-29 12:16:08,374 [INFO] Model type : MLP
2023-05-29 12:16:08,374 [INFO] Use cores : 19
2023-05-29 12:16:08,392 [INFO] Start Learning model
2023-05-29 12:16:08,392 [INFO] Train : 706 | Valid : 185
2023-05-29 12:16:08,392 [INFO] Set parameters : {'hidden_layer_sizes': [(50,), (100,), (50, 50), (100, 100)], 'learning_rate': ['constant', 'invscaling', 'adaptive'], 'activation': ['relu', 'identity', 'logistic', 'tanh'], 'solver': ['adam', 'sgd', 'lbfgs'], 'alpha': [0.1, 0.01, 0.001], 'max_iter': [500, 1000], 'early_stopping': [True]}
2023-05-29 12:21:01,627 [INFO] GridSearchCV results :
     mean_valid_accuracy  mean_valid_precision  mean_valid_auc
468             0.917867              0.975766        0.894774
471             0.917867              0.975766        0.894774
474             0.917867              0.975766        0.894774
477             0.917867              0.975766        0.894774
480             0.917867              0.975766        0.894774
..                   ...                   ...             ...
616             0.624668              0.000000        0.498889
541             0.624668              0.000000        0.498889
613             0.624668              0.000000        0.498889
481             0.624668              0.000000        0.498889
484             0.624668              0.000000        0.498889

[864 rows x 3 columns]
2023-05-29 12:21:01,628 [INFO] Best model :
MLPClassifier(activation='logistic', alpha=0.1, early_stopping=True,
              hidden_layer_sizes=(50, 50), max_iter=500, random_state=42)
2023-05-29 12:21:01,636 [INFO] Save train_prediction_log data...
2023-05-29 12:21:01,640 [INFO] {'Data': 'train', 'ACC': '0.98 (690 / 706)', 'TP': 249, 'FP': 1, 'FN': 15, 'TN': 441, 'Precision': '1.0 (249 / 249 + 1)', 'Recall': '0.94 (249 / 249 + 15)', 'F1': '0.97 (2 * (0.94 * 1.0) / 0.94 + 1.0)', 'Specificity': '1.0 (441 / 441 + 1)', 'AUC': 0.97, 'r2': 0.9}
2023-05-29 12:21:01,644 [INFO] Save valid_prediction_log data...
2023-05-29 12:21:01,646 [INFO] {'Data': 'valid', 'ACC': '0.96 (178 / 185)', 'TP': 70, 'FP': 3, 'FN': 4, 'TN': 108, 'Precision': '0.96 (70 / 70 + 3)', 'Recall': '0.95 (70 / 70 + 4)', 'F1': '0.95 (2 * (0.95 * 0.96) / 0.95 + 0.96)', 'Specificity': '0.97 (108 / 108 + 3)', 'AUC': 0.96, 'r2': 0.84}
2023-05-29 12:21:01,657 [INFO] Save test_prediction_log data...
2023-05-29 12:21:01,659 [INFO] {'Data': 'test', 'ACC': '0.61 (113 / 185)', 'TP': 34, 'FP': 32, 'FN': 40, 'TN': 79, 'Precision': '0.52 (34 / 34 + 32)', 'Recall': '0.46 (34 / 34 + 40)', 'F1': '0.49 (2 * (0.46 * 0.52) / 0.46 + 0.52)', 'Specificity': '0.71 (79 / 79 + 32)', 'AUC': 0.59, 'r2': -0.62}
2023-05-29 12:21:01,661 [INFO] Save training_log data...
2023-05-29 12:21:01,667 [INFO] Save score_log data...
2023-05-29 12:21:01,668 [INFO] Time : 293.2944860458374
