2023-05-28 10:51:55,963 [INFO] Train data : Vary_params_CDK2_EGFR_LCK\DUD-E\EGFR\nG1_20\ECFP6_256bits\Standard\EGFR_train_vector.tsv
2023-05-28 10:51:55,963 [INFO] Valid data : Vary_params_CDK2_EGFR_LCK\DUD-E\EGFR\nG1_20\ECFP6_256bits\Standard\EGFR_valid_vector.tsv
2023-05-28 10:51:55,963 [INFO] Output path : Vary_params_CDK2_EGFR_LCK\DUD-E\EGFR\nG1_20\ECFP6_256bits\Standard\EGFR_model\MLP
2023-05-28 10:51:55,963 [INFO] Model type : MLP
2023-05-28 10:51:55,963 [INFO] Use cores : 19
2023-05-28 10:51:56,007 [INFO] Start Learning model
2023-05-28 10:51:56,008 [INFO] Train : 900 | Valid : 218
2023-05-28 10:51:56,008 [INFO] Set parameters : {'hidden_layer_sizes': [(50,), (100,), (50, 50), (100, 100)], 'learning_rate': ['constant', 'invscaling', 'adaptive'], 'activation': ['relu', 'identity', 'logistic', 'tanh'], 'solver': ['adam', 'sgd', 'lbfgs'], 'alpha': [0.1, 0.01, 0.001], 'max_iter': [500, 1000], 'early_stopping': [True]}
2023-05-28 10:55:01,359 [INFO] GridSearchCV results :
     mean_valid_accuracy  mean_valid_precision  mean_valid_auc
589             0.755556              0.995652        0.709458
517             0.755556              0.995652        0.709458
445             0.758889              0.995652        0.713405
592             0.755556              0.995652        0.709458
448             0.758889              0.995652        0.713405
..                   ...                   ...             ...
616             0.580000              0.000000        0.500000
613             0.580000              0.000000        0.500000
499             0.580000              0.000000        0.500000
502             0.580000              0.000000        0.500000
556             0.580000              0.000000        0.500000

[864 rows x 3 columns]
2023-05-28 10:55:01,360 [INFO] Best model :
MLPClassifier(activation='logistic', alpha=0.1, early_stopping=True,
              hidden_layer_sizes=(50,), learning_rate='adaptive', max_iter=500,
              random_state=42, solver='sgd')
2023-05-28 10:55:01,368 [INFO] Save train_prediction_log data...
2023-05-28 10:55:01,371 [INFO] {'Data': 'train', 'ACC': '0.87 (780 / 900)', 'TP': 258, 'FP': 0, 'FN': 120, 'TN': 522, 'Precision': '1.0 (258 / 258 + 0)', 'Recall': '0.68 (258 / 258 + 120)', 'F1': '0.81 (2 * (0.68 * 1.0) / 0.68 + 1.0)', 'Specificity': '1.0 (522 / 522 + 0)', 'AUC': 0.84, 'r2': 0.45}
2023-05-28 10:55:01,375 [INFO] Save valid_prediction_log data...
2023-05-28 10:55:01,377 [INFO] {'Data': 'valid', 'ACC': '0.92 (201 / 218)', 'TP': 71, 'FP': 1, 'FN': 16, 'TN': 130, 'Precision': '0.99 (71 / 71 + 1)', 'Recall': '0.82 (71 / 71 + 16)', 'F1': '0.9 (2 * (0.82 * 0.99) / 0.82 + 0.99)', 'Specificity': '0.99 (130 / 130 + 1)', 'AUC': 0.9, 'r2': 0.67}
2023-05-28 10:55:01,392 [INFO] Save test_prediction_log data...
2023-05-28 10:55:01,394 [INFO] {'Data': 'test', 'ACC': '0.67 (146 / 218)', 'TP': 23, 'FP': 8, 'FN': 64, 'TN': 123, 'Precision': '0.74 (23 / 23 + 8)', 'Recall': '0.26 (23 / 23 + 64)', 'F1': '0.38 (2 * (0.26 * 0.74) / 0.26 + 0.74)', 'Specificity': '0.94 (123 / 123 + 8)', 'AUC': 0.6, 'r2': -0.38}
2023-05-28 10:55:01,397 [INFO] Save training_log data...
2023-05-28 10:55:01,402 [INFO] Save score_log data...
2023-05-28 10:55:01,413 [INFO] Time : 185.45028948783875
