2023-05-28 08:24:36,851 [INFO] Train data : Vary_params_A\DUD-E\MK10\nG1_20\ECFP6_512bits\Robust\MK10_train_vector.tsv
2023-05-28 08:24:36,852 [INFO] Valid data : Vary_params_A\DUD-E\MK10\nG1_20\ECFP6_512bits\Robust\MK10_valid_vector.tsv
2023-05-28 08:24:36,852 [INFO] Output path : Vary_params_A\DUD-E\MK10\nG1_20\ECFP6_512bits\Robust\MK10_model\RF
2023-05-28 08:24:36,852 [INFO] Model type : RF
2023-05-28 08:24:36,852 [INFO] Use cores : 3
2023-05-28 08:24:36,907 [INFO] Start Learning model
2023-05-28 08:24:36,908 [INFO] Train : 134 | Valid : 26
2023-05-28 08:24:36,908 [INFO] Set parameters : {'max_depth': [6, 8, 10, 12], 'max_features': ['sqrt', 'log2'], 'min_samples_leaf': [2, 4, 8, 10], 'min_samples_split': [2, 4, 8, 10], 'n_estimators': [200, 600, 1000]}
2023-05-28 08:41:57,883 [INFO] GridSearchCV results :
     mean_valid_accuracy  mean_valid_precision  mean_valid_auc
21              0.918681              0.960714        0.921429
12              0.925824              0.952778        0.927381
18              0.925824              0.952778        0.927381
15              0.925824              0.952778        0.927381
204             0.919231              0.948214        0.920238
..                   ...                   ...             ...
250             0.896154              0.905714        0.893155
10              0.896703              0.901984        0.894048
9               0.903846              0.901984        0.901190
155             0.896154              0.899206        0.893155
154             0.896154              0.899206        0.893155

[384 rows x 3 columns]
2023-05-28 08:41:57,886 [INFO] Best model :
RandomForestClassifier(class_weight='balanced', max_depth=6, min_samples_leaf=4,
                       min_samples_split=10, n_estimators=200, random_state=42)
2023-05-28 08:41:57,910 [INFO] Save train_prediction_log data...
2023-05-28 08:41:57,916 [INFO] {'Data': 'train', 'ACC': '0.99 (132 / 134)', 'TP': 71, 'FP': 1, 'FN': 1, 'TN': 61, 'Precision': '0.99 (71 / 71 + 1)', 'Recall': '0.99 (71 / 71 + 1)', 'F1': '0.99 (2 * (0.99 * 0.99) / 0.99 + 0.99)', 'Specificity': '0.98 (61 / 61 + 1)', 'AUC': 0.98, 'r2': 0.94}
2023-05-28 08:41:57,938 [INFO] Save valid_prediction_log data...
2023-05-28 08:41:57,941 [INFO] {'Data': 'valid', 'ACC': '1.0 (26 / 26)', 'TP': 10, 'FP': 0, 'FN': 0, 'TN': 16, 'Precision': '1.0 (10 / 10 + 0)', 'Recall': '1.0 (10 / 10 + 0)', 'F1': '1.0 (2 * (1.0 * 1.0) / 1.0 + 1.0)', 'Specificity': '1.0 (16 / 16 + 0)', 'AUC': 1.0, 'r2': 1.0}
2023-05-28 08:41:57,982 [INFO] Save test_prediction_log data...
2023-05-28 08:41:57,986 [INFO] {'Data': 'test', 'ACC': '0.65 (17 / 26)', 'TP': 4, 'FP': 3, 'FN': 6, 'TN': 13, 'Precision': '0.57 (4 / 4 + 3)', 'Recall': '0.4 (4 / 4 + 6)', 'F1': '0.47 (2 * (0.4 * 0.57) / 0.4 + 0.57)', 'Specificity': '0.81 (13 / 13 + 3)', 'AUC': 0.61, 'r2': -0.46}
2023-05-28 08:41:58,048 [INFO] Save training_log data...
2023-05-28 08:41:58,052 [INFO] Save score_log data...
2023-05-28 08:41:58,054 [INFO] Time : 1041.2025654315948
