2023-05-29 14:32:46,303 [INFO] Train data : Vary_params_BRAF_MK14\DUD-E\BRAF\nG1_80\ECFP6_256bits\MinMax\BRAF_train_vector.tsv
2023-05-29 14:32:46,303 [INFO] Valid data : Vary_params_BRAF_MK14\DUD-E\BRAF\nG1_80\ECFP6_256bits\MinMax\BRAF_valid_vector.tsv
2023-05-29 14:32:46,303 [INFO] Output path : Vary_params_BRAF_MK14\DUD-E\BRAF\nG1_80\ECFP6_256bits\MinMax\BRAF_model\SVM
2023-05-29 14:32:46,303 [INFO] Model type : SVM
2023-05-29 14:32:46,303 [INFO] Use cores : 10
2023-05-29 14:32:46,317 [INFO] Start Learning model
2023-05-29 14:32:46,317 [INFO] Train : 171 | Valid : 50
2023-05-29 14:32:46,317 [INFO] Set parameters : {'kernel': ['linear', 'rbf'], 'C': [0.01, 0.1, 1, 10, 100, 1000], 'gamma': [0.01, 0.1, 1, 100, 1000]}
2023-05-29 14:32:48,920 [INFO] GridSearchCV results :
    mean_valid_accuracy  mean_valid_precision  mean_valid_auc
0              0.971242              1.000000        0.950000
2              0.971242              1.000000        0.950000
31             0.994118              1.000000        0.990000
4              0.971242              1.000000        0.950000
6              0.971242              1.000000        0.950000
21             0.977124              1.000000        0.960000
8              0.971242              1.000000        0.950000
51             0.994118              1.000000        0.990000
41             0.994118              1.000000        0.990000
42             0.994118              0.983333        0.995833
32             0.994118              0.983333        0.995833
34             0.994118              0.983333        0.995833
36             0.994118              0.983333        0.995833
38             0.994118              0.983333        0.995833
40             0.994118              0.983333        0.995833
48             0.994118              0.983333        0.995833
44             0.994118              0.983333        0.995833
46             0.994118              0.983333        0.995833
26             0.994118              0.983333        0.995833
50             0.994118              0.983333        0.995833
52             0.994118              0.983333        0.995833
54             0.994118              0.983333        0.995833
56             0.994118              0.983333        0.995833
58             0.994118              0.983333        0.995833
28             0.994118              0.983333        0.995833
30             0.994118              0.983333        0.995833
12             0.994118              0.983333        0.995833
24             0.994118              0.983333        0.995833
14             0.994118              0.983333        0.995833
16             0.994118              0.983333        0.995833
10             0.994118              0.983333        0.995833
22             0.994118              0.983333        0.995833
18             0.994118              0.983333        0.995833
20             0.994118              0.983333        0.995833
53             0.713399              0.100000        0.510000
43             0.713399              0.100000        0.510000
33             0.713399              0.100000        0.510000
47             0.707516              0.000000        0.500000
55             0.707516              0.000000        0.500000
9              0.707516              0.000000        0.500000
5              0.707516              0.000000        0.500000
57             0.707516              0.000000        0.500000
11             0.707516              0.000000        0.500000
49             0.707516              0.000000        0.500000
3              0.707516              0.000000        0.500000
7              0.707516              0.000000        0.500000
25             0.707516              0.000000        0.500000
13             0.707516              0.000000        0.500000
45             0.707516              0.000000        0.500000
27             0.707516              0.000000        0.500000
15             0.707516              0.000000        0.500000
17             0.707516              0.000000        0.500000
39             0.707516              0.000000        0.500000
37             0.707516              0.000000        0.500000
19             0.707516              0.000000        0.500000
35             0.707516              0.000000        0.500000
23             0.707516              0.000000        0.500000
1              0.707516              0.000000        0.500000
29             0.707516              0.000000        0.500000
59             0.707516              0.000000        0.500000
2023-05-29 14:32:48,921 [INFO] Best model :
SVC(C=0.01, gamma=0.01, kernel='linear', random_state=42)
2023-05-29 14:32:48,926 [INFO] Save train_prediction_log data...
2023-05-29 14:32:48,929 [INFO] {'Data': 'train', 'ACC': '0.99 (170 / 171)', 'TP': 49, 'FP': 0, 'FN': 1, 'TN': 121, 'Precision': '1.0 (49 / 49 + 0)', 'Recall': '0.98 (49 / 49 + 1)', 'F1': '0.99 (2 * (0.98 * 1.0) / 0.98 + 1.0)', 'Specificity': '1.0 (121 / 121 + 0)', 'AUC': 0.99, 'r2': 0.97}
2023-05-29 14:32:48,932 [INFO] Save valid_prediction_log data...
2023-05-29 14:32:48,934 [INFO] {'Data': 'valid', 'ACC': '1.0 (50 / 50)', 'TP': 20, 'FP': 0, 'FN': 0, 'TN': 30, 'Precision': '1.0 (20 / 20 + 0)', 'Recall': '1.0 (20 / 20 + 0)', 'F1': '1.0 (2 * (1.0 * 1.0) / 1.0 + 1.0)', 'Specificity': '1.0 (30 / 30 + 0)', 'AUC': 1.0, 'r2': 1.0}
2023-05-29 14:32:48,942 [INFO] Save test_prediction_log data...
2023-05-29 14:32:48,962 [INFO] {'Data': 'test', 'ACC': '0.6 (30 / 50)', 'TP': 5, 'FP': 5, 'FN': 15, 'TN': 25, 'Precision': '0.5 (5 / 5 + 5)', 'Recall': '0.25 (5 / 5 + 15)', 'F1': '0.33 (2 * (0.25 * 0.5) / 0.25 + 0.5)', 'Specificity': '0.83 (25 / 25 + 5)', 'AUC': 0.54, 'r2': -0.67}
2023-05-29 14:32:48,965 [INFO] Save training_log data...
2023-05-29 14:32:48,966 [INFO] Save score_log data...
2023-05-29 14:32:48,967 [INFO] Time : 2.664088726043701
