2023-05-28 08:36:29,142 [INFO] Train data : Vary_params\DUD-E\WEE1\nG1_50\ECFP6_512bits\Robust\WEE1_train_vector.tsv
2023-05-28 08:36:29,142 [INFO] Valid data : Vary_params\DUD-E\WEE1\nG1_50\ECFP6_512bits\Robust\WEE1_valid_vector.tsv
2023-05-28 08:36:29,142 [INFO] Output path : Vary_params\DUD-E\WEE1\nG1_50\ECFP6_512bits\Robust\WEE1_model\SVM
2023-05-28 08:36:29,142 [INFO] Model type : SVM
2023-05-28 08:36:29,142 [INFO] Use cores : 10
2023-05-28 08:36:29,177 [INFO] Start Learning model
2023-05-28 08:36:29,177 [INFO] Train : 101 | Valid : 25
2023-05-28 08:36:29,178 [INFO] Set parameters : {'kernel': ['linear', 'rbf'], 'C': [0.01, 0.1, 1, 10, 100, 1000], 'gamma': [0.01, 0.1, 1, 100, 1000]}
2023-05-28 08:36:36,113 [INFO] GridSearchCV results :
    mean_valid_accuracy  mean_valid_precision  mean_valid_auc
0              0.980000                  0.98        0.979167
20             0.980000                  0.98        0.979167
24             0.980000                  0.98        0.979167
26             0.980000                  0.98        0.979167
28             0.980000                  0.98        0.979167
32             0.980000                  0.98        0.979167
34             0.980000                  0.98        0.979167
36             0.980000                  0.98        0.979167
38             0.980000                  0.98        0.979167
40             0.980000                  0.98        0.979167
42             0.980000                  0.98        0.979167
44             0.980000                  0.98        0.979167
46             0.980000                  0.98        0.979167
48             0.980000                  0.98        0.979167
50             0.980000                  0.98        0.979167
52             0.980000                  0.98        0.979167
54             0.980000                  0.98        0.979167
56             0.980000                  0.98        0.979167
58             0.980000                  0.98        0.979167
22             0.980000                  0.98        0.979167
30             0.980000                  0.98        0.979167
10             0.980000                  0.98        0.979167
2              0.980000                  0.98        0.979167
18             0.980000                  0.98        0.979167
8              0.980000                  0.98        0.979167
16             0.980000                  0.98        0.979167
4              0.980000                  0.98        0.979167
12             0.980000                  0.98        0.979167
6              0.980000                  0.98        0.979167
14             0.980000                  0.98        0.979167
49             0.603636                  0.00        0.500000
9              0.603636                  0.00        0.500000
45             0.603636                  0.00        0.500000
47             0.603636                  0.00        0.500000
7              0.603636                  0.00        0.500000
21             0.603636                  0.00        0.500000
43             0.603636                  0.00        0.500000
5              0.603636                  0.00        0.500000
53             0.603636                  0.00        0.500000
55             0.603636                  0.00        0.500000
3              0.603636                  0.00        0.500000
57             0.603636                  0.00        0.500000
51             0.603636                  0.00        0.500000
11             0.603636                  0.00        0.500000
41             0.603636                  0.00        0.500000
19             0.603636                  0.00        0.500000
39             0.603636                  0.00        0.500000
37             0.603636                  0.00        0.500000
13             0.603636                  0.00        0.500000
35             0.603636                  0.00        0.500000
33             0.603636                  0.00        0.500000
15             0.603636                  0.00        0.500000
31             0.603636                  0.00        0.500000
1              0.603636                  0.00        0.500000
29             0.603636                  0.00        0.500000
27             0.603636                  0.00        0.500000
17             0.603636                  0.00        0.500000
25             0.603636                  0.00        0.500000
23             0.603636                  0.00        0.500000
59             0.603636                  0.00        0.500000
2023-05-28 08:36:36,114 [INFO] Best model :
SVC(C=0.01, gamma=0.01, kernel='linear', random_state=42)
2023-05-28 08:36:36,125 [INFO] Save train_prediction_log data...
2023-05-28 08:36:36,131 [INFO] {'Data': 'train', 'ACC': '1.0 (101 / 101)', 'TP': 40, 'FP': 0, 'FN': 0, 'TN': 61, 'Precision': '1.0 (40 / 40 + 0)', 'Recall': '1.0 (40 / 40 + 0)', 'F1': '1.0 (2 * (1.0 * 1.0) / 1.0 + 1.0)', 'Specificity': '1.0 (61 / 61 + 0)', 'AUC': 1.0, 'r2': 1.0}
2023-05-28 08:36:36,137 [INFO] Save valid_prediction_log data...
2023-05-28 08:36:36,140 [INFO] {'Data': 'valid', 'ACC': '1.0 (25 / 25)', 'TP': 10, 'FP': 0, 'FN': 0, 'TN': 15, 'Precision': '1.0 (10 / 10 + 0)', 'Recall': '1.0 (10 / 10 + 0)', 'F1': '1.0 (2 * (1.0 * 1.0) / 1.0 + 1.0)', 'Specificity': '1.0 (15 / 15 + 0)', 'AUC': 1.0, 'r2': 1.0}
2023-05-28 08:36:36,159 [INFO] Save test_prediction_log data...
2023-05-28 08:36:36,163 [INFO] {'Data': 'test', 'ACC': '0.76 (19 / 25)', 'TP': 5, 'FP': 1, 'FN': 5, 'TN': 14, 'Precision': '0.83 (5 / 5 + 1)', 'Recall': '0.5 (5 / 5 + 5)', 'F1': '0.62 (2 * (0.5 * 0.83) / 0.5 + 0.83)', 'Specificity': '0.93 (14 / 14 + 1)', 'AUC': 0.72, 'r2': 0.0}
2023-05-28 08:36:36,167 [INFO] Save training_log data...
2023-05-28 08:36:36,169 [INFO] Save score_log data...
2023-05-28 08:36:36,171 [INFO] Time : 7.0290210247039795
