2023-05-28 09:57:23,142 [INFO] Train data : AF_Baseline\DUD-E\KIT\ECFP4_256bits\Robust\KIT_train.tsv
2023-05-28 09:57:23,142 [INFO] Valid data : AF_Baseline\DUD-E\KIT\ECFP4_256bits\Robust\KIT_valid.tsv
2023-05-28 09:57:23,142 [INFO] Output path : AF_Baseline\DUD-E\KIT\ECFP4_256bits\Robust\KIT_model\SVM
2023-05-28 09:57:23,142 [INFO] Model type : SVM
2023-05-28 09:57:23,142 [INFO] Use cores : 12
2023-05-28 09:57:23,154 [INFO] Start Learning model
2023-05-28 09:57:23,154 [INFO] Train : 232 | Valid : 58
2023-05-28 09:57:23,154 [INFO] Set parameters : {'kernel': ['linear', 'rbf'], 'C': [0.01, 0.1, 1, 10, 100, 1000], 'gamma': [0.01, 0.1, 1, 100, 1000]}
2023-05-28 09:57:25,866 [INFO] GridSearchCV results :
    mean_valid_accuracy  mean_valid_precision  mean_valid_auc
43             0.780616              1.000000        0.726111
33             0.780616              1.000000        0.726111
23             0.733152              1.000000        0.668333
53             0.780616              1.000000        0.726111
0              0.982971              0.990000        0.980873
2              0.982971              0.990000        0.980873
4              0.982971              0.990000        0.980873
6              0.982971              0.990000        0.980873
21             0.987138              0.990000        0.985873
8              0.982971              0.990000        0.980873
41             0.987138              0.980000        0.987857
31             0.987138              0.980000        0.987857
51             0.987138              0.980000        0.987857
50             0.978623              0.978889        0.977302
48             0.978623              0.978889        0.977302
28             0.978623              0.978889        0.977302
44             0.978623              0.978889        0.977302
42             0.978623              0.978889        0.977302
52             0.978623              0.978889        0.977302
40             0.978623              0.978889        0.977302
38             0.978623              0.978889        0.977302
54             0.978623              0.978889        0.977302
36             0.978623              0.978889        0.977302
56             0.978623              0.978889        0.977302
34             0.978623              0.978889        0.977302
58             0.978623              0.978889        0.977302
32             0.978623              0.978889        0.977302
46             0.978623              0.978889        0.977302
30             0.978623              0.978889        0.977302
20             0.978623              0.978889        0.977302
14             0.978623              0.978889        0.977302
26             0.978623              0.978889        0.977302
12             0.978623              0.978889        0.977302
24             0.978623              0.978889        0.977302
22             0.978623              0.978889        0.977302
16             0.978623              0.978889        0.977302
10             0.978623              0.978889        0.977302
18             0.978623              0.978889        0.977302
9              0.599275              0.000000        0.500000
11             0.599275              0.000000        0.500000
29             0.599275              0.000000        0.500000
7              0.599275              0.000000        0.500000
13             0.599275              0.000000        0.500000
55             0.599275              0.000000        0.500000
5              0.599275              0.000000        0.500000
57             0.599275              0.000000        0.500000
3              0.599275              0.000000        0.500000
49             0.599275              0.000000        0.500000
15             0.599275              0.000000        0.500000
47             0.599275              0.000000        0.500000
45             0.599275              0.000000        0.500000
1              0.599275              0.000000        0.500000
17             0.599275              0.000000        0.500000
19             0.599275              0.000000        0.500000
39             0.599275              0.000000        0.500000
37             0.599275              0.000000        0.500000
35             0.599275              0.000000        0.500000
25             0.599275              0.000000        0.500000
27             0.599275              0.000000        0.500000
59             0.599275              0.000000        0.500000
2023-05-28 09:57:25,868 [INFO] Best model :
SVC(C=1, gamma=0.1, random_state=42)
2023-05-28 09:57:25,877 [INFO] Save train_prediction_log data...
2023-05-28 09:57:25,880 [INFO] {'Data': 'train', 'ACC': '1.0 (232 / 232)', 'TP': 93, 'FP': 0, 'FN': 0, 'TN': 139, 'Precision': '1.0 (93 / 93 + 0)', 'Recall': '1.0 (93 / 93 + 0)', 'F1': '1.0 (2 * (1.0 * 1.0) / 1.0 + 1.0)', 'Specificity': '1.0 (139 / 139 + 0)', 'AUC': 1.0, 'r2': 1.0}
2023-05-28 09:57:25,885 [INFO] Save valid_prediction_log data...
2023-05-28 09:57:25,886 [INFO] {'Data': 'valid', 'ACC': '1.0 (58 / 58)', 'TP': 23, 'FP': 0, 'FN': 0, 'TN': 35, 'Precision': '1.0 (23 / 23 + 0)', 'Recall': '1.0 (23 / 23 + 0)', 'F1': '1.0 (2 * (1.0 * 1.0) / 1.0 + 1.0)', 'Specificity': '1.0 (35 / 35 + 0)', 'AUC': 1.0, 'r2': 1.0}
2023-05-28 09:57:25,895 [INFO] Save test_prediction_log data...
2023-05-28 09:57:25,897 [INFO] {'Data': 'test', 'ACC': '0.66 (38 / 58)', 'TP': 3, 'FP': 0, 'FN': 20, 'TN': 35, 'Precision': '1.0 (3 / 3 + 0)', 'Recall': '0.13 (3 / 3 + 20)', 'F1': '0.23 (2 * (0.13 * 1.0) / 0.13 + 1.0)', 'Specificity': '1.0 (35 / 35 + 0)', 'AUC': 0.57, 'r2': -0.44}
2023-05-28 09:57:25,899 [INFO] Save training_log data...
2023-05-28 09:57:25,900 [INFO] Save score_log data...
2023-05-28 09:57:25,901 [INFO] Time : 2.7589964866638184
