2023-05-29 09:16:17,628 [INFO] Train data : Vary_params_BRAF_MK14\DUD-E\BRAF\nG1_80\ECFP4_256bits\Robust\BRAF_train_vector.tsv
2023-05-29 09:16:17,628 [INFO] Valid data : Vary_params_BRAF_MK14\DUD-E\BRAF\nG1_80\ECFP4_256bits\Robust\BRAF_valid_vector.tsv
2023-05-29 09:16:17,628 [INFO] Output path : Vary_params_BRAF_MK14\DUD-E\BRAF\nG1_80\ECFP4_256bits\Robust\BRAF_model\MLP
2023-05-29 09:16:17,628 [INFO] Model type : MLP
2023-05-29 09:16:17,628 [INFO] Use cores : 12
2023-05-29 09:16:17,641 [INFO] Start Learning model
2023-05-29 09:16:17,641 [INFO] Train : 171 | Valid : 50
2023-05-29 09:16:17,642 [INFO] Set parameters : {'hidden_layer_sizes': [(50,), (100,), (50, 50), (100, 100)], 'learning_rate': ['constant', 'invscaling', 'adaptive'], 'activation': ['relu', 'identity', 'logistic', 'tanh'], 'solver': ['adam', 'sgd', 'lbfgs'], 'alpha': [0.1, 0.01, 0.001], 'max_iter': [500, 1000], 'early_stopping': [True]}
2023-05-29 09:20:34,668 [INFO] GridSearchCV results :
     mean_valid_accuracy  mean_valid_precision  mean_valid_auc
794             0.977124              0.983333        0.965833
797             0.977124              0.983333        0.965833
800             0.977124              0.983333        0.965833
803             0.977124              0.983333        0.965833
806             0.977124              0.983333        0.965833
..                   ...                   ...             ...
463             0.672549              0.033333        0.481474
466             0.672549              0.033333        0.481474
535             0.672549              0.033333        0.481474
538             0.672549              0.033333        0.481474
607             0.672549              0.033333        0.481474

[864 rows x 3 columns]
2023-05-29 09:20:34,669 [INFO] Best model :
MLPClassifier(activation='tanh', alpha=0.001, early_stopping=True,
              hidden_layer_sizes=(50,), max_iter=500, random_state=42,
              solver='lbfgs')
2023-05-29 09:20:34,673 [INFO] Save train_prediction_log data...
2023-05-29 09:20:34,687 [INFO] {'Data': 'train', 'ACC': '1.0 (171 / 171)', 'TP': 50, 'FP': 0, 'FN': 0, 'TN': 121, 'Precision': '1.0 (50 / 50 + 0)', 'Recall': '1.0 (50 / 50 + 0)', 'F1': '1.0 (2 * (1.0 * 1.0) / 1.0 + 1.0)', 'Specificity': '1.0 (121 / 121 + 0)', 'AUC': 1.0, 'r2': 1.0}
2023-05-29 09:20:34,690 [INFO] Save valid_prediction_log data...
2023-05-29 09:20:34,692 [INFO] {'Data': 'valid', 'ACC': '1.0 (50 / 50)', 'TP': 20, 'FP': 0, 'FN': 0, 'TN': 30, 'Precision': '1.0 (20 / 20 + 0)', 'Recall': '1.0 (20 / 20 + 0)', 'F1': '1.0 (2 * (1.0 * 1.0) / 1.0 + 1.0)', 'Specificity': '1.0 (30 / 30 + 0)', 'AUC': 1.0, 'r2': 1.0}
2023-05-29 09:20:34,701 [INFO] Save test_prediction_log data...
2023-05-29 09:20:34,703 [INFO] {'Data': 'test', 'ACC': '0.62 (31 / 50)', 'TP': 4, 'FP': 3, 'FN': 16, 'TN': 27, 'Precision': '0.57 (4 / 4 + 3)', 'Recall': '0.2 (4 / 4 + 16)', 'F1': '0.3 (2 * (0.2 * 0.57) / 0.2 + 0.57)', 'Specificity': '0.9 (27 / 27 + 3)', 'AUC': 0.55, 'r2': -0.58}
2023-05-29 09:20:34,705 [INFO] Save training_log data...
2023-05-29 09:20:34,709 [INFO] Save score_log data...
2023-05-29 09:20:34,710 [INFO] Time : 257.0811824798584
