2023-05-28 06:37:56,175 [INFO] Train data : Vary_params_IGF1R_KIT\DUD-E\IGF1R\nG1_50\ECFP4_512bits\Robust\IGF1R_train_vector.tsv
2023-05-28 06:37:56,175 [INFO] Valid data : Vary_params_IGF1R_KIT\DUD-E\IGF1R\nG1_50\ECFP4_512bits\Robust\IGF1R_valid_vector.tsv
2023-05-28 06:37:56,175 [INFO] Output path : Vary_params_IGF1R_KIT\DUD-E\IGF1R\nG1_50\ECFP4_512bits\Robust\IGF1R_model\MLP
2023-05-28 06:37:56,175 [INFO] Model type : MLP
2023-05-28 06:37:56,175 [INFO] Use cores : 10
2023-05-28 06:37:56,196 [INFO] Start Learning model
2023-05-28 06:37:56,196 [INFO] Train : 196 | Valid : 49
2023-05-28 06:37:56,196 [INFO] Set parameters : {'hidden_layer_sizes': [(50,), (100,), (50, 50), (100, 100)], 'learning_rate': ['constant', 'invscaling', 'adaptive'], 'activation': ['relu', 'identity', 'logistic', 'tanh'], 'solver': ['adam', 'sgd', 'lbfgs'], 'alpha': [0.1, 0.01, 0.001], 'max_iter': [500, 1000], 'early_stopping': [True]}
2023-05-28 06:40:55,944 [INFO] GridSearchCV results :
     mean_valid_accuracy  mean_valid_precision  mean_valid_auc
863             0.995000                   1.0         0.99375
635             0.990000                   1.0         0.98750
501             0.919737                   1.0         0.90000
647             0.990000                   1.0         0.98750
558             0.924737                   1.0         0.90625
..                   ...                   ...             ...
552             0.602105                   0.0         0.50000
616             0.602105                   0.0         0.50000
615             0.602105                   0.0         0.50000
553             0.602105                   0.0         0.50000
619             0.602105                   0.0         0.50000

[864 rows x 3 columns]
2023-05-28 06:40:55,945 [INFO] Best model :
MLPClassifier(activation='logistic', alpha=0.1, early_stopping=True,
              hidden_layer_sizes=(100, 100), max_iter=500, random_state=42)
2023-05-28 06:40:55,952 [INFO] Save train_prediction_log data...
2023-05-28 06:40:55,955 [INFO] {'Data': 'train', 'ACC': '1.0 (196 / 196)', 'TP': 78, 'FP': 0, 'FN': 0, 'TN': 118, 'Precision': '1.0 (78 / 78 + 0)', 'Recall': '1.0 (78 / 78 + 0)', 'F1': '1.0 (2 * (1.0 * 1.0) / 1.0 + 1.0)', 'Specificity': '1.0 (118 / 118 + 0)', 'AUC': 1.0, 'r2': 1.0}
2023-05-28 06:40:55,960 [INFO] Save valid_prediction_log data...
2023-05-28 06:40:55,962 [INFO] {'Data': 'valid', 'ACC': '1.0 (49 / 49)', 'TP': 20, 'FP': 0, 'FN': 0, 'TN': 29, 'Precision': '1.0 (20 / 20 + 0)', 'Recall': '1.0 (20 / 20 + 0)', 'F1': '1.0 (2 * (1.0 * 1.0) / 1.0 + 1.0)', 'Specificity': '1.0 (29 / 29 + 0)', 'AUC': 1.0, 'r2': 1.0}
2023-05-28 06:40:55,976 [INFO] Save test_prediction_log data...
2023-05-28 06:40:55,977 [INFO] {'Data': 'test', 'ACC': '0.63 (31 / 49)', 'TP': 3, 'FP': 1, 'FN': 17, 'TN': 28, 'Precision': '0.75 (3 / 3 + 1)', 'Recall': '0.15 (3 / 3 + 17)', 'F1': '0.25 (2 * (0.15 * 0.75) / 0.15 + 0.75)', 'Specificity': '0.97 (28 / 28 + 1)', 'AUC': 0.56, 'r2': -0.52}
2023-05-28 06:40:55,980 [INFO] Save training_log data...
2023-05-28 06:40:55,984 [INFO] Save score_log data...
2023-05-28 06:40:55,985 [INFO] Time : 179.80959701538086
