2023-05-27 11:56:57,707 [INFO] Train data : Vary_params\DUD-E\MP2K1\nG1_50\ECFP6_512bits\Robust\MP2K1_train_vector.tsv
2023-05-27 11:56:57,708 [INFO] Valid data : Vary_params\DUD-E\MP2K1\nG1_50\ECFP6_512bits\Robust\MP2K1_valid_vector.tsv
2023-05-27 11:56:57,708 [INFO] Output path : Vary_params\DUD-E\MP2K1\nG1_50\ECFP6_512bits\Robust\MP2K1_model\MLP
2023-05-27 11:56:57,708 [INFO] Model type : MLP
2023-05-27 11:56:57,708 [INFO] Use cores : 10
2023-05-27 11:56:57,729 [INFO] Start Learning model
2023-05-27 11:56:57,730 [INFO] Train : 142 | Valid : 35
2023-05-27 11:56:57,730 [INFO] Set parameters : {'hidden_layer_sizes': [(50,), (100,), (50, 50), (100, 100)], 'learning_rate': ['constant', 'invscaling', 'adaptive'], 'activation': ['relu', 'identity', 'logistic', 'tanh'], 'solver': ['adam', 'sgd', 'lbfgs'], 'alpha': [0.1, 0.01, 0.001], 'max_iter': [500, 1000], 'early_stopping': [True]}
2023-05-27 11:59:59,757 [INFO] GridSearchCV results :
     mean_valid_accuracy  mean_valid_precision  mean_valid_auc
578             0.980000                   1.0        0.975000
645             0.945238                   1.0        0.931667
639             0.945238                   1.0        0.931667
593             0.980000                   1.0        0.975000
633             0.945238                   1.0        0.931667
..                   ...                   ...             ...
634             0.598571                   0.0        0.500000
502             0.598571                   0.0        0.500000
631             0.598571                   0.0        0.500000
628             0.598571                   0.0        0.500000
552             0.598571                   0.0        0.500000

[864 rows x 3 columns]
2023-05-27 11:59:59,758 [INFO] Best model :
MLPClassifier(alpha=0.1, early_stopping=True, hidden_layer_sizes=(50, 50),
              max_iter=500, random_state=42, solver='lbfgs')
2023-05-27 11:59:59,763 [INFO] Save train_prediction_log data...
2023-05-27 11:59:59,766 [INFO] {'Data': 'train', 'ACC': '1.0 (142 / 142)', 'TP': 57, 'FP': 0, 'FN': 0, 'TN': 85, 'Precision': '1.0 (57 / 57 + 0)', 'Recall': '1.0 (57 / 57 + 0)', 'F1': '1.0 (2 * (1.0 * 1.0) / 1.0 + 1.0)', 'Specificity': '1.0 (85 / 85 + 0)', 'AUC': 1.0, 'r2': 1.0}
2023-05-27 11:59:59,770 [INFO] Save valid_prediction_log data...
2023-05-27 11:59:59,772 [INFO] {'Data': 'valid', 'ACC': '1.0 (35 / 35)', 'TP': 14, 'FP': 0, 'FN': 0, 'TN': 21, 'Precision': '1.0 (14 / 14 + 0)', 'Recall': '1.0 (14 / 14 + 0)', 'F1': '1.0 (2 * (1.0 * 1.0) / 1.0 + 1.0)', 'Specificity': '1.0 (21 / 21 + 0)', 'AUC': 1.0, 'r2': 1.0}
2023-05-27 11:59:59,786 [INFO] Save test_prediction_log data...
2023-05-27 11:59:59,788 [INFO] {'Data': 'test', 'ACC': '0.71 (25 / 35)', 'TP': 5, 'FP': 1, 'FN': 9, 'TN': 20, 'Precision': '0.83 (5 / 5 + 1)', 'Recall': '0.36 (5 / 5 + 9)', 'F1': '0.5 (2 * (0.36 * 0.83) / 0.36 + 0.83)', 'Specificity': '0.95 (20 / 20 + 1)', 'AUC': 0.65, 'r2': -0.19}
2023-05-27 11:59:59,790 [INFO] Save training_log data...
2023-05-27 11:59:59,795 [INFO] Save score_log data...
2023-05-27 11:59:59,795 [INFO] Time : 182.08760285377502
