2023-05-29 01:50:32,113 [INFO] Train data : Vary_params_BRAF_MK14\DUD-E\BRAF\nG1_20\ECFP4_256bits\Standard\BRAF_train_vector.tsv
2023-05-29 01:50:32,113 [INFO] Valid data : Vary_params_BRAF_MK14\DUD-E\BRAF\nG1_20\ECFP4_256bits\Standard\BRAF_valid_vector.tsv
2023-05-29 01:50:32,113 [INFO] Output path : Vary_params_BRAF_MK14\DUD-E\BRAF\nG1_20\ECFP4_256bits\Standard\BRAF_model\SVM
2023-05-29 01:50:32,113 [INFO] Model type : SVM
2023-05-29 01:50:32,113 [INFO] Use cores : 12
2023-05-29 01:50:32,134 [INFO] Start Learning model
2023-05-29 01:50:32,134 [INFO] Train : 231 | Valid : 50
2023-05-29 01:50:32,134 [INFO] Set parameters : {'kernel': ['linear', 'rbf'], 'C': [0.01, 0.1, 1, 10, 100, 1000], 'gamma': [0.01, 0.1, 1, 100, 1000]}
2023-05-29 01:50:35,065 [INFO] GridSearchCV results :
    mean_valid_accuracy  mean_valid_precision  mean_valid_auc
21             0.961051              1.000000        0.959091
41             0.965399              1.000000        0.963636
31             0.965399              1.000000        0.963636
51             0.965399              1.000000        0.963636
26             0.991304              0.991667        0.991288
28             0.991304              0.991667        0.991288
32             0.991304              0.991667        0.991288
34             0.991304              0.991667        0.991288
36             0.991304              0.991667        0.991288
38             0.991304              0.991667        0.991288
40             0.991304              0.991667        0.991288
0              0.991304              0.991667        0.991288
24             0.991304              0.991667        0.991288
44             0.991304              0.991667        0.991288
46             0.991304              0.991667        0.991288
48             0.991304              0.991667        0.991288
50             0.991304              0.991667        0.991288
52             0.991304              0.991667        0.991288
54             0.991304              0.991667        0.991288
56             0.991304              0.991667        0.991288
58             0.991304              0.991667        0.991288
42             0.991304              0.991667        0.991288
30             0.991304              0.991667        0.991288
12             0.991304              0.991667        0.991288
2              0.991304              0.991667        0.991288
20             0.991304              0.991667        0.991288
22             0.991304              0.991667        0.991288
4              0.991304              0.991667        0.991288
18             0.991304              0.991667        0.991288
8              0.991304              0.991667        0.991288
10             0.991304              0.991667        0.991288
16             0.991304              0.991667        0.991288
6              0.991304              0.991667        0.991288
14             0.991304              0.991667        0.991288
49             0.523732              0.000000        0.500000
9              0.523732              0.000000        0.500000
47             0.523732              0.000000        0.500000
5              0.523732              0.000000        0.500000
7              0.523732              0.000000        0.500000
53             0.523732              0.000000        0.500000
55             0.523732              0.000000        0.500000
3              0.523732              0.000000        0.500000
57             0.523732              0.000000        0.500000
45             0.523732              0.000000        0.500000
23             0.523732              0.000000        0.500000
43             0.523732              0.000000        0.500000
11             0.523732              0.000000        0.500000
13             0.523732              0.000000        0.500000
39             0.523732              0.000000        0.500000
37             0.523732              0.000000        0.500000
15             0.523732              0.000000        0.500000
35             0.523732              0.000000        0.500000
33             0.523732              0.000000        0.500000
17             0.523732              0.000000        0.500000
1              0.523732              0.000000        0.500000
29             0.523732              0.000000        0.500000
19             0.523732              0.000000        0.500000
27             0.523732              0.000000        0.500000
25             0.523732              0.000000        0.500000
59             0.523732              0.000000        0.500000
2023-05-29 01:50:35,066 [INFO] Best model :
SVC(C=1, gamma=0.01, random_state=42)
2023-05-29 01:50:35,076 [INFO] Save train_prediction_log data...
2023-05-29 01:50:35,098 [INFO] {'Data': 'train', 'ACC': '1.0 (231 / 231)', 'TP': 110, 'FP': 0, 'FN': 0, 'TN': 121, 'Precision': '1.0 (110 / 110 + 0)', 'Recall': '1.0 (110 / 110 + 0)', 'F1': '1.0 (2 * (1.0 * 1.0) / 1.0 + 1.0)', 'Specificity': '1.0 (121 / 121 + 0)', 'AUC': 1.0, 'r2': 1.0}
2023-05-29 01:50:35,103 [INFO] Save valid_prediction_log data...
2023-05-29 01:50:35,106 [INFO] {'Data': 'valid', 'ACC': '1.0 (50 / 50)', 'TP': 20, 'FP': 0, 'FN': 0, 'TN': 30, 'Precision': '1.0 (20 / 20 + 0)', 'Recall': '1.0 (20 / 20 + 0)', 'F1': '1.0 (2 * (1.0 * 1.0) / 1.0 + 1.0)', 'Specificity': '1.0 (30 / 30 + 0)', 'AUC': 1.0, 'r2': 1.0}
2023-05-29 01:50:35,119 [INFO] Save test_prediction_log data...
2023-05-29 01:50:35,122 [INFO] {'Data': 'test', 'ACC': '0.64 (32 / 50)', 'TP': 3, 'FP': 1, 'FN': 17, 'TN': 29, 'Precision': '0.75 (3 / 3 + 1)', 'Recall': '0.15 (3 / 3 + 17)', 'F1': '0.25 (2 * (0.15 * 0.75) / 0.15 + 0.75)', 'Specificity': '0.97 (29 / 29 + 1)', 'AUC': 0.56, 'r2': -0.5}
2023-05-29 01:50:35,124 [INFO] Save training_log data...
2023-05-29 01:50:35,126 [INFO] Save score_log data...
2023-05-29 01:50:35,127 [INFO] Time : 3.013890027999878
