2023-05-27 02:30:42,266 [INFO] Train data : Vary_params_SH\DUD-E\ROCK1\nG1_20\ECFP6_256bits\Standard\ROCK1_train_vector.tsv
2023-05-27 02:30:42,266 [INFO] Valid data : Vary_params_SH\DUD-E\ROCK1\nG1_20\ECFP6_256bits\Standard\ROCK1_valid_vector.tsv
2023-05-27 02:30:42,267 [INFO] Output path : Vary_params_SH\DUD-E\ROCK1\nG1_20\ECFP6_256bits\Standard\ROCK1_model\SVM
2023-05-27 02:30:42,267 [INFO] Model type : SVM
2023-05-27 02:30:42,267 [INFO] Use cores : 3
2023-05-27 02:30:42,293 [INFO] Start Learning model
2023-05-27 02:30:42,293 [INFO] Train : 130 | Valid : 25
2023-05-27 02:30:42,293 [INFO] Set parameters : {'kernel': ['linear', 'rbf'], 'C': [0.01, 0.1, 1, 10, 100, 1000], 'gamma': [0.01, 0.1, 1, 100, 1000]}
2023-05-27 02:30:46,430 [INFO] GridSearchCV results :
    mean_valid_accuracy  mean_valid_precision  mean_valid_auc
21             0.938462              1.000000        0.942857
41             0.938462              1.000000        0.942857
31             0.938462              1.000000        0.942857
51             0.938462              1.000000        0.942857
26             0.923077              0.928770        0.921429
28             0.923077              0.928770        0.921429
32             0.923077              0.928770        0.921429
34             0.923077              0.928770        0.921429
36             0.923077              0.928770        0.921429
38             0.923077              0.928770        0.921429
40             0.923077              0.928770        0.921429
0              0.923077              0.928770        0.921429
24             0.923077              0.928770        0.921429
44             0.923077              0.928770        0.921429
46             0.923077              0.928770        0.921429
48             0.923077              0.928770        0.921429
50             0.923077              0.928770        0.921429
52             0.923077              0.928770        0.921429
54             0.923077              0.928770        0.921429
56             0.923077              0.928770        0.921429
58             0.923077              0.928770        0.921429
42             0.923077              0.928770        0.921429
30             0.923077              0.928770        0.921429
12             0.923077              0.928770        0.921429
2              0.923077              0.928770        0.921429
20             0.923077              0.928770        0.921429
22             0.923077              0.928770        0.921429
4              0.923077              0.928770        0.921429
18             0.923077              0.928770        0.921429
8              0.923077              0.928770        0.921429
10             0.923077              0.928770        0.921429
16             0.923077              0.928770        0.921429
6              0.923077              0.928770        0.921429
14             0.923077              0.928770        0.921429
49             0.538462              0.538462        0.500000
9              0.538462              0.538462        0.500000
47             0.538462              0.538462        0.500000
5              0.538462              0.538462        0.500000
7              0.538462              0.538462        0.500000
53             0.538462              0.538462        0.500000
55             0.538462              0.538462        0.500000
3              0.538462              0.538462        0.500000
57             0.538462              0.538462        0.500000
45             0.538462              0.538462        0.500000
23             0.538462              0.538462        0.500000
43             0.538462              0.538462        0.500000
11             0.538462              0.538462        0.500000
13             0.538462              0.538462        0.500000
39             0.538462              0.538462        0.500000
37             0.538462              0.538462        0.500000
15             0.538462              0.538462        0.500000
35             0.538462              0.538462        0.500000
33             0.538462              0.538462        0.500000
17             0.538462              0.538462        0.500000
1              0.538462              0.538462        0.500000
29             0.538462              0.538462        0.500000
19             0.538462              0.538462        0.500000
27             0.538462              0.538462        0.500000
25             0.538462              0.538462        0.500000
59             0.538462              0.538462        0.500000
2023-05-27 02:30:46,433 [INFO] Best model :
SVC(C=1, gamma=0.01, random_state=42)
2023-05-27 02:30:46,442 [INFO] Save train_prediction_log data...
2023-05-27 02:30:46,446 [INFO] {'Data': 'train', 'ACC': '1.0 (130 / 130)', 'TP': 70, 'FP': 0, 'FN': 0, 'TN': 60, 'Precision': '1.0 (70 / 70 + 0)', 'Recall': '1.0 (70 / 70 + 0)', 'F1': '1.0 (2 * (1.0 * 1.0) / 1.0 + 1.0)', 'Specificity': '1.0 (60 / 60 + 0)', 'AUC': 1.0, 'r2': 1.0}
2023-05-27 02:30:46,452 [INFO] Save valid_prediction_log data...
2023-05-27 02:30:46,455 [INFO] {'Data': 'valid', 'ACC': '1.0 (25 / 25)', 'TP': 10, 'FP': 0, 'FN': 0, 'TN': 15, 'Precision': '1.0 (10 / 10 + 0)', 'Recall': '1.0 (10 / 10 + 0)', 'F1': '1.0 (2 * (1.0 * 1.0) / 1.0 + 1.0)', 'Specificity': '1.0 (15 / 15 + 0)', 'AUC': 1.0, 'r2': 1.0}
2023-05-27 02:30:46,469 [INFO] Save test_prediction_log data...
2023-05-27 02:30:46,472 [INFO] {'Data': 'test', 'ACC': '0.64 (16 / 25)', 'TP': 2, 'FP': 1, 'FN': 8, 'TN': 14, 'Precision': '0.67 (2 / 2 + 1)', 'Recall': '0.2 (2 / 2 + 8)', 'F1': '0.31 (2 * (0.2 * 0.67) / 0.2 + 0.67)', 'Specificity': '0.93 (14 / 14 + 1)', 'AUC': 0.57, 'r2': -0.5}
2023-05-27 02:30:46,475 [INFO] Save training_log data...
2023-05-27 02:30:46,477 [INFO] Save score_log data...
2023-05-27 02:30:46,478 [INFO] Time : 4.211531639099121
