2023-05-27 06:33:11,905 [INFO] Train data : Vary_params_SH\DUD-E\ROCK1\nG1_50\ECFP4_256bits\Robust\ROCK1_train_vector.tsv
2023-05-27 06:33:11,906 [INFO] Valid data : Vary_params_SH\DUD-E\ROCK1\nG1_50\ECFP4_256bits\Robust\ROCK1_valid_vector.tsv
2023-05-27 06:33:11,906 [INFO] Output path : Vary_params_SH\DUD-E\ROCK1\nG1_50\ECFP4_256bits\Robust\ROCK1_model\XGB
2023-05-27 06:33:11,906 [INFO] Model type : XGB
2023-05-27 06:33:11,906 [INFO] Use cores : 3
2023-05-27 06:33:11,924 [INFO] Start Learning model
2023-05-27 06:33:11,924 [INFO] Train : 100 | Valid : 25
2023-05-27 06:33:11,925 [INFO] Set parameters : {'max_depth': [4, 6, 8], 'learning_rate': [0.01, 0.2], 'n_estimators': [200, 600, 1000], 'gamma': [0, 1000], 'min_child_weight': [1, 3], 'subsample': [0.5, 1], 'colsample_bytree': [0.5, 1], 'objective': ['binary:logitraw'], 'eval_metric': ['auc', 'error']}
2023-05-27 06:49:50,975 [INFO] GridSearchCV results :
     mean_valid_accuracy  mean_valid_precision  mean_valid_auc
195                 0.97                   1.0          0.9625
193                 0.97                   1.0          0.9625
63                  0.97                   1.0          0.9625
49                  0.97                   1.0          0.9625
197                 0.97                   1.0          0.9625
..                   ...                   ...             ...
375                 0.60                   0.0          0.5000
374                 0.60                   0.0          0.5000
373                 0.60                   0.0          0.5000
372                 0.60                   0.0          0.5000
575                 0.60                   0.0          0.5000

[576 rows x 3 columns]
2023-05-27 06:49:50,977 [INFO] Best model :
XGBClassifier(base_score=None, booster=None, callbacks=None,
              colsample_bylevel=None, colsample_bynode=None,
              colsample_bytree=0.5, early_stopping_rounds=None,
              enable_categorical=False, eval_metric='auc', feature_types=None,
              gamma=0, gpu_id=None, grow_policy=None, importance_type=None,
              interaction_constraints=None, learning_rate=0.2, max_bin=None,
              max_cat_threshold=None, max_cat_to_onehot=None,
              max_delta_step=None, max_depth=6, max_leaves=None,
              min_child_weight=1, missing=nan, monotone_constraints=None,
              n_estimators=200, n_jobs=0, num_parallel_tree=None,
              objective='binary:logitraw', predictor=None, ...)
2023-05-27 06:49:50,988 [INFO] Save train_prediction_log data...
2023-05-27 06:49:50,992 [INFO] {'Data': 'train', 'ACC': '1.0 (100 / 100)', 'TP': 40, 'FP': 0, 'FN': 0, 'TN': 60, 'Precision': '1.0 (40 / 40 + 0)', 'Recall': '1.0 (40 / 40 + 0)', 'F1': '1.0 (2 * (1.0 * 1.0) / 1.0 + 1.0)', 'Specificity': '1.0 (60 / 60 + 0)', 'AUC': 1.0, 'r2': 1.0}
2023-05-27 06:49:51,002 [INFO] Save valid_prediction_log data...
2023-05-27 06:49:51,005 [INFO] {'Data': 'valid', 'ACC': '1.0 (25 / 25)', 'TP': 10, 'FP': 0, 'FN': 0, 'TN': 15, 'Precision': '1.0 (10 / 10 + 0)', 'Recall': '1.0 (10 / 10 + 0)', 'F1': '1.0 (2 * (1.0 * 1.0) / 1.0 + 1.0)', 'Specificity': '1.0 (15 / 15 + 0)', 'AUC': 1.0, 'r2': 1.0}
2023-05-27 06:49:51,023 [INFO] Save test_prediction_log data...
2023-05-27 06:49:51,027 [INFO] {'Data': 'test', 'ACC': '0.6 (15 / 25)', 'TP': 5, 'FP': 5, 'FN': 5, 'TN': 10, 'Precision': '0.5 (5 / 5 + 5)', 'Recall': '0.5 (5 / 5 + 5)', 'F1': '0.5 (2 * (0.5 * 0.5) / 0.5 + 0.5)', 'Specificity': '0.67 (10 / 10 + 5)', 'AUC': 0.58, 'r2': -0.67}
2023-05-27 06:49:51,033 [INFO] Save training_log data...
2023-05-27 06:49:51,255 [INFO] Save score_log data...
2023-05-27 06:49:51,256 [INFO] Time : 999.3517777919769
