2023-05-28 22:58:06,979 [INFO] Train data : Vary_params_VGFR2\DUD-E\VGFR2\nG1_20\ECFP6_512bits\MinMax\VGFR2_train_vector.tsv
2023-05-28 22:58:06,980 [INFO] Valid data : Vary_params_VGFR2\DUD-E\VGFR2\nG1_20\ECFP6_512bits\MinMax\VGFR2_valid_vector.tsv
2023-05-28 22:58:06,980 [INFO] Output path : Vary_params_VGFR2\DUD-E\VGFR2\nG1_20\ECFP6_512bits\MinMax\VGFR2_model\MLP
2023-05-28 22:58:06,980 [INFO] Model type : MLP
2023-05-28 22:58:06,980 [INFO] Use cores : 18
2023-05-28 22:58:07,032 [INFO] Start Learning model
2023-05-28 22:58:07,032 [INFO] Train : 747 | Valid : 180
2023-05-28 22:58:07,032 [INFO] Set parameters : {'hidden_layer_sizes': [(50,), (100,), (50, 50), (100, 100)], 'learning_rate': ['constant', 'invscaling', 'adaptive'], 'activation': ['relu', 'identity', 'logistic', 'tanh'], 'solver': ['adam', 'sgd', 'lbfgs'], 'alpha': [0.1, 0.01, 0.001], 'max_iter': [500, 1000], 'early_stopping': [True]}
2023-05-28 23:08:15,436 [INFO] GridSearchCV results :
     mean_valid_accuracy  mean_valid_precision  mean_valid_auc
471             0.662829                   1.0        0.602974
468             0.662829                   1.0        0.602974
483             0.662829                   1.0        0.602974
480             0.662829                   1.0        0.602974
477             0.662829                   1.0        0.602974
..                   ...                   ...             ...
565             0.575658                   0.0        0.500000
562             0.575658                   0.0        0.500000
559             0.575658                   0.0        0.500000
556             0.575658                   0.0        0.500000
61              0.575658                   0.0        0.500000

[864 rows x 3 columns]
2023-05-28 23:08:15,437 [INFO] Best model :
MLPClassifier(activation='logistic', alpha=0.1, early_stopping=True,
              hidden_layer_sizes=(50, 50), max_iter=500, random_state=42)
2023-05-28 23:08:15,451 [INFO] Save train_prediction_log data...
2023-05-28 23:08:15,455 [INFO] {'Data': 'train', 'ACC': '1.0 (745 / 747)', 'TP': 316, 'FP': 1, 'FN': 1, 'TN': 429, 'Precision': '1.0 (316 / 316 + 1)', 'Recall': '1.0 (316 / 316 + 1)', 'F1': '1.0 (2 * (1.0 * 1.0) / 1.0 + 1.0)', 'Specificity': '1.0 (429 / 429 + 1)', 'AUC': 1.0, 'r2': 0.99}
2023-05-28 23:08:15,463 [INFO] Save valid_prediction_log data...
2023-05-28 23:08:15,465 [INFO] {'Data': 'valid', 'ACC': '0.97 (175 / 180)', 'TP': 72, 'FP': 5, 'FN': 0, 'TN': 103, 'Precision': '0.94 (72 / 72 + 5)', 'Recall': '1.0 (72 / 72 + 0)', 'F1': '0.97 (2 * (1.0 * 0.94) / 1.0 + 0.94)', 'Specificity': '0.95 (103 / 103 + 5)', 'AUC': 0.98, 'r2': 0.88}
2023-05-28 23:08:15,495 [INFO] Save test_prediction_log data...
2023-05-28 23:08:15,498 [INFO] {'Data': 'test', 'ACC': '0.54 (97 / 180)', 'TP': 41, 'FP': 52, 'FN': 31, 'TN': 56, 'Precision': '0.44 (41 / 41 + 52)', 'Recall': '0.57 (41 / 41 + 31)', 'F1': '0.5 (2 * (0.57 * 0.44) / 0.57 + 0.44)', 'Specificity': '0.52 (56 / 56 + 52)', 'AUC': 0.54, 'r2': -0.92}
2023-05-28 23:08:15,504 [INFO] Save training_log data...
2023-05-28 23:08:15,512 [INFO] Save score_log data...
2023-05-28 23:08:15,513 [INFO] Time : 608.5345149040222
