2023-05-29 17:02:02,823 [INFO] Train data : Vary_params_BRAF_MK14\DUD-E\MK14\nG1_20\ECFP4_256bits\Standard\MK14_train_vector.tsv
2023-05-29 17:02:02,823 [INFO] Valid data : Vary_params_BRAF_MK14\DUD-E\MK14\nG1_20\ECFP4_256bits\Standard\MK14_valid_vector.tsv
2023-05-29 17:02:02,823 [INFO] Output path : Vary_params_BRAF_MK14\DUD-E\MK14\nG1_20\ECFP4_256bits\Standard\MK14_model\MLP
2023-05-29 17:02:02,823 [INFO] Model type : MLP
2023-05-29 17:02:02,823 [INFO] Use cores : 10
2023-05-29 17:02:02,872 [INFO] Start Learning model
2023-05-29 17:02:02,872 [INFO] Train : 931 | Valid : 225
2023-05-29 17:02:02,872 [INFO] Set parameters : {'hidden_layer_sizes': [(50,), (100,), (50, 50), (100, 100)], 'learning_rate': ['constant', 'invscaling', 'adaptive'], 'activation': ['relu', 'identity', 'logistic', 'tanh'], 'solver': ['adam', 'sgd', 'lbfgs'], 'alpha': [0.1, 0.01, 0.001], 'max_iter': [500, 1000], 'early_stopping': [True]}
2023-05-29 17:08:30,545 [INFO] GridSearchCV results :
     mean_valid_accuracy  mean_valid_precision  mean_valid_auc
609             0.943068              0.967675        0.936325
594             0.943068              0.967675        0.936325
525             0.947369              0.967675        0.941453
600             0.943068              0.967675        0.936325
528             0.947369              0.967675        0.941453
..                   ...                   ...             ...
457             0.581091              0.000000        0.500000
628             0.577865              0.000000        0.497222
547             0.577865              0.000000        0.497222
484             0.577865              0.000000        0.497222
526             0.581091              0.000000        0.500000

[864 rows x 3 columns]
2023-05-29 17:08:30,545 [INFO] Best model :
MLPClassifier(activation='logistic', alpha=0.01, early_stopping=True,
              max_iter=500, random_state=42)
2023-05-29 17:08:30,559 [INFO] Save train_prediction_log data...
2023-05-29 17:08:30,909 [INFO] {'Data': 'train', 'ACC': '0.98 (911 / 931)', 'TP': 381, 'FP': 11, 'FN': 9, 'TN': 530, 'Precision': '0.97 (381 / 381 + 11)', 'Recall': '0.98 (381 / 381 + 9)', 'F1': '0.97 (2 * (0.98 * 0.97) / 0.98 + 0.97)', 'Specificity': '0.98 (530 / 530 + 11)', 'AUC': 0.98, 'r2': 0.91}
2023-05-29 17:08:30,919 [INFO] Save valid_prediction_log data...
2023-05-29 17:08:30,922 [INFO] {'Data': 'valid', 'ACC': '0.95 (214 / 225)', 'TP': 89, 'FP': 10, 'FN': 1, 'TN': 125, 'Precision': '0.9 (89 / 89 + 10)', 'Recall': '0.99 (89 / 89 + 1)', 'F1': '0.94 (2 * (0.99 * 0.9) / 0.99 + 0.9)', 'Specificity': '0.93 (125 / 125 + 10)', 'AUC': 0.96, 'r2': 0.8}
2023-05-29 17:08:30,944 [INFO] Save test_prediction_log data...
2023-05-29 17:08:30,947 [INFO] {'Data': 'test', 'ACC': '0.64 (144 / 225)', 'TP': 70, 'FP': 61, 'FN': 20, 'TN': 74, 'Precision': '0.53 (70 / 70 + 61)', 'Recall': '0.78 (70 / 70 + 20)', 'F1': '0.63 (2 * (0.78 * 0.53) / 0.78 + 0.53)', 'Specificity': '0.55 (74 / 74 + 61)', 'AUC': 0.66, 'r2': -0.5}
2023-05-29 17:08:30,950 [INFO] Save training_log data...
2023-05-29 17:08:30,955 [INFO] Save score_log data...
2023-05-29 17:08:30,955 [INFO] Time : 388.1321847438812
