2023-05-28 18:27:21,972 [INFO] Train data : Vary_params_IGF1R_KIT\DUD-E\KIT\nG1_50\ECFP4_512bits\Standard\KIT_train_vector.tsv
2023-05-28 18:27:21,972 [INFO] Valid data : Vary_params_IGF1R_KIT\DUD-E\KIT\nG1_50\ECFP4_512bits\Standard\KIT_valid_vector.tsv
2023-05-28 18:27:21,972 [INFO] Output path : Vary_params_IGF1R_KIT\DUD-E\KIT\nG1_50\ECFP4_512bits\Standard\KIT_model\SVM
2023-05-28 18:27:21,972 [INFO] Model type : SVM
2023-05-28 18:27:21,972 [INFO] Use cores : 10
2023-05-28 18:27:22,007 [INFO] Start Learning model
2023-05-28 18:27:22,007 [INFO] Train : 232 | Valid : 58
2023-05-28 18:27:22,007 [INFO] Set parameters : {'kernel': ['linear', 'rbf'], 'C': [0.01, 0.1, 1, 10, 100, 1000], 'gamma': [0.01, 0.1, 1, 100, 1000]}
2023-05-28 18:27:25,051 [INFO] GridSearchCV results :
    mean_valid_accuracy  mean_valid_precision  mean_valid_auc
0              0.987138                  0.99        0.985873
20             0.987138                  0.99        0.985873
24             0.987138                  0.99        0.985873
26             0.987138                  0.99        0.985873
28             0.987138                  0.99        0.985873
32             0.987138                  0.99        0.985873
34             0.987138                  0.99        0.985873
36             0.987138                  0.99        0.985873
38             0.987138                  0.99        0.985873
40             0.987138                  0.99        0.985873
42             0.987138                  0.99        0.985873
44             0.987138                  0.99        0.985873
46             0.987138                  0.99        0.985873
48             0.987138                  0.99        0.985873
50             0.987138                  0.99        0.985873
52             0.987138                  0.99        0.985873
54             0.987138                  0.99        0.985873
56             0.987138                  0.99        0.985873
58             0.987138                  0.99        0.985873
22             0.987138                  0.99        0.985873
30             0.987138                  0.99        0.985873
2              0.987138                  0.99        0.985873
18             0.987138                  0.99        0.985873
10             0.987138                  0.99        0.985873
8              0.987138                  0.99        0.985873
16             0.987138                  0.99        0.985873
4              0.987138                  0.99        0.985873
12             0.987138                  0.99        0.985873
14             0.987138                  0.99        0.985873
6              0.987138                  0.99        0.985873
41             0.690217                  0.90        0.615000
31             0.690217                  0.90        0.615000
51             0.690217                  0.90        0.615000
21             0.672826                  0.80        0.593333
7              0.599275                  0.00        0.500000
47             0.599275                  0.00        0.500000
5              0.599275                  0.00        0.500000
49             0.599275                  0.00        0.500000
9              0.599275                  0.00        0.500000
53             0.599275                  0.00        0.500000
55             0.599275                  0.00        0.500000
3              0.599275                  0.00        0.500000
57             0.599275                  0.00        0.500000
45             0.599275                  0.00        0.500000
11             0.599275                  0.00        0.500000
43             0.599275                  0.00        0.500000
19             0.599275                  0.00        0.500000
39             0.599275                  0.00        0.500000
37             0.599275                  0.00        0.500000
13             0.599275                  0.00        0.500000
35             0.599275                  0.00        0.500000
33             0.599275                  0.00        0.500000
15             0.599275                  0.00        0.500000
1              0.599275                  0.00        0.500000
29             0.599275                  0.00        0.500000
27             0.599275                  0.00        0.500000
17             0.599275                  0.00        0.500000
25             0.599275                  0.00        0.500000
23             0.599275                  0.00        0.500000
59             0.599275                  0.00        0.500000
2023-05-28 18:27:25,052 [INFO] Best model :
SVC(C=0.01, gamma=0.01, kernel='linear', random_state=42)
2023-05-28 18:27:25,060 [INFO] Save train_prediction_log data...
2023-05-28 18:27:25,063 [INFO] {'Data': 'train', 'ACC': '1.0 (232 / 232)', 'TP': 93, 'FP': 0, 'FN': 0, 'TN': 139, 'Precision': '1.0 (93 / 93 + 0)', 'Recall': '1.0 (93 / 93 + 0)', 'F1': '1.0 (2 * (1.0 * 1.0) / 1.0 + 1.0)', 'Specificity': '1.0 (139 / 139 + 0)', 'AUC': 1.0, 'r2': 1.0}
2023-05-28 18:27:25,068 [INFO] Save valid_prediction_log data...
2023-05-28 18:27:25,070 [INFO] {'Data': 'valid', 'ACC': '0.98 (57 / 58)', 'TP': 23, 'FP': 1, 'FN': 0, 'TN': 34, 'Precision': '0.96 (23 / 23 + 1)', 'Recall': '1.0 (23 / 23 + 0)', 'F1': '0.98 (2 * (1.0 * 0.96) / 1.0 + 0.96)', 'Specificity': '0.97 (34 / 34 + 1)', 'AUC': 0.99, 'r2': 0.93}
2023-05-28 18:27:25,088 [INFO] Save test_prediction_log data...
2023-05-28 18:27:25,089 [INFO] {'Data': 'test', 'ACC': '0.64 (37 / 58)', 'TP': 11, 'FP': 9, 'FN': 12, 'TN': 26, 'Precision': '0.55 (11 / 11 + 9)', 'Recall': '0.48 (11 / 11 + 12)', 'F1': '0.51 (2 * (0.48 * 0.55) / 0.48 + 0.55)', 'Specificity': '0.74 (26 / 26 + 9)', 'AUC': 0.61, 'r2': -0.51}
2023-05-28 18:27:25,091 [INFO] Save training_log data...
2023-05-28 18:27:25,092 [INFO] Save score_log data...
2023-05-28 18:27:25,093 [INFO] Time : 3.1214325428009033
