2023-05-29 00:20:35,972 [INFO] Train data : Vary_params_SH\DUD-E\TGFR1\nG1_80\ECFP4_256bits\Standard\TGFR1_train_vector.tsv
2023-05-29 00:20:35,972 [INFO] Valid data : Vary_params_SH\DUD-E\TGFR1\nG1_80\ECFP4_256bits\Standard\TGFR1_valid_vector.tsv
2023-05-29 00:20:35,972 [INFO] Output path : Vary_params_SH\DUD-E\TGFR1\nG1_80\ECFP4_256bits\Standard\TGFR1_model\SVM
2023-05-29 00:20:35,972 [INFO] Model type : SVM
2023-05-29 00:20:35,972 [INFO] Use cores : 3
2023-05-29 00:20:36,003 [INFO] Start Learning model
2023-05-29 00:20:36,003 [INFO] Train : 134 | Valid : 41
2023-05-29 00:20:36,003 [INFO] Set parameters : {'kernel': ['linear', 'rbf'], 'C': [0.01, 0.1, 1, 10, 100, 1000], 'gamma': [0.01, 0.1, 1, 100, 1000]}
2023-05-29 00:20:40,311 [INFO] GridSearchCV results :
    mean_valid_accuracy  mean_valid_precision  mean_valid_auc
0              0.963736                 0.955        0.952500
20             0.963736                 0.955        0.952500
24             0.963736                 0.955        0.952500
26             0.963736                 0.955        0.952500
28             0.963736                 0.955        0.952500
32             0.963736                 0.955        0.952500
34             0.963736                 0.955        0.952500
36             0.963736                 0.955        0.952500
38             0.963736                 0.955        0.952500
40             0.963736                 0.955        0.952500
42             0.963736                 0.955        0.952500
44             0.963736                 0.955        0.952500
46             0.963736                 0.955        0.952500
48             0.963736                 0.955        0.952500
50             0.963736                 0.955        0.952500
52             0.963736                 0.955        0.952500
54             0.963736                 0.955        0.952500
56             0.963736                 0.955        0.952500
58             0.963736                 0.955        0.952500
22             0.963736                 0.955        0.952500
30             0.963736                 0.955        0.952500
2              0.963736                 0.955        0.952500
18             0.963736                 0.955        0.952500
10             0.963736                 0.955        0.952500
8              0.963736                 0.955        0.952500
16             0.963736                 0.955        0.952500
4              0.963736                 0.955        0.952500
12             0.963736                 0.955        0.952500
14             0.963736                 0.955        0.952500
6              0.963736                 0.955        0.952500
21             0.851648                 0.900        0.733333
41             0.881868                 0.900        0.787500
31             0.881868                 0.900        0.787500
51             0.881868                 0.900        0.787500
7              0.731868                 0.000        0.500000
47             0.731868                 0.000        0.500000
5              0.731868                 0.000        0.500000
49             0.731868                 0.000        0.500000
9              0.731868                 0.000        0.500000
53             0.731868                 0.000        0.500000
55             0.731868                 0.000        0.500000
3              0.731868                 0.000        0.500000
57             0.731868                 0.000        0.500000
45             0.731868                 0.000        0.500000
11             0.731868                 0.000        0.500000
43             0.731868                 0.000        0.500000
19             0.731868                 0.000        0.500000
39             0.731868                 0.000        0.500000
37             0.731868                 0.000        0.500000
13             0.731868                 0.000        0.500000
35             0.731868                 0.000        0.500000
33             0.731868                 0.000        0.500000
15             0.731868                 0.000        0.500000
1              0.731868                 0.000        0.500000
29             0.731868                 0.000        0.500000
27             0.731868                 0.000        0.500000
17             0.731868                 0.000        0.500000
25             0.731868                 0.000        0.500000
23             0.731868                 0.000        0.500000
59             0.731868                 0.000        0.500000
2023-05-29 00:20:40,314 [INFO] Best model :
SVC(C=0.01, gamma=0.01, kernel='linear', random_state=42)
2023-05-29 00:20:40,321 [INFO] Save train_prediction_log data...
2023-05-29 00:20:40,327 [INFO] {'Data': 'train', 'ACC': '1.0 (134 / 134)', 'TP': 36, 'FP': 0, 'FN': 0, 'TN': 98, 'Precision': '1.0 (36 / 36 + 0)', 'Recall': '1.0 (36 / 36 + 0)', 'F1': '1.0 (2 * (1.0 * 1.0) / 1.0 + 1.0)', 'Specificity': '1.0 (98 / 98 + 0)', 'AUC': 1.0, 'r2': 1.0}
2023-05-29 00:20:40,334 [INFO] Save valid_prediction_log data...
2023-05-29 00:20:40,337 [INFO] {'Data': 'valid', 'ACC': '1.0 (41 / 41)', 'TP': 16, 'FP': 0, 'FN': 0, 'TN': 25, 'Precision': '1.0 (16 / 16 + 0)', 'Recall': '1.0 (16 / 16 + 0)', 'F1': '1.0 (2 * (1.0 * 1.0) / 1.0 + 1.0)', 'Specificity': '1.0 (25 / 25 + 0)', 'AUC': 1.0, 'r2': 1.0}
2023-05-29 00:20:40,355 [INFO] Save test_prediction_log data...
2023-05-29 00:20:40,360 [INFO] {'Data': 'test', 'ACC': '0.56 (23 / 41)', 'TP': 7, 'FP': 9, 'FN': 9, 'TN': 16, 'Precision': '0.44 (7 / 7 + 9)', 'Recall': '0.44 (7 / 7 + 9)', 'F1': '0.44 (2 * (0.44 * 0.44) / 0.44 + 0.44)', 'Specificity': '0.64 (16 / 16 + 9)', 'AUC': 0.54, 'r2': -0.84}
2023-05-29 00:20:40,363 [INFO] Save training_log data...
2023-05-29 00:20:40,366 [INFO] Save score_log data...
2023-05-29 00:20:40,367 [INFO] Time : 4.3944385051727295
