2023-05-30 11:02:59,615 [INFO] Train data : Baseline_noscale\DUD-E\WEE1\ECFP6_256bits\WEE1_raw_train.tsv
2023-05-30 11:02:59,615 [INFO] Valid data : Baseline_noscale\DUD-E\WEE1\ECFP6_256bits\WEE1_raw_valid.tsv
2023-05-30 11:02:59,615 [INFO] Output path : Baseline_noscale\DUD-E\WEE1\ECFP6_256bits\WEE1_model\MLP
2023-05-30 11:02:59,615 [INFO] Model type : MLP
2023-05-30 11:02:59,615 [INFO] Use cores : 12
2023-05-30 11:02:59,624 [INFO] Start Learning model
2023-05-30 11:02:59,624 [INFO] Train : 101 | Valid : 25
2023-05-30 11:02:59,624 [INFO] Set parameters : {'hidden_layer_sizes': [(50,), (100,), (50, 50), (100, 100)], 'learning_rate': ['constant', 'invscaling', 'adaptive'], 'activation': ['relu', 'identity', 'logistic', 'tanh'], 'solver': ['adam', 'sgd', 'lbfgs'], 'alpha': [0.1, 0.01, 0.001], 'max_iter': [500, 1000], 'early_stopping': [True]}
2023-05-30 11:03:48,474 [INFO] GridSearchCV results :
     mean_valid_accuracy  mean_valid_precision  mean_valid_auc
863             1.000000                   1.0        1.000000
194             1.000000                   1.0        1.000000
287             1.000000                   1.0        1.000000
605             1.000000                   1.0        1.000000
284             1.000000                   1.0        1.000000
..                   ...                   ...             ...
628             0.603636                   0.0        0.500000
562             0.593636                   0.0        0.491667
627             0.603636                   0.0        0.500000
561             0.603636                   0.0        0.500000
573             0.603636                   0.0        0.500000

[864 rows x 3 columns]
2023-05-30 11:03:48,475 [INFO] Best model :
MLPClassifier(alpha=0.1, early_stopping=True, hidden_layer_sizes=(50,),
              max_iter=500, random_state=42, solver='lbfgs')
2023-05-30 11:03:48,478 [INFO] Save train_prediction_log data...
2023-05-30 11:03:48,481 [INFO] {'Data': 'train', 'ACC': '1.0 (101 / 101)', 'TP': 40, 'FP': 0, 'FN': 0, 'TN': 61, 'Precision': '1.0 (40 / 40 + 0)', 'Recall': '1.0 (40 / 40 + 0)', 'F1': '1.0 (2 * (1.0 * 1.0) / 1.0 + 1.0)', 'Specificity': '1.0 (61 / 61 + 0)', 'AUC': 1.0, 'r2': 1.0}
2023-05-30 11:03:48,484 [INFO] Save valid_prediction_log data...
2023-05-30 11:03:48,485 [INFO] {'Data': 'valid', 'ACC': '1.0 (25 / 25)', 'TP': 10, 'FP': 0, 'FN': 0, 'TN': 15, 'Precision': '1.0 (10 / 10 + 0)', 'Recall': '1.0 (10 / 10 + 0)', 'F1': '1.0 (2 * (1.0 * 1.0) / 1.0 + 1.0)', 'Specificity': '1.0 (15 / 15 + 0)', 'AUC': 1.0, 'r2': 1.0}
2023-05-30 11:03:48,492 [INFO] Save test_prediction_log data...
2023-05-30 11:03:48,493 [INFO] {'Data': 'test', 'ACC': '0.72 (18 / 25)', 'TP': 4, 'FP': 1, 'FN': 6, 'TN': 14, 'Precision': '0.8 (4 / 4 + 1)', 'Recall': '0.4 (4 / 4 + 6)', 'F1': '0.53 (2 * (0.4 * 0.8) / 0.4 + 0.8)', 'Specificity': '0.93 (14 / 14 + 1)', 'AUC': 0.67, 'r2': -0.17}
2023-05-30 11:03:48,495 [INFO] Save training_log data...
2023-05-30 11:03:48,499 [INFO] Save score_log data...
2023-05-30 11:03:48,499 [INFO] Time : 48.88432025909424
