2023-05-28 08:14:41,905 [INFO] Train data : Vary_params_CDK2_EGFR_LCK\DUD-E\EGFR\nG1_20\ECFP4_512bits\Robust\EGFR_train_vector.tsv
2023-05-28 08:14:41,905 [INFO] Valid data : Vary_params_CDK2_EGFR_LCK\DUD-E\EGFR\nG1_20\ECFP4_512bits\Robust\EGFR_valid_vector.tsv
2023-05-28 08:14:41,905 [INFO] Output path : Vary_params_CDK2_EGFR_LCK\DUD-E\EGFR\nG1_20\ECFP4_512bits\Robust\EGFR_model\RF
2023-05-28 08:14:41,905 [INFO] Model type : RF
2023-05-28 08:14:41,905 [INFO] Use cores : 19
2023-05-28 08:14:41,940 [INFO] Start Learning model
2023-05-28 08:14:41,940 [INFO] Train : 900 | Valid : 218
2023-05-28 08:14:41,940 [INFO] Set parameters : {'max_depth': [6, 8, 10, 12], 'max_features': ['sqrt', 'log2'], 'min_samples_leaf': [2, 4, 8, 10], 'min_samples_split': [2, 4, 8, 10], 'n_estimators': [200, 600, 1000]}
2023-05-28 08:18:24,189 [INFO] GridSearchCV results :
     mean_valid_accuracy  mean_valid_precision  mean_valid_auc
145             0.948889              1.000000        0.939260
339             0.956667              1.000000        0.948542
349             0.948889              1.000000        0.939260
337             0.955556              1.000000        0.947191
336             0.956667              1.000000        0.948542
..                   ...                   ...             ...
180             0.938889              0.991032        0.928428
135             0.942222              0.988692        0.932765
141             0.942222              0.988692        0.932765
138             0.942222              0.988692        0.932765
132             0.942222              0.988692        0.932765

[384 rows x 3 columns]
2023-05-28 08:18:24,190 [INFO] Best model :
RandomForestClassifier(class_weight='balanced', max_depth=6,
                       max_features='log2', min_samples_leaf=2,
                       n_estimators=600, random_state=42)
2023-05-28 08:18:24,235 [INFO] Save train_prediction_log data...
2023-05-28 08:18:24,238 [INFO] {'Data': 'train', 'ACC': '0.96 (863 / 900)', 'TP': 341, 'FP': 0, 'FN': 37, 'TN': 522, 'Precision': '1.0 (341 / 341 + 0)', 'Recall': '0.9 (341 / 341 + 37)', 'F1': '0.95 (2 * (0.9 * 1.0) / 0.9 + 1.0)', 'Specificity': '1.0 (522 / 522 + 0)', 'AUC': 0.95, 'r2': 0.83}
2023-05-28 08:18:24,265 [INFO] Save valid_prediction_log data...
2023-05-28 08:18:24,267 [INFO] {'Data': 'valid', 'ACC': '0.97 (211 / 218)', 'TP': 80, 'FP': 0, 'FN': 7, 'TN': 131, 'Precision': '1.0 (80 / 80 + 0)', 'Recall': '0.92 (80 / 80 + 7)', 'F1': '0.96 (2 * (0.92 * 1.0) / 0.92 + 1.0)', 'Specificity': '1.0 (131 / 131 + 0)', 'AUC': 0.96, 'r2': 0.87}
2023-05-28 08:18:24,305 [INFO] Save test_prediction_log data...
2023-05-28 08:18:24,307 [INFO] {'Data': 'test', 'ACC': '0.67 (147 / 218)', 'TP': 38, 'FP': 22, 'FN': 49, 'TN': 109, 'Precision': '0.63 (38 / 38 + 22)', 'Recall': '0.44 (38 / 38 + 49)', 'F1': '0.52 (2 * (0.44 * 0.63) / 0.44 + 0.63)', 'Specificity': '0.83 (109 / 109 + 22)', 'AUC': 0.63, 'r2': -0.36}
2023-05-28 08:18:24,394 [INFO] Save training_log data...
2023-05-28 08:18:24,398 [INFO] Save score_log data...
2023-05-28 08:18:24,399 [INFO] Time : 222.49426913261414
