2023-05-26 22:25:06,256 [INFO] Train data : Vary_params\DUD-E\AKT1\nG1_50\ECFP4_512bits\Standard\AKT1_train_vector.tsv
2023-05-26 22:25:06,256 [INFO] Valid data : Vary_params\DUD-E\AKT1\nG1_50\ECFP4_512bits\Standard\AKT1_valid_vector.tsv
2023-05-26 22:25:06,256 [INFO] Output path : Vary_params\DUD-E\AKT1\nG1_50\ECFP4_512bits\Standard\AKT1_model\SVM
2023-05-26 22:25:06,256 [INFO] Model type : SVM
2023-05-26 22:25:06,257 [INFO] Use cores : 11
2023-05-26 22:25:06,347 [INFO] Start Learning model
2023-05-26 22:25:06,347 [INFO] Train : 481 | Valid : 120
2023-05-26 22:25:06,347 [INFO] Set parameters : {'kernel': ['linear', 'rbf'], 'C': [0.01, 0.1, 1, 10, 100, 1000], 'gamma': [0.01, 0.1, 1, 100, 1000]}
2023-05-26 22:25:12,992 [INFO] GridSearchCV results :
    mean_valid_accuracy  mean_valid_precision  mean_valid_auc
21             0.734056                 1.000        0.667368
41             0.765306                 1.000        0.706579
31             0.765306                 1.000        0.706579
51             0.765306                 1.000        0.706579
26             0.995876                 0.995        0.995776
28             0.995876                 0.995        0.995776
32             0.995876                 0.995        0.995776
34             0.995876                 0.995        0.995776
36             0.995876                 0.995        0.995776
38             0.995876                 0.995        0.995776
40             0.995876                 0.995        0.995776
0              0.995876                 0.995        0.995776
24             0.995876                 0.995        0.995776
44             0.995876                 0.995        0.995776
46             0.995876                 0.995        0.995776
48             0.995876                 0.995        0.995776
50             0.995876                 0.995        0.995776
52             0.995876                 0.995        0.995776
54             0.995876                 0.995        0.995776
56             0.995876                 0.995        0.995776
58             0.995876                 0.995        0.995776
42             0.995876                 0.995        0.995776
30             0.995876                 0.995        0.995776
12             0.995876                 0.995        0.995776
2              0.995876                 0.995        0.995776
20             0.995876                 0.995        0.995776
22             0.995876                 0.995        0.995776
4              0.995876                 0.995        0.995776
18             0.995876                 0.995        0.995776
8              0.995876                 0.995        0.995776
10             0.995876                 0.995        0.995776
16             0.995876                 0.995        0.995776
6              0.995876                 0.995        0.995776
14             0.995876                 0.995        0.995776
49             0.600850                 0.000        0.500000
9              0.600850                 0.000        0.500000
47             0.600850                 0.000        0.500000
5              0.600850                 0.000        0.500000
7              0.600850                 0.000        0.500000
53             0.600850                 0.000        0.500000
55             0.600850                 0.000        0.500000
3              0.600850                 0.000        0.500000
57             0.600850                 0.000        0.500000
45             0.600850                 0.000        0.500000
23             0.600850                 0.000        0.500000
43             0.600850                 0.000        0.500000
11             0.600850                 0.000        0.500000
13             0.600850                 0.000        0.500000
39             0.600850                 0.000        0.500000
37             0.600850                 0.000        0.500000
15             0.600850                 0.000        0.500000
35             0.600850                 0.000        0.500000
33             0.600850                 0.000        0.500000
17             0.600850                 0.000        0.500000
1              0.600850                 0.000        0.500000
29             0.600850                 0.000        0.500000
19             0.600850                 0.000        0.500000
27             0.600850                 0.000        0.500000
25             0.600850                 0.000        0.500000
59             0.600850                 0.000        0.500000
2023-05-26 22:25:12,996 [INFO] Best model :
SVC(C=1, gamma=0.01, random_state=42)
2023-05-26 22:25:13,053 [INFO] Save train_prediction_log data...
2023-05-26 22:25:13,059 [INFO] {'Data': 'train', 'ACC': '1.0 (481 / 481)', 'TP': 192, 'FP': 0, 'FN': 0, 'TN': 289, 'Precision': '1.0 (192 / 192 + 0)', 'Recall': '1.0 (192 / 192 + 0)', 'F1': '1.0 (2 * (1.0 * 1.0) / 1.0 + 1.0)', 'Specificity': '1.0 (289 / 289 + 0)', 'AUC': 1.0, 'r2': 1.0}
2023-05-26 22:25:13,077 [INFO] Save valid_prediction_log data...
2023-05-26 22:25:13,080 [INFO] {'Data': 'valid', 'ACC': '0.81 (97 / 120)', 'TP': 25, 'FP': 0, 'FN': 23, 'TN': 72, 'Precision': '1.0 (25 / 25 + 0)', 'Recall': '0.52 (25 / 25 + 23)', 'F1': '0.68 (2 * (0.52 * 1.0) / 0.52 + 1.0)', 'Specificity': '1.0 (72 / 72 + 0)', 'AUC': 0.76, 'r2': 0.2}
2023-05-26 22:25:13,116 [INFO] Save test_prediction_log data...
2023-05-26 22:25:13,119 [INFO] {'Data': 'test', 'ACC': '0.65 (78 / 120)', 'TP': 7, 'FP': 1, 'FN': 41, 'TN': 71, 'Precision': '0.88 (7 / 7 + 1)', 'Recall': '0.15 (7 / 7 + 41)', 'F1': '0.26 (2 * (0.15 * 0.88) / 0.15 + 0.88)', 'Specificity': '0.99 (71 / 71 + 1)', 'AUC': 0.57, 'r2': -0.46}
2023-05-26 22:25:13,123 [INFO] Save training_log data...
2023-05-26 22:25:13,125 [INFO] Save score_log data...
2023-05-26 22:25:13,125 [INFO] Time : 6.868312835693359
