2023-05-28 01:49:44,743 [INFO] Train data : Vary_params\DUD-E\WEE1\nG1_20\ECFP4_256bits\Robust\WEE1_train_vector.tsv
2023-05-28 01:49:44,743 [INFO] Valid data : Vary_params\DUD-E\WEE1\nG1_20\ECFP4_256bits\Robust\WEE1_valid_vector.tsv
2023-05-28 01:49:44,743 [INFO] Output path : Vary_params\DUD-E\WEE1\nG1_20\ECFP4_256bits\Robust\WEE1_model\SVM
2023-05-28 01:49:44,743 [INFO] Model type : SVM
2023-05-28 01:49:44,743 [INFO] Use cores : 10
2023-05-28 01:49:44,763 [INFO] Start Learning model
2023-05-28 01:49:44,763 [INFO] Train : 131 | Valid : 25
2023-05-28 01:49:44,763 [INFO] Set parameters : {'kernel': ['linear', 'rbf'], 'C': [0.01, 0.1, 1, 10, 100, 1000], 'gamma': [0.01, 0.1, 1, 100, 1000]}
2023-05-28 01:49:51,640 [INFO] GridSearchCV results :
    mean_valid_accuracy  mean_valid_precision  mean_valid_auc
0              0.984615              0.977778        0.983333
20             0.984615              0.977778        0.983333
24             0.984615              0.977778        0.983333
26             0.984615              0.977778        0.983333
28             0.984615              0.977778        0.983333
32             0.984615              0.977778        0.983333
34             0.984615              0.977778        0.983333
36             0.984615              0.977778        0.983333
38             0.984615              0.977778        0.983333
40             0.984615              0.977778        0.983333
42             0.984615              0.977778        0.983333
44             0.984615              0.977778        0.983333
46             0.984615              0.977778        0.983333
48             0.984615              0.977778        0.983333
50             0.984615              0.977778        0.983333
52             0.984615              0.977778        0.983333
54             0.984615              0.977778        0.983333
56             0.984615              0.977778        0.983333
58             0.984615              0.977778        0.983333
22             0.984615              0.977778        0.983333
30             0.984615              0.977778        0.983333
10             0.984615              0.977778        0.983333
2              0.984615              0.977778        0.983333
18             0.984615              0.977778        0.983333
8              0.984615              0.977778        0.983333
16             0.984615              0.977778        0.983333
4              0.984615              0.977778        0.983333
12             0.984615              0.977778        0.983333
6              0.984615              0.977778        0.983333
14             0.984615              0.977778        0.983333
49             0.534615              0.534615        0.500000
9              0.534615              0.534615        0.500000
45             0.534615              0.534615        0.500000
47             0.534615              0.534615        0.500000
7              0.534615              0.534615        0.500000
21             0.534615              0.534615        0.500000
43             0.534615              0.534615        0.500000
5              0.534615              0.534615        0.500000
53             0.534615              0.534615        0.500000
55             0.534615              0.534615        0.500000
3              0.534615              0.534615        0.500000
57             0.534615              0.534615        0.500000
51             0.534615              0.534615        0.500000
11             0.534615              0.534615        0.500000
41             0.534615              0.534615        0.500000
19             0.534615              0.534615        0.500000
39             0.534615              0.534615        0.500000
37             0.534615              0.534615        0.500000
13             0.534615              0.534615        0.500000
35             0.534615              0.534615        0.500000
33             0.534615              0.534615        0.500000
15             0.534615              0.534615        0.500000
31             0.534615              0.534615        0.500000
1              0.534615              0.534615        0.500000
29             0.534615              0.534615        0.500000
27             0.534615              0.534615        0.500000
17             0.534615              0.534615        0.500000
25             0.534615              0.534615        0.500000
23             0.534615              0.534615        0.500000
59             0.534615              0.534615        0.500000
2023-05-28 01:49:51,643 [INFO] Best model :
SVC(C=0.01, gamma=0.01, kernel='linear', random_state=42)
2023-05-28 01:49:51,651 [INFO] Save train_prediction_log data...
2023-05-28 01:49:51,656 [INFO] {'Data': 'train', 'ACC': '1.0 (131 / 131)', 'TP': 70, 'FP': 0, 'FN': 0, 'TN': 61, 'Precision': '1.0 (70 / 70 + 0)', 'Recall': '1.0 (70 / 70 + 0)', 'F1': '1.0 (2 * (1.0 * 1.0) / 1.0 + 1.0)', 'Specificity': '1.0 (61 / 61 + 0)', 'AUC': 1.0, 'r2': 1.0}
2023-05-28 01:49:51,660 [INFO] Save valid_prediction_log data...
2023-05-28 01:49:51,663 [INFO] {'Data': 'valid', 'ACC': '0.96 (24 / 25)', 'TP': 10, 'FP': 1, 'FN': 0, 'TN': 14, 'Precision': '0.91 (10 / 10 + 1)', 'Recall': '1.0 (10 / 10 + 0)', 'F1': '0.95 (2 * (1.0 * 0.91) / 1.0 + 0.91)', 'Specificity': '0.93 (14 / 14 + 1)', 'AUC': 0.97, 'r2': 0.83}
2023-05-28 01:49:51,677 [INFO] Save test_prediction_log data...
2023-05-28 01:49:51,679 [INFO] {'Data': 'test', 'ACC': '0.76 (19 / 25)', 'TP': 5, 'FP': 1, 'FN': 5, 'TN': 14, 'Precision': '0.83 (5 / 5 + 1)', 'Recall': '0.5 (5 / 5 + 5)', 'F1': '0.62 (2 * (0.5 * 0.83) / 0.5 + 0.83)', 'Specificity': '0.93 (14 / 14 + 1)', 'AUC': 0.72, 'r2': 0.0}
2023-05-28 01:49:51,683 [INFO] Save training_log data...
2023-05-28 01:49:51,685 [INFO] Save score_log data...
2023-05-28 01:49:51,686 [INFO] Time : 6.943026542663574
