2023-05-28 08:42:01,229 [INFO] Train data : Vary_params_A\DUD-E\MK10\nG1_20\ECFP6_512bits\Robust\MK10_train_vector.tsv
2023-05-28 08:42:01,230 [INFO] Valid data : Vary_params_A\DUD-E\MK10\nG1_20\ECFP6_512bits\Robust\MK10_valid_vector.tsv
2023-05-28 08:42:01,230 [INFO] Output path : Vary_params_A\DUD-E\MK10\nG1_20\ECFP6_512bits\Robust\MK10_model\XGB
2023-05-28 08:42:01,230 [INFO] Model type : XGB
2023-05-28 08:42:01,230 [INFO] Use cores : 3
2023-05-28 08:42:01,265 [INFO] Start Learning model
2023-05-28 08:42:01,265 [INFO] Train : 134 | Valid : 26
2023-05-28 08:42:01,266 [INFO] Set parameters : {'max_depth': [4, 6, 8], 'learning_rate': [0.01, 0.2], 'n_estimators': [200, 600, 1000], 'gamma': [0, 1000], 'min_child_weight': [1, 3], 'subsample': [0.5, 1], 'colsample_bytree': [0.5, 1], 'objective': ['binary:logitraw'], 'eval_metric': ['auc', 'error']}
2023-05-28 09:19:25,553 [INFO] GridSearchCV results :
     mean_valid_accuracy  mean_valid_precision  mean_valid_auc
174             0.858791              0.969048        0.867262
18              0.858791              0.969048        0.867262
30              0.858791              0.969048        0.867262
150             0.858791              0.969048        0.867262
6               0.858791              0.969048        0.867262
..                   ...                   ...             ...
271             0.462637              0.000000        0.500000
270             0.462637              0.000000        0.500000
269             0.462637              0.000000        0.500000
268             0.462637              0.000000        0.500000
575             0.462637              0.000000        0.500000

[576 rows x 3 columns]
2023-05-28 09:19:25,555 [INFO] Best model :
XGBClassifier(base_score=None, booster=None, callbacks=None,
              colsample_bylevel=None, colsample_bynode=None,
              colsample_bytree=0.5, early_stopping_rounds=None,
              enable_categorical=False, eval_metric='auc', feature_types=None,
              gamma=0, gpu_id=None, grow_policy=None, importance_type=None,
              interaction_constraints=None, learning_rate=0.01, max_bin=None,
              max_cat_threshold=None, max_cat_to_onehot=None,
              max_delta_step=None, max_depth=4, max_leaves=None,
              min_child_weight=3, missing=nan, monotone_constraints=None,
              n_estimators=200, n_jobs=0, num_parallel_tree=None,
              objective='binary:logitraw', predictor=None, ...)
2023-05-28 09:19:25,572 [INFO] Save train_prediction_log data...
2023-05-28 09:19:25,577 [INFO] {'Data': 'train', 'ACC': '0.87 (117 / 134)', 'TP': 57, 'FP': 2, 'FN': 15, 'TN': 60, 'Precision': '0.97 (57 / 57 + 2)', 'Recall': '0.79 (57 / 57 + 15)', 'F1': '0.87 (2 * (0.79 * 0.97) / 0.79 + 0.97)', 'Specificity': '0.97 (60 / 60 + 2)', 'AUC': 0.88, 'r2': 0.49}
2023-05-28 09:19:25,592 [INFO] Save valid_prediction_log data...
2023-05-28 09:19:25,595 [INFO] {'Data': 'valid', 'ACC': '0.96 (25 / 26)', 'TP': 10, 'FP': 1, 'FN': 0, 'TN': 15, 'Precision': '0.91 (10 / 10 + 1)', 'Recall': '1.0 (10 / 10 + 0)', 'F1': '0.95 (2 * (1.0 * 0.91) / 1.0 + 0.91)', 'Specificity': '0.94 (15 / 15 + 1)', 'AUC': 0.97, 'r2': 0.84}
2023-05-28 09:19:25,628 [INFO] Save test_prediction_log data...
2023-05-28 09:19:25,631 [INFO] {'Data': 'test', 'ACC': '0.54 (14 / 26)', 'TP': 3, 'FP': 5, 'FN': 7, 'TN': 11, 'Precision': '0.38 (3 / 3 + 5)', 'Recall': '0.3 (3 / 3 + 7)', 'F1': '0.34 (2 * (0.3 * 0.38) / 0.3 + 0.38)', 'Specificity': '0.69 (11 / 11 + 5)', 'AUC': 0.49, 'r2': -0.95}
2023-05-28 09:19:25,636 [INFO] Save training_log data...
2023-05-28 09:19:31,296 [INFO] Save score_log data...
2023-05-28 09:19:31,299 [INFO] Time : 2250.070316553116
