2023-05-28 04:31:29,004 [INFO] Train data : Vary_params\DUD-E\CSF1R\nG1_50\ECFP4_256bits\Robust\CSF1R_train_vector.tsv
2023-05-28 04:31:29,004 [INFO] Valid data : Vary_params\DUD-E\CSF1R\nG1_50\ECFP4_256bits\Robust\CSF1R_valid_vector.tsv
2023-05-28 04:31:29,004 [INFO] Output path : Vary_params\DUD-E\CSF1R\nG1_50\ECFP4_256bits\Robust\CSF1R_model\SVM
2023-05-28 04:31:29,006 [INFO] Model type : SVM
2023-05-28 04:31:29,006 [INFO] Use cores : 11
2023-05-28 04:31:29,020 [INFO] Start Learning model
2023-05-28 04:31:29,021 [INFO] Train : 186 | Valid : 47
2023-05-28 04:31:29,021 [INFO] Set parameters : {'kernel': ['linear', 'rbf'], 'C': [0.01, 0.1, 1, 10, 100, 1000], 'gamma': [0.01, 0.1, 1, 100, 1000]}
2023-05-28 04:31:32,376 [INFO] GridSearchCV results :
    mean_valid_accuracy  mean_valid_precision  mean_valid_auc
0              0.871345              0.836291        0.871943
20             0.871345              0.836291        0.871943
24             0.871345              0.836291        0.871943
26             0.871345              0.836291        0.871943
28             0.871345              0.836291        0.871943
32             0.871345              0.836291        0.871943
34             0.871345              0.836291        0.871943
36             0.871345              0.836291        0.871943
38             0.871345              0.836291        0.871943
40             0.871345              0.836291        0.871943
42             0.871345              0.836291        0.871943
44             0.871345              0.836291        0.871943
46             0.871345              0.836291        0.871943
48             0.871345              0.836291        0.871943
50             0.871345              0.836291        0.871943
52             0.871345              0.836291        0.871943
54             0.871345              0.836291        0.871943
56             0.871345              0.836291        0.871943
58             0.871345              0.836291        0.871943
22             0.871345              0.836291        0.871943
30             0.871345              0.836291        0.871943
10             0.871345              0.836291        0.871943
2              0.871345              0.836291        0.871943
18             0.871345              0.836291        0.871943
8              0.871345              0.836291        0.871943
16             0.871345              0.836291        0.871943
4              0.871345              0.836291        0.871943
12             0.871345              0.836291        0.871943
6              0.871345              0.836291        0.871943
14             0.871345              0.836291        0.871943
49             0.602339              0.000000        0.500000
9              0.602339              0.000000        0.500000
45             0.602339              0.000000        0.500000
47             0.602339              0.000000        0.500000
7              0.602339              0.000000        0.500000
21             0.602339              0.000000        0.500000
43             0.602339              0.000000        0.500000
5              0.602339              0.000000        0.500000
53             0.602339              0.000000        0.500000
55             0.602339              0.000000        0.500000
3              0.602339              0.000000        0.500000
57             0.602339              0.000000        0.500000
51             0.602339              0.000000        0.500000
11             0.602339              0.000000        0.500000
41             0.602339              0.000000        0.500000
19             0.602339              0.000000        0.500000
39             0.602339              0.000000        0.500000
37             0.602339              0.000000        0.500000
13             0.602339              0.000000        0.500000
35             0.602339              0.000000        0.500000
33             0.602339              0.000000        0.500000
15             0.602339              0.000000        0.500000
31             0.602339              0.000000        0.500000
1              0.602339              0.000000        0.500000
29             0.602339              0.000000        0.500000
27             0.602339              0.000000        0.500000
17             0.602339              0.000000        0.500000
25             0.602339              0.000000        0.500000
23             0.602339              0.000000        0.500000
59             0.602339              0.000000        0.500000
2023-05-28 04:31:32,385 [INFO] Best model :
SVC(C=0.01, gamma=0.01, kernel='linear', random_state=42)
2023-05-28 04:31:32,390 [INFO] Save train_prediction_log data...
2023-05-28 04:31:32,393 [INFO] {'Data': 'train', 'ACC': '1.0 (186 / 186)', 'TP': 74, 'FP': 0, 'FN': 0, 'TN': 112, 'Precision': '1.0 (74 / 74 + 0)', 'Recall': '1.0 (74 / 74 + 0)', 'F1': '1.0 (2 * (1.0 * 1.0) / 1.0 + 1.0)', 'Specificity': '1.0 (112 / 112 + 0)', 'AUC': 1.0, 'r2': 1.0}
2023-05-28 04:31:32,410 [INFO] Save valid_prediction_log data...
2023-05-28 04:31:32,416 [INFO] {'Data': 'valid', 'ACC': '0.89 (42 / 47)', 'TP': 19, 'FP': 5, 'FN': 0, 'TN': 23, 'Precision': '0.79 (19 / 19 + 5)', 'Recall': '1.0 (19 / 19 + 0)', 'F1': '0.88 (2 * (1.0 * 0.79) / 1.0 + 0.79)', 'Specificity': '0.82 (23 / 23 + 5)', 'AUC': 0.91, 'r2': 0.56}
2023-05-28 04:31:32,438 [INFO] Save test_prediction_log data...
2023-05-28 04:31:32,443 [INFO] {'Data': 'test', 'ACC': '0.6 (28 / 47)', 'TP': 12, 'FP': 12, 'FN': 7, 'TN': 16, 'Precision': '0.5 (12 / 12 + 12)', 'Recall': '0.63 (12 / 12 + 7)', 'F1': '0.56 (2 * (0.63 * 0.5) / 0.63 + 0.5)', 'Specificity': '0.57 (16 / 16 + 12)', 'AUC': 0.6, 'r2': -0.68}
2023-05-28 04:31:32,447 [INFO] Save training_log data...
2023-05-28 04:31:32,448 [INFO] Save score_log data...
2023-05-28 04:31:32,449 [INFO] Time : 3.4447622299194336
