2023-05-29 14:49:45,318 [INFO] Train data : Vary_params_CDK2_EGFR_LCK\DUD-E\LCK\nG1_80\ECFP6_256bits\Robust\LCK_train_vector.tsv
2023-05-29 14:49:45,318 [INFO] Valid data : Vary_params_CDK2_EGFR_LCK\DUD-E\LCK\nG1_80\ECFP6_256bits\Robust\LCK_valid_vector.tsv
2023-05-29 14:49:45,318 [INFO] Output path : Vary_params_CDK2_EGFR_LCK\DUD-E\LCK\nG1_80\ECFP6_256bits\Robust\LCK_model\SVM
2023-05-29 14:49:45,318 [INFO] Model type : SVM
2023-05-29 14:49:45,318 [INFO] Use cores : 19
2023-05-29 14:49:45,353 [INFO] Start Learning model
2023-05-29 14:49:45,353 [INFO] Train : 706 | Valid : 185
2023-05-29 14:49:45,353 [INFO] Set parameters : {'kernel': ['linear', 'rbf'], 'C': [0.01, 0.1, 1, 10, 100, 1000], 'gamma': [0.01, 0.1, 1, 100, 1000]}
2023-05-29 14:49:49,537 [INFO] GridSearchCV results :
    mean_valid_accuracy  mean_valid_precision  mean_valid_auc
0              0.798893              0.714004        0.796436
20             0.798893              0.714004        0.796436
24             0.798893              0.714004        0.796436
26             0.798893              0.714004        0.796436
28             0.798893              0.714004        0.796436
32             0.798893              0.714004        0.796436
34             0.798893              0.714004        0.796436
36             0.798893              0.714004        0.796436
38             0.798893              0.714004        0.796436
40             0.798893              0.714004        0.796436
42             0.798893              0.714004        0.796436
44             0.798893              0.714004        0.796436
46             0.798893              0.714004        0.796436
48             0.798893              0.714004        0.796436
50             0.798893              0.714004        0.796436
52             0.798893              0.714004        0.796436
54             0.798893              0.714004        0.796436
56             0.798893              0.714004        0.796436
58             0.798893              0.714004        0.796436
22             0.798893              0.714004        0.796436
30             0.798893              0.714004        0.796436
10             0.798893              0.714004        0.796436
2              0.798893              0.714004        0.796436
18             0.798893              0.714004        0.796436
8              0.798893              0.714004        0.796436
16             0.798893              0.714004        0.796436
4              0.798893              0.714004        0.796436
12             0.798893              0.714004        0.796436
6              0.798893              0.714004        0.796436
14             0.798893              0.714004        0.796436
49             0.626076              0.000000        0.500000
9              0.626076              0.000000        0.500000
45             0.626076              0.000000        0.500000
47             0.626076              0.000000        0.500000
7              0.626076              0.000000        0.500000
21             0.626076              0.000000        0.500000
43             0.626076              0.000000        0.500000
5              0.626076              0.000000        0.500000
53             0.626076              0.000000        0.500000
55             0.626076              0.000000        0.500000
3              0.626076              0.000000        0.500000
57             0.626076              0.000000        0.500000
51             0.626076              0.000000        0.500000
11             0.626076              0.000000        0.500000
41             0.626076              0.000000        0.500000
19             0.626076              0.000000        0.500000
39             0.626076              0.000000        0.500000
37             0.626076              0.000000        0.500000
13             0.626076              0.000000        0.500000
35             0.626076              0.000000        0.500000
33             0.626076              0.000000        0.500000
15             0.626076              0.000000        0.500000
31             0.626076              0.000000        0.500000
1              0.626076              0.000000        0.500000
29             0.626076              0.000000        0.500000
27             0.626076              0.000000        0.500000
17             0.626076              0.000000        0.500000
25             0.626076              0.000000        0.500000
23             0.626076              0.000000        0.500000
59             0.626076              0.000000        0.500000
2023-05-29 14:49:49,538 [INFO] Best model :
SVC(C=0.01, gamma=0.01, kernel='linear', random_state=42)
2023-05-29 14:49:49,547 [INFO] Save train_prediction_log data...
2023-05-29 14:49:49,550 [INFO] {'Data': 'train', 'ACC': '1.0 (706 / 706)', 'TP': 264, 'FP': 0, 'FN': 0, 'TN': 442, 'Precision': '1.0 (264 / 264 + 0)', 'Recall': '1.0 (264 / 264 + 0)', 'F1': '1.0 (2 * (1.0 * 1.0) / 1.0 + 1.0)', 'Specificity': '1.0 (442 / 442 + 0)', 'AUC': 1.0, 'r2': 1.0}
2023-05-29 14:49:49,554 [INFO] Save valid_prediction_log data...
2023-05-29 14:49:49,556 [INFO] {'Data': 'valid', 'ACC': '0.83 (153 / 185)', 'TP': 66, 'FP': 24, 'FN': 8, 'TN': 87, 'Precision': '0.73 (66 / 66 + 24)', 'Recall': '0.89 (66 / 66 + 8)', 'F1': '0.8 (2 * (0.89 * 0.73) / 0.89 + 0.73)', 'Specificity': '0.78 (87 / 87 + 24)', 'AUC': 0.84, 'r2': 0.28}
2023-05-29 14:49:49,567 [INFO] Save test_prediction_log data...
2023-05-29 14:49:49,569 [INFO] {'Data': 'test', 'ACC': '0.64 (119 / 185)', 'TP': 40, 'FP': 32, 'FN': 34, 'TN': 79, 'Precision': '0.56 (40 / 40 + 32)', 'Recall': '0.54 (40 / 40 + 34)', 'F1': '0.55 (2 * (0.54 * 0.56) / 0.54 + 0.56)', 'Specificity': '0.71 (79 / 79 + 32)', 'AUC': 0.63, 'r2': -0.49}
2023-05-29 14:49:49,571 [INFO] Save training_log data...
2023-05-29 14:49:49,572 [INFO] Save score_log data...
2023-05-29 14:49:49,573 [INFO] Time : 4.2552666664123535
