2023-05-28 10:28:36,246 [INFO] Train data : AF_Baseline\DUD-E\MK10\ECFP4_256bits\Robust\MK10_train.tsv
2023-05-28 10:28:36,246 [INFO] Valid data : AF_Baseline\DUD-E\MK10\ECFP4_256bits\Robust\MK10_valid.tsv
2023-05-28 10:28:36,246 [INFO] Output path : AF_Baseline\DUD-E\MK10\ECFP4_256bits\Robust\MK10_model\SVM
2023-05-28 10:28:36,246 [INFO] Model type : SVM
2023-05-28 10:28:36,246 [INFO] Use cores : 12
2023-05-28 10:28:36,256 [INFO] Start Learning model
2023-05-28 10:28:36,256 [INFO] Train : 104 | Valid : 26
2023-05-28 10:28:36,256 [INFO] Set parameters : {'kernel': ['linear', 'rbf'], 'C': [0.01, 0.1, 1, 10, 100, 1000], 'gamma': [0.01, 0.1, 1, 100, 1000]}
2023-05-28 10:28:38,887 [INFO] GridSearchCV results :
    mean_valid_accuracy  mean_valid_precision  mean_valid_auc
21             0.932727              0.935000        0.932500
31             0.950909              0.926667        0.956667
51             0.950909              0.926667        0.956667
41             0.950909              0.926667        0.956667
0              0.912727              0.921667        0.907500
2              0.912727              0.921667        0.907500
4              0.912727              0.921667        0.907500
6              0.912727              0.921667        0.907500
8              0.912727              0.921667        0.907500
42             0.940909              0.906667        0.948333
32             0.940909              0.906667        0.948333
34             0.940909              0.906667        0.948333
36             0.940909              0.906667        0.948333
38             0.940909              0.906667        0.948333
40             0.940909              0.906667        0.948333
48             0.940909              0.906667        0.948333
44             0.940909              0.906667        0.948333
46             0.940909              0.906667        0.948333
26             0.940909              0.906667        0.948333
50             0.940909              0.906667        0.948333
52             0.940909              0.906667        0.948333
54             0.940909              0.906667        0.948333
56             0.940909              0.906667        0.948333
58             0.940909              0.906667        0.948333
28             0.940909              0.906667        0.948333
30             0.940909              0.906667        0.948333
12             0.940909              0.906667        0.948333
18             0.940909              0.906667        0.948333
24             0.940909              0.906667        0.948333
14             0.940909              0.906667        0.948333
10             0.940909              0.906667        0.948333
16             0.940909              0.906667        0.948333
22             0.940909              0.906667        0.948333
20             0.940909              0.906667        0.948333
53             0.812727              0.800000        0.772500
43             0.812727              0.800000        0.772500
33             0.812727              0.800000        0.772500
23             0.754545              0.800000        0.697500
47             0.596364              0.000000        0.500000
7              0.596364              0.000000        0.500000
5              0.596364              0.000000        0.500000
9              0.596364              0.000000        0.500000
57             0.596364              0.000000        0.500000
11             0.596364              0.000000        0.500000
3              0.596364              0.000000        0.500000
49             0.596364              0.000000        0.500000
55             0.596364              0.000000        0.500000
25             0.596364              0.000000        0.500000
13             0.596364              0.000000        0.500000
45             0.596364              0.000000        0.500000
27             0.596364              0.000000        0.500000
15             0.596364              0.000000        0.500000
17             0.596364              0.000000        0.500000
39             0.596364              0.000000        0.500000
37             0.596364              0.000000        0.500000
19             0.596364              0.000000        0.500000
35             0.596364              0.000000        0.500000
1              0.596364              0.000000        0.500000
29             0.596364              0.000000        0.500000
59             0.596364              0.000000        0.500000
2023-05-28 10:28:38,889 [INFO] Best model :
SVC(C=1, gamma=0.01, random_state=42)
2023-05-28 10:28:38,893 [INFO] Save train_prediction_log data...
2023-05-28 10:28:38,895 [INFO] {'Data': 'train', 'ACC': '0.99 (103 / 104)', 'TP': 41, 'FP': 0, 'FN': 1, 'TN': 62, 'Precision': '1.0 (41 / 41 + 0)', 'Recall': '0.98 (41 / 41 + 1)', 'F1': '0.99 (2 * (0.98 * 1.0) / 0.98 + 1.0)', 'Specificity': '1.0 (62 / 62 + 0)', 'AUC': 0.99, 'r2': 0.96}
2023-05-28 10:28:38,901 [INFO] Save valid_prediction_log data...
2023-05-28 10:28:38,902 [INFO] {'Data': 'valid', 'ACC': '1.0 (26 / 26)', 'TP': 10, 'FP': 0, 'FN': 0, 'TN': 16, 'Precision': '1.0 (10 / 10 + 0)', 'Recall': '1.0 (10 / 10 + 0)', 'F1': '1.0 (2 * (1.0 * 1.0) / 1.0 + 1.0)', 'Specificity': '1.0 (16 / 16 + 0)', 'AUC': 1.0, 'r2': 1.0}
2023-05-28 10:28:38,909 [INFO] Save test_prediction_log data...
2023-05-28 10:28:38,911 [INFO] {'Data': 'test', 'ACC': '0.62 (16 / 26)', 'TP': 3, 'FP': 3, 'FN': 7, 'TN': 13, 'Precision': '0.5 (3 / 3 + 3)', 'Recall': '0.3 (3 / 3 + 7)', 'F1': '0.37 (2 * (0.3 * 0.5) / 0.3 + 0.5)', 'Specificity': '0.81 (13 / 13 + 3)', 'AUC': 0.56, 'r2': -0.62}
2023-05-28 10:28:38,912 [INFO] Save training_log data...
2023-05-28 10:28:38,914 [INFO] Save score_log data...
2023-05-28 10:28:38,915 [INFO] Time : 2.6690354347229004
