2023-05-28 10:09:25,533 [INFO] Train data : Vary_params\DUD-E\CSF1R\nG1_80\ECFP4_512bits\Standard\CSF1R_train_vector.tsv
2023-05-28 10:09:25,533 [INFO] Valid data : Vary_params\DUD-E\CSF1R\nG1_80\ECFP4_512bits\Standard\CSF1R_valid_vector.tsv
2023-05-28 10:09:25,533 [INFO] Output path : Vary_params\DUD-E\CSF1R\nG1_80\ECFP4_512bits\Standard\CSF1R_model\XGB
2023-05-28 10:09:25,534 [INFO] Model type : XGB
2023-05-28 10:09:25,534 [INFO] Use cores : 11
2023-05-28 10:09:25,569 [INFO] Start Learning model
2023-05-28 10:09:25,570 [INFO] Train : 156 | Valid : 47
2023-05-28 10:09:25,570 [INFO] Set parameters : {'max_depth': [4, 6, 8], 'learning_rate': [0.01, 0.2], 'n_estimators': [200, 600, 1000], 'gamma': [0, 1000], 'min_child_weight': [1, 3], 'subsample': [0.5, 1], 'colsample_bytree': [0.5, 1], 'objective': ['binary:logitraw'], 'eval_metric': ['auc', 'error']}
2023-05-28 10:24:16,844 [INFO] GridSearchCV results :
     mean_valid_accuracy  mean_valid_precision  mean_valid_auc
38              0.968333                   1.0           0.945
170             0.955833                   1.0           0.925
182             0.968333                   1.0           0.945
180             0.962083                   1.0           0.935
26              0.955833                   1.0           0.925
..                   ...                   ...             ...
380             0.718333                   0.0           0.500
379             0.718333                   0.0           0.500
378             0.718333                   0.0           0.500
377             0.718333                   0.0           0.500
575             0.718333                   0.0           0.500

[576 rows x 3 columns]
2023-05-28 10:24:16,846 [INFO] Best model :
XGBClassifier(base_score=None, booster=None, callbacks=None,
              colsample_bylevel=None, colsample_bynode=None,
              colsample_bytree=0.5, early_stopping_rounds=None,
              enable_categorical=False, eval_metric='auc', feature_types=None,
              gamma=0, gpu_id=None, grow_policy=None, importance_type=None,
              interaction_constraints=None, learning_rate=0.01, max_bin=None,
              max_cat_threshold=None, max_cat_to_onehot=None,
              max_delta_step=None, max_depth=4, max_leaves=None,
              min_child_weight=1, missing=nan, monotone_constraints=None,
              n_estimators=600, n_jobs=0, num_parallel_tree=None,
              objective='binary:logitraw', predictor=None, ...)
2023-05-28 10:24:16,865 [INFO] Save train_prediction_log data...
2023-05-28 10:24:16,870 [INFO] {'Data': 'train', 'ACC': '1.0 (156 / 156)', 'TP': 44, 'FP': 0, 'FN': 0, 'TN': 112, 'Precision': '1.0 (44 / 44 + 0)', 'Recall': '1.0 (44 / 44 + 0)', 'F1': '1.0 (2 * (1.0 * 1.0) / 1.0 + 1.0)', 'Specificity': '1.0 (112 / 112 + 0)', 'AUC': 1.0, 'r2': 1.0}
2023-05-28 10:24:16,887 [INFO] Save valid_prediction_log data...
2023-05-28 10:24:16,890 [INFO] {'Data': 'valid', 'ACC': '1.0 (47 / 47)', 'TP': 19, 'FP': 0, 'FN': 0, 'TN': 28, 'Precision': '1.0 (19 / 19 + 0)', 'Recall': '1.0 (19 / 19 + 0)', 'F1': '1.0 (2 * (1.0 * 1.0) / 1.0 + 1.0)', 'Specificity': '1.0 (28 / 28 + 0)', 'AUC': 1.0, 'r2': 1.0}
2023-05-28 10:24:16,928 [INFO] Save test_prediction_log data...
2023-05-28 10:24:16,932 [INFO] {'Data': 'test', 'ACC': '0.7 (33 / 47)', 'TP': 11, 'FP': 6, 'FN': 8, 'TN': 22, 'Precision': '0.65 (11 / 11 + 6)', 'Recall': '0.58 (11 / 11 + 8)', 'F1': '0.61 (2 * (0.58 * 0.65) / 0.58 + 0.65)', 'Specificity': '0.79 (22 / 22 + 6)', 'AUC': 0.68, 'r2': -0.24}
2023-05-28 10:24:16,942 [INFO] Save training_log data...
2023-05-28 10:24:16,948 [INFO] Save score_log data...
2023-05-28 10:24:16,949 [INFO] Time : 891.4160749912262
