2023-05-26 16:03:29,389 [INFO] Train data : Vary_params\DUD-E\MAPK2\nG1_50\ECFP6_256bits\MinMax\MAPK2_train_vector.tsv
2023-05-26 16:03:29,389 [INFO] Valid data : Vary_params\DUD-E\MAPK2\nG1_50\ECFP6_256bits\MinMax\MAPK2_valid_vector.tsv
2023-05-26 16:03:29,389 [INFO] Output path : Vary_params\DUD-E\MAPK2\nG1_50\ECFP6_256bits\MinMax\MAPK2_model\SVM
2023-05-26 16:03:29,389 [INFO] Model type : SVM
2023-05-26 16:03:29,389 [INFO] Use cores : 10
2023-05-26 16:03:29,401 [INFO] Start Learning model
2023-05-26 16:03:29,401 [INFO] Train : 102 | Valid : 25
2023-05-26 16:03:29,401 [INFO] Set parameters : {'kernel': ['linear', 'rbf'], 'C': [0.01, 0.1, 1, 10, 100, 1000], 'gamma': [0.01, 0.1, 1, 100, 1000]}
2023-05-26 16:03:31,915 [INFO] GridSearchCV results :
    mean_valid_accuracy  mean_valid_precision  mean_valid_auc
0              0.940909              1.000000        0.927500
2              0.940909              1.000000        0.927500
4              0.940909              1.000000        0.927500
6              0.940909              1.000000        0.927500
21             0.940909              1.000000        0.927500
8              0.940909              1.000000        0.927500
31             0.941818              0.960000        0.935833
51             0.941818              0.960000        0.935833
41             0.941818              0.960000        0.935833
42             0.921818              0.926667        0.919167
32             0.921818              0.926667        0.919167
34             0.921818              0.926667        0.919167
36             0.921818              0.926667        0.919167
38             0.921818              0.926667        0.919167
40             0.921818              0.926667        0.919167
48             0.921818              0.926667        0.919167
44             0.921818              0.926667        0.919167
46             0.921818              0.926667        0.919167
26             0.921818              0.926667        0.919167
50             0.921818              0.926667        0.919167
52             0.921818              0.926667        0.919167
54             0.921818              0.926667        0.919167
56             0.921818              0.926667        0.919167
58             0.921818              0.926667        0.919167
28             0.921818              0.926667        0.919167
30             0.921818              0.926667        0.919167
12             0.921818              0.926667        0.919167
18             0.921818              0.926667        0.919167
24             0.921818              0.926667        0.919167
14             0.921818              0.926667        0.919167
10             0.921818              0.926667        0.919167
16             0.921818              0.926667        0.919167
22             0.921818              0.926667        0.919167
20             0.921818              0.926667        0.919167
53             0.746364              0.900000        0.685000
43             0.746364              0.900000        0.685000
33             0.746364              0.900000        0.685000
23             0.687273              0.700000        0.612500
47             0.598182              0.000000        0.500000
7              0.598182              0.000000        0.500000
5              0.598182              0.000000        0.500000
9              0.598182              0.000000        0.500000
57             0.598182              0.000000        0.500000
11             0.598182              0.000000        0.500000
3              0.598182              0.000000        0.500000
49             0.598182              0.000000        0.500000
55             0.598182              0.000000        0.500000
25             0.598182              0.000000        0.500000
13             0.598182              0.000000        0.500000
45             0.598182              0.000000        0.500000
27             0.598182              0.000000        0.500000
15             0.598182              0.000000        0.500000
17             0.598182              0.000000        0.500000
39             0.598182              0.000000        0.500000
37             0.598182              0.000000        0.500000
19             0.598182              0.000000        0.500000
35             0.598182              0.000000        0.500000
1              0.598182              0.000000        0.500000
29             0.598182              0.000000        0.500000
59             0.598182              0.000000        0.500000
2023-05-26 16:03:31,918 [INFO] Best model :
SVC(C=0.01, gamma=0.01, kernel='linear', random_state=42)
2023-05-26 16:03:31,922 [INFO] Save train_prediction_log data...
2023-05-26 16:03:31,925 [INFO] {'Data': 'train', 'ACC': '0.95 (97 / 102)', 'TP': 36, 'FP': 0, 'FN': 5, 'TN': 61, 'Precision': '1.0 (36 / 36 + 0)', 'Recall': '0.88 (36 / 36 + 5)', 'F1': '0.94 (2 * (0.88 * 1.0) / 0.88 + 1.0)', 'Specificity': '1.0 (61 / 61 + 0)', 'AUC': 0.94, 'r2': 0.8}
2023-05-26 16:03:31,928 [INFO] Save valid_prediction_log data...
2023-05-26 16:03:31,930 [INFO] {'Data': 'valid', 'ACC': '1.0 (25 / 25)', 'TP': 10, 'FP': 0, 'FN': 0, 'TN': 15, 'Precision': '1.0 (10 / 10 + 0)', 'Recall': '1.0 (10 / 10 + 0)', 'F1': '1.0 (2 * (1.0 * 1.0) / 1.0 + 1.0)', 'Specificity': '1.0 (15 / 15 + 0)', 'AUC': 1.0, 'r2': 1.0}
2023-05-26 16:03:31,938 [INFO] Save test_prediction_log data...
2023-05-26 16:03:31,940 [INFO] {'Data': 'test', 'ACC': '0.76 (19 / 25)', 'TP': 5, 'FP': 1, 'FN': 5, 'TN': 14, 'Precision': '0.83 (5 / 5 + 1)', 'Recall': '0.5 (5 / 5 + 5)', 'F1': '0.62 (2 * (0.5 * 0.83) / 0.5 + 0.83)', 'Specificity': '0.93 (14 / 14 + 1)', 'AUC': 0.72, 'r2': 0.0}
2023-05-26 16:03:31,942 [INFO] Save training_log data...
2023-05-26 16:03:31,943 [INFO] Save score_log data...
2023-05-26 16:03:31,944 [INFO] Time : 2.5557005405426025
