2023-05-28 20:10:49,094 [INFO] Train data : Vary_params_CDK2_EGFR_LCK\DUD-E\EGFR\nG1_80\ECFP4_256bits\MinMax\EGFR_train_vector.tsv
2023-05-28 20:10:49,094 [INFO] Valid data : Vary_params_CDK2_EGFR_LCK\DUD-E\EGFR\nG1_80\ECFP4_256bits\MinMax\EGFR_valid_vector.tsv
2023-05-28 20:10:49,094 [INFO] Output path : Vary_params_CDK2_EGFR_LCK\DUD-E\EGFR\nG1_80\ECFP4_256bits\MinMax\EGFR_model\MLP
2023-05-28 20:10:49,094 [INFO] Model type : MLP
2023-05-28 20:10:49,094 [INFO] Use cores : 19
2023-05-28 20:10:49,115 [INFO] Start Learning model
2023-05-28 20:10:49,115 [INFO] Train : 840 | Valid : 218
2023-05-28 20:10:49,116 [INFO] Set parameters : {'hidden_layer_sizes': [(50,), (100,), (50, 50), (100, 100)], 'learning_rate': ['constant', 'invscaling', 'adaptive'], 'activation': ['relu', 'identity', 'logistic', 'tanh'], 'solver': ['adam', 'sgd', 'lbfgs'], 'alpha': [0.1, 0.01, 0.001], 'max_iter': [500, 1000], 'early_stopping': [True]}
2023-05-28 20:13:56,005 [INFO] GridSearchCV results :
     mean_valid_accuracy  mean_valid_precision  mean_valid_auc
432             0.945238              0.996429        0.928424
516             0.945238              0.996429        0.928373
591             0.945238              0.996429        0.928373
588             0.945238              0.996429        0.928373
504             0.945238              0.996429        0.928373
..                   ...                   ...             ...
580             0.617857              0.000000        0.497115
490             0.621429              0.000000        0.500000
577             0.617857              0.000000        0.497115
499             0.621429              0.000000        0.500000
460             0.621429              0.000000        0.500000

[864 rows x 3 columns]
2023-05-28 20:13:56,006 [INFO] Best model :
MLPClassifier(activation='logistic', alpha=0.1, early_stopping=True,
              hidden_layer_sizes=(50,), max_iter=500, random_state=42)
2023-05-28 20:13:56,013 [INFO] Save train_prediction_log data...
2023-05-28 20:13:56,016 [INFO] {'Data': 'train', 'ACC': '0.95 (795 / 840)', 'TP': 274, 'FP': 1, 'FN': 44, 'TN': 521, 'Precision': '1.0 (274 / 274 + 1)', 'Recall': '0.86 (274 / 274 + 44)', 'F1': '0.92 (2 * (0.86 * 1.0) / 0.86 + 1.0)', 'Specificity': '1.0 (521 / 521 + 1)', 'AUC': 0.93, 'r2': 0.77}
2023-05-28 20:13:56,020 [INFO] Save valid_prediction_log data...
2023-05-28 20:13:56,022 [INFO] {'Data': 'valid', 'ACC': '0.93 (203 / 218)', 'TP': 72, 'FP': 0, 'FN': 15, 'TN': 131, 'Precision': '1.0 (72 / 72 + 0)', 'Recall': '0.83 (72 / 72 + 15)', 'F1': '0.91 (2 * (0.83 * 1.0) / 0.83 + 1.0)', 'Specificity': '1.0 (131 / 131 + 0)', 'AUC': 0.91, 'r2': 0.71}
2023-05-28 20:13:56,034 [INFO] Save test_prediction_log data...
2023-05-28 20:13:56,036 [INFO] {'Data': 'test', 'ACC': '0.67 (146 / 218)', 'TP': 25, 'FP': 10, 'FN': 62, 'TN': 121, 'Precision': '0.71 (25 / 25 + 10)', 'Recall': '0.29 (25 / 25 + 62)', 'F1': '0.41 (2 * (0.29 * 0.71) / 0.29 + 0.71)', 'Specificity': '0.92 (121 / 121 + 10)', 'AUC': 0.61, 'r2': -0.38}
2023-05-28 20:13:56,038 [INFO] Save training_log data...
2023-05-28 20:13:56,043 [INFO] Save score_log data...
2023-05-28 20:13:56,044 [INFO] Time : 186.94970107078552
