2023-05-27 16:13:04,050 [INFO] Train data : Vary_params_CDK2_EGFR_LCK\DUD-E\CDK2\nG1_20\ECFP6_256bits\MinMax\CDK2_train_vector.tsv
2023-05-27 16:13:04,050 [INFO] Valid data : Vary_params_CDK2_EGFR_LCK\DUD-E\CDK2\nG1_20\ECFP6_256bits\MinMax\CDK2_valid_vector.tsv
2023-05-27 16:13:04,050 [INFO] Output path : Vary_params_CDK2_EGFR_LCK\DUD-E\CDK2\nG1_20\ECFP6_256bits\MinMax\CDK2_model\MLP
2023-05-27 16:13:04,050 [INFO] Model type : MLP
2023-05-27 16:13:04,050 [INFO] Use cores : 19
2023-05-27 16:13:04,071 [INFO] Start Learning model
2023-05-27 16:13:04,071 [INFO] Train : 878 | Valid : 212
2023-05-27 16:13:04,071 [INFO] Set parameters : {'hidden_layer_sizes': [(50,), (100,), (50, 50), (100, 100)], 'learning_rate': ['constant', 'invscaling', 'adaptive'], 'activation': ['relu', 'identity', 'logistic', 'tanh'], 'solver': ['adam', 'sgd', 'lbfgs'], 'alpha': [0.1, 0.01, 0.001], 'max_iter': [500, 1000], 'early_stopping': [True]}
2023-05-27 16:17:31,766 [INFO] GridSearchCV results :
     mean_valid_accuracy  mean_valid_precision  mean_valid_auc
588             0.843952              0.917375        0.823853
591             0.843952              0.917375        0.823853
582             0.843952              0.917375        0.823853
579             0.843952              0.917375        0.823853
576             0.843952              0.917375        0.823853
..                   ...                   ...             ...
619             0.579728              0.000000        0.500000
484             0.579728              0.000000        0.500000
616             0.579728              0.000000        0.500000
613             0.579728              0.000000        0.500000
622             0.579728              0.000000        0.500000

[864 rows x 3 columns]
2023-05-27 16:17:31,767 [INFO] Best model :
MLPClassifier(activation='logistic', alpha=0.01, early_stopping=True,
              hidden_layer_sizes=(50,), max_iter=500, random_state=42)
2023-05-27 16:17:31,774 [INFO] Save train_prediction_log data...
2023-05-27 16:17:31,777 [INFO] {'Data': 'train', 'ACC': '0.91 (799 / 878)', 'TP': 316, 'FP': 26, 'FN': 53, 'TN': 483, 'Precision': '0.92 (316 / 316 + 26)', 'Recall': '0.86 (316 / 316 + 53)', 'F1': '0.89 (2 * (0.86 * 0.92) / 0.86 + 0.92)', 'Specificity': '0.95 (483 / 483 + 26)', 'AUC': 0.9, 'r2': 0.63}
2023-05-27 16:17:31,780 [INFO] Save valid_prediction_log data...
2023-05-27 16:17:31,782 [INFO] {'Data': 'valid', 'ACC': '0.89 (189 / 212)', 'TP': 79, 'FP': 17, 'FN': 6, 'TN': 110, 'Precision': '0.82 (79 / 79 + 17)', 'Recall': '0.93 (79 / 79 + 6)', 'F1': '0.87 (2 * (0.93 * 0.82) / 0.93 + 0.82)', 'Specificity': '0.87 (110 / 110 + 17)', 'AUC': 0.9, 'r2': 0.55}
2023-05-27 16:17:31,793 [INFO] Save test_prediction_log data...
2023-05-27 16:17:31,796 [INFO] {'Data': 'test', 'ACC': '0.54 (114 / 212)', 'TP': 57, 'FP': 70, 'FN': 28, 'TN': 57, 'Precision': '0.45 (57 / 57 + 70)', 'Recall': '0.67 (57 / 57 + 28)', 'F1': '0.54 (2 * (0.67 * 0.45) / 0.67 + 0.45)', 'Specificity': '0.45 (57 / 57 + 70)', 'AUC': 0.56, 'r2': -0.92}
2023-05-27 16:17:31,798 [INFO] Save training_log data...
2023-05-27 16:17:31,804 [INFO] Save score_log data...
2023-05-27 16:17:31,804 [INFO] Time : 267.7536311149597
