2023-05-28 14:50:49,613 [INFO] Train data : Vary_params_CDK2_EGFR_LCK\DUD-E\EGFR\nG1_50\ECFP4_512bits\Robust\EGFR_train_vector.tsv
2023-05-28 14:50:49,613 [INFO] Valid data : Vary_params_CDK2_EGFR_LCK\DUD-E\EGFR\nG1_50\ECFP4_512bits\Robust\EGFR_valid_vector.tsv
2023-05-28 14:50:49,613 [INFO] Output path : Vary_params_CDK2_EGFR_LCK\DUD-E\EGFR\nG1_50\ECFP4_512bits\Robust\EGFR_model\SVM
2023-05-28 14:50:49,613 [INFO] Model type : SVM
2023-05-28 14:50:49,613 [INFO] Use cores : 19
2023-05-28 14:50:49,647 [INFO] Start Learning model
2023-05-28 14:50:49,647 [INFO] Train : 870 | Valid : 218
2023-05-28 14:50:49,648 [INFO] Set parameters : {'kernel': ['linear', 'rbf'], 'C': [0.01, 0.1, 1, 10, 100, 1000], 'gamma': [0.01, 0.1, 1, 100, 1000]}
2023-05-28 14:51:01,620 [INFO] GridSearchCV results :
    mean_valid_accuracy  mean_valid_precision  mean_valid_auc
0               0.93908              0.922626        0.937448
20              0.93908              0.922626        0.937448
24              0.93908              0.922626        0.937448
26              0.93908              0.922626        0.937448
28              0.93908              0.922626        0.937448
32              0.93908              0.922626        0.937448
34              0.93908              0.922626        0.937448
36              0.93908              0.922626        0.937448
38              0.93908              0.922626        0.937448
40              0.93908              0.922626        0.937448
42              0.93908              0.922626        0.937448
44              0.93908              0.922626        0.937448
46              0.93908              0.922626        0.937448
48              0.93908              0.922626        0.937448
50              0.93908              0.922626        0.937448
52              0.93908              0.922626        0.937448
54              0.93908              0.922626        0.937448
56              0.93908              0.922626        0.937448
58              0.93908              0.922626        0.937448
22              0.93908              0.922626        0.937448
30              0.93908              0.922626        0.937448
10              0.93908              0.922626        0.937448
2               0.93908              0.922626        0.937448
18              0.93908              0.922626        0.937448
8               0.93908              0.922626        0.937448
16              0.93908              0.922626        0.937448
4               0.93908              0.922626        0.937448
12              0.93908              0.922626        0.937448
6               0.93908              0.922626        0.937448
14              0.93908              0.922626        0.937448
49              0.60000              0.000000        0.500000
9               0.60000              0.000000        0.500000
45              0.60000              0.000000        0.500000
47              0.60000              0.000000        0.500000
7               0.60000              0.000000        0.500000
21              0.60000              0.000000        0.500000
43              0.60000              0.000000        0.500000
5               0.60000              0.000000        0.500000
53              0.60000              0.000000        0.500000
55              0.60000              0.000000        0.500000
3               0.60000              0.000000        0.500000
57              0.60000              0.000000        0.500000
51              0.60000              0.000000        0.500000
11              0.60000              0.000000        0.500000
41              0.60000              0.000000        0.500000
19              0.60000              0.000000        0.500000
39              0.60000              0.000000        0.500000
37              0.60000              0.000000        0.500000
13              0.60000              0.000000        0.500000
35              0.60000              0.000000        0.500000
33              0.60000              0.000000        0.500000
15              0.60000              0.000000        0.500000
31              0.60000              0.000000        0.500000
1               0.60000              0.000000        0.500000
29              0.60000              0.000000        0.500000
27              0.60000              0.000000        0.500000
17              0.60000              0.000000        0.500000
25              0.60000              0.000000        0.500000
23              0.60000              0.000000        0.500000
59              0.60000              0.000000        0.500000
2023-05-28 14:51:01,621 [INFO] Best model :
SVC(C=0.01, gamma=0.01, kernel='linear', random_state=42)
2023-05-28 14:51:01,636 [INFO] Save train_prediction_log data...
2023-05-28 14:51:01,639 [INFO] {'Data': 'train', 'ACC': '1.0 (870 / 870)', 'TP': 348, 'FP': 0, 'FN': 0, 'TN': 522, 'Precision': '1.0 (348 / 348 + 0)', 'Recall': '1.0 (348 / 348 + 0)', 'F1': '1.0 (2 * (1.0 * 1.0) / 1.0 + 1.0)', 'Specificity': '1.0 (522 / 522 + 0)', 'AUC': 1.0, 'r2': 1.0}
2023-05-28 14:51:01,646 [INFO] Save valid_prediction_log data...
2023-05-28 14:51:01,648 [INFO] {'Data': 'valid', 'ACC': '0.96 (210 / 218)', 'TP': 87, 'FP': 8, 'FN': 0, 'TN': 123, 'Precision': '0.92 (87 / 87 + 8)', 'Recall': '1.0 (87 / 87 + 0)', 'F1': '0.96 (2 * (1.0 * 0.92) / 1.0 + 0.92)', 'Specificity': '0.94 (123 / 123 + 8)', 'AUC': 0.97, 'r2': 0.85}
2023-05-28 14:51:01,665 [INFO] Save test_prediction_log data...
2023-05-28 14:51:01,667 [INFO] {'Data': 'test', 'ACC': '0.55 (120 / 218)', 'TP': 47, 'FP': 58, 'FN': 40, 'TN': 73, 'Precision': '0.45 (47 / 47 + 58)', 'Recall': '0.54 (47 / 47 + 40)', 'F1': '0.49 (2 * (0.54 * 0.45) / 0.54 + 0.45)', 'Specificity': '0.56 (73 / 73 + 58)', 'AUC': 0.55, 'r2': -0.87}
2023-05-28 14:51:01,670 [INFO] Save training_log data...
2023-05-28 14:51:01,672 [INFO] Save score_log data...
2023-05-28 14:51:01,673 [INFO] Time : 12.060227155685425
