2023-05-28 23:20:42,767 [INFO] Train data : Vary_params_FGFR1\DUD-E\FGFR1\nG1_50\ECFP6_512bits\Standard\FGFR1_train_vector.tsv
2023-05-28 23:20:42,768 [INFO] Valid data : Vary_params_FGFR1\DUD-E\FGFR1\nG1_50\ECFP6_512bits\Standard\FGFR1_valid_vector.tsv
2023-05-28 23:20:42,768 [INFO] Output path : Vary_params_FGFR1\DUD-E\FGFR1\nG1_50\ECFP6_512bits\Standard\FGFR1_model\RF
2023-05-28 23:20:42,768 [INFO] Model type : RF
2023-05-28 23:20:42,768 [INFO] Use cores : 10
2023-05-28 23:20:42,824 [INFO] Start Learning model
2023-05-28 23:20:42,824 [INFO] Train : 173 | Valid : 43
2023-05-28 23:20:42,824 [INFO] Set parameters : {'max_depth': [6, 8, 10, 12], 'max_features': ['sqrt', 'log2'], 'min_samples_leaf': [2, 4, 8, 10], 'min_samples_split': [2, 4, 8, 10], 'n_estimators': [200, 600, 1000]}
2023-05-28 23:26:53,248 [INFO] GridSearchCV results :
     mean_valid_accuracy  mean_valid_precision  mean_valid_auc
0               0.942157                   1.0        0.928571
1               0.953268                   1.0        0.942857
262             0.953268                   1.0        0.942857
261             0.947712                   1.0        0.935714
260             0.953595                   1.0        0.942857
..                   ...                   ...             ...
125             0.941830                   1.0        0.928571
124             0.935948                   1.0        0.921429
123             0.936275                   1.0        0.921429
122             0.941830                   1.0        0.928571
383             0.941830                   1.0        0.928571

[384 rows x 3 columns]
2023-05-28 23:26:53,249 [INFO] Best model :
RandomForestClassifier(class_weight='balanced', max_depth=6, min_samples_leaf=2,
                       n_estimators=200, random_state=42)
2023-05-28 23:26:53,270 [INFO] Save train_prediction_log data...
2023-05-28 23:26:53,275 [INFO] {'Data': 'train', 'ACC': '1.0 (173 / 173)', 'TP': 69, 'FP': 0, 'FN': 0, 'TN': 104, 'Precision': '1.0 (69 / 69 + 0)', 'Recall': '1.0 (69 / 69 + 0)', 'F1': '1.0 (2 * (1.0 * 1.0) / 1.0 + 1.0)', 'Specificity': '1.0 (104 / 104 + 0)', 'AUC': 1.0, 'r2': 1.0}
2023-05-28 23:26:53,293 [INFO] Save valid_prediction_log data...
2023-05-28 23:26:53,296 [INFO] {'Data': 'valid', 'ACC': '1.0 (43 / 43)', 'TP': 17, 'FP': 0, 'FN': 0, 'TN': 26, 'Precision': '1.0 (17 / 17 + 0)', 'Recall': '1.0 (17 / 17 + 0)', 'F1': '1.0 (2 * (1.0 * 1.0) / 1.0 + 1.0)', 'Specificity': '1.0 (26 / 26 + 0)', 'AUC': 1.0, 'r2': 1.0}
2023-05-28 23:26:53,334 [INFO] Save test_prediction_log data...
2023-05-28 23:26:53,338 [INFO] {'Data': 'test', 'ACC': '0.65 (28 / 43)', 'TP': 4, 'FP': 2, 'FN': 13, 'TN': 24, 'Precision': '0.67 (4 / 4 + 2)', 'Recall': '0.24 (4 / 4 + 13)', 'F1': '0.35 (2 * (0.24 * 0.67) / 0.24 + 0.67)', 'Specificity': '0.92 (24 / 24 + 2)', 'AUC': 0.58, 'r2': -0.46}
2023-05-28 23:26:53,393 [INFO] Save training_log data...
2023-05-28 23:26:53,397 [INFO] Save score_log data...
2023-05-28 23:26:53,398 [INFO] Time : 370.63049268722534
