2023-05-27 12:58:37,278 [INFO] Train data : Vary_params_CDK2_EGFR_LCK\DUD-E\CDK2\nG1_20\ECFP4_256bits\MinMax\CDK2_train_vector.tsv
2023-05-27 12:58:37,278 [INFO] Valid data : Vary_params_CDK2_EGFR_LCK\DUD-E\CDK2\nG1_20\ECFP4_256bits\MinMax\CDK2_valid_vector.tsv
2023-05-27 12:58:37,278 [INFO] Output path : Vary_params_CDK2_EGFR_LCK\DUD-E\CDK2\nG1_20\ECFP4_256bits\MinMax\CDK2_model\SVM
2023-05-27 12:58:37,278 [INFO] Model type : SVM
2023-05-27 12:58:37,278 [INFO] Use cores : 19
2023-05-27 12:58:37,300 [INFO] Start Learning model
2023-05-27 12:58:37,300 [INFO] Train : 878 | Valid : 212
2023-05-27 12:58:37,300 [INFO] Set parameters : {'kernel': ['linear', 'rbf'], 'C': [0.01, 0.1, 1, 10, 100, 1000], 'gamma': [0.01, 0.1, 1, 100, 1000]}
2023-05-27 12:58:42,335 [INFO] GridSearchCV results :
    mean_valid_accuracy  mean_valid_precision  mean_valid_auc
11             0.713088              1.000000        0.658784
43             0.895246              1.000000        0.875413
23             0.877025              1.000000        0.853754
53             0.895246              1.000000        0.875413
33             0.895246              1.000000        0.875413
21             0.921408              0.931563        0.915974
0              0.911168              0.919485        0.905295
2              0.911168              0.919485        0.905295
4              0.911168              0.919485        0.905295
6              0.911168              0.919485        0.905295
8              0.911168              0.919485        0.905295
31             0.928226              0.906050        0.928512
41             0.927090              0.903855        0.927532
51             0.927090              0.903855        0.927532
12             0.896317              0.876595        0.894755
18             0.896317              0.876595        0.894755
16             0.896317              0.876595        0.894755
10             0.896317              0.876595        0.894755
14             0.896317              0.876595        0.894755
50             0.866641              0.836024        0.866552
48             0.866641              0.836024        0.866552
46             0.866641              0.836024        0.866552
54             0.866641              0.836024        0.866552
52             0.866641              0.836024        0.866552
56             0.866641              0.836024        0.866552
58             0.866641              0.836024        0.866552
42             0.866641              0.836024        0.866552
40             0.866641              0.836024        0.866552
38             0.866641              0.836024        0.866552
36             0.866641              0.836024        0.866552
34             0.866641              0.836024        0.866552
44             0.866641              0.836024        0.866552
30             0.866641              0.836024        0.866552
32             0.866641              0.836024        0.866552
28             0.866641              0.836024        0.866552
22             0.866641              0.836024        0.866552
24             0.866641              0.836024        0.866552
26             0.866641              0.836024        0.866552
20             0.866641              0.836024        0.866552
39             0.579728              0.000000        0.500000
17             0.579728              0.000000        0.500000
3              0.579728              0.000000        0.500000
57             0.579728              0.000000        0.500000
5              0.579728              0.000000        0.500000
55             0.579728              0.000000        0.500000
7              0.579728              0.000000        0.500000
9              0.579728              0.000000        0.500000
13             0.579728              0.000000        0.500000
15             0.579728              0.000000        0.500000
49             0.579728              0.000000        0.500000
27             0.579728              0.000000        0.500000
19             0.579728              0.000000        0.500000
47             0.579728              0.000000        0.500000
1              0.579728              0.000000        0.500000
45             0.579728              0.000000        0.500000
35             0.579728              0.000000        0.500000
29             0.579728              0.000000        0.500000
25             0.579728              0.000000        0.500000
37             0.579728              0.000000        0.500000
59             0.579728              0.000000        0.500000
2023-05-27 12:58:42,336 [INFO] Best model :
SVC(C=0.1, gamma=0.01, random_state=42)
2023-05-27 12:58:42,399 [INFO] Save train_prediction_log data...
2023-05-27 12:58:42,402 [INFO] {'Data': 'train', 'ACC': '0.77 (674 / 878)', 'TP': 165, 'FP': 0, 'FN': 204, 'TN': 509, 'Precision': '1.0 (165 / 165 + 0)', 'Recall': '0.45 (165 / 165 + 204)', 'F1': '0.62 (2 * (0.45 * 1.0) / 0.45 + 1.0)', 'Specificity': '1.0 (509 / 509 + 0)', 'AUC': 0.72, 'r2': 0.05}
2023-05-27 12:58:42,419 [INFO] Save valid_prediction_log data...
2023-05-27 12:58:42,421 [INFO] {'Data': 'valid', 'ACC': '0.86 (183 / 212)', 'TP': 56, 'FP': 0, 'FN': 29, 'TN': 127, 'Precision': '1.0 (56 / 56 + 0)', 'Recall': '0.66 (56 / 56 + 29)', 'F1': '0.8 (2 * (0.66 * 1.0) / 0.66 + 1.0)', 'Specificity': '1.0 (127 / 127 + 0)', 'AUC': 0.83, 'r2': 0.43}
2023-05-27 12:58:42,445 [INFO] Save test_prediction_log data...
2023-05-27 12:58:42,447 [INFO] {'Data': 'test', 'ACC': '0.62 (131 / 212)', 'TP': 20, 'FP': 16, 'FN': 65, 'TN': 111, 'Precision': '0.56 (20 / 20 + 16)', 'Recall': '0.24 (20 / 20 + 65)', 'F1': '0.34 (2 * (0.24 * 0.56) / 0.24 + 0.56)', 'Specificity': '0.87 (111 / 111 + 16)', 'AUC': 0.55, 'r2': -0.59}
2023-05-27 12:58:42,449 [INFO] Save training_log data...
2023-05-27 12:58:42,452 [INFO] Save score_log data...
2023-05-27 12:58:42,453 [INFO] Time : 5.1748738288879395
