2023-05-29 06:42:58,933 [INFO] Train data : Vary_params_BRAF_MK14\DUD-E\BRAF\nG1_50\ECFP4_512bits\Standard\BRAF_train_vector.tsv
2023-05-29 06:42:58,933 [INFO] Valid data : Vary_params_BRAF_MK14\DUD-E\BRAF\nG1_50\ECFP4_512bits\Standard\BRAF_valid_vector.tsv
2023-05-29 06:42:58,933 [INFO] Output path : Vary_params_BRAF_MK14\DUD-E\BRAF\nG1_50\ECFP4_512bits\Standard\BRAF_model\SVM
2023-05-29 06:42:58,933 [INFO] Model type : SVM
2023-05-29 06:42:58,933 [INFO] Use cores : 12
2023-05-29 06:42:58,971 [INFO] Start Learning model
2023-05-29 06:42:58,971 [INFO] Train : 201 | Valid : 50
2023-05-29 06:42:58,971 [INFO] Set parameters : {'kernel': ['linear', 'rbf'], 'C': [0.01, 0.1, 1, 10, 100, 1000], 'gamma': [0.01, 0.1, 1, 100, 1000]}
2023-05-29 06:43:02,288 [INFO] GridSearchCV results :
    mean_valid_accuracy  mean_valid_precision  mean_valid_auc
0              0.985238                   1.0         0.98125
20             0.985238                   1.0         0.98125
24             0.985238                   1.0         0.98125
26             0.985238                   1.0         0.98125
28             0.985238                   1.0         0.98125
32             0.985238                   1.0         0.98125
34             0.985238                   1.0         0.98125
36             0.985238                   1.0         0.98125
38             0.985238                   1.0         0.98125
40             0.985238                   1.0         0.98125
42             0.985238                   1.0         0.98125
44             0.985238                   1.0         0.98125
46             0.985238                   1.0         0.98125
48             0.985238                   1.0         0.98125
50             0.985238                   1.0         0.98125
52             0.985238                   1.0         0.98125
54             0.985238                   1.0         0.98125
56             0.985238                   1.0         0.98125
58             0.985238                   1.0         0.98125
22             0.985238                   1.0         0.98125
30             0.985238                   1.0         0.98125
2              0.985238                   1.0         0.98125
18             0.985238                   1.0         0.98125
10             0.985238                   1.0         0.98125
8              0.985238                   1.0         0.98125
16             0.985238                   1.0         0.98125
4              0.985238                   1.0         0.98125
12             0.985238                   1.0         0.98125
14             0.985238                   1.0         0.98125
6              0.985238                   1.0         0.98125
41             0.686905                   0.7         0.60625
31             0.686905                   0.7         0.60625
51             0.686905                   0.7         0.60625
21             0.646905                   0.5         0.55625
7              0.601905                   0.0         0.50000
47             0.601905                   0.0         0.50000
5              0.601905                   0.0         0.50000
49             0.601905                   0.0         0.50000
9              0.601905                   0.0         0.50000
53             0.601905                   0.0         0.50000
55             0.601905                   0.0         0.50000
3              0.601905                   0.0         0.50000
57             0.601905                   0.0         0.50000
45             0.601905                   0.0         0.50000
11             0.601905                   0.0         0.50000
43             0.601905                   0.0         0.50000
19             0.601905                   0.0         0.50000
39             0.601905                   0.0         0.50000
37             0.601905                   0.0         0.50000
13             0.601905                   0.0         0.50000
35             0.601905                   0.0         0.50000
33             0.601905                   0.0         0.50000
15             0.601905                   0.0         0.50000
1              0.601905                   0.0         0.50000
29             0.601905                   0.0         0.50000
27             0.601905                   0.0         0.50000
17             0.601905                   0.0         0.50000
25             0.601905                   0.0         0.50000
23             0.601905                   0.0         0.50000
59             0.601905                   0.0         0.50000
2023-05-29 06:43:02,289 [INFO] Best model :
SVC(C=0.01, gamma=0.01, kernel='linear', random_state=42)
2023-05-29 06:43:02,297 [INFO] Save train_prediction_log data...
2023-05-29 06:43:02,300 [INFO] {'Data': 'train', 'ACC': '1.0 (201 / 201)', 'TP': 80, 'FP': 0, 'FN': 0, 'TN': 121, 'Precision': '1.0 (80 / 80 + 0)', 'Recall': '1.0 (80 / 80 + 0)', 'F1': '1.0 (2 * (1.0 * 1.0) / 1.0 + 1.0)', 'Specificity': '1.0 (121 / 121 + 0)', 'AUC': 1.0, 'r2': 1.0}
2023-05-29 06:43:02,305 [INFO] Save valid_prediction_log data...
2023-05-29 06:43:02,308 [INFO] {'Data': 'valid', 'ACC': '1.0 (50 / 50)', 'TP': 20, 'FP': 0, 'FN': 0, 'TN': 30, 'Precision': '1.0 (20 / 20 + 0)', 'Recall': '1.0 (20 / 20 + 0)', 'F1': '1.0 (2 * (1.0 * 1.0) / 1.0 + 1.0)', 'Specificity': '1.0 (30 / 30 + 0)', 'AUC': 1.0, 'r2': 1.0}
2023-05-29 06:43:02,325 [INFO] Save test_prediction_log data...
2023-05-29 06:43:02,328 [INFO] {'Data': 'test', 'ACC': '0.64 (32 / 50)', 'TP': 9, 'FP': 7, 'FN': 11, 'TN': 23, 'Precision': '0.56 (9 / 9 + 7)', 'Recall': '0.45 (9 / 9 + 11)', 'F1': '0.5 (2 * (0.45 * 0.56) / 0.45 + 0.56)', 'Specificity': '0.77 (23 / 23 + 7)', 'AUC': 0.61, 'r2': -0.5}
2023-05-29 06:43:02,330 [INFO] Save training_log data...
2023-05-29 06:43:02,332 [INFO] Save score_log data...
2023-05-29 06:43:02,333 [INFO] Time : 3.3996405601501465
