2023-05-29 07:10:52,414 [INFO] Train data : Vary_params_BRAF_MK14\DUD-E\BRAF\nG1_50\ECFP6_256bits\Robust\BRAF_train_vector.tsv
2023-05-29 07:10:52,414 [INFO] Valid data : Vary_params_BRAF_MK14\DUD-E\BRAF\nG1_50\ECFP6_256bits\Robust\BRAF_valid_vector.tsv
2023-05-29 07:10:52,414 [INFO] Output path : Vary_params_BRAF_MK14\DUD-E\BRAF\nG1_50\ECFP6_256bits\Robust\BRAF_model\RF
2023-05-29 07:10:52,414 [INFO] Model type : RF
2023-05-29 07:10:52,414 [INFO] Use cores : 12
2023-05-29 07:10:52,430 [INFO] Start Learning model
2023-05-29 07:10:52,430 [INFO] Train : 201 | Valid : 50
2023-05-29 07:10:52,430 [INFO] Set parameters : {'max_depth': [6, 8, 10, 12], 'max_features': ['sqrt', 'log2'], 'min_samples_leaf': [2, 4, 8, 10], 'min_samples_split': [2, 4, 8, 10], 'n_estimators': [200, 600, 1000]}
2023-05-29 07:15:05,398 [INFO] GridSearchCV results :
     mean_valid_accuracy  mean_valid_precision  mean_valid_auc
0               0.975238              1.000000        0.968750
235             0.970238              1.000000        0.962500
232             0.970238              1.000000        0.962500
230             0.970238              1.000000        0.962500
229             0.970238              1.000000        0.962500
..                   ...                   ...             ...
276             0.965238              0.988889        0.958333
275             0.965238              0.988889        0.958333
68              0.965238              0.988889        0.958333
272             0.965238              0.988889        0.958333
383             0.960238              0.988889        0.952083

[384 rows x 3 columns]
2023-05-29 07:15:05,399 [INFO] Best model :
RandomForestClassifier(class_weight='balanced', max_depth=6, min_samples_leaf=2,
                       n_estimators=200, random_state=42)
2023-05-29 07:15:05,414 [INFO] Save train_prediction_log data...
2023-05-29 07:15:05,417 [INFO] {'Data': 'train', 'ACC': '1.0 (200 / 201)', 'TP': 79, 'FP': 0, 'FN': 1, 'TN': 121, 'Precision': '1.0 (79 / 79 + 0)', 'Recall': '0.99 (79 / 79 + 1)', 'F1': '0.99 (2 * (0.99 * 1.0) / 0.99 + 1.0)', 'Specificity': '1.0 (121 / 121 + 0)', 'AUC': 0.99, 'r2': 0.98}
2023-05-29 07:15:05,430 [INFO] Save valid_prediction_log data...
2023-05-29 07:15:05,432 [INFO] {'Data': 'valid', 'ACC': '1.0 (50 / 50)', 'TP': 20, 'FP': 0, 'FN': 0, 'TN': 30, 'Precision': '1.0 (20 / 20 + 0)', 'Recall': '1.0 (20 / 20 + 0)', 'F1': '1.0 (2 * (1.0 * 1.0) / 1.0 + 1.0)', 'Specificity': '1.0 (30 / 30 + 0)', 'AUC': 1.0, 'r2': 1.0}
2023-05-29 07:15:05,449 [INFO] Save test_prediction_log data...
2023-05-29 07:15:05,451 [INFO] {'Data': 'test', 'ACC': '0.64 (32 / 50)', 'TP': 6, 'FP': 4, 'FN': 14, 'TN': 26, 'Precision': '0.6 (6 / 6 + 4)', 'Recall': '0.3 (6 / 6 + 14)', 'F1': '0.4 (2 * (0.3 * 0.6) / 0.3 + 0.6)', 'Specificity': '0.87 (26 / 26 + 4)', 'AUC': 0.58, 'r2': -0.5}
2023-05-29 07:15:05,504 [INFO] Save training_log data...
2023-05-29 07:15:05,506 [INFO] Save score_log data...
2023-05-29 07:15:05,507 [INFO] Time : 253.09221601486206
