2023-05-28 10:19:21,110 [INFO] Train data : AF_Baseline\DUD-E\LCK\ECFP4_256bits\Robust\LCK_train.tsv
2023-05-28 10:19:21,111 [INFO] Valid data : AF_Baseline\DUD-E\LCK\ECFP4_256bits\Robust\LCK_valid.tsv
2023-05-28 10:19:21,111 [INFO] Output path : AF_Baseline\DUD-E\LCK\ECFP4_256bits\Robust\LCK_model\MLP
2023-05-28 10:19:21,111 [INFO] Model type : MLP
2023-05-28 10:19:21,111 [INFO] Use cores : 12
2023-05-28 10:19:21,129 [INFO] Start Learning model
2023-05-28 10:19:21,129 [INFO] Train : 736 | Valid : 185
2023-05-28 10:19:21,130 [INFO] Set parameters : {'hidden_layer_sizes': [(50,), (100,), (50, 50), (100, 100)], 'learning_rate': ['constant', 'invscaling', 'adaptive'], 'activation': ['relu', 'identity', 'logistic', 'tanh'], 'solver': ['adam', 'sgd', 'lbfgs'], 'alpha': [0.1, 0.01, 0.001], 'max_iter': [500, 1000], 'early_stopping': [True]}
2023-05-28 10:21:59,744 [INFO] GridSearchCV results :
     mean_valid_accuracy  mean_valid_precision  mean_valid_auc
594             0.951018              0.986306        0.940997
609             0.951018              0.986306        0.940997
531             0.951018              0.986306        0.940997
537             0.951018              0.986306        0.940997
597             0.951018              0.986306        0.940997
..                   ...                   ...             ...
601             0.600555              0.000000        0.500000
598             0.600555              0.000000        0.500000
595             0.600555              0.000000        0.500000
574             0.600555              0.000000        0.500000
471             0.600555              0.000000        0.500000

[864 rows x 3 columns]
2023-05-28 10:21:59,746 [INFO] Best model :
MLPClassifier(activation='logistic', alpha=0.01, early_stopping=True,
              max_iter=500, random_state=42)
2023-05-28 10:21:59,754 [INFO] Save train_prediction_log data...
2023-05-28 10:21:59,757 [INFO] {'Data': 'train', 'ACC': '0.96 (704 / 736)', 'TP': 265, 'FP': 3, 'FN': 29, 'TN': 439, 'Precision': '0.99 (265 / 265 + 3)', 'Recall': '0.9 (265 / 265 + 29)', 'F1': '0.94 (2 * (0.9 * 0.99) / 0.9 + 0.99)', 'Specificity': '0.99 (439 / 439 + 3)', 'AUC': 0.95, 'r2': 0.82}
2023-05-28 10:21:59,761 [INFO] Save valid_prediction_log data...
2023-05-28 10:21:59,763 [INFO] {'Data': 'valid', 'ACC': '0.98 (182 / 185)', 'TP': 73, 'FP': 2, 'FN': 1, 'TN': 109, 'Precision': '0.97 (73 / 73 + 2)', 'Recall': '0.99 (73 / 73 + 1)', 'F1': '0.98 (2 * (0.99 * 0.97) / 0.99 + 0.97)', 'Specificity': '0.98 (109 / 109 + 2)', 'AUC': 0.98, 'r2': 0.93}
2023-05-28 10:21:59,773 [INFO] Save test_prediction_log data...
2023-05-28 10:21:59,775 [INFO] {'Data': 'test', 'ACC': '0.67 (124 / 185)', 'TP': 37, 'FP': 24, 'FN': 37, 'TN': 87, 'Precision': '0.61 (37 / 37 + 24)', 'Recall': '0.5 (37 / 37 + 37)', 'F1': '0.55 (2 * (0.5 * 0.61) / 0.5 + 0.61)', 'Specificity': '0.78 (87 / 87 + 24)', 'AUC': 0.64, 'r2': -0.37}
2023-05-28 10:21:59,778 [INFO] Save training_log data...
2023-05-28 10:21:59,782 [INFO] Save score_log data...
2023-05-28 10:21:59,783 [INFO] Time : 158.6727557182312
