2023-05-27 02:55:09,330 [INFO] Train data : Vary_params_A\DUD-E\JAK2\nG1_20\ECFP6_512bits\Robust\JAK2_train_vector.tsv
2023-05-27 02:55:09,330 [INFO] Valid data : Vary_params_A\DUD-E\JAK2\nG1_20\ECFP6_512bits\Robust\JAK2_valid_vector.tsv
2023-05-27 02:55:09,330 [INFO] Output path : Vary_params_A\DUD-E\JAK2\nG1_20\ECFP6_512bits\Robust\JAK2_model\XGB
2023-05-27 02:55:09,330 [INFO] Model type : XGB
2023-05-27 02:55:09,330 [INFO] Use cores : 3
2023-05-27 02:55:09,365 [INFO] Start Learning model
2023-05-27 02:55:09,365 [INFO] Train : 142 | Valid : 28
2023-05-27 02:55:09,367 [INFO] Set parameters : {'max_depth': [4, 6, 8], 'learning_rate': [0.01, 0.2], 'n_estimators': [200, 600, 1000], 'gamma': [0, 1000], 'min_child_weight': [1, 3], 'subsample': [0.5, 1], 'colsample_bytree': [0.5, 1], 'objective': ['binary:logitraw'], 'eval_metric': ['auc', 'error']}
2023-05-27 03:33:09,241 [INFO] GridSearchCV results :
     mean_valid_accuracy  mean_valid_precision  mean_valid_auc
2               0.916667              0.966667        0.921131
158             0.916667              0.966667        0.921131
26              0.916667              0.966667        0.921131
146             0.916667              0.966667        0.921131
170             0.916667              0.966667        0.921131
..                   ...                   ...             ...
100             0.471905              0.000000        0.500000
101             0.471905              0.000000        0.500000
102             0.471905              0.000000        0.500000
103             0.471905              0.000000        0.500000
575             0.471905              0.000000        0.500000

[576 rows x 3 columns]
2023-05-27 03:33:09,243 [INFO] Best model :
XGBClassifier(base_score=None, booster=None, callbacks=None,
              colsample_bylevel=None, colsample_bynode=None,
              colsample_bytree=0.5, early_stopping_rounds=None,
              enable_categorical=False, eval_metric='auc', feature_types=None,
              gamma=0, gpu_id=None, grow_policy=None, importance_type=None,
              interaction_constraints=None, learning_rate=0.01, max_bin=None,
              max_cat_threshold=None, max_cat_to_onehot=None,
              max_delta_step=None, max_depth=4, max_leaves=None,
              min_child_weight=1, missing=nan, monotone_constraints=None,
              n_estimators=600, n_jobs=0, num_parallel_tree=None,
              objective='binary:logitraw', predictor=None, ...)
2023-05-27 03:33:09,261 [INFO] Save train_prediction_log data...
2023-05-27 03:33:09,266 [INFO] {'Data': 'train', 'ACC': '0.97 (138 / 142)', 'TP': 71, 'FP': 0, 'FN': 4, 'TN': 67, 'Precision': '1.0 (71 / 71 + 0)', 'Recall': '0.95 (71 / 71 + 4)', 'F1': '0.97 (2 * (0.95 * 1.0) / 0.95 + 1.0)', 'Specificity': '1.0 (67 / 67 + 0)', 'AUC': 0.97, 'r2': 0.89}
2023-05-27 03:33:09,283 [INFO] Save valid_prediction_log data...
2023-05-27 03:33:09,286 [INFO] {'Data': 'valid', 'ACC': '1.0 (28 / 28)', 'TP': 11, 'FP': 0, 'FN': 0, 'TN': 17, 'Precision': '1.0 (11 / 11 + 0)', 'Recall': '1.0 (11 / 11 + 0)', 'F1': '1.0 (2 * (1.0 * 1.0) / 1.0 + 1.0)', 'Specificity': '1.0 (17 / 17 + 0)', 'AUC': 1.0, 'r2': 1.0}
2023-05-27 03:33:09,316 [INFO] Save test_prediction_log data...
2023-05-27 03:33:09,319 [INFO] {'Data': 'test', 'ACC': '0.54 (15 / 28)', 'TP': 5, 'FP': 7, 'FN': 6, 'TN': 10, 'Precision': '0.42 (5 / 5 + 7)', 'Recall': '0.45 (5 / 5 + 6)', 'F1': '0.43 (2 * (0.45 * 0.42) / 0.45 + 0.42)', 'Specificity': '0.59 (10 / 10 + 7)', 'AUC': 0.52, 'r2': -0.95}
2023-05-27 03:33:09,329 [INFO] Save training_log data...
2023-05-27 03:33:09,334 [INFO] Save score_log data...
2023-05-27 03:33:09,336 [INFO] Time : 2280.0058624744415
