2023-05-26 19:13:24,267 [INFO] Train data : Vary_params\DUD-E\MAPK2\nG1_80\ECFP6_512bits\Standard\MAPK2_train_vector.tsv
2023-05-26 19:13:24,267 [INFO] Valid data : Vary_params\DUD-E\MAPK2\nG1_80\ECFP6_512bits\Standard\MAPK2_valid_vector.tsv
2023-05-26 19:13:24,267 [INFO] Output path : Vary_params\DUD-E\MAPK2\nG1_80\ECFP6_512bits\Standard\MAPK2_model\XGB
2023-05-26 19:13:24,267 [INFO] Model type : XGB
2023-05-26 19:13:24,267 [INFO] Use cores : 10
2023-05-26 19:13:24,293 [INFO] Start Learning model
2023-05-26 19:13:24,293 [INFO] Train : 72 | Valid : 25
2023-05-26 19:13:24,294 [INFO] Set parameters : {'max_depth': [4, 6, 8], 'learning_rate': [0.01, 0.2], 'n_estimators': [200, 600, 1000], 'gamma': [0, 1000], 'min_child_weight': [1, 3], 'subsample': [0.5, 1], 'colsample_bytree': [0.5, 1], 'objective': ['binary:logitraw'], 'eval_metric': ['auc', 'error']}
2023-05-26 19:22:12,761 [INFO] GridSearchCV results :
     mean_valid_accuracy  mean_valid_precision  mean_valid_auc
472             0.973214                   0.9           0.925
196             0.985714                   0.9           0.950
40              0.985714                   0.9           0.950
338             0.973214                   0.9           0.925
340             0.973214                   0.9           0.925
..                   ...                   ...             ...
369             0.848214                   0.0           0.500
368             0.848214                   0.0           0.500
367             0.848214                   0.0           0.500
366             0.848214                   0.0           0.500
575             0.848214                   0.0           0.500

[576 rows x 3 columns]
2023-05-26 19:22:12,763 [INFO] Best model :
XGBClassifier(base_score=None, booster=None, callbacks=None,
              colsample_bylevel=None, colsample_bynode=None,
              colsample_bytree=0.5, early_stopping_rounds=None,
              enable_categorical=False, eval_metric='auc', feature_types=None,
              gamma=0, gpu_id=None, grow_policy=None, importance_type=None,
              interaction_constraints=None, learning_rate=0.2, max_bin=None,
              max_cat_threshold=None, max_cat_to_onehot=None,
              max_delta_step=None, max_depth=4, max_leaves=None,
              min_child_weight=1, missing=nan, monotone_constraints=None,
              n_estimators=1000, n_jobs=0, num_parallel_tree=None,
              objective='binary:logitraw', predictor=None, ...)
2023-05-26 19:22:12,781 [INFO] Save train_prediction_log data...
2023-05-26 19:22:12,785 [INFO] {'Data': 'train', 'ACC': '1.0 (72 / 72)', 'TP': 11, 'FP': 0, 'FN': 0, 'TN': 61, 'Precision': '1.0 (11 / 11 + 0)', 'Recall': '1.0 (11 / 11 + 0)', 'F1': '1.0 (2 * (1.0 * 1.0) / 1.0 + 1.0)', 'Specificity': '1.0 (61 / 61 + 0)', 'AUC': 1.0, 'r2': 1.0}
2023-05-26 19:22:12,802 [INFO] Save valid_prediction_log data...
2023-05-26 19:22:12,805 [INFO] {'Data': 'valid', 'ACC': '1.0 (25 / 25)', 'TP': 10, 'FP': 0, 'FN': 0, 'TN': 15, 'Precision': '1.0 (10 / 10 + 0)', 'Recall': '1.0 (10 / 10 + 0)', 'F1': '1.0 (2 * (1.0 * 1.0) / 1.0 + 1.0)', 'Specificity': '1.0 (15 / 15 + 0)', 'AUC': 1.0, 'r2': 1.0}
2023-05-26 19:22:12,838 [INFO] Save test_prediction_log data...
2023-05-26 19:22:12,841 [INFO] {'Data': 'test', 'ACC': '0.72 (18 / 25)', 'TP': 4, 'FP': 1, 'FN': 6, 'TN': 14, 'Precision': '0.8 (4 / 4 + 1)', 'Recall': '0.4 (4 / 4 + 6)', 'F1': '0.53 (2 * (0.4 * 0.8) / 0.4 + 0.8)', 'Specificity': '0.93 (14 / 14 + 1)', 'AUC': 0.67, 'r2': -0.17}
2023-05-26 19:22:12,855 [INFO] Save training_log data...
2023-05-26 19:22:12,861 [INFO] Save score_log data...
2023-05-26 19:22:12,862 [INFO] Time : 528.5949757099152
