2023-05-27 11:56:53,313 [INFO] Train data : Vary_params\DUD-E\MP2K1\nG1_50\ECFP6_512bits\Robust\MP2K1_train_vector.tsv
2023-05-27 11:56:53,313 [INFO] Valid data : Vary_params\DUD-E\MP2K1\nG1_50\ECFP6_512bits\Robust\MP2K1_valid_vector.tsv
2023-05-27 11:56:53,313 [INFO] Output path : Vary_params\DUD-E\MP2K1\nG1_50\ECFP6_512bits\Robust\MP2K1_model\SVM
2023-05-27 11:56:53,313 [INFO] Model type : SVM
2023-05-27 11:56:53,314 [INFO] Use cores : 10
2023-05-27 11:56:53,335 [INFO] Start Learning model
2023-05-27 11:56:53,336 [INFO] Train : 142 | Valid : 35
2023-05-27 11:56:53,336 [INFO] Set parameters : {'kernel': ['linear', 'rbf'], 'C': [0.01, 0.1, 1, 10, 100, 1000], 'gamma': [0.01, 0.1, 1, 100, 1000]}
2023-05-27 11:56:56,113 [INFO] GridSearchCV results :
    mean_valid_accuracy  mean_valid_precision  mean_valid_auc
0              0.972857              0.983333        0.969444
20             0.972857              0.983333        0.969444
24             0.972857              0.983333        0.969444
26             0.972857              0.983333        0.969444
28             0.972857              0.983333        0.969444
32             0.972857              0.983333        0.969444
34             0.972857              0.983333        0.969444
36             0.972857              0.983333        0.969444
38             0.972857              0.983333        0.969444
40             0.972857              0.983333        0.969444
42             0.972857              0.983333        0.969444
44             0.972857              0.983333        0.969444
46             0.972857              0.983333        0.969444
48             0.972857              0.983333        0.969444
50             0.972857              0.983333        0.969444
52             0.972857              0.983333        0.969444
54             0.972857              0.983333        0.969444
56             0.972857              0.983333        0.969444
58             0.972857              0.983333        0.969444
22             0.972857              0.983333        0.969444
30             0.972857              0.983333        0.969444
10             0.972857              0.983333        0.969444
2              0.972857              0.983333        0.969444
18             0.972857              0.983333        0.969444
8              0.972857              0.983333        0.969444
16             0.972857              0.983333        0.969444
4              0.972857              0.983333        0.969444
12             0.972857              0.983333        0.969444
6              0.972857              0.983333        0.969444
14             0.972857              0.983333        0.969444
49             0.598571              0.000000        0.500000
9              0.598571              0.000000        0.500000
45             0.598571              0.000000        0.500000
47             0.598571              0.000000        0.500000
7              0.598571              0.000000        0.500000
21             0.598571              0.000000        0.500000
43             0.598571              0.000000        0.500000
5              0.598571              0.000000        0.500000
53             0.598571              0.000000        0.500000
55             0.598571              0.000000        0.500000
3              0.598571              0.000000        0.500000
57             0.598571              0.000000        0.500000
51             0.598571              0.000000        0.500000
11             0.598571              0.000000        0.500000
41             0.598571              0.000000        0.500000
19             0.598571              0.000000        0.500000
39             0.598571              0.000000        0.500000
37             0.598571              0.000000        0.500000
13             0.598571              0.000000        0.500000
35             0.598571              0.000000        0.500000
33             0.598571              0.000000        0.500000
15             0.598571              0.000000        0.500000
31             0.598571              0.000000        0.500000
1              0.598571              0.000000        0.500000
29             0.598571              0.000000        0.500000
27             0.598571              0.000000        0.500000
17             0.598571              0.000000        0.500000
25             0.598571              0.000000        0.500000
23             0.598571              0.000000        0.500000
59             0.598571              0.000000        0.500000
2023-05-27 11:56:56,116 [INFO] Best model :
SVC(C=0.01, gamma=0.01, kernel='linear', random_state=42)
2023-05-27 11:56:56,121 [INFO] Save train_prediction_log data...
2023-05-27 11:56:56,124 [INFO] {'Data': 'train', 'ACC': '1.0 (142 / 142)', 'TP': 57, 'FP': 0, 'FN': 0, 'TN': 85, 'Precision': '1.0 (57 / 57 + 0)', 'Recall': '1.0 (57 / 57 + 0)', 'F1': '1.0 (2 * (1.0 * 1.0) / 1.0 + 1.0)', 'Specificity': '1.0 (85 / 85 + 0)', 'AUC': 1.0, 'r2': 1.0}
2023-05-27 11:56:56,129 [INFO] Save valid_prediction_log data...
2023-05-27 11:56:56,132 [INFO] {'Data': 'valid', 'ACC': '1.0 (35 / 35)', 'TP': 14, 'FP': 0, 'FN': 0, 'TN': 21, 'Precision': '1.0 (14 / 14 + 0)', 'Recall': '1.0 (14 / 14 + 0)', 'F1': '1.0 (2 * (1.0 * 1.0) / 1.0 + 1.0)', 'Specificity': '1.0 (21 / 21 + 0)', 'AUC': 1.0, 'r2': 1.0}
2023-05-27 11:56:56,145 [INFO] Save test_prediction_log data...
2023-05-27 11:56:56,148 [INFO] {'Data': 'test', 'ACC': '0.77 (27 / 35)', 'TP': 6, 'FP': 0, 'FN': 8, 'TN': 21, 'Precision': '1.0 (6 / 6 + 0)', 'Recall': '0.43 (6 / 6 + 8)', 'F1': '0.6 (2 * (0.43 * 1.0) / 0.43 + 1.0)', 'Specificity': '1.0 (21 / 21 + 0)', 'AUC': 0.71, 'r2': 0.05}
2023-05-27 11:56:56,150 [INFO] Save training_log data...
2023-05-27 11:56:56,151 [INFO] Save score_log data...
2023-05-27 11:56:56,152 [INFO] Time : 2.8390004634857178
