2023-05-26 19:37:52,874 [INFO] Train data : Vary_params\DUD-E\MAPK2\nG1_80\ECFP6_512bits\MinMax\MAPK2_train_vector.tsv
2023-05-26 19:37:52,874 [INFO] Valid data : Vary_params\DUD-E\MAPK2\nG1_80\ECFP6_512bits\MinMax\MAPK2_valid_vector.tsv
2023-05-26 19:37:52,874 [INFO] Output path : Vary_params\DUD-E\MAPK2\nG1_80\ECFP6_512bits\MinMax\MAPK2_model\MLP
2023-05-26 19:37:52,874 [INFO] Model type : MLP
2023-05-26 19:37:52,874 [INFO] Use cores : 10
2023-05-26 19:37:52,893 [INFO] Start Learning model
2023-05-26 19:37:52,893 [INFO] Train : 72 | Valid : 25
2023-05-26 19:37:52,893 [INFO] Set parameters : {'hidden_layer_sizes': [(50,), (100,), (50, 50), (100, 100)], 'learning_rate': ['constant', 'invscaling', 'adaptive'], 'activation': ['relu', 'identity', 'logistic', 'tanh'], 'solver': ['adam', 'sgd', 'lbfgs'], 'alpha': [0.1, 0.01, 0.001], 'max_iter': [500, 1000], 'early_stopping': [True]}
2023-05-26 19:39:52,389 [INFO] GridSearchCV results :
     mean_valid_accuracy  mean_valid_precision  mean_valid_auc
206             0.973214                   0.9        0.925000
143             0.973214                   0.9        0.925000
137             0.973214                   0.9        0.925000
134             0.973214                   0.9        0.925000
131             0.973214                   0.9        0.925000
..                   ...                   ...             ...
565             0.848214                   0.0        0.500000
193             0.848214                   0.0        0.500000
192             0.848214                   0.0        0.500000
190             0.848214                   0.0        0.500000
172             0.523214                   0.0        0.307143

[864 rows x 3 columns]
2023-05-26 19:39:52,390 [INFO] Best model :
MLPClassifier(alpha=0.01, early_stopping=True, hidden_layer_sizes=(50,),
              max_iter=500, random_state=42, solver='lbfgs')
2023-05-26 19:39:52,396 [INFO] Save train_prediction_log data...
2023-05-26 19:39:52,400 [INFO] {'Data': 'train', 'ACC': '1.0 (72 / 72)', 'TP': 11, 'FP': 0, 'FN': 0, 'TN': 61, 'Precision': '1.0 (11 / 11 + 0)', 'Recall': '1.0 (11 / 11 + 0)', 'F1': '1.0 (2 * (1.0 * 1.0) / 1.0 + 1.0)', 'Specificity': '1.0 (61 / 61 + 0)', 'AUC': 1.0, 'r2': 1.0}
2023-05-26 19:39:52,405 [INFO] Save valid_prediction_log data...
2023-05-26 19:39:52,408 [INFO] {'Data': 'valid', 'ACC': '1.0 (25 / 25)', 'TP': 10, 'FP': 0, 'FN': 0, 'TN': 15, 'Precision': '1.0 (10 / 10 + 0)', 'Recall': '1.0 (10 / 10 + 0)', 'F1': '1.0 (2 * (1.0 * 1.0) / 1.0 + 1.0)', 'Specificity': '1.0 (15 / 15 + 0)', 'AUC': 1.0, 'r2': 1.0}
2023-05-26 19:39:52,421 [INFO] Save test_prediction_log data...
2023-05-26 19:39:52,424 [INFO] {'Data': 'test', 'ACC': '0.64 (16 / 25)', 'TP': 2, 'FP': 1, 'FN': 8, 'TN': 14, 'Precision': '0.67 (2 / 2 + 1)', 'Recall': '0.2 (2 / 2 + 8)', 'F1': '0.31 (2 * (0.2 * 0.67) / 0.2 + 0.67)', 'Specificity': '0.93 (14 / 14 + 1)', 'AUC': 0.57, 'r2': -0.5}
2023-05-26 19:39:52,427 [INFO] Save training_log data...
2023-05-26 19:39:52,432 [INFO] Save score_log data...
2023-05-26 19:39:52,433 [INFO] Time : 119.55915188789368
