2023-05-28 16:46:21,733 [INFO] Train data : Vary_params_ABL_BRAF_FGFR1\DUD-E\ABL1\nG1_50\ECFP6_256bits\Standard\ABL1_train_vector.tsv
2023-05-28 16:46:21,733 [INFO] Valid data : Vary_params_ABL_BRAF_FGFR1\DUD-E\ABL1\nG1_50\ECFP6_256bits\Standard\ABL1_valid_vector.tsv
2023-05-28 16:46:21,733 [INFO] Output path : Vary_params_ABL_BRAF_FGFR1\DUD-E\ABL1\nG1_50\ECFP6_256bits\Standard\ABL1_model\MLP
2023-05-28 16:46:21,733 [INFO] Model type : MLP
2023-05-28 16:46:21,733 [INFO] Use cores : 18
2023-05-28 16:46:21,755 [INFO] Start Learning model
2023-05-28 16:46:21,755 [INFO] Train : 264 | Valid : 66
2023-05-28 16:46:21,755 [INFO] Set parameters : {'hidden_layer_sizes': [(50,), (100,), (50, 50), (100, 100)], 'learning_rate': ['constant', 'invscaling', 'adaptive'], 'activation': ['relu', 'identity', 'logistic', 'tanh'], 'solver': ['adam', 'sgd', 'lbfgs'], 'alpha': [0.1, 0.01, 0.001], 'max_iter': [500, 1000], 'early_stopping': [True]}
2023-05-28 16:47:45,375 [INFO] GridSearchCV results :
     mean_valid_accuracy  mean_valid_precision  mean_valid_auc
456             0.838462                   1.0        0.799545
522             0.838462                   1.0        0.799545
462             0.838462                   1.0        0.799545
537             0.838462                   1.0        0.799545
603             0.838462                   1.0        0.799545
..                   ...                   ...             ...
454             0.598575                   0.0        0.500000
627             0.598575                   0.0        0.500000
595             0.598575                   0.0        0.500000
471             0.598575                   0.0        0.500000
601             0.598575                   0.0        0.500000

[864 rows x 3 columns]
2023-05-28 16:47:45,377 [INFO] Best model :
MLPClassifier(activation='logistic', alpha=0.1, early_stopping=True,
              max_iter=500, random_state=42)
2023-05-28 16:47:45,381 [INFO] Save train_prediction_log data...
2023-05-28 16:47:45,384 [INFO] {'Data': 'train', 'ACC': '0.91 (241 / 264)', 'TP': 83, 'FP': 0, 'FN': 23, 'TN': 158, 'Precision': '1.0 (83 / 83 + 0)', 'Recall': '0.78 (83 / 83 + 23)', 'F1': '0.88 (2 * (0.78 * 1.0) / 0.78 + 1.0)', 'Specificity': '1.0 (158 / 158 + 0)', 'AUC': 0.89, 'r2': 0.64}
2023-05-28 16:47:45,387 [INFO] Save valid_prediction_log data...
2023-05-28 16:47:45,389 [INFO] {'Data': 'valid', 'ACC': '0.95 (63 / 66)', 'TP': 24, 'FP': 1, 'FN': 2, 'TN': 39, 'Precision': '0.96 (24 / 24 + 1)', 'Recall': '0.92 (24 / 24 + 2)', 'F1': '0.94 (2 * (0.92 * 0.96) / 0.92 + 0.96)', 'Specificity': '0.98 (39 / 39 + 1)', 'AUC': 0.95, 'r2': 0.81}
2023-05-28 16:47:45,400 [INFO] Save test_prediction_log data...
2023-05-28 16:47:45,402 [INFO] {'Data': 'test', 'ACC': '0.71 (47 / 66)', 'TP': 9, 'FP': 2, 'FN': 17, 'TN': 38, 'Precision': '0.82 (9 / 9 + 2)', 'Recall': '0.35 (9 / 9 + 17)', 'F1': '0.49 (2 * (0.35 * 0.82) / 0.35 + 0.82)', 'Specificity': '0.95 (38 / 38 + 2)', 'AUC': 0.65, 'r2': -0.21}
2023-05-28 16:47:45,404 [INFO] Save training_log data...
2023-05-28 16:47:45,409 [INFO] Save score_log data...
2023-05-28 16:47:45,410 [INFO] Time : 83.67654395103455
