2023-05-28 01:49:54,034 [INFO] Train data : Vary_params\DUD-E\WEE1\nG1_20\ECFP4_256bits\Robust\WEE1_train_vector.tsv
2023-05-28 01:49:54,034 [INFO] Valid data : Vary_params\DUD-E\WEE1\nG1_20\ECFP4_256bits\Robust\WEE1_valid_vector.tsv
2023-05-28 01:49:54,034 [INFO] Output path : Vary_params\DUD-E\WEE1\nG1_20\ECFP4_256bits\Robust\WEE1_model\MLP
2023-05-28 01:49:54,034 [INFO] Model type : MLP
2023-05-28 01:49:54,034 [INFO] Use cores : 10
2023-05-28 01:49:54,067 [INFO] Start Learning model
2023-05-28 01:49:54,067 [INFO] Train : 131 | Valid : 25
2023-05-28 01:49:54,067 [INFO] Set parameters : {'hidden_layer_sizes': [(50,), (100,), (50, 50), (100, 100)], 'learning_rate': ['constant', 'invscaling', 'adaptive'], 'activation': ['relu', 'identity', 'logistic', 'tanh'], 'solver': ['adam', 'sgd', 'lbfgs'], 'alpha': [0.1, 0.01, 0.001], 'max_iter': [500, 1000], 'early_stopping': [True]}
2023-05-28 01:51:53,180 [INFO] GridSearchCV results :
     mean_valid_accuracy  mean_valid_precision  mean_valid_auc
62              0.992857                   1.0        0.992857
530             0.992857                   1.0        0.992857
704             0.992857                   1.0        0.992857
707             0.992857                   1.0        0.992857
710             0.992857                   1.0        0.992857
..                   ...                   ...             ...
532             0.418681                   0.1        0.447619
601             0.418681                   0.1        0.447619
460             0.418681                   0.1        0.447619
604             0.418681                   0.1        0.447619
457             0.418681                   0.1        0.447619

[864 rows x 3 columns]
2023-05-28 01:51:53,181 [INFO] Best model :
MLPClassifier(alpha=0.1, early_stopping=True, max_iter=500, random_state=42,
              solver='lbfgs')
2023-05-28 01:51:53,215 [INFO] Save train_prediction_log data...
2023-05-28 01:51:53,220 [INFO] {'Data': 'train', 'ACC': '1.0 (131 / 131)', 'TP': 70, 'FP': 0, 'FN': 0, 'TN': 61, 'Precision': '1.0 (70 / 70 + 0)', 'Recall': '1.0 (70 / 70 + 0)', 'F1': '1.0 (2 * (1.0 * 1.0) / 1.0 + 1.0)', 'Specificity': '1.0 (61 / 61 + 0)', 'AUC': 1.0, 'r2': 1.0}
2023-05-28 01:51:53,225 [INFO] Save valid_prediction_log data...
2023-05-28 01:51:53,230 [INFO] {'Data': 'valid', 'ACC': '0.92 (23 / 25)', 'TP': 10, 'FP': 2, 'FN': 0, 'TN': 13, 'Precision': '0.83 (10 / 10 + 2)', 'Recall': '1.0 (10 / 10 + 0)', 'F1': '0.91 (2 * (1.0 * 0.83) / 1.0 + 0.83)', 'Specificity': '0.87 (13 / 13 + 2)', 'AUC': 0.93, 'r2': 0.67}
2023-05-28 01:51:53,244 [INFO] Save test_prediction_log data...
2023-05-28 01:51:53,248 [INFO] {'Data': 'test', 'ACC': '0.68 (17 / 25)', 'TP': 4, 'FP': 2, 'FN': 6, 'TN': 13, 'Precision': '0.67 (4 / 4 + 2)', 'Recall': '0.4 (4 / 4 + 6)', 'F1': '0.5 (2 * (0.4 * 0.67) / 0.4 + 0.67)', 'Specificity': '0.87 (13 / 13 + 2)', 'AUC': 0.63, 'r2': -0.33}
2023-05-28 01:51:53,252 [INFO] Save training_log data...
2023-05-28 01:51:53,258 [INFO] Save score_log data...
2023-05-28 01:51:53,259 [INFO] Time : 119.22480750083923
