2023-05-29 04:41:51,696 [INFO] Train data : Vary_params_CDK2_EGFR_LCK\DUD-E\LCK\nG1_20\ECFP6_256bits\MinMax\LCK_train_vector.tsv
2023-05-29 04:41:51,696 [INFO] Valid data : Vary_params_CDK2_EGFR_LCK\DUD-E\LCK\nG1_20\ECFP6_256bits\MinMax\LCK_valid_vector.tsv
2023-05-29 04:41:51,696 [INFO] Output path : Vary_params_CDK2_EGFR_LCK\DUD-E\LCK\nG1_20\ECFP6_256bits\MinMax\LCK_model\MLP
2023-05-29 04:41:51,696 [INFO] Model type : MLP
2023-05-29 04:41:51,696 [INFO] Use cores : 19
2023-05-29 04:41:51,717 [INFO] Start Learning model
2023-05-29 04:41:51,717 [INFO] Train : 766 | Valid : 185
2023-05-29 04:41:51,717 [INFO] Set parameters : {'hidden_layer_sizes': [(50,), (100,), (50, 50), (100, 100)], 'learning_rate': ['constant', 'invscaling', 'adaptive'], 'activation': ['relu', 'identity', 'logistic', 'tanh'], 'solver': ['adam', 'sgd', 'lbfgs'], 'alpha': [0.1, 0.01, 0.001], 'max_iter': [500, 1000], 'early_stopping': [True]}
2023-05-29 04:45:36,817 [INFO] GridSearchCV results :
     mean_valid_accuracy  mean_valid_precision  mean_valid_auc
618             0.917738              0.978246        0.905707
627             0.917738              0.978246        0.905707
624             0.917738              0.978246        0.905707
621             0.917738              0.978246        0.905707
615             0.917738              0.978246        0.905707
..                   ...                   ...             ...
622             0.577033              0.000000        0.500000
484             0.577033              0.000000        0.500000
481             0.577033              0.000000        0.500000
625             0.577033              0.000000        0.500000
538             0.577033              0.000000        0.500000

[864 rows x 3 columns]
2023-05-29 04:45:36,818 [INFO] Best model :
MLPClassifier(activation='logistic', alpha=0.001, early_stopping=True,
              hidden_layer_sizes=(50, 50), max_iter=500, random_state=42)
2023-05-29 04:45:36,826 [INFO] Save train_prediction_log data...
2023-05-29 04:45:36,829 [INFO] {'Data': 'train', 'ACC': '0.94 (719 / 766)', 'TP': 281, 'FP': 4, 'FN': 43, 'TN': 438, 'Precision': '0.99 (281 / 281 + 4)', 'Recall': '0.87 (281 / 281 + 43)', 'F1': '0.93 (2 * (0.87 * 0.99) / 0.87 + 0.99)', 'Specificity': '0.99 (438 / 438 + 4)', 'AUC': 0.93, 'r2': 0.75}
2023-05-29 04:45:36,834 [INFO] Save valid_prediction_log data...
2023-05-29 04:45:36,836 [INFO] {'Data': 'valid', 'ACC': '0.94 (174 / 185)', 'TP': 70, 'FP': 7, 'FN': 4, 'TN': 104, 'Precision': '0.91 (70 / 70 + 7)', 'Recall': '0.95 (70 / 70 + 4)', 'F1': '0.93 (2 * (0.95 * 0.91) / 0.95 + 0.91)', 'Specificity': '0.94 (104 / 104 + 7)', 'AUC': 0.94, 'r2': 0.75}
2023-05-29 04:45:36,847 [INFO] Save test_prediction_log data...
2023-05-29 04:45:36,849 [INFO] {'Data': 'test', 'ACC': '0.64 (118 / 185)', 'TP': 32, 'FP': 25, 'FN': 42, 'TN': 86, 'Precision': '0.56 (32 / 32 + 25)', 'Recall': '0.43 (32 / 32 + 42)', 'F1': '0.49 (2 * (0.43 * 0.56) / 0.43 + 0.56)', 'Specificity': '0.77 (86 / 86 + 25)', 'AUC': 0.6, 'r2': -0.51}
2023-05-29 04:45:36,851 [INFO] Save training_log data...
2023-05-29 04:45:36,856 [INFO] Save score_log data...
2023-05-29 04:45:36,857 [INFO] Time : 225.16115355491638
