2023-05-26 14:54:30,280 [INFO] Train data : Vary_params\DUD-E\MAPK2\nG1_50\ECFP4_512bits\Robust\MAPK2_train_vector.tsv
2023-05-26 14:54:30,280 [INFO] Valid data : Vary_params\DUD-E\MAPK2\nG1_50\ECFP4_512bits\Robust\MAPK2_valid_vector.tsv
2023-05-26 14:54:30,280 [INFO] Output path : Vary_params\DUD-E\MAPK2\nG1_50\ECFP4_512bits\Robust\MAPK2_model\MLP
2023-05-26 14:54:30,280 [INFO] Model type : MLP
2023-05-26 14:54:30,280 [INFO] Use cores : 10
2023-05-26 14:54:30,301 [INFO] Start Learning model
2023-05-26 14:54:30,301 [INFO] Train : 102 | Valid : 25
2023-05-26 14:54:30,301 [INFO] Set parameters : {'hidden_layer_sizes': [(50,), (100,), (50, 50), (100, 100)], 'learning_rate': ['constant', 'invscaling', 'adaptive'], 'activation': ['relu', 'identity', 'logistic', 'tanh'], 'solver': ['adam', 'sgd', 'lbfgs'], 'alpha': [0.1, 0.01, 0.001], 'max_iter': [500, 1000], 'early_stopping': [True]}
2023-05-26 14:57:13,870 [INFO] GridSearchCV results :
     mean_valid_accuracy  mean_valid_precision  mean_valid_auc
573             0.883636                   1.0          0.8575
633             0.854545                   1.0          0.8225
501             0.883636                   1.0          0.8575
498             0.883636                   1.0          0.8575
570             0.883636                   1.0          0.8575
..                   ...                   ...             ...
550             0.598182                   0.0          0.5000
552             0.598182                   0.0          0.5000
553             0.598182                   0.0          0.5000
613             0.598182                   0.0          0.5000
615             0.598182                   0.0          0.5000

[864 rows x 3 columns]
2023-05-26 14:57:13,872 [INFO] Best model :
MLPClassifier(activation='logistic', alpha=0.1, early_stopping=True,
              hidden_layer_sizes=(100, 100), max_iter=500, random_state=42)
2023-05-26 14:57:13,880 [INFO] Save train_prediction_log data...
2023-05-26 14:57:13,883 [INFO] {'Data': 'train', 'ACC': '0.96 (98 / 102)', 'TP': 37, 'FP': 0, 'FN': 4, 'TN': 61, 'Precision': '1.0 (37 / 37 + 0)', 'Recall': '0.9 (37 / 37 + 4)', 'F1': '0.95 (2 * (0.9 * 1.0) / 0.9 + 1.0)', 'Specificity': '1.0 (61 / 61 + 0)', 'AUC': 0.95, 'r2': 0.84}
2023-05-26 14:57:13,889 [INFO] Save valid_prediction_log data...
2023-05-26 14:57:13,892 [INFO] {'Data': 'valid', 'ACC': '0.92 (23 / 25)', 'TP': 8, 'FP': 0, 'FN': 2, 'TN': 15, 'Precision': '1.0 (8 / 8 + 0)', 'Recall': '0.8 (8 / 8 + 2)', 'F1': '0.89 (2 * (0.8 * 1.0) / 0.8 + 1.0)', 'Specificity': '1.0 (15 / 15 + 0)', 'AUC': 0.9, 'r2': 0.67}
2023-05-26 14:57:13,909 [INFO] Save test_prediction_log data...
2023-05-26 14:57:13,913 [INFO] {'Data': 'test', 'ACC': '0.72 (18 / 25)', 'TP': 3, 'FP': 0, 'FN': 7, 'TN': 15, 'Precision': '1.0 (3 / 3 + 0)', 'Recall': '0.3 (3 / 3 + 7)', 'F1': '0.46 (2 * (0.3 * 1.0) / 0.3 + 1.0)', 'Specificity': '1.0 (15 / 15 + 0)', 'AUC': 0.65, 'r2': -0.17}
2023-05-26 14:57:13,917 [INFO] Save training_log data...
2023-05-26 14:57:13,923 [INFO] Save score_log data...
2023-05-26 14:57:13,924 [INFO] Time : 163.6442630290985
