2023-05-29 14:19:31,660 [INFO] Train data : Vary_params_BRAF_MK14\DUD-E\BRAF\nG1_80\ECFP6_256bits\Standard\BRAF_train_vector.tsv
2023-05-29 14:19:31,660 [INFO] Valid data : Vary_params_BRAF_MK14\DUD-E\BRAF\nG1_80\ECFP6_256bits\Standard\BRAF_valid_vector.tsv
2023-05-29 14:19:31,660 [INFO] Output path : Vary_params_BRAF_MK14\DUD-E\BRAF\nG1_80\ECFP6_256bits\Standard\BRAF_model\MLP
2023-05-29 14:19:31,660 [INFO] Model type : MLP
2023-05-29 14:19:31,660 [INFO] Use cores : 10
2023-05-29 14:19:31,682 [INFO] Start Learning model
2023-05-29 14:19:31,682 [INFO] Train : 171 | Valid : 50
2023-05-29 14:19:31,682 [INFO] Set parameters : {'hidden_layer_sizes': [(50,), (100,), (50, 50), (100, 100)], 'learning_rate': ['constant', 'invscaling', 'adaptive'], 'activation': ['relu', 'identity', 'logistic', 'tanh'], 'solver': ['adam', 'sgd', 'lbfgs'], 'alpha': [0.1, 0.01, 0.001], 'max_iter': [500, 1000], 'early_stopping': [True]}
2023-05-29 14:21:51,634 [INFO] GridSearchCV results :
     mean_valid_accuracy  mean_valid_precision  mean_valid_auc
170             0.994118                   1.0          0.9900
662             0.994118                   1.0          0.9900
671             0.988562                   1.0          0.9800
126             0.883007                   1.0          0.8000
668             0.988562                   1.0          0.9800
..                   ...                   ...             ...
468             0.707516                   0.0          0.5000
538             0.707516                   0.0          0.5000
604             0.707516                   0.0          0.5000
469             0.689869                   0.0          0.4875
552             0.707516                   0.0          0.5000

[864 rows x 3 columns]
2023-05-29 14:21:51,635 [INFO] Best model :
MLPClassifier(alpha=0.1, early_stopping=True, hidden_layer_sizes=(50,),
              max_iter=500, random_state=42, solver='lbfgs')
2023-05-29 14:21:51,639 [INFO] Save train_prediction_log data...
2023-05-29 14:21:51,656 [INFO] {'Data': 'train', 'ACC': '1.0 (171 / 171)', 'TP': 50, 'FP': 0, 'FN': 0, 'TN': 121, 'Precision': '1.0 (50 / 50 + 0)', 'Recall': '1.0 (50 / 50 + 0)', 'F1': '1.0 (2 * (1.0 * 1.0) / 1.0 + 1.0)', 'Specificity': '1.0 (121 / 121 + 0)', 'AUC': 1.0, 'r2': 1.0}
2023-05-29 14:21:51,660 [INFO] Save valid_prediction_log data...
2023-05-29 14:21:51,662 [INFO] {'Data': 'valid', 'ACC': '1.0 (50 / 50)', 'TP': 20, 'FP': 0, 'FN': 0, 'TN': 30, 'Precision': '1.0 (20 / 20 + 0)', 'Recall': '1.0 (20 / 20 + 0)', 'F1': '1.0 (2 * (1.0 * 1.0) / 1.0 + 1.0)', 'Specificity': '1.0 (30 / 30 + 0)', 'AUC': 1.0, 'r2': 1.0}
2023-05-29 14:21:51,674 [INFO] Save test_prediction_log data...
2023-05-29 14:21:51,677 [INFO] {'Data': 'test', 'ACC': '0.6 (30 / 50)', 'TP': 5, 'FP': 5, 'FN': 15, 'TN': 25, 'Precision': '0.5 (5 / 5 + 5)', 'Recall': '0.25 (5 / 5 + 15)', 'F1': '0.33 (2 * (0.25 * 0.5) / 0.25 + 0.5)', 'Specificity': '0.83 (25 / 25 + 5)', 'AUC': 0.54, 'r2': -0.67}
2023-05-29 14:21:51,680 [INFO] Save training_log data...
2023-05-29 14:21:51,685 [INFO] Save score_log data...
2023-05-29 14:21:51,686 [INFO] Time : 140.025470495224
