2023-05-28 03:55:49,659 [INFO] Train data : Vary_params_SH\DUD-E\TGFR1\nG1_20\ECFP4_512bits\Robust\TGFR1_train_vector.tsv
2023-05-28 03:55:49,659 [INFO] Valid data : Vary_params_SH\DUD-E\TGFR1\nG1_20\ECFP4_512bits\Robust\TGFR1_valid_vector.tsv
2023-05-28 03:55:49,659 [INFO] Output path : Vary_params_SH\DUD-E\TGFR1\nG1_20\ECFP4_512bits\Robust\TGFR1_model\SVM
2023-05-28 03:55:49,659 [INFO] Model type : SVM
2023-05-28 03:55:49,660 [INFO] Use cores : 3
2023-05-28 03:55:49,696 [INFO] Start Learning model
2023-05-28 03:55:49,696 [INFO] Train : 194 | Valid : 41
2023-05-28 03:55:49,697 [INFO] Set parameters : {'kernel': ['linear', 'rbf'], 'C': [0.01, 0.1, 1, 10, 100, 1000], 'gamma': [0.01, 0.1, 1, 100, 1000]}
2023-05-28 03:55:55,738 [INFO] GridSearchCV results :
    mean_valid_accuracy  mean_valid_precision  mean_valid_auc
0              0.979737              0.970909            0.98
20             0.979737              0.970909            0.98
24             0.979737              0.970909            0.98
26             0.979737              0.970909            0.98
28             0.979737              0.970909            0.98
32             0.979737              0.970909            0.98
34             0.979737              0.970909            0.98
36             0.979737              0.970909            0.98
38             0.979737              0.970909            0.98
40             0.979737              0.970909            0.98
42             0.979737              0.970909            0.98
44             0.979737              0.970909            0.98
46             0.979737              0.970909            0.98
48             0.979737              0.970909            0.98
50             0.979737              0.970909            0.98
52             0.979737              0.970909            0.98
54             0.979737              0.970909            0.98
56             0.979737              0.970909            0.98
58             0.979737              0.970909            0.98
22             0.979737              0.970909            0.98
30             0.979737              0.970909            0.98
10             0.979737              0.970909            0.98
2              0.979737              0.970909            0.98
18             0.979737              0.970909            0.98
8              0.979737              0.970909            0.98
16             0.979737              0.970909            0.98
4              0.979737              0.970909            0.98
12             0.979737              0.970909            0.98
6              0.979737              0.970909            0.98
14             0.979737              0.970909            0.98
49             0.505263              0.000000            0.50
9              0.505263              0.000000            0.50
45             0.505263              0.000000            0.50
47             0.505263              0.000000            0.50
7              0.505263              0.000000            0.50
21             0.505263              0.000000            0.50
43             0.505263              0.000000            0.50
5              0.505263              0.000000            0.50
53             0.505263              0.000000            0.50
55             0.505263              0.000000            0.50
3              0.505263              0.000000            0.50
57             0.505263              0.000000            0.50
51             0.505263              0.000000            0.50
11             0.505263              0.000000            0.50
41             0.505263              0.000000            0.50
19             0.505263              0.000000            0.50
39             0.505263              0.000000            0.50
37             0.505263              0.000000            0.50
13             0.505263              0.000000            0.50
35             0.505263              0.000000            0.50
33             0.505263              0.000000            0.50
15             0.505263              0.000000            0.50
31             0.505263              0.000000            0.50
1              0.505263              0.000000            0.50
29             0.505263              0.000000            0.50
27             0.505263              0.000000            0.50
17             0.505263              0.000000            0.50
25             0.505263              0.000000            0.50
23             0.505263              0.000000            0.50
59             0.505263              0.000000            0.50
2023-05-28 03:55:55,741 [INFO] Best model :
SVC(C=0.01, gamma=0.01, kernel='linear', random_state=42)
2023-05-28 03:55:55,754 [INFO] Save train_prediction_log data...
2023-05-28 03:55:55,759 [INFO] {'Data': 'train', 'ACC': '1.0 (194 / 194)', 'TP': 96, 'FP': 0, 'FN': 0, 'TN': 98, 'Precision': '1.0 (96 / 96 + 0)', 'Recall': '1.0 (96 / 96 + 0)', 'F1': '1.0 (2 * (1.0 * 1.0) / 1.0 + 1.0)', 'Specificity': '1.0 (98 / 98 + 0)', 'AUC': 1.0, 'r2': 1.0}
2023-05-28 03:55:55,768 [INFO] Save valid_prediction_log data...
2023-05-28 03:55:55,772 [INFO] {'Data': 'valid', 'ACC': '0.98 (40 / 41)', 'TP': 16, 'FP': 1, 'FN': 0, 'TN': 24, 'Precision': '0.94 (16 / 16 + 1)', 'Recall': '1.0 (16 / 16 + 0)', 'F1': '0.97 (2 * (1.0 * 0.94) / 1.0 + 0.94)', 'Specificity': '0.96 (24 / 24 + 1)', 'AUC': 0.98, 'r2': 0.9}
2023-05-28 03:55:55,798 [INFO] Save test_prediction_log data...
2023-05-28 03:55:55,801 [INFO] {'Data': 'test', 'ACC': '0.54 (22 / 41)', 'TP': 8, 'FP': 11, 'FN': 8, 'TN': 14, 'Precision': '0.42 (8 / 8 + 11)', 'Recall': '0.5 (8 / 8 + 8)', 'F1': '0.46 (2 * (0.5 * 0.42) / 0.5 + 0.42)', 'Specificity': '0.56 (14 / 14 + 11)', 'AUC': 0.53, 'r2': -0.95}
2023-05-28 03:55:55,805 [INFO] Save training_log data...
2023-05-28 03:55:55,808 [INFO] Save score_log data...
2023-05-28 03:55:55,810 [INFO] Time : 6.150734901428223
