2023-05-28 18:21:42,383 [INFO] Train data : Vary_params\DUD-E\FAK1\nG1_50\ECFP6_256bits\Robust\FAK1_train_vector.tsv
2023-05-28 18:21:42,383 [INFO] Valid data : Vary_params\DUD-E\FAK1\nG1_50\ECFP6_256bits\Robust\FAK1_valid_vector.tsv
2023-05-28 18:21:42,383 [INFO] Output path : Vary_params\DUD-E\FAK1\nG1_50\ECFP6_256bits\Robust\FAK1_model\RF
2023-05-28 18:21:42,383 [INFO] Model type : RF
2023-05-28 18:21:42,383 [INFO] Use cores : 11
2023-05-28 18:21:42,410 [INFO] Start Learning model
2023-05-28 18:21:42,410 [INFO] Train : 93 | Valid : 23
2023-05-28 18:21:42,411 [INFO] Set parameters : {'max_depth': [6, 8, 10, 12], 'max_features': ['sqrt', 'log2'], 'min_samples_leaf': [2, 4, 8, 10], 'min_samples_split': [2, 4, 8, 10], 'n_estimators': [200, 600, 1000]}
2023-05-28 18:27:09,735 [INFO] GridSearchCV results :
     mean_valid_accuracy  mean_valid_precision  mean_valid_auc
0                   0.99                   1.0          0.9875
1                   0.99                   1.0          0.9875
262                 0.98                   1.0          0.9750
261                 0.99                   1.0          0.9875
260                 0.97                   1.0          0.9625
..                   ...                   ...             ...
125                 0.97                   1.0          0.9625
124                 0.97                   1.0          0.9625
123                 0.97                   1.0          0.9625
122                 0.97                   1.0          0.9625
383                 0.96                   1.0          0.9500

[384 rows x 3 columns]
2023-05-28 18:27:09,736 [INFO] Best model :
RandomForestClassifier(class_weight='balanced', max_depth=6, min_samples_leaf=2,
                       n_estimators=200, random_state=42)
2023-05-28 18:27:09,752 [INFO] Save train_prediction_log data...
2023-05-28 18:27:09,758 [INFO] {'Data': 'train', 'ACC': '1.0 (93 / 93)', 'TP': 37, 'FP': 0, 'FN': 0, 'TN': 56, 'Precision': '1.0 (37 / 37 + 0)', 'Recall': '1.0 (37 / 37 + 0)', 'F1': '1.0 (2 * (1.0 * 1.0) / 1.0 + 1.0)', 'Specificity': '1.0 (56 / 56 + 0)', 'AUC': 1.0, 'r2': 1.0}
2023-05-28 18:27:09,778 [INFO] Save valid_prediction_log data...
2023-05-28 18:27:09,780 [INFO] {'Data': 'valid', 'ACC': '1.0 (23 / 23)', 'TP': 9, 'FP': 0, 'FN': 0, 'TN': 14, 'Precision': '1.0 (9 / 9 + 0)', 'Recall': '1.0 (9 / 9 + 0)', 'F1': '1.0 (2 * (1.0 * 1.0) / 1.0 + 1.0)', 'Specificity': '1.0 (14 / 14 + 0)', 'AUC': 1.0, 'r2': 1.0}
2023-05-28 18:27:09,829 [INFO] Save test_prediction_log data...
2023-05-28 18:27:09,832 [INFO] {'Data': 'test', 'ACC': '0.61 (14 / 23)', 'TP': 1, 'FP': 1, 'FN': 8, 'TN': 13, 'Precision': '0.5 (1 / 1 + 1)', 'Recall': '0.11 (1 / 1 + 8)', 'F1': '0.18 (2 * (0.11 * 0.5) / 0.11 + 0.5)', 'Specificity': '0.93 (13 / 13 + 1)', 'AUC': 0.52, 'r2': -0.64}
2023-05-28 18:27:09,880 [INFO] Save training_log data...
2023-05-28 18:27:09,882 [INFO] Save score_log data...
2023-05-28 18:27:09,883 [INFO] Time : 327.50048422813416
