2023-05-28 10:19:15,211 [INFO] Train data : AF_Baseline\DUD-E\LCK\ECFP4_256bits\Robust\LCK_train.tsv
2023-05-28 10:19:15,211 [INFO] Valid data : AF_Baseline\DUD-E\LCK\ECFP4_256bits\Robust\LCK_valid.tsv
2023-05-28 10:19:15,211 [INFO] Output path : AF_Baseline\DUD-E\LCK\ECFP4_256bits\Robust\LCK_model\SVM
2023-05-28 10:19:15,211 [INFO] Model type : SVM
2023-05-28 10:19:15,211 [INFO] Use cores : 12
2023-05-28 10:19:15,230 [INFO] Start Learning model
2023-05-28 10:19:15,230 [INFO] Train : 736 | Valid : 185
2023-05-28 10:19:15,230 [INFO] Set parameters : {'kernel': ['linear', 'rbf'], 'C': [0.01, 0.1, 1, 10, 100, 1000], 'gamma': [0.01, 0.1, 1, 100, 1000]}
2023-05-28 10:19:19,287 [INFO] GridSearchCV results :
    mean_valid_accuracy  mean_valid_precision  mean_valid_auc
43             0.895280              1.000000        0.868851
23             0.889837              1.000000        0.862011
53             0.895280              1.000000        0.868851
11             0.894039              1.000000        0.867471
33             0.895280              1.000000        0.868851
21             0.964680              0.975977        0.959937
0              0.953795              0.968283        0.947402
2              0.953795              0.968283        0.947402
4              0.953795              0.968283        0.947402
6              0.953795              0.968283        0.947402
8              0.953795              0.968283        0.947402
51             0.964680              0.966529        0.961726
41             0.964680              0.966529        0.961726
31             0.966031              0.966529        0.963393
14             0.959237              0.956932        0.956625
18             0.959237              0.956932        0.956625
10             0.959237              0.956932        0.956625
16             0.959237              0.956932        0.956625
12             0.959237              0.956932        0.956625
50             0.936172              0.913959        0.935860
48             0.936172              0.913959        0.935860
46             0.936172              0.913959        0.935860
44             0.936172              0.913959        0.935860
52             0.936172              0.913959        0.935860
56             0.936172              0.913959        0.935860
42             0.936172              0.913959        0.935860
58             0.936172              0.913959        0.935860
40             0.936172              0.913959        0.935860
38             0.936172              0.913959        0.935860
36             0.936172              0.913959        0.935860
34             0.936172              0.913959        0.935860
54             0.936172              0.913959        0.935860
30             0.936172              0.913959        0.935860
32             0.936172              0.913959        0.935860
28             0.936172              0.913959        0.935860
22             0.936172              0.913959        0.935860
24             0.936172              0.913959        0.935860
26             0.936172              0.913959        0.935860
20             0.936172              0.913959        0.935860
39             0.600555              0.000000        0.500000
17             0.600555              0.000000        0.500000
3              0.600555              0.000000        0.500000
57             0.600555              0.000000        0.500000
5              0.600555              0.000000        0.500000
55             0.600555              0.000000        0.500000
7              0.600555              0.000000        0.500000
9              0.600555              0.000000        0.500000
13             0.600555              0.000000        0.500000
15             0.600555              0.000000        0.500000
49             0.600555              0.000000        0.500000
27             0.600555              0.000000        0.500000
19             0.600555              0.000000        0.500000
47             0.600555              0.000000        0.500000
1              0.600555              0.000000        0.500000
45             0.600555              0.000000        0.500000
35             0.600555              0.000000        0.500000
29             0.600555              0.000000        0.500000
25             0.600555              0.000000        0.500000
37             0.600555              0.000000        0.500000
59             0.600555              0.000000        0.500000
2023-05-28 10:19:19,289 [INFO] Best model :
SVC(C=0.1, gamma=0.01, random_state=42)
2023-05-28 10:19:19,332 [INFO] Save train_prediction_log data...
2023-05-28 10:19:19,335 [INFO] {'Data': 'train', 'ACC': '0.93 (684 / 736)', 'TP': 242, 'FP': 0, 'FN': 52, 'TN': 442, 'Precision': '1.0 (242 / 242 + 0)', 'Recall': '0.82 (242 / 242 + 52)', 'F1': '0.9 (2 * (0.82 * 1.0) / 0.82 + 1.0)', 'Specificity': '1.0 (442 / 442 + 0)', 'AUC': 0.91, 'r2': 0.71}
2023-05-28 10:19:19,348 [INFO] Save valid_prediction_log data...
2023-05-28 10:19:19,350 [INFO] {'Data': 'valid', 'ACC': '0.97 (179 / 185)', 'TP': 68, 'FP': 0, 'FN': 6, 'TN': 111, 'Precision': '1.0 (68 / 68 + 0)', 'Recall': '0.92 (68 / 68 + 6)', 'F1': '0.96 (2 * (0.92 * 1.0) / 0.92 + 1.0)', 'Specificity': '1.0 (111 / 111 + 0)', 'AUC': 0.96, 'r2': 0.86}
2023-05-28 10:19:19,368 [INFO] Save test_prediction_log data...
2023-05-28 10:19:19,370 [INFO] {'Data': 'test', 'ACC': '0.69 (128 / 185)', 'TP': 26, 'FP': 9, 'FN': 48, 'TN': 102, 'Precision': '0.74 (26 / 26 + 9)', 'Recall': '0.35 (26 / 26 + 48)', 'F1': '0.48 (2 * (0.35 * 0.74) / 0.35 + 0.74)', 'Specificity': '0.92 (102 / 102 + 9)', 'AUC': 0.64, 'r2': -0.28}
2023-05-28 10:19:19,372 [INFO] Save training_log data...
2023-05-28 10:19:19,373 [INFO] Save score_log data...
2023-05-28 10:19:19,374 [INFO] Time : 4.162958860397339
