2023-05-27 00:46:56,410 [INFO] Train data : Vary_params\DUD-E\AKT1\nG1_50\ECFP6_256bits\MinMax\AKT1_train_vector.tsv
2023-05-27 00:46:56,410 [INFO] Valid data : Vary_params\DUD-E\AKT1\nG1_50\ECFP6_256bits\MinMax\AKT1_valid_vector.tsv
2023-05-27 00:46:56,410 [INFO] Output path : Vary_params\DUD-E\AKT1\nG1_50\ECFP6_256bits\MinMax\AKT1_model\SVM
2023-05-27 00:46:56,410 [INFO] Model type : SVM
2023-05-27 00:46:56,410 [INFO] Use cores : 11
2023-05-27 00:46:56,430 [INFO] Start Learning model
2023-05-27 00:46:56,430 [INFO] Train : 481 | Valid : 120
2023-05-27 00:46:56,430 [INFO] Set parameters : {'kernel': ['linear', 'rbf'], 'C': [0.01, 0.1, 1, 10, 100, 1000], 'gamma': [0.01, 0.1, 1, 100, 1000]}
2023-05-27 00:47:00,984 [INFO] GridSearchCV results :
    mean_valid_accuracy  mean_valid_precision  mean_valid_auc
53             0.796471              1.000000        0.745921
23             0.769430              1.000000        0.711974
11             0.833886              1.000000        0.792368
43             0.796471              1.000000        0.745921
33             0.796471              1.000000        0.745921
21             0.954507              0.983854        0.946275
4              0.946173              0.973854        0.937564
6              0.946173              0.973854        0.937564
8              0.946173              0.973854        0.937564
2              0.946173              0.973854        0.937564
0              0.946173              0.973854        0.937564
41             0.979294              0.969737        0.979524
51             0.979294              0.969737        0.979524
31             0.979294              0.969737        0.979524
34             0.968835              0.942486        0.971556
36             0.968835              0.942486        0.971556
38             0.968835              0.942486        0.971556
40             0.968835              0.942486        0.971556
48             0.968835              0.942486        0.971556
42             0.968835              0.942486        0.971556
44             0.968835              0.942486        0.971556
46             0.968835              0.942486        0.971556
50             0.968835              0.942486        0.971556
52             0.968835              0.942486        0.971556
54             0.968835              0.942486        0.971556
56             0.968835              0.942486        0.971556
58             0.968835              0.942486        0.971556
32             0.968835              0.942486        0.971556
30             0.968835              0.942486        0.971556
16             0.964753              0.942486        0.966556
24             0.968835              0.942486        0.971556
12             0.964753              0.942486        0.966556
10             0.964753              0.942486        0.966556
18             0.964753              0.942486        0.966556
20             0.968835              0.942486        0.971556
14             0.964753              0.942486        0.966556
22             0.968835              0.942486        0.971556
26             0.968835              0.942486        0.971556
28             0.968835              0.942486        0.971556
55             0.600850              0.000000        0.500000
5              0.600850              0.000000        0.500000
7              0.600850              0.000000        0.500000
57             0.600850              0.000000        0.500000
9              0.600850              0.000000        0.500000
3              0.600850              0.000000        0.500000
13             0.600850              0.000000        0.500000
49             0.600850              0.000000        0.500000
29             0.600850              0.000000        0.500000
47             0.600850              0.000000        0.500000
15             0.600850              0.000000        0.500000
45             0.600850              0.000000        0.500000
1              0.600850              0.000000        0.500000
17             0.600850              0.000000        0.500000
19             0.600850              0.000000        0.500000
39             0.600850              0.000000        0.500000
37             0.600850              0.000000        0.500000
35             0.600850              0.000000        0.500000
25             0.600850              0.000000        0.500000
27             0.600850              0.000000        0.500000
59             0.600850              0.000000        0.500000
2023-05-27 00:47:00,985 [INFO] Best model :
SVC(C=0.1, gamma=0.01, random_state=42)
2023-05-27 00:47:01,031 [INFO] Save train_prediction_log data...
2023-05-27 00:47:01,038 [INFO] {'Data': 'train', 'ACC': '0.88 (423 / 481)', 'TP': 134, 'FP': 0, 'FN': 58, 'TN': 289, 'Precision': '1.0 (134 / 134 + 0)', 'Recall': '0.7 (134 / 134 + 58)', 'F1': '0.82 (2 * (0.7 * 1.0) / 0.7 + 1.0)', 'Specificity': '1.0 (289 / 289 + 0)', 'AUC': 0.85, 'r2': 0.5}
2023-05-27 00:47:01,052 [INFO] Save valid_prediction_log data...
2023-05-27 00:47:01,054 [INFO] {'Data': 'valid', 'ACC': '0.98 (117 / 120)', 'TP': 45, 'FP': 0, 'FN': 3, 'TN': 72, 'Precision': '1.0 (45 / 45 + 0)', 'Recall': '0.94 (45 / 45 + 3)', 'F1': '0.97 (2 * (0.94 * 1.0) / 0.94 + 1.0)', 'Specificity': '1.0 (72 / 72 + 0)', 'AUC': 0.97, 'r2': 0.9}
2023-05-27 00:47:01,073 [INFO] Save test_prediction_log data...
2023-05-27 00:47:01,077 [INFO] {'Data': 'test', 'ACC': '0.66 (79 / 120)', 'TP': 7, 'FP': 0, 'FN': 41, 'TN': 72, 'Precision': '1.0 (7 / 7 + 0)', 'Recall': '0.15 (7 / 7 + 41)', 'F1': '0.26 (2 * (0.15 * 1.0) / 0.15 + 1.0)', 'Specificity': '1.0 (72 / 72 + 0)', 'AUC': 0.57, 'r2': -0.42}
2023-05-27 00:47:01,079 [INFO] Save training_log data...
2023-05-27 00:47:01,080 [INFO] Save score_log data...
2023-05-27 00:47:01,082 [INFO] Time : 4.672415018081665
