2023-05-28 12:51:37,201 [INFO] Train data : Vary_params_A\DUD-E\MK10\nG1_50\ECFP4_256bits\Standard\MK10_train_vector.tsv
2023-05-28 12:51:37,201 [INFO] Valid data : Vary_params_A\DUD-E\MK10\nG1_50\ECFP4_256bits\Standard\MK10_valid_vector.tsv
2023-05-28 12:51:37,201 [INFO] Output path : Vary_params_A\DUD-E\MK10\nG1_50\ECFP4_256bits\Standard\MK10_model\SVM
2023-05-28 12:51:37,201 [INFO] Model type : SVM
2023-05-28 12:51:37,201 [INFO] Use cores : 3
2023-05-28 12:51:37,237 [INFO] Start Learning model
2023-05-28 12:51:37,238 [INFO] Train : 104 | Valid : 26
2023-05-28 12:51:37,238 [INFO] Set parameters : {'kernel': ['linear', 'rbf'], 'C': [0.01, 0.1, 1, 10, 100, 1000], 'gamma': [0.01, 0.1, 1, 100, 1000]}
2023-05-28 12:51:41,819 [INFO] GridSearchCV results :
    mean_valid_accuracy  mean_valid_precision  mean_valid_auc
0              0.960909                  0.94           0.965
20             0.960909                  0.94           0.965
24             0.960909                  0.94           0.965
26             0.960909                  0.94           0.965
28             0.960909                  0.94           0.965
32             0.960909                  0.94           0.965
34             0.960909                  0.94           0.965
36             0.960909                  0.94           0.965
38             0.960909                  0.94           0.965
40             0.960909                  0.94           0.965
42             0.960909                  0.94           0.965
44             0.960909                  0.94           0.965
46             0.960909                  0.94           0.965
48             0.960909                  0.94           0.965
50             0.960909                  0.94           0.965
52             0.960909                  0.94           0.965
54             0.960909                  0.94           0.965
56             0.960909                  0.94           0.965
58             0.960909                  0.94           0.965
22             0.960909                  0.94           0.965
30             0.960909                  0.94           0.965
2              0.960909                  0.94           0.965
18             0.960909                  0.94           0.965
10             0.960909                  0.94           0.965
8              0.960909                  0.94           0.965
16             0.960909                  0.94           0.965
4              0.960909                  0.94           0.965
12             0.960909                  0.94           0.965
14             0.960909                  0.94           0.965
6              0.960909                  0.94           0.965
41             0.831818                  0.90           0.795
31             0.831818                  0.90           0.795
51             0.831818                  0.90           0.795
21             0.822727                  0.80           0.785
7              0.596364                  0.00           0.500
47             0.596364                  0.00           0.500
5              0.596364                  0.00           0.500
49             0.596364                  0.00           0.500
9              0.596364                  0.00           0.500
53             0.596364                  0.00           0.500
55             0.596364                  0.00           0.500
3              0.596364                  0.00           0.500
57             0.596364                  0.00           0.500
45             0.596364                  0.00           0.500
11             0.596364                  0.00           0.500
43             0.596364                  0.00           0.500
19             0.596364                  0.00           0.500
39             0.596364                  0.00           0.500
37             0.596364                  0.00           0.500
13             0.596364                  0.00           0.500
35             0.596364                  0.00           0.500
33             0.596364                  0.00           0.500
15             0.596364                  0.00           0.500
1              0.596364                  0.00           0.500
29             0.596364                  0.00           0.500
27             0.596364                  0.00           0.500
17             0.596364                  0.00           0.500
25             0.596364                  0.00           0.500
23             0.596364                  0.00           0.500
59             0.596364                  0.00           0.500
2023-05-28 12:51:41,821 [INFO] Best model :
SVC(C=0.01, gamma=0.01, kernel='linear', random_state=42)
2023-05-28 12:51:41,827 [INFO] Save train_prediction_log data...
2023-05-28 12:51:41,832 [INFO] {'Data': 'train', 'ACC': '1.0 (104 / 104)', 'TP': 42, 'FP': 0, 'FN': 0, 'TN': 62, 'Precision': '1.0 (42 / 42 + 0)', 'Recall': '1.0 (42 / 42 + 0)', 'F1': '1.0 (2 * (1.0 * 1.0) / 1.0 + 1.0)', 'Specificity': '1.0 (62 / 62 + 0)', 'AUC': 1.0, 'r2': 1.0}
2023-05-28 12:51:41,837 [INFO] Save valid_prediction_log data...
2023-05-28 12:51:41,840 [INFO] {'Data': 'valid', 'ACC': '0.96 (25 / 26)', 'TP': 10, 'FP': 1, 'FN': 0, 'TN': 15, 'Precision': '0.91 (10 / 10 + 1)', 'Recall': '1.0 (10 / 10 + 0)', 'F1': '0.95 (2 * (1.0 * 0.91) / 1.0 + 0.91)', 'Specificity': '0.94 (15 / 15 + 1)', 'AUC': 0.97, 'r2': 0.84}
2023-05-28 12:51:41,854 [INFO] Save test_prediction_log data...
2023-05-28 12:51:41,858 [INFO] {'Data': 'test', 'ACC': '0.73 (19 / 26)', 'TP': 5, 'FP': 2, 'FN': 5, 'TN': 14, 'Precision': '0.71 (5 / 5 + 2)', 'Recall': '0.5 (5 / 5 + 5)', 'F1': '0.59 (2 * (0.5 * 0.71) / 0.5 + 0.71)', 'Specificity': '0.88 (14 / 14 + 2)', 'AUC': 0.69, 'r2': -0.14}
2023-05-28 12:51:41,861 [INFO] Save training_log data...
2023-05-28 12:51:41,863 [INFO] Save score_log data...
2023-05-28 12:51:41,865 [INFO] Time : 4.663175582885742
