2023-05-27 17:39:34,715 [INFO] Train data : Vary_params_CDK2_EGFR_LCK\DUD-E\CDK2\nG1_20\ECFP6_512bits\MinMax\CDK2_train_vector.tsv
2023-05-27 17:39:34,715 [INFO] Valid data : Vary_params_CDK2_EGFR_LCK\DUD-E\CDK2\nG1_20\ECFP6_512bits\MinMax\CDK2_valid_vector.tsv
2023-05-27 17:39:34,715 [INFO] Output path : Vary_params_CDK2_EGFR_LCK\DUD-E\CDK2\nG1_20\ECFP6_512bits\MinMax\CDK2_model\RF
2023-05-27 17:39:34,715 [INFO] Model type : RF
2023-05-27 17:39:34,715 [INFO] Use cores : 19
2023-05-27 17:39:34,750 [INFO] Start Learning model
2023-05-27 17:39:34,751 [INFO] Train : 878 | Valid : 212
2023-05-27 17:39:34,751 [INFO] Set parameters : {'max_depth': [6, 8, 10, 12], 'max_features': ['sqrt', 'log2'], 'min_samples_leaf': [2, 4, 8, 10], 'min_samples_split': [2, 4, 8, 10], 'n_estimators': [200, 600, 1000]}
2023-05-27 17:43:27,473 [INFO] GridSearchCV results :
     mean_valid_accuracy  mean_valid_precision  mean_valid_auc
337             0.937343              0.980742        0.928235
340             0.937343              0.980742        0.928235
341             0.938480              0.976849        0.929957
338             0.938480              0.976849        0.929957
246             0.929389              0.976351        0.919146
..                   ...                   ...             ...
235             0.912252              0.916091        0.907331
335             0.911102              0.916007        0.905960
332             0.911102              0.916007        0.905960
329             0.911102              0.916007        0.905960
326             0.911102              0.916007        0.905960

[384 rows x 3 columns]
2023-05-27 17:43:27,474 [INFO] Best model :
RandomForestClassifier(class_weight='balanced', max_depth=12,
                       max_features='log2', min_samples_leaf=2,
                       n_estimators=600, random_state=42)
2023-05-27 17:43:27,530 [INFO] Save train_prediction_log data...
2023-05-27 17:43:27,533 [INFO] {'Data': 'train', 'ACC': '1.0 (874 / 878)', 'TP': 365, 'FP': 0, 'FN': 4, 'TN': 509, 'Precision': '1.0 (365 / 365 + 0)', 'Recall': '0.99 (365 / 365 + 4)', 'F1': '0.99 (2 * (0.99 * 1.0) / 0.99 + 1.0)', 'Specificity': '1.0 (509 / 509 + 0)', 'AUC': 0.99, 'r2': 0.98}
2023-05-27 17:43:27,564 [INFO] Save valid_prediction_log data...
2023-05-27 17:43:27,566 [INFO] {'Data': 'valid', 'ACC': '0.99 (209 / 212)', 'TP': 84, 'FP': 2, 'FN': 1, 'TN': 125, 'Precision': '0.98 (84 / 84 + 2)', 'Recall': '0.99 (84 / 84 + 1)', 'F1': '0.98 (2 * (0.99 * 0.98) / 0.99 + 0.98)', 'Specificity': '0.98 (125 / 125 + 2)', 'AUC': 0.99, 'r2': 0.94}
2023-05-27 17:43:27,606 [INFO] Save test_prediction_log data...
2023-05-27 17:43:27,608 [INFO] {'Data': 'test', 'ACC': '0.63 (133 / 212)', 'TP': 58, 'FP': 52, 'FN': 27, 'TN': 75, 'Precision': '0.53 (58 / 58 + 52)', 'Recall': '0.68 (58 / 58 + 27)', 'F1': '0.6 (2 * (0.68 * 0.53) / 0.68 + 0.53)', 'Specificity': '0.59 (75 / 75 + 52)', 'AUC': 0.64, 'r2': -0.55}
2023-05-27 17:43:27,700 [INFO] Save training_log data...
2023-05-27 17:43:27,703 [INFO] Save score_log data...
2023-05-27 17:43:27,704 [INFO] Time : 232.98876953125
