2023-05-30 21:10:24,825 [INFO] Train data : Vary_params_BRAF_MK14\DUD-E\MK14\nG1_80\ECFP4_512bits\Standard\MK14_train_vector.tsv
2023-05-30 21:10:24,825 [INFO] Valid data : Vary_params_BRAF_MK14\DUD-E\MK14\nG1_80\ECFP4_512bits\Standard\MK14_valid_vector.tsv
2023-05-30 21:10:24,825 [INFO] Output path : Vary_params_BRAF_MK14\DUD-E\MK14\nG1_80\ECFP4_512bits\Standard\MK14_model\MLP
2023-05-30 21:10:24,825 [INFO] Model type : MLP
2023-05-30 21:10:24,825 [INFO] Use cores : 10
2023-05-30 21:10:24,922 [INFO] Start Learning model
2023-05-30 21:10:24,922 [INFO] Train : 871 | Valid : 225
2023-05-30 21:10:24,922 [INFO] Set parameters : {'hidden_layer_sizes': [(50,), (100,), (50, 50), (100, 100)], 'learning_rate': ['constant', 'invscaling', 'adaptive'], 'activation': ['relu', 'identity', 'logistic', 'tanh'], 'solver': ['adam', 'sgd', 'lbfgs'], 'alpha': [0.1, 0.01, 0.001], 'max_iter': [500, 1000], 'early_stopping': [True]}
2023-05-30 21:22:32,800 [INFO] GridSearchCV results :
     mean_valid_accuracy  mean_valid_precision  mean_valid_auc
141             0.981661              0.975992        0.980488
135             0.981661              0.975992        0.980488
60              0.981661              0.975992        0.980488
57              0.981661              0.975992        0.980488
198             0.981661              0.975992        0.980488
..                   ...                   ...             ...
478             0.621121              0.000000        0.500000
541             0.621121              0.000000        0.500000
43              0.618822              0.000000        0.498148
613             0.621121              0.000000        0.500000
499             0.621121              0.000000        0.500000

[864 rows x 3 columns]
2023-05-30 21:22:32,802 [INFO] Best model :
MLPClassifier(alpha=0.1, early_stopping=True, hidden_layer_sizes=(100, 100),
              max_iter=500, random_state=42)
2023-05-30 21:22:32,812 [INFO] Save train_prediction_log data...
2023-05-30 21:22:33,210 [INFO] {'Data': 'train', 'ACC': '1.0 (868 / 871)', 'TP': 327, 'FP': 0, 'FN': 3, 'TN': 541, 'Precision': '1.0 (327 / 327 + 0)', 'Recall': '0.99 (327 / 327 + 3)', 'F1': '0.99 (2 * (0.99 * 1.0) / 0.99 + 1.0)', 'Specificity': '1.0 (541 / 541 + 0)', 'AUC': 1.0, 'r2': 0.99}
2023-05-30 21:22:33,216 [INFO] Save valid_prediction_log data...
2023-05-30 21:22:33,340 [INFO] {'Data': 'valid', 'ACC': '0.98 (221 / 225)', 'TP': 89, 'FP': 3, 'FN': 1, 'TN': 132, 'Precision': '0.97 (89 / 89 + 3)', 'Recall': '0.99 (89 / 89 + 1)', 'F1': '0.98 (2 * (0.99 * 0.97) / 0.99 + 0.97)', 'Specificity': '0.98 (132 / 132 + 3)', 'AUC': 0.98, 'r2': 0.93}
2023-05-30 21:22:33,375 [INFO] Save test_prediction_log data...
2023-05-30 21:22:33,409 [INFO] {'Data': 'test', 'ACC': '0.68 (152 / 225)', 'TP': 60, 'FP': 43, 'FN': 30, 'TN': 92, 'Precision': '0.58 (60 / 60 + 43)', 'Recall': '0.67 (60 / 60 + 30)', 'F1': '0.62 (2 * (0.67 * 0.58) / 0.67 + 0.58)', 'Specificity': '0.68 (92 / 92 + 43)', 'AUC': 0.67, 'r2': -0.35}
2023-05-30 21:22:33,412 [INFO] Save training_log data...
2023-05-30 21:22:33,418 [INFO] Save score_log data...
2023-05-30 21:22:33,418 [INFO] Time : 728.5926706790924
