2023-05-29 14:03:30,596 [INFO] Train data : Vary_params_BRAF_MK14\DUD-E\BRAF\nG1_80\ECFP6_256bits\Robust\BRAF_train_vector.tsv
2023-05-29 14:03:30,596 [INFO] Valid data : Vary_params_BRAF_MK14\DUD-E\BRAF\nG1_80\ECFP6_256bits\Robust\BRAF_valid_vector.tsv
2023-05-29 14:03:30,596 [INFO] Output path : Vary_params_BRAF_MK14\DUD-E\BRAF\nG1_80\ECFP6_256bits\Robust\BRAF_model\MLP
2023-05-29 14:03:30,596 [INFO] Model type : MLP
2023-05-29 14:03:30,597 [INFO] Use cores : 10
2023-05-29 14:03:30,609 [INFO] Start Learning model
2023-05-29 14:03:30,609 [INFO] Train : 171 | Valid : 50
2023-05-29 14:03:30,609 [INFO] Set parameters : {'hidden_layer_sizes': [(50,), (100,), (50, 50), (100, 100)], 'learning_rate': ['constant', 'invscaling', 'adaptive'], 'activation': ['relu', 'identity', 'logistic', 'tanh'], 'solver': ['adam', 'sgd', 'lbfgs'], 'alpha': [0.1, 0.01, 0.001], 'max_iter': [500, 1000], 'early_stopping': [True]}
2023-05-29 14:08:30,185 [INFO] GridSearchCV results :
     mean_valid_accuracy  mean_valid_precision  mean_valid_auc
536             0.959150              0.983333        0.935833
530             0.959150              0.983333        0.935833
539             0.959150              0.983333        0.935833
524             0.959150              0.983333        0.935833
533             0.959150              0.983333        0.935833
..                   ...                   ...             ...
492             0.707516              0.000000        0.500000
561             0.707516              0.000000        0.500000
489             0.707516              0.000000        0.500000
495             0.707516              0.000000        0.500000
564             0.707516              0.000000        0.500000

[864 rows x 3 columns]
2023-05-29 14:08:30,186 [INFO] Best model :
MLPClassifier(activation='logistic', alpha=0.01, early_stopping=True,
              max_iter=500, random_state=42, solver='lbfgs')
2023-05-29 14:08:30,191 [INFO] Save train_prediction_log data...
2023-05-29 14:08:30,194 [INFO] {'Data': 'train', 'ACC': '1.0 (171 / 171)', 'TP': 50, 'FP': 0, 'FN': 0, 'TN': 121, 'Precision': '1.0 (50 / 50 + 0)', 'Recall': '1.0 (50 / 50 + 0)', 'F1': '1.0 (2 * (1.0 * 1.0) / 1.0 + 1.0)', 'Specificity': '1.0 (121 / 121 + 0)', 'AUC': 1.0, 'r2': 1.0}
2023-05-29 14:08:30,198 [INFO] Save valid_prediction_log data...
2023-05-29 14:08:30,200 [INFO] {'Data': 'valid', 'ACC': '0.98 (49 / 50)', 'TP': 19, 'FP': 0, 'FN': 1, 'TN': 30, 'Precision': '1.0 (19 / 19 + 0)', 'Recall': '0.95 (19 / 19 + 1)', 'F1': '0.97 (2 * (0.95 * 1.0) / 0.95 + 1.0)', 'Specificity': '1.0 (30 / 30 + 0)', 'AUC': 0.98, 'r2': 0.92}
2023-05-29 14:08:30,209 [INFO] Save test_prediction_log data...
2023-05-29 14:08:30,227 [INFO] {'Data': 'test', 'ACC': '0.54 (27 / 50)', 'TP': 3, 'FP': 6, 'FN': 17, 'TN': 24, 'Precision': '0.33 (3 / 3 + 6)', 'Recall': '0.15 (3 / 3 + 17)', 'F1': '0.21 (2 * (0.15 * 0.33) / 0.15 + 0.33)', 'Specificity': '0.8 (24 / 24 + 6)', 'AUC': 0.48, 'r2': -0.92}
2023-05-29 14:08:30,229 [INFO] Save training_log data...
2023-05-29 14:08:30,234 [INFO] Save score_log data...
2023-05-29 14:08:30,235 [INFO] Time : 299.6388897895813
