2023-05-28 08:57:34,115 [INFO] Train data : AF_Baseline\DUD-E\EGFR\ECFP4_256bits\Robust\EGFR_train.tsv
2023-05-28 08:57:34,116 [INFO] Valid data : AF_Baseline\DUD-E\EGFR\ECFP4_256bits\Robust\EGFR_valid.tsv
2023-05-28 08:57:34,116 [INFO] Output path : AF_Baseline\DUD-E\EGFR\ECFP4_256bits\Robust\EGFR_model\RF
2023-05-28 08:57:34,116 [INFO] Model type : RF
2023-05-28 08:57:34,116 [INFO] Use cores : 12
2023-05-28 08:57:34,146 [INFO] Start Learning model
2023-05-28 08:57:34,146 [INFO] Train : 870 | Valid : 218
2023-05-28 08:57:34,146 [INFO] Set parameters : {'max_depth': [6, 8, 10, 12], 'max_features': ['sqrt', 'log2'], 'min_samples_leaf': [2, 4, 8, 10], 'min_samples_split': [2, 4, 8, 10], 'n_estimators': [200, 600, 1000]}
2023-05-28 09:01:40,783 [INFO] GridSearchCV results :
     mean_valid_accuracy  mean_valid_precision  mean_valid_auc
192             0.957471              1.000000        0.946975
235             0.950575              1.000000        0.938277
256             0.952874              1.000000        0.941218
255             0.951724              1.000000        0.939748
254             0.952874              1.000000        0.941261
..                   ...                   ...             ...
372             0.947126              0.996875        0.934519
180             0.950575              0.996875        0.938805
282             0.949425              0.996875        0.937376
285             0.949425              0.996875        0.937376
189             0.950575              0.996875        0.938805

[384 rows x 3 columns]
2023-05-28 09:01:40,784 [INFO] Best model :
RandomForestClassifier(class_weight='balanced', max_depth=6, min_samples_leaf=2,
                       n_estimators=600, random_state=42)
2023-05-28 09:01:40,831 [INFO] Save train_prediction_log data...
2023-05-28 09:01:40,836 [INFO] {'Data': 'train', 'ACC': '0.98 (849 / 870)', 'TP': 327, 'FP': 0, 'FN': 21, 'TN': 522, 'Precision': '1.0 (327 / 327 + 0)', 'Recall': '0.94 (327 / 327 + 21)', 'F1': '0.97 (2 * (0.94 * 1.0) / 0.94 + 1.0)', 'Specificity': '1.0 (522 / 522 + 0)', 'AUC': 0.97, 'r2': 0.9}
2023-05-28 09:01:40,863 [INFO] Save valid_prediction_log data...
2023-05-28 09:01:40,865 [INFO] {'Data': 'valid', 'ACC': '0.99 (215 / 218)', 'TP': 84, 'FP': 0, 'FN': 3, 'TN': 131, 'Precision': '1.0 (84 / 84 + 0)', 'Recall': '0.97 (84 / 84 + 3)', 'F1': '0.98 (2 * (0.97 * 1.0) / 0.97 + 1.0)', 'Specificity': '1.0 (131 / 131 + 0)', 'AUC': 0.98, 'r2': 0.94}
2023-05-28 09:01:40,906 [INFO] Save test_prediction_log data...
2023-05-28 09:01:40,908 [INFO] {'Data': 'test', 'ACC': '0.67 (145 / 218)', 'TP': 35, 'FP': 21, 'FN': 52, 'TN': 110, 'Precision': '0.62 (35 / 35 + 21)', 'Recall': '0.4 (35 / 35 + 52)', 'F1': '0.49 (2 * (0.4 * 0.62) / 0.4 + 0.62)', 'Specificity': '0.84 (110 / 110 + 21)', 'AUC': 0.62, 'r2': -0.4}
2023-05-28 09:01:40,999 [INFO] Save training_log data...
2023-05-28 09:01:41,002 [INFO] Save score_log data...
2023-05-28 09:01:41,003 [INFO] Time : 246.8872549533844
