2023-05-29 04:37:39,599 [INFO] Train data : Vary_params\DUD-E\KPCB\nG1_50\ECFP4_256bits\MinMax\KPCB_train_vector.tsv
2023-05-29 04:37:39,599 [INFO] Valid data : Vary_params\DUD-E\KPCB\nG1_50\ECFP4_256bits\MinMax\KPCB_valid_vector.tsv
2023-05-29 04:37:39,599 [INFO] Output path : Vary_params\DUD-E\KPCB\nG1_50\ECFP4_256bits\MinMax\KPCB_model\SVM
2023-05-29 04:37:39,599 [INFO] Model type : SVM
2023-05-29 04:37:39,599 [INFO] Use cores : 11
2023-05-29 04:37:39,614 [INFO] Start Learning model
2023-05-29 04:37:39,614 [INFO] Train : 168 | Valid : 42
2023-05-29 04:37:39,614 [INFO] Set parameters : {'kernel': ['linear', 'rbf'], 'C': [0.01, 0.1, 1, 10, 100, 1000], 'gamma': [0.01, 0.1, 1, 100, 1000]}
2023-05-29 04:37:42,966 [INFO] GridSearchCV results :
    mean_valid_accuracy  mean_valid_precision  mean_valid_auc
43             0.916912              1.000000        0.896429
23             0.911029              1.000000        0.889286
53             0.916912              1.000000        0.896429
33             0.916912              1.000000        0.896429
6              0.964706              0.985714        0.958095
21             0.958824              0.985714        0.950952
0              0.964706              0.985714        0.958095
4              0.964706              0.985714        0.958095
2              0.964706              0.985714        0.958095
8              0.964706              0.985714        0.958095
34             0.970588              0.973214        0.969026
42             0.970588              0.973214        0.969026
32             0.970588              0.973214        0.969026
36             0.970588              0.973214        0.969026
38             0.970588              0.973214        0.969026
40             0.970588              0.973214        0.969026
41             0.970588              0.973214        0.969026
46             0.970588              0.973214        0.969026
44             0.970588              0.973214        0.969026
28             0.970588              0.973214        0.969026
48             0.970588              0.973214        0.969026
50             0.970588              0.973214        0.969026
51             0.970588              0.973214        0.969026
52             0.970588              0.973214        0.969026
54             0.970588              0.973214        0.969026
56             0.970588              0.973214        0.969026
58             0.970588              0.973214        0.969026
31             0.970588              0.973214        0.969026
30             0.970588              0.973214        0.969026
20             0.970588              0.973214        0.969026
14             0.970588              0.973214        0.969026
26             0.970588              0.973214        0.969026
12             0.970588              0.973214        0.969026
24             0.970588              0.973214        0.969026
22             0.970588              0.973214        0.969026
16             0.970588              0.973214        0.969026
10             0.970588              0.973214        0.969026
18             0.970588              0.973214        0.969026
9              0.601471              0.000000        0.500000
11             0.601471              0.000000        0.500000
29             0.601471              0.000000        0.500000
7              0.601471              0.000000        0.500000
13             0.601471              0.000000        0.500000
55             0.601471              0.000000        0.500000
5              0.601471              0.000000        0.500000
57             0.601471              0.000000        0.500000
3              0.601471              0.000000        0.500000
49             0.601471              0.000000        0.500000
15             0.601471              0.000000        0.500000
47             0.601471              0.000000        0.500000
45             0.601471              0.000000        0.500000
1              0.601471              0.000000        0.500000
17             0.601471              0.000000        0.500000
19             0.601471              0.000000        0.500000
39             0.601471              0.000000        0.500000
37             0.601471              0.000000        0.500000
35             0.601471              0.000000        0.500000
25             0.601471              0.000000        0.500000
27             0.601471              0.000000        0.500000
59             0.601471              0.000000        0.500000
2023-05-29 04:37:42,975 [INFO] Best model :
SVC(C=1, gamma=0.1, random_state=42)
2023-05-29 04:37:42,993 [INFO] Save train_prediction_log data...
2023-05-29 04:37:42,997 [INFO] {'Data': 'train', 'ACC': '1.0 (168 / 168)', 'TP': 67, 'FP': 0, 'FN': 0, 'TN': 101, 'Precision': '1.0 (67 / 67 + 0)', 'Recall': '1.0 (67 / 67 + 0)', 'F1': '1.0 (2 * (1.0 * 1.0) / 1.0 + 1.0)', 'Specificity': '1.0 (101 / 101 + 0)', 'AUC': 1.0, 'r2': 1.0}
2023-05-29 04:37:43,003 [INFO] Save valid_prediction_log data...
2023-05-29 04:37:43,007 [INFO] {'Data': 'valid', 'ACC': '1.0 (42 / 42)', 'TP': 17, 'FP': 0, 'FN': 0, 'TN': 25, 'Precision': '1.0 (17 / 17 + 0)', 'Recall': '1.0 (17 / 17 + 0)', 'F1': '1.0 (2 * (1.0 * 1.0) / 1.0 + 1.0)', 'Specificity': '1.0 (25 / 25 + 0)', 'AUC': 1.0, 'r2': 1.0}
2023-05-29 04:37:43,020 [INFO] Save test_prediction_log data...
2023-05-29 04:37:43,025 [INFO] {'Data': 'test', 'ACC': '0.71 (30 / 42)', 'TP': 5, 'FP': 0, 'FN': 12, 'TN': 25, 'Precision': '1.0 (5 / 5 + 0)', 'Recall': '0.29 (5 / 5 + 12)', 'F1': '0.45 (2 * (0.29 * 1.0) / 0.29 + 1.0)', 'Specificity': '1.0 (25 / 25 + 0)', 'AUC': 0.65, 'r2': -0.19}
2023-05-29 04:37:43,029 [INFO] Save training_log data...
2023-05-29 04:37:43,031 [INFO] Save score_log data...
2023-05-29 04:37:43,033 [INFO] Time : 3.433931589126587
