2023-05-28 15:05:17,955 [INFO] Train data : Vary_params_ABL_BRAF_FGFR1\DUD-E\ABL1\nG1_50\ECFP4_256bits\Robust\ABL1_train_vector.tsv
2023-05-28 15:05:17,955 [INFO] Valid data : Vary_params_ABL_BRAF_FGFR1\DUD-E\ABL1\nG1_50\ECFP4_256bits\Robust\ABL1_valid_vector.tsv
2023-05-28 15:05:17,956 [INFO] Output path : Vary_params_ABL_BRAF_FGFR1\DUD-E\ABL1\nG1_50\ECFP4_256bits\Robust\ABL1_model\SVM
2023-05-28 15:05:17,956 [INFO] Model type : SVM
2023-05-28 15:05:17,956 [INFO] Use cores : 18
2023-05-28 15:05:17,969 [INFO] Start Learning model
2023-05-28 15:05:17,969 [INFO] Train : 264 | Valid : 66
2023-05-28 15:05:17,969 [INFO] Set parameters : {'kernel': ['linear', 'rbf'], 'C': [0.01, 0.1, 1, 10, 100, 1000], 'gamma': [0.01, 0.1, 1, 100, 1000]}
2023-05-28 15:05:21,486 [INFO] GridSearchCV results :
    mean_valid_accuracy  mean_valid_precision  mean_valid_auc
0              0.840883               0.79021        0.839167
20             0.840883               0.79021        0.839167
24             0.840883               0.79021        0.839167
26             0.840883               0.79021        0.839167
28             0.840883               0.79021        0.839167
32             0.840883               0.79021        0.839167
34             0.840883               0.79021        0.839167
36             0.840883               0.79021        0.839167
38             0.840883               0.79021        0.839167
40             0.840883               0.79021        0.839167
42             0.840883               0.79021        0.839167
44             0.840883               0.79021        0.839167
46             0.840883               0.79021        0.839167
48             0.840883               0.79021        0.839167
50             0.840883               0.79021        0.839167
52             0.840883               0.79021        0.839167
54             0.840883               0.79021        0.839167
56             0.840883               0.79021        0.839167
58             0.840883               0.79021        0.839167
22             0.840883               0.79021        0.839167
30             0.840883               0.79021        0.839167
10             0.840883               0.79021        0.839167
2              0.840883               0.79021        0.839167
18             0.840883               0.79021        0.839167
8              0.840883               0.79021        0.839167
16             0.840883               0.79021        0.839167
4              0.840883               0.79021        0.839167
12             0.840883               0.79021        0.839167
6              0.840883               0.79021        0.839167
14             0.840883               0.79021        0.839167
49             0.598575               0.00000        0.500000
9              0.598575               0.00000        0.500000
45             0.598575               0.00000        0.500000
47             0.598575               0.00000        0.500000
7              0.598575               0.00000        0.500000
21             0.598575               0.00000        0.500000
43             0.598575               0.00000        0.500000
5              0.598575               0.00000        0.500000
53             0.598575               0.00000        0.500000
55             0.598575               0.00000        0.500000
3              0.598575               0.00000        0.500000
57             0.598575               0.00000        0.500000
51             0.598575               0.00000        0.500000
11             0.598575               0.00000        0.500000
41             0.598575               0.00000        0.500000
19             0.598575               0.00000        0.500000
39             0.598575               0.00000        0.500000
37             0.598575               0.00000        0.500000
13             0.598575               0.00000        0.500000
35             0.598575               0.00000        0.500000
33             0.598575               0.00000        0.500000
15             0.598575               0.00000        0.500000
31             0.598575               0.00000        0.500000
1              0.598575               0.00000        0.500000
29             0.598575               0.00000        0.500000
27             0.598575               0.00000        0.500000
17             0.598575               0.00000        0.500000
25             0.598575               0.00000        0.500000
23             0.598575               0.00000        0.500000
59             0.598575               0.00000        0.500000
2023-05-28 15:05:21,487 [INFO] Best model :
SVC(C=0.01, gamma=0.01, kernel='linear', random_state=42)
2023-05-28 15:05:21,492 [INFO] Save train_prediction_log data...
2023-05-28 15:05:21,497 [INFO] {'Data': 'train', 'ACC': '1.0 (264 / 264)', 'TP': 106, 'FP': 0, 'FN': 0, 'TN': 158, 'Precision': '1.0 (106 / 106 + 0)', 'Recall': '1.0 (106 / 106 + 0)', 'F1': '1.0 (2 * (1.0 * 1.0) / 1.0 + 1.0)', 'Specificity': '1.0 (158 / 158 + 0)', 'AUC': 1.0, 'r2': 1.0}
2023-05-28 15:05:21,502 [INFO] Save valid_prediction_log data...
2023-05-28 15:05:21,505 [INFO] {'Data': 'valid', 'ACC': '0.94 (62 / 66)', 'TP': 26, 'FP': 4, 'FN': 0, 'TN': 36, 'Precision': '0.87 (26 / 26 + 4)', 'Recall': '1.0 (26 / 26 + 0)', 'F1': '0.93 (2 * (1.0 * 0.87) / 1.0 + 0.87)', 'Specificity': '0.9 (36 / 36 + 4)', 'AUC': 0.95, 'r2': 0.75}
2023-05-28 15:05:21,515 [INFO] Save test_prediction_log data...
2023-05-28 15:05:21,517 [INFO] {'Data': 'test', 'ACC': '0.52 (34 / 66)', 'TP': 11, 'FP': 17, 'FN': 15, 'TN': 23, 'Precision': '0.39 (11 / 11 + 17)', 'Recall': '0.42 (11 / 11 + 15)', 'F1': '0.4 (2 * (0.42 * 0.39) / 0.42 + 0.39)', 'Specificity': '0.57 (23 / 23 + 17)', 'AUC': 0.5, 'r2': -1.03}
2023-05-28 15:05:21,519 [INFO] Save training_log data...
2023-05-28 15:05:21,521 [INFO] Save score_log data...
2023-05-28 15:05:21,522 [INFO] Time : 3.5670504570007324
