2023-05-29 01:06:44,197 [INFO] Train data : Vary_params\DUD-E\KPCB\nG1_20\ECFP4_512bits\MinMax\KPCB_train_vector.tsv
2023-05-29 01:06:44,198 [INFO] Valid data : Vary_params\DUD-E\KPCB\nG1_20\ECFP4_512bits\MinMax\KPCB_valid_vector.tsv
2023-05-29 01:06:44,198 [INFO] Output path : Vary_params\DUD-E\KPCB\nG1_20\ECFP4_512bits\MinMax\KPCB_model\RF
2023-05-29 01:06:44,198 [INFO] Model type : RF
2023-05-29 01:06:44,198 [INFO] Use cores : 11
2023-05-29 01:06:44,248 [INFO] Start Learning model
2023-05-29 01:06:44,248 [INFO] Train : 198 | Valid : 42
2023-05-29 01:06:44,248 [INFO] Set parameters : {'max_depth': [6, 8, 10, 12], 'max_features': ['sqrt', 'log2'], 'min_samples_leaf': [2, 4, 8, 10], 'min_samples_split': [2, 4, 8, 10], 'n_estimators': [200, 600, 1000]}
2023-05-29 01:12:44,702 [INFO] GridSearchCV results :
     mean_valid_accuracy  mean_valid_precision  mean_valid_auc
0                  0.940                 1.000           0.940
247                0.950                 1.000           0.950
259                0.930                 1.000           0.930
257                0.930                 1.000           0.930
256                0.930                 1.000           0.930
..                   ...                   ...             ...
165                0.925                 0.975           0.925
258                0.925                 0.975           0.925
261                0.925                 0.975           0.925
162                0.925                 0.975           0.925
357                0.925                 0.975           0.925

[384 rows x 3 columns]
2023-05-29 01:12:44,704 [INFO] Best model :
RandomForestClassifier(class_weight='balanced', max_depth=6, min_samples_leaf=2,
                       n_estimators=200, random_state=42)
2023-05-29 01:12:44,724 [INFO] Save train_prediction_log data...
2023-05-29 01:12:44,729 [INFO] {'Data': 'train', 'ACC': '0.98 (194 / 198)', 'TP': 93, 'FP': 0, 'FN': 4, 'TN': 101, 'Precision': '1.0 (93 / 93 + 0)', 'Recall': '0.96 (93 / 93 + 4)', 'F1': '0.98 (2 * (0.96 * 1.0) / 0.96 + 1.0)', 'Specificity': '1.0 (101 / 101 + 0)', 'AUC': 0.98, 'r2': 0.92}
2023-05-29 01:12:44,746 [INFO] Save valid_prediction_log data...
2023-05-29 01:12:44,749 [INFO] {'Data': 'valid', 'ACC': '1.0 (42 / 42)', 'TP': 17, 'FP': 0, 'FN': 0, 'TN': 25, 'Precision': '1.0 (17 / 17 + 0)', 'Recall': '1.0 (17 / 17 + 0)', 'F1': '1.0 (2 * (1.0 * 1.0) / 1.0 + 1.0)', 'Specificity': '1.0 (25 / 25 + 0)', 'AUC': 1.0, 'r2': 1.0}
2023-05-29 01:12:44,786 [INFO] Save test_prediction_log data...
2023-05-29 01:12:44,791 [INFO] {'Data': 'test', 'ACC': '0.79 (33 / 42)', 'TP': 9, 'FP': 1, 'FN': 8, 'TN': 24, 'Precision': '0.9 (9 / 9 + 1)', 'Recall': '0.53 (9 / 9 + 8)', 'F1': '0.67 (2 * (0.53 * 0.9) / 0.53 + 0.9)', 'Specificity': '0.96 (24 / 24 + 1)', 'AUC': 0.74, 'r2': 0.11}
2023-05-29 01:12:44,836 [INFO] Save training_log data...
2023-05-29 01:12:44,839 [INFO] Save score_log data...
2023-05-29 01:12:44,840 [INFO] Time : 360.64297342300415
