2023-05-29 11:21:56,476 [INFO] Train data : Vary_params_CDK2_EGFR_LCK\DUD-E\LCK\nG1_50\ECFP6_512bits\Standard\LCK_train_vector.tsv
2023-05-29 11:21:56,476 [INFO] Valid data : Vary_params_CDK2_EGFR_LCK\DUD-E\LCK\nG1_50\ECFP6_512bits\Standard\LCK_valid_vector.tsv
2023-05-29 11:21:56,477 [INFO] Output path : Vary_params_CDK2_EGFR_LCK\DUD-E\LCK\nG1_50\ECFP6_512bits\Standard\LCK_model\MLP
2023-05-29 11:21:56,477 [INFO] Model type : MLP
2023-05-29 11:21:56,477 [INFO] Use cores : 19
2023-05-29 11:21:56,541 [INFO] Start Learning model
2023-05-29 11:21:56,541 [INFO] Train : 736 | Valid : 185
2023-05-29 11:21:56,541 [INFO] Set parameters : {'hidden_layer_sizes': [(50,), (100,), (50, 50), (100, 100)], 'learning_rate': ['constant', 'invscaling', 'adaptive'], 'activation': ['relu', 'identity', 'logistic', 'tanh'], 'solver': ['adam', 'sgd', 'lbfgs'], 'alpha': [0.1, 0.01, 0.001], 'max_iter': [500, 1000], 'early_stopping': [True]}
2023-05-29 11:26:31,312 [INFO] GridSearchCV results :
     mean_valid_accuracy  mean_valid_precision  mean_valid_auc
20              0.971492              0.976552         0.96845
35              0.971492              0.976552         0.96845
32              0.971492              0.976552         0.96845
29              0.971492              0.976552         0.96845
26              0.971492              0.976552         0.96845
..                   ...                   ...             ...
484             0.600555              0.000000         0.50000
481             0.600555              0.000000         0.50000
625             0.600555              0.000000         0.50000
478             0.600555              0.000000         0.50000
499             0.600555              0.000000         0.50000

[864 rows x 3 columns]
2023-05-29 11:26:31,313 [INFO] Best model :
MLPClassifier(alpha=0.1, early_stopping=True, max_iter=500, random_state=42,
              solver='lbfgs')
2023-05-29 11:26:31,320 [INFO] Save train_prediction_log data...
2023-05-29 11:26:31,324 [INFO] {'Data': 'train', 'ACC': '1.0 (736 / 736)', 'TP': 294, 'FP': 0, 'FN': 0, 'TN': 442, 'Precision': '1.0 (294 / 294 + 0)', 'Recall': '1.0 (294 / 294 + 0)', 'F1': '1.0 (2 * (1.0 * 1.0) / 1.0 + 1.0)', 'Specificity': '1.0 (442 / 442 + 0)', 'AUC': 1.0, 'r2': 1.0}
2023-05-29 11:26:31,328 [INFO] Save valid_prediction_log data...
2023-05-29 11:26:31,330 [INFO] {'Data': 'valid', 'ACC': '0.96 (178 / 185)', 'TP': 74, 'FP': 7, 'FN': 0, 'TN': 104, 'Precision': '0.91 (74 / 74 + 7)', 'Recall': '1.0 (74 / 74 + 0)', 'F1': '0.95 (2 * (1.0 * 0.91) / 1.0 + 0.91)', 'Specificity': '0.94 (104 / 104 + 7)', 'AUC': 0.97, 'r2': 0.84}
2023-05-29 11:26:31,354 [INFO] Save test_prediction_log data...
2023-05-29 11:26:31,356 [INFO] {'Data': 'test', 'ACC': '0.67 (124 / 185)', 'TP': 46, 'FP': 33, 'FN': 28, 'TN': 78, 'Precision': '0.58 (46 / 46 + 33)', 'Recall': '0.62 (46 / 46 + 28)', 'F1': '0.6 (2 * (0.62 * 0.58) / 0.62 + 0.58)', 'Specificity': '0.7 (78 / 78 + 33)', 'AUC': 0.66, 'r2': -0.37}
2023-05-29 11:26:31,358 [INFO] Save training_log data...
2023-05-29 11:26:31,363 [INFO] Save score_log data...
2023-05-29 11:26:31,364 [INFO] Time : 274.88758754730225
