2023-05-28 09:40:30,736 [INFO] Train data : Vary_params\DUD-E\WEE1\nG1_80\ECFP4_256bits\Robust\WEE1_train_vector.tsv
2023-05-28 09:40:30,736 [INFO] Valid data : Vary_params\DUD-E\WEE1\nG1_80\ECFP4_256bits\Robust\WEE1_valid_vector.tsv
2023-05-28 09:40:30,737 [INFO] Output path : Vary_params\DUD-E\WEE1\nG1_80\ECFP4_256bits\Robust\WEE1_model\MLP
2023-05-28 09:40:30,737 [INFO] Model type : MLP
2023-05-28 09:40:30,737 [INFO] Use cores : 10
2023-05-28 09:40:30,749 [INFO] Start Learning model
2023-05-28 09:40:30,749 [INFO] Train : 71 | Valid : 25
2023-05-28 09:40:30,749 [INFO] Set parameters : {'hidden_layer_sizes': [(50,), (100,), (50, 50), (100, 100)], 'learning_rate': ['constant', 'invscaling', 'adaptive'], 'activation': ['relu', 'identity', 'logistic', 'tanh'], 'solver': ['adam', 'sgd', 'lbfgs'], 'alpha': [0.1, 0.01, 0.001], 'max_iter': [500, 1000], 'early_stopping': [True]}
2023-05-28 09:42:27,053 [INFO] GridSearchCV results :
     mean_valid_accuracy  mean_valid_precision  mean_valid_auc
863             0.985714                   0.9        0.950000
527             0.985714                   0.9        0.950000
170             0.985714                   0.9        0.950000
554             0.985714                   0.9        0.950000
551             0.985714                   0.9        0.950000
..                   ...                   ...             ...
424             0.832143                   0.0        0.484524
645             0.844643                   0.0        0.491667
549             0.844643                   0.0        0.491667
454             0.803571                   0.0        0.467857
612             0.844643                   0.0        0.491667

[864 rows x 3 columns]
2023-05-28 09:42:27,055 [INFO] Best model :
MLPClassifier(alpha=0.1, early_stopping=True, hidden_layer_sizes=(50,),
              max_iter=500, random_state=42, solver='lbfgs')
2023-05-28 09:42:27,060 [INFO] Save train_prediction_log data...
2023-05-28 09:42:27,065 [INFO] {'Data': 'train', 'ACC': '1.0 (71 / 71)', 'TP': 10, 'FP': 0, 'FN': 0, 'TN': 61, 'Precision': '1.0 (10 / 10 + 0)', 'Recall': '1.0 (10 / 10 + 0)', 'F1': '1.0 (2 * (1.0 * 1.0) / 1.0 + 1.0)', 'Specificity': '1.0 (61 / 61 + 0)', 'AUC': 1.0, 'r2': 1.0}
2023-05-28 09:42:27,070 [INFO] Save valid_prediction_log data...
2023-05-28 09:42:27,073 [INFO] {'Data': 'valid', 'ACC': '1.0 (25 / 25)', 'TP': 10, 'FP': 0, 'FN': 0, 'TN': 15, 'Precision': '1.0 (10 / 10 + 0)', 'Recall': '1.0 (10 / 10 + 0)', 'F1': '1.0 (2 * (1.0 * 1.0) / 1.0 + 1.0)', 'Specificity': '1.0 (15 / 15 + 0)', 'AUC': 1.0, 'r2': 1.0}
2023-05-28 09:42:27,090 [INFO] Save test_prediction_log data...
2023-05-28 09:42:27,094 [INFO] {'Data': 'test', 'ACC': '0.72 (18 / 25)', 'TP': 4, 'FP': 1, 'FN': 6, 'TN': 14, 'Precision': '0.8 (4 / 4 + 1)', 'Recall': '0.4 (4 / 4 + 6)', 'F1': '0.53 (2 * (0.4 * 0.8) / 0.4 + 0.8)', 'Specificity': '0.93 (14 / 14 + 1)', 'AUC': 0.67, 'r2': -0.17}
2023-05-28 09:42:27,097 [INFO] Save training_log data...
2023-05-28 09:42:27,103 [INFO] Save score_log data...
2023-05-28 09:42:27,105 [INFO] Time : 116.36902046203613
