2023-05-26 10:58:50,203 [INFO] Train data : Baseline\DUD-E\AKT1\ECFP4_256bits\Robust\AKT1_train.tsv
2023-05-26 10:58:50,203 [INFO] Valid data : Baseline\DUD-E\AKT1\ECFP4_256bits\Robust\AKT1_valid.tsv
2023-05-26 10:58:50,203 [INFO] Output path : Baseline\DUD-E\AKT1\ECFP4_256bits\Robust\AKT1_model\MLP
2023-05-26 10:58:50,203 [INFO] Model type : MLP
2023-05-26 10:58:50,203 [INFO] Use cores : 12
2023-05-26 10:58:50,219 [INFO] Start Learning model
2023-05-26 10:58:50,219 [INFO] Train : 481 | Valid : 120
2023-05-26 10:58:50,219 [INFO] Set parameters : {'hidden_layer_sizes': [(50,), (100,), (50, 50), (100, 100)], 'learning_rate': ['constant', 'invscaling', 'adaptive'], 'activation': ['relu', 'identity', 'logistic', 'tanh'], 'solver': ['adam', 'sgd', 'lbfgs'], 'alpha': [0.1, 0.01, 0.001], 'max_iter': [500, 1000], 'early_stopping': [True]}
2023-05-26 11:00:46,826 [INFO] GridSearchCV results :
     mean_valid_accuracy  mean_valid_precision  mean_valid_auc
189              0.91909                   1.0        0.899211
111              0.91909                   1.0        0.899211
42               0.91909                   1.0        0.899211
45               0.91909                   1.0        0.899211
48               0.91909                   1.0        0.899211
..                   ...                   ...             ...
621              0.60085                   0.0        0.500000
457              0.60085                   0.0        0.500000
486              0.60085                   0.0        0.500000
619              0.60085                   0.0        0.500000
526              0.60085                   0.0        0.500000

[864 rows x 3 columns]
2023-05-26 11:00:46,827 [INFO] Best model :
MLPClassifier(alpha=0.1, early_stopping=True, hidden_layer_sizes=(50, 50),
              max_iter=500, random_state=42)
2023-05-26 11:00:46,832 [INFO] Save train_prediction_log data...
2023-05-26 11:00:46,835 [INFO] {'Data': 'train', 'ACC': '0.94 (452 / 481)', 'TP': 163, 'FP': 0, 'FN': 29, 'TN': 289, 'Precision': '1.0 (163 / 163 + 0)', 'Recall': '0.85 (163 / 163 + 29)', 'F1': '0.92 (2 * (0.85 * 1.0) / 0.85 + 1.0)', 'Specificity': '1.0 (289 / 289 + 0)', 'AUC': 0.92, 'r2': 0.75}
2023-05-26 11:00:46,838 [INFO] Save valid_prediction_log data...
2023-05-26 11:00:46,840 [INFO] {'Data': 'valid', 'ACC': '0.99 (119 / 120)', 'TP': 48, 'FP': 1, 'FN': 0, 'TN': 71, 'Precision': '0.98 (48 / 48 + 1)', 'Recall': '1.0 (48 / 48 + 0)', 'F1': '0.99 (2 * (1.0 * 0.98) / 1.0 + 0.98)', 'Specificity': '0.99 (71 / 71 + 1)', 'AUC': 0.99, 'r2': 0.97}
2023-05-26 11:00:46,849 [INFO] Save test_prediction_log data...
2023-05-26 11:00:46,851 [INFO] {'Data': 'test', 'ACC': '0.67 (80 / 120)', 'TP': 11, 'FP': 3, 'FN': 37, 'TN': 69, 'Precision': '0.79 (11 / 11 + 3)', 'Recall': '0.23 (11 / 11 + 37)', 'F1': '0.36 (2 * (0.23 * 0.79) / 0.23 + 0.79)', 'Specificity': '0.96 (69 / 69 + 3)', 'AUC': 0.59, 'r2': -0.39}
2023-05-26 11:00:46,854 [INFO] Save training_log data...
2023-05-26 11:00:46,858 [INFO] Save score_log data...
2023-05-26 11:00:46,859 [INFO] Time : 116.65583801269531
