2023-04-06 07:52:43,803 [INFO] Train data : D:\PARK\Lab\Database\ADis-QSAR_final\data\DUDE\AKT2\ECFP4_256bits\preprocessing\AKT2_train_vector.tsv
2023-04-06 07:52:43,803 [INFO] Test data : D:\PARK\Lab\Database\ADis-QSAR_final\data\DUDE\AKT2\ECFP4_256bits\preprocessing\AKT2_test_vector.tsv
2023-04-06 07:52:43,803 [INFO] Output path : D:\PARK\Lab\Database\ADis-QSAR_final\data\DUDE\AKT2\ECFP4_256bits\AKT2_model\SVM
2023-04-06 07:52:43,803 [INFO] Model type : SVM
2023-04-06 07:52:43,803 [INFO] Use cores : 10
2023-04-06 07:52:43,814 [INFO] Start Learning model
2023-04-06 07:52:43,814 [INFO] Train : 129 | Test : 32
2023-04-06 07:52:43,814 [INFO] Set parameters : {'C': [0.01, 0.1, 1, 10, 100, 1000], 'gamma': [0.01, 0.1, 1, 100, 1000]}
2023-04-06 07:52:45,924 [INFO] GridSearchCV results :
    mean_valid_accuracy  mean_valid_precision  mean_valid_auc
0               0.58141                   0.0             0.5
1               0.58141                   0.0             0.5
28              0.58141                   0.0             0.5
27              0.58141                   0.0             0.5
26              0.58141                   0.0             0.5
25              0.58141                   0.0             0.5
24              0.58141                   0.0             0.5
23              0.58141                   0.0             0.5
22              0.58141                   0.0             0.5
21              0.58141                   0.0             0.5
20              0.58141                   0.0             0.5
19              0.58141                   0.0             0.5
18              0.58141                   0.0             0.5
17              0.58141                   0.0             0.5
16              0.58141                   0.0             0.5
15              0.58141                   0.0             0.5
14              0.58141                   0.0             0.5
13              0.58141                   0.0             0.5
12              0.58141                   0.0             0.5
11              0.58141                   0.0             0.5
10              0.58141                   0.0             0.5
9               0.58141                   0.0             0.5
8               0.58141                   0.0             0.5
7               0.58141                   0.0             0.5
6               0.58141                   0.0             0.5
5               0.58141                   0.0             0.5
4               0.58141                   0.0             0.5
3               0.58141                   0.0             0.5
2               0.58141                   0.0             0.5
29              0.58141                   0.0             0.5
2023-04-06 07:52:45,925 [INFO] Best model :
SVC(C=0.01, gamma=0.01, random_state=42)
2023-04-06 07:52:45,931 [INFO] Save train_prediction_log data...
2023-04-06 07:52:45,933 [INFO] {'Data': 'train', 'ACC': '0.58 (75 / 129)', 'TP': 0, 'FP': 0, 'FN': 54, 'TN': 75, 'Precision': '0 (0 / 0 + 0)', 'Recall': '0 (0 / 0 + 54)', 'F1': '0 (2 * (0 * 0) / 0 + 0)', 'Specificity': '1.0 (75 / 75 + 0)', 'AUC': 0.5, 'r2': -0.72}
2023-04-06 07:52:45,937 [INFO] Save test_prediction_log data...
2023-04-06 07:52:45,939 [INFO] {'Data': 'test', 'ACC': '0.59 (19 / 32)', 'TP': 0, 'FP': 0, 'FN': 13, 'TN': 19, 'Precision': '0 (0 / 0 + 0)', 'Recall': '0 (0 / 0 + 13)', 'F1': '0 (2 * (0 * 0) / 0 + 0)', 'Specificity': '1.0 (19 / 19 + 0)', 'AUC': 0.5, 'r2': -0.68}
2023-04-06 07:52:45,947 [INFO] Save ext_prediction_log data...
2023-04-06 07:52:45,949 [INFO] {'Data': 'ext', 'ACC': '0.59 (19 / 32)', 'TP': 0, 'FP': 0, 'FN': 13, 'TN': 19, 'Precision': '0 (0 / 0 + 0)', 'Recall': '0 (0 / 0 + 13)', 'F1': '0 (2 * (0 * 0) / 0 + 0)', 'Specificity': '1.0 (19 / 19 + 0)', 'AUC': 0.5, 'r2': -0.68}
2023-04-06 07:52:45,951 [INFO] Save training_log data...
2023-04-06 07:52:45,952 [INFO] Save score_log data...
2023-04-06 07:52:45,953 [INFO] Time : 2.150513172149658
