2023-05-29 18:56:25,633 [INFO] Train data : Vary_params_BRAF_MK14\DUD-E\MK14\nG1_20\ECFP4_512bits\Robust\MK14_train_vector.tsv
2023-05-29 18:56:25,633 [INFO] Valid data : Vary_params_BRAF_MK14\DUD-E\MK14\nG1_20\ECFP4_512bits\Robust\MK14_valid_vector.tsv
2023-05-29 18:56:25,633 [INFO] Output path : Vary_params_BRAF_MK14\DUD-E\MK14\nG1_20\ECFP4_512bits\Robust\MK14_model\MLP
2023-05-29 18:56:25,633 [INFO] Model type : MLP
2023-05-29 18:56:25,633 [INFO] Use cores : 10
2023-05-29 18:56:25,679 [INFO] Start Learning model
2023-05-29 18:56:25,679 [INFO] Train : 931 | Valid : 225
2023-05-29 18:56:25,679 [INFO] Set parameters : {'hidden_layer_sizes': [(50,), (100,), (50, 50), (100, 100)], 'learning_rate': ['constant', 'invscaling', 'adaptive'], 'activation': ['relu', 'identity', 'logistic', 'tanh'], 'solver': ['adam', 'sgd', 'lbfgs'], 'alpha': [0.1, 0.01, 0.001], 'max_iter': [500, 1000], 'early_stopping': [True]}
2023-05-29 19:09:34,159 [INFO] GridSearchCV results :
     mean_valid_accuracy  mean_valid_precision  mean_valid_auc
543             0.966724              0.989474        0.961681
540             0.966724              0.989474        0.961681
618             0.966724              0.989474        0.961681
621             0.966724              0.989474        0.961681
624             0.966724              0.989474        0.961681
..                   ...                   ...             ...
568             0.581091              0.000000        0.500000
544             0.581091              0.000000        0.500000
628             0.581091              0.000000        0.500000
541             0.581091              0.000000        0.500000
499             0.581091              0.000000        0.500000

[864 rows x 3 columns]
2023-05-29 19:09:34,160 [INFO] Best model :
MLPClassifier(activation='logistic', alpha=0.1, early_stopping=True,
              hidden_layer_sizes=(50, 50), max_iter=500, random_state=42)
2023-05-29 19:09:34,182 [INFO] Save train_prediction_log data...
2023-05-29 19:09:34,186 [INFO] {'Data': 'train', 'ACC': '1.0 (928 / 931)', 'TP': 388, 'FP': 1, 'FN': 2, 'TN': 540, 'Precision': '1.0 (388 / 388 + 1)', 'Recall': '0.99 (388 / 388 + 2)', 'F1': '0.99 (2 * (0.99 * 1.0) / 0.99 + 1.0)', 'Specificity': '1.0 (540 / 540 + 1)', 'AUC': 1.0, 'r2': 0.99}
2023-05-29 19:09:34,193 [INFO] Save valid_prediction_log data...
2023-05-29 19:09:34,195 [INFO] {'Data': 'valid', 'ACC': '0.97 (219 / 225)', 'TP': 88, 'FP': 4, 'FN': 2, 'TN': 131, 'Precision': '0.96 (88 / 88 + 4)', 'Recall': '0.98 (88 / 88 + 2)', 'F1': '0.97 (2 * (0.98 * 0.96) / 0.98 + 0.96)', 'Specificity': '0.97 (131 / 131 + 4)', 'AUC': 0.97, 'r2': 0.89}
2023-05-29 19:09:34,220 [INFO] Save test_prediction_log data...
2023-05-29 19:09:34,223 [INFO] {'Data': 'test', 'ACC': '0.68 (152 / 225)', 'TP': 67, 'FP': 50, 'FN': 23, 'TN': 85, 'Precision': '0.57 (67 / 67 + 50)', 'Recall': '0.74 (67 / 67 + 23)', 'F1': '0.64 (2 * (0.74 * 0.57) / 0.74 + 0.57)', 'Specificity': '0.63 (85 / 85 + 50)', 'AUC': 0.69, 'r2': -0.35}
2023-05-29 19:09:34,607 [INFO] Save training_log data...
2023-05-29 19:09:34,698 [INFO] Save score_log data...
2023-05-29 19:09:34,699 [INFO] Time : 789.0657162666321
